=========================================
Job:       train_No_Conf_vit  (449198)
Node:      bigpu03
Started:   Wed Jun 24 05:00:50 PM CEST 2026
=========================================
[INFO] No HF token found at /users/jlacmou/.hf_token — downloads may be slow.
[INFO] No kaggle.json found in 20260623-process. Relying on ~/.kaggle/ or env vars.
[SETUP] Installing / verifying Python dependencies...

── GPU info ──────────────────────────────
Tesla V100-PCIE-32GB, 32768 MiB, 575.57.08
PyTorch : 2.12.1+cu126
CUDA    : 12.6
Devices : 1
GPU 0   : Tesla V100-PCIE-32GB
VRAM    : 34.1 GB
──────────────────────────────────────────

[CHECK] Validating dataset roots...
  [OK]      20260623-process/data/datasets/asosenge/hibaskinlesionsdataset-main
  [OK]      20260623-process/data/datasets/asosenge/fitzpatrick17k
  [OK]      20260623-process/data/datasets/asosenge/derm7pt
  [OK]      20260623-process/data/datasets/mahdavi1202/skin-cancer
  [OK]      20260623-process/data/datasets/sengenjih/isic2019

[CONVERT] Converting notebook to Python script...
[PATCH] Redirecting Kaggle paths → cluster paths...
  DATA_ROOT  → 20260623-process/data/datasets
  WORK_ROOT  → 20260623-process/outputs_No_Conf_vit
  BB_CACHE   → 20260623-process/backbone_cache
  Patch applied successfully.

[RUN] Starting training — Wed Jun 24 05:00:59 PM CEST 2026
=========================================
Device: cuda
Checking configured paths:
  WORK_ROOT : outputs_No_Conf_vit  [OK]
  CSV_DIR   : outputs_No_Conf_vit/csvs  [OK]
  hiba           : 20260623-process/data/datasets/asosenge/hibaskinlesionsdataset-main/HIBASkinLesionsDataset-main/images  [OK]
  fitzpatrick17k : 20260623-process/data/datasets/asosenge/fitzpatrick17k/fitzpatrick17k/data/finalfitz17k  [OK]
  derm7pt        : 20260623-process/data/datasets/asosenge/derm7pt/release_v0/images  [OK]
  padufes20      : 20260623-process/data/datasets/mahdavi1202/skin-cancer  [OK]
  isic2019       : 20260623-process/data/datasets/sengenjih/isic2019  [OK]
CSV dir:        outputs_No_Conf_vit/csvs
Checkpoints:    outputs_No_Conf_vit/checkpoints_No_Conf_vit
Results:        outputs_No_Conf_vit/results_No_Conf_vit
Num classes:    3  (melanoma, nevus, basal cell carcinoma)
Dataset roots:
  hiba           : 20260623-process/data/datasets/asosenge/hibaskinlesionsdataset-main/HIBASkinLesionsDataset-main/images
  fitzpatrick17k : 20260623-process/data/datasets/asosenge/fitzpatrick17k/fitzpatrick17k/data/finalfitz17k
  derm7pt        : 20260623-process/data/datasets/asosenge/derm7pt/release_v0/images
  padufes20      : 20260623-process/data/datasets/mahdavi1202/skin-cancer
  isic2019       : 20260623-process/data/datasets/sengenjih/isic2019
[INFO] Built image map for hiba: 1616 entries
[INFO] Built image map for fitzpatrick17k: 16577 entries
[INFO] Built image map for derm7pt: 2013 entries
[INFO] Built image map for padufes20: 2298 entries
[INFO] Built image map for isic2019: 33569 entries
[INFO] paired_train: loaded 738 ID-matched pairs from split clin/derm CSVs
[INFO] paired_val: loaded 106 ID-matched pairs from split clin/derm CSVs
[INFO] paired_test: loaded 211 ID-matched pairs from split clin/derm CSVs
[INFO] Loaded fitzpatrick17k eval set: 1727 samples
[INFO] Loaded padufes20 eval set: 1141 samples
[INFO] Loaded isic2019 eval set: 25517 samples
Train batches: 41, Val batches: 6
Test batches: 33
Cross-eval loaders: ['fitzpatrick17k', 'padufes20', 'isic2019']
Class weights: [0.819 0.385 1.796]
Running Validation...
Ep   1/50  loss=6.2478  tr_acc=0.3826  val_acc=0.2434  val_auroc=0.6390  val_f1=0.2345  paired=1.00  lr=3.40e-05
Running Validation...
Ep   2/50  loss=5.5350  tr_acc=0.4566  val_acc=0.3122  val_auroc=0.7544  val_f1=0.3174  paired=1.00  lr=5.10e-05
Running Validation...
Ep   3/50  loss=4.9497  tr_acc=0.5130  val_acc=0.4868  val_auroc=0.8267  val_f1=0.5075  paired=1.00  lr=6.80e-05
Running Validation...
Ep   4/50  loss=4.5547  tr_acc=0.6463  val_acc=0.5979  val_auroc=0.8478  val_f1=0.6062  paired=1.00  lr=8.50e-05
Running Validation...
Ep   5/50  loss=4.3194  tr_acc=0.7294  val_acc=0.4762  val_auroc=0.8738  val_f1=0.5044  paired=1.00  lr=8.50e-05
Running Validation...
Ep   6/50  loss=4.0724  tr_acc=0.7973  val_acc=0.6720  val_auroc=0.8944  val_f1=0.6491  paired=1.00  lr=8.49e-05
Running Validation...
Ep   7/50  loss=4.0966  tr_acc=0.7957  val_acc=0.7831  val_auroc=0.8844  val_f1=0.7360  paired=1.00  lr=8.46e-05
Running Validation...
Ep   8/50  loss=3.7342  tr_acc=0.8438  val_acc=0.7513  val_auroc=0.8836  val_f1=0.7195  paired=1.00  lr=8.41e-05
Running Validation...
Ep   9/50  loss=3.5578  tr_acc=0.8537  val_acc=0.7884  val_auroc=0.9352  val_f1=0.7500  paired=1.00  lr=8.34e-05
Running Validation...
Ep  10/50  loss=3.3374  tr_acc=0.8720  val_acc=0.7725  val_auroc=0.9022  val_f1=0.7495  paired=1.00  lr=8.24e-05
Running Validation...
Ep  11/50  loss=3.1750  tr_acc=0.8834  val_acc=0.8254  val_auroc=0.9221  val_f1=0.8046  paired=1.00  lr=8.13e-05
Running Validation...
Ep  12/50  loss=3.1367  tr_acc=0.8963  val_acc=0.7566  val_auroc=0.8980  val_f1=0.7265  paired=1.00  lr=8.00e-05
Running Validation...
Ep  13/50  loss=2.9827  tr_acc=0.8887  val_acc=0.8942  val_auroc=0.9430  val_f1=0.8663  paired=1.00  lr=7.85e-05
Running Validation...
Ep  14/50  loss=2.9761  tr_acc=0.9162  val_acc=0.8307  val_auroc=0.9454  val_f1=0.8133  paired=1.00  lr=7.69e-05
Running Validation...
Ep  15/50  loss=2.8266  tr_acc=0.9238  val_acc=0.8201  val_auroc=0.9277  val_f1=0.7906  paired=1.00  lr=7.51e-05
Running Validation...
Ep  16/50  loss=2.8059  tr_acc=0.9291  val_acc=0.8307  val_auroc=0.9227  val_f1=0.8050  paired=1.00  lr=7.31e-05
Running Validation...
Ep  17/50  loss=2.7723  tr_acc=0.9306  val_acc=0.8624  val_auroc=0.9428  val_f1=0.8405  paired=1.00  lr=7.09e-05
Running Validation...
Ep  18/50  loss=2.6705  tr_acc=0.9367  val_acc=0.8360  val_auroc=0.9287  val_f1=0.7821  paired=1.00  lr=6.87e-05
Running Validation...
Ep  19/50  loss=2.6420  tr_acc=0.9444  val_acc=0.8042  val_auroc=0.9406  val_f1=0.8045  paired=1.00  lr=6.63e-05
Running Validation...
Ep  20/50  loss=2.4943  tr_acc=0.9588  val_acc=0.8042  val_auroc=0.9283  val_f1=0.7963  paired=1.00  lr=6.38e-05
Running Validation...
Ep  21/50  loss=2.4600  tr_acc=0.9642  val_acc=0.8413  val_auroc=0.9049  val_f1=0.8027  paired=1.00  lr=6.11e-05
Running Validation...
Ep  22/50  loss=2.4563  tr_acc=0.9535  val_acc=0.8836  val_auroc=0.9437  val_f1=0.8660  paired=1.00  lr=5.84e-05
Running Validation...
Ep  23/50  loss=2.4293  tr_acc=0.9497  val_acc=0.8889  val_auroc=0.9550  val_f1=0.8611  paired=1.00  lr=5.56e-05
Running Validation...
Ep  24/50  loss=2.5381  tr_acc=0.9520  val_acc=0.8730  val_auroc=0.9505  val_f1=0.8424  paired=1.00  lr=5.28e-05
Running Validation...
Ep  25/50  loss=2.4318  tr_acc=0.9535  val_acc=0.8677  val_auroc=0.9234  val_f1=0.8421  paired=1.00  lr=4.99e-05
Running Validation...
Ep  26/50  loss=2.4187  tr_acc=0.9642  val_acc=0.8677  val_auroc=0.9051  val_f1=0.8339  paired=1.00  lr=4.69e-05
Running Validation...
Ep  27/50  loss=2.3008  tr_acc=0.9665  val_acc=0.8571  val_auroc=0.9290  val_f1=0.8265  paired=1.00  lr=4.40e-05
Running Validation...
Ep  28/50  loss=2.2904  tr_acc=0.9695  val_acc=0.8624  val_auroc=0.9334  val_f1=0.8348  paired=1.00  lr=4.10e-05
Running Validation...
Ep  29/50  loss=2.3004  tr_acc=0.9710  val_acc=0.8677  val_auroc=0.9460  val_f1=0.8383  paired=1.00  lr=3.81e-05
Running Validation...
Ep  30/50  loss=2.1811  tr_acc=0.9779  val_acc=0.8889  val_auroc=0.9388  val_f1=0.8721  paired=1.00  lr=3.51e-05
Running Validation...
Ep  31/50  loss=2.1784  tr_acc=0.9733  val_acc=0.8624  val_auroc=0.9363  val_f1=0.8313  paired=1.00  lr=3.22e-05
Running Validation...
Ep  32/50  loss=2.2116  tr_acc=0.9748  val_acc=0.8624  val_auroc=0.9425  val_f1=0.8461  paired=1.00  lr=2.94e-05
Running Validation...
Ep  33/50  loss=2.1657  tr_acc=0.9771  val_acc=0.8783  val_auroc=0.9426  val_f1=0.8606  paired=1.00  lr=2.66e-05
Running Validation...
Ep  34/50  loss=2.1004  tr_acc=0.9863  val_acc=0.8730  val_auroc=0.9457  val_f1=0.8576  paired=1.00  lr=2.39e-05
Running Validation...
Ep  35/50  loss=2.1568  tr_acc=0.9855  val_acc=0.8730  val_auroc=0.9358  val_f1=0.8610  paired=1.00  lr=2.13e-05
Running Validation...
Ep  36/50  loss=2.0714  tr_acc=0.9870  val_acc=0.8836  val_auroc=0.9390  val_f1=0.8820  paired=1.00  lr=1.87e-05
Running Validation...
Ep  37/50  loss=2.0585  tr_acc=0.9886  val_acc=0.8836  val_auroc=0.9398  val_f1=0.8697  paired=1.00  lr=1.63e-05
Running Validation...
Ep  38/50  loss=2.0579  tr_acc=0.9840  val_acc=0.8783  val_auroc=0.9474  val_f1=0.8612  paired=1.00  lr=1.41e-05
Running Validation...
Ep  39/50  loss=2.0684  tr_acc=0.9855  val_acc=0.8889  val_auroc=0.9423  val_f1=0.8775  paired=1.00  lr=1.19e-05
Running Validation...
Ep  40/50  loss=2.0650  tr_acc=0.9886  val_acc=0.8942  val_auroc=0.9420  val_f1=0.8741  paired=1.00  lr=9.94e-06
Running Validation...
Ep  41/50  loss=2.0412  tr_acc=0.9924  val_acc=0.8889  val_auroc=0.9330  val_f1=0.8744  paired=1.00  lr=8.12e-06
Running Validation...
Ep  42/50  loss=2.0868  tr_acc=0.9840  val_acc=0.8995  val_auroc=0.9344  val_f1=0.8939  paired=1.00  lr=6.46e-06
Running Validation...
Ep  43/50  loss=2.0438  tr_acc=0.9886  val_acc=0.8995  val_auroc=0.9329  val_f1=0.8928  paired=1.00  lr=4.97e-06
Running Validation...
Ep  44/50  loss=2.0273  tr_acc=0.9939  val_acc=0.9048  val_auroc=0.9401  val_f1=0.8972  paired=1.00  lr=3.67e-06
Running Validation...
Ep  45/50  loss=2.0378  tr_acc=0.9855  val_acc=0.8836  val_auroc=0.9396  val_f1=0.8691  paired=1.00  lr=2.56e-06
Running Validation...
Ep  46/50  loss=2.0251  tr_acc=0.9870  val_acc=0.8995  val_auroc=0.9497  val_f1=0.8894  paired=1.00  lr=1.65e-06
Running Validation...
Ep  47/50  loss=2.0290  tr_acc=0.9909  val_acc=0.9101  val_auroc=0.9419  val_f1=0.9027  paired=1.00  lr=9.29e-07
Running Validation...
Ep  48/50  loss=2.0337  tr_acc=0.9840  val_acc=0.9048  val_auroc=0.9439  val_f1=0.8993  paired=1.00  lr=8.50e-07
Running Validation...
Ep  49/50  loss=2.0449  tr_acc=0.9931  val_acc=0.8995  val_auroc=0.9427  val_f1=0.8939  paired=1.00  lr=8.50e-07
Running Validation...
Ep  50/50  loss=2.0571  tr_acc=0.9909  val_acc=0.8942  val_auroc=0.9440  val_f1=0.8839  paired=1.00  lr=8.50e-07
Training complete. Best AUROC: 0.9550, Best F1: 0.9027
Loaded best model from best_f1_model.pt (epoch 47)
Running Validation (final)...
