=========================================
Job:       train_BASE+Conf_vit  (449189)
Node:      bigpu03
Started:   Wed Jun 24 11:50:31 AM CEST 2026
=========================================
[INFO] No HF token found at /users/jlacmou/.hf_token — downloads may be slow.
[INFO] No kaggle.json found in 20260623-process. Relying on ~/.kaggle/ or env vars.
[SETUP] Installing / verifying Python dependencies...

── GPU info ──────────────────────────────
Tesla V100-PCIE-32GB, 32768 MiB, 575.57.08
PyTorch : 2.12.1+cu126
CUDA    : 12.6
Devices : 1
GPU 0   : Tesla V100-PCIE-32GB
VRAM    : 34.1 GB
──────────────────────────────────────────

[CHECK] Validating dataset roots...
  [OK]      20260623-process/data/datasets/asosenge/hibaskinlesionsdataset-main
  [OK]      20260623-process/data/datasets/asosenge/fitzpatrick17k
  [OK]      20260623-process/data/datasets/asosenge/derm7pt
  [OK]      20260623-process/data/datasets/mahdavi1202/skin-cancer
  [OK]      20260623-process/data/datasets/sengenjih/isic2019

[CONVERT] Converting notebook to Python script...
[PATCH] Redirecting Kaggle paths → cluster paths...
  DATA_ROOT  → 20260623-process/data/datasets
  WORK_ROOT  → 20260623-process/outputs_BASE+Conf_vit
  BB_CACHE   → 20260623-process/backbone_cache
  Patch applied successfully.

[RUN] Starting training — Wed Jun 24 11:51:03 AM CEST 2026
=========================================
Device: cuda
CSV dir      : outputs_BASE+Conf_vit/csvs
Checkpoints  : outputs_BASE+Conf_vit/checkpoints_BASE+Conf_vit
Results      : outputs_BASE+Conf_vit/results_BASE+Conf_vit
Image roots:
  hiba           : 20260623-process/data/datasets/asosenge/hibaskinlesionsdataset-main/HIBASkinLesionsDataset-main/images
  fitzpatrick17k : 20260623-process/data/datasets/asosenge/fitzpatrick17k/fitzpatrick17k/data/finalfitz17k
  derm7pt        : 20260623-process/data/datasets/asosenge/derm7pt/release_v0/images
  padufes20      : 20260623-process/data/datasets/mahdavi1202/skin-cancer
  isic2019       : 20260623-process/data/datasets/sengenjih/isic2019
Class weights: [0.819 0.385 1.796]
[INFO] Built image map for hiba: 1616 entries
[INFO] Built image map for fitzpatrick17k: 16577 entries
[INFO] Built image map for derm7pt: 2013 entries
[INFO] Built image map for padufes20: 2298 entries
[INFO] Built image map for isic2019: 33569 entries
[INFO] paired_train: loaded 738 ID-matched pairs from split clin/derm CSVs
[INFO] paired_val: loaded 106 ID-matched pairs from split clin/derm CSVs
[INFO] paired_test: loaded 211 ID-matched pairs from split clin/derm CSVs
[INFO] Loaded fitzpatrick17k eval set: 1727 samples
[INFO] Loaded padufes20 eval set: 1141 samples
[INFO] Loaded isic2019 eval set: 25517 samples
Train batches: 41, Val batches: 6
Test batches: 33
Cross-eval loaders: ['fitzpatrick17k', 'padufes20', 'isic2019']
Running Validation...
Ep   1/500  total_loss=3.6198  tr_acc=0.3430  val_acc=0.2698  val_auroc=0.5151  val_f1=0.2726  lr=3.40e-06
Running Validation...
Ep   2/500  total_loss=3.4835  tr_acc=0.3971  val_acc=0.2910  val_auroc=0.5550  val_f1=0.2919  lr=5.10e-06
Running Validation...
Ep   3/500  total_loss=3.3774  tr_acc=0.3956  val_acc=0.2751  val_auroc=0.6168  val_f1=0.2735  lr=6.80e-06
Running Validation...
Ep   4/500  total_loss=3.2834  tr_acc=0.4322  val_acc=0.3016  val_auroc=0.6885  val_f1=0.3056  lr=8.50e-06
Running Validation...
Ep   5/500  total_loss=3.1333  tr_acc=0.4909  val_acc=0.3016  val_auroc=0.7159  val_f1=0.3103  lr=1.02e-05
Running Validation...
Ep   6/500  total_loss=2.9457  tr_acc=0.5191  val_acc=0.3175  val_auroc=0.7554  val_f1=0.3327  lr=1.19e-05
Running Validation...
Ep   7/500  total_loss=2.8660  tr_acc=0.5686  val_acc=0.3704  val_auroc=0.7834  val_f1=0.4025  lr=1.36e-05
Running Validation...
Ep   8/500  total_loss=2.7182  tr_acc=0.6372  val_acc=0.4127  val_auroc=0.8192  val_f1=0.4404  lr=1.53e-05
Running Validation...
Ep   9/500  total_loss=2.4773  tr_acc=0.6684  val_acc=0.5450  val_auroc=0.8337  val_f1=0.5518  lr=1.70e-05
Running Validation...
Ep  10/500  total_loss=2.3446  tr_acc=0.7309  val_acc=0.6720  val_auroc=0.8625  val_f1=0.6620  lr=1.87e-05
Running Validation...
Ep  11/500  total_loss=2.2059  tr_acc=0.7843  val_acc=0.6614  val_auroc=0.8766  val_f1=0.6465  lr=2.04e-05
Running Validation...
Ep  12/500  total_loss=2.1039  tr_acc=0.8110  val_acc=0.6614  val_auroc=0.8590  val_f1=0.6399  lr=2.21e-05
Running Validation...
Ep  13/500  total_loss=1.9528  tr_acc=0.8476  val_acc=0.8360  val_auroc=0.9089  val_f1=0.8010  lr=2.38e-05
Running Validation...
Ep  14/500  total_loss=1.8990  tr_acc=0.8620  val_acc=0.6931  val_auroc=0.8731  val_f1=0.6715  lr=2.55e-05
Running Validation...
Ep  15/500  total_loss=1.8703  tr_acc=0.8788  val_acc=0.7884  val_auroc=0.8677  val_f1=0.7188  lr=2.72e-05
Running Validation...
Ep  16/500  total_loss=1.7924  tr_acc=0.8826  val_acc=0.7302  val_auroc=0.8838  val_f1=0.7040  lr=2.89e-05
Running Validation...
Ep  17/500  total_loss=1.7684  tr_acc=0.9093  val_acc=0.7831  val_auroc=0.9160  val_f1=0.7832  lr=3.06e-05
Running Validation...
Ep  18/500  total_loss=1.6866  tr_acc=0.9070  val_acc=0.7937  val_auroc=0.9264  val_f1=0.7778  lr=3.23e-05
Running Validation...
Ep  19/500  total_loss=1.6231  tr_acc=0.9108  val_acc=0.7460  val_auroc=0.9109  val_f1=0.7476  lr=3.40e-05
Running Validation...
Ep  20/500  total_loss=1.6466  tr_acc=0.9223  val_acc=0.7725  val_auroc=0.9158  val_f1=0.7446  lr=3.57e-05
Running Validation...
Ep  21/500  total_loss=1.5249  tr_acc=0.9428  val_acc=0.8201  val_auroc=0.9263  val_f1=0.8041  lr=3.74e-05
Running Validation...
Ep  22/500  total_loss=1.4963  tr_acc=0.9474  val_acc=0.8042  val_auroc=0.9339  val_f1=0.8103  lr=3.91e-05
Running Validation...
Ep  23/500  total_loss=1.5588  tr_acc=0.9253  val_acc=0.7778  val_auroc=0.8835  val_f1=0.6891  lr=4.08e-05
Running Validation...
Ep  24/500  total_loss=1.5947  tr_acc=0.9169  val_acc=0.7725  val_auroc=0.8766  val_f1=0.7174  lr=4.25e-05
Running Validation...
Ep  25/500  total_loss=1.4194  tr_acc=0.9390  val_acc=0.8677  val_auroc=0.9333  val_f1=0.8448  lr=4.42e-05
Running Validation...
Ep  26/500  total_loss=1.4745  tr_acc=0.9299  val_acc=0.8254  val_auroc=0.9259  val_f1=0.8071  lr=4.59e-05
Running Validation...
Ep  27/500  total_loss=1.5070  tr_acc=0.9245  val_acc=0.8201  val_auroc=0.8955  val_f1=0.7552  lr=4.76e-05
Running Validation...
Ep  28/500  total_loss=1.5234  tr_acc=0.9421  val_acc=0.7407  val_auroc=0.9144  val_f1=0.7454  lr=4.93e-05
Running Validation...
Ep  29/500  total_loss=1.4692  tr_acc=0.9405  val_acc=0.8254  val_auroc=0.9112  val_f1=0.7829  lr=5.10e-05
Running Validation...
Ep  30/500  total_loss=1.4172  tr_acc=0.9558  val_acc=0.8307  val_auroc=0.9270  val_f1=0.8172  lr=5.27e-05
Running Validation...
Ep  31/500  total_loss=1.3677  tr_acc=0.9444  val_acc=0.7831  val_auroc=0.9035  val_f1=0.7579  lr=5.44e-05
Running Validation...
Ep  32/500  total_loss=1.3452  tr_acc=0.9558  val_acc=0.8413  val_auroc=0.9338  val_f1=0.8235  lr=5.61e-05
Running Validation...
Ep  33/500  total_loss=1.3181  tr_acc=0.9543  val_acc=0.8677  val_auroc=0.9372  val_f1=0.8503  lr=5.78e-05
Running Validation...
Ep  34/500  total_loss=1.3293  tr_acc=0.9604  val_acc=0.8571  val_auroc=0.9217  val_f1=0.8051  lr=5.95e-05
Running Validation...
Ep  35/500  total_loss=1.3420  tr_acc=0.9527  val_acc=0.8624  val_auroc=0.9208  val_f1=0.8213  lr=6.12e-05
Running Validation...
Ep  36/500  total_loss=1.3069  tr_acc=0.9505  val_acc=0.8519  val_auroc=0.9435  val_f1=0.8230  lr=6.29e-05
Running Validation...
Ep  37/500  total_loss=1.2501  tr_acc=0.9543  val_acc=0.8254  val_auroc=0.9184  val_f1=0.7861  lr=6.46e-05
Running Validation...
Ep  38/500  total_loss=1.3393  tr_acc=0.9505  val_acc=0.8042  val_auroc=0.9062  val_f1=0.7654  lr=6.63e-05
Running Validation...
Ep  39/500  total_loss=1.2764  tr_acc=0.9512  val_acc=0.7831  val_auroc=0.8637  val_f1=0.7121  lr=6.80e-05
Running Validation...
Ep  40/500  total_loss=1.2866  tr_acc=0.9604  val_acc=0.8677  val_auroc=0.9362  val_f1=0.8295  lr=6.97e-05
Running Validation...
Ep  41/500  total_loss=1.2007  tr_acc=0.9695  val_acc=0.8889  val_auroc=0.9489  val_f1=0.8776  lr=7.14e-05
Running Validation...
Ep  42/500  total_loss=1.1970  tr_acc=0.9604  val_acc=0.7989  val_auroc=0.9153  val_f1=0.7539  lr=7.31e-05
Running Validation...
Ep  43/500  total_loss=1.1839  tr_acc=0.9672  val_acc=0.8360  val_auroc=0.9242  val_f1=0.8289  lr=7.48e-05
Running Validation...
Ep  44/500  total_loss=1.2298  tr_acc=0.9657  val_acc=0.7619  val_auroc=0.9143  val_f1=0.7522  lr=7.65e-05
Running Validation...
Ep  45/500  total_loss=1.2264  tr_acc=0.9512  val_acc=0.8254  val_auroc=0.9394  val_f1=0.7813  lr=7.82e-05
Running Validation...
Ep  46/500  total_loss=1.2976  tr_acc=0.9596  val_acc=0.7989  val_auroc=0.9093  val_f1=0.7824  lr=7.99e-05
Running Validation...
Ep  47/500  total_loss=1.1745  tr_acc=0.9627  val_acc=0.8466  val_auroc=0.9222  val_f1=0.7947  lr=8.16e-05
Running Validation...
Ep  48/500  total_loss=1.3241  tr_acc=0.9466  val_acc=0.8042  val_auroc=0.9068  val_f1=0.7429  lr=8.33e-05
Running Validation...
Ep  49/500  total_loss=1.1999  tr_acc=0.9649  val_acc=0.8095  val_auroc=0.9002  val_f1=0.7812  lr=8.50e-05
Running Validation...
Ep  50/500  total_loss=1.2371  tr_acc=0.9627  val_acc=0.8413  val_auroc=0.9307  val_f1=0.8090  lr=8.50e-05
Running Validation...
Ep  51/500  total_loss=1.1154  tr_acc=0.9642  val_acc=0.8307  val_auroc=0.9279  val_f1=0.7786  lr=8.50e-05
Running Validation...
Ep  52/500  total_loss=1.1938  tr_acc=0.9611  val_acc=0.7989  val_auroc=0.8902  val_f1=0.7542  lr=8.50e-05
Running Validation...
Ep  53/500  total_loss=1.2077  tr_acc=0.9634  val_acc=0.8677  val_auroc=0.9487  val_f1=0.8428  lr=8.50e-05
Running Validation...
Ep  54/500  total_loss=1.1011  tr_acc=0.9657  val_acc=0.7937  val_auroc=0.9262  val_f1=0.7869  lr=8.50e-05
Running Validation...
Ep  55/500  total_loss=1.1233  tr_acc=0.9688  val_acc=0.8413  val_auroc=0.9277  val_f1=0.8261  lr=8.50e-05
Running Validation...
Ep  56/500  total_loss=1.1347  tr_acc=0.9627  val_acc=0.7937  val_auroc=0.8967  val_f1=0.7326  lr=8.50e-05
Running Validation...
Ep  57/500  total_loss=1.0460  tr_acc=0.9771  val_acc=0.8624  val_auroc=0.9311  val_f1=0.8312  lr=8.49e-05
Running Validation...
Ep  58/500  total_loss=1.0537  tr_acc=0.9672  val_acc=0.8360  val_auroc=0.9216  val_f1=0.8173  lr=8.49e-05
Running Validation...
Ep  59/500  total_loss=1.0178  tr_acc=0.9726  val_acc=0.8201  val_auroc=0.9192  val_f1=0.7548  lr=8.49e-05
Running Validation...
Ep  60/500  total_loss=1.0856  tr_acc=0.9710  val_acc=0.8624  val_auroc=0.9521  val_f1=0.8264  lr=8.49e-05
Running Validation...
Ep  61/500  total_loss=1.1292  tr_acc=0.9649  val_acc=0.8360  val_auroc=0.9324  val_f1=0.7949  lr=8.49e-05
Running Validation...
Ep  62/500  total_loss=1.0401  tr_acc=0.9665  val_acc=0.8730  val_auroc=0.9553  val_f1=0.8594  lr=8.49e-05
Running Validation...
Ep  63/500  total_loss=0.9992  tr_acc=0.9634  val_acc=0.8783  val_auroc=0.9516  val_f1=0.8484  lr=8.48e-05
Running Validation...
Ep  64/500  total_loss=0.9714  tr_acc=0.9756  val_acc=0.8677  val_auroc=0.9528  val_f1=0.8564  lr=8.48e-05
Running Validation...
Ep  65/500  total_loss=0.9804  tr_acc=0.9710  val_acc=0.8571  val_auroc=0.9575  val_f1=0.8383  lr=8.48e-05
Running Validation...
Ep  66/500  total_loss=1.0385  tr_acc=0.9756  val_acc=0.8360  val_auroc=0.9097  val_f1=0.8083  lr=8.47e-05
Running Validation...
Ep  67/500  total_loss=0.9308  tr_acc=0.9794  val_acc=0.8677  val_auroc=0.9433  val_f1=0.8303  lr=8.47e-05
Running Validation...
Ep  68/500  total_loss=0.9045  tr_acc=0.9741  val_acc=0.8624  val_auroc=0.9355  val_f1=0.8352  lr=8.47e-05
Running Validation...
Ep  69/500  total_loss=1.0160  tr_acc=0.9741  val_acc=0.7989  val_auroc=0.9079  val_f1=0.7552  lr=8.46e-05
Running Validation...
Ep  70/500  total_loss=1.1170  tr_acc=0.9794  val_acc=0.8624  val_auroc=0.9542  val_f1=0.8419  lr=8.46e-05
Running Validation...
Ep  71/500  total_loss=0.9738  tr_acc=0.9756  val_acc=0.8942  val_auroc=0.9401  val_f1=0.8813  lr=8.45e-05
Running Validation...
Ep  72/500  total_loss=0.9864  tr_acc=0.9733  val_acc=0.8413  val_auroc=0.9347  val_f1=0.8048  lr=8.45e-05
Running Validation...
Ep  73/500  total_loss=1.0963  tr_acc=0.9710  val_acc=0.8571  val_auroc=0.9212  val_f1=0.8220  lr=8.45e-05
Running Validation...
Ep  74/500  total_loss=0.9944  tr_acc=0.9832  val_acc=0.8730  val_auroc=0.9383  val_f1=0.8404  lr=8.44e-05
Running Validation...
Ep  75/500  total_loss=0.9397  tr_acc=0.9748  val_acc=0.8677  val_auroc=0.9308  val_f1=0.8336  lr=8.44e-05
Running Validation...
Ep  76/500  total_loss=0.9755  tr_acc=0.9695  val_acc=0.8677  val_auroc=0.9596  val_f1=0.8614  lr=8.43e-05
Running Validation...
Ep  77/500  total_loss=0.9828  tr_acc=0.9726  val_acc=0.8413  val_auroc=0.9459  val_f1=0.8165  lr=8.42e-05
Running Validation...
Ep  78/500  total_loss=0.9063  tr_acc=0.9802  val_acc=0.8677  val_auroc=0.9348  val_f1=0.8349  lr=8.42e-05
Running Validation...
Ep  79/500  total_loss=0.9350  tr_acc=0.9840  val_acc=0.8677  val_auroc=0.9378  val_f1=0.8416  lr=8.41e-05
Running Validation...
Ep  80/500  total_loss=0.8839  tr_acc=0.9870  val_acc=0.8783  val_auroc=0.9359  val_f1=0.8594  lr=8.41e-05
Running Validation...
Ep  81/500  total_loss=0.8899  tr_acc=0.9870  val_acc=0.8201  val_auroc=0.9320  val_f1=0.7659  lr=8.40e-05
Running Validation...
Ep  82/500  total_loss=0.9489  tr_acc=0.9787  val_acc=0.8148  val_auroc=0.9294  val_f1=0.7955  lr=8.39e-05
Running Validation...
Ep  83/500  total_loss=0.9535  tr_acc=0.9794  val_acc=0.8571  val_auroc=0.9365  val_f1=0.8264  lr=8.39e-05
Running Validation...
Ep  84/500  total_loss=0.8732  tr_acc=0.9848  val_acc=0.8783  val_auroc=0.9458  val_f1=0.8623  lr=8.38e-05
Running Validation...
Ep  85/500  total_loss=0.8403  tr_acc=0.9840  val_acc=0.8677  val_auroc=0.9215  val_f1=0.8463  lr=8.37e-05
Running Validation...
Ep  86/500  total_loss=0.8817  tr_acc=0.9855  val_acc=0.8730  val_auroc=0.9353  val_f1=0.8413  lr=8.37e-05
Running Validation...
Ep  87/500  total_loss=0.8658  tr_acc=0.9878  val_acc=0.8148  val_auroc=0.9238  val_f1=0.7782  lr=8.36e-05
Running Validation...
Ep  88/500  total_loss=0.9672  tr_acc=0.9779  val_acc=0.7937  val_auroc=0.9097  val_f1=0.7435  lr=8.35e-05
Running Validation...
Ep  89/500  total_loss=0.8839  tr_acc=0.9855  val_acc=0.8201  val_auroc=0.9153  val_f1=0.7700  lr=8.34e-05
Running Validation...
Ep  90/500  total_loss=0.8952  tr_acc=0.9809  val_acc=0.8254  val_auroc=0.9221  val_f1=0.7842  lr=8.34e-05
Running Validation...
Ep  91/500  total_loss=0.8480  tr_acc=0.9893  val_acc=0.8466  val_auroc=0.9188  val_f1=0.8035  lr=8.33e-05
Running Validation...
Ep  92/500  total_loss=0.8988  tr_acc=0.9832  val_acc=0.8571  val_auroc=0.9365  val_f1=0.8289  lr=8.32e-05
Running Validation...
Ep  93/500  total_loss=0.8581  tr_acc=0.9893  val_acc=0.8254  val_auroc=0.9138  val_f1=0.7811  lr=8.31e-05
Running Validation...
Ep  94/500  total_loss=0.8765  tr_acc=0.9832  val_acc=0.8730  val_auroc=0.9465  val_f1=0.8606  lr=8.30e-05
Running Validation...
Ep  95/500  total_loss=0.8891  tr_acc=0.9832  val_acc=0.8571  val_auroc=0.9513  val_f1=0.8426  lr=8.29e-05
Running Validation...
Ep  96/500  total_loss=0.8381  tr_acc=0.9931  val_acc=0.8624  val_auroc=0.9244  val_f1=0.8302  lr=8.28e-05
Running Validation...
Ep  97/500  total_loss=0.8231  tr_acc=0.9870  val_acc=0.8730  val_auroc=0.9416  val_f1=0.8517  lr=8.27e-05
Running Validation...
Ep  98/500  total_loss=0.8599  tr_acc=0.9909  val_acc=0.8783  val_auroc=0.9470  val_f1=0.8601  lr=8.26e-05
Running Validation...
Ep  99/500  total_loss=0.8051  tr_acc=0.9855  val_acc=0.8836  val_auroc=0.9358  val_f1=0.8580  lr=8.25e-05
Running Validation...
Ep 100/500  total_loss=0.7941  tr_acc=0.9886  val_acc=0.8783  val_auroc=0.9466  val_f1=0.8650  lr=8.24e-05
Running Validation...
Ep 101/500  total_loss=0.8795  tr_acc=0.9855  val_acc=0.8730  val_auroc=0.9376  val_f1=0.8576  lr=8.23e-05
Running Validation...
Ep 102/500  total_loss=0.8595  tr_acc=0.9901  val_acc=0.8783  val_auroc=0.9443  val_f1=0.8573  lr=8.22e-05
Running Validation...
Ep 103/500  total_loss=0.8494  tr_acc=0.9779  val_acc=0.8571  val_auroc=0.9255  val_f1=0.8010  lr=8.21e-05
Running Validation...
Ep 104/500  total_loss=0.8930  tr_acc=0.9809  val_acc=0.8360  val_auroc=0.9499  val_f1=0.7944  lr=8.20e-05
Running Validation...
Ep 105/500  total_loss=0.8226  tr_acc=0.9901  val_acc=0.8889  val_auroc=0.9518  val_f1=0.8678  lr=8.19e-05
Running Validation...
Ep 106/500  total_loss=0.8429  tr_acc=0.9893  val_acc=0.8730  val_auroc=0.9346  val_f1=0.8326  lr=8.18e-05
Running Validation...
Ep 107/500  total_loss=0.8224  tr_acc=0.9893  val_acc=0.8730  val_auroc=0.9447  val_f1=0.8366  lr=8.17e-05
Running Validation...
Ep 108/500  total_loss=0.8471  tr_acc=0.9832  val_acc=0.8201  val_auroc=0.9137  val_f1=0.7855  lr=8.16e-05
Running Validation...
Ep 109/500  total_loss=0.8624  tr_acc=0.9870  val_acc=0.8254  val_auroc=0.9231  val_f1=0.7840  lr=8.14e-05
Running Validation...
Ep 110/500  total_loss=0.9134  tr_acc=0.9817  val_acc=0.8730  val_auroc=0.9301  val_f1=0.8255  lr=8.13e-05
Running Validation...
Ep 111/500  total_loss=0.8227  tr_acc=0.9855  val_acc=0.8783  val_auroc=0.9252  val_f1=0.8462  lr=8.12e-05
Running Validation...
Ep 112/500  total_loss=0.8726  tr_acc=0.9878  val_acc=0.8571  val_auroc=0.9388  val_f1=0.8167  lr=8.11e-05
Running Validation...
Ep 113/500  total_loss=0.8383  tr_acc=0.9931  val_acc=0.8624  val_auroc=0.9432  val_f1=0.8312  lr=8.10e-05
Running Validation...
Ep 114/500  total_loss=0.8531  tr_acc=0.9886  val_acc=0.8624  val_auroc=0.9483  val_f1=0.8387  lr=8.08e-05
Running Validation...
Ep 115/500  total_loss=0.8388  tr_acc=0.9947  val_acc=0.8624  val_auroc=0.9379  val_f1=0.8235  lr=8.07e-05
Running Validation...
Ep 116/500  total_loss=0.8085  tr_acc=0.9954  val_acc=0.8519  val_auroc=0.9213  val_f1=0.8249  lr=8.06e-05
Running Validation...
Ep 117/500  total_loss=0.8053  tr_acc=0.9939  val_acc=0.8360  val_auroc=0.9365  val_f1=0.8036  lr=8.04e-05
Running Validation...
Ep 118/500  total_loss=0.7889  tr_acc=0.9962  val_acc=0.8571  val_auroc=0.9539  val_f1=0.8231  lr=8.03e-05
Running Validation...
Ep 119/500  total_loss=0.8607  tr_acc=0.9863  val_acc=0.8201  val_auroc=0.9388  val_f1=0.7941  lr=8.02e-05
Running Validation...
Ep 120/500  total_loss=0.8149  tr_acc=0.9931  val_acc=0.8571  val_auroc=0.9513  val_f1=0.8214  lr=8.00e-05
Running Validation...
Ep 121/500  total_loss=0.8109  tr_acc=0.9893  val_acc=0.8730  val_auroc=0.9563  val_f1=0.8647  lr=7.99e-05
Running Validation...
Ep 122/500  total_loss=0.8438  tr_acc=0.9893  val_acc=0.8571  val_auroc=0.9625  val_f1=0.8410  lr=7.97e-05
Running Validation...
Ep 123/500  total_loss=0.8466  tr_acc=0.9924  val_acc=0.8413  val_auroc=0.9539  val_f1=0.8133  lr=7.96e-05
Running Validation...
Ep 124/500  total_loss=0.8602  tr_acc=0.9787  val_acc=0.8889  val_auroc=0.9491  val_f1=0.8581  lr=7.95e-05
Running Validation...
Ep 125/500  total_loss=0.8341  tr_acc=0.9939  val_acc=0.8466  val_auroc=0.9497  val_f1=0.8131  lr=7.93e-05
Running Validation...
Ep 126/500  total_loss=0.8274  tr_acc=0.9909  val_acc=0.8836  val_auroc=0.9374  val_f1=0.8643  lr=7.92e-05
Running Validation...
Ep 127/500  total_loss=0.8441  tr_acc=0.9901  val_acc=0.8942  val_auroc=0.9445  val_f1=0.8732  lr=7.90e-05
Running Validation...
Ep 128/500  total_loss=0.7702  tr_acc=0.9939  val_acc=0.8677  val_auroc=0.9257  val_f1=0.8205  lr=7.89e-05
Running Validation...
Ep 129/500  total_loss=0.7771  tr_acc=0.9909  val_acc=0.8519  val_auroc=0.9437  val_f1=0.8310  lr=7.87e-05
Running Validation...
Ep 130/500  total_loss=0.8452  tr_acc=0.9870  val_acc=0.8624  val_auroc=0.9390  val_f1=0.8449  lr=7.85e-05
Running Validation...
Ep 131/500  total_loss=0.8620  tr_acc=0.9893  val_acc=0.8571  val_auroc=0.9401  val_f1=0.8160  lr=7.84e-05
Running Validation...
Ep 132/500  total_loss=0.7916  tr_acc=0.9924  val_acc=0.8836  val_auroc=0.9429  val_f1=0.8630  lr=7.82e-05
Running Validation...
Ep 133/500  total_loss=0.8140  tr_acc=0.9962  val_acc=0.8677  val_auroc=0.9412  val_f1=0.8348  lr=7.81e-05
Running Validation...
Ep 134/500  total_loss=0.8212  tr_acc=0.9954  val_acc=0.8624  val_auroc=0.9403  val_f1=0.8289  lr=7.79e-05
Running Validation...
Ep 135/500  total_loss=0.8057  tr_acc=0.9931  val_acc=0.8571  val_auroc=0.9317  val_f1=0.8178  lr=7.77e-05
Running Validation...
Ep 136/500  total_loss=0.8189  tr_acc=0.9924  val_acc=0.8571  val_auroc=0.9348  val_f1=0.8097  lr=7.76e-05
Running Validation...
Ep 137/500  total_loss=0.8267  tr_acc=0.9947  val_acc=0.8413  val_auroc=0.9256  val_f1=0.7914  lr=7.74e-05
Running Validation...
Ep 138/500  total_loss=0.8083  tr_acc=0.9954  val_acc=0.8571  val_auroc=0.9327  val_f1=0.8229  lr=7.72e-05
Running Validation...
Ep 139/500  total_loss=0.7795  tr_acc=0.9962  val_acc=0.8677  val_auroc=0.9625  val_f1=0.8395  lr=7.71e-05
Running Validation...
Ep 140/500  total_loss=0.8010  tr_acc=0.9924  val_acc=0.8677  val_auroc=0.9586  val_f1=0.8426  lr=7.69e-05
Running Validation...
Ep 141/500  total_loss=0.8083  tr_acc=0.9931  val_acc=0.8836  val_auroc=0.9545  val_f1=0.8721  lr=7.67e-05
Running Validation...
Ep 142/500  total_loss=0.7961  tr_acc=0.9916  val_acc=0.8571  val_auroc=0.9432  val_f1=0.8248  lr=7.65e-05
Running Validation...
Ep 143/500  total_loss=0.8088  tr_acc=0.9931  val_acc=0.8783  val_auroc=0.9609  val_f1=0.8560  lr=7.64e-05
Running Validation...
Ep 144/500  total_loss=0.7570  tr_acc=0.9916  val_acc=0.9101  val_auroc=0.9588  val_f1=0.9023  lr=7.62e-05
Running Validation...
Ep 145/500  total_loss=0.8183  tr_acc=0.9931  val_acc=0.8519  val_auroc=0.9445  val_f1=0.8120  lr=7.60e-05
Running Validation...
Ep 146/500  total_loss=0.7746  tr_acc=0.9909  val_acc=0.8624  val_auroc=0.9434  val_f1=0.8252  lr=7.58e-05
Running Validation...
Ep 147/500  total_loss=0.7716  tr_acc=0.9939  val_acc=0.8519  val_auroc=0.9286  val_f1=0.8199  lr=7.56e-05
Running Validation...
Ep 148/500  total_loss=0.7669  tr_acc=0.9977  val_acc=0.8519  val_auroc=0.9252  val_f1=0.8200  lr=7.54e-05
Running Validation...
Ep 149/500  total_loss=0.7958  tr_acc=0.9962  val_acc=0.8466  val_auroc=0.9099  val_f1=0.8005  lr=7.52e-05
Running Validation...
Ep 150/500  total_loss=0.8121  tr_acc=0.9863  val_acc=0.8519  val_auroc=0.9289  val_f1=0.8296  lr=7.51e-05
Running Validation...
Ep 151/500  total_loss=0.7748  tr_acc=0.9931  val_acc=0.8413  val_auroc=0.9315  val_f1=0.8086  lr=7.49e-05
Running Validation...
Ep 152/500  total_loss=0.7932  tr_acc=0.9954  val_acc=0.8466  val_auroc=0.9252  val_f1=0.8231  lr=7.47e-05
Running Validation...
Ep 153/500  total_loss=0.8046  tr_acc=0.9977  val_acc=0.8677  val_auroc=0.9362  val_f1=0.8505  lr=7.45e-05
Running Validation...
Ep 154/500  total_loss=0.7765  tr_acc=0.9954  val_acc=0.8942  val_auroc=0.9389  val_f1=0.8800  lr=7.43e-05
Running Validation...
Ep 155/500  total_loss=0.7812  tr_acc=0.9947  val_acc=0.8995  val_auroc=0.9578  val_f1=0.8864  lr=7.41e-05
Running Validation...
Ep 156/500  total_loss=0.7512  tr_acc=0.9970  val_acc=0.9048  val_auroc=0.9624  val_f1=0.8927  lr=7.39e-05
Running Validation...
Ep 157/500  total_loss=0.7955  tr_acc=0.9924  val_acc=0.8836  val_auroc=0.9476  val_f1=0.8570  lr=7.37e-05
Running Validation...
Ep 158/500  total_loss=0.7754  tr_acc=0.9947  val_acc=0.8519  val_auroc=0.9218  val_f1=0.8333  lr=7.35e-05
Running Validation...
Ep 159/500  total_loss=0.7616  tr_acc=0.9962  val_acc=0.8889  val_auroc=0.9492  val_f1=0.8666  lr=7.33e-05
Running Validation...
Ep 160/500  total_loss=0.7625  tr_acc=0.9947  val_acc=0.8677  val_auroc=0.9453  val_f1=0.8547  lr=7.31e-05
Running Validation...
Ep 161/500  total_loss=0.7992  tr_acc=0.9924  val_acc=0.8624  val_auroc=0.9438  val_f1=0.8422  lr=7.29e-05
Running Validation...
Ep 162/500  total_loss=0.8084  tr_acc=0.9878  val_acc=0.8360  val_auroc=0.9401  val_f1=0.8007  lr=7.27e-05
Running Validation...
Ep 163/500  total_loss=0.7792  tr_acc=0.9924  val_acc=0.8624  val_auroc=0.9396  val_f1=0.8144  lr=7.24e-05
Running Validation...
Ep 164/500  total_loss=0.7742  tr_acc=0.9962  val_acc=0.8942  val_auroc=0.9537  val_f1=0.8760  lr=7.22e-05
Running Validation...
Ep 165/500  total_loss=0.7752  tr_acc=0.9931  val_acc=0.8730  val_auroc=0.9595  val_f1=0.8394  lr=7.20e-05
Running Validation...
Ep 166/500  total_loss=0.8284  tr_acc=0.9947  val_acc=0.8889  val_auroc=0.9543  val_f1=0.8612  lr=7.18e-05
Running Validation...
Ep 167/500  total_loss=0.7884  tr_acc=0.9939  val_acc=0.8730  val_auroc=0.9455  val_f1=0.8396  lr=7.16e-05
Running Validation...
Ep 168/500  total_loss=0.7491  tr_acc=0.9947  val_acc=0.8730  val_auroc=0.9600  val_f1=0.8413  lr=7.14e-05
Running Validation...
Ep 169/500  total_loss=0.7465  tr_acc=0.9985  val_acc=0.8783  val_auroc=0.9428  val_f1=0.8439  lr=7.12e-05
Running Validation...
Ep 170/500  total_loss=0.7837  tr_acc=0.9924  val_acc=0.8466  val_auroc=0.9381  val_f1=0.8193  lr=7.09e-05
Running Validation...
Ep 171/500  total_loss=0.7747  tr_acc=0.9970  val_acc=0.8360  val_auroc=0.9342  val_f1=0.8017  lr=7.07e-05
Running Validation...
Ep 172/500  total_loss=0.7951  tr_acc=0.9916  val_acc=0.8360  val_auroc=0.9367  val_f1=0.8099  lr=7.05e-05
Running Validation...
Ep 173/500  total_loss=0.8173  tr_acc=0.9870  val_acc=0.8360  val_auroc=0.9183  val_f1=0.8171  lr=7.03e-05
Running Validation...
Ep 174/500  total_loss=0.7722  tr_acc=0.9924  val_acc=0.8413  val_auroc=0.9346  val_f1=0.8182  lr=7.00e-05
Running Validation...
Ep 175/500  total_loss=0.7479  tr_acc=0.9992  val_acc=0.8360  val_auroc=0.9368  val_f1=0.7978  lr=6.98e-05
Running Validation...
Ep 176/500  total_loss=0.7587  tr_acc=0.9962  val_acc=0.8677  val_auroc=0.9469  val_f1=0.8431  lr=6.96e-05
Running Validation...
Ep 177/500  total_loss=0.7702  tr_acc=0.9924  val_acc=0.8519  val_auroc=0.9442  val_f1=0.8231  lr=6.94e-05
Running Validation...
Ep 178/500  total_loss=0.7421  tr_acc=0.9962  val_acc=0.8677  val_auroc=0.9425  val_f1=0.8384  lr=6.91e-05
Running Validation...
Ep 179/500  total_loss=0.7806  tr_acc=0.9954  val_acc=0.8624  val_auroc=0.9319  val_f1=0.8272  lr=6.89e-05
Running Validation...
Ep 180/500  total_loss=0.7749  tr_acc=0.9954  val_acc=0.8624  val_auroc=0.9296  val_f1=0.8305  lr=6.87e-05
Running Validation...
Ep 181/500  total_loss=0.7869  tr_acc=0.9977  val_acc=0.8677  val_auroc=0.9381  val_f1=0.8432  lr=6.84e-05
Running Validation...
Ep 182/500  total_loss=0.7575  tr_acc=0.9985  val_acc=0.8783  val_auroc=0.9327  val_f1=0.8548  lr=6.82e-05
Running Validation...
Ep 183/500  total_loss=0.7712  tr_acc=0.9947  val_acc=0.8677  val_auroc=0.9384  val_f1=0.8431  lr=6.80e-05
Running Validation...
Ep 184/500  total_loss=0.7789  tr_acc=0.9962  val_acc=0.8624  val_auroc=0.9412  val_f1=0.8360  lr=6.77e-05
Running Validation...
Ep 185/500  total_loss=0.7363  tr_acc=0.9985  val_acc=0.8624  val_auroc=0.9432  val_f1=0.8296  lr=6.75e-05
Running Validation...
Ep 186/500  total_loss=0.7681  tr_acc=0.9931  val_acc=0.8783  val_auroc=0.9619  val_f1=0.8575  lr=6.72e-05
Running Validation...
Ep 187/500  total_loss=0.7522  tr_acc=0.9970  val_acc=0.8624  val_auroc=0.9441  val_f1=0.8373  lr=6.70e-05
Running Validation...
Ep 188/500  total_loss=0.7841  tr_acc=0.9916  val_acc=0.8677  val_auroc=0.9358  val_f1=0.8501  lr=6.68e-05
Running Validation...
Ep 189/500  total_loss=0.7705  tr_acc=0.9916  val_acc=0.8730  val_auroc=0.9338  val_f1=0.8593  lr=6.65e-05
Running Validation...
Ep 190/500  total_loss=0.7495  tr_acc=0.9977  val_acc=0.8519  val_auroc=0.9341  val_f1=0.8213  lr=6.63e-05
Running Validation...
Ep 191/500  total_loss=0.7391  tr_acc=0.9970  val_acc=0.8677  val_auroc=0.9318  val_f1=0.8442  lr=6.60e-05
Running Validation...
Ep 192/500  total_loss=0.7534  tr_acc=0.9985  val_acc=0.8624  val_auroc=0.9333  val_f1=0.8445  lr=6.58e-05
Running Validation...
Ep 193/500  total_loss=0.7540  tr_acc=0.9931  val_acc=0.8360  val_auroc=0.9167  val_f1=0.8119  lr=6.55e-05
Running Validation...
Ep 194/500  total_loss=0.7979  tr_acc=0.9962  val_acc=0.8413  val_auroc=0.9366  val_f1=0.8353  lr=6.53e-05
Running Validation...
Ep 195/500  total_loss=0.7634  tr_acc=0.9962  val_acc=0.8466  val_auroc=0.9234  val_f1=0.8311  lr=6.50e-05
Running Validation...
Ep 196/500  total_loss=0.7685  tr_acc=0.9977  val_acc=0.8413  val_auroc=0.9236  val_f1=0.8277  lr=6.48e-05
Running Validation...
Ep 197/500  total_loss=0.7726  tr_acc=0.9970  val_acc=0.8042  val_auroc=0.9195  val_f1=0.7942  lr=6.45e-05
Running Validation...
Ep 198/500  total_loss=0.7929  tr_acc=0.9977  val_acc=0.8624  val_auroc=0.9241  val_f1=0.8429  lr=6.43e-05
Running Validation...
Ep 199/500  total_loss=0.7501  tr_acc=0.9985  val_acc=0.8148  val_auroc=0.9245  val_f1=0.7876  lr=6.40e-05
Running Validation...
Ep 200/500  total_loss=0.7657  tr_acc=0.9962  val_acc=0.7725  val_auroc=0.8842  val_f1=0.7507  lr=6.38e-05
Running Validation...
Ep 201/500  total_loss=0.8519  tr_acc=0.9878  val_acc=0.8095  val_auroc=0.9133  val_f1=0.7721  lr=6.35e-05
Running Validation...
Ep 202/500  total_loss=0.7636  tr_acc=0.9970  val_acc=0.8466  val_auroc=0.9318  val_f1=0.8203  lr=6.32e-05
Running Validation...
Ep 203/500  total_loss=0.7623  tr_acc=0.9962  val_acc=0.8254  val_auroc=0.9306  val_f1=0.7959  lr=6.30e-05
Running Validation...
Ep 204/500  total_loss=0.7867  tr_acc=0.9939  val_acc=0.8571  val_auroc=0.9460  val_f1=0.8406  lr=6.27e-05
Running Validation...
Ep 205/500  total_loss=0.7401  tr_acc=0.9977  val_acc=0.8624  val_auroc=0.9291  val_f1=0.8465  lr=6.25e-05
Running Validation...
Ep 206/500  total_loss=0.7439  tr_acc=0.9954  val_acc=0.8519  val_auroc=0.9339  val_f1=0.8319  lr=6.22e-05
Running Validation...
Ep 207/500  total_loss=0.7581  tr_acc=0.9931  val_acc=0.8413  val_auroc=0.9352  val_f1=0.8195  lr=6.19e-05
Running Validation...
Ep 208/500  total_loss=0.7481  tr_acc=0.9962  val_acc=0.8571  val_auroc=0.9376  val_f1=0.8396  lr=6.17e-05
Running Validation...
Ep 209/500  total_loss=0.7636  tr_acc=0.9916  val_acc=0.8571  val_auroc=0.9345  val_f1=0.8226  lr=6.14e-05
Running Validation...
Ep 210/500  total_loss=0.7348  tr_acc=1.0000  val_acc=0.8783  val_auroc=0.9213  val_f1=0.8593  lr=6.11e-05
Running Validation...
Ep 211/500  total_loss=0.7514  tr_acc=0.9977  val_acc=0.8571  val_auroc=0.9288  val_f1=0.8396  lr=6.09e-05
Running Validation...
Ep 212/500  total_loss=0.8061  tr_acc=0.9962  val_acc=0.8571  val_auroc=0.9362  val_f1=0.8441  lr=6.06e-05
Running Validation...
Ep 213/500  total_loss=0.7463  tr_acc=0.9977  val_acc=0.8413  val_auroc=0.9153  val_f1=0.8034  lr=6.03e-05
Running Validation...
Ep 214/500  total_loss=0.7626  tr_acc=0.9962  val_acc=0.8571  val_auroc=0.9199  val_f1=0.8336  lr=6.01e-05
Running Validation...
Ep 215/500  total_loss=0.7613  tr_acc=0.9931  val_acc=0.8519  val_auroc=0.9286  val_f1=0.8135  lr=5.98e-05
Running Validation...
Ep 216/500  total_loss=0.7478  tr_acc=0.9977  val_acc=0.8677  val_auroc=0.9403  val_f1=0.8466  lr=5.95e-05
Running Validation...
Ep 217/500  total_loss=0.7556  tr_acc=0.9962  val_acc=0.8730  val_auroc=0.9493  val_f1=0.8442  lr=5.92e-05
Running Validation...
Ep 218/500  total_loss=0.7528  tr_acc=0.9947  val_acc=0.8571  val_auroc=0.9304  val_f1=0.8385  lr=5.90e-05
Running Validation...
Ep 219/500  total_loss=0.7501  tr_acc=0.9970  val_acc=0.8730  val_auroc=0.9189  val_f1=0.8427  lr=5.87e-05
Running Validation...
Ep 220/500  total_loss=0.7581  tr_acc=0.9962  val_acc=0.8254  val_auroc=0.9159  val_f1=0.7998  lr=5.84e-05
Running Validation...
Ep 221/500  total_loss=0.7517  tr_acc=0.9954  val_acc=0.8677  val_auroc=0.9417  val_f1=0.8353  lr=5.81e-05
Running Validation...
Ep 222/500  total_loss=0.7467  tr_acc=0.9977  val_acc=0.8730  val_auroc=0.9316  val_f1=0.8539  lr=5.79e-05
Running Validation...
Ep 223/500  total_loss=0.7461  tr_acc=0.9970  val_acc=0.8624  val_auroc=0.9249  val_f1=0.8345  lr=5.76e-05
Running Validation...
Ep 224/500  total_loss=0.7453  tr_acc=0.9954  val_acc=0.8677  val_auroc=0.9402  val_f1=0.8289  lr=5.73e-05
Running Validation...
Ep 225/500  total_loss=0.7332  tr_acc=0.9985  val_acc=0.8783  val_auroc=0.9325  val_f1=0.8445  lr=5.70e-05
Running Validation...
Ep 226/500  total_loss=0.7469  tr_acc=0.9992  val_acc=0.8624  val_auroc=0.9243  val_f1=0.8180  lr=5.68e-05
Running Validation...
Ep 227/500  total_loss=0.7541  tr_acc=0.9939  val_acc=0.8466  val_auroc=0.9432  val_f1=0.8101  lr=5.65e-05
Running Validation...
Ep 228/500  total_loss=0.7427  tr_acc=0.9977  val_acc=0.8624  val_auroc=0.9390  val_f1=0.8433  lr=5.62e-05
Running Validation...
Ep 229/500  total_loss=0.7522  tr_acc=0.9954  val_acc=0.8519  val_auroc=0.9233  val_f1=0.8266  lr=5.59e-05
Running Validation...
Ep 230/500  total_loss=0.7506  tr_acc=0.9970  val_acc=0.8360  val_auroc=0.9300  val_f1=0.7928  lr=5.56e-05
Running Validation...
Ep 231/500  total_loss=0.7439  tr_acc=0.9985  val_acc=0.8519  val_auroc=0.9332  val_f1=0.8123  lr=5.54e-05
Running Validation...
Ep 232/500  total_loss=0.7298  tr_acc=0.9985  val_acc=0.8519  val_auroc=0.9313  val_f1=0.8198  lr=5.51e-05
Running Validation...
Ep 233/500  total_loss=0.7409  tr_acc=0.9970  val_acc=0.8413  val_auroc=0.9411  val_f1=0.8144  lr=5.48e-05
Running Validation...
Ep 234/500  total_loss=0.7254  tr_acc=1.0000  val_acc=0.8307  val_auroc=0.9422  val_f1=0.8066  lr=5.45e-05
Running Validation...
Ep 235/500  total_loss=0.7372  tr_acc=0.9977  val_acc=0.8889  val_auroc=0.9465  val_f1=0.8683  lr=5.42e-05
Running Validation...
Ep 236/500  total_loss=0.7539  tr_acc=0.9977  val_acc=0.8730  val_auroc=0.9561  val_f1=0.8485  lr=5.39e-05
Running Validation...
Ep 237/500  total_loss=0.7606  tr_acc=0.9977  val_acc=0.8413  val_auroc=0.9355  val_f1=0.8258  lr=5.36e-05
Running Validation...
Ep 238/500  total_loss=0.7771  tr_acc=0.9939  val_acc=0.8519  val_auroc=0.9338  val_f1=0.8257  lr=5.34e-05
Running Validation...
Ep 239/500  total_loss=0.7375  tr_acc=0.9985  val_acc=0.8413  val_auroc=0.9339  val_f1=0.8182  lr=5.31e-05
Running Validation...
Ep 240/500  total_loss=0.7725  tr_acc=0.9939  val_acc=0.8413  val_auroc=0.9470  val_f1=0.8203  lr=5.28e-05
Running Validation...
Ep 241/500  total_loss=0.7711  tr_acc=0.9931  val_acc=0.8995  val_auroc=0.9516  val_f1=0.8838  lr=5.25e-05
Running Validation...
Ep 242/500  total_loss=0.7507  tr_acc=0.9992  val_acc=0.8836  val_auroc=0.9516  val_f1=0.8570  lr=5.22e-05
Running Validation...
Ep 243/500  total_loss=0.7524  tr_acc=0.9985  val_acc=0.8624  val_auroc=0.9367  val_f1=0.8227  lr=5.19e-05
Running Validation...
Ep 244/500  total_loss=0.7501  tr_acc=0.9970  val_acc=0.8677  val_auroc=0.9229  val_f1=0.8437  lr=5.16e-05
Running Validation...
Ep 245/500  total_loss=0.7377  tr_acc=0.9992  val_acc=0.8624  val_auroc=0.9318  val_f1=0.8289  lr=5.13e-05
Running Validation...
Ep 246/500  total_loss=0.7467  tr_acc=0.9931  val_acc=0.8995  val_auroc=0.9428  val_f1=0.8852  lr=5.10e-05
Running Validation...
Ep 247/500  total_loss=0.7425  tr_acc=0.9977  val_acc=0.8519  val_auroc=0.9321  val_f1=0.8278  lr=5.08e-05
Running Validation...
Ep 248/500  total_loss=0.7592  tr_acc=0.9947  val_acc=0.8519  val_auroc=0.9434  val_f1=0.8305  lr=5.05e-05
Running Validation...
Ep 249/500  total_loss=0.7484  tr_acc=0.9970  val_acc=0.8942  val_auroc=0.9604  val_f1=0.8690  lr=5.02e-05
Running Validation...
Ep 250/500  total_loss=0.7501  tr_acc=0.9985  val_acc=0.8466  val_auroc=0.9226  val_f1=0.8183  lr=4.99e-05
Running Validation...
Ep 251/500  total_loss=0.7895  tr_acc=0.9970  val_acc=0.8519  val_auroc=0.9238  val_f1=0.8163  lr=4.96e-05
Running Validation...
Ep 252/500  total_loss=0.7220  tr_acc=0.9985  val_acc=0.8624  val_auroc=0.9450  val_f1=0.8477  lr=4.93e-05
Running Validation...
Ep 253/500  total_loss=0.7480  tr_acc=0.9962  val_acc=0.8413  val_auroc=0.9335  val_f1=0.8057  lr=4.90e-05
Running Validation...
Ep 254/500  total_loss=0.7694  tr_acc=0.9947  val_acc=0.8677  val_auroc=0.9456  val_f1=0.8467  lr=4.87e-05
Running Validation...
Ep 255/500  total_loss=0.7731  tr_acc=0.9970  val_acc=0.8624  val_auroc=0.9541  val_f1=0.8477  lr=4.84e-05
Running Validation...
Ep 256/500  total_loss=0.7683  tr_acc=0.9970  val_acc=0.8730  val_auroc=0.9544  val_f1=0.8446  lr=4.81e-05
Running Validation...
Ep 257/500  total_loss=0.7691  tr_acc=0.9939  val_acc=0.8677  val_auroc=0.9499  val_f1=0.8453  lr=4.78e-05
Running Validation...
Ep 258/500  total_loss=0.7539  tr_acc=0.9962  val_acc=0.8730  val_auroc=0.9507  val_f1=0.8408  lr=4.75e-05
Running Validation...
Ep 259/500  total_loss=0.7507  tr_acc=0.9954  val_acc=0.8413  val_auroc=0.9455  val_f1=0.8182  lr=4.72e-05
Running Validation...
Ep 260/500  total_loss=0.7412  tr_acc=0.9970  val_acc=0.8730  val_auroc=0.9447  val_f1=0.8566  lr=4.69e-05
Running Validation...
Ep 261/500  total_loss=0.7478  tr_acc=0.9970  val_acc=0.8624  val_auroc=0.9426  val_f1=0.8338  lr=4.66e-05
Running Validation...
Ep 262/500  total_loss=0.7453  tr_acc=0.9970  val_acc=0.8783  val_auroc=0.9439  val_f1=0.8528  lr=4.64e-05
Running Validation...
Ep 263/500  total_loss=0.7491  tr_acc=0.9962  val_acc=0.8730  val_auroc=0.9395  val_f1=0.8446  lr=4.61e-05
Running Validation...
Ep 264/500  total_loss=0.7388  tr_acc=0.9970  val_acc=0.8360  val_auroc=0.9285  val_f1=0.7930  lr=4.58e-05
Running Validation...
Ep 265/500  total_loss=0.7539  tr_acc=0.9947  val_acc=0.8519  val_auroc=0.9364  val_f1=0.8183  lr=4.55e-05
Running Validation...
Ep 266/500  total_loss=0.7307  tr_acc=1.0000  val_acc=0.8519  val_auroc=0.9445  val_f1=0.8160  lr=4.52e-05
Running Validation...
Ep 267/500  total_loss=0.7363  tr_acc=0.9992  val_acc=0.8360  val_auroc=0.9441  val_f1=0.7963  lr=4.49e-05
Running Validation...
Ep 268/500  total_loss=0.7456  tr_acc=0.9954  val_acc=0.8413  val_auroc=0.9374  val_f1=0.7995  lr=4.46e-05
Running Validation...
Ep 269/500  total_loss=0.7369  tr_acc=0.9977  val_acc=0.8466  val_auroc=0.9406  val_f1=0.8154  lr=4.43e-05
Running Validation...
Ep 270/500  total_loss=0.7488  tr_acc=0.9970  val_acc=0.8254  val_auroc=0.9386  val_f1=0.7888  lr=4.40e-05
Running Validation...
Ep 271/500  total_loss=0.7746  tr_acc=0.9954  val_acc=0.8519  val_auroc=0.9385  val_f1=0.8166  lr=4.37e-05
Running Validation...
Ep 272/500  total_loss=0.7398  tr_acc=0.9962  val_acc=0.8571  val_auroc=0.9497  val_f1=0.8334  lr=4.34e-05
Running Validation...
Ep 273/500  total_loss=0.7323  tr_acc=0.9985  val_acc=0.8730  val_auroc=0.9488  val_f1=0.8606  lr=4.31e-05
Running Validation...
Ep 274/500  total_loss=0.7297  tr_acc=0.9977  val_acc=0.8624  val_auroc=0.9497  val_f1=0.8470  lr=4.28e-05
Running Validation...
Ep 275/500  total_loss=0.7394  tr_acc=0.9985  val_acc=0.8519  val_auroc=0.9450  val_f1=0.8251  lr=4.25e-05
Running Validation...
Ep 276/500  total_loss=0.7491  tr_acc=0.9977  val_acc=0.8624  val_auroc=0.9496  val_f1=0.8346  lr=4.22e-05
Running Validation...
Ep 277/500  total_loss=0.7366  tr_acc=0.9977  val_acc=0.8519  val_auroc=0.9489  val_f1=0.8351  lr=4.19e-05
Running Validation...
Ep 278/500  total_loss=0.7395  tr_acc=0.9992  val_acc=0.8677  val_auroc=0.9514  val_f1=0.8432  lr=4.16e-05
Running Validation...
Ep 279/500  total_loss=0.7356  tr_acc=0.9970  val_acc=0.8677  val_auroc=0.9573  val_f1=0.8529  lr=4.13e-05
Running Validation...
Ep 280/500  total_loss=0.7408  tr_acc=0.9954  val_acc=0.8624  val_auroc=0.9519  val_f1=0.8397  lr=4.10e-05
Running Validation...
Ep 281/500  total_loss=0.7630  tr_acc=0.9939  val_acc=0.8730  val_auroc=0.9470  val_f1=0.8495  lr=4.07e-05
Running Validation...
Ep 282/500  total_loss=0.7373  tr_acc=0.9985  val_acc=0.8624  val_auroc=0.9509  val_f1=0.8293  lr=4.04e-05
Running Validation...
Ep 283/500  total_loss=0.7391  tr_acc=0.9962  val_acc=0.8624  val_auroc=0.9476  val_f1=0.8294  lr=4.01e-05
Running Validation...
Ep 284/500  total_loss=0.7450  tr_acc=0.9977  val_acc=0.8624  val_auroc=0.9529  val_f1=0.8336  lr=3.98e-05
Running Validation...
Ep 285/500  total_loss=0.7246  tr_acc=1.0000  val_acc=0.8571  val_auroc=0.9461  val_f1=0.8297  lr=3.95e-05
Running Validation...
Ep 286/500  total_loss=0.7326  tr_acc=0.9985  val_acc=0.8677  val_auroc=0.9436  val_f1=0.8361  lr=3.92e-05
Running Validation...
Ep 287/500  total_loss=0.7443  tr_acc=0.9985  val_acc=0.8571  val_auroc=0.9381  val_f1=0.8228  lr=3.89e-05
Running Validation...
Ep 288/500  total_loss=0.7420  tr_acc=0.9954  val_acc=0.8730  val_auroc=0.9322  val_f1=0.8562  lr=3.86e-05
Running Validation...
Ep 289/500  total_loss=0.7592  tr_acc=0.9992  val_acc=0.8519  val_auroc=0.9483  val_f1=0.8293  lr=3.84e-05
Running Validation...
Ep 290/500  total_loss=0.7468  tr_acc=0.9931  val_acc=0.8783  val_auroc=0.9476  val_f1=0.8616  lr=3.81e-05
Running Validation...
Ep 291/500  total_loss=0.7236  tr_acc=0.9985  val_acc=0.8836  val_auroc=0.9460  val_f1=0.8698  lr=3.78e-05
Running Validation...
Ep 292/500  total_loss=0.7300  tr_acc=0.9985  val_acc=0.8730  val_auroc=0.9379  val_f1=0.8456  lr=3.75e-05
Running Validation...
Ep 293/500  total_loss=0.7282  tr_acc=1.0000  val_acc=0.8624  val_auroc=0.9388  val_f1=0.8407  lr=3.72e-05
Running Validation...
Ep 294/500  total_loss=0.7538  tr_acc=0.9962  val_acc=0.8730  val_auroc=0.9337  val_f1=0.8567  lr=3.69e-05
Running Validation...
Ep 295/500  total_loss=0.7444  tr_acc=0.9954  val_acc=0.8677  val_auroc=0.9383  val_f1=0.8532  lr=3.66e-05
Running Validation...
Ep 296/500  total_loss=0.7492  tr_acc=0.9947  val_acc=0.8889  val_auroc=0.9405  val_f1=0.8790  lr=3.63e-05
Running Validation...
Ep 297/500  total_loss=0.7259  tr_acc=0.9977  val_acc=0.8624  val_auroc=0.9450  val_f1=0.8496  lr=3.60e-05
Running Validation...
Ep 298/500  total_loss=0.7425  tr_acc=0.9977  val_acc=0.8519  val_auroc=0.9401  val_f1=0.8427  lr=3.57e-05
Running Validation...
Ep 299/500  total_loss=0.7354  tr_acc=0.9977  val_acc=0.8783  val_auroc=0.9396  val_f1=0.8574  lr=3.54e-05
Running Validation...
Ep 300/500  total_loss=0.7257  tr_acc=0.9985  val_acc=0.8677  val_auroc=0.9402  val_f1=0.8527  lr=3.51e-05
Running Validation...
Ep 301/500  total_loss=0.7428  tr_acc=0.9970  val_acc=0.8730  val_auroc=0.9415  val_f1=0.8634  lr=3.48e-05
Running Validation...
Ep 302/500  total_loss=0.7278  tr_acc=0.9985  val_acc=0.8730  val_auroc=0.9430  val_f1=0.8691  lr=3.45e-05
Running Validation...
Ep 303/500  total_loss=0.7359  tr_acc=0.9985  val_acc=0.8836  val_auroc=0.9437  val_f1=0.8719  lr=3.42e-05
Running Validation...
Ep 304/500  total_loss=0.7191  tr_acc=1.0000  val_acc=0.8783  val_auroc=0.9514  val_f1=0.8676  lr=3.40e-05
Running Validation...
Ep 305/500  total_loss=0.7225  tr_acc=0.9992  val_acc=0.8677  val_auroc=0.9524  val_f1=0.8527  lr=3.37e-05
Running Validation...
Ep 306/500  total_loss=0.7237  tr_acc=0.9985  val_acc=0.8783  val_auroc=0.9536  val_f1=0.8609  lr=3.34e-05
Running Validation...
Ep 307/500  total_loss=0.7241  tr_acc=0.9985  val_acc=0.8624  val_auroc=0.9503  val_f1=0.8393  lr=3.31e-05
Running Validation...
Ep 308/500  total_loss=0.7260  tr_acc=0.9977  val_acc=0.8836  val_auroc=0.9533  val_f1=0.8654  lr=3.28e-05
Running Validation...
Ep 309/500  total_loss=0.7188  tr_acc=0.9992  val_acc=0.8942  val_auroc=0.9494  val_f1=0.8837  lr=3.25e-05
Running Validation...
Ep 310/500  total_loss=0.7325  tr_acc=0.9970  val_acc=0.8624  val_auroc=0.9441  val_f1=0.8250  lr=3.22e-05
Running Validation...
Ep 311/500  total_loss=0.7289  tr_acc=0.9992  val_acc=0.8677  val_auroc=0.9412  val_f1=0.8437  lr=3.19e-05
Running Validation...
Ep 312/500  total_loss=0.7231  tr_acc=0.9992  val_acc=0.8677  val_auroc=0.9308  val_f1=0.8459  lr=3.16e-05
Running Validation...
Ep 313/500  total_loss=0.7553  tr_acc=0.9962  val_acc=0.8571  val_auroc=0.9385  val_f1=0.8295  lr=3.14e-05
Running Validation...
Ep 314/500  total_loss=0.7370  tr_acc=0.9962  val_acc=0.8783  val_auroc=0.9513  val_f1=0.8603  lr=3.11e-05
Running Validation...
Ep 315/500  total_loss=0.7528  tr_acc=0.9893  val_acc=0.8677  val_auroc=0.9429  val_f1=0.8462  lr=3.08e-05
Running Validation...
Ep 316/500  total_loss=0.7215  tr_acc=1.0000  val_acc=0.8730  val_auroc=0.9434  val_f1=0.8585  lr=3.05e-05
Running Validation...
Ep 317/500  total_loss=0.7532  tr_acc=0.9970  val_acc=0.8624  val_auroc=0.9286  val_f1=0.8184  lr=3.02e-05
Running Validation...
Ep 318/500  total_loss=0.7338  tr_acc=0.9954  val_acc=0.8677  val_auroc=0.9260  val_f1=0.8300  lr=2.99e-05
Running Validation...
Ep 319/500  total_loss=0.7272  tr_acc=1.0000  val_acc=0.8730  val_auroc=0.9326  val_f1=0.8413  lr=2.96e-05
Running Validation...
Ep 320/500  total_loss=0.7332  tr_acc=0.9977  val_acc=0.8730  val_auroc=0.9383  val_f1=0.8413  lr=2.94e-05
Running Validation...
Ep 321/500  total_loss=0.7314  tr_acc=0.9954  val_acc=0.8519  val_auroc=0.9432  val_f1=0.8165  lr=2.91e-05
Running Validation...
Ep 322/500  total_loss=0.7343  tr_acc=0.9985  val_acc=0.8519  val_auroc=0.9370  val_f1=0.8180  lr=2.88e-05
Running Validation...
Ep 323/500  total_loss=0.7247  tr_acc=0.9977  val_acc=0.8519  val_auroc=0.9359  val_f1=0.8197  lr=2.85e-05
Running Validation...
Ep 324/500  total_loss=0.7186  tr_acc=1.0000  val_acc=0.8519  val_auroc=0.9402  val_f1=0.8213  lr=2.82e-05
Running Validation...
Ep 325/500  total_loss=0.7200  tr_acc=0.9992  val_acc=0.8519  val_auroc=0.9319  val_f1=0.8207  lr=2.80e-05
Running Validation...
Ep 326/500  total_loss=0.7312  tr_acc=0.9992  val_acc=0.8571  val_auroc=0.9368  val_f1=0.8298  lr=2.77e-05
Running Validation...
Ep 327/500  total_loss=0.7297  tr_acc=0.9962  val_acc=0.8677  val_auroc=0.9407  val_f1=0.8352  lr=2.74e-05
Running Validation...
Ep 328/500  total_loss=0.7640  tr_acc=0.9947  val_acc=0.8519  val_auroc=0.9469  val_f1=0.8197  lr=2.71e-05
Running Validation...
Ep 329/500  total_loss=0.7448  tr_acc=0.9954  val_acc=0.8677  val_auroc=0.9445  val_f1=0.8333  lr=2.69e-05
Running Validation...
Ep 330/500  total_loss=0.7288  tr_acc=1.0000  val_acc=0.8677  val_auroc=0.9404  val_f1=0.8369  lr=2.66e-05
Running Validation...
Ep 331/500  total_loss=0.7377  tr_acc=0.9977  val_acc=0.8624  val_auroc=0.9421  val_f1=0.8307  lr=2.63e-05
Running Validation...
Ep 332/500  total_loss=0.7238  tr_acc=0.9977  val_acc=0.8730  val_auroc=0.9427  val_f1=0.8444  lr=2.60e-05
Running Validation...
Ep 333/500  total_loss=0.7233  tr_acc=0.9992  val_acc=0.8730  val_auroc=0.9495  val_f1=0.8461  lr=2.58e-05
Running Validation...
Ep 334/500  total_loss=0.7186  tr_acc=1.0000  val_acc=0.8624  val_auroc=0.9485  val_f1=0.8338  lr=2.55e-05
Running Validation...
Ep 335/500  total_loss=0.7290  tr_acc=0.9970  val_acc=0.8677  val_auroc=0.9486  val_f1=0.8400  lr=2.52e-05
Running Validation...
Ep 336/500  total_loss=0.7273  tr_acc=0.9992  val_acc=0.8677  val_auroc=0.9500  val_f1=0.8446  lr=2.49e-05
Running Validation...
Ep 337/500  total_loss=0.7198  tr_acc=1.0000  val_acc=0.8677  val_auroc=0.9497  val_f1=0.8448  lr=2.47e-05
Running Validation...
Ep 338/500  total_loss=0.7187  tr_acc=1.0000  val_acc=0.8730  val_auroc=0.9486  val_f1=0.8459  lr=2.44e-05
Running Validation...
Ep 339/500  total_loss=0.7350  tr_acc=0.9970  val_acc=0.8730  val_auroc=0.9443  val_f1=0.8392  lr=2.41e-05
Running Validation...
Ep 340/500  total_loss=0.7216  tr_acc=1.0000  val_acc=0.8836  val_auroc=0.9412  val_f1=0.8659  lr=2.39e-05
Running Validation...
Ep 341/500  total_loss=0.7306  tr_acc=0.9977  val_acc=0.8889  val_auroc=0.9480  val_f1=0.8661  lr=2.36e-05
Running Validation...
Ep 342/500  total_loss=0.7257  tr_acc=0.9977  val_acc=0.8571  val_auroc=0.9446  val_f1=0.8303  lr=2.33e-05
Running Validation...
Ep 343/500  total_loss=0.7375  tr_acc=0.9977  val_acc=0.8730  val_auroc=0.9463  val_f1=0.8424  lr=2.31e-05
Running Validation...
Ep 344/500  total_loss=0.7197  tr_acc=1.0000  val_acc=0.8624  val_auroc=0.9431  val_f1=0.8382  lr=2.28e-05
Running Validation...
Ep 345/500  total_loss=0.7209  tr_acc=1.0000  val_acc=0.8677  val_auroc=0.9428  val_f1=0.8465  lr=2.25e-05
Running Validation...
Ep 346/500  total_loss=0.7229  tr_acc=0.9992  val_acc=0.8836  val_auroc=0.9493  val_f1=0.8489  lr=2.23e-05
Running Validation...
Ep 347/500  total_loss=0.7225  tr_acc=1.0000  val_acc=0.8783  val_auroc=0.9453  val_f1=0.8453  lr=2.20e-05
Running Validation...
Ep 348/500  total_loss=0.7394  tr_acc=0.9985  val_acc=0.8889  val_auroc=0.9516  val_f1=0.8577  lr=2.18e-05
Running Validation...
Ep 349/500  total_loss=0.7303  tr_acc=0.9992  val_acc=0.8677  val_auroc=0.9467  val_f1=0.8420  lr=2.15e-05
Running Validation...
Ep 350/500  total_loss=0.7485  tr_acc=0.9985  val_acc=0.8571  val_auroc=0.9454  val_f1=0.8298  lr=2.13e-05
Running Validation...
Ep 351/500  total_loss=0.7260  tr_acc=1.0000  val_acc=0.8677  val_auroc=0.9495  val_f1=0.8383  lr=2.10e-05
Running Validation...
Ep 352/500  total_loss=0.7226  tr_acc=0.9992  val_acc=0.8889  val_auroc=0.9559  val_f1=0.8714  lr=2.07e-05
Running Validation...
Ep 353/500  total_loss=0.7338  tr_acc=0.9962  val_acc=0.8624  val_auroc=0.9423  val_f1=0.8237  lr=2.05e-05
Running Validation...
Ep 354/500  total_loss=0.7450  tr_acc=0.9970  val_acc=0.8836  val_auroc=0.9450  val_f1=0.8467  lr=2.02e-05
Running Validation...
Ep 355/500  total_loss=0.7413  tr_acc=0.9931  val_acc=0.8730  val_auroc=0.9418  val_f1=0.8324  lr=2.00e-05
Running Validation...
Ep 356/500  total_loss=0.7359  tr_acc=0.9970  val_acc=0.8413  val_auroc=0.9397  val_f1=0.8012  lr=1.97e-05
Running Validation...
Ep 357/500  total_loss=0.7189  tr_acc=1.0000  val_acc=0.8624  val_auroc=0.9410  val_f1=0.8272  lr=1.95e-05
Running Validation...
Ep 358/500  total_loss=0.7312  tr_acc=0.9977  val_acc=0.8466  val_auroc=0.9356  val_f1=0.8104  lr=1.92e-05
Running Validation...
Ep 359/500  total_loss=0.7224  tr_acc=0.9985  val_acc=0.8942  val_auroc=0.9550  val_f1=0.8733  lr=1.90e-05
Running Validation...
Ep 360/500  total_loss=0.7332  tr_acc=0.9970  val_acc=0.8889  val_auroc=0.9545  val_f1=0.8714  lr=1.87e-05
Running Validation...
Ep 361/500  total_loss=0.7275  tr_acc=0.9985  val_acc=0.8942  val_auroc=0.9569  val_f1=0.8746  lr=1.85e-05
Running Validation...
Ep 362/500  total_loss=0.7311  tr_acc=0.9970  val_acc=0.8783  val_auroc=0.9509  val_f1=0.8590  lr=1.82e-05
Running Validation...
Ep 363/500  total_loss=0.7419  tr_acc=0.9939  val_acc=0.8677  val_auroc=0.9417  val_f1=0.8368  lr=1.80e-05
Running Validation...
Ep 364/500  total_loss=0.7227  tr_acc=1.0000  val_acc=0.8783  val_auroc=0.9413  val_f1=0.8571  lr=1.78e-05
Running Validation...
Ep 365/500  total_loss=0.7263  tr_acc=0.9992  val_acc=0.8677  val_auroc=0.9444  val_f1=0.8361  lr=1.75e-05
Running Validation...
Ep 366/500  total_loss=0.7509  tr_acc=0.9939  val_acc=0.8836  val_auroc=0.9408  val_f1=0.8617  lr=1.73e-05
Running Validation...
Ep 367/500  total_loss=0.7221  tr_acc=0.9985  val_acc=0.8836  val_auroc=0.9399  val_f1=0.8617  lr=1.70e-05
Running Validation...
Ep 368/500  total_loss=0.7378  tr_acc=0.9970  val_acc=0.8571  val_auroc=0.9363  val_f1=0.8301  lr=1.68e-05
Running Validation...
Ep 369/500  total_loss=0.7334  tr_acc=0.9977  val_acc=0.8783  val_auroc=0.9323  val_f1=0.8478  lr=1.66e-05
Running Validation...
Ep 370/500  total_loss=0.7247  tr_acc=0.9985  val_acc=0.8624  val_auroc=0.9333  val_f1=0.8332  lr=1.63e-05
Running Validation...
Ep 371/500  total_loss=0.7185  tr_acc=1.0000  val_acc=0.8730  val_auroc=0.9373  val_f1=0.8446  lr=1.61e-05
Running Validation...
Ep 372/500  total_loss=0.7275  tr_acc=0.9977  val_acc=0.8624  val_auroc=0.9368  val_f1=0.8306  lr=1.59e-05
Running Validation...
Ep 373/500  total_loss=0.7290  tr_acc=0.9985  val_acc=0.8466  val_auroc=0.9306  val_f1=0.8065  lr=1.56e-05
Running Validation...
Ep 374/500  total_loss=0.7324  tr_acc=0.9970  val_acc=0.8677  val_auroc=0.9362  val_f1=0.8405  lr=1.54e-05
Running Validation...
Ep 375/500  total_loss=0.7248  tr_acc=1.0000  val_acc=0.8677  val_auroc=0.9275  val_f1=0.8376  lr=1.52e-05
Running Validation...
Ep 376/500  total_loss=0.7222  tr_acc=0.9985  val_acc=0.8466  val_auroc=0.9376  val_f1=0.8084  lr=1.50e-05
Running Validation...
Ep 377/500  total_loss=0.7184  tr_acc=1.0000  val_acc=0.8466  val_auroc=0.9356  val_f1=0.8084  lr=1.47e-05
Running Validation...
Ep 378/500  total_loss=0.7227  tr_acc=0.9992  val_acc=0.8519  val_auroc=0.9388  val_f1=0.8126  lr=1.45e-05
Running Validation...
Ep 379/500  total_loss=0.7271  tr_acc=0.9985  val_acc=0.8466  val_auroc=0.9368  val_f1=0.8084  lr=1.43e-05
Running Validation...
Ep 380/500  total_loss=0.7286  tr_acc=0.9970  val_acc=0.8466  val_auroc=0.9340  val_f1=0.8084  lr=1.41e-05
Running Validation...
Ep 381/500  total_loss=0.7184  tr_acc=1.0000  val_acc=0.8677  val_auroc=0.9378  val_f1=0.8369  lr=1.38e-05
Running Validation...
Ep 382/500  total_loss=0.7376  tr_acc=0.9954  val_acc=0.8571  val_auroc=0.9316  val_f1=0.8212  lr=1.36e-05
Running Validation...
Ep 383/500  total_loss=0.7185  tr_acc=1.0000  val_acc=0.8624  val_auroc=0.9321  val_f1=0.8311  lr=1.34e-05
Running Validation...
Ep 384/500  total_loss=0.7185  tr_acc=1.0000  val_acc=0.8519  val_auroc=0.9326  val_f1=0.8133  lr=1.32e-05
Running Validation...
Ep 385/500  total_loss=0.7303  tr_acc=0.9977  val_acc=0.8624  val_auroc=0.9324  val_f1=0.8276  lr=1.30e-05
Running Validation...
Ep 386/500  total_loss=0.7233  tr_acc=0.9985  val_acc=0.8624  val_auroc=0.9339  val_f1=0.8288  lr=1.28e-05
Running Validation...
Ep 387/500  total_loss=0.7224  tr_acc=1.0000  val_acc=0.8624  val_auroc=0.9368  val_f1=0.8258  lr=1.26e-05
Running Validation...
Ep 388/500  total_loss=0.7183  tr_acc=1.0000  val_acc=0.8519  val_auroc=0.9343  val_f1=0.8081  lr=1.23e-05
Running Validation...
Ep 389/500  total_loss=0.7221  tr_acc=0.9992  val_acc=0.8624  val_auroc=0.9352  val_f1=0.8256  lr=1.21e-05
Running Validation...
Ep 390/500  total_loss=0.7198  tr_acc=0.9992  val_acc=0.8466  val_auroc=0.9285  val_f1=0.8009  lr=1.19e-05
Running Validation...
Ep 391/500  total_loss=0.7191  tr_acc=1.0000  val_acc=0.8571  val_auroc=0.9373  val_f1=0.8265  lr=1.17e-05
Running Validation...
Ep 392/500  total_loss=0.7182  tr_acc=1.0000  val_acc=0.8624  val_auroc=0.9413  val_f1=0.8311  lr=1.15e-05
Running Validation...
Ep 393/500  total_loss=0.7504  tr_acc=0.9924  val_acc=0.8624  val_auroc=0.9371  val_f1=0.8325  lr=1.13e-05
Running Validation...
Ep 394/500  total_loss=0.7349  tr_acc=0.9985  val_acc=0.8677  val_auroc=0.9435  val_f1=0.8391  lr=1.11e-05
Running Validation...
Ep 395/500  total_loss=0.7183  tr_acc=1.0000  val_acc=0.8783  val_auroc=0.9446  val_f1=0.8562  lr=1.09e-05
Running Validation...
Ep 396/500  total_loss=0.7268  tr_acc=1.0000  val_acc=0.8677  val_auroc=0.9441  val_f1=0.8446  lr=1.07e-05
Running Validation...
Ep 397/500  total_loss=0.7235  tr_acc=0.9992  val_acc=0.8783  val_auroc=0.9426  val_f1=0.8548  lr=1.05e-05
Running Validation...
Ep 398/500  total_loss=0.7217  tr_acc=0.9985  val_acc=0.8730  val_auroc=0.9404  val_f1=0.8504  lr=1.03e-05
Running Validation...
Ep 399/500  total_loss=0.7326  tr_acc=0.9970  val_acc=0.8783  val_auroc=0.9391  val_f1=0.8548  lr=1.01e-05
Running Validation...
Ep 400/500  total_loss=0.7236  tr_acc=0.9985  val_acc=0.8783  val_auroc=0.9380  val_f1=0.8533  lr=9.94e-06
Running Validation...
Ep 401/500  total_loss=0.7183  tr_acc=1.0000  val_acc=0.8836  val_auroc=0.9423  val_f1=0.8566  lr=9.75e-06
Running Validation...
Ep 402/500  total_loss=0.7214  tr_acc=1.0000  val_acc=0.8677  val_auroc=0.9387  val_f1=0.8373  lr=9.56e-06
Running Validation...
Ep 403/500  total_loss=0.7243  tr_acc=0.9985  val_acc=0.8730  val_auroc=0.9400  val_f1=0.8434  lr=9.38e-06
Running Validation...
Ep 404/500  total_loss=0.7314  tr_acc=0.9992  val_acc=0.8677  val_auroc=0.9392  val_f1=0.8391  lr=9.19e-06
Running Validation...
Ep 405/500  total_loss=0.7325  tr_acc=0.9977  val_acc=0.8730  val_auroc=0.9367  val_f1=0.8489  lr=9.01e-06
Running Validation...
Ep 406/500  total_loss=0.7187  tr_acc=1.0000  val_acc=0.8783  val_auroc=0.9376  val_f1=0.8589  lr=8.83e-06
Running Validation...
Ep 407/500  total_loss=0.7382  tr_acc=0.9970  val_acc=0.8571  val_auroc=0.9321  val_f1=0.8142  lr=8.65e-06
Running Validation...
Ep 408/500  total_loss=0.7227  tr_acc=1.0000  val_acc=0.8677  val_auroc=0.9281  val_f1=0.8333  lr=8.47e-06
Running Validation...
Ep 409/500  total_loss=0.7284  tr_acc=0.9977  val_acc=0.8624  val_auroc=0.9354  val_f1=0.8254  lr=8.29e-06
Running Validation...
Ep 410/500  total_loss=0.7234  tr_acc=0.9985  val_acc=0.8571  val_auroc=0.9385  val_f1=0.8211  lr=8.12e-06
Running Validation...
Ep 411/500  total_loss=0.7303  tr_acc=0.9992  val_acc=0.8571  val_auroc=0.9361  val_f1=0.8211  lr=7.94e-06
Running Validation...
Ep 412/500  total_loss=0.7352  tr_acc=0.9970  val_acc=0.8624  val_auroc=0.9429  val_f1=0.8294  lr=7.77e-06
Running Validation...
Ep 413/500  total_loss=0.7313  tr_acc=0.9962  val_acc=0.8730  val_auroc=0.9381  val_f1=0.8380  lr=7.60e-06
Running Validation...
Ep 414/500  total_loss=0.7182  tr_acc=1.0000  val_acc=0.8677  val_auroc=0.9361  val_f1=0.8392  lr=7.43e-06
Running Validation...
Ep 415/500  total_loss=0.7226  tr_acc=0.9992  val_acc=0.8624  val_auroc=0.9373  val_f1=0.8294  lr=7.27e-06
Running Validation...
Ep 416/500  total_loss=0.7228  tr_acc=0.9992  val_acc=0.8730  val_auroc=0.9433  val_f1=0.8397  lr=7.10e-06
Running Validation...
Ep 417/500  total_loss=0.7269  tr_acc=0.9985  val_acc=0.8624  val_auroc=0.9393  val_f1=0.8185  lr=6.94e-06
Running Validation...
Ep 418/500  total_loss=0.7272  tr_acc=0.9985  val_acc=0.8519  val_auroc=0.9384  val_f1=0.8099  lr=6.78e-06
Running Validation...
Ep 419/500  total_loss=0.7221  tr_acc=0.9985  val_acc=0.8624  val_auroc=0.9429  val_f1=0.8258  lr=6.62e-06
Running Validation...
Ep 420/500  total_loss=0.7319  tr_acc=0.9985  val_acc=0.8677  val_auroc=0.9471  val_f1=0.8354  lr=6.46e-06
Running Validation...
Ep 421/500  total_loss=0.7387  tr_acc=0.9985  val_acc=0.8624  val_auroc=0.9335  val_f1=0.8283  lr=6.30e-06
Running Validation...
Ep 422/500  total_loss=0.7184  tr_acc=1.0000  val_acc=0.8519  val_auroc=0.9299  val_f1=0.8105  lr=6.15e-06
Running Validation...
Ep 423/500  total_loss=0.7238  tr_acc=0.9985  val_acc=0.8677  val_auroc=0.9319  val_f1=0.8342  lr=5.99e-06
Running Validation...
Ep 424/500  total_loss=0.7274  tr_acc=0.9977  val_acc=0.8571  val_auroc=0.9300  val_f1=0.8186  lr=5.84e-06
Running Validation...
Ep 425/500  total_loss=0.7335  tr_acc=0.9954  val_acc=0.8677  val_auroc=0.9317  val_f1=0.8326  lr=5.69e-06
Running Validation...
Ep 426/500  total_loss=0.7275  tr_acc=0.9985  val_acc=0.8466  val_auroc=0.9270  val_f1=0.8031  lr=5.55e-06
Running Validation...
Ep 427/500  total_loss=0.7333  tr_acc=0.9977  val_acc=0.8677  val_auroc=0.9316  val_f1=0.8305  lr=5.40e-06
Running Validation...
Ep 428/500  total_loss=0.7251  tr_acc=0.9977  val_acc=0.8624  val_auroc=0.9273  val_f1=0.8223  lr=5.26e-06
Running Validation...
Ep 429/500  total_loss=0.7269  tr_acc=0.9977  val_acc=0.8624  val_auroc=0.9296  val_f1=0.8231  lr=5.11e-06
Running Validation...
Ep 430/500  total_loss=0.7183  tr_acc=1.0000  val_acc=0.8519  val_auroc=0.9275  val_f1=0.8136  lr=4.97e-06
Running Validation...
Ep 431/500  total_loss=0.7264  tr_acc=0.9977  val_acc=0.8519  val_auroc=0.9302  val_f1=0.8136  lr=4.84e-06
Running Validation...
Ep 432/500  total_loss=0.7184  tr_acc=1.0000  val_acc=0.8519  val_auroc=0.9283  val_f1=0.8136  lr=4.70e-06
Running Validation...
Ep 433/500  total_loss=0.7306  tr_acc=0.9970  val_acc=0.8571  val_auroc=0.9247  val_f1=0.8137  lr=4.57e-06
Running Validation...
Ep 434/500  total_loss=0.7255  tr_acc=0.9992  val_acc=0.8571  val_auroc=0.9201  val_f1=0.8219  lr=4.43e-06
Running Validation...
Ep 435/500  total_loss=0.7266  tr_acc=0.9977  val_acc=0.8571  val_auroc=0.9185  val_f1=0.8164  lr=4.30e-06
Running Validation...
Ep 436/500  total_loss=0.7260  tr_acc=0.9985  val_acc=0.8571  val_auroc=0.9172  val_f1=0.8219  lr=4.17e-06
Running Validation...
Ep 437/500  total_loss=0.7212  tr_acc=0.9985  val_acc=0.8571  val_auroc=0.9193  val_f1=0.8219  lr=4.04e-06
Running Validation...
Ep 438/500  total_loss=0.7187  tr_acc=1.0000  val_acc=0.8571  val_auroc=0.9218  val_f1=0.8171  lr=3.92e-06
Running Validation...
Ep 439/500  total_loss=0.7225  tr_acc=1.0000  val_acc=0.8571  val_auroc=0.9200  val_f1=0.8219  lr=3.80e-06
Running Validation...
Ep 440/500  total_loss=0.7184  tr_acc=1.0000  val_acc=0.8519  val_auroc=0.9207  val_f1=0.8121  lr=3.67e-06
Running Validation...
Ep 441/500  total_loss=0.7346  tr_acc=0.9962  val_acc=0.8571  val_auroc=0.9189  val_f1=0.8219  lr=3.55e-06
Running Validation...
Ep 442/500  total_loss=0.7280  tr_acc=0.9970  val_acc=0.8624  val_auroc=0.9185  val_f1=0.8230  lr=3.44e-06
Running Validation...
Ep 443/500  total_loss=0.7213  tr_acc=0.9992  val_acc=0.8677  val_auroc=0.9272  val_f1=0.8334  lr=3.32e-06
Running Validation...
Ep 444/500  total_loss=0.7183  tr_acc=1.0000  val_acc=0.8677  val_auroc=0.9274  val_f1=0.8334  lr=3.21e-06
Running Validation...
Ep 445/500  total_loss=0.7182  tr_acc=1.0000  val_acc=0.8677  val_auroc=0.9291  val_f1=0.8334  lr=3.09e-06
Running Validation...
Ep 446/500  total_loss=0.7267  tr_acc=0.9977  val_acc=0.8677  val_auroc=0.9277  val_f1=0.8287  lr=2.98e-06
Running Validation...
Ep 447/500  total_loss=0.7183  tr_acc=1.0000  val_acc=0.8677  val_auroc=0.9252  val_f1=0.8334  lr=2.88e-06
Running Validation...
Ep 448/500  total_loss=0.7182  tr_acc=1.0000  val_acc=0.8677  val_auroc=0.9259  val_f1=0.8334  lr=2.77e-06
Running Validation...
Ep 449/500  total_loss=0.7312  tr_acc=0.9977  val_acc=0.8677  val_auroc=0.9234  val_f1=0.8334  lr=2.67e-06
Running Validation...
Ep 450/500  total_loss=0.7380  tr_acc=0.9947  val_acc=0.8624  val_auroc=0.9257  val_f1=0.8193  lr=2.56e-06
Running Validation...
Ep 451/500  total_loss=0.7315  tr_acc=0.9954  val_acc=0.8571  val_auroc=0.9220  val_f1=0.8133  lr=2.46e-06
Running Validation...
Ep 452/500  total_loss=0.7233  tr_acc=0.9992  val_acc=0.8677  val_auroc=0.9265  val_f1=0.8287  lr=2.36e-06
Running Validation...
Ep 453/500  total_loss=0.7189  tr_acc=1.0000  val_acc=0.8677  val_auroc=0.9255  val_f1=0.8320  lr=2.27e-06
Running Validation...
Ep 454/500  total_loss=0.7288  tr_acc=0.9970  val_acc=0.8571  val_auroc=0.9258  val_f1=0.8164  lr=2.17e-06
Running Validation...
Ep 455/500  total_loss=0.7183  tr_acc=1.0000  val_acc=0.8730  val_auroc=0.9289  val_f1=0.8378  lr=2.08e-06
Running Validation...
Ep 456/500  total_loss=0.7274  tr_acc=0.9977  val_acc=0.8730  val_auroc=0.9239  val_f1=0.8378  lr=1.99e-06
Running Validation...
Ep 457/500  total_loss=0.7224  tr_acc=0.9992  val_acc=0.8677  val_auroc=0.9234  val_f1=0.8320  lr=1.90e-06
Running Validation...
Ep 458/500  total_loss=0.7186  tr_acc=1.0000  val_acc=0.8677  val_auroc=0.9229  val_f1=0.8320  lr=1.81e-06
Running Validation...
Ep 459/500  total_loss=0.7217  tr_acc=0.9992  val_acc=0.8677  val_auroc=0.9235  val_f1=0.8320  lr=1.73e-06
Running Validation...
Ep 460/500  total_loss=0.7185  tr_acc=1.0000  val_acc=0.8624  val_auroc=0.9218  val_f1=0.8224  lr=1.65e-06
Running Validation...
Ep 461/500  total_loss=0.7273  tr_acc=0.9970  val_acc=0.8677  val_auroc=0.9235  val_f1=0.8320  lr=1.57e-06
Running Validation...
Ep 462/500  total_loss=0.7227  tr_acc=0.9985  val_acc=0.8677  val_auroc=0.9226  val_f1=0.8320  lr=1.49e-06
Running Validation...
Ep 463/500  total_loss=0.7267  tr_acc=0.9977  val_acc=0.8624  val_auroc=0.9271  val_f1=0.8229  lr=1.41e-06
Running Validation...
Ep 464/500  total_loss=0.7185  tr_acc=1.0000  val_acc=0.8624  val_auroc=0.9254  val_f1=0.8229  lr=1.34e-06
Running Validation...
Ep 465/500  total_loss=0.7311  tr_acc=0.9962  val_acc=0.8677  val_auroc=0.9298  val_f1=0.8320  lr=1.26e-06
Running Validation...
Ep 466/500  total_loss=0.7255  tr_acc=0.9985  val_acc=0.8677  val_auroc=0.9335  val_f1=0.8320  lr=1.19e-06
Running Validation...
Ep 467/500  total_loss=0.7271  tr_acc=0.9977  val_acc=0.8677  val_auroc=0.9325  val_f1=0.8320  lr=1.12e-06
Running Validation...
Ep 468/500  total_loss=0.7266  tr_acc=0.9970  val_acc=0.8677  val_auroc=0.9313  val_f1=0.8273  lr=1.06e-06
Running Validation...
Ep 469/500  total_loss=0.7215  tr_acc=0.9985  val_acc=0.8624  val_auroc=0.9270  val_f1=0.8224  lr=9.91e-07
Running Validation...
Ep 470/500  total_loss=0.7236  tr_acc=0.9992  val_acc=0.8624  val_auroc=0.9302  val_f1=0.8224  lr=9.29e-07
Running Validation...
Ep 471/500  total_loss=0.7220  tr_acc=0.9985  val_acc=0.8624  val_auroc=0.9290  val_f1=0.8224  lr=8.68e-07
Running Validation...
Ep 472/500  total_loss=0.7321  tr_acc=0.9970  val_acc=0.8624  val_auroc=0.9250  val_f1=0.8224  lr=8.50e-07
Running Validation...
Ep 473/500  total_loss=0.7232  tr_acc=0.9992  val_acc=0.8677  val_auroc=0.9277  val_f1=0.8320  lr=8.50e-07
Running Validation...
Ep 474/500  total_loss=0.7303  tr_acc=0.9977  val_acc=0.8571  val_auroc=0.9300  val_f1=0.8128  lr=8.50e-07
Running Validation...
Ep 475/500  total_loss=0.7225  tr_acc=0.9992  val_acc=0.8677  val_auroc=0.9279  val_f1=0.8320  lr=8.50e-07
Running Validation...
Ep 476/500  total_loss=0.7247  tr_acc=0.9977  val_acc=0.8677  val_auroc=0.9312  val_f1=0.8320  lr=8.50e-07
Running Validation...
Ep 477/500  total_loss=0.7257  tr_acc=0.9985  val_acc=0.8677  val_auroc=0.9223  val_f1=0.8290  lr=8.50e-07
Running Validation...
Ep 478/500  total_loss=0.7241  tr_acc=0.9977  val_acc=0.8677  val_auroc=0.9329  val_f1=0.8365  lr=8.50e-07
Running Validation...
Ep 479/500  total_loss=0.7181  tr_acc=1.0000  val_acc=0.8677  val_auroc=0.9263  val_f1=0.8320  lr=8.50e-07
Running Validation...
Ep 480/500  total_loss=0.7312  tr_acc=0.9954  val_acc=0.8677  val_auroc=0.9315  val_f1=0.8311  lr=8.50e-07
Running Validation...
Ep 481/500  total_loss=0.7252  tr_acc=0.9985  val_acc=0.8677  val_auroc=0.9305  val_f1=0.8320  lr=8.50e-07
Running Validation...
Ep 482/500  total_loss=0.7261  tr_acc=0.9977  val_acc=0.8677  val_auroc=0.9330  val_f1=0.8320  lr=8.50e-07
Running Validation...
Ep 483/500  total_loss=0.7183  tr_acc=1.0000  val_acc=0.8624  val_auroc=0.9295  val_f1=0.8277  lr=8.50e-07
Running Validation...
Ep 484/500  total_loss=0.7276  tr_acc=0.9977  val_acc=0.8624  val_auroc=0.9287  val_f1=0.8277  lr=8.50e-07
Running Validation...
Ep 485/500  total_loss=0.7301  tr_acc=0.9970  val_acc=0.8624  val_auroc=0.9250  val_f1=0.8277  lr=8.50e-07
Running Validation...
Ep 486/500  total_loss=0.7185  tr_acc=1.0000  val_acc=0.8677  val_auroc=0.9319  val_f1=0.8320  lr=8.50e-07
Running Validation...
Ep 487/500  total_loss=0.7359  tr_acc=0.9939  val_acc=0.8571  val_auroc=0.9258  val_f1=0.8125  lr=8.50e-07
Running Validation...
Ep 488/500  total_loss=0.7362  tr_acc=0.9939  val_acc=0.8571  val_auroc=0.9251  val_f1=0.8140  lr=8.50e-07
Running Validation...
Ep 489/500  total_loss=0.7264  tr_acc=0.9985  val_acc=0.8624  val_auroc=0.9289  val_f1=0.8224  lr=8.50e-07
Running Validation...
Ep 490/500  total_loss=0.7235  tr_acc=0.9977  val_acc=0.8624  val_auroc=0.9297  val_f1=0.8277  lr=8.50e-07
Running Validation...
Ep 491/500  total_loss=0.7225  tr_acc=0.9992  val_acc=0.8624  val_auroc=0.9313  val_f1=0.8224  lr=8.50e-07
Running Validation...
Ep 492/500  total_loss=0.7223  tr_acc=0.9985  val_acc=0.8624  val_auroc=0.9290  val_f1=0.8224  lr=8.50e-07
Running Validation...
Ep 493/500  total_loss=0.7213  tr_acc=0.9992  val_acc=0.8677  val_auroc=0.9290  val_f1=0.8320  lr=8.50e-07
Running Validation...
Ep 494/500  total_loss=0.7302  tr_acc=0.9985  val_acc=0.8624  val_auroc=0.9272  val_f1=0.8277  lr=8.50e-07
Running Validation...
Ep 495/500  total_loss=0.7326  tr_acc=0.9962  val_acc=0.8624  val_auroc=0.9268  val_f1=0.8252  lr=8.50e-07
Running Validation...
Ep 496/500  total_loss=0.7183  tr_acc=1.0000  val_acc=0.8730  val_auroc=0.9339  val_f1=0.8408  lr=8.50e-07
Running Validation...
Ep 497/500  total_loss=0.7306  tr_acc=0.9970  val_acc=0.8730  val_auroc=0.9302  val_f1=0.8408  lr=8.50e-07
Running Validation...
Ep 498/500  total_loss=0.7239  tr_acc=0.9985  val_acc=0.8677  val_auroc=0.9321  val_f1=0.8365  lr=8.50e-07
Running Validation...
Ep 499/500  total_loss=0.7217  tr_acc=0.9992  val_acc=0.8677  val_auroc=0.9250  val_f1=0.8311  lr=8.50e-07
Running Validation...
Ep 500/500  total_loss=0.7182  tr_acc=1.0000  val_acc=0.8677  val_auroc=0.9245  val_f1=0.8311  lr=8.50e-07
Training complete. Best AUROC: 0.9625, Best F1: 0.9023
Loaded best model from best_f1_model.pt (epoch 144)
Running Validation (final)...

Binary fairness (Validation):
  Acc_light: 0.9130  (FST I–III)
  Acc_dark : 0.9333  (FST IV–VI)
  Acc_gap  : 0.0203
  DP_diff  : 0.0591
  EOpp0    : 0.0772
  EOpp1    : 0.0533
  EOdd     : 0.0653
Running Test...

[Baseline+Conf ViT] Test KNN (k=5) accuracy: 0.9294

Binary fairness (Test):
  Acc_light: 0.9385  (FST I–III)
  Acc_dark : 0.8824  (FST IV–VI)
  Acc_gap  : 0.0562
  DP_diff  : 0.1303
  EOpp0    : 0.3824
  EOpp1    : 0.0767
  EOdd     : 0.2295

Evaluating on fitzpatrick17k
Running Cross-eval: fitzpatrick17k...

Binary fairness (fitzpatrick17k):
  Acc_light: 0.5940  (FST I–III)
  Acc_dark : 0.5648  (FST IV–VI)
  Acc_gap  : 0.0291
  DP_diff  : 0.0567
  EOpp0    : 0.0534
  EOpp1    : 0.0624
  EOdd     : 0.0579

Evaluating on padufes20
Running Cross-eval: padufes20...

Binary fairness (padufes20):
  Acc_light: 0.8978  (FST I–III)
  Acc_dark : 0.8095  (FST IV–VI)
  Acc_gap  : 0.0883
  DP_diff  : 0.1579
  EOpp0    : 0.1445
  EOpp1    : 0.0681
  EOdd     : 0.1063

Evaluating on isic2019
Running Cross-eval: isic2019...

Binary fairness (isic2019):
  Acc_light: nan  (FST I–III)
  Acc_dark : nan  (FST IV–VI)
  Acc_gap  : nan
  DP_diff  : nan
  EOpp0    : nan
  EOpp1    : nan
  EOdd     : nan

Cross-dataset summary:
                 accuracy     auroc  precision  ...       EOM       PQD       DPM
fitzpatrick17k  0.587145  0.775820   0.599258  ...  0.566654  0.800000  0.520096
padufes20       0.829097  0.909034   0.682042  ...  0.632671  0.789474  0.285405
isic2019        0.748050  0.836669   0.691287  ...       NaN       NaN       NaN

[3 rows x 10 columns]

All results saved to outputs_BASE+Conf_vit/results_BASE+Conf_vit
Checkpoints saved to outputs_BASE+Conf_vit/checkpoints_BASE+Conf_vit
=========================================
Finished: Wed Jun 24 04:07:27 PM CEST 2026
Exit code: 0

[DONE] Training completed successfully.
Outputs:
  Checkpoints → 20260623-process/outputs_BASE+Conf_vit/checkpoints/
  Results     → 20260623-process/outputs_BASE+Conf_vit/results/
  CSVs        → 20260623-process/outputs_BASE+Conf_vit/csvs/
