=========================================
Job:       train_patchalign_resnet18  (449202)
Node:      bigpu02
Started:   Wed Jun 24 06:34:40 PM CEST 2026
=========================================
[INFO] No HF token found at /users/jlacmou/.hf_token — downloads may be slow.
[INFO] No kaggle.json found in 20260623-process. Relying on ~/.kaggle/ or env vars.
[SETUP] Installing / verifying Python dependencies...

── GPU info ──────────────────────────────
Tesla V100-PCIE-32GB, 32768 MiB, 575.57.08
PyTorch : 2.12.1+cu126
CUDA    : 12.6
Devices : 1
GPU 0   : Tesla V100-PCIE-32GB
VRAM    : 34.1 GB
──────────────────────────────────────────

[CHECK] Validating dataset roots...
  [OK]      20260623-process/data/datasets/asosenge/hibaskinlesionsdataset-main
  [OK]      20260623-process/data/datasets/asosenge/fitzpatrick17k
  [OK]      20260623-process/data/datasets/asosenge/derm7pt
  [OK]      20260623-process/data/datasets/mahdavi1202/skin-cancer
  [OK]      20260623-process/data/datasets/sengenjih/isic2019

[CONVERT] Converting notebook to Python script...
[PATCH] Redirecting Kaggle paths → cluster paths...
  DATA_ROOT  → 20260623-process/data/datasets
  WORK_ROOT  → 20260623-process/outputs_patchalign_resnet18
  BB_CACHE   → 20260623-process/backbone_cache
  Patch applied successfully.

[RUN] Starting training — Wed Jun 24 06:35:17 PM CEST 2026
=========================================
Device: cuda
CSV dir: outputs_patchalign_resnet18/csvs
Checkpoints: outputs_patchalign_resnet18/checkpoints_PatchAlign_resnet18
Results: outputs_patchalign_resnet18/results_PatchAlign_resnet18
Loaded full embedding matrix: (115, 768)
Selected embeddings: (4, 768)
[INFO] Built image map for hiba: 1616 entries
[INFO] Built image map for fitzpatrick17k: 16577 entries
[INFO] Built image map for derm7pt: 2013 entries
[INFO] Built image map for padufes20: 2298 entries
[INFO] Built image map for isic2019: 33569 entries
[INFO] paired_train: loaded 738 ID-matched pairs from split clin/derm CSVs
[INFO] paired_val: loaded 106 ID-matched pairs from split clin/derm CSVs
[INFO] paired_test: loaded 211 ID-matched pairs from split clin/derm CSVs
[INFO] Loaded fitzpatrick17k eval set: 1727 samples
[INFO] Loaded padufes20 eval set: 1141 samples
[INFO] Loaded isic2019 eval set: 25517 samples
Train batches: 41, Val batches: 6
Test batches: 33
Cross-eval loaders: ['fitzpatrick17k', 'padufes20', 'isic2019']
Running Validation...
Ep   1/500  loss=4.1410  (cls=1.320 conf=1.809 skin=1.820 got=0.096)  tr_acc=0.3704  val_acc=0.4021  val_auroc=0.5820  val_f1=0.2952  lr=3.40e-06
Running Validation...
Ep   2/500  loss=4.0434  (cls=1.240 conf=1.806 skin=1.814 got=0.086)  tr_acc=0.4146  val_acc=0.4762  val_auroc=0.6797  val_f1=0.3565  lr=5.10e-06
Running Validation...
Ep   3/500  loss=3.8826  (cls=1.105 conf=1.805 skin=1.804 got=0.072)  tr_acc=0.4901  val_acc=0.6190  val_auroc=0.7684  val_f1=0.4818  lr=6.80e-06
Running Validation...
Ep   4/500  loss=3.7093  (cls=0.943 conf=1.804 skin=1.808 got=0.057)  tr_acc=0.5541  val_acc=0.6825  val_auroc=0.8308  val_f1=0.5962  lr=8.50e-06
Running Validation...
Ep   5/500  loss=3.5482  (cls=0.799 conf=1.802 skin=1.806 got=0.042)  tr_acc=0.6372  val_acc=0.7249  val_auroc=0.8666  val_f1=0.6518  lr=1.02e-05
Running Validation...
Ep   6/500  loss=3.4473  (cls=0.710 conf=1.800 skin=1.807 got=0.031)  tr_acc=0.6867  val_acc=0.7249  val_auroc=0.8771  val_f1=0.6749  lr=1.19e-05
Running Validation...
Ep   7/500  loss=3.3951  (cls=0.670 conf=1.799 skin=1.803 got=0.023)  tr_acc=0.7203  val_acc=0.7196  val_auroc=0.8852  val_f1=0.6775  lr=1.36e-05
Running Validation...
Ep   8/500  loss=3.2787  (cls=0.565 conf=1.798 skin=1.797 got=0.018)  tr_acc=0.7660  val_acc=0.7407  val_auroc=0.8964  val_f1=0.6880  lr=1.53e-05
Running Validation...
Ep   9/500  loss=3.2216  (cls=0.510 conf=1.796 skin=1.799 got=0.014)  tr_acc=0.7752  val_acc=0.7354  val_auroc=0.9011  val_f1=0.6898  lr=1.70e-05
Running Validation...
Ep  10/500  loss=3.1565  (cls=0.453 conf=1.796 skin=1.794 got=0.011)  tr_acc=0.8140  val_acc=0.7513  val_auroc=0.9075  val_f1=0.7233  lr=1.87e-05
Running Validation...
Ep  11/500  loss=3.1248  (cls=0.421 conf=1.795 skin=1.797 got=0.009)  tr_acc=0.8255  val_acc=0.7460  val_auroc=0.9028  val_f1=0.7160  lr=2.04e-05
Running Validation...
Ep  12/500  loss=3.0796  (cls=0.377 conf=1.795 skin=1.796 got=0.009)  tr_acc=0.8529  val_acc=0.7778  val_auroc=0.9132  val_f1=0.7475  lr=2.21e-05
Running Validation...
Ep  13/500  loss=3.0436  (cls=0.342 conf=1.794 skin=1.797 got=0.008)  tr_acc=0.8666  val_acc=0.7619  val_auroc=0.9068  val_f1=0.7286  lr=2.38e-05
Running Validation...
Ep  14/500  loss=3.0238  (cls=0.326 conf=1.794 skin=1.794 got=0.007)  tr_acc=0.8697  val_acc=0.7566  val_auroc=0.9062  val_f1=0.7327  lr=2.55e-05
Running Validation...
Ep  15/500  loss=3.0112  (cls=0.313 conf=1.794 skin=1.795 got=0.006)  tr_acc=0.8826  val_acc=0.7831  val_auroc=0.9139  val_f1=0.7386  lr=2.72e-05
Running Validation...
Ep  16/500  loss=2.9710  (cls=0.274 conf=1.794 skin=1.794 got=0.006)  tr_acc=0.8986  val_acc=0.7884  val_auroc=0.9135  val_f1=0.7549  lr=2.89e-05
Running Validation...
Ep  17/500  loss=2.9528  (cls=0.251 conf=1.793 skin=1.798 got=0.006)  tr_acc=0.9062  val_acc=0.7566  val_auroc=0.9015  val_f1=0.7259  lr=3.06e-05
Running Validation...
Ep  18/500  loss=2.9236  (cls=0.228 conf=1.793 skin=1.793 got=0.007)  tr_acc=0.9162  val_acc=0.7672  val_auroc=0.9033  val_f1=0.7262  lr=3.23e-05
Running Validation...
Ep  19/500  loss=2.9685  (cls=0.271 conf=1.793 skin=1.795 got=0.007)  tr_acc=0.8971  val_acc=0.7725  val_auroc=0.9029  val_f1=0.7253  lr=3.40e-05
Running Validation...
Ep  20/500  loss=2.9522  (cls=0.255 conf=1.793 skin=1.794 got=0.007)  tr_acc=0.9146  val_acc=0.7619  val_auroc=0.9020  val_f1=0.7208  lr=3.57e-05
Running Validation...
Ep  21/500  loss=2.9456  (cls=0.249 conf=1.793 skin=1.794 got=0.006)  tr_acc=0.8986  val_acc=0.7672  val_auroc=0.9018  val_f1=0.7266  lr=3.74e-05
Running Validation...
Ep  22/500  loss=2.9331  (cls=0.235 conf=1.793 skin=1.795 got=0.006)  tr_acc=0.9123  val_acc=0.7778  val_auroc=0.9066  val_f1=0.7407  lr=3.91e-05
Running Validation...
Ep  23/500  loss=2.9150  (cls=0.216 conf=1.793 skin=1.796 got=0.007)  tr_acc=0.9291  val_acc=0.7884  val_auroc=0.9096  val_f1=0.7549  lr=4.08e-05
Running Validation...
Ep  24/500  loss=2.9595  (cls=0.261 conf=1.793 skin=1.795 got=0.006)  tr_acc=0.9070  val_acc=0.7725  val_auroc=0.9064  val_f1=0.7328  lr=4.25e-05
Running Validation...
Ep  25/500  loss=2.9381  (cls=0.238 conf=1.793 skin=1.797 got=0.006)  tr_acc=0.9101  val_acc=0.7884  val_auroc=0.9109  val_f1=0.7549  lr=4.42e-05
Running Validation...
Ep  26/500  loss=2.9153  (cls=0.219 conf=1.793 skin=1.794 got=0.007)  tr_acc=0.9177  val_acc=0.7778  val_auroc=0.9111  val_f1=0.7238  lr=4.59e-05
Running Validation...
Ep  27/500  loss=2.9779  (cls=0.284 conf=1.793 skin=1.791 got=0.006)  tr_acc=0.8925  val_acc=0.7778  val_auroc=0.9093  val_f1=0.7415  lr=4.76e-05
Running Validation...
Ep  28/500  loss=2.9298  (cls=0.234 conf=1.793 skin=1.792 got=0.007)  tr_acc=0.9055  val_acc=0.7778  val_auroc=0.9122  val_f1=0.7398  lr=4.93e-05
Running Validation...
Ep  29/500  loss=2.9267  (cls=0.227 conf=1.793 skin=1.796 got=0.007)  tr_acc=0.9162  val_acc=0.7884  val_auroc=0.9095  val_f1=0.7549  lr=5.10e-05
Running Validation...
Ep  30/500  loss=2.9556  (cls=0.256 conf=1.793 skin=1.796 got=0.006)  tr_acc=0.8910  val_acc=0.7725  val_auroc=0.9099  val_f1=0.7355  lr=5.27e-05
Running Validation...
Ep  31/500  loss=2.9550  (cls=0.261 conf=1.793 skin=1.791 got=0.007)  tr_acc=0.9055  val_acc=0.7937  val_auroc=0.9124  val_f1=0.7602  lr=5.44e-05
Running Validation...
Ep  32/500  loss=2.9165  (cls=0.219 conf=1.793 skin=1.795 got=0.007)  tr_acc=0.9116  val_acc=0.7831  val_auroc=0.9118  val_f1=0.7431  lr=5.61e-05
Running Validation...
Ep  33/500  loss=2.9375  (cls=0.239 conf=1.793 skin=1.796 got=0.007)  tr_acc=0.9108  val_acc=0.7725  val_auroc=0.9088  val_f1=0.7355  lr=5.78e-05
Running Validation...
Ep  34/500  loss=2.9247  (cls=0.229 conf=1.793 skin=1.793 got=0.007)  tr_acc=0.9070  val_acc=0.8042  val_auroc=0.9124  val_f1=0.7806  lr=5.95e-05
Running Validation...
Ep  35/500  loss=2.9336  (cls=0.240 conf=1.793 skin=1.790 got=0.007)  tr_acc=0.9024  val_acc=0.7937  val_auroc=0.9139  val_f1=0.7607  lr=6.12e-05
Running Validation...
Ep  36/500  loss=2.9358  (cls=0.242 conf=1.793 skin=1.790 got=0.007)  tr_acc=0.9139  val_acc=0.7884  val_auroc=0.9113  val_f1=0.7490  lr=6.29e-05
Running Validation...
Ep  37/500  loss=2.9082  (cls=0.216 conf=1.793 skin=1.789 got=0.007)  tr_acc=0.9200  val_acc=0.7884  val_auroc=0.9129  val_f1=0.7572  lr=6.46e-05
Running Validation...
Ep  38/500  loss=2.9400  (cls=0.244 conf=1.793 skin=1.793 got=0.007)  tr_acc=0.9078  val_acc=0.7831  val_auroc=0.9111  val_f1=0.7375  lr=6.63e-05
Running Validation...
Ep  39/500  loss=2.9077  (cls=0.211 conf=1.793 skin=1.794 got=0.006)  tr_acc=0.9215  val_acc=0.7937  val_auroc=0.9122  val_f1=0.7582  lr=6.80e-05
Running Validation...
Ep  40/500  loss=2.9241  (cls=0.228 conf=1.793 skin=1.793 got=0.006)  tr_acc=0.9192  val_acc=0.7884  val_auroc=0.9150  val_f1=0.7507  lr=6.97e-05
Running Validation...
Ep  41/500  loss=2.9212  (cls=0.228 conf=1.793 skin=1.790 got=0.007)  tr_acc=0.9123  val_acc=0.7937  val_auroc=0.9165  val_f1=0.7641  lr=7.14e-05
Running Validation...
Ep  42/500  loss=2.9612  (cls=0.266 conf=1.793 skin=1.792 got=0.007)  tr_acc=0.9070  val_acc=0.7937  val_auroc=0.9146  val_f1=0.7580  lr=7.31e-05
Running Validation...
Ep  43/500  loss=2.9177  (cls=0.220 conf=1.793 skin=1.795 got=0.007)  tr_acc=0.9184  val_acc=0.8042  val_auroc=0.9146  val_f1=0.7806  lr=7.48e-05
Running Validation...
Ep  44/500  loss=2.9250  (cls=0.228 conf=1.793 skin=1.794 got=0.007)  tr_acc=0.9146  val_acc=0.7831  val_auroc=0.9131  val_f1=0.7446  lr=7.65e-05
Running Validation...
Ep  45/500  loss=2.9310  (cls=0.235 conf=1.793 skin=1.793 got=0.006)  tr_acc=0.9116  val_acc=0.7989  val_auroc=0.9142  val_f1=0.7673  lr=7.82e-05
Running Validation...
Ep  46/500  loss=2.9224  (cls=0.224 conf=1.793 skin=1.796 got=0.007)  tr_acc=0.9207  val_acc=0.7937  val_auroc=0.9128  val_f1=0.7578  lr=7.99e-05
Running Validation...
Ep  47/500  loss=2.9308  (cls=0.232 conf=1.793 skin=1.796 got=0.006)  tr_acc=0.9139  val_acc=0.7778  val_auroc=0.9123  val_f1=0.7431  lr=8.16e-05
Running Validation...
Ep  48/500  loss=2.9392  (cls=0.242 conf=1.793 skin=1.795 got=0.006)  tr_acc=0.9070  val_acc=0.8095  val_auroc=0.9137  val_f1=0.7841  lr=8.33e-05
Running Validation...
Ep  49/500  loss=2.9201  (cls=0.224 conf=1.793 skin=1.793 got=0.006)  tr_acc=0.9215  val_acc=0.7937  val_auroc=0.9130  val_f1=0.7611  lr=8.50e-05
Running Validation...
Ep  50/500  loss=2.9325  (cls=0.238 conf=1.793 skin=1.792 got=0.007)  tr_acc=0.9139  val_acc=0.7831  val_auroc=0.9122  val_f1=0.7469  lr=8.50e-05
Running Validation...
Ep  51/500  loss=2.9186  (cls=0.222 conf=1.793 skin=1.794 got=0.006)  tr_acc=0.9177  val_acc=0.7937  val_auroc=0.9113  val_f1=0.7626  lr=8.50e-05
Running Validation...
Ep  52/500  loss=2.9040  (cls=0.208 conf=1.793 skin=1.793 got=0.007)  tr_acc=0.9184  val_acc=0.7989  val_auroc=0.9145  val_f1=0.7713  lr=8.50e-05
Running Validation...
Ep  53/500  loss=2.9023  (cls=0.206 conf=1.793 skin=1.793 got=0.007)  tr_acc=0.9184  val_acc=0.7989  val_auroc=0.9129  val_f1=0.7688  lr=8.50e-05
Running Validation...
Ep  54/500  loss=2.9392  (cls=0.243 conf=1.793 skin=1.793 got=0.006)  tr_acc=0.9108  val_acc=0.7884  val_auroc=0.9129  val_f1=0.7549  lr=8.50e-05
Running Validation...
Ep  55/500  loss=2.9330  (cls=0.238 conf=1.793 skin=1.792 got=0.007)  tr_acc=0.9078  val_acc=0.7884  val_auroc=0.9157  val_f1=0.7563  lr=8.50e-05
Running Validation...
Ep  56/500  loss=2.9262  (cls=0.232 conf=1.793 skin=1.792 got=0.006)  tr_acc=0.9070  val_acc=0.7989  val_auroc=0.9120  val_f1=0.7737  lr=8.50e-05
Running Validation...
Ep  57/500  loss=2.9607  (cls=0.265 conf=1.793 skin=1.793 got=0.006)  tr_acc=0.9070  val_acc=0.7831  val_auroc=0.9105  val_f1=0.7461  lr=8.49e-05
Running Validation...
Ep  58/500  loss=2.9451  (cls=0.249 conf=1.793 skin=1.793 got=0.007)  tr_acc=0.9093  val_acc=0.7937  val_auroc=0.9109  val_f1=0.7567  lr=8.49e-05
Running Validation...
Ep  59/500  loss=2.9230  (cls=0.225 conf=1.793 skin=1.795 got=0.007)  tr_acc=0.9192  val_acc=0.7989  val_auroc=0.9140  val_f1=0.7660  lr=8.49e-05
Running Validation...
Ep  60/500  loss=2.9577  (cls=0.263 conf=1.793 skin=1.792 got=0.007)  tr_acc=0.9055  val_acc=0.8042  val_auroc=0.9127  val_f1=0.7753  lr=8.49e-05
Running Validation...
Ep  61/500  loss=2.9369  (cls=0.243 conf=1.793 skin=1.791 got=0.006)  tr_acc=0.9116  val_acc=0.7831  val_auroc=0.9108  val_f1=0.7561  lr=8.49e-05
Running Validation...
Ep  62/500  loss=2.9084  (cls=0.214 conf=1.793 skin=1.791 got=0.007)  tr_acc=0.9131  val_acc=0.8095  val_auroc=0.9150  val_f1=0.7858  lr=8.49e-05
Running Validation...
Ep  63/500  loss=2.9283  (cls=0.231 conf=1.793 skin=1.795 got=0.006)  tr_acc=0.9162  val_acc=0.7831  val_auroc=0.9094  val_f1=0.7466  lr=8.48e-05
Running Validation...
Ep  64/500  loss=2.8925  (cls=0.197 conf=1.793 skin=1.793 got=0.007)  tr_acc=0.9306  val_acc=0.7884  val_auroc=0.9117  val_f1=0.7555  lr=8.48e-05
Running Validation...
Ep  65/500  loss=2.9030  (cls=0.205 conf=1.793 skin=1.795 got=0.007)  tr_acc=0.9253  val_acc=0.7937  val_auroc=0.9145  val_f1=0.7601  lr=8.48e-05
Running Validation...
Ep  66/500  loss=nan  (cls=0.229 conf=1.793 skin=1.793 got=nan)  tr_acc=0.9062  val_acc=0.7831  val_auroc=0.9110  val_f1=0.7517  lr=8.47e-05
Running Validation...
Ep  67/500  loss=nan  (cls=0.213 conf=1.793 skin=1.794 got=nan)  tr_acc=0.9253  val_acc=0.7989  val_auroc=0.9130  val_f1=0.7683  lr=8.47e-05
Running Validation...
Ep  68/500  loss=nan  (cls=0.225 conf=1.793 skin=1.791 got=nan)  tr_acc=0.9154  val_acc=0.8042  val_auroc=0.9160  val_f1=0.7719  lr=8.47e-05
Running Validation...
Ep  69/500  loss=nan  (cls=0.200 conf=1.793 skin=1.795 got=nan)  tr_acc=0.9223  val_acc=0.7778  val_auroc=0.9137  val_f1=0.7452  lr=8.46e-05
Running Validation...
Ep  70/500  loss=nan  (cls=0.224 conf=1.793 skin=1.794 got=nan)  tr_acc=0.9184  val_acc=0.7937  val_auroc=0.9125  val_f1=0.7601  lr=8.46e-05
Running Validation...
Ep  71/500  loss=nan  (cls=0.211 conf=1.793 skin=1.793 got=nan)  tr_acc=0.9284  val_acc=0.7937  val_auroc=0.9119  val_f1=0.7591  lr=8.45e-05
Running Validation...
Ep  72/500  loss=nan  (cls=0.226 conf=1.793 skin=1.792 got=nan)  tr_acc=0.9101  val_acc=0.7884  val_auroc=0.9132  val_f1=0.7507  lr=8.45e-05
Running Validation...
Ep  73/500  loss=nan  (cls=0.226 conf=1.793 skin=1.793 got=nan)  tr_acc=0.9062  val_acc=0.7884  val_auroc=0.9148  val_f1=0.7531  lr=8.45e-05
Running Validation...
Ep  74/500  loss=nan  (cls=0.232 conf=1.793 skin=1.794 got=nan)  tr_acc=0.9085  val_acc=0.7989  val_auroc=0.9135  val_f1=0.7660  lr=8.44e-05
Running Validation...
Ep  75/500  loss=nan  (cls=0.200 conf=1.793 skin=1.793 got=nan)  tr_acc=0.9314  val_acc=0.7884  val_auroc=0.9151  val_f1=0.7563  lr=8.44e-05
Running Validation...
Ep  76/500  loss=nan  (cls=0.206 conf=1.793 skin=1.794 got=nan)  tr_acc=0.9146  val_acc=0.7831  val_auroc=0.9109  val_f1=0.7514  lr=8.43e-05
Running Validation...
Ep  77/500  loss=nan  (cls=0.213 conf=1.793 skin=1.794 got=nan)  tr_acc=0.9207  val_acc=0.7884  val_auroc=0.9123  val_f1=0.7568  lr=8.42e-05
Running Validation...
Ep  78/500  loss=nan  (cls=0.208 conf=1.793 skin=1.794 got=nan)  tr_acc=0.9268  val_acc=0.7937  val_auroc=0.9127  val_f1=0.7626  lr=8.42e-05
Running Validation...
Ep  79/500  loss=nan  (cls=0.228 conf=1.793 skin=1.795 got=nan)  tr_acc=0.9070  val_acc=0.7937  val_auroc=0.9157  val_f1=0.7601  lr=8.41e-05
Running Validation...
Ep  80/500  loss=nan  (cls=0.222 conf=1.793 skin=1.792 got=nan)  tr_acc=0.9223  val_acc=0.7884  val_auroc=0.9137  val_f1=0.7531  lr=8.41e-05
Running Validation...
Ep  81/500  loss=nan  (cls=0.210 conf=1.793 skin=1.793 got=nan)  tr_acc=0.9238  val_acc=0.7831  val_auroc=0.9095  val_f1=0.7446  lr=8.40e-05
Running Validation...
Ep  82/500  loss=nan  (cls=0.217 conf=1.793 skin=1.794 got=nan)  tr_acc=0.9131  val_acc=0.7937  val_auroc=0.9129  val_f1=0.7615  lr=8.39e-05
Running Validation...
Ep  83/500  loss=nan  (cls=0.228 conf=1.793 skin=1.795 got=nan)  tr_acc=0.9223  val_acc=0.7884  val_auroc=0.9126  val_f1=0.7529  lr=8.39e-05
Running Validation...
Ep  84/500  loss=nan  (cls=0.206 conf=1.793 skin=1.793 got=nan)  tr_acc=0.9284  val_acc=0.7989  val_auroc=0.9120  val_f1=0.7688  lr=8.38e-05
Running Validation...
Ep  85/500  loss=nan  (cls=0.218 conf=1.793 skin=1.793 got=nan)  tr_acc=0.9223  val_acc=0.7778  val_auroc=0.9126  val_f1=0.7431  lr=8.37e-05
Running Validation...
Ep  86/500  loss=nan  (cls=0.214 conf=1.793 skin=1.794 got=nan)  tr_acc=0.9177  val_acc=0.7989  val_auroc=0.9127  val_f1=0.7696  lr=8.37e-05
Running Validation...
Ep  87/500  loss=nan  (cls=0.218 conf=1.793 skin=1.792 got=nan)  tr_acc=0.9146  val_acc=0.7884  val_auroc=0.9138  val_f1=0.7507  lr=8.36e-05
Running Validation...
Ep  88/500  loss=nan  (cls=0.219 conf=1.793 skin=1.793 got=nan)  tr_acc=0.9253  val_acc=0.7884  val_auroc=0.9144  val_f1=0.7534  lr=8.35e-05
Running Validation...
Ep  89/500  loss=nan  (cls=0.232 conf=1.793 skin=1.791 got=nan)  tr_acc=0.9123  val_acc=0.7937  val_auroc=0.9103  val_f1=0.7631  lr=8.34e-05
Running Validation...
Ep  90/500  loss=nan  (cls=0.254 conf=1.793 skin=1.793 got=nan)  tr_acc=0.9017  val_acc=0.7989  val_auroc=0.9142  val_f1=0.7674  lr=8.34e-05
Running Validation...
Ep  91/500  loss=nan  (cls=0.218 conf=1.793 skin=1.794 got=nan)  tr_acc=0.9131  val_acc=0.7831  val_auroc=0.9147  val_f1=0.7492  lr=8.33e-05
Running Validation...
Ep  92/500  loss=nan  (cls=0.209 conf=1.793 skin=1.794 got=nan)  tr_acc=0.9200  val_acc=0.7937  val_auroc=0.9135  val_f1=0.7608  lr=8.32e-05
Running Validation...
Ep  93/500  loss=nan  (cls=0.226 conf=1.793 skin=1.793 got=nan)  tr_acc=0.9032  val_acc=0.7831  val_auroc=0.9109  val_f1=0.7469  lr=8.31e-05
Running Validation...
Ep  94/500  loss=nan  (cls=0.195 conf=1.793 skin=1.794 got=nan)  tr_acc=0.9268  val_acc=0.7831  val_auroc=0.9152  val_f1=0.7465  lr=8.30e-05
Running Validation...
Ep  95/500  loss=nan  (cls=0.207 conf=1.793 skin=1.794 got=nan)  tr_acc=0.9215  val_acc=0.7884  val_auroc=0.9145  val_f1=0.7507  lr=8.29e-05
Running Validation...
Ep  96/500  loss=nan  (cls=0.239 conf=1.793 skin=1.793 got=nan)  tr_acc=0.8925  val_acc=0.7937  val_auroc=0.9141  val_f1=0.7593  lr=8.28e-05
Running Validation...
Ep  97/500  loss=nan  (cls=0.252 conf=1.793 skin=1.793 got=nan)  tr_acc=0.9055  val_acc=0.7884  val_auroc=0.9138  val_f1=0.7555  lr=8.27e-05
Running Validation...
Ep  98/500  loss=nan  (cls=0.230 conf=1.793 skin=1.794 got=nan)  tr_acc=0.9123  val_acc=0.8042  val_auroc=0.9139  val_f1=0.7803  lr=8.26e-05
Running Validation...
Ep  99/500  loss=nan  (cls=0.245 conf=1.793 skin=1.792 got=nan)  tr_acc=0.9139  val_acc=0.7884  val_auroc=0.9140  val_f1=0.7549  lr=8.25e-05
Running Validation...
Ep 100/500  loss=nan  (cls=0.206 conf=1.793 skin=1.792 got=nan)  tr_acc=0.9184  val_acc=0.7831  val_auroc=0.9126  val_f1=0.7499  lr=8.24e-05
Running Validation...
Ep 101/500  loss=nan  (cls=0.193 conf=1.793 skin=1.794 got=nan)  tr_acc=0.9261  val_acc=0.7937  val_auroc=0.9125  val_f1=0.7615  lr=8.23e-05
Running Validation...
Ep 102/500  loss=nan  (cls=0.250 conf=1.793 skin=1.792 got=nan)  tr_acc=0.9101  val_acc=0.7989  val_auroc=0.9129  val_f1=0.7702  lr=8.22e-05
Running Validation...
Ep 103/500  loss=nan  (cls=0.239 conf=1.793 skin=1.791 got=nan)  tr_acc=0.9101  val_acc=0.7884  val_auroc=0.9127  val_f1=0.7537  lr=8.21e-05
Running Validation...
Ep 104/500  loss=nan  (cls=0.213 conf=1.793 skin=1.791 got=nan)  tr_acc=0.9337  val_acc=0.7937  val_auroc=0.9108  val_f1=0.7626  lr=8.20e-05
Running Validation...
Ep 105/500  loss=nan  (cls=0.223 conf=1.793 skin=1.793 got=nan)  tr_acc=0.9131  val_acc=0.8042  val_auroc=0.9124  val_f1=0.7776  lr=8.19e-05
Running Validation...
Ep 106/500  loss=nan  (cls=0.233 conf=1.793 skin=1.791 got=nan)  tr_acc=0.9085  val_acc=0.7937  val_auroc=0.9123  val_f1=0.7601  lr=8.18e-05
Running Validation...
Ep 107/500  loss=nan  (cls=0.223 conf=1.793 skin=1.794 got=nan)  tr_acc=0.9154  val_acc=0.7989  val_auroc=0.9148  val_f1=0.7688  lr=8.17e-05
Running Validation...
Ep 108/500  loss=nan  (cls=0.239 conf=1.793 skin=1.793 got=nan)  tr_acc=0.9131  val_acc=0.7725  val_auroc=0.9093  val_f1=0.7287  lr=8.16e-05
Running Validation...
Ep 109/500  loss=nan  (cls=0.189 conf=1.793 skin=1.793 got=nan)  tr_acc=0.9314  val_acc=0.7937  val_auroc=0.9113  val_f1=0.7626  lr=8.14e-05
Running Validation...
Ep 110/500  loss=nan  (cls=0.206 conf=1.793 skin=1.793 got=nan)  tr_acc=0.9276  val_acc=0.7937  val_auroc=0.9130  val_f1=0.7593  lr=8.13e-05
Running Validation...
Ep 111/500  loss=nan  (cls=0.223 conf=1.793 skin=1.791 got=nan)  tr_acc=0.9139  val_acc=0.7937  val_auroc=0.9144  val_f1=0.7650  lr=8.12e-05
Running Validation...
Ep 112/500  loss=nan  (cls=0.233 conf=1.793 skin=1.792 got=nan)  tr_acc=0.9123  val_acc=0.7725  val_auroc=0.9121  val_f1=0.7287  lr=8.11e-05
Running Validation...
Ep 113/500  loss=nan  (cls=0.227 conf=1.793 skin=1.796 got=nan)  tr_acc=0.9055  val_acc=0.7778  val_auroc=0.9105  val_f1=0.7431  lr=8.10e-05
Running Validation...
Ep 114/500  loss=nan  (cls=0.209 conf=1.793 skin=1.793 got=nan)  tr_acc=0.9276  val_acc=0.8042  val_auroc=0.9127  val_f1=0.7741  lr=8.08e-05
Running Validation...
Ep 115/500  loss=nan  (cls=0.211 conf=1.793 skin=1.794 got=nan)  tr_acc=0.9162  val_acc=0.7672  val_auroc=0.9098  val_f1=0.7190  lr=8.07e-05
Running Validation...
Ep 116/500  loss=nan  (cls=0.212 conf=1.793 skin=1.792 got=nan)  tr_acc=0.9154  val_acc=0.7884  val_auroc=0.9113  val_f1=0.7600  lr=8.06e-05
Running Validation...
Ep 117/500  loss=nan  (cls=0.191 conf=1.793 skin=1.792 got=nan)  tr_acc=0.9329  val_acc=0.7937  val_auroc=0.9138  val_f1=0.7650  lr=8.04e-05
Running Validation...
Ep 118/500  loss=nan  (cls=0.246 conf=1.793 skin=1.794 got=nan)  tr_acc=0.8963  val_acc=0.7937  val_auroc=0.9138  val_f1=0.7601  lr=8.03e-05
Running Validation...
Ep 119/500  loss=nan  (cls=0.213 conf=1.793 skin=1.792 got=nan)  tr_acc=0.9154  val_acc=0.8095  val_auroc=0.9128  val_f1=0.7877  lr=8.02e-05
Running Validation...
Ep 120/500  loss=nan  (cls=0.214 conf=1.793 skin=1.793 got=nan)  tr_acc=0.9215  val_acc=0.7989  val_auroc=0.9119  val_f1=0.7702  lr=8.00e-05
Running Validation...
Ep 121/500  loss=nan  (cls=0.230 conf=1.793 skin=1.795 got=nan)  tr_acc=0.9131  val_acc=0.7884  val_auroc=0.9108  val_f1=0.7532  lr=7.99e-05
Running Validation...
Ep 122/500  loss=nan  (cls=0.220 conf=1.793 skin=1.794 got=nan)  tr_acc=0.9200  val_acc=0.7884  val_auroc=0.9142  val_f1=0.7522  lr=7.97e-05
Running Validation...
Ep 123/500  loss=nan  (cls=0.235 conf=1.793 skin=1.794 got=nan)  tr_acc=0.9024  val_acc=0.7831  val_auroc=0.9122  val_f1=0.7405  lr=7.96e-05
Running Validation...
Ep 124/500  loss=nan  (cls=0.204 conf=1.793 skin=1.794 got=nan)  tr_acc=0.9291  val_acc=0.7884  val_auroc=0.9112  val_f1=0.7507  lr=7.95e-05
Running Validation...
Ep 125/500  loss=nan  (cls=0.232 conf=1.793 skin=1.793 got=nan)  tr_acc=0.9177  val_acc=0.7937  val_auroc=0.9138  val_f1=0.7622  lr=7.93e-05
Running Validation...
Ep 126/500  loss=nan  (cls=0.205 conf=1.793 skin=1.792 got=nan)  tr_acc=0.9215  val_acc=0.7778  val_auroc=0.9099  val_f1=0.7472  lr=7.92e-05
Running Validation...
Ep 127/500  loss=nan  (cls=0.209 conf=1.793 skin=1.793 got=nan)  tr_acc=0.9177  val_acc=0.7884  val_auroc=0.9161  val_f1=0.7563  lr=7.90e-05
Running Validation...
Ep 128/500  loss=nan  (cls=0.226 conf=1.793 skin=1.792 got=nan)  tr_acc=0.9085  val_acc=0.7937  val_auroc=0.9113  val_f1=0.7593  lr=7.89e-05
Running Validation...
Ep 129/500  loss=nan  (cls=0.230 conf=1.793 skin=1.794 got=nan)  tr_acc=0.9131  val_acc=0.7831  val_auroc=0.9072  val_f1=0.7530  lr=7.87e-05
Running Validation...
Ep 130/500  loss=nan  (cls=0.198 conf=1.793 skin=1.792 got=nan)  tr_acc=0.9245  val_acc=0.7831  val_auroc=0.9114  val_f1=0.7475  lr=7.85e-05
Running Validation...
Ep 131/500  loss=nan  (cls=0.218 conf=1.793 skin=1.792 got=nan)  tr_acc=0.9253  val_acc=0.7989  val_auroc=0.9157  val_f1=0.7702  lr=7.84e-05
Running Validation...
Ep 132/500  loss=nan  (cls=0.235 conf=1.793 skin=1.794 got=nan)  tr_acc=0.9146  val_acc=0.7884  val_auroc=0.9126  val_f1=0.7531  lr=7.82e-05
Running Validation...
Ep 133/500  loss=nan  (cls=0.219 conf=1.793 skin=1.794 got=nan)  tr_acc=0.9177  val_acc=0.7831  val_auroc=0.9122  val_f1=0.7438  lr=7.81e-05
Running Validation...
Ep 134/500  loss=nan  (cls=0.235 conf=1.793 skin=1.793 got=nan)  tr_acc=0.9116  val_acc=0.7937  val_auroc=0.9126  val_f1=0.7644  lr=7.79e-05
Running Validation...
Ep 135/500  loss=nan  (cls=0.230 conf=1.793 skin=1.793 got=nan)  tr_acc=0.9078  val_acc=0.7884  val_auroc=0.9127  val_f1=0.7531  lr=7.77e-05
Running Validation...
Ep 136/500  loss=nan  (cls=0.215 conf=1.793 skin=1.794 got=nan)  tr_acc=0.9192  val_acc=0.7884  val_auroc=0.9106  val_f1=0.7507  lr=7.76e-05
Running Validation...
Ep 137/500  loss=nan  (cls=0.206 conf=1.793 skin=1.795 got=nan)  tr_acc=0.9215  val_acc=0.7989  val_auroc=0.9112  val_f1=0.7688  lr=7.74e-05
Running Validation...
Ep 138/500  loss=nan  (cls=0.197 conf=1.793 skin=1.795 got=nan)  tr_acc=0.9306  val_acc=0.7831  val_auroc=0.9119  val_f1=0.7469  lr=7.72e-05
Running Validation...
Ep 139/500  loss=nan  (cls=0.224 conf=1.793 skin=1.795 got=nan)  tr_acc=0.9184  val_acc=0.7989  val_auroc=0.9145  val_f1=0.7688  lr=7.71e-05
Running Validation...
Ep 140/500  loss=nan  (cls=0.227 conf=1.793 skin=1.794 got=nan)  tr_acc=0.9085  val_acc=0.7937  val_auroc=0.9122  val_f1=0.7601  lr=7.69e-05
Running Validation...
Ep 141/500  loss=nan  (cls=0.215 conf=1.793 skin=1.794 got=nan)  tr_acc=0.9207  val_acc=0.7937  val_auroc=0.9143  val_f1=0.7593  lr=7.67e-05
Running Validation...
Ep 142/500  loss=nan  (cls=0.238 conf=1.793 skin=1.792 got=nan)  tr_acc=0.9101  val_acc=0.7989  val_auroc=0.9172  val_f1=0.7640  lr=7.65e-05
Running Validation...
Ep 143/500  loss=nan  (cls=0.205 conf=1.793 skin=1.792 got=nan)  tr_acc=0.9215  val_acc=0.8042  val_auroc=0.9147  val_f1=0.7754  lr=7.64e-05
Running Validation...
Ep 144/500  loss=nan  (cls=0.194 conf=1.793 skin=1.793 got=nan)  tr_acc=0.9291  val_acc=0.7989  val_auroc=0.9119  val_f1=0.7688  lr=7.62e-05
Running Validation...
Ep 145/500  loss=nan  (cls=0.232 conf=1.793 skin=1.794 got=nan)  tr_acc=0.9116  val_acc=0.7989  val_auroc=0.9128  val_f1=0.7697  lr=7.60e-05
Running Validation...
Ep 146/500  loss=nan  (cls=0.214 conf=1.793 skin=1.792 got=nan)  tr_acc=0.9215  val_acc=0.7778  val_auroc=0.9106  val_f1=0.7431  lr=7.58e-05
Running Validation...
Ep 147/500  loss=nan  (cls=0.203 conf=1.793 skin=1.793 got=nan)  tr_acc=0.9238  val_acc=0.7937  val_auroc=0.9134  val_f1=0.7690  lr=7.56e-05
Running Validation...
Ep 148/500  loss=nan  (cls=0.232 conf=1.793 skin=1.794 got=nan)  tr_acc=0.9123  val_acc=0.7937  val_auroc=0.9118  val_f1=0.7593  lr=7.54e-05
Running Validation...
Ep 149/500  loss=nan  (cls=0.239 conf=1.793 skin=1.794 got=nan)  tr_acc=0.9093  val_acc=0.7989  val_auroc=0.9120  val_f1=0.7674  lr=7.52e-05
Running Validation...
Ep 150/500  loss=nan  (cls=0.232 conf=1.793 skin=1.793 got=nan)  tr_acc=0.9116  val_acc=0.7884  val_auroc=0.9114  val_f1=0.7531  lr=7.51e-05
Running Validation...
Ep 151/500  loss=nan  (cls=0.226 conf=1.793 skin=1.796 got=nan)  tr_acc=0.9192  val_acc=0.7937  val_auroc=0.9108  val_f1=0.7588  lr=7.49e-05
Running Validation...
Ep 152/500  loss=nan  (cls=0.232 conf=1.793 skin=1.792 got=nan)  tr_acc=0.9116  val_acc=0.7937  val_auroc=0.9154  val_f1=0.7601  lr=7.47e-05
Running Validation...
Ep 153/500  loss=nan  (cls=0.235 conf=1.793 skin=1.793 got=nan)  tr_acc=0.9062  val_acc=0.7937  val_auroc=0.9130  val_f1=0.7611  lr=7.45e-05
Running Validation...
Ep 154/500  loss=nan  (cls=0.231 conf=1.793 skin=1.793 got=nan)  tr_acc=0.9146  val_acc=0.7937  val_auroc=0.9118  val_f1=0.7650  lr=7.43e-05
Running Validation...
Ep 155/500  loss=nan  (cls=0.229 conf=1.793 skin=1.792 got=nan)  tr_acc=0.9131  val_acc=0.7937  val_auroc=0.9144  val_f1=0.7601  lr=7.41e-05
Running Validation...
Ep 156/500  loss=nan  (cls=0.243 conf=1.793 skin=1.794 got=nan)  tr_acc=0.9101  val_acc=0.7725  val_auroc=0.9112  val_f1=0.7340  lr=7.39e-05
Running Validation...
Ep 157/500  loss=nan  (cls=0.227 conf=1.793 skin=1.792 got=nan)  tr_acc=0.9207  val_acc=0.7672  val_auroc=0.9104  val_f1=0.7197  lr=7.37e-05
Running Validation...
Ep 158/500  loss=nan  (cls=0.210 conf=1.793 skin=1.795 got=nan)  tr_acc=0.9192  val_acc=0.7937  val_auroc=0.9127  val_f1=0.7601  lr=7.35e-05
Running Validation...
Ep 159/500  loss=nan  (cls=0.198 conf=1.793 skin=1.793 got=nan)  tr_acc=0.9261  val_acc=0.7937  val_auroc=0.9126  val_f1=0.7624  lr=7.33e-05
Running Validation...
Ep 160/500  loss=nan  (cls=0.238 conf=1.793 skin=1.795 got=nan)  tr_acc=0.9154  val_acc=0.7937  val_auroc=0.9133  val_f1=0.7593  lr=7.31e-05
Running Validation...
Ep 161/500  loss=nan  (cls=0.242 conf=1.793 skin=1.795 got=nan)  tr_acc=0.9055  val_acc=0.7937  val_auroc=0.9140  val_f1=0.7622  lr=7.29e-05
Running Validation...
Ep 162/500  loss=nan  (cls=0.219 conf=1.793 skin=1.794 got=nan)  tr_acc=0.9146  val_acc=0.7989  val_auroc=0.9148  val_f1=0.7674  lr=7.27e-05
Running Validation...
Ep 163/500  loss=nan  (cls=0.234 conf=1.793 skin=1.794 got=nan)  tr_acc=0.9131  val_acc=0.7937  val_auroc=0.9129  val_f1=0.7663  lr=7.24e-05
Running Validation...
Ep 164/500  loss=nan  (cls=0.192 conf=1.793 skin=1.792 got=nan)  tr_acc=0.9306  val_acc=0.7937  val_auroc=0.9147  val_f1=0.7644  lr=7.22e-05
Running Validation...
Ep 165/500  loss=nan  (cls=0.225 conf=1.793 skin=1.794 got=nan)  tr_acc=0.9184  val_acc=0.7989  val_auroc=0.9133  val_f1=0.7708  lr=7.20e-05
Running Validation...
Ep 166/500  loss=nan  (cls=0.261 conf=1.793 skin=1.792 got=nan)  tr_acc=0.9024  val_acc=0.7725  val_auroc=0.9136  val_f1=0.7287  lr=7.18e-05
Running Validation...
Ep 167/500  loss=nan  (cls=0.246 conf=1.793 skin=1.793 got=nan)  tr_acc=0.9108  val_acc=0.8042  val_auroc=0.9144  val_f1=0.7753  lr=7.16e-05
Running Validation...
Ep 168/500  loss=nan  (cls=0.235 conf=1.793 skin=1.792 got=nan)  tr_acc=0.9116  val_acc=0.7566  val_auroc=0.9115  val_f1=0.7069  lr=7.14e-05
Running Validation...
Ep 169/500  loss=nan  (cls=0.206 conf=1.793 skin=1.795 got=nan)  tr_acc=0.9146  val_acc=0.7937  val_auroc=0.9133  val_f1=0.7601  lr=7.12e-05
Running Validation...
Ep 170/500  loss=nan  (cls=0.204 conf=1.793 skin=1.793 got=nan)  tr_acc=0.9291  val_acc=0.7989  val_auroc=0.9143  val_f1=0.7679  lr=7.09e-05
Running Validation...
Ep 171/500  loss=nan  (cls=0.224 conf=1.793 skin=1.794 got=nan)  tr_acc=0.9215  val_acc=0.7884  val_auroc=0.9116  val_f1=0.7531  lr=7.07e-05
Running Validation...
Ep 172/500  loss=nan  (cls=0.198 conf=1.793 skin=1.795 got=nan)  tr_acc=0.9284  val_acc=0.8095  val_auroc=0.9147  val_f1=0.7806  lr=7.05e-05
Running Validation...
Ep 173/500  loss=nan  (cls=0.233 conf=1.793 skin=1.793 got=nan)  tr_acc=0.9116  val_acc=0.7937  val_auroc=0.9112  val_f1=0.7659  lr=7.03e-05
Running Validation...
Ep 174/500  loss=nan  (cls=0.200 conf=1.793 skin=1.791 got=nan)  tr_acc=0.9284  val_acc=0.7937  val_auroc=0.9154  val_f1=0.7567  lr=7.00e-05
Running Validation...
Ep 175/500  loss=nan  (cls=0.221 conf=1.793 skin=1.793 got=nan)  tr_acc=0.9200  val_acc=0.7937  val_auroc=0.9170  val_f1=0.7601  lr=6.98e-05
Running Validation...
Ep 176/500  loss=nan  (cls=0.236 conf=1.793 skin=1.793 got=nan)  tr_acc=0.9062  val_acc=0.7884  val_auroc=0.9133  val_f1=0.7507  lr=6.96e-05
Running Validation...
Ep 177/500  loss=nan  (cls=0.204 conf=1.793 skin=1.793 got=nan)  tr_acc=0.9299  val_acc=0.7937  val_auroc=0.9119  val_f1=0.7593  lr=6.94e-05
Running Validation...
Ep 178/500  loss=nan  (cls=0.222 conf=1.793 skin=1.793 got=nan)  tr_acc=0.9131  val_acc=0.7884  val_auroc=0.9138  val_f1=0.7563  lr=6.91e-05
Running Validation...
Ep 179/500  loss=nan  (cls=0.192 conf=1.793 skin=1.793 got=nan)  tr_acc=0.9337  val_acc=0.7989  val_auroc=0.9156  val_f1=0.7660  lr=6.89e-05
Running Validation...
Ep 180/500  loss=nan  (cls=0.205 conf=1.793 skin=1.793 got=nan)  tr_acc=0.9215  val_acc=0.7831  val_auroc=0.9130  val_f1=0.7464  lr=6.87e-05
Running Validation...
Ep 181/500  loss=nan  (cls=0.197 conf=1.793 skin=1.792 got=nan)  tr_acc=0.9245  val_acc=0.7937  val_auroc=0.9131  val_f1=0.7611  lr=6.84e-05
Running Validation...
Ep 182/500  loss=nan  (cls=0.228 conf=1.793 skin=1.793 got=nan)  tr_acc=0.9162  val_acc=0.7937  val_auroc=0.9135  val_f1=0.7593  lr=6.82e-05
Running Validation...
Ep 183/500  loss=nan  (cls=0.223 conf=1.793 skin=1.794 got=nan)  tr_acc=0.9162  val_acc=0.8148  val_auroc=0.9134  val_f1=0.7872  lr=6.80e-05
Running Validation...
Ep 184/500  loss=nan  (cls=0.211 conf=1.793 skin=1.793 got=nan)  tr_acc=0.9230  val_acc=0.7989  val_auroc=0.9151  val_f1=0.7669  lr=6.77e-05
Running Validation...
Ep 185/500  loss=nan  (cls=0.249 conf=1.793 skin=1.793 got=nan)  tr_acc=0.8971  val_acc=0.8042  val_auroc=0.9148  val_f1=0.7732  lr=6.75e-05
Running Validation...
Ep 186/500  loss=nan  (cls=0.221 conf=1.793 skin=1.794 got=nan)  tr_acc=0.9116  val_acc=0.7989  val_auroc=0.9142  val_f1=0.7665  lr=6.72e-05
Running Validation...
Ep 187/500  loss=nan  (cls=0.212 conf=1.793 skin=1.794 got=nan)  tr_acc=0.9215  val_acc=0.7937  val_auroc=0.9132  val_f1=0.7615  lr=6.70e-05
Running Validation...
Ep 188/500  loss=nan  (cls=0.227 conf=1.793 skin=1.794 got=nan)  tr_acc=0.9192  val_acc=0.7831  val_auroc=0.9128  val_f1=0.7444  lr=6.68e-05
Running Validation...
Ep 189/500  loss=nan  (cls=0.209 conf=1.793 skin=1.795 got=nan)  tr_acc=0.9131  val_acc=0.7831  val_auroc=0.9110  val_f1=0.7469  lr=6.65e-05
Running Validation...
Ep 190/500  loss=nan  (cls=0.247 conf=1.793 skin=1.795 got=nan)  tr_acc=0.9101  val_acc=0.7937  val_auroc=0.9147  val_f1=0.7650  lr=6.63e-05
Running Validation...
Ep 191/500  loss=nan  (cls=0.203 conf=1.793 skin=1.792 got=nan)  tr_acc=0.9253  val_acc=0.7937  val_auroc=0.9108  val_f1=0.7670  lr=6.60e-05
Running Validation...
Ep 192/500  loss=nan  (cls=0.218 conf=1.793 skin=1.793 got=nan)  tr_acc=0.9238  val_acc=0.7989  val_auroc=0.9153  val_f1=0.7679  lr=6.58e-05
Running Validation...
Ep 193/500  loss=nan  (cls=0.221 conf=1.793 skin=1.794 got=nan)  tr_acc=0.9146  val_acc=0.7884  val_auroc=0.9114  val_f1=0.7561  lr=6.55e-05
Running Validation...
Ep 194/500  loss=nan  (cls=0.221 conf=1.793 skin=1.796 got=nan)  tr_acc=0.9192  val_acc=0.7831  val_auroc=0.9103  val_f1=0.7438  lr=6.53e-05
Running Validation...
Ep 195/500  loss=nan  (cls=0.237 conf=1.793 skin=1.794 got=nan)  tr_acc=0.9062  val_acc=0.7937  val_auroc=0.9135  val_f1=0.7593  lr=6.50e-05
Running Validation...
Ep 196/500  loss=nan  (cls=0.211 conf=1.793 skin=1.792 got=nan)  tr_acc=0.9154  val_acc=0.7937  val_auroc=0.9142  val_f1=0.7601  lr=6.48e-05
Running Validation...
Ep 197/500  loss=nan  (cls=0.240 conf=1.793 skin=1.794 got=nan)  tr_acc=0.9078  val_acc=0.7937  val_auroc=0.9123  val_f1=0.7601  lr=6.45e-05
Running Validation...
Ep 198/500  loss=nan  (cls=0.216 conf=1.793 skin=1.796 got=nan)  tr_acc=0.9200  val_acc=0.7937  val_auroc=0.9123  val_f1=0.7624  lr=6.43e-05
Running Validation...
Ep 199/500  loss=nan  (cls=0.232 conf=1.793 skin=1.794 got=nan)  tr_acc=0.9154  val_acc=0.7937  val_auroc=0.9140  val_f1=0.7615  lr=6.40e-05
Running Validation...
Ep 200/500  loss=nan  (cls=0.219 conf=1.793 skin=1.793 got=nan)  tr_acc=0.9131  val_acc=0.7884  val_auroc=0.9145  val_f1=0.7507  lr=6.38e-05
Running Validation...
Ep 201/500  loss=nan  (cls=0.218 conf=1.793 skin=1.793 got=nan)  tr_acc=0.9131  val_acc=0.7831  val_auroc=0.9127  val_f1=0.7492  lr=6.35e-05
Running Validation...
Ep 202/500  loss=nan  (cls=0.215 conf=1.793 skin=1.793 got=nan)  tr_acc=0.9215  val_acc=0.8042  val_auroc=0.9129  val_f1=0.7754  lr=6.32e-05
Running Validation...
Ep 203/500  loss=nan  (cls=0.202 conf=1.793 skin=1.793 got=nan)  tr_acc=0.9245  val_acc=0.7566  val_auroc=0.9087  val_f1=0.7069  lr=6.30e-05
Running Validation...
Ep 204/500  loss=nan  (cls=0.203 conf=1.793 skin=1.796 got=nan)  tr_acc=0.9245  val_acc=0.7937  val_auroc=0.9154  val_f1=0.7601  lr=6.27e-05
Running Validation...
Ep 205/500  loss=nan  (cls=0.213 conf=1.793 skin=1.793 got=nan)  tr_acc=0.9223  val_acc=0.7937  val_auroc=0.9132  val_f1=0.7616  lr=6.25e-05
Running Validation...
Ep 206/500  loss=nan  (cls=0.212 conf=1.793 skin=1.792 got=nan)  tr_acc=0.9177  val_acc=0.7989  val_auroc=0.9138  val_f1=0.7638  lr=6.22e-05
Running Validation...
Ep 207/500  loss=nan  (cls=0.242 conf=1.793 skin=1.794 got=nan)  tr_acc=0.9146  val_acc=0.7989  val_auroc=0.9142  val_f1=0.7679  lr=6.19e-05
Running Validation...
Ep 208/500  loss=nan  (cls=0.218 conf=1.793 skin=1.792 got=nan)  tr_acc=0.9154  val_acc=0.7884  val_auroc=0.9128  val_f1=0.7520  lr=6.17e-05
Running Validation...
Ep 209/500  loss=nan  (cls=0.218 conf=1.793 skin=1.792 got=nan)  tr_acc=0.9131  val_acc=0.7884  val_auroc=0.9140  val_f1=0.7557  lr=6.14e-05
Running Validation...
Ep 210/500  loss=nan  (cls=0.231 conf=1.793 skin=1.790 got=nan)  tr_acc=0.9169  val_acc=0.7937  val_auroc=0.9137  val_f1=0.7650  lr=6.11e-05
Running Validation...
Ep 211/500  loss=nan  (cls=0.220 conf=1.793 skin=1.793 got=nan)  tr_acc=0.9200  val_acc=0.7566  val_auroc=0.9104  val_f1=0.7069  lr=6.09e-05
Running Validation...
Ep 212/500  loss=nan  (cls=0.236 conf=1.793 skin=1.794 got=nan)  tr_acc=0.9131  val_acc=0.7989  val_auroc=0.9109  val_f1=0.7665  lr=6.06e-05
Running Validation...
Ep 213/500  loss=nan  (cls=0.200 conf=1.793 skin=1.793 got=nan)  tr_acc=0.9184  val_acc=0.8042  val_auroc=0.9147  val_f1=0.7759  lr=6.03e-05
Running Validation...
Ep 214/500  loss=nan  (cls=0.219 conf=1.793 skin=1.796 got=nan)  tr_acc=0.9215  val_acc=0.8095  val_auroc=0.9129  val_f1=0.7824  lr=6.01e-05
Running Validation...
Ep 215/500  loss=nan  (cls=0.254 conf=1.793 skin=1.793 got=nan)  tr_acc=0.9154  val_acc=0.7937  val_auroc=0.9105  val_f1=0.7626  lr=5.98e-05
Running Validation...
Ep 216/500  loss=nan  (cls=0.235 conf=1.793 skin=1.793 got=nan)  tr_acc=0.9078  val_acc=0.7831  val_auroc=0.9134  val_f1=0.7572  lr=5.95e-05
Running Validation...
Ep 217/500  loss=nan  (cls=0.229 conf=1.793 skin=1.793 got=nan)  tr_acc=0.9101  val_acc=0.7884  val_auroc=0.9116  val_f1=0.7555  lr=5.92e-05
Running Validation...
Ep 218/500  loss=nan  (cls=0.210 conf=1.793 skin=1.794 got=nan)  tr_acc=0.9268  val_acc=0.8042  val_auroc=0.9146  val_f1=0.7737  lr=5.90e-05
Running Validation...
Ep 219/500  loss=nan  (cls=0.200 conf=1.793 skin=1.794 got=nan)  tr_acc=0.9253  val_acc=0.7937  val_auroc=0.9131  val_f1=0.7593  lr=5.87e-05
Running Validation...
Ep 220/500  loss=nan  (cls=0.216 conf=1.793 skin=1.793 got=nan)  tr_acc=0.9139  val_acc=0.8042  val_auroc=0.9147  val_f1=0.7747  lr=5.84e-05
Running Validation...
Ep 221/500  loss=nan  (cls=0.212 conf=1.793 skin=1.793 got=nan)  tr_acc=0.9230  val_acc=0.7937  val_auroc=0.9130  val_f1=0.7608  lr=5.81e-05
Running Validation...
Ep 222/500  loss=nan  (cls=0.247 conf=1.793 skin=1.794 got=nan)  tr_acc=0.9047  val_acc=0.7937  val_auroc=0.9107  val_f1=0.7626  lr=5.79e-05
Running Validation...
Ep 223/500  loss=nan  (cls=0.226 conf=1.793 skin=1.793 got=nan)  tr_acc=0.9177  val_acc=0.7778  val_auroc=0.9132  val_f1=0.7452  lr=5.76e-05
Running Validation...
Ep 224/500  loss=nan  (cls=0.222 conf=1.793 skin=1.793 got=nan)  tr_acc=0.9146  val_acc=0.7937  val_auroc=0.9122  val_f1=0.7596  lr=5.73e-05
Running Validation...
Ep 225/500  loss=nan  (cls=0.218 conf=1.793 skin=1.795 got=nan)  tr_acc=0.9230  val_acc=0.7884  val_auroc=0.9143  val_f1=0.7563  lr=5.70e-05
Running Validation...
Ep 226/500  loss=nan  (cls=0.210 conf=1.793 skin=1.794 got=nan)  tr_acc=0.9230  val_acc=0.7831  val_auroc=0.9126  val_f1=0.7492  lr=5.68e-05
Running Validation...
Ep 227/500  loss=nan  (cls=0.227 conf=1.793 skin=1.793 got=nan)  tr_acc=0.9184  val_acc=0.7937  val_auroc=0.9109  val_f1=0.7593  lr=5.65e-05
Running Validation...
Ep 228/500  loss=nan  (cls=0.199 conf=1.793 skin=1.794 got=nan)  tr_acc=0.9322  val_acc=0.7937  val_auroc=0.9124  val_f1=0.7626  lr=5.62e-05
Running Validation...
Ep 229/500  loss=nan  (cls=0.213 conf=1.793 skin=1.796 got=nan)  tr_acc=0.9215  val_acc=0.7884  val_auroc=0.9142  val_f1=0.7585  lr=5.59e-05
Running Validation...
Ep 230/500  loss=nan  (cls=0.235 conf=1.793 skin=1.791 got=nan)  tr_acc=0.9146  val_acc=0.7989  val_auroc=0.9147  val_f1=0.7688  lr=5.56e-05
Running Validation...
Ep 231/500  loss=nan  (cls=0.219 conf=1.793 skin=1.792 got=nan)  tr_acc=0.9192  val_acc=0.7989  val_auroc=0.9127  val_f1=0.7660  lr=5.54e-05
Running Validation...
Ep 232/500  loss=nan  (cls=0.229 conf=1.793 skin=1.791 got=nan)  tr_acc=0.9123  val_acc=0.7884  val_auroc=0.9140  val_f1=0.7507  lr=5.51e-05
Running Validation...
Ep 233/500  loss=nan  (cls=0.212 conf=1.793 skin=1.791 got=nan)  tr_acc=0.9200  val_acc=0.7937  val_auroc=0.9137  val_f1=0.7601  lr=5.48e-05
Running Validation...
Ep 234/500  loss=nan  (cls=0.200 conf=1.793 skin=1.793 got=nan)  tr_acc=0.9314  val_acc=0.7884  val_auroc=0.9129  val_f1=0.7507  lr=5.45e-05
Running Validation...
Ep 235/500  loss=nan  (cls=0.205 conf=1.793 skin=1.794 got=nan)  tr_acc=0.9192  val_acc=0.7884  val_auroc=0.9124  val_f1=0.7507  lr=5.42e-05
Running Validation...
Ep 236/500  loss=nan  (cls=0.207 conf=1.793 skin=1.794 got=nan)  tr_acc=0.9276  val_acc=0.7937  val_auroc=0.9109  val_f1=0.7663  lr=5.39e-05
Running Validation...
Ep 237/500  loss=nan  (cls=0.226 conf=1.793 skin=1.793 got=nan)  tr_acc=0.9139  val_acc=0.7831  val_auroc=0.9138  val_f1=0.7490  lr=5.36e-05
Running Validation...
Ep 238/500  loss=nan  (cls=0.243 conf=1.793 skin=1.793 got=nan)  tr_acc=0.9078  val_acc=0.7884  val_auroc=0.9156  val_f1=0.7507  lr=5.34e-05
Running Validation...
Ep 239/500  loss=nan  (cls=0.206 conf=1.793 skin=1.793 got=nan)  tr_acc=0.9215  val_acc=0.8042  val_auroc=0.9122  val_f1=0.7785  lr=5.31e-05
Running Validation...
Ep 240/500  loss=nan  (cls=0.239 conf=1.793 skin=1.793 got=nan)  tr_acc=0.9070  val_acc=0.7937  val_auroc=0.9142  val_f1=0.7622  lr=5.28e-05
Running Validation...
Ep 241/500  loss=nan  (cls=0.209 conf=1.793 skin=1.794 got=nan)  tr_acc=0.9261  val_acc=0.7778  val_auroc=0.9111  val_f1=0.7431  lr=5.25e-05
Running Validation...
Ep 242/500  loss=nan  (cls=0.219 conf=1.793 skin=1.793 got=nan)  tr_acc=0.9154  val_acc=0.7884  val_auroc=0.9127  val_f1=0.7529  lr=5.22e-05
Running Validation...
Ep 243/500  loss=nan  (cls=0.223 conf=1.793 skin=1.792 got=nan)  tr_acc=0.9169  val_acc=0.7884  val_auroc=0.9114  val_f1=0.7507  lr=5.19e-05
Running Validation...
Ep 244/500  loss=nan  (cls=0.222 conf=1.793 skin=1.794 got=nan)  tr_acc=0.9200  val_acc=0.7937  val_auroc=0.9115  val_f1=0.7593  lr=5.16e-05
Running Validation...
Ep 245/500  loss=nan  (cls=0.250 conf=1.793 skin=1.794 got=nan)  tr_acc=0.9070  val_acc=0.8042  val_auroc=0.9139  val_f1=0.7708  lr=5.13e-05
Running Validation...
Ep 246/500  loss=nan  (cls=0.211 conf=1.793 skin=1.794 got=nan)  tr_acc=0.9215  val_acc=0.7937  val_auroc=0.9151  val_f1=0.7601  lr=5.10e-05
Running Validation...
Ep 247/500  loss=nan  (cls=0.206 conf=1.793 skin=1.793 got=nan)  tr_acc=0.9245  val_acc=0.7937  val_auroc=0.9148  val_f1=0.7593  lr=5.08e-05
Running Validation...
Ep 248/500  loss=nan  (cls=0.247 conf=1.793 skin=1.793 got=nan)  tr_acc=0.9085  val_acc=0.7831  val_auroc=0.9137  val_f1=0.7525  lr=5.05e-05
Running Validation...
Ep 249/500  loss=nan  (cls=0.224 conf=1.793 skin=1.793 got=nan)  tr_acc=0.9169  val_acc=0.7989  val_auroc=0.9151  val_f1=0.7688  lr=5.02e-05
Running Validation...
Ep 250/500  loss=nan  (cls=0.234 conf=1.793 skin=1.793 got=nan)  tr_acc=0.9123  val_acc=0.7937  val_auroc=0.9112  val_f1=0.7593  lr=4.99e-05
Running Validation...
Ep 251/500  loss=nan  (cls=0.216 conf=1.793 skin=1.792 got=nan)  tr_acc=0.9169  val_acc=0.7778  val_auroc=0.9122  val_f1=0.7384  lr=4.96e-05
Running Validation...
Ep 252/500  loss=nan  (cls=0.233 conf=1.793 skin=1.793 got=nan)  tr_acc=0.9070  val_acc=0.7989  val_auroc=0.9123  val_f1=0.7693  lr=4.93e-05
Running Validation...
Ep 253/500  loss=nan  (cls=0.220 conf=1.793 skin=1.792 got=nan)  tr_acc=0.9116  val_acc=0.7937  val_auroc=0.9140  val_f1=0.7639  lr=4.90e-05
Running Validation...
Ep 254/500  loss=nan  (cls=0.190 conf=1.793 skin=1.794 got=nan)  tr_acc=0.9284  val_acc=0.7831  val_auroc=0.9095  val_f1=0.7452  lr=4.87e-05
Running Validation...
Ep 255/500  loss=nan  (cls=0.212 conf=1.793 skin=1.795 got=nan)  tr_acc=0.9192  val_acc=0.7831  val_auroc=0.9125  val_f1=0.7475  lr=4.84e-05
Running Validation...
Ep 256/500  loss=nan  (cls=0.229 conf=1.793 skin=1.793 got=nan)  tr_acc=0.9154  val_acc=0.7989  val_auroc=0.9147  val_f1=0.7720  lr=4.81e-05
Running Validation...
Ep 257/500  loss=nan  (cls=0.215 conf=1.793 skin=1.793 got=nan)  tr_acc=0.9207  val_acc=0.7989  val_auroc=0.9130  val_f1=0.7688  lr=4.78e-05
Running Validation...
Ep 258/500  loss=nan  (cls=0.216 conf=1.793 skin=1.792 got=nan)  tr_acc=0.9329  val_acc=0.7937  val_auroc=0.9156  val_f1=0.7545  lr=4.75e-05
Running Validation...
Ep 259/500  loss=nan  (cls=0.198 conf=1.793 skin=1.794 got=nan)  tr_acc=0.9276  val_acc=0.7884  val_auroc=0.9131  val_f1=0.7591  lr=4.72e-05
Running Validation...
Ep 260/500  loss=nan  (cls=0.196 conf=1.793 skin=1.794 got=nan)  tr_acc=0.9253  val_acc=0.7725  val_auroc=0.9112  val_f1=0.7287  lr=4.69e-05
Running Validation...
Ep 261/500  loss=nan  (cls=0.217 conf=1.793 skin=1.794 got=nan)  tr_acc=0.9223  val_acc=0.7831  val_auroc=0.9115  val_f1=0.7469  lr=4.66e-05
Running Validation...
Ep 262/500  loss=nan  (cls=0.241 conf=1.793 skin=1.794 got=nan)  tr_acc=0.9169  val_acc=0.7831  val_auroc=0.9107  val_f1=0.7469  lr=4.64e-05
Running Validation...
Ep 263/500  loss=nan  (cls=0.217 conf=1.793 skin=1.794 got=nan)  tr_acc=0.9192  val_acc=0.7989  val_auroc=0.9161  val_f1=0.7708  lr=4.61e-05
Running Validation...
Ep 264/500  loss=nan  (cls=0.221 conf=1.793 skin=1.794 got=nan)  tr_acc=0.9123  val_acc=0.7884  val_auroc=0.9134  val_f1=0.7507  lr=4.58e-05
Running Validation...
Ep 265/500  loss=nan  (cls=0.207 conf=1.793 skin=1.793 got=nan)  tr_acc=0.9177  val_acc=0.7884  val_auroc=0.9142  val_f1=0.7563  lr=4.55e-05
Running Validation...
Ep 266/500  loss=nan  (cls=0.225 conf=1.793 skin=1.792 got=nan)  tr_acc=0.9146  val_acc=0.7884  val_auroc=0.9104  val_f1=0.7568  lr=4.52e-05
Running Validation...
Ep 267/500  loss=nan  (cls=0.210 conf=1.793 skin=1.792 got=nan)  tr_acc=0.9200  val_acc=0.7937  val_auroc=0.9118  val_f1=0.7626  lr=4.49e-05
Running Validation...
Ep 268/500  loss=nan  (cls=0.231 conf=1.793 skin=1.793 got=nan)  tr_acc=0.9146  val_acc=0.7937  val_auroc=0.9115  val_f1=0.7601  lr=4.46e-05
Running Validation...
Ep 269/500  loss=nan  (cls=0.196 conf=1.793 skin=1.791 got=nan)  tr_acc=0.9284  val_acc=0.7884  val_auroc=0.9142  val_f1=0.7563  lr=4.43e-05
Running Validation...
Ep 270/500  loss=nan  (cls=0.233 conf=1.793 skin=1.793 got=nan)  tr_acc=0.9200  val_acc=0.7831  val_auroc=0.9118  val_f1=0.7490  lr=4.40e-05
Running Validation...
Ep 271/500  loss=nan  (cls=0.202 conf=1.793 skin=1.793 got=nan)  tr_acc=0.9200  val_acc=0.7989  val_auroc=0.9148  val_f1=0.7746  lr=4.37e-05
Running Validation...
Ep 272/500  loss=nan  (cls=0.221 conf=1.793 skin=1.794 got=nan)  tr_acc=0.9131  val_acc=0.7937  val_auroc=0.9150  val_f1=0.7601  lr=4.34e-05
Running Validation...
Ep 273/500  loss=nan  (cls=0.203 conf=1.793 skin=1.794 got=nan)  tr_acc=0.9207  val_acc=0.7937  val_auroc=0.9118  val_f1=0.7591  lr=4.31e-05
Running Validation...
Ep 274/500  loss=nan  (cls=0.221 conf=1.793 skin=1.792 got=nan)  tr_acc=0.9200  val_acc=0.8042  val_auroc=0.9130  val_f1=0.7747  lr=4.28e-05
Running Validation...
Ep 275/500  loss=nan  (cls=0.248 conf=1.793 skin=1.792 got=nan)  tr_acc=0.9131  val_acc=0.7884  val_auroc=0.9104  val_f1=0.7505  lr=4.25e-05
Running Validation...
Ep 276/500  loss=nan  (cls=0.243 conf=1.793 skin=1.794 got=nan)  tr_acc=0.9123  val_acc=0.7831  val_auroc=0.9124  val_f1=0.7469  lr=4.22e-05
Running Validation...
Ep 277/500  loss=nan  (cls=0.219 conf=1.793 skin=1.794 got=nan)  tr_acc=0.9253  val_acc=0.7831  val_auroc=0.9138  val_f1=0.7469  lr=4.19e-05
Running Validation...
Ep 278/500  loss=nan  (cls=0.210 conf=1.793 skin=1.794 got=nan)  tr_acc=0.9200  val_acc=0.7937  val_auroc=0.9141  val_f1=0.7626  lr=4.16e-05
Running Validation...
Ep 279/500  loss=nan  (cls=0.252 conf=1.793 skin=1.792 got=nan)  tr_acc=0.9062  val_acc=0.8042  val_auroc=0.9134  val_f1=0.7747  lr=4.13e-05
Running Validation...
Ep 280/500  loss=nan  (cls=0.210 conf=1.793 skin=1.794 got=nan)  tr_acc=0.9146  val_acc=0.7937  val_auroc=0.9114  val_f1=0.7580  lr=4.10e-05
Running Validation...
Ep 281/500  loss=nan  (cls=0.237 conf=1.793 skin=1.794 got=nan)  tr_acc=0.9070  val_acc=0.7884  val_auroc=0.9143  val_f1=0.7544  lr=4.07e-05
Running Validation...
Ep 282/500  loss=nan  (cls=0.194 conf=1.793 skin=1.794 got=nan)  tr_acc=0.9352  val_acc=0.7937  val_auroc=0.9146  val_f1=0.7601  lr=4.04e-05
Running Validation...
Ep 283/500  loss=nan  (cls=0.195 conf=1.793 skin=1.793 got=nan)  tr_acc=0.9169  val_acc=0.7937  val_auroc=0.9111  val_f1=0.7657  lr=4.01e-05
Running Validation...
Ep 284/500  loss=nan  (cls=0.222 conf=1.793 skin=1.792 got=nan)  tr_acc=0.9101  val_acc=0.7831  val_auroc=0.9131  val_f1=0.7492  lr=3.98e-05
Running Validation...
Ep 285/500  loss=nan  (cls=0.248 conf=1.793 skin=1.792 got=nan)  tr_acc=0.9078  val_acc=0.7884  val_auroc=0.9106  val_f1=0.7529  lr=3.95e-05
Running Validation...
Ep 286/500  loss=nan  (cls=0.225 conf=1.793 skin=1.793 got=nan)  tr_acc=0.9146  val_acc=0.7831  val_auroc=0.9122  val_f1=0.7469  lr=3.92e-05
Running Validation...
Ep 287/500  loss=nan  (cls=0.216 conf=1.793 skin=1.792 got=nan)  tr_acc=0.9230  val_acc=0.7884  val_auroc=0.9154  val_f1=0.7557  lr=3.89e-05
Running Validation...
Ep 288/500  loss=nan  (cls=0.231 conf=1.793 skin=1.793 got=nan)  tr_acc=0.9070  val_acc=0.7831  val_auroc=0.9101  val_f1=0.7432  lr=3.86e-05
Running Validation...
Ep 289/500  loss=nan  (cls=0.219 conf=1.793 skin=1.792 got=nan)  tr_acc=0.9215  val_acc=0.7778  val_auroc=0.9122  val_f1=0.7378  lr=3.84e-05
Running Validation...
Ep 290/500  loss=nan  (cls=0.212 conf=1.793 skin=1.794 got=nan)  tr_acc=0.9177  val_acc=0.7989  val_auroc=0.9160  val_f1=0.7638  lr=3.81e-05
Running Validation...
Ep 291/500  loss=nan  (cls=0.219 conf=1.793 skin=1.794 got=nan)  tr_acc=0.9223  val_acc=0.7937  val_auroc=0.9131  val_f1=0.7593  lr=3.78e-05
Running Validation...
Ep 292/500  loss=nan  (cls=0.207 conf=1.793 skin=1.794 got=nan)  tr_acc=0.9192  val_acc=0.7937  val_auroc=0.9124  val_f1=0.7561  lr=3.75e-05
Running Validation...
Ep 293/500  loss=nan  (cls=0.214 conf=1.793 skin=1.795 got=nan)  tr_acc=0.9238  val_acc=0.8042  val_auroc=0.9143  val_f1=0.7747  lr=3.72e-05
Running Validation...
Ep 294/500  loss=nan  (cls=0.226 conf=1.793 skin=1.794 got=nan)  tr_acc=0.9162  val_acc=0.7937  val_auroc=0.9157  val_f1=0.7658  lr=3.69e-05
Running Validation...
Ep 295/500  loss=nan  (cls=0.236 conf=1.793 skin=1.795 got=nan)  tr_acc=0.9024  val_acc=0.7778  val_auroc=0.9111  val_f1=0.7431  lr=3.66e-05
Running Validation...
Ep 296/500  loss=nan  (cls=0.206 conf=1.793 skin=1.796 got=nan)  tr_acc=0.9177  val_acc=0.7989  val_auroc=0.9128  val_f1=0.7673  lr=3.63e-05
Running Validation...
Ep 297/500  loss=nan  (cls=0.208 conf=1.793 skin=1.791 got=nan)  tr_acc=0.9184  val_acc=0.7989  val_auroc=0.9152  val_f1=0.7660  lr=3.60e-05
Running Validation...
Ep 298/500  loss=nan  (cls=0.216 conf=1.793 skin=1.793 got=nan)  tr_acc=0.9154  val_acc=0.8095  val_auroc=0.9151  val_f1=0.7806  lr=3.57e-05
Running Validation...
Ep 299/500  loss=nan  (cls=0.200 conf=1.793 skin=1.795 got=nan)  tr_acc=0.9238  val_acc=0.7989  val_auroc=0.9135  val_f1=0.7647  lr=3.54e-05
Running Validation...
Ep 300/500  loss=nan  (cls=0.246 conf=1.793 skin=1.793 got=nan)  tr_acc=0.9162  val_acc=0.7884  val_auroc=0.9136  val_f1=0.7507  lr=3.51e-05
Running Validation...
Ep 301/500  loss=nan  (cls=0.252 conf=1.793 skin=1.794 got=nan)  tr_acc=0.9093  val_acc=0.7831  val_auroc=0.9111  val_f1=0.7469  lr=3.48e-05
Running Validation...
Ep 302/500  loss=nan  (cls=0.215 conf=1.793 skin=1.794 got=nan)  tr_acc=0.9116  val_acc=0.7989  val_auroc=0.9106  val_f1=0.7708  lr=3.45e-05
Running Validation...
Ep 303/500  loss=nan  (cls=0.233 conf=1.793 skin=1.792 got=nan)  tr_acc=0.9162  val_acc=0.7937  val_auroc=0.9136  val_f1=0.7620  lr=3.42e-05
Running Validation...
Ep 304/500  loss=nan  (cls=0.211 conf=1.793 skin=1.792 got=nan)  tr_acc=0.9154  val_acc=0.7937  val_auroc=0.9141  val_f1=0.7616  lr=3.40e-05
Running Validation...
Ep 305/500  loss=nan  (cls=0.206 conf=1.793 skin=1.794 got=nan)  tr_acc=0.9238  val_acc=0.7672  val_auroc=0.9091  val_f1=0.7249  lr=3.37e-05
Running Validation...
Ep 306/500  loss=nan  (cls=0.240 conf=1.793 skin=1.795 got=nan)  tr_acc=0.8994  val_acc=0.8042  val_auroc=0.9118  val_f1=0.7732  lr=3.34e-05
Running Validation...
Ep 307/500  loss=nan  (cls=0.225 conf=1.793 skin=1.793 got=nan)  tr_acc=0.9169  val_acc=0.7884  val_auroc=0.9120  val_f1=0.7499  lr=3.31e-05
Running Validation...
Ep 308/500  loss=nan  (cls=0.233 conf=1.793 skin=1.793 got=nan)  tr_acc=0.9154  val_acc=0.7884  val_auroc=0.9118  val_f1=0.7555  lr=3.28e-05
Running Validation...
Ep 309/500  loss=nan  (cls=0.236 conf=1.793 skin=1.795 got=nan)  tr_acc=0.9070  val_acc=0.7619  val_auroc=0.9101  val_f1=0.7107  lr=3.25e-05
Running Validation...
Ep 310/500  loss=nan  (cls=0.204 conf=1.793 skin=1.794 got=nan)  tr_acc=0.9230  val_acc=0.8095  val_auroc=0.9129  val_f1=0.7793  lr=3.22e-05
Running Validation...
Ep 311/500  loss=nan  (cls=0.209 conf=1.793 skin=1.794 got=nan)  tr_acc=0.9238  val_acc=0.7778  val_auroc=0.9128  val_f1=0.7401  lr=3.19e-05
Running Validation...
Ep 312/500  loss=nan  (cls=0.223 conf=1.793 skin=1.795 got=nan)  tr_acc=0.9154  val_acc=0.7937  val_auroc=0.9123  val_f1=0.7615  lr=3.16e-05
Running Validation...
Ep 313/500  loss=nan  (cls=0.217 conf=1.793 skin=1.793 got=nan)  tr_acc=0.9253  val_acc=0.7725  val_auroc=0.9103  val_f1=0.7287  lr=3.14e-05
Running Validation...
Ep 314/500  loss=nan  (cls=0.212 conf=1.793 skin=1.793 got=nan)  tr_acc=0.9230  val_acc=0.7937  val_auroc=0.9152  val_f1=0.7601  lr=3.11e-05
Running Validation...
Ep 315/500  loss=nan  (cls=0.175 conf=1.793 skin=1.793 got=nan)  tr_acc=0.9383  val_acc=0.7937  val_auroc=0.9124  val_f1=0.7608  lr=3.08e-05
Running Validation...
Ep 316/500  loss=nan  (cls=0.220 conf=1.793 skin=1.793 got=nan)  tr_acc=0.9223  val_acc=0.7831  val_auroc=0.9092  val_f1=0.7481  lr=3.05e-05
Running Validation...
Ep 317/500  loss=nan  (cls=0.189 conf=1.793 skin=1.792 got=nan)  tr_acc=0.9284  val_acc=0.8095  val_auroc=0.9133  val_f1=0.7824  lr=3.02e-05
Running Validation...
Ep 318/500  loss=nan  (cls=0.202 conf=1.793 skin=1.792 got=nan)  tr_acc=0.9200  val_acc=0.7619  val_auroc=0.9083  val_f1=0.7107  lr=2.99e-05
Running Validation...
Ep 319/500  loss=nan  (cls=0.194 conf=1.793 skin=1.795 got=nan)  tr_acc=0.9253  val_acc=0.7778  val_auroc=0.9131  val_f1=0.7312  lr=2.96e-05
Running Validation...
Ep 320/500  loss=nan  (cls=0.225 conf=1.793 skin=1.794 got=nan)  tr_acc=0.9192  val_acc=0.7831  val_auroc=0.9111  val_f1=0.7469  lr=2.94e-05
Running Validation...
Ep 321/500  loss=nan  (cls=0.207 conf=1.793 skin=1.793 got=nan)  tr_acc=0.9238  val_acc=0.7884  val_auroc=0.9151  val_f1=0.7507  lr=2.91e-05
Running Validation...
Ep 322/500  loss=nan  (cls=0.207 conf=1.793 skin=1.792 got=nan)  tr_acc=0.9192  val_acc=0.7831  val_auroc=0.9115  val_f1=0.7444  lr=2.88e-05
Running Validation...
Ep 323/500  loss=nan  (cls=0.237 conf=1.793 skin=1.794 got=nan)  tr_acc=0.9078  val_acc=0.7778  val_auroc=0.9108  val_f1=0.7349  lr=2.85e-05
Running Validation...
Ep 324/500  loss=nan  (cls=0.231 conf=1.793 skin=1.793 got=nan)  tr_acc=0.9177  val_acc=0.7831  val_auroc=0.9105  val_f1=0.7490  lr=2.82e-05
Running Validation...
Ep 325/500  loss=nan  (cls=0.229 conf=1.793 skin=1.794 got=nan)  tr_acc=0.9169  val_acc=0.8042  val_auroc=0.9144  val_f1=0.7767  lr=2.80e-05
Running Validation...
Ep 326/500  loss=nan  (cls=0.237 conf=1.793 skin=1.793 got=nan)  tr_acc=0.9093  val_acc=0.7778  val_auroc=0.9112  val_f1=0.7431  lr=2.77e-05
Running Validation...
Ep 327/500  loss=nan  (cls=0.187 conf=1.793 skin=1.793 got=nan)  tr_acc=0.9291  val_acc=0.7884  val_auroc=0.9112  val_f1=0.7581  lr=2.74e-05
Running Validation...
Ep 328/500  loss=nan  (cls=0.229 conf=1.793 skin=1.794 got=nan)  tr_acc=0.9101  val_acc=0.7884  val_auroc=0.9143  val_f1=0.7541  lr=2.71e-05
Running Validation...
Ep 329/500  loss=nan  (cls=0.247 conf=1.793 skin=1.794 got=nan)  tr_acc=0.9154  val_acc=0.7989  val_auroc=0.9148  val_f1=0.7638  lr=2.69e-05
Running Validation...
Ep 330/500  loss=nan  (cls=0.210 conf=1.793 skin=1.795 got=nan)  tr_acc=0.9230  val_acc=0.7725  val_auroc=0.9096  val_f1=0.7287  lr=2.66e-05
Running Validation...
Ep 331/500  loss=nan  (cls=0.202 conf=1.793 skin=1.794 got=nan)  tr_acc=0.9223  val_acc=0.7778  val_auroc=0.9119  val_f1=0.7406  lr=2.63e-05
Running Validation...
Ep 332/500  loss=nan  (cls=0.199 conf=1.793 skin=1.794 got=nan)  tr_acc=0.9276  val_acc=0.7937  val_auroc=0.9124  val_f1=0.7650  lr=2.60e-05
Running Validation...
Ep 333/500  loss=nan  (cls=0.218 conf=1.793 skin=1.794 got=nan)  tr_acc=0.9169  val_acc=0.7884  val_auroc=0.9135  val_f1=0.7561  lr=2.58e-05
Running Validation...
Ep 334/500  loss=nan  (cls=0.225 conf=1.793 skin=1.792 got=nan)  tr_acc=0.9192  val_acc=0.7778  val_auroc=0.9099  val_f1=0.7401  lr=2.55e-05
Running Validation...
Ep 335/500  loss=nan  (cls=0.223 conf=1.793 skin=1.793 got=nan)  tr_acc=0.9146  val_acc=0.7937  val_auroc=0.9124  val_f1=0.7601  lr=2.52e-05
Running Validation...
Ep 336/500  loss=nan  (cls=0.179 conf=1.793 skin=1.793 got=nan)  tr_acc=0.9405  val_acc=0.7831  val_auroc=0.9108  val_f1=0.7519  lr=2.49e-05
Running Validation...
Ep 337/500  loss=nan  (cls=0.215 conf=1.793 skin=1.793 got=nan)  tr_acc=0.9238  val_acc=0.7937  val_auroc=0.9131  val_f1=0.7601  lr=2.47e-05
Running Validation...
Ep 338/500  loss=nan  (cls=0.212 conf=1.793 skin=1.792 got=nan)  tr_acc=0.9245  val_acc=0.8042  val_auroc=0.9144  val_f1=0.7719  lr=2.44e-05
Running Validation...
Ep 339/500  loss=nan  (cls=0.195 conf=1.793 skin=1.791 got=nan)  tr_acc=0.9261  val_acc=0.7884  val_auroc=0.9124  val_f1=0.7531  lr=2.41e-05
Running Validation...
Ep 340/500  loss=nan  (cls=0.216 conf=1.793 skin=1.792 got=nan)  tr_acc=0.9184  val_acc=0.7989  val_auroc=0.9126  val_f1=0.7716  lr=2.39e-05
Running Validation...
Ep 341/500  loss=nan  (cls=0.210 conf=1.793 skin=1.794 got=nan)  tr_acc=0.9223  val_acc=0.7989  val_auroc=0.9132  val_f1=0.7650  lr=2.36e-05
Running Validation...
Ep 342/500  loss=nan  (cls=0.219 conf=1.793 skin=1.793 got=nan)  tr_acc=0.9207  val_acc=0.7937  val_auroc=0.9133  val_f1=0.7601  lr=2.33e-05
Running Validation...
Ep 343/500  loss=nan  (cls=0.228 conf=1.793 skin=1.793 got=nan)  tr_acc=0.9177  val_acc=0.7884  val_auroc=0.9137  val_f1=0.7507  lr=2.31e-05
Running Validation...
Ep 344/500  loss=nan  (cls=0.230 conf=1.793 skin=1.792 got=nan)  tr_acc=0.9040  val_acc=0.7831  val_auroc=0.9128  val_f1=0.7469  lr=2.28e-05
Running Validation...
Ep 345/500  loss=nan  (cls=0.220 conf=1.793 skin=1.794 got=nan)  tr_acc=0.9131  val_acc=0.7831  val_auroc=0.9138  val_f1=0.7466  lr=2.25e-05
Running Validation...
Ep 346/500  loss=nan  (cls=0.216 conf=1.793 skin=1.794 got=nan)  tr_acc=0.9192  val_acc=0.7884  val_auroc=0.9122  val_f1=0.7563  lr=2.23e-05
Running Validation...
Ep 347/500  loss=nan  (cls=0.192 conf=1.793 skin=1.790 got=nan)  tr_acc=0.9291  val_acc=0.7937  val_auroc=0.9140  val_f1=0.7601  lr=2.20e-05
Running Validation...
Ep 348/500  loss=nan  (cls=0.207 conf=1.793 skin=1.791 got=nan)  tr_acc=0.9146  val_acc=0.7937  val_auroc=0.9132  val_f1=0.7593  lr=2.18e-05
Running Validation...
Ep 349/500  loss=nan  (cls=0.212 conf=1.793 skin=1.792 got=nan)  tr_acc=0.9238  val_acc=0.8042  val_auroc=0.9126  val_f1=0.7769  lr=2.15e-05
Running Validation...
Ep 350/500  loss=nan  (cls=0.180 conf=1.793 skin=1.792 got=nan)  tr_acc=0.9345  val_acc=0.7989  val_auroc=0.9130  val_f1=0.7688  lr=2.13e-05
Running Validation...
Ep 351/500  loss=nan  (cls=0.242 conf=1.793 skin=1.794 got=nan)  tr_acc=0.8986  val_acc=0.7884  val_auroc=0.9123  val_f1=0.7529  lr=2.10e-05
Running Validation...
Ep 352/500  loss=nan  (cls=0.239 conf=1.793 skin=1.793 got=nan)  tr_acc=0.9085  val_acc=0.7831  val_auroc=0.9135  val_f1=0.7469  lr=2.07e-05
Running Validation...
Ep 353/500  loss=nan  (cls=0.216 conf=1.793 skin=1.793 got=nan)  tr_acc=0.9230  val_acc=0.7884  val_auroc=0.9142  val_f1=0.7531  lr=2.05e-05
Running Validation...
Ep 354/500  loss=nan  (cls=0.228 conf=1.793 skin=1.793 got=nan)  tr_acc=0.9162  val_acc=0.7884  val_auroc=0.9140  val_f1=0.7600  lr=2.02e-05
Running Validation...
Ep 355/500  loss=nan  (cls=0.214 conf=1.793 skin=1.794 got=nan)  tr_acc=0.9200  val_acc=0.7884  val_auroc=0.9147  val_f1=0.7531  lr=2.00e-05
Running Validation...
Ep 356/500  loss=nan  (cls=0.186 conf=1.793 skin=1.793 got=nan)  tr_acc=0.9291  val_acc=0.7937  val_auroc=0.9138  val_f1=0.7611  lr=1.97e-05
Running Validation...
Ep 357/500  loss=nan  (cls=0.227 conf=1.793 skin=1.793 got=nan)  tr_acc=0.9230  val_acc=0.7989  val_auroc=0.9130  val_f1=0.7688  lr=1.95e-05
Running Validation...
Ep 358/500  loss=nan  (cls=0.190 conf=1.793 skin=1.794 got=nan)  tr_acc=0.9345  val_acc=0.7884  val_auroc=0.9108  val_f1=0.7499  lr=1.92e-05
Running Validation...
Ep 359/500  loss=nan  (cls=0.207 conf=1.793 skin=1.792 got=nan)  tr_acc=0.9299  val_acc=0.7725  val_auroc=0.9087  val_f1=0.7287  lr=1.90e-05
Running Validation...
Ep 360/500  loss=nan  (cls=0.235 conf=1.793 skin=1.793 got=nan)  tr_acc=0.9162  val_acc=0.7884  val_auroc=0.9137  val_f1=0.7507  lr=1.87e-05
Running Validation...
Ep 361/500  loss=nan  (cls=0.233 conf=1.793 skin=1.792 got=nan)  tr_acc=0.9123  val_acc=0.7831  val_auroc=0.9106  val_f1=0.7437  lr=1.85e-05
Running Validation...
Ep 362/500  loss=nan  (cls=0.211 conf=1.793 skin=1.793 got=nan)  tr_acc=0.9215  val_acc=0.7831  val_auroc=0.9112  val_f1=0.7490  lr=1.82e-05
Running Validation...
Ep 363/500  loss=nan  (cls=0.261 conf=1.793 skin=1.793 got=nan)  tr_acc=0.9108  val_acc=0.7937  val_auroc=0.9128  val_f1=0.7601  lr=1.80e-05
Running Validation...
Ep 364/500  loss=nan  (cls=0.210 conf=1.793 skin=1.793 got=nan)  tr_acc=0.9108  val_acc=0.7884  val_auroc=0.9115  val_f1=0.7600  lr=1.78e-05
Running Validation...
Ep 365/500  loss=nan  (cls=0.183 conf=1.793 skin=1.791 got=nan)  tr_acc=0.9238  val_acc=0.7989  val_auroc=0.9148  val_f1=0.7638  lr=1.75e-05
Running Validation...
Ep 366/500  loss=nan  (cls=0.215 conf=1.793 skin=1.792 got=nan)  tr_acc=0.9184  val_acc=0.7884  val_auroc=0.9105  val_f1=0.7568  lr=1.73e-05
Running Validation...
Ep 367/500  loss=nan  (cls=0.210 conf=1.793 skin=1.794 got=nan)  tr_acc=0.9261  val_acc=0.7884  val_auroc=0.9148  val_f1=0.7549  lr=1.70e-05
Running Validation...
Ep 368/500  loss=nan  (cls=0.246 conf=1.793 skin=1.794 got=nan)  tr_acc=0.8994  val_acc=0.7937  val_auroc=0.9135  val_f1=0.7601  lr=1.68e-05
Running Validation...
Ep 369/500  loss=nan  (cls=0.228 conf=1.793 skin=1.794 got=nan)  tr_acc=0.9192  val_acc=0.7831  val_auroc=0.9118  val_f1=0.7413  lr=1.66e-05
Running Validation...
Ep 370/500  loss=nan  (cls=0.211 conf=1.793 skin=1.794 got=nan)  tr_acc=0.9139  val_acc=0.7778  val_auroc=0.9111  val_f1=0.7406  lr=1.63e-05
Running Validation...
Ep 371/500  loss=nan  (cls=0.211 conf=1.793 skin=1.792 got=nan)  tr_acc=0.9268  val_acc=0.7884  val_auroc=0.9150  val_f1=0.7507  lr=1.61e-05
Running Validation...
Ep 372/500  loss=nan  (cls=0.250 conf=1.793 skin=1.791 got=nan)  tr_acc=0.8956  val_acc=0.7937  val_auroc=0.9125  val_f1=0.7698  lr=1.59e-05
Running Validation...
Ep 373/500  loss=nan  (cls=0.217 conf=1.793 skin=1.794 got=nan)  tr_acc=0.9253  val_acc=0.7831  val_auroc=0.9122  val_f1=0.7469  lr=1.56e-05
Running Validation...
Ep 374/500  loss=nan  (cls=0.209 conf=1.793 skin=1.795 got=nan)  tr_acc=0.9268  val_acc=0.7831  val_auroc=0.9128  val_f1=0.7490  lr=1.54e-05
Running Validation...
Ep 375/500  loss=nan  (cls=0.194 conf=1.793 skin=1.795 got=nan)  tr_acc=0.9306  val_acc=0.7937  val_auroc=0.9138  val_f1=0.7620  lr=1.52e-05
Running Validation...
Ep 376/500  loss=nan  (cls=0.208 conf=1.793 skin=1.794 got=nan)  tr_acc=0.9184  val_acc=0.7937  val_auroc=0.9134  val_f1=0.7593  lr=1.50e-05
Running Validation...
Ep 377/500  loss=nan  (cls=0.221 conf=1.793 skin=1.791 got=nan)  tr_acc=0.9162  val_acc=0.7725  val_auroc=0.9127  val_f1=0.7340  lr=1.47e-05
Running Validation...
Ep 378/500  loss=nan  (cls=0.243 conf=1.793 skin=1.792 got=nan)  tr_acc=0.9162  val_acc=0.7831  val_auroc=0.9134  val_f1=0.7469  lr=1.45e-05
Running Validation...
Ep 379/500  loss=nan  (cls=0.223 conf=1.793 skin=1.794 got=nan)  tr_acc=0.9238  val_acc=0.7884  val_auroc=0.9125  val_f1=0.7541  lr=1.43e-05
Running Validation...
Ep 380/500  loss=nan  (cls=0.216 conf=1.793 skin=1.791 got=nan)  tr_acc=0.9215  val_acc=0.7725  val_auroc=0.9108  val_f1=0.7334  lr=1.41e-05
Running Validation...
Ep 381/500  loss=nan  (cls=0.219 conf=1.793 skin=1.793 got=nan)  tr_acc=0.9207  val_acc=0.8042  val_auroc=0.9149  val_f1=0.7712  lr=1.38e-05
Running Validation...
Ep 382/500  loss=nan  (cls=0.238 conf=1.793 skin=1.793 got=nan)  tr_acc=0.9070  val_acc=0.7884  val_auroc=0.9151  val_f1=0.7507  lr=1.36e-05
Running Validation...
Ep 383/500  loss=nan  (cls=0.220 conf=1.793 skin=1.795 got=nan)  tr_acc=0.9230  val_acc=0.8095  val_auroc=0.9135  val_f1=0.7771  lr=1.34e-05
Running Validation...
Ep 384/500  loss=nan  (cls=0.245 conf=1.793 skin=1.792 got=nan)  tr_acc=0.9108  val_acc=0.7989  val_auroc=0.9134  val_f1=0.7647  lr=1.32e-05
Running Validation...
Ep 385/500  loss=nan  (cls=0.280 conf=1.793 skin=1.791 got=nan)  tr_acc=0.8963  val_acc=0.7884  val_auroc=0.9136  val_f1=0.7552  lr=1.30e-05
Running Validation...
Ep 386/500  loss=nan  (cls=0.204 conf=1.793 skin=1.794 got=nan)  tr_acc=0.9215  val_acc=0.8201  val_auroc=0.9149  val_f1=0.7936  lr=1.28e-05
Running Validation...
Ep 387/500  loss=nan  (cls=0.239 conf=1.793 skin=1.793 got=nan)  tr_acc=0.9062  val_acc=0.7884  val_auroc=0.9130  val_f1=0.7602  lr=1.26e-05
Running Validation...
Ep 388/500  loss=nan  (cls=0.209 conf=1.793 skin=1.792 got=nan)  tr_acc=0.9207  val_acc=0.7778  val_auroc=0.9115  val_f1=0.7401  lr=1.23e-05
Running Validation...
Ep 389/500  loss=nan  (cls=0.228 conf=1.793 skin=1.795 got=nan)  tr_acc=0.9093  val_acc=0.7884  val_auroc=0.9139  val_f1=0.7507  lr=1.21e-05
Running Validation...
Ep 390/500  loss=nan  (cls=0.229 conf=1.793 skin=1.793 got=nan)  tr_acc=0.9123  val_acc=0.7989  val_auroc=0.9118  val_f1=0.7688  lr=1.19e-05
Running Validation...
Ep 391/500  loss=nan  (cls=0.201 conf=1.793 skin=1.794 got=nan)  tr_acc=0.9177  val_acc=0.7989  val_auroc=0.9146  val_f1=0.7688  lr=1.17e-05
Running Validation...
Ep 392/500  loss=nan  (cls=0.226 conf=1.793 skin=1.792 got=nan)  tr_acc=0.9169  val_acc=0.7937  val_auroc=0.9140  val_f1=0.7658  lr=1.15e-05
Running Validation...
Ep 393/500  loss=nan  (cls=0.208 conf=1.793 skin=1.794 got=nan)  tr_acc=0.9207  val_acc=0.7831  val_auroc=0.9134  val_f1=0.7492  lr=1.13e-05
Running Validation...
Ep 394/500  loss=nan  (cls=0.206 conf=1.793 skin=1.795 got=nan)  tr_acc=0.9253  val_acc=0.7884  val_auroc=0.9141  val_f1=0.7555  lr=1.11e-05
Running Validation...
Ep 395/500  loss=nan  (cls=0.209 conf=1.793 skin=1.791 got=nan)  tr_acc=0.9192  val_acc=0.7989  val_auroc=0.9146  val_f1=0.7679  lr=1.09e-05
Running Validation...
Ep 396/500  loss=nan  (cls=0.240 conf=1.793 skin=1.791 got=nan)  tr_acc=0.9108  val_acc=0.7831  val_auroc=0.9134  val_f1=0.7492  lr=1.07e-05
Running Validation...
Ep 397/500  loss=nan  (cls=0.218 conf=1.793 skin=1.795 got=nan)  tr_acc=0.9200  val_acc=0.8042  val_auroc=0.9123  val_f1=0.7776  lr=1.05e-05
Running Validation...
Ep 398/500  loss=nan  (cls=0.202 conf=1.793 skin=1.794 got=nan)  tr_acc=0.9268  val_acc=0.7937  val_auroc=0.9128  val_f1=0.7650  lr=1.03e-05
Running Validation...
Ep 399/500  loss=nan  (cls=0.207 conf=1.793 skin=1.791 got=nan)  tr_acc=0.9253  val_acc=0.7884  val_auroc=0.9131  val_f1=0.7507  lr=1.01e-05
Running Validation...
Ep 400/500  loss=nan  (cls=0.218 conf=1.793 skin=1.791 got=nan)  tr_acc=0.9169  val_acc=0.7989  val_auroc=0.9149  val_f1=0.7702  lr=9.94e-06
Running Validation...
Ep 401/500  loss=nan  (cls=0.235 conf=1.793 skin=1.794 got=nan)  tr_acc=0.9085  val_acc=0.7831  val_auroc=0.9162  val_f1=0.7465  lr=9.75e-06
Running Validation...
Ep 402/500  loss=nan  (cls=0.207 conf=1.793 skin=1.794 got=nan)  tr_acc=0.9245  val_acc=0.7989  val_auroc=0.9131  val_f1=0.7708  lr=9.56e-06
Running Validation...
Ep 403/500  loss=nan  (cls=0.214 conf=1.793 skin=1.792 got=nan)  tr_acc=0.9139  val_acc=0.7884  val_auroc=0.9109  val_f1=0.7507  lr=9.38e-06
Running Validation...
Ep 404/500  loss=nan  (cls=0.236 conf=1.793 skin=1.796 got=nan)  tr_acc=0.9192  val_acc=0.7937  val_auroc=0.9138  val_f1=0.7593  lr=9.19e-06
Running Validation...
Ep 405/500  loss=nan  (cls=0.227 conf=1.793 skin=1.793 got=nan)  tr_acc=0.9070  val_acc=0.7831  val_auroc=0.9132  val_f1=0.7469  lr=9.01e-06
Running Validation...
Ep 406/500  loss=nan  (cls=0.211 conf=1.793 skin=1.792 got=nan)  tr_acc=0.9223  val_acc=0.7884  val_auroc=0.9124  val_f1=0.7568  lr=8.83e-06
Running Validation...
Ep 407/500  loss=nan  (cls=0.245 conf=1.793 skin=1.793 got=nan)  tr_acc=0.9070  val_acc=0.7884  val_auroc=0.9123  val_f1=0.7549  lr=8.65e-06
Running Validation...
Ep 408/500  loss=nan  (cls=0.217 conf=1.793 skin=1.795 got=nan)  tr_acc=0.9230  val_acc=0.7937  val_auroc=0.9134  val_f1=0.7641  lr=8.47e-06
Running Validation...
Ep 409/500  loss=nan  (cls=0.237 conf=1.793 skin=1.793 got=nan)  tr_acc=0.9223  val_acc=0.7937  val_auroc=0.9114  val_f1=0.7601  lr=8.29e-06
Running Validation...
Ep 410/500  loss=nan  (cls=0.214 conf=1.793 skin=1.792 got=nan)  tr_acc=0.9177  val_acc=0.7989  val_auroc=0.9131  val_f1=0.7708  lr=8.12e-06
Running Validation...
Ep 411/500  loss=nan  (cls=0.199 conf=1.793 skin=1.791 got=nan)  tr_acc=0.9284  val_acc=0.7937  val_auroc=0.9139  val_f1=0.7608  lr=7.94e-06
Running Validation...
Ep 412/500  loss=nan  (cls=0.229 conf=1.793 skin=1.793 got=nan)  tr_acc=0.9162  val_acc=0.7937  val_auroc=0.9146  val_f1=0.7615  lr=7.77e-06
Running Validation...
Ep 413/500  loss=nan  (cls=0.219 conf=1.793 skin=1.794 got=nan)  tr_acc=0.9139  val_acc=0.7989  val_auroc=0.9163  val_f1=0.7679  lr=7.60e-06
Running Validation...
Ep 414/500  loss=nan  (cls=0.254 conf=1.793 skin=1.793 got=nan)  tr_acc=0.9108  val_acc=0.7725  val_auroc=0.9090  val_f1=0.7287  lr=7.43e-06
Running Validation...
Ep 415/500  loss=nan  (cls=0.235 conf=1.793 skin=1.793 got=nan)  tr_acc=0.9085  val_acc=0.7884  val_auroc=0.9118  val_f1=0.7531  lr=7.27e-06
Running Validation...
Ep 416/500  loss=nan  (cls=0.202 conf=1.793 skin=1.793 got=nan)  tr_acc=0.9215  val_acc=0.7884  val_auroc=0.9130  val_f1=0.7563  lr=7.10e-06
Running Validation...
Ep 417/500  loss=nan  (cls=0.229 conf=1.793 skin=1.794 got=nan)  tr_acc=0.9139  val_acc=0.7884  val_auroc=0.9125  val_f1=0.7557  lr=6.94e-06
Running Validation...
Ep 418/500  loss=nan  (cls=0.210 conf=1.793 skin=1.792 got=nan)  tr_acc=0.9200  val_acc=0.7989  val_auroc=0.9126  val_f1=0.7708  lr=6.78e-06
Running Validation...
Ep 419/500  loss=nan  (cls=0.217 conf=1.793 skin=1.792 got=nan)  tr_acc=0.9207  val_acc=0.7937  val_auroc=0.9157  val_f1=0.7581  lr=6.62e-06
Running Validation...
Ep 420/500  loss=nan  (cls=0.227 conf=1.793 skin=1.792 got=nan)  tr_acc=0.9192  val_acc=0.7937  val_auroc=0.9111  val_f1=0.7588  lr=6.46e-06
Running Validation...
Ep 421/500  loss=nan  (cls=0.220 conf=1.793 skin=1.793 got=nan)  tr_acc=0.9116  val_acc=0.7884  val_auroc=0.9128  val_f1=0.7507  lr=6.30e-06
Running Validation...
Ep 422/500  loss=nan  (cls=0.220 conf=1.793 skin=1.793 got=nan)  tr_acc=0.9207  val_acc=0.8042  val_auroc=0.9120  val_f1=0.7790  lr=6.15e-06
Running Validation...
Ep 423/500  loss=nan  (cls=0.217 conf=1.793 skin=1.794 got=nan)  tr_acc=0.9200  val_acc=0.8148  val_auroc=0.9131  val_f1=0.7880  lr=5.99e-06
Running Validation...
Ep 424/500  loss=nan  (cls=0.232 conf=1.793 skin=1.794 got=nan)  tr_acc=0.9101  val_acc=0.7831  val_auroc=0.9138  val_f1=0.7469  lr=5.84e-06
Running Validation...
Ep 425/500  loss=nan  (cls=0.223 conf=1.793 skin=1.791 got=nan)  tr_acc=0.9101  val_acc=0.7937  val_auroc=0.9132  val_f1=0.7644  lr=5.69e-06
Running Validation...
Ep 426/500  loss=nan  (cls=0.218 conf=1.793 skin=1.793 got=nan)  tr_acc=0.9192  val_acc=0.7937  val_auroc=0.9114  val_f1=0.7626  lr=5.55e-06
Running Validation...
Ep 427/500  loss=nan  (cls=0.210 conf=1.793 skin=1.794 got=nan)  tr_acc=0.9245  val_acc=0.7884  val_auroc=0.9114  val_f1=0.7600  lr=5.40e-06
Running Validation...
Ep 428/500  loss=nan  (cls=0.219 conf=1.793 skin=1.794 got=nan)  tr_acc=0.9268  val_acc=0.7778  val_auroc=0.9131  val_f1=0.7454  lr=5.26e-06
Running Validation...
Ep 429/500  loss=nan  (cls=0.197 conf=1.793 skin=1.792 got=nan)  tr_acc=0.9253  val_acc=0.7884  val_auroc=0.9156  val_f1=0.7559  lr=5.11e-06
Running Validation...
Ep 430/500  loss=nan  (cls=0.228 conf=1.793 skin=1.794 got=nan)  tr_acc=0.9169  val_acc=0.7831  val_auroc=0.9100  val_f1=0.7469  lr=4.97e-06
Running Validation...
Ep 431/500  loss=nan  (cls=0.197 conf=1.793 skin=1.794 got=nan)  tr_acc=0.9284  val_acc=0.7831  val_auroc=0.9146  val_f1=0.7469  lr=4.84e-06
Running Validation...
Ep 432/500  loss=nan  (cls=0.220 conf=1.793 skin=1.794 got=nan)  tr_acc=0.9108  val_acc=0.7989  val_auroc=0.9129  val_f1=0.7702  lr=4.70e-06
Running Validation...
Ep 433/500  loss=nan  (cls=0.255 conf=1.793 skin=1.794 got=nan)  tr_acc=0.9070  val_acc=0.7989  val_auroc=0.9136  val_f1=0.7660  lr=4.57e-06
Running Validation...
Ep 434/500  loss=nan  (cls=0.246 conf=1.793 skin=1.794 got=nan)  tr_acc=0.9093  val_acc=0.7989  val_auroc=0.9140  val_f1=0.7690  lr=4.43e-06
Running Validation...
Ep 435/500  loss=nan  (cls=0.238 conf=1.793 skin=1.794 got=nan)  tr_acc=0.9070  val_acc=0.7937  val_auroc=0.9127  val_f1=0.7601  lr=4.30e-06
Running Validation...
Ep 436/500  loss=nan  (cls=0.217 conf=1.793 skin=1.793 got=nan)  tr_acc=0.9131  val_acc=0.7884  val_auroc=0.9114  val_f1=0.7531  lr=4.17e-06
Running Validation...
Ep 437/500  loss=nan  (cls=0.231 conf=1.793 skin=1.795 got=nan)  tr_acc=0.9154  val_acc=0.8042  val_auroc=0.9124  val_f1=0.7759  lr=4.04e-06
Running Validation...
Ep 438/500  loss=nan  (cls=0.222 conf=1.793 skin=1.793 got=nan)  tr_acc=0.9169  val_acc=0.7884  val_auroc=0.9148  val_f1=0.7585  lr=3.92e-06
Running Validation...
Ep 439/500  loss=nan  (cls=0.232 conf=1.793 skin=1.792 got=nan)  tr_acc=0.9108  val_acc=0.7884  val_auroc=0.9121  val_f1=0.7499  lr=3.80e-06
Running Validation...
Ep 440/500  loss=nan  (cls=0.218 conf=1.793 skin=1.794 got=nan)  tr_acc=0.9253  val_acc=0.7937  val_auroc=0.9147  val_f1=0.7591  lr=3.67e-06
Running Validation...
Ep 441/500  loss=nan  (cls=0.238 conf=1.793 skin=1.793 got=nan)  tr_acc=0.9093  val_acc=0.7937  val_auroc=0.9117  val_f1=0.7593  lr=3.55e-06
Running Validation...
Ep 442/500  loss=nan  (cls=0.216 conf=1.793 skin=1.793 got=nan)  tr_acc=0.9169  val_acc=0.7884  val_auroc=0.9091  val_f1=0.7529  lr=3.44e-06
Running Validation...
Ep 443/500  loss=nan  (cls=0.196 conf=1.793 skin=1.795 got=nan)  tr_acc=0.9276  val_acc=0.7831  val_auroc=0.9131  val_f1=0.7490  lr=3.32e-06
Running Validation...
Ep 444/500  loss=nan  (cls=0.231 conf=1.793 skin=1.793 got=nan)  tr_acc=0.9139  val_acc=0.7884  val_auroc=0.9119  val_f1=0.7522  lr=3.21e-06
Running Validation...
Ep 445/500  loss=nan  (cls=0.249 conf=1.793 skin=1.793 got=nan)  tr_acc=0.9070  val_acc=0.7884  val_auroc=0.9142  val_f1=0.7559  lr=3.09e-06
Running Validation...
Ep 446/500  loss=nan  (cls=0.221 conf=1.793 skin=1.794 got=nan)  tr_acc=0.9162  val_acc=0.7937  val_auroc=0.9114  val_f1=0.7624  lr=2.98e-06
Running Validation...
Ep 447/500  loss=nan  (cls=0.225 conf=1.793 skin=1.792 got=nan)  tr_acc=0.9108  val_acc=0.7778  val_auroc=0.9123  val_f1=0.7431  lr=2.88e-06
Running Validation...
Ep 448/500  loss=nan  (cls=0.215 conf=1.793 skin=1.794 got=nan)  tr_acc=0.9177  val_acc=0.8095  val_auroc=0.9157  val_f1=0.7860  lr=2.77e-06
Running Validation...
Ep 449/500  loss=nan  (cls=0.231 conf=1.793 skin=1.792 got=nan)  tr_acc=0.9101  val_acc=0.7884  val_auroc=0.9110  val_f1=0.7475  lr=2.67e-06
Running Validation...
Ep 450/500  loss=nan  (cls=0.226 conf=1.793 skin=1.795 got=nan)  tr_acc=0.9123  val_acc=0.7778  val_auroc=0.9115  val_f1=0.7384  lr=2.56e-06
Running Validation...
Ep 451/500  loss=nan  (cls=0.221 conf=1.793 skin=1.794 got=nan)  tr_acc=0.9085  val_acc=0.7725  val_auroc=0.9131  val_f1=0.7316  lr=2.46e-06
Running Validation...
Ep 452/500  loss=nan  (cls=0.211 conf=1.793 skin=1.793 got=nan)  tr_acc=0.9253  val_acc=0.7937  val_auroc=0.9130  val_f1=0.7650  lr=2.36e-06
Running Validation...
Ep 453/500  loss=nan  (cls=0.234 conf=1.793 skin=1.794 got=nan)  tr_acc=0.9146  val_acc=0.7831  val_auroc=0.9136  val_f1=0.7499  lr=2.27e-06
Running Validation...
Ep 454/500  loss=nan  (cls=0.239 conf=1.793 skin=1.795 got=nan)  tr_acc=0.9162  val_acc=0.7778  val_auroc=0.9107  val_f1=0.7378  lr=2.17e-06
Running Validation...
Ep 455/500  loss=nan  (cls=0.198 conf=1.793 skin=1.793 got=nan)  tr_acc=0.9238  val_acc=0.8042  val_auroc=0.9130  val_f1=0.7747  lr=2.08e-06
Running Validation...
Ep 456/500  loss=nan  (cls=0.185 conf=1.793 skin=1.792 got=nan)  tr_acc=0.9329  val_acc=0.7937  val_auroc=0.9105  val_f1=0.7639  lr=1.99e-06
Running Validation...
Ep 457/500  loss=nan  (cls=0.270 conf=1.793 skin=1.793 got=nan)  tr_acc=0.9032  val_acc=0.7884  val_auroc=0.9130  val_f1=0.7563  lr=1.90e-06
Running Validation...
Ep 458/500  loss=nan  (cls=0.190 conf=1.793 skin=1.792 got=nan)  tr_acc=0.9253  val_acc=0.7989  val_auroc=0.9142  val_f1=0.7679  lr=1.81e-06
Running Validation...
Ep 459/500  loss=nan  (cls=0.189 conf=1.793 skin=1.793 got=nan)  tr_acc=0.9299  val_acc=0.7884  val_auroc=0.9132  val_f1=0.7563  lr=1.73e-06
Running Validation...
Ep 460/500  loss=nan  (cls=0.227 conf=1.793 skin=1.793 got=nan)  tr_acc=0.9062  val_acc=0.7937  val_auroc=0.9137  val_f1=0.7601  lr=1.65e-06
Running Validation...
Ep 461/500  loss=nan  (cls=0.207 conf=1.793 skin=1.793 got=nan)  tr_acc=0.9207  val_acc=0.7884  val_auroc=0.9133  val_f1=0.7541  lr=1.57e-06
Running Validation...
Ep 462/500  loss=nan  (cls=0.210 conf=1.793 skin=1.793 got=nan)  tr_acc=0.9207  val_acc=0.7937  val_auroc=0.9130  val_f1=0.7626  lr=1.49e-06
Running Validation...
Ep 463/500  loss=nan  (cls=0.204 conf=1.793 skin=1.793 got=nan)  tr_acc=0.9253  val_acc=0.7884  val_auroc=0.9125  val_f1=0.7568  lr=1.41e-06
Running Validation...
Ep 464/500  loss=nan  (cls=0.267 conf=1.793 skin=1.795 got=nan)  tr_acc=0.9070  val_acc=0.7831  val_auroc=0.9160  val_f1=0.7469  lr=1.34e-06
Running Validation...
Ep 465/500  loss=nan  (cls=0.216 conf=1.793 skin=1.793 got=nan)  tr_acc=0.9223  val_acc=0.7831  val_auroc=0.9112  val_f1=0.7469  lr=1.26e-06
Running Validation...
Ep 466/500  loss=nan  (cls=0.205 conf=1.793 skin=1.795 got=nan)  tr_acc=0.9223  val_acc=0.7884  val_auroc=0.9126  val_f1=0.7563  lr=1.19e-06
Running Validation...
Ep 467/500  loss=nan  (cls=0.199 conf=1.793 skin=1.794 got=nan)  tr_acc=0.9284  val_acc=0.7619  val_auroc=0.9115  val_f1=0.7133  lr=1.12e-06
Running Validation...
Ep 468/500  loss=nan  (cls=0.228 conf=1.793 skin=1.794 got=nan)  tr_acc=0.9116  val_acc=0.8042  val_auroc=0.9157  val_f1=0.7747  lr=1.06e-06
Running Validation...
Ep 469/500  loss=nan  (cls=0.216 conf=1.793 skin=1.791 got=nan)  tr_acc=0.9184  val_acc=0.7725  val_auroc=0.9119  val_f1=0.7287  lr=9.91e-07
Running Validation...
Ep 470/500  loss=nan  (cls=0.230 conf=1.793 skin=1.794 got=nan)  tr_acc=0.9085  val_acc=0.7725  val_auroc=0.9114  val_f1=0.7340  lr=9.29e-07
Running Validation...
Ep 471/500  loss=nan  (cls=0.209 conf=1.793 skin=1.792 got=nan)  tr_acc=0.9291  val_acc=0.7831  val_auroc=0.9120  val_f1=0.7469  lr=8.68e-07
Running Validation...
Ep 472/500  loss=nan  (cls=0.228 conf=1.793 skin=1.795 got=nan)  tr_acc=0.9139  val_acc=0.7989  val_auroc=0.9119  val_f1=0.7687  lr=8.50e-07
Running Validation...
Ep 473/500  loss=nan  (cls=0.222 conf=1.793 skin=1.792 got=nan)  tr_acc=0.9116  val_acc=0.7884  val_auroc=0.9145  val_f1=0.7611  lr=8.50e-07
Running Validation...
Ep 474/500  loss=nan  (cls=0.237 conf=1.793 skin=1.795 got=nan)  tr_acc=0.9108  val_acc=0.7989  val_auroc=0.9136  val_f1=0.7660  lr=8.50e-07
Running Validation...
Ep 475/500  loss=nan  (cls=0.209 conf=1.793 skin=1.793 got=nan)  tr_acc=0.9238  val_acc=0.7937  val_auroc=0.9145  val_f1=0.7627  lr=8.50e-07
Running Validation...
Ep 476/500  loss=nan  (cls=0.195 conf=1.793 skin=1.794 got=nan)  tr_acc=0.9268  val_acc=0.7884  val_auroc=0.9118  val_f1=0.7549  lr=8.50e-07
Running Validation...
Ep 477/500  loss=nan  (cls=0.241 conf=1.793 skin=1.794 got=nan)  tr_acc=0.9207  val_acc=0.8095  val_auroc=0.9184  val_f1=0.7824  lr=8.50e-07
Running Validation...
Ep 478/500  loss=nan  (cls=0.218 conf=1.793 skin=1.793 got=nan)  tr_acc=0.9268  val_acc=0.7937  val_auroc=0.9159  val_f1=0.7650  lr=8.50e-07
Running Validation...
Ep 479/500  loss=nan  (cls=0.242 conf=1.793 skin=1.792 got=nan)  tr_acc=0.9131  val_acc=0.7989  val_auroc=0.9113  val_f1=0.7696  lr=8.50e-07
Running Validation...
Ep 480/500  loss=nan  (cls=0.223 conf=1.793 skin=1.794 got=nan)  tr_acc=0.9200  val_acc=0.7937  val_auroc=0.9138  val_f1=0.7615  lr=8.50e-07
Running Validation...
Ep 481/500  loss=nan  (cls=0.212 conf=1.793 skin=1.792 got=nan)  tr_acc=0.9207  val_acc=0.7937  val_auroc=0.9117  val_f1=0.7601  lr=8.50e-07
Running Validation...
Ep 482/500  loss=nan  (cls=0.237 conf=1.793 skin=1.793 got=nan)  tr_acc=0.9146  val_acc=0.7619  val_auroc=0.9108  val_f1=0.7159  lr=8.50e-07
Running Validation...
Ep 483/500  loss=nan  (cls=0.222 conf=1.793 skin=1.795 got=nan)  tr_acc=0.9238  val_acc=0.7884  val_auroc=0.9124  val_f1=0.7531  lr=8.50e-07
Running Validation...
Ep 484/500  loss=nan  (cls=0.208 conf=1.793 skin=1.793 got=nan)  tr_acc=0.9276  val_acc=0.8042  val_auroc=0.9138  val_f1=0.7747  lr=8.50e-07
Running Validation...
Ep 485/500  loss=nan  (cls=0.218 conf=1.793 skin=1.794 got=nan)  tr_acc=0.9245  val_acc=0.7884  val_auroc=0.9120  val_f1=0.7507  lr=8.50e-07
Running Validation...
Ep 486/500  loss=nan  (cls=0.216 conf=1.793 skin=1.793 got=nan)  tr_acc=0.9154  val_acc=0.7884  val_auroc=0.9109  val_f1=0.7507  lr=8.50e-07
Running Validation...
Ep 487/500  loss=nan  (cls=0.216 conf=1.793 skin=1.793 got=nan)  tr_acc=0.9230  val_acc=0.7989  val_auroc=0.9162  val_f1=0.7632  lr=8.50e-07
Running Validation...
Ep 488/500  loss=nan  (cls=0.201 conf=1.793 skin=1.791 got=nan)  tr_acc=0.9276  val_acc=0.7884  val_auroc=0.9153  val_f1=0.7507  lr=8.50e-07
Running Validation...
Ep 489/500  loss=nan  (cls=0.185 conf=1.793 skin=1.792 got=nan)  tr_acc=0.9253  val_acc=0.7778  val_auroc=0.9115  val_f1=0.7378  lr=8.50e-07
Running Validation...
Ep 490/500  loss=nan  (cls=0.215 conf=1.793 skin=1.794 got=nan)  tr_acc=0.9192  val_acc=0.8042  val_auroc=0.9147  val_f1=0.7713  lr=8.50e-07
Running Validation...
Ep 491/500  loss=nan  (cls=0.223 conf=1.793 skin=1.793 got=nan)  tr_acc=0.9169  val_acc=0.7831  val_auroc=0.9149  val_f1=0.7439  lr=8.50e-07
Running Validation...
Ep 492/500  loss=nan  (cls=0.238 conf=1.793 skin=1.794 got=nan)  tr_acc=0.9123  val_acc=0.7937  val_auroc=0.9108  val_f1=0.7608  lr=8.50e-07
Running Validation...
Ep 493/500  loss=nan  (cls=0.212 conf=1.793 skin=1.793 got=nan)  tr_acc=0.9177  val_acc=0.7937  val_auroc=0.9123  val_f1=0.7622  lr=8.50e-07
Running Validation...
Ep 494/500  loss=nan  (cls=0.217 conf=1.793 skin=1.795 got=nan)  tr_acc=0.9192  val_acc=0.7778  val_auroc=0.9136  val_f1=0.7431  lr=8.50e-07
Running Validation...
Ep 495/500  loss=nan  (cls=0.188 conf=1.793 skin=1.794 got=nan)  tr_acc=0.9268  val_acc=0.7884  val_auroc=0.9144  val_f1=0.7507  lr=8.50e-07
Running Validation...
Ep 496/500  loss=nan  (cls=0.221 conf=1.793 skin=1.792 got=nan)  tr_acc=0.9169  val_acc=0.7831  val_auroc=0.9125  val_f1=0.7469  lr=8.50e-07
Running Validation...
Ep 497/500  loss=nan  (cls=0.245 conf=1.793 skin=1.794 got=nan)  tr_acc=0.9024  val_acc=0.7725  val_auroc=0.9088  val_f1=0.7340  lr=8.50e-07
Running Validation...
Ep 498/500  loss=nan  (cls=0.228 conf=1.793 skin=1.794 got=nan)  tr_acc=0.9146  val_acc=0.7884  val_auroc=0.9143  val_f1=0.7531  lr=8.50e-07
Running Validation...
Ep 499/500  loss=nan  (cls=0.252 conf=1.793 skin=1.794 got=nan)  tr_acc=0.8971  val_acc=0.7566  val_auroc=0.9050  val_f1=0.7045  lr=8.50e-07
Running Validation...
Ep 500/500  loss=nan  (cls=0.222 conf=1.793 skin=1.791 got=nan)  tr_acc=0.9085  val_acc=0.7884  val_auroc=0.9128  val_f1=0.7531  lr=8.50e-07
Training complete. Best AUROC: 0.9184, Best F1: 0.7936
Loaded best model from best_f1_model.pt (epoch 386)
Running Validation (final)...

Binary fairness (Validation):
  Acc_light: 0.8385  (FST I–III)
  Acc_dark : 0.6667  (FST IV–VI)
  Acc_gap  : 0.1718
  DP_diff  : 0.1077
  EOpp0    : 0.3743
  EOpp1    : 0.1365
  EOdd     : 0.2554
Running Test...

[PatchAlign ResNet-18] Test KNN (k=5) accuracy: 0.8617

Binary fairness (Test):
  Acc_light: 0.8659  (FST I–III)
  Acc_dark : 0.8039  (FST IV–VI)
  Acc_gap  : 0.0620
  DP_diff  : 0.1766
  EOpp0    : 0.2657
  EOpp1    : 0.1692
  EOdd     : 0.2174

Evaluating on fitzpatrick17k
Running Cross-eval: fitzpatrick17k...

Binary fairness (fitzpatrick17k):
  Acc_light: 0.6128  (FST I–III)
  Acc_dark : 0.5245  (FST IV–VI)
  Acc_gap  : 0.0883
  DP_diff  : 0.1034
  EOpp0    : 0.1231
  EOpp1    : 0.0959
  EOdd     : 0.1095

Evaluating on padufes20
Running Cross-eval: padufes20...

Binary fairness (padufes20):
  Acc_light: 0.8946  (FST I–III)
  Acc_dark : 0.8571  (FST IV–VI)
  Acc_gap  : 0.0375
  DP_diff  : 0.1665
  EOpp0    : 0.1456
  EOpp1    : 0.1051
  EOdd     : 0.1253

Evaluating on isic2019
Running Cross-eval: isic2019...

Binary fairness (isic2019):
  Acc_light: nan  (FST I–III)
  Acc_dark : nan  (FST IV–VI)
  Acc_gap  : nan
  DP_diff  : nan
  EOpp0    : nan
  EOpp1    : nan
  EOdd     : nan

Cross-dataset summary:
                 accuracy     auroc  precision  ...       EOM       PQD       DPM
fitzpatrick17k  0.590041  0.792702   0.630102  ...  0.492486  0.742008  0.313550
padufes20       0.821209  0.897192   0.679441  ...  0.518564  0.818182  0.325739
isic2019        0.723243  0.863636   0.664805  ...       NaN       NaN       NaN

[3 rows x 10 columns]

All results saved to outputs_patchalign_resnet18/results_PatchAlign_resnet18
Checkpoints saved to outputs_patchalign_resnet18/checkpoints_PatchAlign_resnet18
=========================================
Finished: Wed Jun 24 10:43:50 PM CEST 2026
Exit code: 0

[DONE] Training completed successfully.
Outputs:
  Checkpoints → 20260623-process/outputs_patchalign_resnet18/checkpoints/
  Results     → 20260623-process/outputs_patchalign_resnet18/results/
  CSVs        → 20260623-process/outputs_patchalign_resnet18/csvs/
