=========================================
Job:       train_ATRB_resnet18  (448706)
Node:      bigpu03
Started:   Wed Jun 24 08:21:42 AM CEST 2026
=========================================
[INFO] No HF token found at /users/jlacmou/.hf_token — downloads may be slow.
[INFO] No kaggle.json found in 20260623-process. Relying on ~/.kaggle/ or env vars.
[SETUP] Installing / verifying Python dependencies...

── GPU info ──────────────────────────────
Tesla V100-PCIE-32GB, 32768 MiB, 575.57.08
PyTorch : 2.12.1+cu126
CUDA    : 12.6
Devices : 1
GPU 0   : Tesla V100-PCIE-32GB
VRAM    : 34.1 GB
──────────────────────────────────────────

[CHECK] Validating dataset roots...
  [OK]      20260623-process/data/datasets/asosenge/hibaskinlesionsdataset-main
  [OK]      20260623-process/data/datasets/asosenge/fitzpatrick17k
  [OK]      20260623-process/data/datasets/asosenge/derm7pt
  [OK]      20260623-process/data/datasets/mahdavi1202/skin-cancer
  [OK]      20260623-process/data/datasets/sengenjih/isic2019

[CONVERT] Converting notebook to Python script...
[PATCH] Redirecting Kaggle paths → cluster paths...
  DATA_ROOT  → 20260623-process/data/datasets
  WORK_ROOT  → 20260623-process/outputs_ATRB_resnet18
  BB_CACHE   → 20260623-process/backbone_cache
  Patch applied successfully.

[RUN] Starting training — Wed Jun 24 08:22:23 AM CEST 2026
=========================================
Device: cuda
CSV dir      : outputs_ATRB_resnet18/csvs
Checkpoints  : outputs_ATRB_resnet18/checkpoints_ATRB_resnet18
Results      : outputs_ATRB_resnet18/results_ATRB_resnet18
Image roots:
  hiba           : 20260623-process/data/datasets/asosenge/hibaskinlesionsdataset-main/HIBASkinLesionsDataset-main/images
  fitzpatrick17k : 20260623-process/data/datasets/asosenge/fitzpatrick17k/fitzpatrick17k/data/finalfitz17k
  derm7pt        : 20260623-process/data/datasets/asosenge/derm7pt/release_v0/images
  padufes20      : 20260623-process/data/datasets/mahdavi1202/skin-cancer
  isic2019       : 20260623-process/data/datasets/sengenjih/isic2019
[INFO] Built image map for hiba: 1616 entries
[INFO] Built image map for fitzpatrick17k: 16577 entries
[INFO] Built image map for derm7pt: 2013 entries
[INFO] Built image map for padufes20: 2298 entries
[INFO] Built image map for isic2019: 33569 entries
[INFO] paired_train: loaded 738 ID-matched pairs from split clin/derm CSVs
[INFO] paired_val: loaded 106 ID-matched pairs from split clin/derm CSVs
[INFO] paired_test: loaded 211 ID-matched pairs from split clin/derm CSVs
[INFO] Loaded fitzpatrick17k eval set: 1727 samples
[INFO] Loaded padufes20 eval set: 1141 samples
[INFO] Loaded isic2019 eval set: 25517 samples
Train batches: 41, Val batches: 6
Test batches: 33
Cross-eval loaders: ['fitzpatrick17k', 'padufes20', 'isic2019']
Downloading: "https://download.pytorch.org/models/resnet18-f37072fd.pth" to 20260623-process/backbone_cache/hub/checkpoints/resnet18-f37072fd.pth
Running Validation...
Ep   1/500  loss=1.1933  tr_acc=0.3285  val_acc=0.4974  val_auroc=0.5706  val_f1=0.3648  lr=4.00e-06
Running Validation...
Ep   2/500  loss=1.0917  tr_acc=0.4169  val_acc=0.6138  val_auroc=0.7362  val_f1=0.5058  lr=6.00e-06
Running Validation...
Ep   3/500  loss=0.9276  tr_acc=0.5686  val_acc=0.6825  val_auroc=0.8120  val_f1=0.5887  lr=8.00e-06
Running Validation...
Ep   4/500  loss=0.7998  tr_acc=0.6646  val_acc=0.7143  val_auroc=0.8502  val_f1=0.6300  lr=1.00e-05
Running Validation...
Ep   5/500  loss=0.7054  tr_acc=0.6944  val_acc=0.7354  val_auroc=0.8799  val_f1=0.6635  lr=1.20e-05
Running Validation...
Ep   6/500  loss=0.6201  tr_acc=0.7454  val_acc=0.7196  val_auroc=0.8862  val_f1=0.6503  lr=1.40e-05
Running Validation...
Ep   7/500  loss=0.5853  tr_acc=0.7675  val_acc=0.7619  val_auroc=0.9008  val_f1=0.7049  lr=1.60e-05
Running Validation...
Ep   8/500  loss=0.5286  tr_acc=0.7835  val_acc=0.7460  val_auroc=0.9024  val_f1=0.7036  lr=1.80e-05
Running Validation...
Ep   9/500  loss=0.4880  tr_acc=0.8117  val_acc=0.7937  val_auroc=0.9221  val_f1=0.7420  lr=2.00e-05
Running Validation...
Ep  10/500  loss=0.4178  tr_acc=0.8384  val_acc=0.7989  val_auroc=0.9238  val_f1=0.7660  lr=2.20e-05
Running Validation...
Ep  11/500  loss=0.3594  tr_acc=0.8674  val_acc=0.8042  val_auroc=0.9190  val_f1=0.7776  lr=2.40e-05
Running Validation...
Ep  12/500  loss=0.3615  tr_acc=0.8620  val_acc=0.8254  val_auroc=0.9362  val_f1=0.7778  lr=2.60e-05
Running Validation...
Ep  13/500  loss=0.2878  tr_acc=0.9009  val_acc=0.7989  val_auroc=0.9284  val_f1=0.7619  lr=2.80e-05
Running Validation...
Ep  14/500  loss=0.2619  tr_acc=0.9070  val_acc=0.8201  val_auroc=0.9354  val_f1=0.7820  lr=3.00e-05
Running Validation...
Ep  15/500  loss=0.2436  tr_acc=0.9131  val_acc=0.8307  val_auroc=0.9443  val_f1=0.8025  lr=3.20e-05
Running Validation...
Ep  16/500  loss=0.2112  tr_acc=0.9215  val_acc=0.8307  val_auroc=0.9425  val_f1=0.7963  lr=3.40e-05
Running Validation...
Ep  17/500  loss=0.1875  tr_acc=0.9322  val_acc=0.8466  val_auroc=0.9511  val_f1=0.8091  lr=3.60e-05
Running Validation...
Ep  18/500  loss=0.1762  tr_acc=0.9405  val_acc=0.8571  val_auroc=0.9466  val_f1=0.8139  lr=3.80e-05
Running Validation...
Ep  19/500  loss=0.1490  tr_acc=0.9405  val_acc=0.8201  val_auroc=0.9407  val_f1=0.7945  lr=4.00e-05
Running Validation...
Ep  20/500  loss=0.1488  tr_acc=0.9512  val_acc=0.8519  val_auroc=0.9443  val_f1=0.8139  lr=4.20e-05
Running Validation...
Ep  21/500  loss=0.1529  tr_acc=0.9482  val_acc=0.8466  val_auroc=0.9450  val_f1=0.8191  lr=4.40e-05
Running Validation...
Ep  22/500  loss=0.1093  tr_acc=0.9665  val_acc=0.8466  val_auroc=0.9418  val_f1=0.8319  lr=4.60e-05
Running Validation...
Ep  23/500  loss=0.1003  tr_acc=0.9710  val_acc=0.8624  val_auroc=0.9523  val_f1=0.8405  lr=4.80e-05
Running Validation...
Ep  24/500  loss=0.1210  tr_acc=0.9627  val_acc=0.8730  val_auroc=0.9491  val_f1=0.8491  lr=5.00e-05
Running Validation...
Ep  25/500  loss=0.1015  tr_acc=0.9680  val_acc=0.8624  val_auroc=0.9507  val_f1=0.8310  lr=5.20e-05
Running Validation...
Ep  26/500  loss=0.0937  tr_acc=0.9710  val_acc=0.8519  val_auroc=0.9592  val_f1=0.8044  lr=5.40e-05
Running Validation...
Ep  27/500  loss=0.0951  tr_acc=0.9710  val_acc=0.8254  val_auroc=0.9463  val_f1=0.7961  lr=5.60e-05
Running Validation...
Ep  28/500  loss=0.0601  tr_acc=0.9779  val_acc=0.8254  val_auroc=0.9300  val_f1=0.7985  lr=5.80e-05
Running Validation...
Ep  29/500  loss=0.0881  tr_acc=0.9748  val_acc=0.8307  val_auroc=0.9539  val_f1=0.7939  lr=6.00e-05
Running Validation...
Ep  30/500  loss=0.0899  tr_acc=0.9756  val_acc=0.8413  val_auroc=0.9402  val_f1=0.8160  lr=6.20e-05
Running Validation...
Ep  31/500  loss=0.0706  tr_acc=0.9779  val_acc=0.8360  val_auroc=0.9463  val_f1=0.8069  lr=6.40e-05
Running Validation...
Ep  32/500  loss=0.0713  tr_acc=0.9771  val_acc=0.8413  val_auroc=0.9417  val_f1=0.7993  lr=6.60e-05
Running Validation...
Ep  33/500  loss=0.0625  tr_acc=0.9771  val_acc=0.8519  val_auroc=0.9446  val_f1=0.7978  lr=6.80e-05
Running Validation...
Ep  34/500  loss=0.0739  tr_acc=0.9764  val_acc=0.8413  val_auroc=0.9362  val_f1=0.7970  lr=7.00e-05
Running Validation...
Ep  35/500  loss=0.0594  tr_acc=0.9825  val_acc=0.8413  val_auroc=0.9415  val_f1=0.7769  lr=7.20e-05
Running Validation...
Ep  36/500  loss=0.0598  tr_acc=0.9802  val_acc=0.8360  val_auroc=0.9406  val_f1=0.7902  lr=7.40e-05
Running Validation...
Ep  37/500  loss=0.0556  tr_acc=0.9840  val_acc=0.8095  val_auroc=0.9267  val_f1=0.7789  lr=7.60e-05
Running Validation...
Ep  38/500  loss=0.0871  tr_acc=0.9695  val_acc=0.8519  val_auroc=0.9299  val_f1=0.8266  lr=7.80e-05
Running Validation...
Ep  39/500  loss=0.0831  tr_acc=0.9703  val_acc=0.8201  val_auroc=0.9285  val_f1=0.7851  lr=8.00e-05
Running Validation...
Ep  40/500  loss=0.0643  tr_acc=0.9787  val_acc=0.8571  val_auroc=0.9379  val_f1=0.8300  lr=8.20e-05
Running Validation...
Ep  41/500  loss=0.0684  tr_acc=0.9771  val_acc=0.8201  val_auroc=0.9325  val_f1=0.7868  lr=8.40e-05
Running Validation...
Ep  42/500  loss=0.0686  tr_acc=0.9726  val_acc=0.7831  val_auroc=0.9146  val_f1=0.7259  lr=8.60e-05
Running Validation...
Ep  43/500  loss=0.0710  tr_acc=0.9756  val_acc=0.8519  val_auroc=0.9364  val_f1=0.8104  lr=8.80e-05
Running Validation...
Ep  44/500  loss=0.0756  tr_acc=0.9741  val_acc=0.8095  val_auroc=0.9171  val_f1=0.7573  lr=9.00e-05
Running Validation...
Ep  45/500  loss=0.0803  tr_acc=0.9703  val_acc=0.8148  val_auroc=0.9300  val_f1=0.7682  lr=9.20e-05
Running Validation...
Ep  46/500  loss=0.0844  tr_acc=0.9672  val_acc=0.8201  val_auroc=0.9345  val_f1=0.7900  lr=9.40e-05
Running Validation...
Ep  47/500  loss=0.0504  tr_acc=0.9809  val_acc=0.8519  val_auroc=0.9391  val_f1=0.8218  lr=9.60e-05
Running Validation...
Ep  48/500  loss=0.0697  tr_acc=0.9779  val_acc=0.8201  val_auroc=0.9252  val_f1=0.7529  lr=9.80e-05
Running Validation...
Ep  49/500  loss=0.0909  tr_acc=0.9703  val_acc=0.8360  val_auroc=0.9105  val_f1=0.7937  lr=1.00e-04
Running Validation...
Ep  50/500  loss=0.0807  tr_acc=0.9680  val_acc=0.8307  val_auroc=0.9324  val_f1=0.7731  lr=1.00e-04
Running Validation...
Ep  51/500  loss=0.0794  tr_acc=0.9741  val_acc=0.8677  val_auroc=0.9444  val_f1=0.8221  lr=1.00e-04
Running Validation...
Ep  52/500  loss=0.0647  tr_acc=0.9771  val_acc=0.8307  val_auroc=0.9397  val_f1=0.7788  lr=1.00e-04
Running Validation...
Ep  53/500  loss=0.0856  tr_acc=0.9718  val_acc=0.8254  val_auroc=0.9296  val_f1=0.7877  lr=1.00e-04
Running Validation...
Ep  54/500  loss=0.0791  tr_acc=0.9688  val_acc=0.8254  val_auroc=0.9359  val_f1=0.7826  lr=1.00e-04
Running Validation...
Ep  55/500  loss=0.0626  tr_acc=0.9794  val_acc=0.8466  val_auroc=0.9233  val_f1=0.8077  lr=1.00e-04
Running Validation...
Ep  56/500  loss=0.0458  tr_acc=0.9825  val_acc=0.7937  val_auroc=0.9205  val_f1=0.7453  lr=1.00e-04
Running Validation...
Ep  57/500  loss=0.0539  tr_acc=0.9832  val_acc=0.8042  val_auroc=0.9108  val_f1=0.7298  lr=9.99e-05
Running Validation...
Ep  58/500  loss=0.0621  tr_acc=0.9817  val_acc=0.8201  val_auroc=0.9292  val_f1=0.7754  lr=9.99e-05
Running Validation...
Ep  59/500  loss=0.0705  tr_acc=0.9779  val_acc=0.8307  val_auroc=0.9267  val_f1=0.7745  lr=9.99e-05
Running Validation...
Ep  60/500  loss=0.0678  tr_acc=0.9771  val_acc=0.8360  val_auroc=0.9343  val_f1=0.7837  lr=9.99e-05
Running Validation...
Ep  61/500  loss=0.0476  tr_acc=0.9809  val_acc=0.8095  val_auroc=0.9188  val_f1=0.7507  lr=9.99e-05
Running Validation...
Ep  62/500  loss=0.0520  tr_acc=0.9809  val_acc=0.8042  val_auroc=0.9167  val_f1=0.7430  lr=9.98e-05
Running Validation...
Ep  63/500  loss=0.0419  tr_acc=0.9848  val_acc=0.8413  val_auroc=0.9375  val_f1=0.7977  lr=9.98e-05
Running Validation...
Ep  64/500  loss=0.0456  tr_acc=0.9817  val_acc=0.7937  val_auroc=0.9268  val_f1=0.7236  lr=9.98e-05
Running Validation...
Ep  65/500  loss=0.0462  tr_acc=0.9832  val_acc=0.8307  val_auroc=0.9108  val_f1=0.7865  lr=9.97e-05
Running Validation...
Ep  66/500  loss=0.0305  tr_acc=0.9886  val_acc=0.8254  val_auroc=0.9111  val_f1=0.7741  lr=9.97e-05
Running Validation...
Ep  67/500  loss=0.0357  tr_acc=0.9916  val_acc=0.8042  val_auroc=0.9293  val_f1=0.7410  lr=9.96e-05
Running Validation...
Ep  68/500  loss=0.0332  tr_acc=0.9909  val_acc=0.8095  val_auroc=0.9123  val_f1=0.7415  lr=9.96e-05
Running Validation...
Ep  69/500  loss=0.0469  tr_acc=0.9825  val_acc=0.8254  val_auroc=0.9276  val_f1=0.7823  lr=9.96e-05
Running Validation...
Ep  70/500  loss=0.0482  tr_acc=0.9802  val_acc=0.8095  val_auroc=0.9315  val_f1=0.7548  lr=9.95e-05
Running Validation...
Ep  71/500  loss=0.0257  tr_acc=0.9893  val_acc=0.8201  val_auroc=0.9314  val_f1=0.7651  lr=9.95e-05
Running Validation...
Ep  72/500  loss=0.0359  tr_acc=0.9878  val_acc=0.8095  val_auroc=0.9136  val_f1=0.7294  lr=9.94e-05
Running Validation...
Ep  73/500  loss=0.0331  tr_acc=0.9878  val_acc=0.8307  val_auroc=0.9292  val_f1=0.7659  lr=9.94e-05
Running Validation...
Ep  74/500  loss=0.0402  tr_acc=0.9878  val_acc=0.8042  val_auroc=0.8982  val_f1=0.7489  lr=9.93e-05
Running Validation...
Ep  75/500  loss=0.0485  tr_acc=0.9855  val_acc=0.7884  val_auroc=0.9120  val_f1=0.7256  lr=9.92e-05
Running Validation...
Ep  76/500  loss=0.0433  tr_acc=0.9855  val_acc=0.8148  val_auroc=0.9273  val_f1=0.7535  lr=9.92e-05
Running Validation...
Ep  77/500  loss=0.0192  tr_acc=0.9947  val_acc=0.8148  val_auroc=0.9284  val_f1=0.7487  lr=9.91e-05
Running Validation...
Ep  78/500  loss=0.0276  tr_acc=0.9878  val_acc=0.8519  val_auroc=0.9351  val_f1=0.7907  lr=9.90e-05
Running Validation...
Ep  79/500  loss=0.0643  tr_acc=0.9825  val_acc=0.8254  val_auroc=0.9395  val_f1=0.7792  lr=9.90e-05
Running Validation...
Ep  80/500  loss=0.0454  tr_acc=0.9840  val_acc=0.8201  val_auroc=0.9238  val_f1=0.7742  lr=9.89e-05
Running Validation...
Ep  81/500  loss=0.0363  tr_acc=0.9901  val_acc=0.8624  val_auroc=0.9359  val_f1=0.8299  lr=9.88e-05
Running Validation...
Ep  82/500  loss=0.0331  tr_acc=0.9901  val_acc=0.8519  val_auroc=0.9271  val_f1=0.8049  lr=9.88e-05
Running Validation...
Ep  83/500  loss=0.0405  tr_acc=0.9825  val_acc=0.8148  val_auroc=0.9237  val_f1=0.7634  lr=9.87e-05
Running Validation...
Ep  84/500  loss=0.0304  tr_acc=0.9878  val_acc=0.8201  val_auroc=0.9286  val_f1=0.7545  lr=9.86e-05
Running Validation...
Ep  85/500  loss=0.0205  tr_acc=0.9916  val_acc=0.8624  val_auroc=0.9385  val_f1=0.8193  lr=9.85e-05
Running Validation...
Ep  86/500  loss=0.0439  tr_acc=0.9817  val_acc=0.8254  val_auroc=0.9400  val_f1=0.7612  lr=9.84e-05
Running Validation...
Ep  87/500  loss=0.0346  tr_acc=0.9901  val_acc=0.8254  val_auroc=0.9355  val_f1=0.7723  lr=9.83e-05
Running Validation...
Ep  88/500  loss=0.0276  tr_acc=0.9916  val_acc=0.8254  val_auroc=0.9422  val_f1=0.7663  lr=9.83e-05
Running Validation...
Ep  89/500  loss=0.0401  tr_acc=0.9878  val_acc=0.8254  val_auroc=0.9339  val_f1=0.7929  lr=9.82e-05
Running Validation...
Ep  90/500  loss=0.0242  tr_acc=0.9909  val_acc=0.8254  val_auroc=0.9398  val_f1=0.7668  lr=9.81e-05
Running Validation...
Ep  91/500  loss=0.0245  tr_acc=0.9924  val_acc=0.8307  val_auroc=0.9281  val_f1=0.7874  lr=9.80e-05
Running Validation...
Ep  92/500  loss=0.0164  tr_acc=0.9962  val_acc=0.8413  val_auroc=0.9320  val_f1=0.7774  lr=9.79e-05
Running Validation...
Ep  93/500  loss=0.0192  tr_acc=0.9924  val_acc=0.8360  val_auroc=0.9270  val_f1=0.7851  lr=9.78e-05
Running Validation...
Ep  94/500  loss=0.0311  tr_acc=0.9893  val_acc=0.8148  val_auroc=0.9299  val_f1=0.7493  lr=9.77e-05
Running Validation...
Ep  95/500  loss=0.0209  tr_acc=0.9916  val_acc=0.8254  val_auroc=0.9380  val_f1=0.7511  lr=9.76e-05
Running Validation...
Ep  96/500  loss=0.0284  tr_acc=0.9870  val_acc=0.8413  val_auroc=0.9345  val_f1=0.7865  lr=9.74e-05
Running Validation...
Ep  97/500  loss=0.0304  tr_acc=0.9931  val_acc=0.8254  val_auroc=0.9348  val_f1=0.7682  lr=9.73e-05
Running Validation...
Ep  98/500  loss=0.0473  tr_acc=0.9855  val_acc=0.8466  val_auroc=0.9318  val_f1=0.8008  lr=9.72e-05
Running Validation...
Ep  99/500  loss=0.0292  tr_acc=0.9916  val_acc=0.8466  val_auroc=0.9423  val_f1=0.8077  lr=9.71e-05
Running Validation...
Ep 100/500  loss=0.0275  tr_acc=0.9924  val_acc=0.8466  val_auroc=0.9369  val_f1=0.8076  lr=9.70e-05
Running Validation...
Ep 101/500  loss=0.0327  tr_acc=0.9878  val_acc=0.8307  val_auroc=0.9212  val_f1=0.7763  lr=9.69e-05
Running Validation...
Ep 102/500  loss=0.0327  tr_acc=0.9893  val_acc=0.8201  val_auroc=0.9289  val_f1=0.7641  lr=9.67e-05
Running Validation...
Ep 103/500  loss=0.0150  tr_acc=0.9947  val_acc=0.8254  val_auroc=0.9400  val_f1=0.7846  lr=9.66e-05
Running Validation...
Ep 104/500  loss=0.0266  tr_acc=0.9916  val_acc=0.8201  val_auroc=0.9334  val_f1=0.7470  lr=9.65e-05
Running Validation...
Ep 105/500  loss=0.0360  tr_acc=0.9931  val_acc=0.8307  val_auroc=0.9359  val_f1=0.7656  lr=9.64e-05
Running Validation...
Ep 106/500  loss=0.0384  tr_acc=0.9901  val_acc=0.8413  val_auroc=0.9289  val_f1=0.7946  lr=9.62e-05
Running Validation...
Ep 107/500  loss=0.0175  tr_acc=0.9947  val_acc=0.8466  val_auroc=0.9381  val_f1=0.8107  lr=9.61e-05
Running Validation...
Ep 108/500  loss=0.0290  tr_acc=0.9924  val_acc=0.8148  val_auroc=0.9293  val_f1=0.7583  lr=9.60e-05
Running Validation...
Ep 109/500  loss=0.0180  tr_acc=0.9947  val_acc=0.8254  val_auroc=0.9307  val_f1=0.7657  lr=9.58e-05
Running Validation...
Ep 110/500  loss=0.0179  tr_acc=0.9931  val_acc=0.8360  val_auroc=0.9407  val_f1=0.7950  lr=9.57e-05
Running Validation...
Ep 111/500  loss=0.0088  tr_acc=0.9970  val_acc=0.8254  val_auroc=0.9251  val_f1=0.7768  lr=9.55e-05
Running Validation...
Ep 112/500  loss=0.0348  tr_acc=0.9901  val_acc=0.8466  val_auroc=0.9342  val_f1=0.8032  lr=9.54e-05
Running Validation...
Ep 113/500  loss=0.0209  tr_acc=0.9916  val_acc=0.8254  val_auroc=0.9345  val_f1=0.7674  lr=9.52e-05
Running Validation...
Ep 114/500  loss=0.0211  tr_acc=0.9916  val_acc=0.8466  val_auroc=0.9338  val_f1=0.8132  lr=9.51e-05
Running Validation...
Ep 115/500  loss=0.0147  tr_acc=0.9947  val_acc=0.8042  val_auroc=0.9268  val_f1=0.7409  lr=9.49e-05
Running Validation...
Ep 116/500  loss=0.0218  tr_acc=0.9924  val_acc=0.8360  val_auroc=0.9383  val_f1=0.7861  lr=9.48e-05
Running Validation...
Ep 117/500  loss=0.0116  tr_acc=0.9947  val_acc=0.8360  val_auroc=0.9511  val_f1=0.7878  lr=9.46e-05
Running Validation...
Ep 118/500  loss=0.0149  tr_acc=0.9962  val_acc=0.8254  val_auroc=0.9378  val_f1=0.7770  lr=9.45e-05
Running Validation...
Ep 119/500  loss=0.0205  tr_acc=0.9954  val_acc=0.8148  val_auroc=0.9231  val_f1=0.7614  lr=9.43e-05
Running Validation...
Ep 120/500  loss=0.0279  tr_acc=0.9893  val_acc=0.8254  val_auroc=0.9285  val_f1=0.7871  lr=9.41e-05
Running Validation...
Ep 121/500  loss=0.0298  tr_acc=0.9916  val_acc=0.7989  val_auroc=0.9293  val_f1=0.7534  lr=9.40e-05
Running Validation...
Ep 122/500  loss=0.0222  tr_acc=0.9916  val_acc=0.8042  val_auroc=0.9224  val_f1=0.7440  lr=9.38e-05
Running Validation...
Ep 123/500  loss=0.0068  tr_acc=0.9992  val_acc=0.7989  val_auroc=0.9333  val_f1=0.7237  lr=9.36e-05
Running Validation...
Ep 124/500  loss=0.0097  tr_acc=0.9970  val_acc=0.8042  val_auroc=0.9247  val_f1=0.7481  lr=9.35e-05
Running Validation...
Ep 125/500  loss=0.0187  tr_acc=0.9970  val_acc=0.8201  val_auroc=0.9289  val_f1=0.7624  lr=9.33e-05
Running Validation...
Ep 126/500  loss=0.0196  tr_acc=0.9939  val_acc=0.8307  val_auroc=0.9300  val_f1=0.7804  lr=9.31e-05
Running Validation...
Ep 127/500  loss=0.0128  tr_acc=0.9954  val_acc=0.8148  val_auroc=0.9241  val_f1=0.7709  lr=9.29e-05
Running Validation...
Ep 128/500  loss=0.0086  tr_acc=0.9970  val_acc=0.8201  val_auroc=0.9232  val_f1=0.7665  lr=9.28e-05
Running Validation...
Ep 129/500  loss=0.0193  tr_acc=0.9931  val_acc=0.7884  val_auroc=0.9253  val_f1=0.7330  lr=9.26e-05
Running Validation...
Ep 130/500  loss=0.0097  tr_acc=0.9970  val_acc=0.7831  val_auroc=0.9297  val_f1=0.7327  lr=9.24e-05
Running Validation...
Ep 131/500  loss=0.0208  tr_acc=0.9947  val_acc=0.8413  val_auroc=0.9432  val_f1=0.7966  lr=9.22e-05
Running Validation...
Ep 132/500  loss=0.0100  tr_acc=0.9977  val_acc=0.8360  val_auroc=0.9371  val_f1=0.7842  lr=9.20e-05
Running Validation...
Ep 133/500  loss=0.0124  tr_acc=0.9954  val_acc=0.8254  val_auroc=0.9296  val_f1=0.7703  lr=9.18e-05
Running Validation...
Ep 134/500  loss=0.0169  tr_acc=0.9947  val_acc=0.8148  val_auroc=0.9273  val_f1=0.7689  lr=9.16e-05
Running Validation...
Ep 135/500  loss=0.0305  tr_acc=0.9909  val_acc=0.8307  val_auroc=0.9337  val_f1=0.7701  lr=9.15e-05
Running Validation...
Ep 136/500  loss=0.0139  tr_acc=0.9947  val_acc=0.8148  val_auroc=0.9225  val_f1=0.7615  lr=9.13e-05
Running Validation...
Ep 137/500  loss=0.0199  tr_acc=0.9954  val_acc=0.8201  val_auroc=0.9232  val_f1=0.7637  lr=9.11e-05
Running Validation...
Ep 138/500  loss=0.0108  tr_acc=0.9947  val_acc=0.8201  val_auroc=0.9220  val_f1=0.7764  lr=9.09e-05
Running Validation...
Ep 139/500  loss=0.0254  tr_acc=0.9931  val_acc=0.8254  val_auroc=0.9469  val_f1=0.7857  lr=9.07e-05
Running Validation...
Ep 140/500  loss=0.0225  tr_acc=0.9924  val_acc=0.8413  val_auroc=0.9467  val_f1=0.7994  lr=9.05e-05
Running Validation...
Ep 141/500  loss=0.0120  tr_acc=0.9947  val_acc=0.8148  val_auroc=0.9305  val_f1=0.7484  lr=9.02e-05
Running Validation...
Ep 142/500  loss=0.0123  tr_acc=0.9947  val_acc=0.7989  val_auroc=0.9281  val_f1=0.7362  lr=9.00e-05
Running Validation...
Ep 143/500  loss=0.0251  tr_acc=0.9909  val_acc=0.7831  val_auroc=0.9234  val_f1=0.7346  lr=8.98e-05
Running Validation...
Ep 144/500  loss=0.0131  tr_acc=0.9947  val_acc=0.8095  val_auroc=0.9205  val_f1=0.7645  lr=8.96e-05
Running Validation...
Ep 145/500  loss=0.0120  tr_acc=0.9970  val_acc=0.8254  val_auroc=0.9245  val_f1=0.7762  lr=8.94e-05
Running Validation...
Ep 146/500  loss=0.0132  tr_acc=0.9954  val_acc=0.8254  val_auroc=0.9368  val_f1=0.7781  lr=8.92e-05
Running Validation...
Ep 147/500  loss=0.0351  tr_acc=0.9909  val_acc=0.8307  val_auroc=0.9429  val_f1=0.7700  lr=8.90e-05
Running Validation...
Ep 148/500  loss=0.0258  tr_acc=0.9909  val_acc=0.8254  val_auroc=0.9304  val_f1=0.7786  lr=8.87e-05
Running Validation...
Ep 149/500  loss=0.0218  tr_acc=0.9916  val_acc=0.8360  val_auroc=0.9383  val_f1=0.7846  lr=8.85e-05
Running Validation...
Ep 150/500  loss=0.0123  tr_acc=0.9954  val_acc=0.8466  val_auroc=0.9489  val_f1=0.8017  lr=8.83e-05
Running Validation...
Ep 151/500  loss=0.0194  tr_acc=0.9939  val_acc=0.8360  val_auroc=0.9398  val_f1=0.7895  lr=8.81e-05
Running Validation...
Ep 152/500  loss=0.0208  tr_acc=0.9939  val_acc=0.8519  val_auroc=0.9461  val_f1=0.8051  lr=8.78e-05
Running Validation...
Ep 153/500  loss=0.0182  tr_acc=0.9954  val_acc=0.8413  val_auroc=0.9424  val_f1=0.7908  lr=8.76e-05
Running Validation...
Ep 154/500  loss=0.0227  tr_acc=0.9931  val_acc=0.8519  val_auroc=0.9439  val_f1=0.8100  lr=8.74e-05
Running Validation...
Ep 155/500  loss=0.0180  tr_acc=0.9954  val_acc=0.8254  val_auroc=0.9386  val_f1=0.7686  lr=8.72e-05
Running Validation...
Ep 156/500  loss=0.0138  tr_acc=0.9954  val_acc=0.8042  val_auroc=0.9324  val_f1=0.7571  lr=8.69e-05
Running Validation...
Ep 157/500  loss=0.0112  tr_acc=0.9947  val_acc=0.8466  val_auroc=0.9318  val_f1=0.8157  lr=8.67e-05
Running Validation...
Ep 158/500  loss=0.0135  tr_acc=0.9962  val_acc=0.8571  val_auroc=0.9489  val_f1=0.8135  lr=8.64e-05
Running Validation...
Ep 159/500  loss=0.0238  tr_acc=0.9947  val_acc=0.8042  val_auroc=0.9390  val_f1=0.7355  lr=8.62e-05
Running Validation...
Ep 160/500  loss=0.0075  tr_acc=0.9962  val_acc=0.8413  val_auroc=0.9427  val_f1=0.7946  lr=8.60e-05
Running Validation...
Ep 161/500  loss=0.0161  tr_acc=0.9954  val_acc=0.8254  val_auroc=0.9412  val_f1=0.7734  lr=8.57e-05
Running Validation...
Ep 162/500  loss=0.0134  tr_acc=0.9962  val_acc=0.8360  val_auroc=0.9391  val_f1=0.7919  lr=8.55e-05
Running Validation...
Ep 163/500  loss=0.0076  tr_acc=0.9970  val_acc=0.8254  val_auroc=0.9488  val_f1=0.7729  lr=8.52e-05
Running Validation...
Ep 164/500  loss=0.0036  tr_acc=0.9985  val_acc=0.8307  val_auroc=0.9390  val_f1=0.7757  lr=8.50e-05
Running Validation...
Ep 165/500  loss=0.0096  tr_acc=0.9947  val_acc=0.8307  val_auroc=0.9289  val_f1=0.7769  lr=8.47e-05
Running Validation...
Ep 166/500  loss=0.0060  tr_acc=0.9985  val_acc=0.8148  val_auroc=0.9169  val_f1=0.7760  lr=8.45e-05
Running Validation...
Ep 167/500  loss=0.0065  tr_acc=0.9985  val_acc=0.8254  val_auroc=0.9278  val_f1=0.7887  lr=8.42e-05
Running Validation...
Ep 168/500  loss=0.0070  tr_acc=0.9977  val_acc=0.8148  val_auroc=0.9370  val_f1=0.7550  lr=8.40e-05
Running Validation...
Ep 169/500  loss=0.0037  tr_acc=0.9985  val_acc=0.8466  val_auroc=0.9445  val_f1=0.7965  lr=8.37e-05
Running Validation...
Ep 170/500  loss=0.0070  tr_acc=0.9977  val_acc=0.8360  val_auroc=0.9468  val_f1=0.7756  lr=8.35e-05
Running Validation...
Ep 171/500  loss=0.0108  tr_acc=0.9954  val_acc=0.8254  val_auroc=0.9403  val_f1=0.7763  lr=8.32e-05
Running Validation...
Ep 172/500  loss=0.0044  tr_acc=0.9985  val_acc=0.8413  val_auroc=0.9364  val_f1=0.7886  lr=8.29e-05
Running Validation...
Ep 173/500  loss=0.0044  tr_acc=0.9992  val_acc=0.8519  val_auroc=0.9451  val_f1=0.8061  lr=8.27e-05
Running Validation...
Ep 174/500  loss=0.0103  tr_acc=0.9954  val_acc=0.8466  val_auroc=0.9353  val_f1=0.8000  lr=8.24e-05
Running Validation...
Ep 175/500  loss=0.0053  tr_acc=0.9985  val_acc=0.8466  val_auroc=0.9379  val_f1=0.8020  lr=8.21e-05
Running Validation...
Ep 176/500  loss=0.0017  tr_acc=1.0000  val_acc=0.8413  val_auroc=0.9342  val_f1=0.7965  lr=8.19e-05
Running Validation...
Ep 177/500  loss=0.0087  tr_acc=0.9977  val_acc=0.8519  val_auroc=0.9371  val_f1=0.8132  lr=8.16e-05
Running Validation...
Ep 178/500  loss=0.0056  tr_acc=0.9977  val_acc=0.8307  val_auroc=0.9273  val_f1=0.7994  lr=8.13e-05
Running Validation...
Ep 179/500  loss=0.0125  tr_acc=0.9954  val_acc=0.8360  val_auroc=0.9386  val_f1=0.7813  lr=8.11e-05
Running Validation...
Ep 180/500  loss=0.0108  tr_acc=0.9954  val_acc=0.8307  val_auroc=0.9323  val_f1=0.7813  lr=8.08e-05
Running Validation...
Ep 181/500  loss=0.0140  tr_acc=0.9962  val_acc=0.8466  val_auroc=0.9410  val_f1=0.8021  lr=8.05e-05
Running Validation...
Ep 182/500  loss=0.0087  tr_acc=0.9970  val_acc=0.8307  val_auroc=0.9355  val_f1=0.7991  lr=8.02e-05
Running Validation...
Ep 183/500  loss=0.0083  tr_acc=0.9962  val_acc=0.8095  val_auroc=0.9440  val_f1=0.7474  lr=8.00e-05
Running Validation...
Ep 184/500  loss=0.0124  tr_acc=0.9970  val_acc=0.8307  val_auroc=0.9345  val_f1=0.7794  lr=7.97e-05
Running Validation...
Ep 185/500  loss=0.0139  tr_acc=0.9970  val_acc=0.8148  val_auroc=0.9313  val_f1=0.7801  lr=7.94e-05
Running Validation...
Ep 186/500  loss=0.0062  tr_acc=0.9985  val_acc=0.8148  val_auroc=0.9147  val_f1=0.7719  lr=7.91e-05
Running Validation...
Ep 187/500  loss=0.0190  tr_acc=0.9962  val_acc=0.8254  val_auroc=0.9250  val_f1=0.7807  lr=7.88e-05
Running Validation...
Ep 188/500  loss=0.0125  tr_acc=0.9954  val_acc=0.8095  val_auroc=0.9252  val_f1=0.7778  lr=7.85e-05
Running Validation...
Ep 189/500  loss=0.0096  tr_acc=0.9970  val_acc=0.8148  val_auroc=0.9282  val_f1=0.7802  lr=7.82e-05
Running Validation...
Ep 190/500  loss=0.0073  tr_acc=0.9985  val_acc=0.8254  val_auroc=0.9249  val_f1=0.7854  lr=7.80e-05
Running Validation...
Ep 191/500  loss=0.0043  tr_acc=0.9985  val_acc=0.8201  val_auroc=0.9305  val_f1=0.7714  lr=7.77e-05
Running Validation...
Ep 192/500  loss=0.0089  tr_acc=0.9970  val_acc=0.8148  val_auroc=0.9303  val_f1=0.7807  lr=7.74e-05
Running Validation...
Ep 193/500  loss=0.0235  tr_acc=0.9947  val_acc=0.8201  val_auroc=0.9312  val_f1=0.7762  lr=7.71e-05
Running Validation...
Ep 194/500  loss=0.0067  tr_acc=0.9970  val_acc=0.8095  val_auroc=0.9235  val_f1=0.7648  lr=7.68e-05
Running Validation...
Ep 195/500  loss=0.0138  tr_acc=0.9970  val_acc=0.8254  val_auroc=0.9294  val_f1=0.7801  lr=7.65e-05
Running Validation...
Ep 196/500  loss=0.0197  tr_acc=0.9962  val_acc=0.7831  val_auroc=0.9210  val_f1=0.7313  lr=7.62e-05
Running Validation...
Ep 197/500  loss=0.0086  tr_acc=0.9970  val_acc=0.8254  val_auroc=0.9382  val_f1=0.7744  lr=7.59e-05
Running Validation...
Ep 198/500  loss=0.0121  tr_acc=0.9962  val_acc=0.7989  val_auroc=0.9332  val_f1=0.7434  lr=7.56e-05
Running Validation...
Ep 199/500  loss=0.0126  tr_acc=0.9962  val_acc=0.8254  val_auroc=0.9401  val_f1=0.7768  lr=7.53e-05
Running Validation...
Ep 200/500  loss=0.0125  tr_acc=0.9947  val_acc=0.8254  val_auroc=0.9301  val_f1=0.7715  lr=7.50e-05
Running Validation...
Ep 201/500  loss=0.0028  tr_acc=0.9992  val_acc=0.8095  val_auroc=0.9189  val_f1=0.7606  lr=7.47e-05
Running Validation...
Ep 202/500  loss=0.0031  tr_acc=0.9992  val_acc=0.8148  val_auroc=0.9251  val_f1=0.7707  lr=7.44e-05
Running Validation...
Ep 203/500  loss=0.0073  tr_acc=0.9985  val_acc=0.7989  val_auroc=0.9172  val_f1=0.7266  lr=7.41e-05
Running Validation...
Ep 204/500  loss=0.0007  tr_acc=1.0000  val_acc=0.7937  val_auroc=0.9201  val_f1=0.7318  lr=7.38e-05
Running Validation...
Ep 205/500  loss=0.0021  tr_acc=0.9992  val_acc=0.8042  val_auroc=0.9264  val_f1=0.7621  lr=7.35e-05
Running Validation...
Ep 206/500  loss=0.0094  tr_acc=0.9962  val_acc=0.8307  val_auroc=0.9338  val_f1=0.7756  lr=7.32e-05
Running Validation...
Ep 207/500  loss=0.0107  tr_acc=0.9977  val_acc=0.7937  val_auroc=0.9273  val_f1=0.7522  lr=7.29e-05
Running Validation...
Ep 208/500  loss=0.0073  tr_acc=0.9970  val_acc=0.8148  val_auroc=0.9222  val_f1=0.7577  lr=7.25e-05
Running Validation...
Ep 209/500  loss=0.0137  tr_acc=0.9962  val_acc=0.8042  val_auroc=0.9283  val_f1=0.7428  lr=7.22e-05
Running Validation...
Ep 210/500  loss=0.0063  tr_acc=0.9977  val_acc=0.8307  val_auroc=0.9267  val_f1=0.7746  lr=7.19e-05
Running Validation...
Ep 211/500  loss=0.0035  tr_acc=0.9992  val_acc=0.8307  val_auroc=0.9170  val_f1=0.7694  lr=7.16e-05
Running Validation...
Ep 212/500  loss=0.0040  tr_acc=0.9992  val_acc=0.8148  val_auroc=0.9305  val_f1=0.7659  lr=7.13e-05
Running Validation...
Ep 213/500  loss=0.0021  tr_acc=0.9985  val_acc=0.8307  val_auroc=0.9441  val_f1=0.7865  lr=7.10e-05
Running Validation...
Ep 214/500  loss=0.0063  tr_acc=0.9977  val_acc=0.8360  val_auroc=0.9391  val_f1=0.7815  lr=7.07e-05
Running Validation...
Ep 215/500  loss=0.0096  tr_acc=0.9970  val_acc=0.8413  val_auroc=0.9379  val_f1=0.7944  lr=7.03e-05
Running Validation...
Ep 216/500  loss=0.0030  tr_acc=0.9992  val_acc=0.8360  val_auroc=0.9418  val_f1=0.7916  lr=7.00e-05
Running Validation...
Ep 217/500  loss=0.0150  tr_acc=0.9947  val_acc=0.7937  val_auroc=0.9247  val_f1=0.7322  lr=6.97e-05
Running Validation...
Ep 218/500  loss=0.0148  tr_acc=0.9954  val_acc=0.8307  val_auroc=0.9345  val_f1=0.7762  lr=6.94e-05
Running Validation...
Ep 219/500  loss=0.0024  tr_acc=0.9985  val_acc=0.8307  val_auroc=0.9366  val_f1=0.7919  lr=6.91e-05
Running Validation...
Ep 220/500  loss=0.0057  tr_acc=0.9977  val_acc=0.8148  val_auroc=0.9309  val_f1=0.7545  lr=6.87e-05
Running Validation...
Ep 221/500  loss=0.0176  tr_acc=0.9954  val_acc=0.8201  val_auroc=0.9344  val_f1=0.7561  lr=6.84e-05
Running Validation...
Ep 222/500  loss=0.0035  tr_acc=0.9977  val_acc=0.8254  val_auroc=0.9350  val_f1=0.7960  lr=6.81e-05
Running Validation...
Ep 223/500  loss=0.0008  tr_acc=1.0000  val_acc=0.8254  val_auroc=0.9340  val_f1=0.7791  lr=6.78e-05
Running Validation...
Ep 224/500  loss=0.0056  tr_acc=0.9985  val_acc=0.8254  val_auroc=0.9335  val_f1=0.7759  lr=6.74e-05
Running Validation...
Ep 225/500  loss=0.0043  tr_acc=0.9992  val_acc=0.8201  val_auroc=0.9373  val_f1=0.7720  lr=6.71e-05
Running Validation...
Ep 226/500  loss=0.0037  tr_acc=0.9985  val_acc=0.8095  val_auroc=0.9367  val_f1=0.7644  lr=6.68e-05
Running Validation...
Ep 227/500  loss=0.0085  tr_acc=0.9970  val_acc=0.8201  val_auroc=0.9214  val_f1=0.7925  lr=6.64e-05
Running Validation...
Ep 228/500  loss=0.0024  tr_acc=0.9992  val_acc=0.8148  val_auroc=0.9253  val_f1=0.7718  lr=6.61e-05
Running Validation...
Ep 229/500  loss=0.0071  tr_acc=0.9977  val_acc=0.7989  val_auroc=0.9219  val_f1=0.7609  lr=6.58e-05
Running Validation...
Ep 230/500  loss=0.0034  tr_acc=0.9977  val_acc=0.8201  val_auroc=0.9354  val_f1=0.7566  lr=6.55e-05
Running Validation...
Ep 231/500  loss=0.0061  tr_acc=0.9985  val_acc=0.7778  val_auroc=0.9306  val_f1=0.7145  lr=6.51e-05
Running Validation...
Ep 232/500  loss=0.0007  tr_acc=1.0000  val_acc=0.8095  val_auroc=0.9376  val_f1=0.7589  lr=6.48e-05
Running Validation...
Ep 233/500  loss=0.0048  tr_acc=0.9985  val_acc=0.8042  val_auroc=0.9353  val_f1=0.7463  lr=6.45e-05
Running Validation...
Ep 234/500  loss=0.0055  tr_acc=0.9985  val_acc=0.8042  val_auroc=0.9377  val_f1=0.7544  lr=6.41e-05
Running Validation...
Ep 235/500  loss=0.0033  tr_acc=0.9992  val_acc=0.8095  val_auroc=0.9386  val_f1=0.7640  lr=6.38e-05
Running Validation...
Ep 236/500  loss=0.0057  tr_acc=0.9992  val_acc=0.8519  val_auroc=0.9404  val_f1=0.8178  lr=6.34e-05
Running Validation...
Ep 237/500  loss=0.0023  tr_acc=0.9992  val_acc=0.8413  val_auroc=0.9362  val_f1=0.8057  lr=6.31e-05
Running Validation...
Ep 238/500  loss=0.0107  tr_acc=0.9962  val_acc=0.8254  val_auroc=0.9368  val_f1=0.7923  lr=6.28e-05
Running Validation...
Ep 239/500  loss=0.0051  tr_acc=0.9970  val_acc=0.8042  val_auroc=0.9203  val_f1=0.7547  lr=6.24e-05
Running Validation...
Ep 240/500  loss=0.0057  tr_acc=0.9985  val_acc=0.8095  val_auroc=0.9251  val_f1=0.7689  lr=6.21e-05
Running Validation...
Ep 241/500  loss=0.0068  tr_acc=0.9992  val_acc=0.8254  val_auroc=0.9157  val_f1=0.7852  lr=6.18e-05
Running Validation...
Ep 242/500  loss=0.0068  tr_acc=0.9985  val_acc=0.8201  val_auroc=0.9230  val_f1=0.7824  lr=6.14e-05
Running Validation...
Ep 243/500  loss=0.0076  tr_acc=0.9970  val_acc=0.8148  val_auroc=0.9234  val_f1=0.7777  lr=6.11e-05
Running Validation...
Ep 244/500  loss=0.0066  tr_acc=0.9954  val_acc=0.7989  val_auroc=0.9031  val_f1=0.7519  lr=6.07e-05
Running Validation...
Ep 245/500  loss=0.0029  tr_acc=1.0000  val_acc=0.8042  val_auroc=0.9177  val_f1=0.7637  lr=6.04e-05
Running Validation...
Ep 246/500  loss=0.0047  tr_acc=0.9977  val_acc=0.8148  val_auroc=0.9204  val_f1=0.7850  lr=6.01e-05
Running Validation...
Ep 247/500  loss=0.0136  tr_acc=0.9954  val_acc=0.7989  val_auroc=0.9309  val_f1=0.7400  lr=5.97e-05
Running Validation...
Ep 248/500  loss=0.0050  tr_acc=0.9985  val_acc=0.7989  val_auroc=0.9259  val_f1=0.7441  lr=5.94e-05
Running Validation...
Ep 249/500  loss=0.0004  tr_acc=1.0000  val_acc=0.8148  val_auroc=0.9229  val_f1=0.7655  lr=5.90e-05
Running Validation...
Ep 250/500  loss=0.0019  tr_acc=0.9992  val_acc=0.8042  val_auroc=0.9244  val_f1=0.7489  lr=5.87e-05
Running Validation...
Ep 251/500  loss=0.0020  tr_acc=1.0000  val_acc=0.8201  val_auroc=0.9205  val_f1=0.7773  lr=5.83e-05
Running Validation...
Ep 252/500  loss=0.0008  tr_acc=1.0000  val_acc=0.8254  val_auroc=0.9169  val_f1=0.7696  lr=5.80e-05
Running Validation...
Ep 253/500  loss=0.0011  tr_acc=1.0000  val_acc=0.7937  val_auroc=0.9148  val_f1=0.7403  lr=5.76e-05
Running Validation...
Ep 254/500  loss=0.0009  tr_acc=1.0000  val_acc=0.8148  val_auroc=0.9223  val_f1=0.7697  lr=5.73e-05
Running Validation...
Ep 255/500  loss=0.0004  tr_acc=1.0000  val_acc=0.8148  val_auroc=0.9237  val_f1=0.7666  lr=5.70e-05
Running Validation...
Ep 256/500  loss=0.0007  tr_acc=1.0000  val_acc=0.8307  val_auroc=0.9253  val_f1=0.7864  lr=5.66e-05
Running Validation...
Ep 257/500  loss=0.0007  tr_acc=1.0000  val_acc=0.8148  val_auroc=0.9248  val_f1=0.7545  lr=5.63e-05
Running Validation...
Ep 258/500  loss=0.0012  tr_acc=0.9992  val_acc=0.8413  val_auroc=0.9284  val_f1=0.8076  lr=5.59e-05
Running Validation...
Ep 259/500  loss=0.0066  tr_acc=0.9992  val_acc=0.8201  val_auroc=0.9239  val_f1=0.7851  lr=5.56e-05
Running Validation...
Ep 260/500  loss=0.0036  tr_acc=0.9992  val_acc=0.8254  val_auroc=0.9225  val_f1=0.7878  lr=5.52e-05
Running Validation...
Ep 261/500  loss=0.0027  tr_acc=0.9992  val_acc=0.8254  val_auroc=0.9222  val_f1=0.7719  lr=5.49e-05
Running Validation...
Ep 262/500  loss=0.0011  tr_acc=0.9992  val_acc=0.8307  val_auroc=0.9282  val_f1=0.7883  lr=5.45e-05
Running Validation...
Ep 263/500  loss=0.0003  tr_acc=1.0000  val_acc=0.8307  val_auroc=0.9324  val_f1=0.7920  lr=5.42e-05
Running Validation...
Ep 264/500  loss=0.0004  tr_acc=1.0000  val_acc=0.8201  val_auroc=0.9244  val_f1=0.7851  lr=5.38e-05
Running Validation...
Ep 265/500  loss=0.0062  tr_acc=0.9992  val_acc=0.8413  val_auroc=0.9186  val_f1=0.7975  lr=5.35e-05
Running Validation...
Ep 266/500  loss=0.0115  tr_acc=0.9977  val_acc=0.8307  val_auroc=0.9215  val_f1=0.7912  lr=5.31e-05
Running Validation...
Ep 267/500  loss=0.0015  tr_acc=1.0000  val_acc=0.8360  val_auroc=0.9158  val_f1=0.7996  lr=5.28e-05
Running Validation...
Ep 268/500  loss=0.0040  tr_acc=0.9985  val_acc=0.7672  val_auroc=0.9081  val_f1=0.7063  lr=5.24e-05
Running Validation...
Ep 269/500  loss=0.0010  tr_acc=0.9992  val_acc=0.7937  val_auroc=0.9122  val_f1=0.7350  lr=5.21e-05
Running Validation...
Ep 270/500  loss=0.0024  tr_acc=0.9992  val_acc=0.8095  val_auroc=0.9189  val_f1=0.7755  lr=5.17e-05
Running Validation...
Ep 271/500  loss=0.0004  tr_acc=1.0000  val_acc=0.8201  val_auroc=0.9176  val_f1=0.7751  lr=5.14e-05
Running Validation...
Ep 272/500  loss=0.0035  tr_acc=0.9985  val_acc=0.8201  val_auroc=0.9187  val_f1=0.7911  lr=5.10e-05
Running Validation...
Ep 273/500  loss=0.0053  tr_acc=0.9985  val_acc=0.7989  val_auroc=0.9212  val_f1=0.7551  lr=5.07e-05
Running Validation...
Ep 274/500  loss=0.0006  tr_acc=1.0000  val_acc=0.8201  val_auroc=0.9250  val_f1=0.7682  lr=5.03e-05
Running Validation...
Ep 275/500  loss=0.0001  tr_acc=1.0000  val_acc=0.8201  val_auroc=0.9302  val_f1=0.7746  lr=5.00e-05
Running Validation...
Ep 276/500  loss=0.0019  tr_acc=0.9992  val_acc=0.8042  val_auroc=0.9308  val_f1=0.7533  lr=4.97e-05
Running Validation...
Ep 277/500  loss=0.0018  tr_acc=0.9985  val_acc=0.8148  val_auroc=0.9326  val_f1=0.7623  lr=4.93e-05
Running Validation...
Ep 278/500  loss=0.0045  tr_acc=0.9970  val_acc=0.8519  val_auroc=0.9427  val_f1=0.8101  lr=4.90e-05
Running Validation...
Ep 279/500  loss=0.0001  tr_acc=1.0000  val_acc=0.8466  val_auroc=0.9390  val_f1=0.8061  lr=4.86e-05
Running Validation...
Ep 280/500  loss=0.0002  tr_acc=1.0000  val_acc=0.8307  val_auroc=0.9414  val_f1=0.7827  lr=4.83e-05
Running Validation...
Ep 281/500  loss=0.0006  tr_acc=1.0000  val_acc=0.8254  val_auroc=0.9356  val_f1=0.7728  lr=4.79e-05
Running Validation...
Ep 282/500  loss=0.0004  tr_acc=1.0000  val_acc=0.8148  val_auroc=0.9335  val_f1=0.7590  lr=4.76e-05
Running Validation...
Ep 283/500  loss=0.0031  tr_acc=0.9992  val_acc=0.8254  val_auroc=0.9371  val_f1=0.7737  lr=4.72e-05
Running Validation...
Ep 284/500  loss=0.0024  tr_acc=0.9985  val_acc=0.7989  val_auroc=0.9360  val_f1=0.7413  lr=4.69e-05
Running Validation...
Ep 285/500  loss=0.0036  tr_acc=0.9985  val_acc=0.8042  val_auroc=0.9318  val_f1=0.7441  lr=4.65e-05
Running Validation...
Ep 286/500  loss=0.0006  tr_acc=1.0000  val_acc=0.7884  val_auroc=0.9370  val_f1=0.7254  lr=4.62e-05
Running Validation...
Ep 287/500  loss=0.0008  tr_acc=1.0000  val_acc=0.7989  val_auroc=0.9340  val_f1=0.7414  lr=4.58e-05
Running Validation...
Ep 288/500  loss=0.0010  tr_acc=0.9992  val_acc=0.8360  val_auroc=0.9341  val_f1=0.7791  lr=4.55e-05
Running Validation...
Ep 289/500  loss=0.0017  tr_acc=0.9992  val_acc=0.8254  val_auroc=0.9368  val_f1=0.7786  lr=4.51e-05
Running Validation...
Ep 290/500  loss=0.0012  tr_acc=1.0000  val_acc=0.8148  val_auroc=0.9372  val_f1=0.7664  lr=4.48e-05
Running Validation...
Ep 291/500  loss=0.0003  tr_acc=1.0000  val_acc=0.8095  val_auroc=0.9281  val_f1=0.7537  lr=4.44e-05
Running Validation...
Ep 292/500  loss=0.0043  tr_acc=0.9977  val_acc=0.7989  val_auroc=0.9273  val_f1=0.7328  lr=4.41e-05
Running Validation...
Ep 293/500  loss=0.0007  tr_acc=1.0000  val_acc=0.8042  val_auroc=0.9255  val_f1=0.7364  lr=4.37e-05
Running Validation...
Ep 294/500  loss=0.0019  tr_acc=0.9992  val_acc=0.8148  val_auroc=0.9295  val_f1=0.7525  lr=4.34e-05
Running Validation...
Ep 295/500  loss=0.0189  tr_acc=0.9985  val_acc=0.8360  val_auroc=0.9327  val_f1=0.7831  lr=4.30e-05
Running Validation...
Ep 296/500  loss=0.0003  tr_acc=1.0000  val_acc=0.8307  val_auroc=0.9356  val_f1=0.7828  lr=4.27e-05
Running Validation...
Ep 297/500  loss=0.0019  tr_acc=0.9992  val_acc=0.8307  val_auroc=0.9271  val_f1=0.7810  lr=4.24e-05
Running Validation...
Ep 298/500  loss=0.0004  tr_acc=1.0000  val_acc=0.8095  val_auroc=0.9294  val_f1=0.7638  lr=4.20e-05
Running Validation...
Ep 299/500  loss=0.0003  tr_acc=1.0000  val_acc=0.8307  val_auroc=0.9341  val_f1=0.7778  lr=4.17e-05
Running Validation...
Ep 300/500  loss=0.0005  tr_acc=1.0000  val_acc=0.8254  val_auroc=0.9296  val_f1=0.7841  lr=4.13e-05
Running Validation...
Ep 301/500  loss=0.0011  tr_acc=0.9992  val_acc=0.8466  val_auroc=0.9340  val_f1=0.7957  lr=4.10e-05
Running Validation...
Ep 302/500  loss=0.0012  tr_acc=0.9992  val_acc=0.8466  val_auroc=0.9346  val_f1=0.7973  lr=4.06e-05
Running Validation...
Ep 303/500  loss=0.0002  tr_acc=1.0000  val_acc=0.8466  val_auroc=0.9387  val_f1=0.8004  lr=4.03e-05
Running Validation...
Ep 304/500  loss=0.0017  tr_acc=0.9992  val_acc=0.8413  val_auroc=0.9380  val_f1=0.7916  lr=3.99e-05
Running Validation...
Ep 305/500  loss=0.0010  tr_acc=0.9992  val_acc=0.8413  val_auroc=0.9411  val_f1=0.7917  lr=3.96e-05
Running Validation...
Ep 306/500  loss=0.0001  tr_acc=1.0000  val_acc=0.8519  val_auroc=0.9406  val_f1=0.8034  lr=3.93e-05
Running Validation...
Ep 307/500  loss=0.0019  tr_acc=0.9992  val_acc=0.8466  val_auroc=0.9392  val_f1=0.7957  lr=3.89e-05
Running Validation...
Ep 308/500  loss=0.0042  tr_acc=0.9977  val_acc=0.8466  val_auroc=0.9308  val_f1=0.7969  lr=3.86e-05
Running Validation...
Ep 309/500  loss=0.0004  tr_acc=1.0000  val_acc=0.8413  val_auroc=0.9282  val_f1=0.7876  lr=3.82e-05
Running Validation...
Ep 310/500  loss=0.0025  tr_acc=0.9992  val_acc=0.8466  val_auroc=0.9210  val_f1=0.7918  lr=3.79e-05
Running Validation...
Ep 311/500  loss=0.0011  tr_acc=1.0000  val_acc=0.8254  val_auroc=0.9133  val_f1=0.7702  lr=3.76e-05
Running Validation...
Ep 312/500  loss=0.0006  tr_acc=1.0000  val_acc=0.8307  val_auroc=0.9227  val_f1=0.7737  lr=3.72e-05
Running Validation...
Ep 313/500  loss=0.0006  tr_acc=1.0000  val_acc=0.8148  val_auroc=0.9133  val_f1=0.7597  lr=3.69e-05
Running Validation...
Ep 314/500  loss=0.0004  tr_acc=1.0000  val_acc=0.8148  val_auroc=0.9211  val_f1=0.7521  lr=3.66e-05
Running Validation...
Ep 315/500  loss=0.0002  tr_acc=1.0000  val_acc=0.8307  val_auroc=0.9240  val_f1=0.7765  lr=3.62e-05
Running Validation...
Ep 316/500  loss=0.0003  tr_acc=1.0000  val_acc=0.8307  val_auroc=0.9209  val_f1=0.7734  lr=3.59e-05
Running Validation...
Ep 317/500  loss=0.0015  tr_acc=0.9992  val_acc=0.8254  val_auroc=0.9186  val_f1=0.7681  lr=3.55e-05
Running Validation...
Ep 318/500  loss=0.0002  tr_acc=1.0000  val_acc=0.8307  val_auroc=0.9224  val_f1=0.7778  lr=3.52e-05
Running Validation...
Ep 319/500  loss=0.0008  tr_acc=1.0000  val_acc=0.8307  val_auroc=0.9224  val_f1=0.7722  lr=3.49e-05
Running Validation...
Ep 320/500  loss=0.0015  tr_acc=0.9992  val_acc=0.8307  val_auroc=0.9260  val_f1=0.7705  lr=3.45e-05
Running Validation...
Ep 321/500  loss=0.0005  tr_acc=1.0000  val_acc=0.8360  val_auroc=0.9260  val_f1=0.7819  lr=3.42e-05
Running Validation...
Ep 322/500  loss=0.0012  tr_acc=0.9992  val_acc=0.8307  val_auroc=0.9278  val_f1=0.7741  lr=3.39e-05
Running Validation...
Ep 323/500  loss=0.0001  tr_acc=1.0000  val_acc=0.8307  val_auroc=0.9325  val_f1=0.7718  lr=3.36e-05
Running Validation...
Ep 324/500  loss=0.0010  tr_acc=0.9992  val_acc=0.8307  val_auroc=0.9290  val_f1=0.7737  lr=3.32e-05
Running Validation...
Ep 325/500  loss=0.0015  tr_acc=0.9992  val_acc=0.8254  val_auroc=0.9232  val_f1=0.7622  lr=3.29e-05
Running Validation...
Ep 326/500  loss=0.0010  tr_acc=1.0000  val_acc=0.8201  val_auroc=0.9257  val_f1=0.7538  lr=3.26e-05
Running Validation...
Ep 327/500  loss=0.0002  tr_acc=1.0000  val_acc=0.8201  val_auroc=0.9263  val_f1=0.7596  lr=3.22e-05
Running Validation...
Ep 328/500  loss=0.0033  tr_acc=0.9977  val_acc=0.8254  val_auroc=0.9269  val_f1=0.7714  lr=3.19e-05
Running Validation...
Ep 329/500  loss=0.0022  tr_acc=0.9977  val_acc=0.8307  val_auroc=0.9305  val_f1=0.7755  lr=3.16e-05
Running Validation...
Ep 330/500  loss=0.0004  tr_acc=1.0000  val_acc=0.8254  val_auroc=0.9314  val_f1=0.7593  lr=3.13e-05
Running Validation...
Ep 331/500  loss=0.0002  tr_acc=1.0000  val_acc=0.8307  val_auroc=0.9298  val_f1=0.7678  lr=3.09e-05
Running Validation...
Ep 332/500  loss=0.0005  tr_acc=1.0000  val_acc=0.8148  val_auroc=0.9233  val_f1=0.7588  lr=3.06e-05
Running Validation...
Ep 333/500  loss=0.0005  tr_acc=1.0000  val_acc=0.8201  val_auroc=0.9315  val_f1=0.7674  lr=3.03e-05
Running Validation...
Ep 334/500  loss=0.0002  tr_acc=1.0000  val_acc=0.8413  val_auroc=0.9344  val_f1=0.7917  lr=3.00e-05
Running Validation...
Ep 335/500  loss=0.0003  tr_acc=1.0000  val_acc=0.8307  val_auroc=0.9357  val_f1=0.7663  lr=2.97e-05
Running Validation...
Ep 336/500  loss=0.0011  tr_acc=0.9992  val_acc=0.8201  val_auroc=0.9327  val_f1=0.7637  lr=2.93e-05
Running Validation...
Ep 337/500  loss=0.0006  tr_acc=1.0000  val_acc=0.8466  val_auroc=0.9310  val_f1=0.7958  lr=2.90e-05
Running Validation...
Ep 338/500  loss=0.0020  tr_acc=0.9992  val_acc=0.8307  val_auroc=0.9269  val_f1=0.7835  lr=2.87e-05
Running Validation...
Ep 339/500  loss=0.0020  tr_acc=0.9992  val_acc=0.8413  val_auroc=0.9241  val_f1=0.7934  lr=2.84e-05
Running Validation...
Ep 340/500  loss=0.0048  tr_acc=0.9985  val_acc=0.8413  val_auroc=0.9233  val_f1=0.7873  lr=2.81e-05
Running Validation...
Ep 341/500  loss=0.0003  tr_acc=1.0000  val_acc=0.8466  val_auroc=0.9214  val_f1=0.7902  lr=2.78e-05
Running Validation...
Ep 342/500  loss=0.0078  tr_acc=0.9977  val_acc=0.8413  val_auroc=0.9271  val_f1=0.7878  lr=2.75e-05
Running Validation...
Ep 343/500  loss=0.0001  tr_acc=1.0000  val_acc=0.8254  val_auroc=0.9258  val_f1=0.7756  lr=2.71e-05
Running Validation...
Ep 344/500  loss=0.0003  tr_acc=1.0000  val_acc=0.8360  val_auroc=0.9248  val_f1=0.7906  lr=2.68e-05
Running Validation...
Ep 345/500  loss=0.0010  tr_acc=0.9992  val_acc=0.8466  val_auroc=0.9313  val_f1=0.8059  lr=2.65e-05
Running Validation...
Ep 346/500  loss=0.0024  tr_acc=0.9992  val_acc=0.8413  val_auroc=0.9316  val_f1=0.7924  lr=2.62e-05
Running Validation...
Ep 347/500  loss=0.0006  tr_acc=1.0000  val_acc=0.8360  val_auroc=0.9302  val_f1=0.7875  lr=2.59e-05
Running Validation...
Ep 348/500  loss=0.0022  tr_acc=0.9992  val_acc=0.8307  val_auroc=0.9336  val_f1=0.7834  lr=2.56e-05
Running Validation...
Ep 349/500  loss=0.0001  tr_acc=1.0000  val_acc=0.8360  val_auroc=0.9330  val_f1=0.7933  lr=2.53e-05
Running Validation...
Ep 350/500  loss=0.0003  tr_acc=1.0000  val_acc=0.8413  val_auroc=0.9347  val_f1=0.8049  lr=2.50e-05
Running Validation...
Ep 351/500  loss=0.0001  tr_acc=1.0000  val_acc=0.8360  val_auroc=0.9332  val_f1=0.7950  lr=2.47e-05
Running Validation...
Ep 352/500  loss=0.0004  tr_acc=1.0000  val_acc=0.8307  val_auroc=0.9318  val_f1=0.7869  lr=2.44e-05
Running Validation...
Ep 353/500  loss=0.0000  tr_acc=1.0000  val_acc=0.8466  val_auroc=0.9321  val_f1=0.7975  lr=2.41e-05
Running Validation...
Ep 354/500  loss=0.0017  tr_acc=0.9992  val_acc=0.8413  val_auroc=0.9353  val_f1=0.7955  lr=2.38e-05
Running Validation...
Ep 355/500  loss=0.0000  tr_acc=1.0000  val_acc=0.8307  val_auroc=0.9343  val_f1=0.7834  lr=2.35e-05
Running Validation...
Ep 356/500  loss=0.0001  tr_acc=1.0000  val_acc=0.8254  val_auroc=0.9340  val_f1=0.7681  lr=2.32e-05
Running Validation...
Ep 357/500  loss=0.0053  tr_acc=0.9992  val_acc=0.8307  val_auroc=0.9372  val_f1=0.7807  lr=2.29e-05
Running Validation...
Ep 358/500  loss=0.0002  tr_acc=1.0000  val_acc=0.8360  val_auroc=0.9351  val_f1=0.7855  lr=2.26e-05
Running Validation...
Ep 359/500  loss=0.0001  tr_acc=1.0000  val_acc=0.8201  val_auroc=0.9349  val_f1=0.7597  lr=2.23e-05
Running Validation...
Ep 360/500  loss=0.0004  tr_acc=1.0000  val_acc=0.8254  val_auroc=0.9363  val_f1=0.7749  lr=2.20e-05
Running Validation...
Ep 361/500  loss=0.0030  tr_acc=0.9985  val_acc=0.8254  val_auroc=0.9324  val_f1=0.7714  lr=2.18e-05
Running Validation...
Ep 362/500  loss=0.0004  tr_acc=1.0000  val_acc=0.8254  val_auroc=0.9309  val_f1=0.7660  lr=2.15e-05
Running Validation...
Ep 363/500  loss=0.0000  tr_acc=1.0000  val_acc=0.8307  val_auroc=0.9319  val_f1=0.7755  lr=2.12e-05
Running Validation...
Ep 364/500  loss=0.0003  tr_acc=1.0000  val_acc=0.8201  val_auroc=0.9295  val_f1=0.7597  lr=2.09e-05
Running Validation...
Ep 365/500  loss=0.0004  tr_acc=1.0000  val_acc=0.8201  val_auroc=0.9273  val_f1=0.7656  lr=2.06e-05
Running Validation...
Ep 366/500  loss=0.0001  tr_acc=1.0000  val_acc=0.8201  val_auroc=0.9300  val_f1=0.7597  lr=2.03e-05
Running Validation...
Ep 367/500  loss=0.0002  tr_acc=1.0000  val_acc=0.8201  val_auroc=0.9271  val_f1=0.7665  lr=2.00e-05
Running Validation...
Ep 368/500  loss=0.0014  tr_acc=0.9992  val_acc=0.8254  val_auroc=0.9280  val_f1=0.7735  lr=1.98e-05
Running Validation...
Ep 369/500  loss=0.0002  tr_acc=1.0000  val_acc=0.8254  val_auroc=0.9276  val_f1=0.7749  lr=1.95e-05
Running Validation...
Ep 370/500  loss=0.0001  tr_acc=1.0000  val_acc=0.8307  val_auroc=0.9303  val_f1=0.7827  lr=1.92e-05
Running Validation...
Ep 371/500  loss=0.0002  tr_acc=1.0000  val_acc=0.8413  val_auroc=0.9309  val_f1=0.7910  lr=1.89e-05
Running Validation...
Ep 372/500  loss=0.0004  tr_acc=1.0000  val_acc=0.8413  val_auroc=0.9296  val_f1=0.7860  lr=1.87e-05
Running Validation...
Ep 373/500  loss=0.0001  tr_acc=1.0000  val_acc=0.8307  val_auroc=0.9279  val_f1=0.7758  lr=1.84e-05
Running Validation...
Ep 374/500  loss=0.0002  tr_acc=1.0000  val_acc=0.8254  val_auroc=0.9297  val_f1=0.7713  lr=1.81e-05
Running Validation...
Ep 375/500  loss=0.0023  tr_acc=0.9985  val_acc=0.8307  val_auroc=0.9301  val_f1=0.7886  lr=1.79e-05
Running Validation...
Ep 376/500  loss=0.0001  tr_acc=1.0000  val_acc=0.8254  val_auroc=0.9283  val_f1=0.7769  lr=1.76e-05
Running Validation...
Ep 377/500  loss=0.0001  tr_acc=1.0000  val_acc=0.8148  val_auroc=0.9267  val_f1=0.7644  lr=1.73e-05
Running Validation...
Ep 378/500  loss=0.0002  tr_acc=1.0000  val_acc=0.8360  val_auroc=0.9313  val_f1=0.7838  lr=1.71e-05
Running Validation...
Ep 379/500  loss=0.0000  tr_acc=1.0000  val_acc=0.8466  val_auroc=0.9334  val_f1=0.7845  lr=1.68e-05
Running Validation...
Ep 380/500  loss=0.0001  tr_acc=1.0000  val_acc=0.8307  val_auroc=0.9318  val_f1=0.7755  lr=1.65e-05
Running Validation...
Ep 381/500  loss=0.0001  tr_acc=1.0000  val_acc=0.8413  val_auroc=0.9313  val_f1=0.7784  lr=1.63e-05
Running Validation...
Ep 382/500  loss=0.0001  tr_acc=1.0000  val_acc=0.8466  val_auroc=0.9320  val_f1=0.7826  lr=1.60e-05
Running Validation...
Ep 383/500  loss=0.0001  tr_acc=1.0000  val_acc=0.8413  val_auroc=0.9320  val_f1=0.7784  lr=1.58e-05
Running Validation...
Ep 384/500  loss=0.0000  tr_acc=1.0000  val_acc=0.8466  val_auroc=0.9316  val_f1=0.7843  lr=1.55e-05
Running Validation...
Ep 385/500  loss=0.0001  tr_acc=1.0000  val_acc=0.8413  val_auroc=0.9353  val_f1=0.7819  lr=1.53e-05
Running Validation...
Ep 386/500  loss=0.0033  tr_acc=0.9992  val_acc=0.8201  val_auroc=0.9318  val_f1=0.7472  lr=1.50e-05
Running Validation...
Ep 387/500  loss=0.0003  tr_acc=1.0000  val_acc=0.8307  val_auroc=0.9331  val_f1=0.7727  lr=1.48e-05
Running Validation...
Ep 388/500  loss=0.0001  tr_acc=1.0000  val_acc=0.8360  val_auroc=0.9335  val_f1=0.7701  lr=1.45e-05
Running Validation...
Ep 389/500  loss=0.0000  tr_acc=1.0000  val_acc=0.8307  val_auroc=0.9348  val_f1=0.7710  lr=1.43e-05
Running Validation...
Ep 390/500  loss=0.0000  tr_acc=1.0000  val_acc=0.8360  val_auroc=0.9343  val_f1=0.7815  lr=1.40e-05
Running Validation...
Ep 391/500  loss=0.0000  tr_acc=1.0000  val_acc=0.8360  val_auroc=0.9339  val_f1=0.7697  lr=1.38e-05
Running Validation...
Ep 392/500  loss=0.0005  tr_acc=1.0000  val_acc=0.8307  val_auroc=0.9329  val_f1=0.7669  lr=1.36e-05
Running Validation...
Ep 393/500  loss=0.0000  tr_acc=1.0000  val_acc=0.8307  val_auroc=0.9319  val_f1=0.7700  lr=1.33e-05
Running Validation...
Ep 394/500  loss=0.0002  tr_acc=1.0000  val_acc=0.8201  val_auroc=0.9317  val_f1=0.7618  lr=1.31e-05
Running Validation...
Ep 395/500  loss=0.0000  tr_acc=1.0000  val_acc=0.8307  val_auroc=0.9319  val_f1=0.7623  lr=1.28e-05
Running Validation...
Ep 396/500  loss=0.0001  tr_acc=1.0000  val_acc=0.8095  val_auroc=0.9308  val_f1=0.7479  lr=1.26e-05
Running Validation...
Ep 397/500  loss=0.0016  tr_acc=0.9992  val_acc=0.8254  val_auroc=0.9322  val_f1=0.7693  lr=1.24e-05
Running Validation...
Ep 398/500  loss=0.0000  tr_acc=1.0000  val_acc=0.8201  val_auroc=0.9321  val_f1=0.7594  lr=1.22e-05
Running Validation...
Ep 399/500  loss=0.0007  tr_acc=0.9992  val_acc=0.8307  val_auroc=0.9327  val_f1=0.7677  lr=1.19e-05
Running Validation...
Ep 400/500  loss=0.0000  tr_acc=1.0000  val_acc=0.8307  val_auroc=0.9318  val_f1=0.7680  lr=1.17e-05
Running Validation...
Ep 401/500  loss=0.0008  tr_acc=1.0000  val_acc=0.8307  val_auroc=0.9337  val_f1=0.7601  lr=1.15e-05
Running Validation...
Ep 402/500  loss=0.0000  tr_acc=1.0000  val_acc=0.8201  val_auroc=0.9328  val_f1=0.7594  lr=1.13e-05
Running Validation...
Ep 403/500  loss=0.0000  tr_acc=1.0000  val_acc=0.8254  val_auroc=0.9320  val_f1=0.7635  lr=1.10e-05
Running Validation...
Ep 404/500  loss=0.0000  tr_acc=1.0000  val_acc=0.8307  val_auroc=0.9314  val_f1=0.7677  lr=1.08e-05
Running Validation...
Ep 405/500  loss=0.0000  tr_acc=1.0000  val_acc=0.8201  val_auroc=0.9319  val_f1=0.7449  lr=1.06e-05
Running Validation...
Ep 406/500  loss=0.0001  tr_acc=1.0000  val_acc=0.8201  val_auroc=0.9312  val_f1=0.7485  lr=1.04e-05
Running Validation...
Ep 407/500  loss=0.0002  tr_acc=1.0000  val_acc=0.8307  val_auroc=0.9314  val_f1=0.7677  lr=1.02e-05
Running Validation...
Ep 408/500  loss=0.0001  tr_acc=1.0000  val_acc=0.8307  val_auroc=0.9331  val_f1=0.7714  lr=9.96e-06
Running Validation...
Ep 409/500  loss=0.0004  tr_acc=1.0000  val_acc=0.8254  val_auroc=0.9328  val_f1=0.7651  lr=9.76e-06
Running Validation...
Ep 410/500  loss=0.0000  tr_acc=1.0000  val_acc=0.8360  val_auroc=0.9334  val_f1=0.7776  lr=9.55e-06
Running Validation...
Ep 411/500  loss=0.0000  tr_acc=1.0000  val_acc=0.8307  val_auroc=0.9331  val_f1=0.7714  lr=9.34e-06
Running Validation...
Ep 412/500  loss=0.0052  tr_acc=0.9992  val_acc=0.8254  val_auroc=0.9326  val_f1=0.7616  lr=9.14e-06
Running Validation...
Ep 413/500  loss=0.0004  tr_acc=1.0000  val_acc=0.8254  val_auroc=0.9344  val_f1=0.7615  lr=8.94e-06
Running Validation...
Ep 414/500  loss=0.0001  tr_acc=1.0000  val_acc=0.8148  val_auroc=0.9331  val_f1=0.7492  lr=8.74e-06
Running Validation...
Ep 415/500  loss=0.0000  tr_acc=1.0000  val_acc=0.8254  val_auroc=0.9344  val_f1=0.7651  lr=8.55e-06
Running Validation...
Ep 416/500  loss=0.0000  tr_acc=1.0000  val_acc=0.8360  val_auroc=0.9338  val_f1=0.7831  lr=8.35e-06
Running Validation...
Ep 417/500  loss=0.0000  tr_acc=1.0000  val_acc=0.8307  val_auroc=0.9337  val_f1=0.7722  lr=8.16e-06
Running Validation...
Ep 418/500  loss=0.0000  tr_acc=1.0000  val_acc=0.8254  val_auroc=0.9349  val_f1=0.7615  lr=7.97e-06
Running Validation...
Ep 419/500  loss=0.0000  tr_acc=1.0000  val_acc=0.8201  val_auroc=0.9327  val_f1=0.7634  lr=7.78e-06
Running Validation...
Ep 420/500  loss=0.0001  tr_acc=1.0000  val_acc=0.8360  val_auroc=0.9343  val_f1=0.7831  lr=7.60e-06
Running Validation...
Ep 421/500  loss=0.0000  tr_acc=1.0000  val_acc=0.8307  val_auroc=0.9354  val_f1=0.7735  lr=7.41e-06
Running Validation...
Ep 422/500  loss=0.0001  tr_acc=1.0000  val_acc=0.8307  val_auroc=0.9343  val_f1=0.7735  lr=7.23e-06
Running Validation...
Ep 423/500  loss=0.0004  tr_acc=1.0000  val_acc=0.8201  val_auroc=0.9330  val_f1=0.7590  lr=7.05e-06
Running Validation...
Ep 424/500  loss=0.0000  tr_acc=1.0000  val_acc=0.8254  val_auroc=0.9338  val_f1=0.7671  lr=6.87e-06
Running Validation...
Ep 425/500  loss=0.0001  tr_acc=1.0000  val_acc=0.8360  val_auroc=0.9376  val_f1=0.7792  lr=6.70e-06
Running Validation...
Ep 426/500  loss=0.0000  tr_acc=1.0000  val_acc=0.8307  val_auroc=0.9373  val_f1=0.7736  lr=6.53e-06
Running Validation...
Ep 427/500  loss=0.0000  tr_acc=1.0000  val_acc=0.8254  val_auroc=0.9351  val_f1=0.7673  lr=6.35e-06
Running Validation...
Ep 428/500  loss=0.0000  tr_acc=1.0000  val_acc=0.8254  val_auroc=0.9350  val_f1=0.7594  lr=6.18e-06
Running Validation...
Ep 429/500  loss=0.0000  tr_acc=1.0000  val_acc=0.8254  val_auroc=0.9356  val_f1=0.7629  lr=6.02e-06
Running Validation...
Ep 430/500  loss=0.0001  tr_acc=1.0000  val_acc=0.8360  val_auroc=0.9357  val_f1=0.7815  lr=5.85e-06
Running Validation...
Ep 431/500  loss=0.0003  tr_acc=1.0000  val_acc=0.8413  val_auroc=0.9348  val_f1=0.7883  lr=5.69e-06
Running Validation...
Ep 432/500  loss=0.0000  tr_acc=1.0000  val_acc=0.8201  val_auroc=0.9348  val_f1=0.7596  lr=5.53e-06
Running Validation...
Ep 433/500  loss=0.0001  tr_acc=1.0000  val_acc=0.8254  val_auroc=0.9343  val_f1=0.7615  lr=5.37e-06
Running Validation...
Ep 434/500  loss=0.0000  tr_acc=1.0000  val_acc=0.8360  val_auroc=0.9371  val_f1=0.7810  lr=5.21e-06
Running Validation...
Ep 435/500  loss=0.0000  tr_acc=1.0000  val_acc=0.8254  val_auroc=0.9358  val_f1=0.7650  lr=5.06e-06
Running Validation...
Ep 436/500  loss=0.0001  tr_acc=1.0000  val_acc=0.8307  val_auroc=0.9360  val_f1=0.7673  lr=4.91e-06
Running Validation...
Ep 437/500  loss=0.0000  tr_acc=1.0000  val_acc=0.8254  val_auroc=0.9387  val_f1=0.7614  lr=4.76e-06
Running Validation...
Ep 438/500  loss=0.0001  tr_acc=1.0000  val_acc=0.8307  val_auroc=0.9361  val_f1=0.7712  lr=4.61e-06
Running Validation...
Ep 439/500  loss=0.0000  tr_acc=1.0000  val_acc=0.8254  val_auroc=0.9351  val_f1=0.7650  lr=4.47e-06
Running Validation...
Ep 440/500  loss=0.0000  tr_acc=1.0000  val_acc=0.8254  val_auroc=0.9345  val_f1=0.7650  lr=4.32e-06
Running Validation...
Ep 441/500  loss=0.0000  tr_acc=1.0000  val_acc=0.8307  val_auroc=0.9355  val_f1=0.7735  lr=4.18e-06
Running Validation...
Ep 442/500  loss=0.0000  tr_acc=1.0000  val_acc=0.8254  val_auroc=0.9364  val_f1=0.7677  lr=4.04e-06
Running Validation...
Ep 443/500  loss=0.0000  tr_acc=1.0000  val_acc=0.8201  val_auroc=0.9362  val_f1=0.7533  lr=3.91e-06
Running Validation...
Ep 444/500  loss=0.0001  tr_acc=1.0000  val_acc=0.8360  val_auroc=0.9340  val_f1=0.7792  lr=3.77e-06
Running Validation...
Ep 445/500  loss=0.0000  tr_acc=1.0000  val_acc=0.8307  val_auroc=0.9347  val_f1=0.7692  lr=3.64e-06
Running Validation...
Ep 446/500  loss=0.0000  tr_acc=1.0000  val_acc=0.8360  val_auroc=0.9334  val_f1=0.7792  lr=3.51e-06
Running Validation...
Ep 447/500  loss=0.0086  tr_acc=0.9992  val_acc=0.8254  val_auroc=0.9348  val_f1=0.7673  lr=3.38e-06
Running Validation...
Ep 448/500  loss=0.0000  tr_acc=1.0000  val_acc=0.8148  val_auroc=0.9324  val_f1=0.7532  lr=3.26e-06
Running Validation...
Ep 449/500  loss=0.0000  tr_acc=1.0000  val_acc=0.8307  val_auroc=0.9331  val_f1=0.7692  lr=3.14e-06
Running Validation...
Ep 450/500  loss=0.0000  tr_acc=1.0000  val_acc=0.8254  val_auroc=0.9334  val_f1=0.7615  lr=3.02e-06
Running Validation...
Ep 451/500  loss=0.0000  tr_acc=1.0000  val_acc=0.8201  val_auroc=0.9344  val_f1=0.7519  lr=2.90e-06
Running Validation...
Ep 452/500  loss=0.0001  tr_acc=1.0000  val_acc=0.8201  val_auroc=0.9344  val_f1=0.7533  lr=2.78e-06
Running Validation...
Ep 453/500  loss=0.0027  tr_acc=0.9992  val_acc=0.8254  val_auroc=0.9329  val_f1=0.7650  lr=2.67e-06
Running Validation...
Ep 454/500  loss=0.0000  tr_acc=1.0000  val_acc=0.8307  val_auroc=0.9332  val_f1=0.7677  lr=2.56e-06
Running Validation...
Ep 455/500  loss=0.0000  tr_acc=1.0000  val_acc=0.8307  val_auroc=0.9327  val_f1=0.7712  lr=2.45e-06
Running Validation...
Ep 456/500  loss=0.0005  tr_acc=1.0000  val_acc=0.8254  val_auroc=0.9338  val_f1=0.7635  lr=2.34e-06
Running Validation...
Ep 457/500  loss=0.0000  tr_acc=1.0000  val_acc=0.8307  val_auroc=0.9353  val_f1=0.7754  lr=2.24e-06
Running Validation...
Ep 458/500  loss=0.0000  tr_acc=1.0000  val_acc=0.8254  val_auroc=0.9343  val_f1=0.7673  lr=2.13e-06
Running Validation...
Ep 459/500  loss=0.0000  tr_acc=1.0000  val_acc=0.8307  val_auroc=0.9344  val_f1=0.7677  lr=2.03e-06
Running Validation...
Ep 460/500  loss=0.0000  tr_acc=1.0000  val_acc=0.8307  val_auroc=0.9351  val_f1=0.7735  lr=1.94e-06
Running Validation...
Ep 461/500  loss=0.0000  tr_acc=1.0000  val_acc=0.8254  val_auroc=0.9339  val_f1=0.7635  lr=1.84e-06
Running Validation...
Ep 462/500  loss=0.0000  tr_acc=1.0000  val_acc=0.8307  val_auroc=0.9345  val_f1=0.7790  lr=1.75e-06
Running Validation...
Ep 463/500  loss=0.0000  tr_acc=1.0000  val_acc=0.8307  val_auroc=0.9355  val_f1=0.7735  lr=1.66e-06
Running Validation...
Ep 464/500  loss=0.0000  tr_acc=1.0000  val_acc=0.8254  val_auroc=0.9348  val_f1=0.7671  lr=1.57e-06
Running Validation...
Ep 465/500  loss=0.0000  tr_acc=1.0000  val_acc=0.8360  val_auroc=0.9344  val_f1=0.7903  lr=1.49e-06
Running Validation...
Ep 466/500  loss=0.0001  tr_acc=1.0000  val_acc=0.8201  val_auroc=0.9348  val_f1=0.7594  lr=1.40e-06
Running Validation...
Ep 467/500  loss=0.0006  tr_acc=0.9992  val_acc=0.8254  val_auroc=0.9348  val_f1=0.7614  lr=1.32e-06
Running Validation...
Ep 468/500  loss=0.0000  tr_acc=1.0000  val_acc=0.8307  val_auroc=0.9324  val_f1=0.7712  lr=1.24e-06
Running Validation...
Ep 469/500  loss=0.0000  tr_acc=1.0000  val_acc=0.8307  val_auroc=0.9344  val_f1=0.7677  lr=1.17e-06
Running Validation...
Ep 470/500  loss=0.0000  tr_acc=1.0000  val_acc=0.8360  val_auroc=0.9353  val_f1=0.7796  lr=1.09e-06
Running Validation...
Ep 471/500  loss=0.0000  tr_acc=1.0000  val_acc=0.8307  val_auroc=0.9341  val_f1=0.7712  lr=1.02e-06
Running Validation...
Ep 472/500  loss=0.0000  tr_acc=1.0000  val_acc=0.8254  val_auroc=0.9345  val_f1=0.7693  lr=1.00e-06
Running Validation...
Ep 473/500  loss=0.0000  tr_acc=1.0000  val_acc=0.8307  val_auroc=0.9342  val_f1=0.7735  lr=1.00e-06
Running Validation...
Ep 474/500  loss=0.0000  tr_acc=1.0000  val_acc=0.8307  val_auroc=0.9345  val_f1=0.7731  lr=1.00e-06
Running Validation...
Ep 475/500  loss=0.0000  tr_acc=1.0000  val_acc=0.8201  val_auroc=0.9344  val_f1=0.7613  lr=1.00e-06
Running Validation...
Ep 476/500  loss=0.0003  tr_acc=1.0000  val_acc=0.8254  val_auroc=0.9337  val_f1=0.7671  lr=1.00e-06
Running Validation...
Ep 477/500  loss=0.0007  tr_acc=0.9992  val_acc=0.8307  val_auroc=0.9342  val_f1=0.7696  lr=1.00e-06
Running Validation...
Ep 478/500  loss=0.0000  tr_acc=1.0000  val_acc=0.8307  val_auroc=0.9336  val_f1=0.7712  lr=1.00e-06
Running Validation...
Ep 479/500  loss=0.0000  tr_acc=1.0000  val_acc=0.8148  val_auroc=0.9339  val_f1=0.7589  lr=1.00e-06
Running Validation...
Ep 480/500  loss=0.0000  tr_acc=1.0000  val_acc=0.8307  val_auroc=0.9346  val_f1=0.7710  lr=1.00e-06
Running Validation...
Ep 481/500  loss=0.0000  tr_acc=1.0000  val_acc=0.8307  val_auroc=0.9330  val_f1=0.7735  lr=1.00e-06
Running Validation...
Ep 482/500  loss=0.0001  tr_acc=1.0000  val_acc=0.8254  val_auroc=0.9340  val_f1=0.7693  lr=1.00e-06
Running Validation...
Ep 483/500  loss=0.0001  tr_acc=1.0000  val_acc=0.8307  val_auroc=0.9345  val_f1=0.7751  lr=1.00e-06
Running Validation...
Ep 484/500  loss=0.0000  tr_acc=1.0000  val_acc=0.8360  val_auroc=0.9340  val_f1=0.7851  lr=1.00e-06
Running Validation...
Ep 485/500  loss=0.0000  tr_acc=1.0000  val_acc=0.8307  val_auroc=0.9360  val_f1=0.7754  lr=1.00e-06
Running Validation...
Ep 486/500  loss=0.0000  tr_acc=1.0000  val_acc=0.8254  val_auroc=0.9337  val_f1=0.7635  lr=1.00e-06
Running Validation...
Ep 487/500  loss=0.0001  tr_acc=1.0000  val_acc=0.8201  val_auroc=0.9336  val_f1=0.7630  lr=1.00e-06
Running Validation...
Ep 488/500  loss=0.0000  tr_acc=1.0000  val_acc=0.8201  val_auroc=0.9351  val_f1=0.7538  lr=1.00e-06
Running Validation...
Ep 489/500  loss=0.0001  tr_acc=1.0000  val_acc=0.8360  val_auroc=0.9335  val_f1=0.7719  lr=1.00e-06
Running Validation...
Ep 490/500  loss=0.0000  tr_acc=1.0000  val_acc=0.8254  val_auroc=0.9359  val_f1=0.7671  lr=1.00e-06
Running Validation...
Ep 491/500  loss=0.0000  tr_acc=1.0000  val_acc=0.8307  val_auroc=0.9333  val_f1=0.7731  lr=1.00e-06
Running Validation...
Ep 492/500  loss=0.0000  tr_acc=1.0000  val_acc=0.8307  val_auroc=0.9342  val_f1=0.7754  lr=1.00e-06
Running Validation...
Ep 493/500  loss=0.0000  tr_acc=1.0000  val_acc=0.8360  val_auroc=0.9334  val_f1=0.7738  lr=1.00e-06
Running Validation...
Ep 494/500  loss=0.0000  tr_acc=1.0000  val_acc=0.8254  val_auroc=0.9351  val_f1=0.7713  lr=1.00e-06
Running Validation...
Ep 495/500  loss=0.0000  tr_acc=1.0000  val_acc=0.8254  val_auroc=0.9346  val_f1=0.7690  lr=1.00e-06
Running Validation...
Ep 496/500  loss=0.0001  tr_acc=1.0000  val_acc=0.8254  val_auroc=0.9358  val_f1=0.7657  lr=1.00e-06
Running Validation...
Ep 497/500  loss=0.0001  tr_acc=1.0000  val_acc=0.8360  val_auroc=0.9347  val_f1=0.7851  lr=1.00e-06
Running Validation...
Ep 498/500  loss=0.0000  tr_acc=1.0000  val_acc=0.8307  val_auroc=0.9365  val_f1=0.7754  lr=1.00e-06
Running Validation...
Ep 499/500  loss=0.0000  tr_acc=1.0000  val_acc=0.8307  val_auroc=0.9354  val_f1=0.7754  lr=1.00e-06
Running Validation...
Ep 500/500  loss=0.0000  tr_acc=1.0000  val_acc=0.8360  val_auroc=0.9361  val_f1=0.7815  lr=1.00e-06
Training complete. Best AUROC: 0.9592, Best F1: 0.8491
Loaded best model from best_f1_model.pt (epoch 24)
Running Validation (final)...

Binary fairness (Validation):
  Acc_light: 0.8820  (FST I–III)
  Acc_dark : 0.8667  (FST IV–VI)
  Acc_gap  : 0.0153
  DP_diff  : 0.0952
  EOpp0    : 0.3669
  EOpp1    : 0.0826
  EOdd     : 0.2248
Running Test...

[ATRB ResNet-18] Test KNN (k=5) accuracy: 0.9149

Binary fairness (Test):
  Acc_light: 0.9173  (FST I–III)
  Acc_dark : 0.8431  (FST IV–VI)
  Acc_gap  : 0.0742
  DP_diff  : 0.1427
  EOpp0    : 0.2414
  EOpp1    : 0.1095
  EOdd     : 0.1754

Evaluating on fitzpatrick17k
Running Cross-eval: fitzpatrick17k...

Binary fairness (fitzpatrick17k):
  Acc_light: 0.5842  (FST I–III)
  Acc_dark : 0.5447  (FST IV–VI)
  Acc_gap  : 0.0395
  DP_diff  : 0.0970
  EOpp0    : 0.1033
  EOpp1    : 0.0970
  EOdd     : 0.1002

Evaluating on padufes20
Running Cross-eval: padufes20...

Binary fairness (padufes20):
  Acc_light: 0.8570  (FST I–III)
  Acc_dark : 0.8095  (FST IV–VI)
  Acc_gap  : 0.0475
  DP_diff  : 0.1135
  EOpp0    : 0.1025
  EOpp1    : 0.0369
  EOdd     : 0.0697

Evaluating on isic2019
Running Cross-eval: isic2019...

Binary fairness (isic2019):
  Acc_light: nan  (FST I–III)
  Acc_dark : nan  (FST IV–VI)
  Acc_gap  : nan
  DP_diff  : nan
  EOpp0    : nan
  EOpp1    : nan
  EOdd     : nan

Cross-dataset summary:
                 accuracy     auroc  precision  ...       EOM       PQD       DPM
fitzpatrick17k  0.574406  0.781812   0.607779  ...  0.491041  0.884314  0.293724
padufes20       0.797546  0.886823   0.663507  ...  0.607924  0.789474  0.283748
isic2019        0.688717  0.859782   0.653391  ...       NaN       NaN       NaN

[3 rows x 10 columns]

All results saved to outputs_ATRB_resnet18/results_ATRB_resnet18
Checkpoints saved to outputs_ATRB_resnet18/checkpoints_ATRB_resnet18
=========================================
Finished: Wed Jun 24 12:28:28 PM CEST 2026
Exit code: 0

[DONE] Training completed successfully.
Outputs:
  Checkpoints → 20260623-process/outputs_ATRB_resnet18/checkpoints/
  Results     → 20260623-process/outputs_ATRB_resnet18/results/
  CSVs        → 20260623-process/outputs_ATRB_resnet18/csvs/
