=========================================
Job:       train_BASE_vit  (412719)
Node:      bigpu01
Started:   Mon May 25 11:48:13 PM CEST 2026
=========================================
[INFO] No HF token found at /users/jlacmou/.hf_token — downloads may be slow.
[INFO] No kaggle.json found in process_BASE_vit. Relying on ~/.kaggle/ or env vars.
[SETUP] Creating virtual environment...
[SETUP] Installing / verifying Python dependencies...

── GPU info ──────────────────────────────
Tesla V100-PCIE-32GB, 32768 MiB, 575.57.08
PyTorch : 2.12.0+cu126
CUDA    : 12.6
Devices : 1
GPU 0   : Tesla V100-PCIE-32GB
VRAM    : 34.1 GB
──────────────────────────────────────────

[CHECK] Validating dataset roots...
  [MISSING] process_BASE_vit/data/datasets/asosenge/hibaskinlesionsdataset-main  ← Attempting to download via Kaggle CLI...
Dataset URL: https://www.kaggle.com/datasets/asosenge/hibaskinlesionsdataset-main
License(s): other
Downloading hibaskinlesionsdataset-main.zip to process_BASE_vit/data/datasets/asosenge/hibaskinlesionsdataset-main

  [DOWNLOADED] process_BASE_vit/data/datasets/asosenge/hibaskinlesionsdataset-main
  [MISSING] process_BASE_vit/data/datasets/asosenge/fitzpatrick17k  ← Attempting to download via Kaggle CLI...
Dataset URL: https://www.kaggle.com/datasets/asosenge/fitzpatrick17k
License(s): other
Downloading fitzpatrick17k.zip to process_BASE_vit/data/datasets/asosenge/fitzpatrick17k

  [DOWNLOADED] process_BASE_vit/data/datasets/asosenge/fitzpatrick17k
  [MISSING] process_BASE_vit/data/datasets/asosenge/ham10000  ← Attempting to download via Kaggle CLI...
Dataset URL: https://www.kaggle.com/datasets/asosenge/ham10000
License(s): Attribution-NonCommercial 4.0 International (CC BY-NC 4.0)
Downloading ham10000.zip to process_BASE_vit/data/datasets/asosenge/ham10000

  [DOWNLOADED] process_BASE_vit/data/datasets/asosenge/ham10000
  [MISSING] process_BASE_vit/data/datasets/asosenge/derm7pt  ← Attempting to download via Kaggle CLI...
Dataset URL: https://www.kaggle.com/datasets/asosenge/derm7pt
License(s): other
Downloading derm7pt.zip to process_BASE_vit/data/datasets/asosenge/derm7pt

  [DOWNLOADED] process_BASE_vit/data/datasets/asosenge/derm7pt
  [MISSING] process_BASE_vit/data/datasets/mahdavi1202/skin-cancer  ← Attempting to download via Kaggle CLI...
Dataset URL: https://www.kaggle.com/datasets/mahdavi1202/skin-cancer
License(s): Attribution 4.0 International (CC BY 4.0)
Downloading skin-cancer.zip to process_BASE_vit/data/datasets/mahdavi1202/skin-cancer

  [DOWNLOADED] process_BASE_vit/data/datasets/mahdavi1202/skin-cancer
  [MISSING] process_BASE_vit/data/datasets/sengenjih/isic2019  ← Attempting to download via Kaggle CLI...
Dataset URL: https://www.kaggle.com/datasets/sengenjih/isic2019
License(s): Attribution-NonCommercial 4.0 International (CC BY-NC 4.0)
Downloading isic2019.zip to process_BASE_vit/data/datasets/sengenjih/isic2019

  [DOWNLOADED] process_BASE_vit/data/datasets/sengenjih/isic2019

[CONVERT] Converting notebook to Python script...
[PATCH] Redirecting Kaggle paths → cluster paths...
  DATA_ROOT  → process_BASE_vit/data/datasets
  WORK_ROOT  → process_BASE_vit/outputs
  BB_CACHE   → process_BASE_vit/backbone_cache
  Patch applied successfully.

[RUN] Starting training — Tue May 26 12:07:57 AM CEST 2026
=========================================
Device: cuda
Checking configured paths:
  WORK_ROOT : outputs  [OK]
  CSV_DIR   : outputs/csvs  [OK]
  hiba           : process_BASE_vit/data/datasets/asosenge/hibaskinlesionsdataset-main/HIBASkinLesionsDataset-main/images  [OK]
  fitzpatrick17k : process_BASE_vit/data/datasets/asosenge/fitzpatrick17k/fitzpatrick17k/data/finalfitz17k  [OK]
  ham10000       : process_BASE_vit/data/datasets/asosenge/ham10000/HAM10000  [OK]
  derm7pt        : process_BASE_vit/data/datasets/asosenge/derm7pt/release_v0/images  [OK]
  padufes20      : process_BASE_vit/data/datasets/mahdavi1202/skin-cancer  [OK]
  isic2019       : process_BASE_vit/data/datasets/sengenjih/isic2019  [OK]
CSV dir      : outputs/csvs
Checkpoints  : outputs/checkpoints_BASE_vit
Results      : outputs/results_BASE_vit
Dataset roots:
  hiba           : process_BASE_vit/data/datasets/asosenge/hibaskinlesionsdataset-main/HIBASkinLesionsDataset-main/images
  fitzpatrick17k : process_BASE_vit/data/datasets/asosenge/fitzpatrick17k/fitzpatrick17k/data/finalfitz17k
  ham10000       : process_BASE_vit/data/datasets/asosenge/ham10000/HAM10000
  derm7pt        : process_BASE_vit/data/datasets/asosenge/derm7pt/release_v0/images
  padufes20      : process_BASE_vit/data/datasets/mahdavi1202/skin-cancer
  isic2019       : process_BASE_vit/data/datasets/sengenjih/isic2019
[INFO] Built image map for hiba: 1616 entries
[INFO] Built image map for fitzpatrick17k: 16577 entries
[INFO] Built image map for ham10000: 20030 entries
[INFO] Built image map for derm7pt: 2013 entries
[INFO] Built image map for padufes20: 2298 entries
[INFO] Built image map for isic2019: 33569 entries
[INFO] Loaded derm7pt paired eval set: 869 samples
[INFO] Loaded padufes20 unpaired eval set: 2063 samples
[INFO] Loaded isic2019 unpaired eval set: 27551 samples
Train batches: 273, Val batches: 59
Test batches: 59
Cross-eval loaders: ['derm7pt', 'padufes20', 'isic2019']
Running Validation...
Ep   1/500  loss=2.3846  tr_acc=0.2020  val_acc=0.3019  val_auroc=0.5888  val_f1=0.2084  lr=6.00e-07
Running Validation...
Ep   2/500  loss=1.8999  tr_acc=0.2952  val_acc=0.5392  val_auroc=0.7576  val_f1=0.3629  lr=9.00e-07
Running Validation...
Ep   3/500  loss=1.5854  tr_acc=0.3979  val_acc=0.5925  val_auroc=0.8299  val_f1=0.4469  lr=1.20e-06
Running Validation...
Ep   4/500  loss=1.3811  tr_acc=0.4643  val_acc=0.6192  val_auroc=0.8665  val_f1=0.4896  lr=1.50e-06
Running Validation...
Ep   5/500  loss=1.2356  tr_acc=0.5195  val_acc=0.6608  val_auroc=0.8919  val_f1=0.5320  lr=1.80e-06
Running Validation...
Ep   6/500  loss=1.0749  tr_acc=0.5714  val_acc=0.6885  val_auroc=0.9089  val_f1=0.5756  lr=2.10e-06
Running Validation...
Ep   7/500  loss=0.9809  tr_acc=0.6097  val_acc=0.7003  val_auroc=0.9213  val_f1=0.6030  lr=2.40e-06
Running Validation...
Ep   8/500  loss=0.8717  tr_acc=0.6614  val_acc=0.6917  val_auroc=0.9288  val_f1=0.6208  lr=2.70e-06
Running Validation...
Ep   9/500  loss=0.7794  tr_acc=0.6965  val_acc=0.7541  val_auroc=0.9421  val_f1=0.6613  lr=3.00e-06
Running Validation...
Ep  10/500  loss=0.6975  tr_acc=0.7260  val_acc=0.7483  val_auroc=0.9435  val_f1=0.6650  lr=3.30e-06
Running Validation...
Ep  11/500  loss=0.6540  tr_acc=0.7468  val_acc=0.7664  val_auroc=0.9508  val_f1=0.6890  lr=3.60e-06
Running Validation...
Ep  12/500  loss=0.5860  tr_acc=0.7764  val_acc=0.7739  val_auroc=0.9562  val_f1=0.7017  lr=3.90e-06
Running Validation...
Ep  13/500  loss=0.5357  tr_acc=0.7969  val_acc=0.8021  val_auroc=0.9585  val_f1=0.7228  lr=4.20e-06
Running Validation...
Ep  14/500  loss=0.4606  tr_acc=0.8337  val_acc=0.8208  val_auroc=0.9616  val_f1=0.7371  lr=4.50e-06
Running Validation...
Ep  15/500  loss=0.4244  tr_acc=0.8395  val_acc=0.8133  val_auroc=0.9631  val_f1=0.7322  lr=4.80e-06
Running Validation...
Ep  16/500  loss=0.3857  tr_acc=0.8581  val_acc=0.8224  val_auroc=0.9636  val_f1=0.7423  lr=5.10e-06
Running Validation...
Ep  17/500  loss=0.3519  tr_acc=0.8708  val_acc=0.8256  val_auroc=0.9649  val_f1=0.7502  lr=5.40e-06
Running Validation...
Ep  18/500  loss=0.3154  tr_acc=0.8826  val_acc=0.8315  val_auroc=0.9659  val_f1=0.7538  lr=5.70e-06
Running Validation...
Ep  19/500  loss=0.2839  tr_acc=0.8967  val_acc=0.8288  val_auroc=0.9665  val_f1=0.7525  lr=6.00e-06
Running Validation...
Ep  20/500  loss=0.2433  tr_acc=0.9106  val_acc=0.8432  val_auroc=0.9673  val_f1=0.7625  lr=6.30e-06
Running Validation...
Ep  21/500  loss=0.2167  tr_acc=0.9254  val_acc=0.7781  val_auroc=0.9639  val_f1=0.7296  lr=6.60e-06
Running Validation...
Ep  22/500  loss=0.1988  tr_acc=0.9278  val_acc=0.8427  val_auroc=0.9681  val_f1=0.7656  lr=6.90e-06
Running Validation...
Ep  23/500  loss=0.1844  tr_acc=0.9330  val_acc=0.8368  val_auroc=0.9692  val_f1=0.7724  lr=7.20e-06
Running Validation...
Ep  24/500  loss=0.1739  tr_acc=0.9401  val_acc=0.8144  val_auroc=0.9637  val_f1=0.7523  lr=7.50e-06
Running Validation...
Ep  25/500  loss=0.1649  tr_acc=0.9410  val_acc=0.8635  val_auroc=0.9696  val_f1=0.7868  lr=7.80e-06
Running Validation...
Ep  26/500  loss=0.1415  tr_acc=0.9516  val_acc=0.8389  val_auroc=0.9692  val_f1=0.7695  lr=8.10e-06
Running Validation...
Ep  27/500  loss=0.1359  tr_acc=0.9533  val_acc=0.8645  val_auroc=0.9706  val_f1=0.7830  lr=8.40e-06
Running Validation...
Ep  28/500  loss=0.1252  tr_acc=0.9558  val_acc=0.8336  val_auroc=0.9693  val_f1=0.7539  lr=8.70e-06
Running Validation...
Ep  29/500  loss=0.1138  tr_acc=0.9592  val_acc=0.8272  val_auroc=0.9685  val_f1=0.7783  lr=9.00e-06
Running Validation...
Ep  30/500  loss=0.1065  tr_acc=0.9625  val_acc=0.8507  val_auroc=0.9693  val_f1=0.7730  lr=9.30e-06
Running Validation...
Ep  31/500  loss=0.1009  tr_acc=0.9682  val_acc=0.8613  val_auroc=0.9719  val_f1=0.7918  lr=9.60e-06
Running Validation...
Ep  32/500  loss=0.0989  tr_acc=0.9670  val_acc=0.8741  val_auroc=0.9738  val_f1=0.7980  lr=9.90e-06
Running Validation...
Ep  33/500  loss=0.0879  tr_acc=0.9698  val_acc=0.8496  val_auroc=0.9695  val_f1=0.7775  lr=1.02e-05
Running Validation...
Ep  34/500  loss=0.0889  tr_acc=0.9698  val_acc=0.8613  val_auroc=0.9706  val_f1=0.7832  lr=1.05e-05
Running Validation...
Ep  35/500  loss=0.0812  tr_acc=0.9728  val_acc=0.8597  val_auroc=0.9679  val_f1=0.7797  lr=1.08e-05
Running Validation...
Ep  36/500  loss=0.0911  tr_acc=0.9708  val_acc=0.8693  val_auroc=0.9718  val_f1=0.8019  lr=1.11e-05
Running Validation...
Ep  37/500  loss=0.0671  tr_acc=0.9787  val_acc=0.8464  val_auroc=0.9709  val_f1=0.7829  lr=1.14e-05
Running Validation...
Ep  38/500  loss=0.0712  tr_acc=0.9761  val_acc=0.8693  val_auroc=0.9712  val_f1=0.8013  lr=1.17e-05
Running Validation...
Ep  39/500  loss=0.0691  tr_acc=0.9766  val_acc=0.8613  val_auroc=0.9690  val_f1=0.7866  lr=1.20e-05
Running Validation...
Ep  40/500  loss=0.0605  tr_acc=0.9826  val_acc=0.8763  val_auroc=0.9703  val_f1=0.8018  lr=1.23e-05
Running Validation...
Ep  41/500  loss=0.0715  tr_acc=0.9766  val_acc=0.8629  val_auroc=0.9691  val_f1=0.7882  lr=1.26e-05
Running Validation...
Ep  42/500  loss=0.0607  tr_acc=0.9819  val_acc=0.8464  val_auroc=0.9686  val_f1=0.7804  lr=1.29e-05
Running Validation...
Ep  43/500  loss=0.0627  tr_acc=0.9815  val_acc=0.8624  val_auroc=0.9678  val_f1=0.7732  lr=1.32e-05
Running Validation...
Ep  44/500  loss=0.0530  tr_acc=0.9844  val_acc=0.8533  val_auroc=0.9661  val_f1=0.7801  lr=1.35e-05
Running Validation...
Ep  45/500  loss=0.0542  tr_acc=0.9834  val_acc=0.8656  val_auroc=0.9662  val_f1=0.7888  lr=1.38e-05
Running Validation...
Ep  46/500  loss=0.0492  tr_acc=0.9843  val_acc=0.8683  val_auroc=0.9664  val_f1=0.7967  lr=1.41e-05
Running Validation...
Ep  47/500  loss=0.0526  tr_acc=0.9817  val_acc=0.8747  val_auroc=0.9678  val_f1=0.8033  lr=1.44e-05
Running Validation...
Ep  48/500  loss=0.0466  tr_acc=0.9866  val_acc=0.8784  val_auroc=0.9700  val_f1=0.7940  lr=1.47e-05
Running Validation...
Ep  49/500  loss=0.0490  tr_acc=0.9859  val_acc=0.8587  val_auroc=0.9669  val_f1=0.7906  lr=1.50e-05
Running Validation...
Ep  50/500  loss=0.0554  tr_acc=0.9841  val_acc=0.8651  val_auroc=0.9685  val_f1=0.7804  lr=1.53e-05
Running Validation...
Ep  51/500  loss=0.0553  tr_acc=0.9860  val_acc=0.8576  val_auroc=0.9646  val_f1=0.7820  lr=1.56e-05
Running Validation...
Ep  52/500  loss=0.0564  tr_acc=0.9848  val_acc=0.8501  val_auroc=0.9672  val_f1=0.7833  lr=1.59e-05
Running Validation...
Ep  53/500  loss=0.0478  tr_acc=0.9851  val_acc=0.8571  val_auroc=0.9677  val_f1=0.7849  lr=1.62e-05
Running Validation...
Ep  54/500  loss=0.0405  tr_acc=0.9882  val_acc=0.8821  val_auroc=0.9704  val_f1=0.8121  lr=1.65e-05
Running Validation...
Ep  55/500  loss=0.0515  tr_acc=0.9871  val_acc=0.8677  val_auroc=0.9665  val_f1=0.7871  lr=1.68e-05
Running Validation...
Ep  56/500  loss=0.0451  tr_acc=0.9881  val_acc=0.8661  val_auroc=0.9684  val_f1=0.7956  lr=1.71e-05
Running Validation...
Ep  57/500  loss=0.0430  tr_acc=0.9861  val_acc=0.8725  val_auroc=0.9633  val_f1=0.7889  lr=1.74e-05
Running Validation...
Ep  58/500  loss=0.0600  tr_acc=0.9861  val_acc=0.8608  val_auroc=0.9691  val_f1=0.7821  lr=1.77e-05
Running Validation...
Ep  59/500  loss=0.0547  tr_acc=0.9864  val_acc=0.8640  val_auroc=0.9659  val_f1=0.7899  lr=1.80e-05
Running Validation...
Ep  60/500  loss=0.0363  tr_acc=0.9896  val_acc=0.8672  val_auroc=0.9658  val_f1=0.7962  lr=1.83e-05
Running Validation...
Ep  61/500  loss=0.0467  tr_acc=0.9870  val_acc=0.8587  val_auroc=0.9645  val_f1=0.7907  lr=1.86e-05
Running Validation...
Ep  62/500  loss=0.0494  tr_acc=0.9870  val_acc=0.8704  val_auroc=0.9675  val_f1=0.7906  lr=1.89e-05
Running Validation...
Ep  63/500  loss=0.0402  tr_acc=0.9883  val_acc=0.8651  val_auroc=0.9649  val_f1=0.7968  lr=1.92e-05
Running Validation...
Ep  64/500  loss=0.0357  tr_acc=0.9903  val_acc=0.8720  val_auroc=0.9700  val_f1=0.8049  lr=1.95e-05
Running Validation...
Ep  65/500  loss=0.0324  tr_acc=0.9908  val_acc=0.8768  val_auroc=0.9662  val_f1=0.7953  lr=1.98e-05
Running Validation...
Ep  66/500  loss=0.0465  tr_acc=0.9886  val_acc=0.8667  val_auroc=0.9672  val_f1=0.7893  lr=2.01e-05
Running Validation...
Ep  67/500  loss=0.0407  tr_acc=0.9884  val_acc=0.8773  val_auroc=0.9671  val_f1=0.8109  lr=2.04e-05
Running Validation...
Ep  68/500  loss=0.0450  tr_acc=0.9876  val_acc=0.8720  val_auroc=0.9684  val_f1=0.7959  lr=2.07e-05
Running Validation...
Ep  69/500  loss=0.0451  tr_acc=0.9879  val_acc=0.8763  val_auroc=0.9622  val_f1=0.7978  lr=2.10e-05
Running Validation...
Ep  70/500  loss=0.0454  tr_acc=0.9883  val_acc=0.8693  val_auroc=0.9637  val_f1=0.7974  lr=2.13e-05
Running Validation...
Ep  71/500  loss=0.0379  tr_acc=0.9894  val_acc=0.8608  val_auroc=0.9632  val_f1=0.7789  lr=2.16e-05
Running Validation...
Ep  72/500  loss=0.0594  tr_acc=0.9861  val_acc=0.8752  val_auroc=0.9664  val_f1=0.8044  lr=2.19e-05
Running Validation...
Ep  73/500  loss=0.0374  tr_acc=0.9905  val_acc=0.8640  val_auroc=0.9637  val_f1=0.7788  lr=2.22e-05
Running Validation...
Ep  74/500  loss=0.0436  tr_acc=0.9886  val_acc=0.8501  val_auroc=0.9599  val_f1=0.7743  lr=2.25e-05
Running Validation...
Ep  75/500  loss=0.0521  tr_acc=0.9866  val_acc=0.8725  val_auroc=0.9624  val_f1=0.7915  lr=2.28e-05
Running Validation...
Ep  76/500  loss=0.0373  tr_acc=0.9911  val_acc=0.8741  val_auroc=0.9642  val_f1=0.7888  lr=2.31e-05
Running Validation...
Ep  77/500  loss=0.0448  tr_acc=0.9897  val_acc=0.8704  val_auroc=0.9624  val_f1=0.7845  lr=2.34e-05
Running Validation...
Ep  78/500  loss=0.0423  tr_acc=0.9887  val_acc=0.8683  val_auroc=0.9659  val_f1=0.7828  lr=2.37e-05
Running Validation...
Ep  79/500  loss=0.0361  tr_acc=0.9913  val_acc=0.8528  val_auroc=0.9616  val_f1=0.7817  lr=2.40e-05
Running Validation...
Ep  80/500  loss=0.0526  tr_acc=0.9880  val_acc=0.8464  val_auroc=0.9609  val_f1=0.7725  lr=2.43e-05
Running Validation...
Ep  81/500  loss=0.0489  tr_acc=0.9876  val_acc=0.8731  val_auroc=0.9638  val_f1=0.7975  lr=2.46e-05
Running Validation...
Ep  82/500  loss=0.0365  tr_acc=0.9915  val_acc=0.8640  val_auroc=0.9563  val_f1=0.7781  lr=2.49e-05
Running Validation...
Ep  83/500  loss=0.0390  tr_acc=0.9905  val_acc=0.8667  val_auroc=0.9636  val_f1=0.7864  lr=2.52e-05
Running Validation...
Ep  84/500  loss=0.0313  tr_acc=0.9914  val_acc=0.8795  val_auroc=0.9642  val_f1=0.8011  lr=2.55e-05
Running Validation...
Ep  85/500  loss=0.0352  tr_acc=0.9913  val_acc=0.8715  val_auroc=0.9635  val_f1=0.7951  lr=2.58e-05
Running Validation...
Ep  86/500  loss=0.0310  tr_acc=0.9920  val_acc=0.8603  val_auroc=0.9653  val_f1=0.7772  lr=2.61e-05
Running Validation...
Ep  87/500  loss=0.0383  tr_acc=0.9897  val_acc=0.8624  val_auroc=0.9627  val_f1=0.7893  lr=2.64e-05
Running Validation...
Ep  88/500  loss=0.0380  tr_acc=0.9906  val_acc=0.8693  val_auroc=0.9627  val_f1=0.7944  lr=2.67e-05
Running Validation...
Ep  89/500  loss=0.0537  tr_acc=0.9873  val_acc=0.8725  val_auroc=0.9653  val_f1=0.7920  lr=2.70e-05
Running Validation...
Ep  90/500  loss=0.0365  tr_acc=0.9915  val_acc=0.8773  val_auroc=0.9637  val_f1=0.7980  lr=2.73e-05
Running Validation...
Ep  91/500  loss=0.0360  tr_acc=0.9913  val_acc=0.8539  val_auroc=0.9622  val_f1=0.7644  lr=2.76e-05
Running Validation...
Ep  92/500  loss=0.0353  tr_acc=0.9900  val_acc=0.8731  val_auroc=0.9657  val_f1=0.7898  lr=2.79e-05
Running Validation...
Ep  93/500  loss=0.0387  tr_acc=0.9896  val_acc=0.8699  val_auroc=0.9656  val_f1=0.7853  lr=2.82e-05
Running Validation...
Ep  94/500  loss=0.0453  tr_acc=0.9902  val_acc=0.8608  val_auroc=0.9650  val_f1=0.7877  lr=2.85e-05
Running Validation...
Ep  95/500  loss=0.0482  tr_acc=0.9881  val_acc=0.8635  val_auroc=0.9621  val_f1=0.7882  lr=2.88e-05
Running Validation...
Ep  96/500  loss=0.0338  tr_acc=0.9906  val_acc=0.8571  val_auroc=0.9679  val_f1=0.7942  lr=2.91e-05
Running Validation...
Ep  97/500  loss=0.0338  tr_acc=0.9912  val_acc=0.8805  val_auroc=0.9656  val_f1=0.8092  lr=2.94e-05
Running Validation...
Ep  98/500  loss=0.0346  tr_acc=0.9918  val_acc=0.8795  val_auroc=0.9699  val_f1=0.8080  lr=2.97e-05
Running Validation...
Ep  99/500  loss=0.0276  tr_acc=0.9928  val_acc=0.8725  val_auroc=0.9652  val_f1=0.7995  lr=3.00e-05
Running Validation...
Ep 100/500  loss=0.0397  tr_acc=0.9910  val_acc=0.8699  val_auroc=0.9626  val_f1=0.7894  lr=3.00e-05
Running Validation...
Ep 101/500  loss=0.0355  tr_acc=0.9914  val_acc=0.8731  val_auroc=0.9657  val_f1=0.7925  lr=3.00e-05
Running Validation...
Ep 102/500  loss=0.0306  tr_acc=0.9919  val_acc=0.8805  val_auroc=0.9591  val_f1=0.7985  lr=3.00e-05
Running Validation...
Ep 103/500  loss=0.0463  tr_acc=0.9898  val_acc=0.8416  val_auroc=0.9657  val_f1=0.7736  lr=3.00e-05
Running Validation...
Ep 104/500  loss=0.0426  tr_acc=0.9903  val_acc=0.8683  val_auroc=0.9683  val_f1=0.7831  lr=3.00e-05
Running Validation...
Ep 105/500  loss=0.0319  tr_acc=0.9922  val_acc=0.8603  val_auroc=0.9654  val_f1=0.7824  lr=3.00e-05
Running Validation...
Ep 106/500  loss=0.0343  tr_acc=0.9919  val_acc=0.8661  val_auroc=0.9660  val_f1=0.8014  lr=3.00e-05
Running Validation...
Ep 107/500  loss=0.0287  tr_acc=0.9942  val_acc=0.8709  val_auroc=0.9619  val_f1=0.7966  lr=3.00e-05
Running Validation...
Ep 108/500  loss=0.0274  tr_acc=0.9931  val_acc=0.8608  val_auroc=0.9647  val_f1=0.7786  lr=3.00e-05
Running Validation...
Ep 109/500  loss=0.0298  tr_acc=0.9936  val_acc=0.8789  val_auroc=0.9667  val_f1=0.8078  lr=3.00e-05
Running Validation...
Ep 110/500  loss=0.0344  tr_acc=0.9921  val_acc=0.8725  val_auroc=0.9626  val_f1=0.7884  lr=3.00e-05
Running Validation...
Ep 111/500  loss=0.0292  tr_acc=0.9930  val_acc=0.8752  val_auroc=0.9621  val_f1=0.7877  lr=2.99e-05
Running Validation...
Ep 112/500  loss=0.0412  tr_acc=0.9919  val_acc=0.8731  val_auroc=0.9671  val_f1=0.8074  lr=2.99e-05
Running Validation...
Ep 113/500  loss=0.0292  tr_acc=0.9934  val_acc=0.8821  val_auroc=0.9672  val_f1=0.8100  lr=2.99e-05
Running Validation...
Ep 114/500  loss=0.0365  tr_acc=0.9918  val_acc=0.8795  val_auroc=0.9624  val_f1=0.8055  lr=2.99e-05
Running Validation...
Ep 115/500  loss=0.0337  tr_acc=0.9916  val_acc=0.8683  val_auroc=0.9623  val_f1=0.7911  lr=2.99e-05
Running Validation...
Ep 116/500  loss=0.0300  tr_acc=0.9935  val_acc=0.8496  val_auroc=0.9604  val_f1=0.7809  lr=2.99e-05
Running Validation...
Ep 117/500  loss=0.0235  tr_acc=0.9943  val_acc=0.8587  val_auroc=0.9625  val_f1=0.7848  lr=2.99e-05
Running Validation...
Ep 118/500  loss=0.0182  tr_acc=0.9951  val_acc=0.8747  val_auroc=0.9642  val_f1=0.8011  lr=2.99e-05
Running Validation...
Ep 119/500  loss=0.0265  tr_acc=0.9943  val_acc=0.8645  val_auroc=0.9632  val_f1=0.7828  lr=2.98e-05
Running Validation...
Ep 120/500  loss=0.0202  tr_acc=0.9940  val_acc=0.8747  val_auroc=0.9617  val_f1=0.7987  lr=2.98e-05
Running Validation...
Ep 121/500  loss=0.0310  tr_acc=0.9929  val_acc=0.8491  val_auroc=0.9590  val_f1=0.7800  lr=2.98e-05
Running Validation...
Ep 122/500  loss=0.0217  tr_acc=0.9948  val_acc=0.8565  val_auroc=0.9603  val_f1=0.7816  lr=2.98e-05
Running Validation...
Ep 123/500  loss=0.0275  tr_acc=0.9937  val_acc=0.8757  val_auroc=0.9608  val_f1=0.8001  lr=2.98e-05
Running Validation...
Ep 124/500  loss=0.0210  tr_acc=0.9951  val_acc=0.8672  val_auroc=0.9574  val_f1=0.7818  lr=2.97e-05
Running Validation...
Ep 125/500  loss=0.0245  tr_acc=0.9939  val_acc=0.8464  val_auroc=0.9537  val_f1=0.7719  lr=2.97e-05
Running Validation...
Ep 126/500  loss=0.0148  tr_acc=0.9967  val_acc=0.8645  val_auroc=0.9585  val_f1=0.7782  lr=2.97e-05
Running Validation...
Ep 127/500  loss=0.0194  tr_acc=0.9948  val_acc=0.8709  val_auroc=0.9590  val_f1=0.8031  lr=2.97e-05
Running Validation...
Ep 128/500  loss=0.0292  tr_acc=0.9936  val_acc=0.8555  val_auroc=0.9624  val_f1=0.7874  lr=2.96e-05
Running Validation...
Ep 129/500  loss=0.0221  tr_acc=0.9948  val_acc=0.8736  val_auroc=0.9602  val_f1=0.7916  lr=2.96e-05
Running Validation...
Ep 130/500  loss=0.0286  tr_acc=0.9939  val_acc=0.8683  val_auroc=0.9585  val_f1=0.7804  lr=2.96e-05
Running Validation...
Ep 131/500  loss=0.0257  tr_acc=0.9938  val_acc=0.8811  val_auroc=0.9601  val_f1=0.8044  lr=2.96e-05
Running Validation...
Ep 132/500  loss=0.0178  tr_acc=0.9959  val_acc=0.8853  val_auroc=0.9602  val_f1=0.8086  lr=2.95e-05
Running Validation...
Ep 133/500  loss=0.0233  tr_acc=0.9953  val_acc=0.8688  val_auroc=0.9605  val_f1=0.8004  lr=2.95e-05
Running Validation...
Ep 134/500  loss=0.0205  tr_acc=0.9953  val_acc=0.8683  val_auroc=0.9532  val_f1=0.7786  lr=2.95e-05
Running Validation...
Ep 135/500  loss=0.0262  tr_acc=0.9940  val_acc=0.8709  val_auroc=0.9587  val_f1=0.8012  lr=2.94e-05
Running Validation...
Ep 136/500  loss=0.0186  tr_acc=0.9961  val_acc=0.8565  val_auroc=0.9524  val_f1=0.7681  lr=2.94e-05
Running Validation...
Ep 137/500  loss=0.0222  tr_acc=0.9944  val_acc=0.8747  val_auroc=0.9567  val_f1=0.7998  lr=2.94e-05
Running Validation...
Ep 138/500  loss=0.0237  tr_acc=0.9947  val_acc=0.8661  val_auroc=0.9486  val_f1=0.7854  lr=2.93e-05
Running Validation...
Ep 139/500  loss=0.0345  tr_acc=0.9920  val_acc=0.8656  val_auroc=0.9570  val_f1=0.7829  lr=2.93e-05
Running Validation...
Ep 140/500  loss=0.0220  tr_acc=0.9957  val_acc=0.8683  val_auroc=0.9588  val_f1=0.7846  lr=2.93e-05
Running Validation...
Ep 141/500  loss=0.0195  tr_acc=0.9952  val_acc=0.8784  val_auroc=0.9576  val_f1=0.8032  lr=2.92e-05
Running Validation...
Ep 142/500  loss=0.0168  tr_acc=0.9951  val_acc=0.8779  val_auroc=0.9527  val_f1=0.7978  lr=2.92e-05
Running Validation...
Ep 143/500  loss=0.0140  tr_acc=0.9960  val_acc=0.8757  val_auroc=0.9580  val_f1=0.7980  lr=2.92e-05
Running Validation...
Ep 144/500  loss=0.0172  tr_acc=0.9960  val_acc=0.8640  val_auroc=0.9503  val_f1=0.7713  lr=2.91e-05
Running Validation...
Ep 145/500  loss=0.0367  tr_acc=0.9930  val_acc=0.8821  val_auroc=0.9629  val_f1=0.8112  lr=2.91e-05
Running Validation...
Ep 146/500  loss=0.0180  tr_acc=0.9961  val_acc=0.8741  val_auroc=0.9648  val_f1=0.7935  lr=2.90e-05
Running Validation...
Ep 147/500  loss=0.0195  tr_acc=0.9947  val_acc=0.8784  val_auroc=0.9610  val_f1=0.8019  lr=2.90e-05
Running Validation...
Ep 148/500  loss=0.0125  tr_acc=0.9969  val_acc=0.8853  val_auroc=0.9549  val_f1=0.8081  lr=2.89e-05
Running Validation...
Ep 149/500  loss=0.0200  tr_acc=0.9963  val_acc=0.8747  val_auroc=0.9632  val_f1=0.7963  lr=2.89e-05
Running Validation...
Ep 150/500  loss=0.0208  tr_acc=0.9955  val_acc=0.8773  val_auroc=0.9644  val_f1=0.7960  lr=2.89e-05
Running Validation...
Ep 151/500  loss=0.0197  tr_acc=0.9955  val_acc=0.8779  val_auroc=0.9631  val_f1=0.8016  lr=2.88e-05
Running Validation...
Ep 152/500  loss=0.0218  tr_acc=0.9943  val_acc=0.8709  val_auroc=0.9603  val_f1=0.7865  lr=2.88e-05
Running Validation...
Ep 153/500  loss=0.0148  tr_acc=0.9962  val_acc=0.8715  val_auroc=0.9538  val_f1=0.7911  lr=2.87e-05
Running Validation...
Ep 154/500  loss=0.0191  tr_acc=0.9959  val_acc=0.8800  val_auroc=0.9620  val_f1=0.8052  lr=2.87e-05
Running Validation...
Ep 155/500  loss=0.0276  tr_acc=0.9942  val_acc=0.8709  val_auroc=0.9521  val_f1=0.7794  lr=2.86e-05
Running Validation...
Ep 156/500  loss=0.0145  tr_acc=0.9962  val_acc=0.8683  val_auroc=0.9529  val_f1=0.7864  lr=2.86e-05
Running Validation...
Ep 157/500  loss=0.0240  tr_acc=0.9935  val_acc=0.8752  val_auroc=0.9542  val_f1=0.7921  lr=2.85e-05
Running Validation...
Ep 158/500  loss=0.0173  tr_acc=0.9962  val_acc=0.8811  val_auroc=0.9576  val_f1=0.8058  lr=2.85e-05
Running Validation...
Ep 159/500  loss=0.0222  tr_acc=0.9951  val_acc=0.8720  val_auroc=0.9567  val_f1=0.7894  lr=2.84e-05
Running Validation...
Ep 160/500  loss=0.0208  tr_acc=0.9955  val_acc=0.8747  val_auroc=0.9604  val_f1=0.8069  lr=2.84e-05
Running Validation...
Ep 161/500  loss=0.0131  tr_acc=0.9966  val_acc=0.8773  val_auroc=0.9624  val_f1=0.7979  lr=2.83e-05
Running Validation...
Ep 162/500  loss=0.0120  tr_acc=0.9973  val_acc=0.8789  val_auroc=0.9539  val_f1=0.7960  lr=2.83e-05
Running Validation...
Ep 163/500  loss=0.0198  tr_acc=0.9950  val_acc=0.8720  val_auroc=0.9481  val_f1=0.7887  lr=2.82e-05
Running Validation...
Ep 164/500  loss=0.0131  tr_acc=0.9971  val_acc=0.8784  val_auroc=0.9584  val_f1=0.7958  lr=2.81e-05
Running Validation...
Ep 165/500  loss=0.0201  tr_acc=0.9960  val_acc=0.8789  val_auroc=0.9608  val_f1=0.8000  lr=2.81e-05
Running Validation...
Ep 166/500  loss=0.0192  tr_acc=0.9954  val_acc=0.8704  val_auroc=0.9571  val_f1=0.7887  lr=2.80e-05
Running Validation...
Ep 167/500  loss=0.0132  tr_acc=0.9968  val_acc=0.8784  val_auroc=0.9557  val_f1=0.8000  lr=2.80e-05
Running Validation...
Ep 168/500  loss=0.0175  tr_acc=0.9963  val_acc=0.8656  val_auroc=0.9534  val_f1=0.7790  lr=2.79e-05
Running Validation...
Ep 169/500  loss=0.0191  tr_acc=0.9962  val_acc=0.8688  val_auroc=0.9495  val_f1=0.7824  lr=2.79e-05
Running Validation...
Ep 170/500  loss=0.0180  tr_acc=0.9961  val_acc=0.8715  val_auroc=0.9561  val_f1=0.7821  lr=2.78e-05
Running Validation...
Ep 171/500  loss=0.0144  tr_acc=0.9967  val_acc=0.8752  val_auroc=0.9621  val_f1=0.7942  lr=2.77e-05
Running Validation...
Ep 172/500  loss=0.0146  tr_acc=0.9968  val_acc=0.8811  val_auroc=0.9624  val_f1=0.8028  lr=2.77e-05
Running Validation...
Ep 173/500  loss=0.0136  tr_acc=0.9970  val_acc=0.8731  val_auroc=0.9578  val_f1=0.8020  lr=2.76e-05
Running Validation...
Ep 174/500  loss=0.0142  tr_acc=0.9966  val_acc=0.8832  val_auroc=0.9543  val_f1=0.8139  lr=2.75e-05
Running Validation...
Ep 175/500  loss=0.0086  tr_acc=0.9981  val_acc=0.8741  val_auroc=0.9606  val_f1=0.7955  lr=2.75e-05
Running Validation...
Ep 176/500  loss=0.0126  tr_acc=0.9968  val_acc=0.8800  val_auroc=0.9600  val_f1=0.8040  lr=2.74e-05
Running Validation...
Ep 177/500  loss=0.0152  tr_acc=0.9966  val_acc=0.8747  val_auroc=0.9552  val_f1=0.7933  lr=2.73e-05
Running Validation...
Ep 178/500  loss=0.0207  tr_acc=0.9951  val_acc=0.8821  val_auroc=0.9581  val_f1=0.8023  lr=2.73e-05
Running Validation...
Ep 179/500  loss=0.0214  tr_acc=0.9962  val_acc=0.8763  val_auroc=0.9619  val_f1=0.8011  lr=2.72e-05
Running Validation...
Ep 180/500  loss=0.0085  tr_acc=0.9977  val_acc=0.8693  val_auroc=0.9608  val_f1=0.7853  lr=2.71e-05
Running Validation...
Ep 181/500  loss=0.0173  tr_acc=0.9966  val_acc=0.8715  val_auroc=0.9627  val_f1=0.7936  lr=2.71e-05
Running Validation...
Ep 182/500  loss=0.0146  tr_acc=0.9963  val_acc=0.8640  val_auroc=0.9575  val_f1=0.7927  lr=2.70e-05
Running Validation...
Ep 183/500  loss=0.0154  tr_acc=0.9969  val_acc=0.8629  val_auroc=0.9594  val_f1=0.7829  lr=2.69e-05
Running Validation...
Ep 184/500  loss=0.0156  tr_acc=0.9957  val_acc=0.8720  val_auroc=0.9594  val_f1=0.7906  lr=2.69e-05
Running Validation...
Ep 185/500  loss=0.0066  tr_acc=0.9984  val_acc=0.8731  val_auroc=0.9599  val_f1=0.7889  lr=2.68e-05
Running Validation...
Ep 186/500  loss=0.0067  tr_acc=0.9982  val_acc=0.8789  val_auroc=0.9594  val_f1=0.8062  lr=2.67e-05
Running Validation...
Ep 187/500  loss=0.0131  tr_acc=0.9975  val_acc=0.8763  val_auroc=0.9583  val_f1=0.8039  lr=2.66e-05
Running Validation...
Ep 188/500  loss=0.0172  tr_acc=0.9965  val_acc=0.8800  val_auroc=0.9584  val_f1=0.8125  lr=2.66e-05
Running Validation...
Ep 189/500  loss=0.0151  tr_acc=0.9965  val_acc=0.8784  val_auroc=0.9460  val_f1=0.7918  lr=2.65e-05
Running Validation...
Ep 190/500  loss=0.0181  tr_acc=0.9963  val_acc=0.8709  val_auroc=0.9577  val_f1=0.7886  lr=2.64e-05
Running Validation...
Ep 191/500  loss=0.0138  tr_acc=0.9969  val_acc=0.8757  val_auroc=0.9580  val_f1=0.7941  lr=2.63e-05
Running Validation...
Ep 192/500  loss=0.0136  tr_acc=0.9975  val_acc=0.8651  val_auroc=0.9554  val_f1=0.7722  lr=2.63e-05
Running Validation...
Ep 193/500  loss=0.0123  tr_acc=0.9971  val_acc=0.8736  val_auroc=0.9525  val_f1=0.7942  lr=2.62e-05
Running Validation...
Ep 194/500  loss=0.0162  tr_acc=0.9963  val_acc=0.8848  val_auroc=0.9628  val_f1=0.8081  lr=2.61e-05
Running Validation...
Ep 195/500  loss=0.0102  tr_acc=0.9977  val_acc=0.8800  val_auroc=0.9589  val_f1=0.7977  lr=2.60e-05
Running Validation...
Ep 196/500  loss=0.0174  tr_acc=0.9970  val_acc=0.8592  val_auroc=0.9572  val_f1=0.7709  lr=2.59e-05
Running Validation...
Ep 197/500  loss=0.0167  tr_acc=0.9965  val_acc=0.8683  val_auroc=0.9574  val_f1=0.7910  lr=2.59e-05
Running Validation...
Ep 198/500  loss=0.0213  tr_acc=0.9954  val_acc=0.8672  val_auroc=0.9603  val_f1=0.7877  lr=2.58e-05
Running Validation...
Ep 199/500  loss=0.0086  tr_acc=0.9976  val_acc=0.8672  val_auroc=0.9534  val_f1=0.7854  lr=2.57e-05
Running Validation...
Ep 200/500  loss=0.0109  tr_acc=0.9979  val_acc=0.8768  val_auroc=0.9579  val_f1=0.7948  lr=2.56e-05
Running Validation...
Ep 201/500  loss=0.0086  tr_acc=0.9977  val_acc=0.8773  val_auroc=0.9620  val_f1=0.8021  lr=2.55e-05
Running Validation...
Ep 202/500  loss=0.0136  tr_acc=0.9969  val_acc=0.8821  val_auroc=0.9637  val_f1=0.8057  lr=2.54e-05
Running Validation...
Ep 203/500  loss=0.0071  tr_acc=0.9977  val_acc=0.8763  val_auroc=0.9566  val_f1=0.8019  lr=2.54e-05
Running Validation...
Ep 204/500  loss=0.0134  tr_acc=0.9969  val_acc=0.8677  val_auroc=0.9584  val_f1=0.7837  lr=2.53e-05
Running Validation...
Ep 205/500  loss=0.0142  tr_acc=0.9978  val_acc=0.8837  val_auroc=0.9627  val_f1=0.8160  lr=2.52e-05
Running Validation...
Ep 206/500  loss=0.0079  tr_acc=0.9981  val_acc=0.8896  val_auroc=0.9611  val_f1=0.8197  lr=2.51e-05
Running Validation...
Ep 207/500  loss=0.0123  tr_acc=0.9971  val_acc=0.8800  val_auroc=0.9589  val_f1=0.8062  lr=2.50e-05
Running Validation...
Ep 208/500  loss=0.0109  tr_acc=0.9977  val_acc=0.8763  val_auroc=0.9571  val_f1=0.7992  lr=2.49e-05
Running Validation...
Ep 209/500  loss=0.0094  tr_acc=0.9983  val_acc=0.8789  val_auroc=0.9584  val_f1=0.8095  lr=2.48e-05
Running Validation...
Ep 210/500  loss=0.0135  tr_acc=0.9977  val_acc=0.8784  val_auroc=0.9584  val_f1=0.8061  lr=2.47e-05
Running Validation...
Ep 211/500  loss=0.0106  tr_acc=0.9975  val_acc=0.8827  val_auroc=0.9568  val_f1=0.8134  lr=2.47e-05
Running Validation...
Ep 212/500  loss=0.0059  tr_acc=0.9987  val_acc=0.8757  val_auroc=0.9567  val_f1=0.7986  lr=2.46e-05
Running Validation...
Ep 213/500  loss=0.0131  tr_acc=0.9968  val_acc=0.8757  val_auroc=0.9561  val_f1=0.7996  lr=2.45e-05
Running Validation...
Ep 214/500  loss=0.0046  tr_acc=0.9991  val_acc=0.8720  val_auroc=0.9586  val_f1=0.7947  lr=2.44e-05
Running Validation...
Ep 215/500  loss=0.0051  tr_acc=0.9989  val_acc=0.8757  val_auroc=0.9637  val_f1=0.8010  lr=2.43e-05
Running Validation...
Ep 216/500  loss=0.0090  tr_acc=0.9984  val_acc=0.8613  val_auroc=0.9661  val_f1=0.7876  lr=2.42e-05
Running Validation...
Ep 217/500  loss=0.0110  tr_acc=0.9975  val_acc=0.8656  val_auroc=0.9605  val_f1=0.7918  lr=2.41e-05
Running Validation...
Ep 218/500  loss=0.0108  tr_acc=0.9975  val_acc=0.8757  val_auroc=0.9542  val_f1=0.8029  lr=2.40e-05
Running Validation...
Ep 219/500  loss=0.0128  tr_acc=0.9977  val_acc=0.8709  val_auroc=0.9618  val_f1=0.7970  lr=2.39e-05
Running Validation...
Ep 220/500  loss=0.0159  tr_acc=0.9969  val_acc=0.8747  val_auroc=0.9597  val_f1=0.7965  lr=2.38e-05
Running Validation...
Ep 221/500  loss=0.0094  tr_acc=0.9979  val_acc=0.8768  val_auroc=0.9606  val_f1=0.7962  lr=2.37e-05
Running Validation...
Ep 222/500  loss=0.0084  tr_acc=0.9982  val_acc=0.8821  val_auroc=0.9602  val_f1=0.8051  lr=2.36e-05
Running Validation...
Ep 223/500  loss=0.0055  tr_acc=0.9989  val_acc=0.8763  val_auroc=0.9590  val_f1=0.7884  lr=2.35e-05
Running Validation...
Ep 224/500  loss=0.0115  tr_acc=0.9975  val_acc=0.8773  val_auroc=0.9629  val_f1=0.7990  lr=2.34e-05
Running Validation...
Ep 225/500  loss=0.0033  tr_acc=0.9992  val_acc=0.8789  val_auroc=0.9599  val_f1=0.8035  lr=2.33e-05
Running Validation...
Ep 226/500  loss=0.0091  tr_acc=0.9979  val_acc=0.8715  val_auroc=0.9589  val_f1=0.8048  lr=2.32e-05
Running Validation...
Ep 227/500  loss=0.0089  tr_acc=0.9979  val_acc=0.8784  val_auroc=0.9595  val_f1=0.8083  lr=2.31e-05
Running Validation...
Ep 228/500  loss=0.0055  tr_acc=0.9989  val_acc=0.8741  val_auroc=0.9516  val_f1=0.7884  lr=2.30e-05
Running Validation...
Ep 229/500  loss=0.0086  tr_acc=0.9982  val_acc=0.8549  val_auroc=0.9533  val_f1=0.7705  lr=2.29e-05
Running Validation...
Ep 230/500  loss=0.0059  tr_acc=0.9986  val_acc=0.8800  val_auroc=0.9562  val_f1=0.8013  lr=2.28e-05
Running Validation...
Ep 231/500  loss=0.0092  tr_acc=0.9977  val_acc=0.8795  val_auroc=0.9614  val_f1=0.7990  lr=2.27e-05
Running Validation...
Ep 232/500  loss=0.0083  tr_acc=0.9979  val_acc=0.8715  val_auroc=0.9604  val_f1=0.7923  lr=2.26e-05
Running Validation...
Ep 233/500  loss=0.0044  tr_acc=0.9989  val_acc=0.8667  val_auroc=0.9622  val_f1=0.7882  lr=2.25e-05
Running Validation...
Ep 234/500  loss=0.0021  tr_acc=0.9993  val_acc=0.8629  val_auroc=0.9646  val_f1=0.7890  lr=2.24e-05
Running Validation...
Ep 235/500  loss=0.0043  tr_acc=0.9991  val_acc=0.8768  val_auroc=0.9595  val_f1=0.7926  lr=2.23e-05
Running Validation...
Ep 236/500  loss=0.0123  tr_acc=0.9976  val_acc=0.8837  val_auroc=0.9561  val_f1=0.8092  lr=2.22e-05
Running Validation...
Ep 237/500  loss=0.0178  tr_acc=0.9969  val_acc=0.8779  val_auroc=0.9600  val_f1=0.8064  lr=2.21e-05
Running Validation...
Ep 238/500  loss=0.0091  tr_acc=0.9985  val_acc=0.8725  val_auroc=0.9509  val_f1=0.7824  lr=2.20e-05
Running Validation...
Ep 239/500  loss=0.0061  tr_acc=0.9989  val_acc=0.8741  val_auroc=0.9588  val_f1=0.7957  lr=2.19e-05
Running Validation...
Ep 240/500  loss=0.0124  tr_acc=0.9974  val_acc=0.8699  val_auroc=0.9566  val_f1=0.7837  lr=2.18e-05
Running Validation...
Ep 241/500  loss=0.0055  tr_acc=0.9989  val_acc=0.8645  val_auroc=0.9552  val_f1=0.7831  lr=2.17e-05
Running Validation...
Ep 242/500  loss=0.0053  tr_acc=0.9985  val_acc=0.8757  val_auroc=0.9583  val_f1=0.7948  lr=2.16e-05
Running Validation...
Ep 243/500  loss=0.0069  tr_acc=0.9984  val_acc=0.8784  val_auroc=0.9565  val_f1=0.8049  lr=2.15e-05
Running Validation...
Ep 244/500  loss=0.0055  tr_acc=0.9985  val_acc=0.8715  val_auroc=0.9576  val_f1=0.7948  lr=2.14e-05
Running Validation...
Ep 245/500  loss=0.0057  tr_acc=0.9989  val_acc=0.8672  val_auroc=0.9599  val_f1=0.7815  lr=2.13e-05
Running Validation...
Ep 246/500  loss=0.0101  tr_acc=0.9976  val_acc=0.8704  val_auroc=0.9566  val_f1=0.7828  lr=2.12e-05
Running Validation...
Ep 247/500  loss=0.0085  tr_acc=0.9984  val_acc=0.8704  val_auroc=0.9555  val_f1=0.7934  lr=2.11e-05
Running Validation...
Ep 248/500  loss=0.0042  tr_acc=0.9990  val_acc=0.8757  val_auroc=0.9485  val_f1=0.7987  lr=2.10e-05
Running Validation...
Ep 249/500  loss=0.0086  tr_acc=0.9984  val_acc=0.8747  val_auroc=0.9488  val_f1=0.7910  lr=2.08e-05
Running Validation...
Ep 250/500  loss=0.0059  tr_acc=0.9986  val_acc=0.8779  val_auroc=0.9597  val_f1=0.7993  lr=2.07e-05
Running Validation...
Ep 251/500  loss=0.0066  tr_acc=0.9984  val_acc=0.8731  val_auroc=0.9532  val_f1=0.7861  lr=2.06e-05
Running Validation...
Ep 252/500  loss=0.0040  tr_acc=0.9987  val_acc=0.8741  val_auroc=0.9575  val_f1=0.7915  lr=2.05e-05
Running Validation...
Ep 253/500  loss=0.0068  tr_acc=0.9984  val_acc=0.8725  val_auroc=0.9530  val_f1=0.7976  lr=2.04e-05
Running Validation...
Ep 254/500  loss=0.0052  tr_acc=0.9991  val_acc=0.8752  val_auroc=0.9548  val_f1=0.8034  lr=2.03e-05
Running Validation...
Ep 255/500  loss=0.0089  tr_acc=0.9983  val_acc=0.8715  val_auroc=0.9582  val_f1=0.7894  lr=2.02e-05
Running Validation...
Ep 256/500  loss=0.0034  tr_acc=0.9993  val_acc=0.8747  val_auroc=0.9623  val_f1=0.7961  lr=2.01e-05
Running Validation...
Ep 257/500  loss=0.0031  tr_acc=0.9993  val_acc=0.8720  val_auroc=0.9494  val_f1=0.7924  lr=2.00e-05
Running Validation...
Ep 258/500  loss=0.0117  tr_acc=0.9981  val_acc=0.8741  val_auroc=0.9585  val_f1=0.7893  lr=1.99e-05
Running Validation...
Ep 259/500  loss=0.0080  tr_acc=0.9982  val_acc=0.8715  val_auroc=0.9442  val_f1=0.7913  lr=1.97e-05
Running Validation...
Ep 260/500  loss=0.0055  tr_acc=0.9987  val_acc=0.8811  val_auroc=0.9560  val_f1=0.8103  lr=1.96e-05
Running Validation...
Ep 261/500  loss=0.0059  tr_acc=0.9990  val_acc=0.8816  val_auroc=0.9612  val_f1=0.7991  lr=1.95e-05
Running Validation...
Ep 262/500  loss=0.0065  tr_acc=0.9990  val_acc=0.8901  val_auroc=0.9637  val_f1=0.8157  lr=1.94e-05
Running Validation...
Ep 263/500  loss=0.0037  tr_acc=0.9991  val_acc=0.8885  val_auroc=0.9620  val_f1=0.8171  lr=1.93e-05
Running Validation...
Ep 264/500  loss=0.0055  tr_acc=0.9989  val_acc=0.8821  val_auroc=0.9666  val_f1=0.8046  lr=1.92e-05
Running Validation...
Ep 265/500  loss=0.0060  tr_acc=0.9982  val_acc=0.8763  val_auroc=0.9671  val_f1=0.8064  lr=1.91e-05
Running Validation...
Ep 266/500  loss=0.0085  tr_acc=0.9985  val_acc=0.8827  val_auroc=0.9638  val_f1=0.8106  lr=1.90e-05
Running Validation...
Ep 267/500  loss=0.0080  tr_acc=0.9984  val_acc=0.8827  val_auroc=0.9632  val_f1=0.8124  lr=1.88e-05
Running Validation...
Ep 268/500  loss=0.0044  tr_acc=0.9990  val_acc=0.8811  val_auroc=0.9592  val_f1=0.8083  lr=1.87e-05
Running Validation...
Ep 269/500  loss=0.0061  tr_acc=0.9989  val_acc=0.8725  val_auroc=0.9612  val_f1=0.8001  lr=1.86e-05
Running Validation...
Ep 270/500  loss=0.0064  tr_acc=0.9984  val_acc=0.8789  val_auroc=0.9522  val_f1=0.7986  lr=1.85e-05
Running Validation...
Ep 271/500  loss=0.0050  tr_acc=0.9993  val_acc=0.8827  val_auroc=0.9566  val_f1=0.8059  lr=1.84e-05
Running Validation...
Ep 272/500  loss=0.0056  tr_acc=0.9989  val_acc=0.8832  val_auroc=0.9618  val_f1=0.8070  lr=1.83e-05
Running Validation...
Ep 273/500  loss=0.0071  tr_acc=0.9989  val_acc=0.8763  val_auroc=0.9591  val_f1=0.7948  lr=1.82e-05
Running Validation...
Ep 274/500  loss=0.0124  tr_acc=0.9978  val_acc=0.8800  val_auroc=0.9632  val_f1=0.8041  lr=1.80e-05
Running Validation...
Ep 275/500  loss=0.0042  tr_acc=0.9991  val_acc=0.8789  val_auroc=0.9611  val_f1=0.8037  lr=1.79e-05
Running Validation...
Ep 276/500  loss=0.0043  tr_acc=0.9989  val_acc=0.8773  val_auroc=0.9583  val_f1=0.8004  lr=1.78e-05
Running Validation...
Ep 277/500  loss=0.0096  tr_acc=0.9984  val_acc=0.8752  val_auroc=0.9568  val_f1=0.7985  lr=1.77e-05
Running Validation...
Ep 278/500  loss=0.0033  tr_acc=0.9993  val_acc=0.8805  val_auroc=0.9614  val_f1=0.7975  lr=1.76e-05
Running Validation...
Ep 279/500  loss=0.0023  tr_acc=0.9998  val_acc=0.8800  val_auroc=0.9617  val_f1=0.8073  lr=1.75e-05
Running Validation...
Ep 280/500  loss=0.0020  tr_acc=0.9994  val_acc=0.8848  val_auroc=0.9619  val_f1=0.8065  lr=1.73e-05
Running Validation...
Ep 281/500  loss=0.0024  tr_acc=0.9995  val_acc=0.8848  val_auroc=0.9600  val_f1=0.8081  lr=1.72e-05
Running Validation...
Ep 282/500  loss=0.0026  tr_acc=0.9994  val_acc=0.8795  val_auroc=0.9599  val_f1=0.8021  lr=1.71e-05
Running Validation...
Ep 283/500  loss=0.0041  tr_acc=0.9991  val_acc=0.8816  val_auroc=0.9613  val_f1=0.8058  lr=1.70e-05
Running Validation...
Ep 284/500  loss=0.0030  tr_acc=0.9992  val_acc=0.8779  val_auroc=0.9561  val_f1=0.8031  lr=1.69e-05
Running Validation...
Ep 285/500  loss=0.0002  tr_acc=1.0000  val_acc=0.8832  val_auroc=0.9633  val_f1=0.8151  lr=1.68e-05
Running Validation...
Ep 286/500  loss=0.0019  tr_acc=0.9995  val_acc=0.8773  val_auroc=0.9566  val_f1=0.7993  lr=1.66e-05
Running Validation...
Ep 287/500  loss=0.0044  tr_acc=0.9991  val_acc=0.8859  val_auroc=0.9577  val_f1=0.8191  lr=1.65e-05
Running Validation...
Ep 288/500  loss=0.0063  tr_acc=0.9989  val_acc=0.8869  val_auroc=0.9598  val_f1=0.8148  lr=1.64e-05
Running Validation...
Ep 289/500  loss=0.0075  tr_acc=0.9982  val_acc=0.8912  val_auroc=0.9548  val_f1=0.8210  lr=1.63e-05
Running Validation...
Ep 290/500  loss=0.0020  tr_acc=0.9993  val_acc=0.8848  val_auroc=0.9554  val_f1=0.8173  lr=1.62e-05
Running Validation...
Ep 291/500  loss=0.0053  tr_acc=0.9989  val_acc=0.8784  val_auroc=0.9533  val_f1=0.8021  lr=1.61e-05
Running Validation...
Ep 292/500  loss=0.0074  tr_acc=0.9986  val_acc=0.8795  val_auroc=0.9529  val_f1=0.8065  lr=1.59e-05
Running Validation...
Ep 293/500  loss=0.0027  tr_acc=0.9994  val_acc=0.8827  val_auroc=0.9565  val_f1=0.8034  lr=1.58e-05
Running Validation...
Ep 294/500  loss=0.0013  tr_acc=0.9997  val_acc=0.8789  val_auroc=0.9515  val_f1=0.7984  lr=1.57e-05
Running Validation...
Ep 295/500  loss=0.0060  tr_acc=0.9989  val_acc=0.8795  val_auroc=0.9544  val_f1=0.8149  lr=1.56e-05
Running Validation...
Ep 296/500  loss=0.0023  tr_acc=0.9997  val_acc=0.8827  val_auroc=0.9527  val_f1=0.8089  lr=1.55e-05
Running Validation...
Ep 297/500  loss=0.0030  tr_acc=0.9993  val_acc=0.8859  val_auroc=0.9553  val_f1=0.8095  lr=1.54e-05
Running Validation...
Ep 298/500  loss=0.0027  tr_acc=0.9994  val_acc=0.8843  val_auroc=0.9562  val_f1=0.8077  lr=1.52e-05
Running Validation...
Ep 299/500  loss=0.0048  tr_acc=0.9991  val_acc=0.8827  val_auroc=0.9577  val_f1=0.8051  lr=1.51e-05
Running Validation...
Ep 300/500  loss=0.0048  tr_acc=0.9990  val_acc=0.8763  val_auroc=0.9582  val_f1=0.7983  lr=1.50e-05
Running Validation...
Ep 301/500  loss=0.0060  tr_acc=0.9991  val_acc=0.8789  val_auroc=0.9611  val_f1=0.8019  lr=1.49e-05
Running Validation...
Ep 302/500  loss=0.0059  tr_acc=0.9989  val_acc=0.8784  val_auroc=0.9531  val_f1=0.7984  lr=1.48e-05
Running Validation...
Ep 303/500  loss=0.0045  tr_acc=0.9992  val_acc=0.8795  val_auroc=0.9573  val_f1=0.8040  lr=1.46e-05
Running Validation...
Ep 304/500  loss=0.0022  tr_acc=0.9993  val_acc=0.8747  val_auroc=0.9571  val_f1=0.7972  lr=1.45e-05
Running Validation...
Ep 305/500  loss=0.0028  tr_acc=0.9992  val_acc=0.8800  val_auroc=0.9595  val_f1=0.8018  lr=1.44e-05
Running Validation...
Ep 306/500  loss=0.0058  tr_acc=0.9987  val_acc=0.8859  val_auroc=0.9624  val_f1=0.8135  lr=1.43e-05
Running Validation...
Ep 307/500  loss=0.0033  tr_acc=0.9991  val_acc=0.8869  val_auroc=0.9583  val_f1=0.8126  lr=1.42e-05
Running Validation...
Ep 308/500  loss=0.0020  tr_acc=0.9994  val_acc=0.8795  val_auroc=0.9580  val_f1=0.8098  lr=1.41e-05
Running Validation...
Ep 309/500  loss=0.0027  tr_acc=0.9994  val_acc=0.8816  val_auroc=0.9559  val_f1=0.8041  lr=1.39e-05
Running Validation...
Ep 310/500  loss=0.0012  tr_acc=0.9998  val_acc=0.8805  val_auroc=0.9576  val_f1=0.8030  lr=1.38e-05
Running Validation...
Ep 311/500  loss=0.0019  tr_acc=0.9995  val_acc=0.8832  val_auroc=0.9564  val_f1=0.8086  lr=1.37e-05
Running Validation...
Ep 312/500  loss=0.0023  tr_acc=0.9995  val_acc=0.8789  val_auroc=0.9608  val_f1=0.7978  lr=1.36e-05
Running Validation...
Ep 313/500  loss=0.0032  tr_acc=0.9995  val_acc=0.8795  val_auroc=0.9613  val_f1=0.8038  lr=1.35e-05
Running Validation...
Ep 314/500  loss=0.0029  tr_acc=0.9997  val_acc=0.8848  val_auroc=0.9591  val_f1=0.8163  lr=1.34e-05
Running Validation...
Ep 315/500  loss=0.0011  tr_acc=0.9998  val_acc=0.8789  val_auroc=0.9624  val_f1=0.8035  lr=1.32e-05
Running Validation...
Ep 316/500  loss=0.0039  tr_acc=0.9995  val_acc=0.8779  val_auroc=0.9594  val_f1=0.8007  lr=1.31e-05
Running Validation...
Ep 317/500  loss=0.0024  tr_acc=0.9992  val_acc=0.8869  val_auroc=0.9627  val_f1=0.8096  lr=1.30e-05
Running Validation...
Ep 318/500  loss=0.0028  tr_acc=0.9997  val_acc=0.8789  val_auroc=0.9613  val_f1=0.8047  lr=1.29e-05
Running Validation...
Ep 319/500  loss=0.0090  tr_acc=0.9990  val_acc=0.8832  val_auroc=0.9573  val_f1=0.7985  lr=1.28e-05
Running Validation...
Ep 320/500  loss=0.0029  tr_acc=0.9995  val_acc=0.8827  val_auroc=0.9548  val_f1=0.8083  lr=1.27e-05
Running Validation...
Ep 321/500  loss=0.0013  tr_acc=0.9997  val_acc=0.8816  val_auroc=0.9593  val_f1=0.8087  lr=1.25e-05
Running Validation...
Ep 322/500  loss=0.0060  tr_acc=0.9991  val_acc=0.8795  val_auroc=0.9570  val_f1=0.7969  lr=1.24e-05
Running Validation...
Ep 323/500  loss=0.0018  tr_acc=0.9997  val_acc=0.8880  val_auroc=0.9548  val_f1=0.8178  lr=1.23e-05
Running Validation...
Ep 324/500  loss=0.0030  tr_acc=0.9993  val_acc=0.8816  val_auroc=0.9569  val_f1=0.8046  lr=1.22e-05
Running Validation...
Ep 325/500  loss=0.0043  tr_acc=0.9989  val_acc=0.8816  val_auroc=0.9519  val_f1=0.7997  lr=1.21e-05
Running Validation...
Ep 326/500  loss=0.0035  tr_acc=0.9995  val_acc=0.8795  val_auroc=0.9580  val_f1=0.8020  lr=1.20e-05
Running Validation...
Ep 327/500  loss=0.0025  tr_acc=0.9995  val_acc=0.8848  val_auroc=0.9539  val_f1=0.8083  lr=1.18e-05
Running Validation...
Ep 328/500  loss=0.0008  tr_acc=0.9998  val_acc=0.8779  val_auroc=0.9528  val_f1=0.7998  lr=1.17e-05
Running Validation...
Ep 329/500  loss=0.0026  tr_acc=0.9994  val_acc=0.8731  val_auroc=0.9528  val_f1=0.7909  lr=1.16e-05
Running Validation...
Ep 330/500  loss=0.0010  tr_acc=0.9998  val_acc=0.8811  val_auroc=0.9549  val_f1=0.8029  lr=1.15e-05
Running Validation...
Ep 331/500  loss=0.0002  tr_acc=0.9999  val_acc=0.8827  val_auroc=0.9550  val_f1=0.8047  lr=1.14e-05
Running Validation...
Ep 332/500  loss=0.0019  tr_acc=0.9994  val_acc=0.8805  val_auroc=0.9480  val_f1=0.7993  lr=1.13e-05
Running Validation...
Ep 333/500  loss=0.0023  tr_acc=0.9995  val_acc=0.8869  val_auroc=0.9484  val_f1=0.8132  lr=1.12e-05
Running Validation...
Ep 334/500  loss=0.0019  tr_acc=0.9998  val_acc=0.8757  val_auroc=0.9455  val_f1=0.7959  lr=1.10e-05
Running Validation...
Ep 335/500  loss=0.0039  tr_acc=0.9991  val_acc=0.8837  val_auroc=0.9480  val_f1=0.8093  lr=1.09e-05
Running Validation...
Ep 336/500  loss=0.0018  tr_acc=0.9993  val_acc=0.8827  val_auroc=0.9520  val_f1=0.8055  lr=1.08e-05
Running Validation...
Ep 337/500  loss=0.0025  tr_acc=0.9990  val_acc=0.8784  val_auroc=0.9539  val_f1=0.7997  lr=1.07e-05
Running Validation...
Ep 338/500  loss=0.0034  tr_acc=0.9993  val_acc=0.8837  val_auroc=0.9548  val_f1=0.8063  lr=1.06e-05
Running Validation...
Ep 339/500  loss=0.0007  tr_acc=0.9998  val_acc=0.8821  val_auroc=0.9528  val_f1=0.8046  lr=1.05e-05
Running Validation...
Ep 340/500  loss=0.0005  tr_acc=0.9999  val_acc=0.8821  val_auroc=0.9574  val_f1=0.8067  lr=1.04e-05
Running Validation...
Ep 341/500  loss=0.0001  tr_acc=1.0000  val_acc=0.8864  val_auroc=0.9594  val_f1=0.8159  lr=1.03e-05
Running Validation...
Ep 342/500  loss=0.0014  tr_acc=0.9997  val_acc=0.8827  val_auroc=0.9577  val_f1=0.8028  lr=1.01e-05
Running Validation...
Ep 343/500  loss=0.0025  tr_acc=0.9994  val_acc=0.8837  val_auroc=0.9603  val_f1=0.8053  lr=1.00e-05
Running Validation...
Ep 344/500  loss=0.0014  tr_acc=0.9997  val_acc=0.8827  val_auroc=0.9570  val_f1=0.8104  lr=9.92e-06
Running Validation...
Ep 345/500  loss=0.0015  tr_acc=0.9994  val_acc=0.8779  val_auroc=0.9534  val_f1=0.7949  lr=9.81e-06
Running Validation...
Ep 346/500  loss=0.0008  tr_acc=0.9997  val_acc=0.8832  val_auroc=0.9597  val_f1=0.8105  lr=9.70e-06
Running Validation...
Ep 347/500  loss=0.0002  tr_acc=0.9999  val_acc=0.8859  val_auroc=0.9562  val_f1=0.8089  lr=9.59e-06
Running Validation...
Ep 348/500  loss=0.0006  tr_acc=0.9998  val_acc=0.8827  val_auroc=0.9575  val_f1=0.8051  lr=9.48e-06
Running Validation...
Ep 349/500  loss=0.0029  tr_acc=0.9994  val_acc=0.8789  val_auroc=0.9557  val_f1=0.8048  lr=9.37e-06
Running Validation...
Ep 350/500  loss=0.0017  tr_acc=0.9997  val_acc=0.8773  val_auroc=0.9580  val_f1=0.8018  lr=9.26e-06
Running Validation...
Ep 351/500  loss=0.0021  tr_acc=0.9997  val_acc=0.8832  val_auroc=0.9605  val_f1=0.8108  lr=9.15e-06
Running Validation...
Ep 352/500  loss=0.0001  tr_acc=0.9999  val_acc=0.8832  val_auroc=0.9585  val_f1=0.8097  lr=9.04e-06
Running Validation...
Ep 353/500  loss=0.0001  tr_acc=0.9999  val_acc=0.8805  val_auroc=0.9574  val_f1=0.8017  lr=8.93e-06
Running Validation...
Ep 354/500  loss=0.0008  tr_acc=0.9994  val_acc=0.8784  val_auroc=0.9556  val_f1=0.8003  lr=8.83e-06
Running Validation...
Ep 355/500  loss=0.0012  tr_acc=0.9999  val_acc=0.8832  val_auroc=0.9565  val_f1=0.8026  lr=8.72e-06
Running Validation...
Ep 356/500  loss=0.0010  tr_acc=0.9995  val_acc=0.8773  val_auroc=0.9569  val_f1=0.7977  lr=8.61e-06
Running Validation...
Ep 357/500  loss=0.0021  tr_acc=0.9998  val_acc=0.8688  val_auroc=0.9608  val_f1=0.7857  lr=8.51e-06
Running Validation...
Ep 358/500  loss=0.0003  tr_acc=0.9999  val_acc=0.8816  val_auroc=0.9603  val_f1=0.8066  lr=8.40e-06
Running Validation...
Ep 359/500  loss=0.0014  tr_acc=0.9998  val_acc=0.8848  val_auroc=0.9590  val_f1=0.8103  lr=8.30e-06
Running Validation...
Ep 360/500  loss=0.0020  tr_acc=0.9999  val_acc=0.8837  val_auroc=0.9582  val_f1=0.8099  lr=8.19e-06
Running Validation...
Ep 361/500  loss=0.0000  tr_acc=1.0000  val_acc=0.8869  val_auroc=0.9590  val_f1=0.8159  lr=8.09e-06
Running Validation...
Ep 362/500  loss=0.0011  tr_acc=0.9997  val_acc=0.8757  val_auroc=0.9579  val_f1=0.8040  lr=7.98e-06
Running Validation...
Ep 363/500  loss=0.0009  tr_acc=0.9998  val_acc=0.8789  val_auroc=0.9566  val_f1=0.8020  lr=7.88e-06
Running Validation...
Ep 364/500  loss=0.0004  tr_acc=0.9998  val_acc=0.8752  val_auroc=0.9578  val_f1=0.7926  lr=7.77e-06
Running Validation...
Ep 365/500  loss=0.0028  tr_acc=0.9995  val_acc=0.8816  val_auroc=0.9542  val_f1=0.8112  lr=7.67e-06
Running Validation...
Ep 366/500  loss=0.0017  tr_acc=0.9995  val_acc=0.8811  val_auroc=0.9558  val_f1=0.8116  lr=7.57e-06
Running Validation...
Ep 367/500  loss=0.0000  tr_acc=1.0000  val_acc=0.8848  val_auroc=0.9575  val_f1=0.8109  lr=7.47e-06
Running Validation...
Ep 368/500  loss=0.0008  tr_acc=0.9998  val_acc=0.8827  val_auroc=0.9590  val_f1=0.8087  lr=7.36e-06
Running Validation...
Ep 369/500  loss=0.0010  tr_acc=0.9999  val_acc=0.8837  val_auroc=0.9551  val_f1=0.8061  lr=7.26e-06
Running Validation...
Ep 370/500  loss=0.0017  tr_acc=0.9997  val_acc=0.8827  val_auroc=0.9590  val_f1=0.8056  lr=7.16e-06
Running Validation...
Ep 371/500  loss=0.0001  tr_acc=0.9999  val_acc=0.8885  val_auroc=0.9615  val_f1=0.8147  lr=7.06e-06
Running Validation...
Ep 372/500  loss=0.0021  tr_acc=0.9998  val_acc=0.8816  val_auroc=0.9596  val_f1=0.8061  lr=6.96e-06
Running Validation...
Ep 373/500  loss=0.0003  tr_acc=0.9999  val_acc=0.8853  val_auroc=0.9610  val_f1=0.8116  lr=6.86e-06
Running Validation...
Ep 374/500  loss=0.0003  tr_acc=0.9998  val_acc=0.8816  val_auroc=0.9570  val_f1=0.8073  lr=6.76e-06
Running Validation...
Ep 375/500  loss=0.0003  tr_acc=0.9999  val_acc=0.8853  val_auroc=0.9605  val_f1=0.8125  lr=6.67e-06
Running Validation...
Ep 376/500  loss=0.0007  tr_acc=0.9998  val_acc=0.8853  val_auroc=0.9606  val_f1=0.8128  lr=6.57e-06
Running Validation...
Ep 377/500  loss=0.0000  tr_acc=1.0000  val_acc=0.8821  val_auroc=0.9604  val_f1=0.8042  lr=6.47e-06
Running Validation...
Ep 378/500  loss=0.0010  tr_acc=0.9998  val_acc=0.8848  val_auroc=0.9597  val_f1=0.8092  lr=6.37e-06
Running Validation...
Ep 379/500  loss=0.0005  tr_acc=0.9998  val_acc=0.8805  val_auroc=0.9586  val_f1=0.7998  lr=6.28e-06
Running Validation...
Ep 380/500  loss=0.0023  tr_acc=0.9997  val_acc=0.8864  val_auroc=0.9605  val_f1=0.8098  lr=6.18e-06
Running Validation...
Ep 381/500  loss=0.0003  tr_acc=0.9999  val_acc=0.8859  val_auroc=0.9607  val_f1=0.8081  lr=6.09e-06
Running Validation...
Ep 382/500  loss=0.0008  tr_acc=0.9998  val_acc=0.8848  val_auroc=0.9598  val_f1=0.8087  lr=5.99e-06
Running Validation...
Ep 383/500  loss=0.0009  tr_acc=0.9999  val_acc=0.8843  val_auroc=0.9591  val_f1=0.8087  lr=5.90e-06
Running Validation...
Ep 384/500  loss=0.0002  tr_acc=1.0000  val_acc=0.8869  val_auroc=0.9588  val_f1=0.8156  lr=5.81e-06
Running Validation...
Ep 385/500  loss=0.0001  tr_acc=1.0000  val_acc=0.8843  val_auroc=0.9563  val_f1=0.8032  lr=5.71e-06
Running Validation...
Ep 386/500  loss=0.0013  tr_acc=0.9997  val_acc=0.8848  val_auroc=0.9558  val_f1=0.8060  lr=5.62e-06
Running Validation...
Ep 387/500  loss=0.0000  tr_acc=1.0000  val_acc=0.8912  val_auroc=0.9537  val_f1=0.8157  lr=5.53e-06
Running Validation...
Ep 388/500  loss=0.0013  tr_acc=0.9998  val_acc=0.8912  val_auroc=0.9593  val_f1=0.8174  lr=5.44e-06
Running Validation...
Ep 389/500  loss=0.0007  tr_acc=0.9998  val_acc=0.8901  val_auroc=0.9611  val_f1=0.8186  lr=5.35e-06
Running Validation...
Ep 390/500  loss=0.0016  tr_acc=0.9995  val_acc=0.8928  val_auroc=0.9599  val_f1=0.8200  lr=5.26e-06
Running Validation...
Ep 391/500  loss=0.0010  tr_acc=0.9997  val_acc=0.8880  val_auroc=0.9582  val_f1=0.8115  lr=5.17e-06
Running Validation...
Ep 392/500  loss=0.0001  tr_acc=1.0000  val_acc=0.8912  val_auroc=0.9601  val_f1=0.8154  lr=5.08e-06
Running Validation...
Ep 393/500  loss=0.0008  tr_acc=0.9999  val_acc=0.8848  val_auroc=0.9588  val_f1=0.8045  lr=4.99e-06
Running Validation...
Ep 394/500  loss=0.0003  tr_acc=0.9999  val_acc=0.8875  val_auroc=0.9578  val_f1=0.8081  lr=4.90e-06
Running Validation...
Ep 395/500  loss=0.0016  tr_acc=0.9997  val_acc=0.8880  val_auroc=0.9577  val_f1=0.8096  lr=4.82e-06
Running Validation...
Ep 396/500  loss=0.0000  tr_acc=1.0000  val_acc=0.8880  val_auroc=0.9591  val_f1=0.8090  lr=4.73e-06
Running Validation...
Ep 397/500  loss=0.0002  tr_acc=0.9999  val_acc=0.8896  val_auroc=0.9619  val_f1=0.8117  lr=4.65e-06
Running Validation...
Ep 398/500  loss=0.0021  tr_acc=0.9997  val_acc=0.8896  val_auroc=0.9622  val_f1=0.8125  lr=4.56e-06
Running Validation...
Ep 399/500  loss=0.0000  tr_acc=1.0000  val_acc=0.8869  val_auroc=0.9610  val_f1=0.8057  lr=4.48e-06
Running Validation...
Ep 400/500  loss=0.0002  tr_acc=0.9999  val_acc=0.8917  val_auroc=0.9602  val_f1=0.8110  lr=4.39e-06
Running Validation...
Ep 401/500  loss=0.0000  tr_acc=1.0000  val_acc=0.8933  val_auroc=0.9597  val_f1=0.8156  lr=4.31e-06
Running Validation...
Ep 402/500  loss=0.0001  tr_acc=1.0000  val_acc=0.8912  val_auroc=0.9610  val_f1=0.8152  lr=4.23e-06
Running Validation...
Ep 403/500  loss=0.0018  tr_acc=0.9998  val_acc=0.8869  val_auroc=0.9611  val_f1=0.8120  lr=4.15e-06
Running Validation...
Ep 404/500  loss=0.0000  tr_acc=1.0000  val_acc=0.8843  val_auroc=0.9602  val_f1=0.8042  lr=4.07e-06
Running Validation...
Ep 405/500  loss=0.0000  tr_acc=1.0000  val_acc=0.8901  val_auroc=0.9602  val_f1=0.8151  lr=3.99e-06
Running Validation...
Ep 406/500  loss=0.0000  tr_acc=1.0000  val_acc=0.8859  val_auroc=0.9605  val_f1=0.8104  lr=3.91e-06
Running Validation...
Ep 407/500  loss=0.0002  tr_acc=1.0000  val_acc=0.8901  val_auroc=0.9583  val_f1=0.8139  lr=3.83e-06
Running Validation...
Ep 408/500  loss=0.0000  tr_acc=1.0000  val_acc=0.8891  val_auroc=0.9599  val_f1=0.8099  lr=3.75e-06
Running Validation...
Ep 409/500  loss=0.0010  tr_acc=0.9999  val_acc=0.8896  val_auroc=0.9590  val_f1=0.8104  lr=3.67e-06
Running Validation...
Ep 410/500  loss=0.0000  tr_acc=1.0000  val_acc=0.8907  val_auroc=0.9585  val_f1=0.8115  lr=3.59e-06
Running Validation...
Ep 411/500  loss=0.0005  tr_acc=0.9998  val_acc=0.8885  val_auroc=0.9592  val_f1=0.8054  lr=3.52e-06
Running Validation...
Ep 412/500  loss=0.0000  tr_acc=1.0000  val_acc=0.8880  val_auroc=0.9593  val_f1=0.8052  lr=3.44e-06
Running Validation...
Ep 413/500  loss=0.0005  tr_acc=0.9999  val_acc=0.8896  val_auroc=0.9592  val_f1=0.8103  lr=3.37e-06
Running Validation...
Ep 414/500  loss=0.0001  tr_acc=0.9999  val_acc=0.8944  val_auroc=0.9594  val_f1=0.8168  lr=3.29e-06
Running Validation...
Ep 415/500  loss=0.0000  tr_acc=1.0000  val_acc=0.8944  val_auroc=0.9594  val_f1=0.8169  lr=3.22e-06
Running Validation...
Ep 416/500  loss=0.0000  tr_acc=1.0000  val_acc=0.8885  val_auroc=0.9600  val_f1=0.8099  lr=3.15e-06
Running Validation...
Ep 417/500  loss=0.0005  tr_acc=0.9998  val_acc=0.8843  val_auroc=0.9604  val_f1=0.8082  lr=3.08e-06
Running Validation...
Ep 418/500  loss=0.0002  tr_acc=0.9999  val_acc=0.8875  val_auroc=0.9597  val_f1=0.8114  lr=3.00e-06
Running Validation...
Ep 419/500  loss=0.0001  tr_acc=1.0000  val_acc=0.8869  val_auroc=0.9589  val_f1=0.8118  lr=2.93e-06
Running Validation...
Ep 420/500  loss=0.0000  tr_acc=1.0000  val_acc=0.8837  val_auroc=0.9598  val_f1=0.8069  lr=2.86e-06
Running Validation...
Ep 421/500  loss=0.0000  tr_acc=1.0000  val_acc=0.8843  val_auroc=0.9597  val_f1=0.8089  lr=2.80e-06
Running Validation...
Ep 422/500  loss=0.0000  tr_acc=1.0000  val_acc=0.8853  val_auroc=0.9595  val_f1=0.8098  lr=2.73e-06
Running Validation...
Ep 423/500  loss=0.0000  tr_acc=1.0000  val_acc=0.8869  val_auroc=0.9592  val_f1=0.8126  lr=2.66e-06
Running Validation...
Ep 424/500  loss=0.0003  tr_acc=0.9998  val_acc=0.8869  val_auroc=0.9590  val_f1=0.8122  lr=2.59e-06
Running Validation...
Ep 425/500  loss=0.0000  tr_acc=1.0000  val_acc=0.8901  val_auroc=0.9594  val_f1=0.8175  lr=2.53e-06
Running Validation...
Ep 426/500  loss=0.0000  tr_acc=1.0000  val_acc=0.8901  val_auroc=0.9594  val_f1=0.8179  lr=2.46e-06
Running Validation...
Ep 427/500  loss=0.0001  tr_acc=0.9999  val_acc=0.8896  val_auroc=0.9593  val_f1=0.8162  lr=2.40e-06
Running Validation...
Ep 428/500  loss=0.0004  tr_acc=0.9999  val_acc=0.8885  val_auroc=0.9587  val_f1=0.8140  lr=2.34e-06
Running Validation...
Ep 429/500  loss=0.0001  tr_acc=1.0000  val_acc=0.8917  val_auroc=0.9586  val_f1=0.8186  lr=2.27e-06
Running Validation...
Ep 430/500  loss=0.0002  tr_acc=0.9999  val_acc=0.8917  val_auroc=0.9609  val_f1=0.8146  lr=2.21e-06
Running Validation...
Ep 431/500  loss=0.0000  tr_acc=1.0000  val_acc=0.8891  val_auroc=0.9605  val_f1=0.8119  lr=2.15e-06
Running Validation...
Ep 432/500  loss=0.0000  tr_acc=1.0000  val_acc=0.8848  val_auroc=0.9607  val_f1=0.8073  lr=2.09e-06
Running Validation...
Ep 433/500  loss=0.0009  tr_acc=0.9999  val_acc=0.8885  val_auroc=0.9612  val_f1=0.8124  lr=2.03e-06
Running Validation...
Ep 434/500  loss=0.0002  tr_acc=0.9999  val_acc=0.8907  val_auroc=0.9603  val_f1=0.8163  lr=1.97e-06
Running Validation...
Ep 435/500  loss=0.0001  tr_acc=1.0000  val_acc=0.8939  val_auroc=0.9599  val_f1=0.8188  lr=1.91e-06
Running Validation...
Ep 436/500  loss=0.0000  tr_acc=1.0000  val_acc=0.8949  val_auroc=0.9599  val_f1=0.8207  lr=1.86e-06
Running Validation...
Ep 437/500  loss=0.0004  tr_acc=0.9999  val_acc=0.8933  val_auroc=0.9601  val_f1=0.8198  lr=1.80e-06
Running Validation...
Ep 438/500  loss=0.0000  tr_acc=1.0000  val_acc=0.8912  val_auroc=0.9599  val_f1=0.8173  lr=1.74e-06
Running Validation...
Ep 439/500  loss=0.0001  tr_acc=0.9999  val_acc=0.8933  val_auroc=0.9602  val_f1=0.8216  lr=1.69e-06
Running Validation...
Ep 440/500  loss=0.0000  tr_acc=1.0000  val_acc=0.8939  val_auroc=0.9602  val_f1=0.8224  lr=1.63e-06
Running Validation...
Ep 441/500  loss=0.0006  tr_acc=0.9998  val_acc=0.8928  val_auroc=0.9609  val_f1=0.8197  lr=1.58e-06
Running Validation...
Ep 442/500  loss=0.0001  tr_acc=0.9999  val_acc=0.8901  val_auroc=0.9611  val_f1=0.8176  lr=1.53e-06
Running Validation...
Ep 443/500  loss=0.0000  tr_acc=1.0000  val_acc=0.8901  val_auroc=0.9611  val_f1=0.8176  lr=1.48e-06
Running Validation...
Ep 444/500  loss=0.0000  tr_acc=1.0000  val_acc=0.8901  val_auroc=0.9603  val_f1=0.8168  lr=1.43e-06
Running Validation...
Ep 445/500  loss=0.0000  tr_acc=1.0000  val_acc=0.8907  val_auroc=0.9603  val_f1=0.8177  lr=1.38e-06
Running Validation...
Ep 446/500  loss=0.0000  tr_acc=1.0000  val_acc=0.8907  val_auroc=0.9603  val_f1=0.8175  lr=1.33e-06
Running Validation...
Ep 447/500  loss=0.0000  tr_acc=1.0000  val_acc=0.8912  val_auroc=0.9603  val_f1=0.8180  lr=1.28e-06
Running Validation...
Ep 448/500  loss=0.0010  tr_acc=0.9999  val_acc=0.8901  val_auroc=0.9603  val_f1=0.8164  lr=1.23e-06
Running Validation...
Ep 449/500  loss=0.0000  tr_acc=1.0000  val_acc=0.8901  val_auroc=0.9603  val_f1=0.8164  lr=1.19e-06
Running Validation...
Ep 450/500  loss=0.0000  tr_acc=1.0000  val_acc=0.8896  val_auroc=0.9601  val_f1=0.8166  lr=1.14e-06
Running Validation...
Ep 451/500  loss=0.0000  tr_acc=1.0000  val_acc=0.8901  val_auroc=0.9603  val_f1=0.8167  lr=1.10e-06
Running Validation...
Ep 452/500  loss=0.0000  tr_acc=1.0000  val_acc=0.8907  val_auroc=0.9604  val_f1=0.8173  lr=1.05e-06
Running Validation...
Ep 453/500  loss=0.0002  tr_acc=0.9999  val_acc=0.8912  val_auroc=0.9602  val_f1=0.8174  lr=1.01e-06
Running Validation...
Ep 454/500  loss=0.0000  tr_acc=1.0000  val_acc=0.8907  val_auroc=0.9602  val_f1=0.8169  lr=1.00e-06
Running Validation...
Ep 455/500  loss=0.0000  tr_acc=1.0000  val_acc=0.8912  val_auroc=0.9603  val_f1=0.8173  lr=1.00e-06
Running Validation...
Ep 456/500  loss=0.0000  tr_acc=1.0000  val_acc=0.8896  val_auroc=0.9600  val_f1=0.8157  lr=1.00e-06
Running Validation...
Ep 457/500  loss=0.0000  tr_acc=1.0000  val_acc=0.8896  val_auroc=0.9599  val_f1=0.8157  lr=1.00e-06
Running Validation...
Ep 458/500  loss=0.0000  tr_acc=1.0000  val_acc=0.8896  val_auroc=0.9600  val_f1=0.8157  lr=1.00e-06
Running Validation...
Ep 459/500  loss=0.0000  tr_acc=1.0000  val_acc=0.8896  val_auroc=0.9599  val_f1=0.8166  lr=1.00e-06
Running Validation...
Ep 460/500  loss=0.0000  tr_acc=1.0000  val_acc=0.8896  val_auroc=0.9599  val_f1=0.8166  lr=1.00e-06
Running Validation...
Ep 461/500  loss=0.0003  tr_acc=0.9998  val_acc=0.8896  val_auroc=0.9605  val_f1=0.8174  lr=1.00e-06
Running Validation...
Ep 462/500  loss=0.0001  tr_acc=1.0000  val_acc=0.8901  val_auroc=0.9603  val_f1=0.8160  lr=1.00e-06
Running Validation...
Ep 463/500  loss=0.0001  tr_acc=1.0000  val_acc=0.8901  val_auroc=0.9603  val_f1=0.8163  lr=1.00e-06
Running Validation...
Ep 464/500  loss=0.0000  tr_acc=1.0000  val_acc=0.8891  val_auroc=0.9602  val_f1=0.8155  lr=1.00e-06
Running Validation...
Ep 465/500  loss=0.0000  tr_acc=1.0000  val_acc=0.8891  val_auroc=0.9602  val_f1=0.8155  lr=1.00e-06
Running Validation...
Ep 466/500  loss=0.0000  tr_acc=1.0000  val_acc=0.8891  val_auroc=0.9602  val_f1=0.8155  lr=1.00e-06
Running Validation...
Ep 467/500  loss=0.0009  tr_acc=0.9998  val_acc=0.8901  val_auroc=0.9603  val_f1=0.8164  lr=1.00e-06
Running Validation...
Ep 468/500  loss=0.0000  tr_acc=1.0000  val_acc=0.8912  val_auroc=0.9602  val_f1=0.8184  lr=1.00e-06
Running Validation...
Ep 469/500  loss=0.0000  tr_acc=1.0000  val_acc=0.8912  val_auroc=0.9602  val_f1=0.8184  lr=1.00e-06
Running Validation...
Ep 470/500  loss=0.0002  tr_acc=0.9999  val_acc=0.8901  val_auroc=0.9602  val_f1=0.8184  lr=1.00e-06
Running Validation...
Ep 471/500  loss=0.0000  tr_acc=1.0000  val_acc=0.8901  val_auroc=0.9602  val_f1=0.8184  lr=1.00e-06
Running Validation...
Ep 472/500  loss=0.0000  tr_acc=1.0000  val_acc=0.8901  val_auroc=0.9602  val_f1=0.8184  lr=1.00e-06
Running Validation...
Ep 473/500  loss=0.0000  tr_acc=1.0000  val_acc=0.8901  val_auroc=0.9602  val_f1=0.8184  lr=1.00e-06
Running Validation...
Ep 474/500  loss=0.0000  tr_acc=1.0000  val_acc=0.8907  val_auroc=0.9602  val_f1=0.8188  lr=1.00e-06
Running Validation...
Ep 475/500  loss=0.0000  tr_acc=1.0000  val_acc=0.8912  val_auroc=0.9601  val_f1=0.8160  lr=1.00e-06
Running Validation...
Ep 476/500  loss=0.0004  tr_acc=0.9999  val_acc=0.8896  val_auroc=0.9599  val_f1=0.8162  lr=1.00e-06
Running Validation...
Ep 477/500  loss=0.0000  tr_acc=1.0000  val_acc=0.8901  val_auroc=0.9599  val_f1=0.8167  lr=1.00e-06
Running Validation...
Ep 478/500  loss=0.0000  tr_acc=1.0000  val_acc=0.8912  val_auroc=0.9599  val_f1=0.8182  lr=1.00e-06
Running Validation...
Ep 479/500  loss=0.0000  tr_acc=1.0000  val_acc=0.8912  val_auroc=0.9596  val_f1=0.8190  lr=1.00e-06
Running Validation...
Ep 480/500  loss=0.0000  tr_acc=1.0000  val_acc=0.8912  val_auroc=0.9595  val_f1=0.8189  lr=1.00e-06
Running Validation...
Ep 481/500  loss=0.0000  tr_acc=1.0000  val_acc=0.8912  val_auroc=0.9593  val_f1=0.8190  lr=1.00e-06
Running Validation...
Ep 482/500  loss=0.0000  tr_acc=1.0000  val_acc=0.8907  val_auroc=0.9593  val_f1=0.8182  lr=1.00e-06
Running Validation...
Ep 483/500  loss=0.0000  tr_acc=1.0000  val_acc=0.8907  val_auroc=0.9592  val_f1=0.8182  lr=1.00e-06
Running Validation...
Ep 484/500  loss=0.0000  tr_acc=1.0000  val_acc=0.8907  val_auroc=0.9592  val_f1=0.8182  lr=1.00e-06
Running Validation...
Ep 485/500  loss=0.0000  tr_acc=1.0000  val_acc=0.8907  val_auroc=0.9591  val_f1=0.8173  lr=1.00e-06
Running Validation...
Ep 486/500  loss=0.0000  tr_acc=1.0000  val_acc=0.8907  val_auroc=0.9589  val_f1=0.8173  lr=1.00e-06
Running Validation...
Ep 487/500  loss=0.0000  tr_acc=1.0000  val_acc=0.8885  val_auroc=0.9595  val_f1=0.8138  lr=1.00e-06
Running Validation...
Ep 488/500  loss=0.0000  tr_acc=1.0000  val_acc=0.8885  val_auroc=0.9596  val_f1=0.8138  lr=1.00e-06
Running Validation...
Ep 489/500  loss=0.0000  tr_acc=1.0000  val_acc=0.8891  val_auroc=0.9600  val_f1=0.8147  lr=1.00e-06
Running Validation...
Ep 490/500  loss=0.0000  tr_acc=1.0000  val_acc=0.8907  val_auroc=0.9602  val_f1=0.8176  lr=1.00e-06
Running Validation...
Ep 491/500  loss=0.0000  tr_acc=1.0000  val_acc=0.8896  val_auroc=0.9602  val_f1=0.8168  lr=1.00e-06
Running Validation...
Ep 492/500  loss=0.0000  tr_acc=1.0000  val_acc=0.8907  val_auroc=0.9602  val_f1=0.8193  lr=1.00e-06
Running Validation...
Ep 493/500  loss=0.0000  tr_acc=1.0000  val_acc=0.8907  val_auroc=0.9600  val_f1=0.8166  lr=1.00e-06
Running Validation...
Ep 494/500  loss=0.0000  tr_acc=1.0000  val_acc=0.8901  val_auroc=0.9602  val_f1=0.8165  lr=1.00e-06
Running Validation...
Ep 495/500  loss=0.0000  tr_acc=1.0000  val_acc=0.8901  val_auroc=0.9602  val_f1=0.8165  lr=1.00e-06
Running Validation...
Ep 496/500  loss=0.0000  tr_acc=1.0000  val_acc=0.8901  val_auroc=0.9602  val_f1=0.8165  lr=1.00e-06
Running Validation...
Ep 497/500  loss=0.0000  tr_acc=1.0000  val_acc=0.8907  val_auroc=0.9602  val_f1=0.8171  lr=1.00e-06
Running Validation...
Ep 498/500  loss=0.0000  tr_acc=1.0000  val_acc=0.8907  val_auroc=0.9602  val_f1=0.8171  lr=1.00e-06
Running Validation...
Ep 499/500  loss=0.0000  tr_acc=1.0000  val_acc=0.8901  val_auroc=0.9603  val_f1=0.8156  lr=1.00e-06
Running Validation...
Ep 500/500  loss=0.0013  tr_acc=0.9998  val_acc=0.8896  val_auroc=0.9602  val_f1=0.8167  lr=1.00e-06
Training complete. Best AUROC: 0.9738, Best F1: 0.8224
Loaded best model from best_f1_model.pt (epoch 440)
Running Validation (final)...
Running Test...

Evaluating on derm7pt
Running Cross-eval: derm7pt...

Evaluating on padufes20
Running Cross-eval: padufes20...

Evaluating on isic2019
Running Cross-eval: isic2019...

Cross-dataset summary:
            accuracy  precision    recall  ...       EOM       PQD       DPM
derm7pt    0.510932   0.322109  0.301517  ...  0.401769  0.600000  0.193742
padufes20  0.527872   0.512822  0.533010  ...  0.353156  0.352246  0.203487
isic2019   0.776596   0.588002  0.540626  ...       NaN       NaN       NaN

[3 rows x 10 columns]

All results saved to outputs/results_BASE_vit
Checkpoints saved to outputs/checkpoints_BASE_vit
=========================================
Finished: Tue May 26 10:28:33 AM CEST 2026
Exit code: 0

[DONE] Training completed successfully.
Outputs:
  Checkpoints → process_BASE_vit/outputs/checkpoints/
  Results     → process_BASE_vit/outputs/results/
  CSVs        → process_BASE_vit/outputs/csvs/
