=========================================
Job:       train_REWT_resnet18  (449207)
Node:      bigpu03
Started:   Wed Jun 24 08:12:07 PM CEST 2026
=========================================
[INFO] No HF token found at /users/jlacmou/.hf_token — downloads may be slow.
[INFO] No kaggle.json found in 20260623-process. Relying on ~/.kaggle/ or env vars.
[SETUP] Installing / verifying Python dependencies...

── GPU info ──────────────────────────────
Tesla V100-PCIE-32GB, 32768 MiB, 575.57.08
PyTorch : 2.12.1+cu126
CUDA    : 12.6
Devices : 1
GPU 0   : Tesla V100-PCIE-32GB
VRAM    : 34.1 GB
──────────────────────────────────────────

[CHECK] Validating dataset roots...
  [OK]      20260623-process/data/datasets/asosenge/hibaskinlesionsdataset-main
  [OK]      20260623-process/data/datasets/asosenge/fitzpatrick17k
  [OK]      20260623-process/data/datasets/asosenge/derm7pt
  [OK]      20260623-process/data/datasets/mahdavi1202/skin-cancer
  [OK]      20260623-process/data/datasets/sengenjih/isic2019

[CONVERT] Converting notebook to Python script...
[PATCH] Redirecting Kaggle paths → cluster paths...
  DATA_ROOT  → 20260623-process/data/datasets
  WORK_ROOT  → 20260623-process/outputs_REWT_resnet18
  BB_CACHE   → 20260623-process/backbone_cache
  Patch applied successfully.

[RUN] Starting training — Wed Jun 24 08:12:14 PM CEST 2026
=========================================
Device: cuda
CSV dir      : outputs_REWT_resnet18/csvs
Checkpoints  : outputs_REWT_resnet18/checkpoints_REWT_resnet18
Results      : outputs_REWT_resnet18/results_REWT_resnet18
Image roots:
  hiba           : 20260623-process/data/datasets/asosenge/hibaskinlesionsdataset-main/HIBASkinLesionsDataset-main/images
  fitzpatrick17k : 20260623-process/data/datasets/asosenge/fitzpatrick17k/fitzpatrick17k/data/finalfitz17k
  derm7pt        : 20260623-process/data/datasets/asosenge/derm7pt/release_v0/images
  padufes20      : 20260623-process/data/datasets/mahdavi1202/skin-cancer
  isic2019       : 20260623-process/data/datasets/sengenjih/isic2019
[INFO] Built image map for hiba: 1616 entries
[INFO] Built image map for fitzpatrick17k: 16577 entries
[INFO] Built image map for derm7pt: 2013 entries
[INFO] Built image map for padufes20: 2298 entries
[INFO] Built image map for isic2019: 33569 entries
[INFO] paired_train: loaded 738 ID-matched pairs from split clin/derm CSVs
[INFO] paired_val: loaded 106 ID-matched pairs from split clin/derm CSVs
[INFO] paired_test: loaded 211 ID-matched pairs from split clin/derm CSVs
[INFO] Loaded fitzpatrick17k eval set: 1727 samples
[INFO] Loaded padufes20 eval set: 1141 samples
[INFO] Loaded isic2019 eval set: 25517 samples
Train batches: 41, Val batches: 6
Test batches: 33
Cross-eval loaders: ['fitzpatrick17k', 'padufes20', 'isic2019']
Computed weights for 19 (skin_type, label) groups
Running Validation...
Ep   1/500  loss=1.0887  tr_acc=0.3384  val_acc=0.2381  val_auroc=0.4840  val_f1=0.2329  lr=3.40e-06
Running Validation...
Ep   2/500  loss=1.0234  tr_acc=0.4131  val_acc=0.3333  val_auroc=0.6353  val_f1=0.3278  lr=5.10e-06
Running Validation...
Ep   3/500  loss=0.9102  tr_acc=0.5137  val_acc=0.5238  val_auroc=0.7707  val_f1=0.5081  lr=6.80e-06
Running Validation...
Ep   4/500  loss=0.7892  tr_acc=0.6174  val_acc=0.6878  val_auroc=0.8450  val_f1=0.6407  lr=8.50e-06
Running Validation...
Ep   5/500  loss=0.6830  tr_acc=0.6768  val_acc=0.7460  val_auroc=0.8897  val_f1=0.7033  lr=1.02e-05
Running Validation...
Ep   6/500  loss=0.6131  tr_acc=0.7088  val_acc=0.7460  val_auroc=0.9009  val_f1=0.7111  lr=1.19e-05
Running Validation...
Ep   7/500  loss=0.5623  tr_acc=0.7439  val_acc=0.7831  val_auroc=0.9078  val_f1=0.7411  lr=1.36e-05
Running Validation...
Ep   8/500  loss=0.5162  tr_acc=0.7698  val_acc=0.7831  val_auroc=0.9109  val_f1=0.7423  lr=1.53e-05
Running Validation...
Ep   9/500  loss=0.4717  tr_acc=0.7881  val_acc=0.8042  val_auroc=0.9170  val_f1=0.7655  lr=1.70e-05
Running Validation...
Ep  10/500  loss=0.4138  tr_acc=0.8140  val_acc=0.7884  val_auroc=0.9286  val_f1=0.7638  lr=1.87e-05
Running Validation...
Ep  11/500  loss=0.3573  tr_acc=0.8552  val_acc=0.8095  val_auroc=0.9333  val_f1=0.7812  lr=2.04e-05
Running Validation...
Ep  12/500  loss=0.3862  tr_acc=0.8316  val_acc=0.8042  val_auroc=0.9397  val_f1=0.7829  lr=2.21e-05
Running Validation...
Ep  13/500  loss=0.3268  tr_acc=0.8666  val_acc=0.8201  val_auroc=0.9382  val_f1=0.7826  lr=2.38e-05
Running Validation...
Ep  14/500  loss=0.2925  tr_acc=0.8727  val_acc=0.8042  val_auroc=0.9301  val_f1=0.7829  lr=2.55e-05
Running Validation...
Ep  15/500  loss=0.2558  tr_acc=0.8941  val_acc=0.8095  val_auroc=0.9422  val_f1=0.7734  lr=2.72e-05
Running Validation...
Ep  16/500  loss=0.2673  tr_acc=0.8773  val_acc=0.8254  val_auroc=0.9362  val_f1=0.7795  lr=2.89e-05
Running Validation...
Ep  17/500  loss=0.2394  tr_acc=0.9024  val_acc=0.8095  val_auroc=0.9450  val_f1=0.7689  lr=3.06e-05
Running Validation...
Ep  18/500  loss=0.2136  tr_acc=0.9047  val_acc=0.8095  val_auroc=0.9484  val_f1=0.7639  lr=3.23e-05
Running Validation...
Ep  19/500  loss=0.1943  tr_acc=0.9162  val_acc=0.8519  val_auroc=0.9537  val_f1=0.8258  lr=3.40e-05
Running Validation...
Ep  20/500  loss=0.1618  tr_acc=0.9322  val_acc=0.8307  val_auroc=0.9458  val_f1=0.7922  lr=3.57e-05
Running Validation...
Ep  21/500  loss=0.1779  tr_acc=0.9284  val_acc=0.8201  val_auroc=0.9344  val_f1=0.7683  lr=3.74e-05
Running Validation...
Ep  22/500  loss=0.1435  tr_acc=0.9421  val_acc=0.8519  val_auroc=0.9569  val_f1=0.8128  lr=3.91e-05
Running Validation...
Ep  23/500  loss=0.1446  tr_acc=0.9390  val_acc=0.8254  val_auroc=0.9466  val_f1=0.7780  lr=4.08e-05
Running Validation...
Ep  24/500  loss=0.1060  tr_acc=0.9596  val_acc=0.8413  val_auroc=0.9483  val_f1=0.7874  lr=4.25e-05
Running Validation...
Ep  25/500  loss=0.0932  tr_acc=0.9634  val_acc=0.8254  val_auroc=0.9491  val_f1=0.7706  lr=4.42e-05
Running Validation...
Ep  26/500  loss=0.0975  tr_acc=0.9642  val_acc=0.8095  val_auroc=0.9403  val_f1=0.7605  lr=4.59e-05
Running Validation...
Ep  27/500  loss=0.1255  tr_acc=0.9459  val_acc=0.8254  val_auroc=0.9374  val_f1=0.7676  lr=4.76e-05
Running Validation...
Ep  28/500  loss=0.0903  tr_acc=0.9680  val_acc=0.8148  val_auroc=0.9542  val_f1=0.7814  lr=4.93e-05
Running Validation...
Ep  29/500  loss=0.1100  tr_acc=0.9581  val_acc=0.8466  val_auroc=0.9516  val_f1=0.7970  lr=5.10e-05
Running Validation...
Ep  30/500  loss=0.0889  tr_acc=0.9642  val_acc=0.8254  val_auroc=0.9481  val_f1=0.7572  lr=5.27e-05
Running Validation...
Ep  31/500  loss=0.0854  tr_acc=0.9596  val_acc=0.7989  val_auroc=0.9299  val_f1=0.7548  lr=5.44e-05
Running Validation...
Ep  32/500  loss=0.1141  tr_acc=0.9573  val_acc=0.8466  val_auroc=0.9437  val_f1=0.7913  lr=5.61e-05
Running Validation...
Ep  33/500  loss=0.0773  tr_acc=0.9649  val_acc=0.8307  val_auroc=0.9395  val_f1=0.7920  lr=5.78e-05
Running Validation...
Ep  34/500  loss=0.0747  tr_acc=0.9688  val_acc=0.8042  val_auroc=0.9264  val_f1=0.7353  lr=5.95e-05
Running Validation...
Ep  35/500  loss=0.1048  tr_acc=0.9665  val_acc=0.8519  val_auroc=0.9517  val_f1=0.8134  lr=6.12e-05
Running Validation...
Ep  36/500  loss=0.0693  tr_acc=0.9710  val_acc=0.8307  val_auroc=0.9367  val_f1=0.7869  lr=6.29e-05
Running Validation...
Ep  37/500  loss=0.0599  tr_acc=0.9779  val_acc=0.8466  val_auroc=0.9502  val_f1=0.8098  lr=6.46e-05
Running Validation...
Ep  38/500  loss=0.0646  tr_acc=0.9695  val_acc=0.8466  val_auroc=0.9522  val_f1=0.8059  lr=6.63e-05
Running Validation...
Ep  39/500  loss=0.0727  tr_acc=0.9741  val_acc=0.8042  val_auroc=0.9484  val_f1=0.7538  lr=6.80e-05
Running Validation...
Ep  40/500  loss=0.0710  tr_acc=0.9726  val_acc=0.8201  val_auroc=0.9506  val_f1=0.7739  lr=6.97e-05
Running Validation...
Ep  41/500  loss=0.0633  tr_acc=0.9733  val_acc=0.8201  val_auroc=0.9515  val_f1=0.7579  lr=7.14e-05
Running Validation...
Ep  42/500  loss=0.0559  tr_acc=0.9764  val_acc=0.8624  val_auroc=0.9582  val_f1=0.8260  lr=7.31e-05
Running Validation...
Ep  43/500  loss=0.0774  tr_acc=0.9703  val_acc=0.8042  val_auroc=0.9316  val_f1=0.7528  lr=7.48e-05
Running Validation...
Ep  44/500  loss=0.0535  tr_acc=0.9787  val_acc=0.8042  val_auroc=0.9276  val_f1=0.7396  lr=7.65e-05
Running Validation...
Ep  45/500  loss=0.0721  tr_acc=0.9748  val_acc=0.7989  val_auroc=0.9332  val_f1=0.7318  lr=7.82e-05
Running Validation...
Ep  46/500  loss=0.0643  tr_acc=0.9741  val_acc=0.8201  val_auroc=0.9454  val_f1=0.7706  lr=7.99e-05
Running Validation...
Ep  47/500  loss=0.0924  tr_acc=0.9649  val_acc=0.8307  val_auroc=0.9503  val_f1=0.7824  lr=8.16e-05
Running Validation...
Ep  48/500  loss=0.0731  tr_acc=0.9726  val_acc=0.8571  val_auroc=0.9417  val_f1=0.8159  lr=8.33e-05
Running Validation...
Ep  49/500  loss=0.0690  tr_acc=0.9733  val_acc=0.8254  val_auroc=0.9145  val_f1=0.7766  lr=8.50e-05
Running Validation...
Ep  50/500  loss=0.0940  tr_acc=0.9627  val_acc=0.8201  val_auroc=0.9291  val_f1=0.7630  lr=8.50e-05
Running Validation...
Ep  51/500  loss=0.0594  tr_acc=0.9726  val_acc=0.7884  val_auroc=0.9275  val_f1=0.7237  lr=8.50e-05
Running Validation...
Ep  52/500  loss=0.0853  tr_acc=0.9657  val_acc=0.8307  val_auroc=0.9268  val_f1=0.7958  lr=8.50e-05
Running Validation...
Ep  53/500  loss=0.0721  tr_acc=0.9726  val_acc=0.8519  val_auroc=0.9408  val_f1=0.7973  lr=8.50e-05
Running Validation...
Ep  54/500  loss=0.0583  tr_acc=0.9794  val_acc=0.8148  val_auroc=0.9160  val_f1=0.7443  lr=8.50e-05
Running Validation...
Ep  55/500  loss=0.0695  tr_acc=0.9733  val_acc=0.8624  val_auroc=0.9286  val_f1=0.8252  lr=8.50e-05
Running Validation...
Ep  56/500  loss=0.0542  tr_acc=0.9802  val_acc=0.8042  val_auroc=0.9156  val_f1=0.7506  lr=8.50e-05
Running Validation...
Ep  57/500  loss=0.0579  tr_acc=0.9764  val_acc=0.8519  val_auroc=0.9355  val_f1=0.8203  lr=8.49e-05
Running Validation...
Ep  58/500  loss=0.0556  tr_acc=0.9787  val_acc=0.8148  val_auroc=0.9402  val_f1=0.7582  lr=8.49e-05
Running Validation...
Ep  59/500  loss=0.0527  tr_acc=0.9779  val_acc=0.8095  val_auroc=0.9315  val_f1=0.7722  lr=8.49e-05
Running Validation...
Ep  60/500  loss=0.0447  tr_acc=0.9832  val_acc=0.8466  val_auroc=0.9522  val_f1=0.8012  lr=8.49e-05
Running Validation...
Ep  61/500  loss=0.0573  tr_acc=0.9787  val_acc=0.8519  val_auroc=0.9426  val_f1=0.8020  lr=8.49e-05
Running Validation...
Ep  62/500  loss=0.0452  tr_acc=0.9848  val_acc=0.8307  val_auroc=0.9368  val_f1=0.7712  lr=8.49e-05
Running Validation...
Ep  63/500  loss=0.0503  tr_acc=0.9855  val_acc=0.8254  val_auroc=0.9429  val_f1=0.7726  lr=8.48e-05
Running Validation...
Ep  64/500  loss=0.0476  tr_acc=0.9809  val_acc=0.7989  val_auroc=0.9286  val_f1=0.7417  lr=8.48e-05
Running Validation...
Ep  65/500  loss=0.0404  tr_acc=0.9855  val_acc=0.8095  val_auroc=0.9249  val_f1=0.7271  lr=8.48e-05
Running Validation...
Ep  66/500  loss=0.0622  tr_acc=0.9809  val_acc=0.8307  val_auroc=0.9448  val_f1=0.7623  lr=8.47e-05
Running Validation...
Ep  67/500  loss=0.0495  tr_acc=0.9802  val_acc=0.8360  val_auroc=0.9421  val_f1=0.7888  lr=8.47e-05
Running Validation...
Ep  68/500  loss=0.0387  tr_acc=0.9840  val_acc=0.8201  val_auroc=0.9210  val_f1=0.7764  lr=8.47e-05
Running Validation...
Ep  69/500  loss=0.0612  tr_acc=0.9787  val_acc=0.8413  val_auroc=0.9297  val_f1=0.8028  lr=8.46e-05
Running Validation...
Ep  70/500  loss=0.0406  tr_acc=0.9825  val_acc=0.8307  val_auroc=0.9304  val_f1=0.7932  lr=8.46e-05
Running Validation...
Ep  71/500  loss=0.0352  tr_acc=0.9886  val_acc=0.8042  val_auroc=0.9446  val_f1=0.7518  lr=8.45e-05
Running Validation...
Ep  72/500  loss=0.0373  tr_acc=0.9855  val_acc=0.8413  val_auroc=0.9216  val_f1=0.7885  lr=8.45e-05
Running Validation...
Ep  73/500  loss=0.0320  tr_acc=0.9855  val_acc=0.8201  val_auroc=0.9280  val_f1=0.7499  lr=8.45e-05
Running Validation...
Ep  74/500  loss=0.0409  tr_acc=0.9832  val_acc=0.8201  val_auroc=0.9302  val_f1=0.7773  lr=8.44e-05
Running Validation...
Ep  75/500  loss=0.0299  tr_acc=0.9901  val_acc=0.8095  val_auroc=0.9198  val_f1=0.7668  lr=8.44e-05
Running Validation...
Ep  76/500  loss=0.0387  tr_acc=0.9893  val_acc=0.8201  val_auroc=0.9250  val_f1=0.7579  lr=8.43e-05
Running Validation...
Ep  77/500  loss=0.0324  tr_acc=0.9863  val_acc=0.8466  val_auroc=0.9080  val_f1=0.7969  lr=8.42e-05
Running Validation...
Ep  78/500  loss=0.0182  tr_acc=0.9931  val_acc=0.8413  val_auroc=0.9267  val_f1=0.7937  lr=8.42e-05
Running Validation...
Ep  79/500  loss=0.0460  tr_acc=0.9825  val_acc=0.8254  val_auroc=0.9224  val_f1=0.7722  lr=8.41e-05
Running Validation...
Ep  80/500  loss=0.0461  tr_acc=0.9848  val_acc=0.8413  val_auroc=0.9355  val_f1=0.7893  lr=8.41e-05
Running Validation...
Ep  81/500  loss=0.0545  tr_acc=0.9802  val_acc=0.8624  val_auroc=0.9471  val_f1=0.8228  lr=8.40e-05
Running Validation...
Ep  82/500  loss=0.0276  tr_acc=0.9901  val_acc=0.8624  val_auroc=0.9366  val_f1=0.8142  lr=8.39e-05
Running Validation...
Ep  83/500  loss=0.0427  tr_acc=0.9870  val_acc=0.8148  val_auroc=0.9292  val_f1=0.7404  lr=8.39e-05
Running Validation...
Ep  84/500  loss=0.0153  tr_acc=0.9939  val_acc=0.8360  val_auroc=0.9355  val_f1=0.7818  lr=8.38e-05
Running Validation...
Ep  85/500  loss=0.0193  tr_acc=0.9931  val_acc=0.8466  val_auroc=0.9501  val_f1=0.7897  lr=8.37e-05
Running Validation...
Ep  86/500  loss=0.0143  tr_acc=0.9954  val_acc=0.8519  val_auroc=0.9428  val_f1=0.8051  lr=8.37e-05
Running Validation...
Ep  87/500  loss=0.0377  tr_acc=0.9863  val_acc=0.8254  val_auroc=0.9374  val_f1=0.7840  lr=8.36e-05
Running Validation...
Ep  88/500  loss=0.0504  tr_acc=0.9848  val_acc=0.8360  val_auroc=0.9380  val_f1=0.7906  lr=8.35e-05
Running Validation...
Ep  89/500  loss=0.0121  tr_acc=0.9970  val_acc=0.8413  val_auroc=0.9365  val_f1=0.7927  lr=8.34e-05
Running Validation...
Ep  90/500  loss=0.0199  tr_acc=0.9909  val_acc=0.8307  val_auroc=0.9345  val_f1=0.7799  lr=8.34e-05
Running Validation...
Ep  91/500  loss=0.0276  tr_acc=0.9901  val_acc=0.7884  val_auroc=0.9363  val_f1=0.7149  lr=8.33e-05
Running Validation...
Ep  92/500  loss=0.0352  tr_acc=0.9855  val_acc=0.8201  val_auroc=0.9318  val_f1=0.7653  lr=8.32e-05
Running Validation...
Ep  93/500  loss=0.0462  tr_acc=0.9848  val_acc=0.7884  val_auroc=0.9138  val_f1=0.7174  lr=8.31e-05
Running Validation...
Ep  94/500  loss=0.0362  tr_acc=0.9901  val_acc=0.7725  val_auroc=0.9238  val_f1=0.6924  lr=8.30e-05
Running Validation...
Ep  95/500  loss=0.0442  tr_acc=0.9840  val_acc=0.8307  val_auroc=0.9427  val_f1=0.7668  lr=8.29e-05
Running Validation...
Ep  96/500  loss=0.0201  tr_acc=0.9931  val_acc=0.8148  val_auroc=0.9125  val_f1=0.7730  lr=8.28e-05
Running Validation...
Ep  97/500  loss=0.0159  tr_acc=0.9931  val_acc=0.8466  val_auroc=0.9439  val_f1=0.8190  lr=8.27e-05
Running Validation...
Ep  98/500  loss=0.0203  tr_acc=0.9924  val_acc=0.8624  val_auroc=0.9469  val_f1=0.8362  lr=8.26e-05
Running Validation...
Ep  99/500  loss=0.0283  tr_acc=0.9901  val_acc=0.8466  val_auroc=0.9341  val_f1=0.8153  lr=8.25e-05
Running Validation...
Ep 100/500  loss=0.0232  tr_acc=0.9924  val_acc=0.8519  val_auroc=0.9396  val_f1=0.8136  lr=8.24e-05
Running Validation...
Ep 101/500  loss=0.0165  tr_acc=0.9954  val_acc=0.8519  val_auroc=0.9494  val_f1=0.8271  lr=8.23e-05
Running Validation...
Ep 102/500  loss=0.0339  tr_acc=0.9893  val_acc=0.8307  val_auroc=0.9470  val_f1=0.8000  lr=8.22e-05
Running Validation...
Ep 103/500  loss=0.0204  tr_acc=0.9939  val_acc=0.8624  val_auroc=0.9480  val_f1=0.8347  lr=8.21e-05
Running Validation...
Ep 104/500  loss=0.0468  tr_acc=0.9939  val_acc=0.8360  val_auroc=0.9547  val_f1=0.7967  lr=8.20e-05
Running Validation...
Ep 105/500  loss=0.0175  tr_acc=0.9962  val_acc=0.8413  val_auroc=0.9475  val_f1=0.8033  lr=8.19e-05
Running Validation...
Ep 106/500  loss=0.0344  tr_acc=0.9901  val_acc=0.8360  val_auroc=0.9399  val_f1=0.7899  lr=8.18e-05
Running Validation...
Ep 107/500  loss=0.0178  tr_acc=0.9962  val_acc=0.8624  val_auroc=0.9499  val_f1=0.8306  lr=8.17e-05
Running Validation...
Ep 108/500  loss=0.0089  tr_acc=0.9962  val_acc=0.8413  val_auroc=0.9438  val_f1=0.8131  lr=8.16e-05
Running Validation...
Ep 109/500  loss=0.0209  tr_acc=0.9909  val_acc=0.8519  val_auroc=0.9435  val_f1=0.8093  lr=8.14e-05
Running Validation...
Ep 110/500  loss=0.0091  tr_acc=0.9970  val_acc=0.8307  val_auroc=0.9352  val_f1=0.7892  lr=8.13e-05
Running Validation...
Ep 111/500  loss=0.0139  tr_acc=0.9947  val_acc=0.8254  val_auroc=0.9353  val_f1=0.7787  lr=8.12e-05
Running Validation...
Ep 112/500  loss=0.0109  tr_acc=0.9947  val_acc=0.8254  val_auroc=0.9365  val_f1=0.7832  lr=8.11e-05
Running Validation...
Ep 113/500  loss=0.0086  tr_acc=0.9977  val_acc=0.8148  val_auroc=0.9423  val_f1=0.7741  lr=8.10e-05
Running Validation...
Ep 114/500  loss=0.0205  tr_acc=0.9931  val_acc=0.7989  val_auroc=0.9293  val_f1=0.7505  lr=8.08e-05
Running Validation...
Ep 115/500  loss=0.0159  tr_acc=0.9931  val_acc=0.8413  val_auroc=0.9546  val_f1=0.8115  lr=8.07e-05
Running Validation...
Ep 116/500  loss=0.0166  tr_acc=0.9931  val_acc=0.8571  val_auroc=0.9519  val_f1=0.8236  lr=8.06e-05
Running Validation...
Ep 117/500  loss=0.0219  tr_acc=0.9916  val_acc=0.8571  val_auroc=0.9462  val_f1=0.8215  lr=8.04e-05
Running Validation...
Ep 118/500  loss=0.0114  tr_acc=0.9954  val_acc=0.8519  val_auroc=0.9552  val_f1=0.8067  lr=8.03e-05
Running Validation...
Ep 119/500  loss=0.0236  tr_acc=0.9939  val_acc=0.8466  val_auroc=0.9484  val_f1=0.8335  lr=8.02e-05
Running Validation...
Ep 120/500  loss=0.0165  tr_acc=0.9924  val_acc=0.8624  val_auroc=0.9515  val_f1=0.8501  lr=8.00e-05
Running Validation...
Ep 121/500  loss=0.0082  tr_acc=0.9962  val_acc=0.8519  val_auroc=0.9435  val_f1=0.8144  lr=7.99e-05
Running Validation...
Ep 122/500  loss=0.0176  tr_acc=0.9954  val_acc=0.8307  val_auroc=0.9128  val_f1=0.7706  lr=7.97e-05
Running Validation...
Ep 123/500  loss=0.0419  tr_acc=0.9901  val_acc=0.8677  val_auroc=0.9407  val_f1=0.8402  lr=7.96e-05
Running Validation...
Ep 124/500  loss=0.0190  tr_acc=0.9924  val_acc=0.8677  val_auroc=0.9331  val_f1=0.8243  lr=7.95e-05
Running Validation...
Ep 125/500  loss=0.0274  tr_acc=0.9886  val_acc=0.8095  val_auroc=0.9193  val_f1=0.7763  lr=7.93e-05
Running Validation...
Ep 126/500  loss=0.0168  tr_acc=0.9954  val_acc=0.8519  val_auroc=0.9298  val_f1=0.8317  lr=7.92e-05
Running Validation...
Ep 127/500  loss=0.0119  tr_acc=0.9962  val_acc=0.8519  val_auroc=0.9381  val_f1=0.8146  lr=7.90e-05
Running Validation...
Ep 128/500  loss=0.0090  tr_acc=0.9962  val_acc=0.8254  val_auroc=0.9266  val_f1=0.7704  lr=7.89e-05
Running Validation...
Ep 129/500  loss=0.0122  tr_acc=0.9962  val_acc=0.8413  val_auroc=0.9245  val_f1=0.8270  lr=7.87e-05
Running Validation...
Ep 130/500  loss=0.0124  tr_acc=0.9977  val_acc=0.8360  val_auroc=0.9296  val_f1=0.7818  lr=7.85e-05
Running Validation...
Ep 131/500  loss=0.0117  tr_acc=0.9947  val_acc=0.8571  val_auroc=0.9504  val_f1=0.8260  lr=7.84e-05
Running Validation...
Ep 132/500  loss=0.0128  tr_acc=0.9954  val_acc=0.8730  val_auroc=0.9501  val_f1=0.8458  lr=7.82e-05
Running Validation...
Ep 133/500  loss=0.0141  tr_acc=0.9947  val_acc=0.8360  val_auroc=0.9451  val_f1=0.7919  lr=7.81e-05
Running Validation...
Ep 134/500  loss=0.0118  tr_acc=0.9954  val_acc=0.8571  val_auroc=0.9319  val_f1=0.8274  lr=7.79e-05
Running Validation...
Ep 135/500  loss=0.0185  tr_acc=0.9931  val_acc=0.8624  val_auroc=0.9416  val_f1=0.8373  lr=7.77e-05
Running Validation...
Ep 136/500  loss=0.0098  tr_acc=0.9970  val_acc=0.8360  val_auroc=0.9292  val_f1=0.7889  lr=7.76e-05
Running Validation...
Ep 137/500  loss=0.0170  tr_acc=0.9962  val_acc=0.8519  val_auroc=0.9531  val_f1=0.8195  lr=7.74e-05
Running Validation...
Ep 138/500  loss=0.0088  tr_acc=0.9962  val_acc=0.8571  val_auroc=0.9485  val_f1=0.8187  lr=7.72e-05
Running Validation...
Ep 139/500  loss=0.0063  tr_acc=0.9970  val_acc=0.8413  val_auroc=0.9493  val_f1=0.7943  lr=7.71e-05
Running Validation...
Ep 140/500  loss=0.0100  tr_acc=0.9947  val_acc=0.8413  val_auroc=0.9513  val_f1=0.7924  lr=7.69e-05
Running Validation...
Ep 141/500  loss=0.0201  tr_acc=0.9962  val_acc=0.8519  val_auroc=0.9459  val_f1=0.8031  lr=7.67e-05
Running Validation...
Ep 142/500  loss=0.0147  tr_acc=0.9962  val_acc=0.8571  val_auroc=0.9584  val_f1=0.8207  lr=7.65e-05
Running Validation...
Ep 143/500  loss=0.0086  tr_acc=0.9985  val_acc=0.8307  val_auroc=0.9495  val_f1=0.7934  lr=7.64e-05
Running Validation...
Ep 144/500  loss=0.0225  tr_acc=0.9931  val_acc=0.8360  val_auroc=0.9462  val_f1=0.7826  lr=7.62e-05
Running Validation...
Ep 145/500  loss=0.0180  tr_acc=0.9924  val_acc=0.8254  val_auroc=0.9435  val_f1=0.7561  lr=7.60e-05
Running Validation...
Ep 146/500  loss=0.0165  tr_acc=0.9939  val_acc=0.8730  val_auroc=0.9592  val_f1=0.8429  lr=7.58e-05
Running Validation...
Ep 147/500  loss=0.0114  tr_acc=0.9962  val_acc=0.8254  val_auroc=0.9314  val_f1=0.7870  lr=7.56e-05
Running Validation...
Ep 148/500  loss=0.0174  tr_acc=0.9924  val_acc=0.8571  val_auroc=0.9496  val_f1=0.8098  lr=7.54e-05
Running Validation...
Ep 149/500  loss=0.0114  tr_acc=0.9947  val_acc=0.8836  val_auroc=0.9456  val_f1=0.8439  lr=7.52e-05
Running Validation...
Ep 150/500  loss=0.0082  tr_acc=0.9962  val_acc=0.8519  val_auroc=0.9348  val_f1=0.8121  lr=7.51e-05
Running Validation...
Ep 151/500  loss=0.0135  tr_acc=0.9939  val_acc=0.8413  val_auroc=0.9440  val_f1=0.7910  lr=7.49e-05
Running Validation...
Ep 152/500  loss=0.0120  tr_acc=0.9962  val_acc=0.8254  val_auroc=0.9386  val_f1=0.7640  lr=7.47e-05
Running Validation...
Ep 153/500  loss=0.0192  tr_acc=0.9954  val_acc=0.8519  val_auroc=0.9477  val_f1=0.8056  lr=7.45e-05
Running Validation...
Ep 154/500  loss=0.0132  tr_acc=0.9939  val_acc=0.8519  val_auroc=0.9530  val_f1=0.8116  lr=7.43e-05
Running Validation...
Ep 155/500  loss=0.0094  tr_acc=0.9962  val_acc=0.8413  val_auroc=0.9459  val_f1=0.7918  lr=7.41e-05
Running Validation...
Ep 156/500  loss=0.0068  tr_acc=0.9962  val_acc=0.8466  val_auroc=0.9373  val_f1=0.8159  lr=7.39e-05
Running Validation...
Ep 157/500  loss=0.0078  tr_acc=0.9977  val_acc=0.8889  val_auroc=0.9568  val_f1=0.8665  lr=7.37e-05
Running Validation...
Ep 158/500  loss=0.0080  tr_acc=0.9970  val_acc=0.8783  val_auroc=0.9428  val_f1=0.8584  lr=7.35e-05
Running Validation...
Ep 159/500  loss=0.0170  tr_acc=0.9939  val_acc=0.8571  val_auroc=0.9408  val_f1=0.8254  lr=7.33e-05
Running Validation...
Ep 160/500  loss=0.0051  tr_acc=0.9977  val_acc=0.8466  val_auroc=0.9537  val_f1=0.8027  lr=7.31e-05
Running Validation...
Ep 161/500  loss=0.0042  tr_acc=0.9977  val_acc=0.8519  val_auroc=0.9383  val_f1=0.8302  lr=7.29e-05
Running Validation...
Ep 162/500  loss=0.0081  tr_acc=0.9962  val_acc=0.8783  val_auroc=0.9265  val_f1=0.8609  lr=7.27e-05
Running Validation...
Ep 163/500  loss=0.0037  tr_acc=0.9985  val_acc=0.8571  val_auroc=0.9333  val_f1=0.8281  lr=7.24e-05
Running Validation...
Ep 164/500  loss=0.0068  tr_acc=0.9977  val_acc=0.8624  val_auroc=0.9448  val_f1=0.8302  lr=7.22e-05
Running Validation...
Ep 165/500  loss=0.0069  tr_acc=0.9985  val_acc=0.8466  val_auroc=0.9471  val_f1=0.8006  lr=7.20e-05
Running Validation...
Ep 166/500  loss=0.0054  tr_acc=0.9970  val_acc=0.8254  val_auroc=0.9485  val_f1=0.7664  lr=7.18e-05
Running Validation...
Ep 167/500  loss=0.0050  tr_acc=0.9977  val_acc=0.8413  val_auroc=0.9509  val_f1=0.8010  lr=7.16e-05
Running Validation...
Ep 168/500  loss=0.0291  tr_acc=0.9909  val_acc=0.8307  val_auroc=0.9350  val_f1=0.7704  lr=7.14e-05
Running Validation...
Ep 169/500  loss=0.0082  tr_acc=0.9954  val_acc=0.8624  val_auroc=0.9461  val_f1=0.8279  lr=7.12e-05
Running Validation...
Ep 170/500  loss=0.0058  tr_acc=0.9977  val_acc=0.8466  val_auroc=0.9472  val_f1=0.8225  lr=7.09e-05
Running Validation...
Ep 171/500  loss=0.0125  tr_acc=0.9954  val_acc=0.8677  val_auroc=0.9486  val_f1=0.8315  lr=7.07e-05
Running Validation...
Ep 172/500  loss=0.0157  tr_acc=0.9947  val_acc=0.8148  val_auroc=0.9261  val_f1=0.7774  lr=7.05e-05
Running Validation...
Ep 173/500  loss=0.0121  tr_acc=0.9962  val_acc=0.8307  val_auroc=0.9351  val_f1=0.7800  lr=7.03e-05
Running Validation...
Ep 174/500  loss=0.0049  tr_acc=0.9985  val_acc=0.8360  val_auroc=0.9419  val_f1=0.7850  lr=7.00e-05
Running Validation...
Ep 175/500  loss=0.0095  tr_acc=0.9962  val_acc=0.8307  val_auroc=0.9460  val_f1=0.7710  lr=6.98e-05
Running Validation...
Ep 176/500  loss=0.0074  tr_acc=0.9977  val_acc=0.8466  val_auroc=0.9504  val_f1=0.8014  lr=6.96e-05
Running Validation...
Ep 177/500  loss=0.0108  tr_acc=0.9954  val_acc=0.8254  val_auroc=0.9445  val_f1=0.7812  lr=6.94e-05
Running Validation...
Ep 178/500  loss=0.0120  tr_acc=0.9977  val_acc=0.8413  val_auroc=0.9464  val_f1=0.7871  lr=6.91e-05
Running Validation...
Ep 179/500  loss=0.0069  tr_acc=0.9977  val_acc=0.8307  val_auroc=0.9496  val_f1=0.7688  lr=6.89e-05
Running Validation...
Ep 180/500  loss=0.0176  tr_acc=0.9939  val_acc=0.8254  val_auroc=0.9304  val_f1=0.7726  lr=6.87e-05
Running Validation...
Ep 181/500  loss=0.0101  tr_acc=0.9954  val_acc=0.7989  val_auroc=0.9272  val_f1=0.7172  lr=6.84e-05
Running Validation...
Ep 182/500  loss=0.0132  tr_acc=0.9954  val_acc=0.8201  val_auroc=0.9439  val_f1=0.7720  lr=6.82e-05
Running Validation...
Ep 183/500  loss=0.0102  tr_acc=0.9977  val_acc=0.8413  val_auroc=0.9453  val_f1=0.8161  lr=6.80e-05
Running Validation...
Ep 184/500  loss=0.0057  tr_acc=0.9970  val_acc=0.8360  val_auroc=0.9344  val_f1=0.7894  lr=6.77e-05
Running Validation...
Ep 185/500  loss=0.0051  tr_acc=0.9977  val_acc=0.8148  val_auroc=0.9437  val_f1=0.7654  lr=6.75e-05
Running Validation...
Ep 186/500  loss=0.0032  tr_acc=0.9992  val_acc=0.8360  val_auroc=0.9422  val_f1=0.7905  lr=6.72e-05
Running Validation...
Ep 187/500  loss=0.0017  tr_acc=1.0000  val_acc=0.8148  val_auroc=0.9322  val_f1=0.7459  lr=6.70e-05
Running Validation...
Ep 188/500  loss=0.0098  tr_acc=0.9970  val_acc=0.8148  val_auroc=0.9235  val_f1=0.7578  lr=6.68e-05
Running Validation...
Ep 189/500  loss=0.0109  tr_acc=0.9947  val_acc=0.8466  val_auroc=0.9253  val_f1=0.7980  lr=6.65e-05
Running Validation...
Ep 190/500  loss=0.0052  tr_acc=0.9977  val_acc=0.8201  val_auroc=0.9333  val_f1=0.7532  lr=6.63e-05
Running Validation...
Ep 191/500  loss=0.0056  tr_acc=0.9985  val_acc=0.8148  val_auroc=0.9351  val_f1=0.7396  lr=6.60e-05
Running Validation...
Ep 192/500  loss=0.0131  tr_acc=0.9977  val_acc=0.8519  val_auroc=0.9403  val_f1=0.8145  lr=6.58e-05
Running Validation...
Ep 193/500  loss=0.0090  tr_acc=0.9977  val_acc=0.8519  val_auroc=0.9413  val_f1=0.8205  lr=6.55e-05
Running Validation...
Ep 194/500  loss=0.0050  tr_acc=0.9970  val_acc=0.8307  val_auroc=0.9358  val_f1=0.7686  lr=6.53e-05
Running Validation...
Ep 195/500  loss=0.0071  tr_acc=0.9970  val_acc=0.8466  val_auroc=0.9488  val_f1=0.8042  lr=6.50e-05
Running Validation...
Ep 196/500  loss=0.0294  tr_acc=0.9962  val_acc=0.8254  val_auroc=0.9352  val_f1=0.7762  lr=6.48e-05
Running Validation...
Ep 197/500  loss=0.0029  tr_acc=0.9992  val_acc=0.8042  val_auroc=0.9303  val_f1=0.7516  lr=6.45e-05
Running Validation...
Ep 198/500  loss=0.0053  tr_acc=0.9992  val_acc=0.8201  val_auroc=0.9324  val_f1=0.7581  lr=6.43e-05
Running Validation...
Ep 199/500  loss=0.0060  tr_acc=0.9977  val_acc=0.8571  val_auroc=0.9409  val_f1=0.8205  lr=6.40e-05
Running Validation...
Ep 200/500  loss=0.0015  tr_acc=1.0000  val_acc=0.8201  val_auroc=0.9222  val_f1=0.7610  lr=6.38e-05
Running Validation...
Ep 201/500  loss=0.0107  tr_acc=0.9970  val_acc=0.8254  val_auroc=0.9322  val_f1=0.7627  lr=6.35e-05
Running Validation...
Ep 202/500  loss=0.0010  tr_acc=1.0000  val_acc=0.8254  val_auroc=0.9361  val_f1=0.7510  lr=6.32e-05
Running Validation...
Ep 203/500  loss=0.0130  tr_acc=0.9970  val_acc=0.8254  val_auroc=0.9322  val_f1=0.7636  lr=6.30e-05
Running Validation...
Ep 204/500  loss=0.0034  tr_acc=0.9985  val_acc=0.8095  val_auroc=0.9367  val_f1=0.7517  lr=6.27e-05
Running Validation...
Ep 205/500  loss=0.0072  tr_acc=0.9977  val_acc=0.8254  val_auroc=0.9433  val_f1=0.7759  lr=6.25e-05
Running Validation...
Ep 206/500  loss=0.0142  tr_acc=0.9962  val_acc=0.8360  val_auroc=0.9493  val_f1=0.7852  lr=6.22e-05
Running Validation...
Ep 207/500  loss=0.0079  tr_acc=0.9970  val_acc=0.8413  val_auroc=0.9420  val_f1=0.7809  lr=6.19e-05
Running Validation...
Ep 208/500  loss=0.0096  tr_acc=0.9977  val_acc=0.8413  val_auroc=0.9336  val_f1=0.8097  lr=6.17e-05
Running Validation...
Ep 209/500  loss=0.0052  tr_acc=0.9985  val_acc=0.8519  val_auroc=0.9446  val_f1=0.8130  lr=6.14e-05
Running Validation...
Ep 210/500  loss=0.0025  tr_acc=0.9992  val_acc=0.8519  val_auroc=0.9554  val_f1=0.7957  lr=6.11e-05
Running Validation...
Ep 211/500  loss=0.0068  tr_acc=0.9962  val_acc=0.8254  val_auroc=0.9422  val_f1=0.7830  lr=6.09e-05
Running Validation...
Ep 212/500  loss=0.0053  tr_acc=0.9985  val_acc=0.8254  val_auroc=0.9421  val_f1=0.7627  lr=6.06e-05
Running Validation...
Ep 213/500  loss=0.0040  tr_acc=0.9992  val_acc=0.8307  val_auroc=0.9466  val_f1=0.7828  lr=6.03e-05
Running Validation...
Ep 214/500  loss=0.0138  tr_acc=0.9977  val_acc=0.8413  val_auroc=0.9320  val_f1=0.8253  lr=6.01e-05
Running Validation...
Ep 215/500  loss=0.0078  tr_acc=0.9977  val_acc=0.8360  val_auroc=0.9405  val_f1=0.7912  lr=5.98e-05
Running Validation...
Ep 216/500  loss=0.0083  tr_acc=0.9977  val_acc=0.8307  val_auroc=0.9391  val_f1=0.7974  lr=5.95e-05
Running Validation...
Ep 217/500  loss=0.0086  tr_acc=0.9992  val_acc=0.8360  val_auroc=0.9393  val_f1=0.7824  lr=5.92e-05
Running Validation...
Ep 218/500  loss=0.0013  tr_acc=0.9992  val_acc=0.8360  val_auroc=0.9441  val_f1=0.7990  lr=5.90e-05
Running Validation...
Ep 219/500  loss=0.0070  tr_acc=0.9985  val_acc=0.8571  val_auroc=0.9407  val_f1=0.8158  lr=5.87e-05
Running Validation...
Ep 220/500  loss=0.0026  tr_acc=0.9992  val_acc=0.8307  val_auroc=0.9422  val_f1=0.7868  lr=5.84e-05
Running Validation...
Ep 221/500  loss=0.0036  tr_acc=0.9992  val_acc=0.8519  val_auroc=0.9505  val_f1=0.8038  lr=5.81e-05
Running Validation...
Ep 222/500  loss=0.0093  tr_acc=0.9954  val_acc=0.8307  val_auroc=0.9337  val_f1=0.7875  lr=5.79e-05
Running Validation...
Ep 223/500  loss=0.0030  tr_acc=1.0000  val_acc=0.8730  val_auroc=0.9496  val_f1=0.8377  lr=5.76e-05
Running Validation...
Ep 224/500  loss=0.0031  tr_acc=0.9992  val_acc=0.8624  val_auroc=0.9504  val_f1=0.8254  lr=5.73e-05
Running Validation...
Ep 225/500  loss=0.0035  tr_acc=0.9977  val_acc=0.8360  val_auroc=0.9434  val_f1=0.7880  lr=5.70e-05
Running Validation...
Ep 226/500  loss=0.0009  tr_acc=1.0000  val_acc=0.8307  val_auroc=0.9367  val_f1=0.7837  lr=5.68e-05
Running Validation...
Ep 227/500  loss=0.0033  tr_acc=0.9985  val_acc=0.8413  val_auroc=0.9401  val_f1=0.7975  lr=5.65e-05
Running Validation...
Ep 228/500  loss=0.0030  tr_acc=0.9985  val_acc=0.8254  val_auroc=0.9394  val_f1=0.7919  lr=5.62e-05
Running Validation...
Ep 229/500  loss=0.0081  tr_acc=0.9977  val_acc=0.8413  val_auroc=0.9443  val_f1=0.8068  lr=5.59e-05
Running Validation...
Ep 230/500  loss=0.0078  tr_acc=0.9970  val_acc=0.8466  val_auroc=0.9410  val_f1=0.8003  lr=5.56e-05
Running Validation...
Ep 231/500  loss=0.0038  tr_acc=0.9992  val_acc=0.8254  val_auroc=0.9352  val_f1=0.7697  lr=5.54e-05
Running Validation...
Ep 232/500  loss=0.0009  tr_acc=0.9992  val_acc=0.8254  val_auroc=0.9365  val_f1=0.7671  lr=5.51e-05
Running Validation...
Ep 233/500  loss=0.0061  tr_acc=0.9985  val_acc=0.8360  val_auroc=0.9454  val_f1=0.7759  lr=5.48e-05
Running Validation...
Ep 234/500  loss=0.0015  tr_acc=0.9992  val_acc=0.8571  val_auroc=0.9485  val_f1=0.8300  lr=5.45e-05
Running Validation...
Ep 235/500  loss=0.0013  tr_acc=0.9992  val_acc=0.8413  val_auroc=0.9472  val_f1=0.8017  lr=5.42e-05
Running Validation...
Ep 236/500  loss=0.0011  tr_acc=1.0000  val_acc=0.8360  val_auroc=0.9440  val_f1=0.7895  lr=5.39e-05
Running Validation...
Ep 237/500  loss=0.0035  tr_acc=0.9985  val_acc=0.8254  val_auroc=0.9424  val_f1=0.7828  lr=5.36e-05
Running Validation...
Ep 238/500  loss=0.0008  tr_acc=1.0000  val_acc=0.8360  val_auroc=0.9353  val_f1=0.7791  lr=5.34e-05
Running Validation...
Ep 239/500  loss=0.0099  tr_acc=0.9970  val_acc=0.8307  val_auroc=0.9429  val_f1=0.7800  lr=5.31e-05
Running Validation...
Ep 240/500  loss=0.0071  tr_acc=0.9970  val_acc=0.8466  val_auroc=0.9423  val_f1=0.8076  lr=5.28e-05
Running Validation...
Ep 241/500  loss=0.0116  tr_acc=0.9947  val_acc=0.8307  val_auroc=0.9372  val_f1=0.7946  lr=5.25e-05
Running Validation...
Ep 242/500  loss=0.0056  tr_acc=0.9977  val_acc=0.8571  val_auroc=0.9486  val_f1=0.8328  lr=5.22e-05
Running Validation...
Ep 243/500  loss=0.0056  tr_acc=0.9977  val_acc=0.8254  val_auroc=0.9356  val_f1=0.7743  lr=5.19e-05
Running Validation...
Ep 244/500  loss=0.0020  tr_acc=0.9992  val_acc=0.8095  val_auroc=0.9365  val_f1=0.7496  lr=5.16e-05
Running Validation...
Ep 245/500  loss=0.0066  tr_acc=0.9970  val_acc=0.7989  val_auroc=0.9322  val_f1=0.7363  lr=5.13e-05
Running Validation...
Ep 246/500  loss=0.0013  tr_acc=1.0000  val_acc=0.8148  val_auroc=0.9348  val_f1=0.7704  lr=5.10e-05
Running Validation...
Ep 247/500  loss=0.0004  tr_acc=1.0000  val_acc=0.8201  val_auroc=0.9333  val_f1=0.7780  lr=5.08e-05
Running Validation...
Ep 248/500  loss=0.0012  tr_acc=1.0000  val_acc=0.8201  val_auroc=0.9305  val_f1=0.7736  lr=5.05e-05
Running Validation...
Ep 249/500  loss=0.0015  tr_acc=0.9992  val_acc=0.8042  val_auroc=0.9268  val_f1=0.7526  lr=5.02e-05
Running Validation...
Ep 250/500  loss=0.0004  tr_acc=1.0000  val_acc=0.7989  val_auroc=0.9250  val_f1=0.7559  lr=4.99e-05
Running Validation...
Ep 251/500  loss=0.0010  tr_acc=0.9992  val_acc=0.8254  val_auroc=0.9260  val_f1=0.7894  lr=4.96e-05
Running Validation...
Ep 252/500  loss=0.0016  tr_acc=0.9992  val_acc=0.8201  val_auroc=0.9317  val_f1=0.7921  lr=4.93e-05
Running Validation...
Ep 253/500  loss=0.0005  tr_acc=1.0000  val_acc=0.8095  val_auroc=0.9313  val_f1=0.7695  lr=4.90e-05
Running Validation...
Ep 254/500  loss=0.0012  tr_acc=0.9992  val_acc=0.8254  val_auroc=0.9339  val_f1=0.7730  lr=4.87e-05
Running Validation...
Ep 255/500  loss=0.0007  tr_acc=1.0000  val_acc=0.8095  val_auroc=0.9284  val_f1=0.7473  lr=4.84e-05
Running Validation...
Ep 256/500  loss=0.0065  tr_acc=0.9970  val_acc=0.8254  val_auroc=0.9217  val_f1=0.7756  lr=4.81e-05
Running Validation...
Ep 257/500  loss=0.0119  tr_acc=0.9962  val_acc=0.7989  val_auroc=0.9188  val_f1=0.7391  lr=4.78e-05
Running Validation...
Ep 258/500  loss=0.0053  tr_acc=0.9992  val_acc=0.8095  val_auroc=0.9185  val_f1=0.7443  lr=4.75e-05
Running Validation...
Ep 259/500  loss=0.0031  tr_acc=0.9985  val_acc=0.8201  val_auroc=0.9269  val_f1=0.7656  lr=4.72e-05
Running Validation...
Ep 260/500  loss=0.0045  tr_acc=0.9977  val_acc=0.7566  val_auroc=0.9150  val_f1=0.7175  lr=4.69e-05
Running Validation...
Ep 261/500  loss=0.0018  tr_acc=1.0000  val_acc=0.7884  val_auroc=0.9342  val_f1=0.7180  lr=4.66e-05
Running Validation...
Ep 262/500  loss=0.0035  tr_acc=0.9985  val_acc=0.8095  val_auroc=0.9352  val_f1=0.7704  lr=4.64e-05
Running Validation...
Ep 263/500  loss=0.0017  tr_acc=0.9992  val_acc=0.8360  val_auroc=0.9378  val_f1=0.7999  lr=4.61e-05
Running Validation...
Ep 264/500  loss=0.0058  tr_acc=0.9977  val_acc=0.8307  val_auroc=0.9390  val_f1=0.7963  lr=4.58e-05
Running Validation...
Ep 265/500  loss=0.0044  tr_acc=0.9977  val_acc=0.8254  val_auroc=0.9393  val_f1=0.7857  lr=4.55e-05
Running Validation...
Ep 266/500  loss=0.0035  tr_acc=0.9970  val_acc=0.8148  val_auroc=0.9326  val_f1=0.7634  lr=4.52e-05
Running Validation...
Ep 267/500  loss=0.0110  tr_acc=0.9954  val_acc=0.8307  val_auroc=0.9354  val_f1=0.7907  lr=4.49e-05
Running Validation...
Ep 268/500  loss=0.0015  tr_acc=0.9992  val_acc=0.8148  val_auroc=0.9342  val_f1=0.7696  lr=4.46e-05
Running Validation...
Ep 269/500  loss=0.0012  tr_acc=0.9992  val_acc=0.8360  val_auroc=0.9433  val_f1=0.7875  lr=4.43e-05
Running Validation...
Ep 270/500  loss=0.0028  tr_acc=0.9992  val_acc=0.8360  val_auroc=0.9337  val_f1=0.7785  lr=4.40e-05
Running Validation...
Ep 271/500  loss=0.0046  tr_acc=0.9985  val_acc=0.8148  val_auroc=0.9396  val_f1=0.7593  lr=4.37e-05
Running Validation...
Ep 272/500  loss=0.0016  tr_acc=0.9992  val_acc=0.8042  val_auroc=0.9372  val_f1=0.7372  lr=4.34e-05
Running Validation...
Ep 273/500  loss=0.0010  tr_acc=0.9992  val_acc=0.8148  val_auroc=0.9403  val_f1=0.7447  lr=4.31e-05
Running Validation...
Ep 274/500  loss=0.0014  tr_acc=0.9992  val_acc=0.8042  val_auroc=0.9434  val_f1=0.7323  lr=4.28e-05
Running Validation...
Ep 275/500  loss=0.0016  tr_acc=0.9992  val_acc=0.8254  val_auroc=0.9422  val_f1=0.7692  lr=4.25e-05
Running Validation...
Ep 276/500  loss=0.0018  tr_acc=0.9992  val_acc=0.8360  val_auroc=0.9427  val_f1=0.7927  lr=4.22e-05
Running Validation...
Ep 277/500  loss=0.0015  tr_acc=0.9992  val_acc=0.8413  val_auroc=0.9411  val_f1=0.7934  lr=4.19e-05
Running Validation...
Ep 278/500  loss=0.0012  tr_acc=1.0000  val_acc=0.8413  val_auroc=0.9394  val_f1=0.7953  lr=4.16e-05
Running Validation...
Ep 279/500  loss=0.0003  tr_acc=1.0000  val_acc=0.8148  val_auroc=0.9369  val_f1=0.7634  lr=4.13e-05
Running Validation...
Ep 280/500  loss=0.0025  tr_acc=0.9992  val_acc=0.8201  val_auroc=0.9390  val_f1=0.7770  lr=4.10e-05
Running Validation...
Ep 281/500  loss=0.0015  tr_acc=0.9992  val_acc=0.8307  val_auroc=0.9399  val_f1=0.7829  lr=4.07e-05
Running Validation...
Ep 282/500  loss=0.0043  tr_acc=0.9985  val_acc=0.8201  val_auroc=0.9383  val_f1=0.7818  lr=4.04e-05
Running Validation...
Ep 283/500  loss=0.0025  tr_acc=0.9992  val_acc=0.8254  val_auroc=0.9382  val_f1=0.7804  lr=4.01e-05
Running Validation...
Ep 284/500  loss=0.0025  tr_acc=0.9985  val_acc=0.8254  val_auroc=0.9386  val_f1=0.7799  lr=3.98e-05
Running Validation...
Ep 285/500  loss=0.0013  tr_acc=1.0000  val_acc=0.8095  val_auroc=0.9355  val_f1=0.7678  lr=3.95e-05
Running Validation...
Ep 286/500  loss=0.0138  tr_acc=0.9962  val_acc=0.8360  val_auroc=0.9290  val_f1=0.7953  lr=3.92e-05
Running Validation...
Ep 287/500  loss=0.0014  tr_acc=0.9992  val_acc=0.8307  val_auroc=0.9383  val_f1=0.7853  lr=3.89e-05
Running Validation...
Ep 288/500  loss=0.0035  tr_acc=0.9992  val_acc=0.8042  val_auroc=0.9321  val_f1=0.7448  lr=3.86e-05
Running Validation...
Ep 289/500  loss=0.0107  tr_acc=0.9985  val_acc=0.8201  val_auroc=0.9422  val_f1=0.7612  lr=3.84e-05
Running Validation...
Ep 290/500  loss=0.0029  tr_acc=0.9985  val_acc=0.8148  val_auroc=0.9434  val_f1=0.7627  lr=3.81e-05
Running Validation...
Ep 291/500  loss=0.0006  tr_acc=1.0000  val_acc=0.8148  val_auroc=0.9465  val_f1=0.7514  lr=3.78e-05
Running Validation...
Ep 292/500  loss=0.0017  tr_acc=0.9985  val_acc=0.8148  val_auroc=0.9392  val_f1=0.7558  lr=3.75e-05
Running Validation...
Ep 293/500  loss=0.0002  tr_acc=1.0000  val_acc=0.8201  val_auroc=0.9428  val_f1=0.7615  lr=3.72e-05
Running Validation...
Ep 294/500  loss=0.0005  tr_acc=1.0000  val_acc=0.8095  val_auroc=0.9323  val_f1=0.7432  lr=3.69e-05
Running Validation...
Ep 295/500  loss=0.0002  tr_acc=1.0000  val_acc=0.8254  val_auroc=0.9369  val_f1=0.7788  lr=3.66e-05
Running Validation...
Ep 296/500  loss=0.0101  tr_acc=0.9985  val_acc=0.8254  val_auroc=0.9379  val_f1=0.7789  lr=3.63e-05
Running Validation...
Ep 297/500  loss=0.0034  tr_acc=0.9992  val_acc=0.8148  val_auroc=0.9397  val_f1=0.7609  lr=3.60e-05
Running Validation...
Ep 298/500  loss=0.0055  tr_acc=0.9977  val_acc=0.8413  val_auroc=0.9535  val_f1=0.7944  lr=3.57e-05
Running Validation...
Ep 299/500  loss=0.0009  tr_acc=0.9992  val_acc=0.8466  val_auroc=0.9513  val_f1=0.8049  lr=3.54e-05
Running Validation...
Ep 300/500  loss=0.0028  tr_acc=0.9977  val_acc=0.8307  val_auroc=0.9502  val_f1=0.7756  lr=3.51e-05
Running Validation...
Ep 301/500  loss=0.0029  tr_acc=0.9992  val_acc=0.8571  val_auroc=0.9507  val_f1=0.8145  lr=3.48e-05
Running Validation...
Ep 302/500  loss=0.0006  tr_acc=1.0000  val_acc=0.8466  val_auroc=0.9526  val_f1=0.8024  lr=3.45e-05
Running Validation...
Ep 303/500  loss=0.0005  tr_acc=1.0000  val_acc=0.8571  val_auroc=0.9535  val_f1=0.8247  lr=3.42e-05
Running Validation...
Ep 304/500  loss=0.0096  tr_acc=0.9970  val_acc=0.8466  val_auroc=0.9476  val_f1=0.8070  lr=3.40e-05
Running Validation...
Ep 305/500  loss=0.0087  tr_acc=0.9985  val_acc=0.8466  val_auroc=0.9444  val_f1=0.7993  lr=3.37e-05
Running Validation...
Ep 306/500  loss=0.0033  tr_acc=0.9985  val_acc=0.8360  val_auroc=0.9483  val_f1=0.7914  lr=3.34e-05
Running Validation...
Ep 307/500  loss=0.0002  tr_acc=1.0000  val_acc=0.8360  val_auroc=0.9482  val_f1=0.7940  lr=3.31e-05
Running Validation...
Ep 308/500  loss=0.0009  tr_acc=1.0000  val_acc=0.8360  val_auroc=0.9439  val_f1=0.7888  lr=3.28e-05
Running Validation...
Ep 309/500  loss=0.0002  tr_acc=1.0000  val_acc=0.8466  val_auroc=0.9465  val_f1=0.8059  lr=3.25e-05
Running Validation...
Ep 310/500  loss=0.0036  tr_acc=0.9992  val_acc=0.8201  val_auroc=0.9457  val_f1=0.7693  lr=3.22e-05
Running Validation...
Ep 311/500  loss=0.0054  tr_acc=0.9985  val_acc=0.8413  val_auroc=0.9484  val_f1=0.8004  lr=3.19e-05
Running Validation...
Ep 312/500  loss=0.0003  tr_acc=1.0000  val_acc=0.8254  val_auroc=0.9484  val_f1=0.7818  lr=3.16e-05
Running Validation...
Ep 313/500  loss=0.0069  tr_acc=0.9962  val_acc=0.8360  val_auroc=0.9382  val_f1=0.7954  lr=3.14e-05
Running Validation...
Ep 314/500  loss=0.0025  tr_acc=0.9992  val_acc=0.7778  val_auroc=0.9309  val_f1=0.6986  lr=3.11e-05
Running Validation...
Ep 315/500  loss=0.0007  tr_acc=1.0000  val_acc=0.8148  val_auroc=0.9397  val_f1=0.7501  lr=3.08e-05
Running Validation...
Ep 316/500  loss=0.0004  tr_acc=1.0000  val_acc=0.8201  val_auroc=0.9405  val_f1=0.7620  lr=3.05e-05
Running Validation...
Ep 317/500  loss=0.0004  tr_acc=1.0000  val_acc=0.8201  val_auroc=0.9415  val_f1=0.7630  lr=3.02e-05
Running Validation...
Ep 318/500  loss=0.0004  tr_acc=1.0000  val_acc=0.8201  val_auroc=0.9413  val_f1=0.7734  lr=2.99e-05
Running Validation...
Ep 319/500  loss=0.0006  tr_acc=1.0000  val_acc=0.8360  val_auroc=0.9454  val_f1=0.7797  lr=2.96e-05
Running Validation...
Ep 320/500  loss=0.0002  tr_acc=1.0000  val_acc=0.8148  val_auroc=0.9455  val_f1=0.7651  lr=2.94e-05
Running Validation...
Ep 321/500  loss=0.0003  tr_acc=1.0000  val_acc=0.8201  val_auroc=0.9464  val_f1=0.7633  lr=2.91e-05
Running Validation...
Ep 322/500  loss=0.0007  tr_acc=0.9992  val_acc=0.8413  val_auroc=0.9467  val_f1=0.7935  lr=2.88e-05
Running Validation...
Ep 323/500  loss=0.0010  tr_acc=0.9992  val_acc=0.8254  val_auroc=0.9434  val_f1=0.7816  lr=2.85e-05
Running Validation...
Ep 324/500  loss=0.0011  tr_acc=1.0000  val_acc=0.8360  val_auroc=0.9409  val_f1=0.7898  lr=2.82e-05
Running Validation...
Ep 325/500  loss=0.0004  tr_acc=1.0000  val_acc=0.8307  val_auroc=0.9421  val_f1=0.7816  lr=2.80e-05
Running Validation...
Ep 326/500  loss=0.0018  tr_acc=0.9992  val_acc=0.8360  val_auroc=0.9396  val_f1=0.8008  lr=2.77e-05
Running Validation...
Ep 327/500  loss=0.0001  tr_acc=1.0000  val_acc=0.8307  val_auroc=0.9408  val_f1=0.7874  lr=2.74e-05
Running Validation...
Ep 328/500  loss=0.0001  tr_acc=1.0000  val_acc=0.8360  val_auroc=0.9410  val_f1=0.7893  lr=2.71e-05
Running Validation...
Ep 329/500  loss=0.0002  tr_acc=1.0000  val_acc=0.8307  val_auroc=0.9388  val_f1=0.7792  lr=2.69e-05
Running Validation...
Ep 330/500  loss=0.0018  tr_acc=0.9992  val_acc=0.8360  val_auroc=0.9412  val_f1=0.7967  lr=2.66e-05
Running Validation...
Ep 331/500  loss=0.0012  tr_acc=0.9992  val_acc=0.8571  val_auroc=0.9470  val_f1=0.8129  lr=2.63e-05
Running Validation...
Ep 332/500  loss=0.0002  tr_acc=1.0000  val_acc=0.8677  val_auroc=0.9470  val_f1=0.8268  lr=2.60e-05
Running Validation...
Ep 333/500  loss=0.0002  tr_acc=1.0000  val_acc=0.8624  val_auroc=0.9494  val_f1=0.8267  lr=2.58e-05
Running Validation...
Ep 334/500  loss=0.0011  tr_acc=0.9992  val_acc=0.8519  val_auroc=0.9501  val_f1=0.8114  lr=2.55e-05
Running Validation...
Ep 335/500  loss=0.0001  tr_acc=1.0000  val_acc=0.8571  val_auroc=0.9489  val_f1=0.8200  lr=2.52e-05
Running Validation...
Ep 336/500  loss=0.0002  tr_acc=1.0000  val_acc=0.8466  val_auroc=0.9486  val_f1=0.7920  lr=2.49e-05
Running Validation...
Ep 337/500  loss=0.0001  tr_acc=1.0000  val_acc=0.8413  val_auroc=0.9495  val_f1=0.7878  lr=2.47e-05
Running Validation...
Ep 338/500  loss=0.0007  tr_acc=1.0000  val_acc=0.8413  val_auroc=0.9463  val_f1=0.7988  lr=2.44e-05
Running Validation...
Ep 339/500  loss=0.0001  tr_acc=1.0000  val_acc=0.8360  val_auroc=0.9444  val_f1=0.7902  lr=2.41e-05
Running Validation...
Ep 340/500  loss=0.0012  tr_acc=0.9992  val_acc=0.8254  val_auroc=0.9463  val_f1=0.7685  lr=2.39e-05
Running Validation...
Ep 341/500  loss=0.0003  tr_acc=1.0000  val_acc=0.8254  val_auroc=0.9502  val_f1=0.7687  lr=2.36e-05
Running Validation...
Ep 342/500  loss=0.0001  tr_acc=1.0000  val_acc=0.8360  val_auroc=0.9478  val_f1=0.7857  lr=2.33e-05
Running Validation...
Ep 343/500  loss=0.0001  tr_acc=1.0000  val_acc=0.8254  val_auroc=0.9485  val_f1=0.7685  lr=2.31e-05
Running Validation...
Ep 344/500  loss=0.0006  tr_acc=0.9992  val_acc=0.8254  val_auroc=0.9462  val_f1=0.7704  lr=2.28e-05
Running Validation...
Ep 345/500  loss=0.0102  tr_acc=0.9992  val_acc=0.8307  val_auroc=0.9456  val_f1=0.7809  lr=2.25e-05
Running Validation...
Ep 346/500  loss=0.0001  tr_acc=1.0000  val_acc=0.8677  val_auroc=0.9427  val_f1=0.8324  lr=2.23e-05
Running Validation...
Ep 347/500  loss=0.0004  tr_acc=1.0000  val_acc=0.8307  val_auroc=0.9526  val_f1=0.7820  lr=2.20e-05
Running Validation...
Ep 348/500  loss=0.0001  tr_acc=1.0000  val_acc=0.8307  val_auroc=0.9500  val_f1=0.7850  lr=2.18e-05
Running Validation...
Ep 349/500  loss=0.0001  tr_acc=1.0000  val_acc=0.8307  val_auroc=0.9509  val_f1=0.7814  lr=2.15e-05
Running Validation...
Ep 350/500  loss=0.0001  tr_acc=1.0000  val_acc=0.8254  val_auroc=0.9489  val_f1=0.7742  lr=2.13e-05
Running Validation...
Ep 351/500  loss=0.0003  tr_acc=1.0000  val_acc=0.8360  val_auroc=0.9497  val_f1=0.7968  lr=2.10e-05
Running Validation...
Ep 352/500  loss=0.0001  tr_acc=1.0000  val_acc=0.8624  val_auroc=0.9544  val_f1=0.8331  lr=2.07e-05
Running Validation...
Ep 353/500  loss=0.0001  tr_acc=1.0000  val_acc=0.8413  val_auroc=0.9528  val_f1=0.8014  lr=2.05e-05
Running Validation...
Ep 354/500  loss=0.0005  tr_acc=1.0000  val_acc=0.8413  val_auroc=0.9522  val_f1=0.8050  lr=2.02e-05
Running Validation...
Ep 355/500  loss=0.0319  tr_acc=0.9970  val_acc=0.8307  val_auroc=0.9473  val_f1=0.7886  lr=2.00e-05
Running Validation...
Ep 356/500  loss=0.0003  tr_acc=1.0000  val_acc=0.8519  val_auroc=0.9520  val_f1=0.8238  lr=1.97e-05
Running Validation...
Ep 357/500  loss=0.0004  tr_acc=1.0000  val_acc=0.8519  val_auroc=0.9493  val_f1=0.8122  lr=1.95e-05
Running Validation...
Ep 358/500  loss=0.0001  tr_acc=1.0000  val_acc=0.8519  val_auroc=0.9531  val_f1=0.8160  lr=1.92e-05
Running Validation...
Ep 359/500  loss=0.0002  tr_acc=1.0000  val_acc=0.8519  val_auroc=0.9526  val_f1=0.8217  lr=1.90e-05
Running Validation...
Ep 360/500  loss=0.0001  tr_acc=1.0000  val_acc=0.8466  val_auroc=0.9523  val_f1=0.8112  lr=1.87e-05
Running Validation...
Ep 361/500  loss=0.0001  tr_acc=1.0000  val_acc=0.8360  val_auroc=0.9511  val_f1=0.8009  lr=1.85e-05
Running Validation...
Ep 362/500  loss=0.0001  tr_acc=1.0000  val_acc=0.8571  val_auroc=0.9507  val_f1=0.8201  lr=1.82e-05
Running Validation...
Ep 363/500  loss=0.0001  tr_acc=1.0000  val_acc=0.8571  val_auroc=0.9534  val_f1=0.8258  lr=1.80e-05
Running Validation...
Ep 364/500  loss=0.0038  tr_acc=0.9992  val_acc=0.8519  val_auroc=0.9490  val_f1=0.8232  lr=1.78e-05
Running Validation...
Ep 365/500  loss=0.0005  tr_acc=1.0000  val_acc=0.8307  val_auroc=0.9500  val_f1=0.7912  lr=1.75e-05
Running Validation...
Ep 366/500  loss=0.0002  tr_acc=1.0000  val_acc=0.8413  val_auroc=0.9473  val_f1=0.8037  lr=1.73e-05
Running Validation...
Ep 367/500  loss=0.0001  tr_acc=1.0000  val_acc=0.8519  val_auroc=0.9503  val_f1=0.8156  lr=1.70e-05
Running Validation...
Ep 368/500  loss=0.0002  tr_acc=1.0000  val_acc=0.8466  val_auroc=0.9504  val_f1=0.8059  lr=1.68e-05
Running Validation...
Ep 369/500  loss=0.0002  tr_acc=1.0000  val_acc=0.8413  val_auroc=0.9482  val_f1=0.7981  lr=1.66e-05
Running Validation...
Ep 370/500  loss=0.0009  tr_acc=0.9992  val_acc=0.8571  val_auroc=0.9484  val_f1=0.8267  lr=1.63e-05
Running Validation...
Ep 371/500  loss=0.0003  tr_acc=1.0000  val_acc=0.8413  val_auroc=0.9495  val_f1=0.7969  lr=1.61e-05
Running Validation...
Ep 372/500  loss=0.0001  tr_acc=1.0000  val_acc=0.8519  val_auroc=0.9505  val_f1=0.8163  lr=1.59e-05
Running Validation...
Ep 373/500  loss=0.0001  tr_acc=1.0000  val_acc=0.8413  val_auroc=0.9491  val_f1=0.7979  lr=1.56e-05
Running Validation...
Ep 374/500  loss=0.0003  tr_acc=1.0000  val_acc=0.8677  val_auroc=0.9505  val_f1=0.8358  lr=1.54e-05
Running Validation...
Ep 375/500  loss=0.0002  tr_acc=1.0000  val_acc=0.8466  val_auroc=0.9523  val_f1=0.8014  lr=1.52e-05
Running Validation...
Ep 376/500  loss=0.0004  tr_acc=1.0000  val_acc=0.8413  val_auroc=0.9516  val_f1=0.7955  lr=1.50e-05
Running Validation...
Ep 377/500  loss=0.0001  tr_acc=1.0000  val_acc=0.8624  val_auroc=0.9525  val_f1=0.8248  lr=1.47e-05
Running Validation...
Ep 378/500  loss=0.0016  tr_acc=0.9992  val_acc=0.8519  val_auroc=0.9512  val_f1=0.8114  lr=1.45e-05
Running Validation...
Ep 379/500  loss=0.0001  tr_acc=1.0000  val_acc=0.8519  val_auroc=0.9539  val_f1=0.8070  lr=1.43e-05
Running Validation...
Ep 380/500  loss=0.0002  tr_acc=1.0000  val_acc=0.8677  val_auroc=0.9533  val_f1=0.8359  lr=1.41e-05
Running Validation...
Ep 381/500  loss=0.0042  tr_acc=0.9985  val_acc=0.8413  val_auroc=0.9529  val_f1=0.8008  lr=1.38e-05
Running Validation...
Ep 382/500  loss=0.0001  tr_acc=1.0000  val_acc=0.8413  val_auroc=0.9528  val_f1=0.7988  lr=1.36e-05
Running Validation...
Ep 383/500  loss=0.0005  tr_acc=1.0000  val_acc=0.8413  val_auroc=0.9490  val_f1=0.8045  lr=1.34e-05
Running Validation...
Ep 384/500  loss=0.0001  tr_acc=1.0000  val_acc=0.8571  val_auroc=0.9490  val_f1=0.8251  lr=1.32e-05
Running Validation...
Ep 385/500  loss=0.0001  tr_acc=1.0000  val_acc=0.8360  val_auroc=0.9503  val_f1=0.7968  lr=1.30e-05
Running Validation...
Ep 386/500  loss=0.0012  tr_acc=0.9992  val_acc=0.8466  val_auroc=0.9482  val_f1=0.8055  lr=1.28e-05
Running Validation...
Ep 387/500  loss=0.0001  tr_acc=1.0000  val_acc=0.8519  val_auroc=0.9514  val_f1=0.8109  lr=1.26e-05
Running Validation...
Ep 388/500  loss=0.0001  tr_acc=1.0000  val_acc=0.8413  val_auroc=0.9489  val_f1=0.7949  lr=1.23e-05
Running Validation...
Ep 389/500  loss=0.0002  tr_acc=1.0000  val_acc=0.8519  val_auroc=0.9513  val_f1=0.8109  lr=1.21e-05
Running Validation...
Ep 390/500  loss=0.0001  tr_acc=1.0000  val_acc=0.8677  val_auroc=0.9542  val_f1=0.8282  lr=1.19e-05
Running Validation...
Ep 391/500  loss=0.0001  tr_acc=1.0000  val_acc=0.8519  val_auroc=0.9542  val_f1=0.8109  lr=1.17e-05
Running Validation...
Ep 392/500  loss=0.0002  tr_acc=1.0000  val_acc=0.8413  val_auroc=0.9498  val_f1=0.7969  lr=1.15e-05
Running Validation...
Ep 393/500  loss=0.0003  tr_acc=1.0000  val_acc=0.8677  val_auroc=0.9532  val_f1=0.8315  lr=1.13e-05
Running Validation...
Ep 394/500  loss=0.0001  tr_acc=1.0000  val_acc=0.8624  val_auroc=0.9536  val_f1=0.8256  lr=1.11e-05
Running Validation...
Ep 395/500  loss=0.0001  tr_acc=1.0000  val_acc=0.8836  val_auroc=0.9533  val_f1=0.8587  lr=1.09e-05
Running Validation...
Ep 396/500  loss=0.0006  tr_acc=1.0000  val_acc=0.8519  val_auroc=0.9470  val_f1=0.8097  lr=1.07e-05
Running Validation...
Ep 397/500  loss=0.0001  tr_acc=1.0000  val_acc=0.8519  val_auroc=0.9517  val_f1=0.8126  lr=1.05e-05
Running Validation...
Ep 398/500  loss=0.0001  tr_acc=1.0000  val_acc=0.8466  val_auroc=0.9494  val_f1=0.7930  lr=1.03e-05
Running Validation...
Ep 399/500  loss=0.0002  tr_acc=1.0000  val_acc=0.8519  val_auroc=0.9499  val_f1=0.8168  lr=1.01e-05
Running Validation...
Ep 400/500  loss=0.0000  tr_acc=1.0000  val_acc=0.8624  val_auroc=0.9523  val_f1=0.8276  lr=9.94e-06
Running Validation...
Ep 401/500  loss=0.0001  tr_acc=1.0000  val_acc=0.8624  val_auroc=0.9507  val_f1=0.8283  lr=9.75e-06
Running Validation...
Ep 402/500  loss=0.0015  tr_acc=0.9992  val_acc=0.8624  val_auroc=0.9502  val_f1=0.8301  lr=9.56e-06
Running Validation...
Ep 403/500  loss=0.0001  tr_acc=1.0000  val_acc=0.8571  val_auroc=0.9488  val_f1=0.8226  lr=9.38e-06
Running Validation...
Ep 404/500  loss=0.0001  tr_acc=1.0000  val_acc=0.8571  val_auroc=0.9498  val_f1=0.8172  lr=9.19e-06
Running Validation...
Ep 405/500  loss=0.0003  tr_acc=1.0000  val_acc=0.8677  val_auroc=0.9495  val_f1=0.8359  lr=9.01e-06
Running Validation...
Ep 406/500  loss=0.0000  tr_acc=1.0000  val_acc=0.8624  val_auroc=0.9507  val_f1=0.8202  lr=8.83e-06
Running Validation...
Ep 407/500  loss=0.0000  tr_acc=1.0000  val_acc=0.8730  val_auroc=0.9487  val_f1=0.8390  lr=8.65e-06
Running Validation...
Ep 408/500  loss=0.0009  tr_acc=0.9992  val_acc=0.8413  val_auroc=0.9486  val_f1=0.7855  lr=8.47e-06
Running Validation...
Ep 409/500  loss=0.0001  tr_acc=1.0000  val_acc=0.8624  val_auroc=0.9484  val_f1=0.8226  lr=8.29e-06
Running Validation...
Ep 410/500  loss=0.0003  tr_acc=1.0000  val_acc=0.8360  val_auroc=0.9467  val_f1=0.7847  lr=8.12e-06
Running Validation...
Ep 411/500  loss=0.0001  tr_acc=1.0000  val_acc=0.8571  val_auroc=0.9482  val_f1=0.8129  lr=7.94e-06
Running Validation...
Ep 412/500  loss=0.0001  tr_acc=1.0000  val_acc=0.8519  val_auroc=0.9490  val_f1=0.8109  lr=7.77e-06
Running Validation...
Ep 413/500  loss=0.0001  tr_acc=1.0000  val_acc=0.8519  val_auroc=0.9493  val_f1=0.8119  lr=7.60e-06
Running Validation...
Ep 414/500  loss=0.0005  tr_acc=0.9992  val_acc=0.8571  val_auroc=0.9492  val_f1=0.8115  lr=7.43e-06
Running Validation...
Ep 415/500  loss=0.0000  tr_acc=1.0000  val_acc=0.8466  val_auroc=0.9465  val_f1=0.8032  lr=7.27e-06
Running Validation...
Ep 416/500  loss=0.0001  tr_acc=1.0000  val_acc=0.8413  val_auroc=0.9436  val_f1=0.7947  lr=7.10e-06
Running Validation...
Ep 417/500  loss=0.0001  tr_acc=1.0000  val_acc=0.8466  val_auroc=0.9453  val_f1=0.7937  lr=6.94e-06
Running Validation...
Ep 418/500  loss=0.0028  tr_acc=0.9992  val_acc=0.8519  val_auroc=0.9462  val_f1=0.8073  lr=6.78e-06
Running Validation...
Ep 419/500  loss=0.0000  tr_acc=1.0000  val_acc=0.8307  val_auroc=0.9472  val_f1=0.7771  lr=6.62e-06
Running Validation...
Ep 420/500  loss=0.0001  tr_acc=1.0000  val_acc=0.8624  val_auroc=0.9465  val_f1=0.8256  lr=6.46e-06
Running Validation...
Ep 421/500  loss=0.0001  tr_acc=1.0000  val_acc=0.8571  val_auroc=0.9474  val_f1=0.8125  lr=6.30e-06
Running Validation...
Ep 422/500  loss=0.0000  tr_acc=1.0000  val_acc=0.8519  val_auroc=0.9462  val_f1=0.8057  lr=6.15e-06
Running Validation...
Ep 423/500  loss=0.0001  tr_acc=1.0000  val_acc=0.8571  val_auroc=0.9449  val_f1=0.8093  lr=5.99e-06
Running Validation...
Ep 424/500  loss=0.0001  tr_acc=1.0000  val_acc=0.8624  val_auroc=0.9449  val_f1=0.8220  lr=5.84e-06
Running Validation...
Ep 425/500  loss=0.0001  tr_acc=1.0000  val_acc=0.8413  val_auroc=0.9441  val_f1=0.7917  lr=5.69e-06
Running Validation...
Ep 426/500  loss=0.0000  tr_acc=1.0000  val_acc=0.8519  val_auroc=0.9474  val_f1=0.8073  lr=5.55e-06
Running Validation...
Ep 427/500  loss=0.0001  tr_acc=1.0000  val_acc=0.8466  val_auroc=0.9449  val_f1=0.8013  lr=5.40e-06
Running Validation...
Ep 428/500  loss=0.0000  tr_acc=1.0000  val_acc=0.8624  val_auroc=0.9478  val_f1=0.8184  lr=5.26e-06
Running Validation...
Ep 429/500  loss=0.0000  tr_acc=1.0000  val_acc=0.8571  val_auroc=0.9466  val_f1=0.8131  lr=5.11e-06
Running Validation...
Ep 430/500  loss=0.0000  tr_acc=1.0000  val_acc=0.8624  val_auroc=0.9471  val_f1=0.8272  lr=4.97e-06
Running Validation...
Ep 431/500  loss=0.0001  tr_acc=1.0000  val_acc=0.8466  val_auroc=0.9456  val_f1=0.8059  lr=4.84e-06
Running Validation...
Ep 432/500  loss=0.0001  tr_acc=1.0000  val_acc=0.8466  val_auroc=0.9478  val_f1=0.8016  lr=4.70e-06
Running Validation...
Ep 433/500  loss=0.0000  tr_acc=1.0000  val_acc=0.8677  val_auroc=0.9483  val_f1=0.8359  lr=4.57e-06
Running Validation...
Ep 434/500  loss=0.0001  tr_acc=1.0000  val_acc=0.8571  val_auroc=0.9471  val_f1=0.8172  lr=4.43e-06
Running Validation...
Ep 435/500  loss=0.0000  tr_acc=1.0000  val_acc=0.8413  val_auroc=0.9459  val_f1=0.7896  lr=4.30e-06
Running Validation...
Ep 436/500  loss=0.0001  tr_acc=1.0000  val_acc=0.8571  val_auroc=0.9484  val_f1=0.8186  lr=4.17e-06
Running Validation...
Ep 437/500  loss=0.0001  tr_acc=1.0000  val_acc=0.8413  val_auroc=0.9465  val_f1=0.7928  lr=4.04e-06
Running Validation...
Ep 438/500  loss=0.0001  tr_acc=1.0000  val_acc=0.8677  val_auroc=0.9452  val_f1=0.8362  lr=3.92e-06
Running Validation...
Ep 439/500  loss=0.0000  tr_acc=1.0000  val_acc=0.8677  val_auroc=0.9476  val_f1=0.8283  lr=3.80e-06
Running Validation...
Ep 440/500  loss=0.0000  tr_acc=1.0000  val_acc=0.8571  val_auroc=0.9445  val_f1=0.8187  lr=3.67e-06
Running Validation...
Ep 441/500  loss=0.0001  tr_acc=1.0000  val_acc=0.8413  val_auroc=0.9459  val_f1=0.7896  lr=3.55e-06
Running Validation...
Ep 442/500  loss=0.0005  tr_acc=1.0000  val_acc=0.8413  val_auroc=0.9446  val_f1=0.7917  lr=3.44e-06
Running Validation...
Ep 443/500  loss=0.0079  tr_acc=0.9985  val_acc=0.8519  val_auroc=0.9466  val_f1=0.8109  lr=3.32e-06
Running Validation...
Ep 444/500  loss=0.0000  tr_acc=1.0000  val_acc=0.8307  val_auroc=0.9446  val_f1=0.7809  lr=3.21e-06
Running Validation...
Ep 445/500  loss=0.0317  tr_acc=0.9970  val_acc=0.8360  val_auroc=0.9446  val_f1=0.7869  lr=3.09e-06
Running Validation...
Ep 446/500  loss=0.0001  tr_acc=1.0000  val_acc=0.8466  val_auroc=0.9457  val_f1=0.7952  lr=2.98e-06
Running Validation...
Ep 447/500  loss=0.0000  tr_acc=1.0000  val_acc=0.8466  val_auroc=0.9472  val_f1=0.8030  lr=2.88e-06
Running Validation...
Ep 448/500  loss=0.0008  tr_acc=0.9992  val_acc=0.8413  val_auroc=0.9452  val_f1=0.7911  lr=2.77e-06
Running Validation...
Ep 449/500  loss=0.0009  tr_acc=0.9992  val_acc=0.8466  val_auroc=0.9461  val_f1=0.8073  lr=2.67e-06
Running Validation...
Ep 450/500  loss=0.0002  tr_acc=1.0000  val_acc=0.8360  val_auroc=0.9470  val_f1=0.7844  lr=2.56e-06
Running Validation...
Ep 451/500  loss=0.0000  tr_acc=1.0000  val_acc=0.8201  val_auroc=0.9441  val_f1=0.7573  lr=2.46e-06
Running Validation...
Ep 452/500  loss=0.0000  tr_acc=1.0000  val_acc=0.8571  val_auroc=0.9453  val_f1=0.8161  lr=2.36e-06
Running Validation...
Ep 453/500  loss=0.0000  tr_acc=1.0000  val_acc=0.8519  val_auroc=0.9453  val_f1=0.8048  lr=2.27e-06
Running Validation...
Ep 454/500  loss=0.0000  tr_acc=1.0000  val_acc=0.8519  val_auroc=0.9455  val_f1=0.8104  lr=2.17e-06
Running Validation...
Ep 455/500  loss=0.0000  tr_acc=1.0000  val_acc=0.8519  val_auroc=0.9465  val_f1=0.8089  lr=2.08e-06
Running Validation...
Ep 456/500  loss=0.0001  tr_acc=1.0000  val_acc=0.8519  val_auroc=0.9471  val_f1=0.8087  lr=1.99e-06
Running Validation...
Ep 457/500  loss=0.0001  tr_acc=1.0000  val_acc=0.8413  val_auroc=0.9457  val_f1=0.7914  lr=1.90e-06
Running Validation...
Ep 458/500  loss=0.0000  tr_acc=1.0000  val_acc=0.8360  val_auroc=0.9444  val_f1=0.7824  lr=1.81e-06
Running Validation...
Ep 459/500  loss=0.0000  tr_acc=1.0000  val_acc=0.8360  val_auroc=0.9443  val_f1=0.7808  lr=1.73e-06
Running Validation...
Ep 460/500  loss=0.0001  tr_acc=1.0000  val_acc=0.8466  val_auroc=0.9461  val_f1=0.8014  lr=1.65e-06
Running Validation...
Ep 461/500  loss=0.0000  tr_acc=1.0000  val_acc=0.8677  val_auroc=0.9471  val_f1=0.8283  lr=1.57e-06
Running Validation...
Ep 462/500  loss=0.0000  tr_acc=1.0000  val_acc=0.8360  val_auroc=0.9443  val_f1=0.7872  lr=1.49e-06
Running Validation...
Ep 463/500  loss=0.0000  tr_acc=1.0000  val_acc=0.8413  val_auroc=0.9438  val_f1=0.7906  lr=1.41e-06
Running Validation...
Ep 464/500  loss=0.0000  tr_acc=1.0000  val_acc=0.8413  val_auroc=0.9460  val_f1=0.7931  lr=1.34e-06
Running Validation...
Ep 465/500  loss=0.0001  tr_acc=1.0000  val_acc=0.8519  val_auroc=0.9461  val_f1=0.8128  lr=1.26e-06
Running Validation...
Ep 466/500  loss=0.0000  tr_acc=1.0000  val_acc=0.8413  val_auroc=0.9450  val_f1=0.7892  lr=1.19e-06
Running Validation...
Ep 467/500  loss=0.0001  tr_acc=1.0000  val_acc=0.8571  val_auroc=0.9472  val_f1=0.8209  lr=1.12e-06
Running Validation...
Ep 468/500  loss=0.0000  tr_acc=1.0000  val_acc=0.8519  val_auroc=0.9467  val_f1=0.8128  lr=1.06e-06
Running Validation...
Ep 469/500  loss=0.0002  tr_acc=1.0000  val_acc=0.8519  val_auroc=0.9468  val_f1=0.8070  lr=9.91e-07
Running Validation...
Ep 470/500  loss=0.0000  tr_acc=1.0000  val_acc=0.8571  val_auroc=0.9469  val_f1=0.8241  lr=9.29e-07
Running Validation...
Ep 471/500  loss=0.0001  tr_acc=1.0000  val_acc=0.8519  val_auroc=0.9492  val_f1=0.8114  lr=8.68e-07
Running Validation...
Ep 472/500  loss=0.0001  tr_acc=1.0000  val_acc=0.8413  val_auroc=0.9466  val_f1=0.7928  lr=8.50e-07
Running Validation...
Ep 473/500  loss=0.0000  tr_acc=1.0000  val_acc=0.8571  val_auroc=0.9493  val_f1=0.8209  lr=8.50e-07
Running Validation...
Ep 474/500  loss=0.0001  tr_acc=1.0000  val_acc=0.8413  val_auroc=0.9452  val_f1=0.7955  lr=8.50e-07
Running Validation...
Ep 475/500  loss=0.0000  tr_acc=1.0000  val_acc=0.8413  val_auroc=0.9467  val_f1=0.7985  lr=8.50e-07
Running Validation...
Ep 476/500  loss=0.0001  tr_acc=1.0000  val_acc=0.8307  val_auroc=0.9453  val_f1=0.7738  lr=8.50e-07
Running Validation...
Ep 477/500  loss=0.0001  tr_acc=1.0000  val_acc=0.8571  val_auroc=0.9487  val_f1=0.8209  lr=8.50e-07
Running Validation...
Ep 478/500  loss=0.0001  tr_acc=1.0000  val_acc=0.8571  val_auroc=0.9477  val_f1=0.8223  lr=8.50e-07
Running Validation...
Ep 479/500  loss=0.0000  tr_acc=1.0000  val_acc=0.8466  val_auroc=0.9479  val_f1=0.7971  lr=8.50e-07
Running Validation...
Ep 480/500  loss=0.0003  tr_acc=1.0000  val_acc=0.8466  val_auroc=0.9467  val_f1=0.8032  lr=8.50e-07
Running Validation...
Ep 481/500  loss=0.0039  tr_acc=0.9992  val_acc=0.8360  val_auroc=0.9458  val_f1=0.7875  lr=8.50e-07
Running Validation...
Ep 482/500  loss=0.0000  tr_acc=1.0000  val_acc=0.8360  val_auroc=0.9472  val_f1=0.7911  lr=8.50e-07
Running Validation...
Ep 483/500  loss=0.0000  tr_acc=1.0000  val_acc=0.8571  val_auroc=0.9482  val_f1=0.8131  lr=8.50e-07
Running Validation...
Ep 484/500  loss=0.0002  tr_acc=1.0000  val_acc=0.8519  val_auroc=0.9461  val_f1=0.8050  lr=8.50e-07
Running Validation...
Ep 485/500  loss=0.0000  tr_acc=1.0000  val_acc=0.8360  val_auroc=0.9475  val_f1=0.7811  lr=8.50e-07
Running Validation...
Ep 486/500  loss=0.0001  tr_acc=1.0000  val_acc=0.8519  val_auroc=0.9485  val_f1=0.8109  lr=8.50e-07
Running Validation...
Ep 487/500  loss=0.0009  tr_acc=0.9992  val_acc=0.8466  val_auroc=0.9468  val_f1=0.8016  lr=8.50e-07
Running Validation...
Ep 488/500  loss=0.0005  tr_acc=1.0000  val_acc=0.8466  val_auroc=0.9458  val_f1=0.8016  lr=8.50e-07
Running Validation...
Ep 489/500  loss=0.0000  tr_acc=1.0000  val_acc=0.8519  val_auroc=0.9452  val_f1=0.8114  lr=8.50e-07
Running Validation...
Ep 490/500  loss=0.0000  tr_acc=1.0000  val_acc=0.8571  val_auroc=0.9468  val_f1=0.8215  lr=8.50e-07
Running Validation...
Ep 491/500  loss=0.0000  tr_acc=1.0000  val_acc=0.8360  val_auroc=0.9477  val_f1=0.7808  lr=8.50e-07
Running Validation...
Ep 492/500  loss=0.0027  tr_acc=0.9992  val_acc=0.8466  val_auroc=0.9474  val_f1=0.8016  lr=8.50e-07
Running Validation...
Ep 493/500  loss=0.0002  tr_acc=1.0000  val_acc=0.8413  val_auroc=0.9454  val_f1=0.8003  lr=8.50e-07
Running Validation...
Ep 494/500  loss=0.0000  tr_acc=1.0000  val_acc=0.8571  val_auroc=0.9514  val_f1=0.8131  lr=8.50e-07
Running Validation...
Ep 495/500  loss=0.0000  tr_acc=1.0000  val_acc=0.8571  val_auroc=0.9465  val_f1=0.8226  lr=8.50e-07
Running Validation...
Ep 496/500  loss=0.0001  tr_acc=1.0000  val_acc=0.8307  val_auroc=0.9457  val_f1=0.7831  lr=8.50e-07
Running Validation...
Ep 497/500  loss=0.0000  tr_acc=1.0000  val_acc=0.8571  val_auroc=0.9468  val_f1=0.8209  lr=8.50e-07
Running Validation...
Ep 498/500  loss=0.0000  tr_acc=1.0000  val_acc=0.8360  val_auroc=0.9448  val_f1=0.7842  lr=8.50e-07
Running Validation...
Ep 499/500  loss=0.0000  tr_acc=1.0000  val_acc=0.8413  val_auroc=0.9478  val_f1=0.7914  lr=8.50e-07
Running Validation...
Ep 500/500  loss=0.0001  tr_acc=1.0000  val_acc=0.8360  val_auroc=0.9458  val_f1=0.7783  lr=8.50e-07
Training complete. Best AUROC: 0.9592, Best F1: 0.8665
Loaded best model from best_f1_model.pt (epoch 157)
Running Validation (final)...

Binary fairness (Validation):
  Acc_light: 0.8944  (FST I–III)
  Acc_dark : 0.8667  (FST IV–VI)
  Acc_gap  : 0.0277
  DP_diff  : 0.1678
  EOpp0    : 0.3394
  EOpp1    : 0.1441
  EOdd     : 0.2418
Running Test...

[REWT ResNet-18] Test KNN (k=5) accuracy: 0.9159

Binary fairness (Test):
  Acc_light: 0.9218  (FST I–III)
  Acc_dark : 0.8627  (FST IV–VI)
  Acc_gap  : 0.0590
  DP_diff  : 0.1349
  EOpp0    : 0.2317
  EOpp1    : 0.1030
  EOdd     : 0.1674

Evaluating on fitzpatrick17k
Running Cross-eval: fitzpatrick17k...

Binary fairness (fitzpatrick17k):
  Acc_light: 0.5351  (FST I–III)
  Acc_dark : 0.4784  (FST IV–VI)
  Acc_gap  : 0.0567
  DP_diff  : 0.0700
  EOpp0    : 0.0897
  EOpp1    : 0.0709
  EOdd     : 0.0803
  Acc_gap  : 0.0567

Evaluating on padufes20
Running Cross-eval: padufes20...

Binary fairness (padufes20):
  Acc_light: 0.8172  (FST I–III)
  Acc_dark : 0.7143  (FST IV–VI)
  Acc_gap  : 0.1029
  DP_diff  : 0.1078
  EOpp0    : 0.0560
  EOpp1    : 0.0693
  EOdd     : 0.0627
  Acc_gap  : 0.1029

Evaluating on isic2019
Running Cross-eval: isic2019...

Binary fairness (isic2019):
  Acc_light: nan  (FST I–III)
  Acc_dark : nan  (FST IV–VI)
  Acc_gap  : nan
  DP_diff  : nan
  EOpp0    : nan
  EOpp1    : nan
  EOdd     : nan
  Acc_gap  : nan

Cross-dataset summary:
                 accuracy     auroc  precision  ...       EOM       PQD       DPM
fitzpatrick17k  0.519398  0.706649   0.562166  ...  0.539896  0.841479  0.477687
padufes20       0.738826  0.823901   0.569669  ...  0.635706  0.684211  0.354688
isic2019        0.751225  0.849772   0.690279  ...       NaN       NaN       NaN

[3 rows x 10 columns]

All results saved to outputs_REWT_resnet18/results_REWT_resnet18
Checkpoints saved to outputs_REWT_resnet18/checkpoints_REWT_resnet18
=========================================
Finished: Thu Jun 25 12:16:34 AM CEST 2026
Exit code: 0

[DONE] Training completed successfully.
Outputs:
  Checkpoints → 20260623-process/outputs_REWT_resnet18/checkpoints/
  Results     → 20260623-process/outputs_REWT_resnet18/results/
  CSVs        → 20260623-process/outputs_REWT_resnet18/csvs/
