=========================================
Job:       train_patchalign_resnet18  (412725)
Node:      bigpu02
Started:   Tue May 26 10:24:14 AM CEST 2026
=========================================
[INFO] No HF token found at /users/jlacmou/.hf_token — downloads may be slow.
[INFO] No kaggle.json found in process_patchalign_resnet18. Relying on ~/.kaggle/ or env vars.
[SETUP] Creating virtual environment...
[SETUP] Installing / verifying Python dependencies...

── GPU info ──────────────────────────────
Tesla V100-PCIE-32GB, 32768 MiB, 575.57.08
PyTorch : 2.12.0+cu126
CUDA    : 12.6
Devices : 1
GPU 0   : Tesla V100-PCIE-32GB
VRAM    : 34.1 GB
──────────────────────────────────────────

[CHECK] Validating dataset roots...
  [MISSING] process_patchalign_resnet18/data/datasets/asosenge/hibaskinlesionsdataset-main  ← Attempting to download via Kaggle CLI...
Dataset URL: https://www.kaggle.com/datasets/asosenge/hibaskinlesionsdataset-main
License(s): other
Downloading hibaskinlesionsdataset-main.zip to process_patchalign_resnet18/data/datasets/asosenge/hibaskinlesionsdataset-main

  [DOWNLOADED] process_patchalign_resnet18/data/datasets/asosenge/hibaskinlesionsdataset-main
  [MISSING] process_patchalign_resnet18/data/datasets/asosenge/fitzpatrick17k  ← Attempting to download via Kaggle CLI...
Dataset URL: https://www.kaggle.com/datasets/asosenge/fitzpatrick17k
License(s): other
Downloading fitzpatrick17k.zip to process_patchalign_resnet18/data/datasets/asosenge/fitzpatrick17k

  [DOWNLOADED] process_patchalign_resnet18/data/datasets/asosenge/fitzpatrick17k
  [MISSING] process_patchalign_resnet18/data/datasets/asosenge/ham10000  ← Attempting to download via Kaggle CLI...
Dataset URL: https://www.kaggle.com/datasets/asosenge/ham10000
License(s): Attribution-NonCommercial 4.0 International (CC BY-NC 4.0)
Downloading ham10000.zip to process_patchalign_resnet18/data/datasets/asosenge/ham10000

  [DOWNLOADED] process_patchalign_resnet18/data/datasets/asosenge/ham10000
  [MISSING] process_patchalign_resnet18/data/datasets/asosenge/derm7pt  ← Attempting to download via Kaggle CLI...
Dataset URL: https://www.kaggle.com/datasets/asosenge/derm7pt
License(s): other
Downloading derm7pt.zip to process_patchalign_resnet18/data/datasets/asosenge/derm7pt

  [DOWNLOADED] process_patchalign_resnet18/data/datasets/asosenge/derm7pt
  [MISSING] process_patchalign_resnet18/data/datasets/mahdavi1202/skin-cancer  ← Attempting to download via Kaggle CLI...
Dataset URL: https://www.kaggle.com/datasets/mahdavi1202/skin-cancer
License(s): Attribution 4.0 International (CC BY 4.0)
Downloading skin-cancer.zip to process_patchalign_resnet18/data/datasets/mahdavi1202/skin-cancer

  [DOWNLOADED] process_patchalign_resnet18/data/datasets/mahdavi1202/skin-cancer
  [MISSING] process_patchalign_resnet18/data/datasets/sengenjih/isic2019  ← Attempting to download via Kaggle CLI...
Dataset URL: https://www.kaggle.com/datasets/sengenjih/isic2019
License(s): Attribution-NonCommercial 4.0 International (CC BY-NC 4.0)
Downloading isic2019.zip to process_patchalign_resnet18/data/datasets/sengenjih/isic2019

  [DOWNLOADED] process_patchalign_resnet18/data/datasets/sengenjih/isic2019

[CONVERT] Converting notebook to Python script...
[PATCH] Redirecting Kaggle paths → cluster paths...
  DATA_ROOT  → process_patchalign_resnet18/data/datasets
  WORK_ROOT  → process_patchalign_resnet18/outputs
  BB_CACHE   → process_patchalign_resnet18/backbone_cache
  Patch applied successfully.

[RUN] Starting training — Tue May 26 10:47:21 AM CEST 2026
=========================================
Device: cuda
CSV dir: outputs/csvs
Checkpoints: outputs/checkpoints_PatchAlign_resnet18
Results: outputs/results_PatchAlign_resnet18
Loaded full embedding matrix: (115, 768)
Selected embeddings: (6, 768)
[INFO] Built image map for hiba: 1616 entries
[INFO] Built image map for fitzpatrick17k: 16577 entries
[INFO] Built image map for ham10000: 20030 entries
[INFO] Built image map for derm7pt: 2013 entries
[INFO] Built image map for padufes20: 2298 entries
[INFO] Built image map for isic2019: 33569 entries
[INFO] Loaded derm7pt paired eval set: 869 samples
[INFO] Loaded padufes20 unpaired eval set: 2063 samples
[INFO] Loaded isic2019 unpaired eval set: 27551 samples
Train batches: 273, Val batches: 59
Test batches: 59
Cross-eval loaders: ['derm7pt', 'padufes20', 'isic2019']
Downloading: "https://download.pytorch.org/models/resnet18-f37072fd.pth" to process_patchalign_resnet18/backbone_cache/hub/checkpoints/resnet18-f37072fd.pth
Running Validation...
Ep   1/500  loss=4.4829  (cls=1.688 conf=1.809 skin=1.802 got=0.088)  tr_acc=0.2437  val_acc=0.4597  val_auroc=0.7018  val_f1=0.2961  lr=1.70e-06
Running Validation...
Ep   2/500  loss=4.2257  (cls=1.458 conf=1.804 skin=1.804 got=0.062)  tr_acc=0.3654  val_acc=0.6091  val_auroc=0.8278  val_f1=0.4268  lr=2.55e-06
Running Validation...
Ep   3/500  loss=4.0079  (cls=1.264 conf=1.801 skin=1.806 got=0.037)  tr_acc=0.4807  val_acc=0.6149  val_auroc=0.8717  val_f1=0.4787  lr=3.40e-06
Running Validation...
Ep   4/500  loss=3.8146  (cls=1.094 conf=1.799 skin=1.799 got=0.022)  tr_acc=0.5533  val_acc=0.6427  val_auroc=0.8977  val_f1=0.5201  lr=4.25e-06
Running Validation...
Ep   5/500  loss=3.7126  (cls=1.004 conf=1.797 skin=1.797 got=0.014)  tr_acc=0.5964  val_acc=0.6624  val_auroc=0.9124  val_f1=0.5496  lr=5.10e-06
Running Validation...
Ep   6/500  loss=3.6231  (cls=0.922 conf=1.795 skin=1.793 got=0.010)  tr_acc=0.6348  val_acc=0.6869  val_auroc=0.9209  val_f1=0.5743  lr=5.95e-06
Running Validation...
Ep   7/500  loss=3.5660  (cls=0.867 conf=1.795 skin=1.794 got=0.008)  tr_acc=0.6590  val_acc=0.6853  val_auroc=0.9257  val_f1=0.5952  lr=6.80e-06
Running Validation...
Ep   8/500  loss=3.4926  (cls=0.795 conf=1.794 skin=1.794 got=0.006)  tr_acc=0.6842  val_acc=0.7317  val_auroc=0.9334  val_f1=0.6247  lr=7.65e-06
Running Validation...
Ep   9/500  loss=3.4281  (cls=0.733 conf=1.793 skin=1.792 got=0.006)  tr_acc=0.7081  val_acc=0.7435  val_auroc=0.9382  val_f1=0.6422  lr=8.50e-06
Running Validation...
Ep  10/500  loss=3.3971  (cls=0.703 conf=1.793 skin=1.792 got=0.006)  tr_acc=0.7271  val_acc=0.7205  val_auroc=0.9372  val_f1=0.6342  lr=9.35e-06
Running Validation...
Ep  11/500  loss=3.3998  (cls=0.706 conf=1.793 skin=1.792 got=0.006)  tr_acc=0.7264  val_acc=0.7376  val_auroc=0.9386  val_f1=0.6441  lr=1.02e-05
Running Validation...
Ep  12/500  loss=3.4149  (cls=0.720 conf=1.793 skin=1.792 got=0.006)  tr_acc=0.7170  val_acc=0.7387  val_auroc=0.9393  val_f1=0.6410  lr=1.11e-05
Running Validation...
Ep  13/500  loss=3.4132  (cls=0.719 conf=1.793 skin=1.791 got=0.006)  tr_acc=0.7185  val_acc=0.7237  val_auroc=0.9382  val_f1=0.6359  lr=1.19e-05
Running Validation...
Ep  14/500  loss=3.4265  (cls=0.733 conf=1.793 skin=1.791 got=0.006)  tr_acc=0.7110  val_acc=0.7408  val_auroc=0.9392  val_f1=0.6413  lr=1.27e-05
Running Validation...
Ep  15/500  loss=3.3986  (cls=0.704 conf=1.793 skin=1.792 got=0.006)  tr_acc=0.7232  val_acc=0.7184  val_auroc=0.9376  val_f1=0.6331  lr=1.36e-05
Running Validation...
Ep  16/500  loss=3.4019  (cls=0.707 conf=1.793 skin=1.792 got=0.006)  tr_acc=0.7301  val_acc=0.7371  val_auroc=0.9398  val_f1=0.6420  lr=1.45e-05
Running Validation...
Ep  17/500  loss=3.3929  (cls=0.698 conf=1.793 skin=1.793 got=0.006)  tr_acc=0.7257  val_acc=0.7323  val_auroc=0.9389  val_f1=0.6411  lr=1.53e-05
Running Validation...
Ep  18/500  loss=3.4015  (cls=0.707 conf=1.793 skin=1.792 got=0.006)  tr_acc=0.7206  val_acc=0.7317  val_auroc=0.9380  val_f1=0.6424  lr=1.62e-05
Running Validation...
Ep  19/500  loss=3.4081  (cls=0.714 conf=1.793 skin=1.791 got=0.006)  tr_acc=0.7185  val_acc=0.7413  val_auroc=0.9391  val_f1=0.6451  lr=1.70e-05
Running Validation...
Ep  20/500  loss=3.4063  (cls=0.712 conf=1.793 skin=1.792 got=0.006)  tr_acc=0.7216  val_acc=0.7445  val_auroc=0.9397  val_f1=0.6474  lr=1.79e-05
Running Validation...
Ep  21/500  loss=3.3979  (cls=0.703 conf=1.793 skin=1.792 got=0.006)  tr_acc=0.7266  val_acc=0.7259  val_auroc=0.9376  val_f1=0.6302  lr=1.87e-05
Running Validation...
Ep  22/500  loss=3.3856  (cls=0.692 conf=1.793 skin=1.791 got=0.006)  tr_acc=0.7335  val_acc=0.7477  val_auroc=0.9400  val_f1=0.6471  lr=1.96e-05
Running Validation...
Ep  23/500  loss=3.3947  (cls=0.701 conf=1.793 skin=1.791 got=0.006)  tr_acc=0.7246  val_acc=0.7344  val_auroc=0.9390  val_f1=0.6464  lr=2.04e-05
Running Validation...
Ep  24/500  loss=3.4072  (cls=0.713 conf=1.793 skin=1.792 got=0.006)  tr_acc=0.7245  val_acc=0.7179  val_auroc=0.9379  val_f1=0.6383  lr=2.13e-05
Running Validation...
Ep  25/500  loss=3.4111  (cls=0.711 conf=1.793 skin=1.792 got=0.011)  tr_acc=0.7215  val_acc=0.7392  val_auroc=0.9372  val_f1=0.6364  lr=2.21e-05
Running Validation...
Ep  26/500  loss=3.4433  (cls=0.728 conf=1.793 skin=1.793 got=0.026)  tr_acc=0.7199  val_acc=0.7253  val_auroc=0.9363  val_f1=0.6315  lr=2.30e-05
Running Validation...
Ep  27/500  loss=3.4381  (cls=0.724 conf=1.793 skin=1.792 got=0.026)  tr_acc=0.7207  val_acc=0.7317  val_auroc=0.9375  val_f1=0.6327  lr=2.38e-05
Running Validation...
Ep  28/500  loss=3.4435  (cls=0.730 conf=1.792 skin=1.793 got=0.024)  tr_acc=0.7111  val_acc=0.7227  val_auroc=0.9350  val_f1=0.6288  lr=2.46e-05
Running Validation...
Ep  29/500  loss=3.4385  (cls=0.723 conf=1.792 skin=1.792 got=0.027)  tr_acc=0.7165  val_acc=0.7253  val_auroc=0.9348  val_f1=0.6268  lr=2.55e-05
Running Validation...
Ep  30/500  loss=3.4427  (cls=0.727 conf=1.792 skin=1.792 got=0.027)  tr_acc=0.7223  val_acc=0.7200  val_auroc=0.9346  val_f1=0.6243  lr=2.64e-05
Running Validation...
Ep  31/500  loss=3.4487  (cls=0.732 conf=1.792 skin=1.793 got=0.028)  tr_acc=0.7121  val_acc=0.7179  val_auroc=0.9345  val_f1=0.6203  lr=2.72e-05
Running Validation...
Ep  32/500  loss=3.6705  (cls=0.959 conf=1.792 skin=1.792 got=0.022)  tr_acc=0.6177  val_acc=0.3573  val_auroc=0.7024  val_f1=0.3008  lr=2.81e-05
Running Validation...
Ep  33/500  loss=4.1306  (cls=1.422 conf=1.792 skin=1.791 got=0.021)  tr_acc=0.4107  val_acc=0.5984  val_auroc=0.8102  val_f1=0.4677  lr=2.89e-05
Running Validation...
Ep  34/500  loss=4.1908  (cls=1.482 conf=1.792 skin=1.791 got=0.022)  tr_acc=0.3632  val_acc=0.6875  val_auroc=0.8261  val_f1=0.5058  lr=2.98e-05
Running Validation...
Ep  35/500  loss=4.1772  (cls=1.468 conf=1.792 skin=1.791 got=0.022)  tr_acc=0.3765  val_acc=0.6411  val_auroc=0.8193  val_f1=0.4851  lr=3.06e-05
Running Validation...
Ep  36/500  loss=4.1310  (cls=1.422 conf=1.792 skin=1.791 got=0.021)  tr_acc=0.4074  val_acc=0.5291  val_auroc=0.8228  val_f1=0.4435  lr=3.14e-05
Running Validation...
Ep  37/500  loss=4.1662  (cls=1.457 conf=1.792 skin=1.792 got=0.021)  tr_acc=0.3784  val_acc=0.4320  val_auroc=0.7907  val_f1=0.3698  lr=3.23e-05
Running Validation...
Ep  38/500  loss=4.1916  (cls=1.482 conf=1.792 skin=1.793 got=0.021)  tr_acc=0.3585  val_acc=0.6117  val_auroc=0.7790  val_f1=0.4205  lr=3.32e-05
Running Validation...
Ep  39/500  loss=4.1391  (cls=1.432 conf=1.792 skin=1.792 got=0.019)  tr_acc=0.3819  val_acc=0.4725  val_auroc=0.7939  val_f1=0.3817  lr=3.40e-05
Running Validation...
Ep  40/500  loss=3.8292  (cls=1.129 conf=1.792 skin=1.792 got=0.013)  tr_acc=0.5559  val_acc=0.5808  val_auroc=0.8663  val_f1=0.4909  lr=3.49e-05
Running Validation...
Ep  41/500  loss=3.8319  (cls=1.132 conf=1.792 skin=1.791 got=0.013)  tr_acc=0.5484  val_acc=0.5797  val_auroc=0.8481  val_f1=0.4462  lr=3.57e-05
Running Validation...
Ep  42/500  loss=3.8438  (cls=1.143 conf=1.792 skin=1.791 got=0.013)  tr_acc=0.5416  val_acc=0.6720  val_auroc=0.8731  val_f1=0.4888  lr=3.66e-05
Running Validation...
Ep  43/500  loss=3.7692  (cls=1.069 conf=1.792 skin=1.792 got=0.013)  tr_acc=0.5744  val_acc=0.7243  val_auroc=0.8952  val_f1=0.5429  lr=3.74e-05
Running Validation...
Ep  44/500  loss=3.7563  (cls=1.056 conf=1.792 skin=1.792 got=0.013)  tr_acc=0.5849  val_acc=0.6597  val_auroc=0.8997  val_f1=0.5573  lr=3.83e-05
Running Validation...
Ep  45/500  loss=3.7190  (cls=1.019 conf=1.792 skin=1.791 got=0.013)  tr_acc=0.5939  val_acc=0.6517  val_auroc=0.8978  val_f1=0.5451  lr=3.91e-05
Running Validation...
Ep  46/500  loss=3.6878  (cls=0.988 conf=1.792 skin=1.791 got=0.013)  tr_acc=0.6108  val_acc=0.7408  val_auroc=0.9127  val_f1=0.5582  lr=4.00e-05
Running Validation...
Ep  47/500  loss=3.6285  (cls=0.932 conf=1.792 skin=1.791 got=0.009)  tr_acc=0.6339  val_acc=0.6683  val_auroc=0.9008  val_f1=0.5687  lr=4.08e-05
Running Validation...
Ep  48/500  loss=3.5590  (cls=0.863 conf=1.792 skin=1.791 got=0.009)  tr_acc=0.6671  val_acc=0.6667  val_auroc=0.8989  val_f1=0.5586  lr=4.17e-05
Running Validation...
Ep  49/500  loss=3.5305  (cls=0.834 conf=1.792 skin=1.792 got=0.009)  tr_acc=0.6765  val_acc=0.7077  val_auroc=0.9302  val_f1=0.6180  lr=4.25e-05
Running Validation...
Ep  50/500  loss=3.5032  (cls=0.806 conf=1.792 skin=1.792 got=0.010)  tr_acc=0.6866  val_acc=0.6821  val_auroc=0.9127  val_f1=0.5686  lr=4.34e-05
Running Validation...
Ep  51/500  loss=3.4817  (cls=0.784 conf=1.792 skin=1.792 got=0.010)  tr_acc=0.7005  val_acc=0.7253  val_auroc=0.9232  val_f1=0.6133  lr=4.42e-05
Running Validation...
Ep  52/500  loss=3.4546  (cls=0.758 conf=1.792 skin=1.792 got=0.009)  tr_acc=0.7118  val_acc=0.7205  val_auroc=0.9274  val_f1=0.6182  lr=4.51e-05
Running Validation...
Ep  53/500  loss=3.4472  (cls=0.750 conf=1.792 skin=1.792 got=0.010)  tr_acc=0.7120  val_acc=0.7323  val_auroc=0.9122  val_f1=0.6050  lr=4.59e-05
Running Validation...
Ep  54/500  loss=3.4029  (cls=0.705 conf=1.792 skin=1.792 got=0.010)  tr_acc=0.7348  val_acc=0.6784  val_auroc=0.9192  val_f1=0.6121  lr=4.68e-05
Running Validation...
Ep  55/500  loss=3.3786  (cls=0.681 conf=1.792 skin=1.792 got=0.010)  tr_acc=0.7390  val_acc=0.7541  val_auroc=0.9361  val_f1=0.6460  lr=4.76e-05
Running Validation...
Ep  56/500  loss=3.3372  (cls=0.640 conf=1.792 skin=1.792 got=0.010)  tr_acc=0.7564  val_acc=0.7227  val_auroc=0.9281  val_f1=0.6048  lr=4.84e-05
Running Validation...
Ep  57/500  loss=3.3286  (cls=0.631 conf=1.792 skin=1.792 got=0.010)  tr_acc=0.7582  val_acc=0.7280  val_auroc=0.9318  val_f1=0.6074  lr=4.93e-05
Running Validation...
Ep  58/500  loss=3.3008  (cls=0.603 conf=1.792 skin=1.792 got=0.010)  tr_acc=0.7736  val_acc=0.7317  val_auroc=0.9348  val_f1=0.6389  lr=5.01e-05
Running Validation...
Ep  59/500  loss=3.2601  (cls=0.562 conf=1.792 skin=1.792 got=0.010)  tr_acc=0.7895  val_acc=0.7483  val_auroc=0.9333  val_f1=0.6561  lr=5.10e-05
Running Validation...
Ep  60/500  loss=3.2677  (cls=0.570 conf=1.792 skin=1.792 got=0.010)  tr_acc=0.7889  val_acc=0.7397  val_auroc=0.9346  val_f1=0.6520  lr=5.18e-05
Running Validation...
Ep  61/500  loss=3.2497  (cls=0.552 conf=1.792 skin=1.792 got=0.010)  tr_acc=0.7992  val_acc=0.7755  val_auroc=0.9344  val_f1=0.6649  lr=5.27e-05
Running Validation...
Ep  62/500  loss=3.2061  (cls=0.508 conf=1.792 skin=1.792 got=0.010)  tr_acc=0.8136  val_acc=0.6859  val_auroc=0.9331  val_f1=0.6312  lr=5.36e-05
Running Validation...
Ep  63/500  loss=3.2059  (cls=0.508 conf=1.792 skin=1.792 got=0.010)  tr_acc=0.8120  val_acc=0.7488  val_auroc=0.9203  val_f1=0.6397  lr=5.44e-05
Running Validation...
Ep  64/500  loss=3.1861  (cls=0.488 conf=1.792 skin=1.792 got=0.011)  tr_acc=0.8211  val_acc=0.7893  val_auroc=0.9421  val_f1=0.6936  lr=5.53e-05
Running Validation...
Ep  65/500  loss=3.1732  (cls=0.475 conf=1.792 skin=1.792 got=0.011)  tr_acc=0.8239  val_acc=0.6928  val_auroc=0.9366  val_f1=0.6425  lr=5.61e-05
Running Validation...
Ep  66/500  loss=3.1277  (cls=0.429 conf=1.792 skin=1.792 got=0.011)  tr_acc=0.8443  val_acc=0.7440  val_auroc=0.9354  val_f1=0.6560  lr=5.70e-05
Running Validation...
Ep  67/500  loss=3.1211  (cls=0.423 conf=1.792 skin=1.792 got=0.011)  tr_acc=0.8428  val_acc=0.7696  val_auroc=0.9349  val_f1=0.6918  lr=5.78e-05
Running Validation...
Ep  68/500  loss=3.1104  (cls=0.412 conf=1.792 skin=1.792 got=0.011)  tr_acc=0.8432  val_acc=0.7717  val_auroc=0.9283  val_f1=0.6598  lr=5.87e-05
Running Validation...
Ep  69/500  loss=3.0952  (cls=0.397 conf=1.792 skin=1.792 got=0.011)  tr_acc=0.8529  val_acc=0.7413  val_auroc=0.9415  val_f1=0.6758  lr=5.95e-05
Running Validation...
Ep  70/500  loss=3.0691  (cls=0.370 conf=1.792 skin=1.792 got=0.011)  tr_acc=0.8665  val_acc=0.7152  val_auroc=0.9336  val_f1=0.6709  lr=6.04e-05
Running Validation...
Ep  71/500  loss=3.0459  (cls=0.347 conf=1.792 skin=1.792 got=0.011)  tr_acc=0.8727  val_acc=0.7872  val_auroc=0.9414  val_f1=0.6753  lr=6.12e-05
Running Validation...
Ep  72/500  loss=3.0541  (cls=0.355 conf=1.792 skin=1.792 got=0.011)  tr_acc=0.8712  val_acc=0.7867  val_auroc=0.9363  val_f1=0.6878  lr=6.21e-05
Running Validation...
Ep  73/500  loss=3.0379  (cls=0.339 conf=1.792 skin=1.792 got=0.011)  tr_acc=0.8757  val_acc=0.8059  val_auroc=0.9462  val_f1=0.6998  lr=6.29e-05
Running Validation...
Ep  74/500  loss=3.0224  (cls=0.324 conf=1.792 skin=1.792 got=0.011)  tr_acc=0.8800  val_acc=0.7723  val_auroc=0.9403  val_f1=0.6812  lr=6.38e-05
Running Validation...
Ep  75/500  loss=3.0154  (cls=0.317 conf=1.792 skin=1.792 got=0.011)  tr_acc=0.8808  val_acc=0.7648  val_auroc=0.9325  val_f1=0.6835  lr=6.46e-05
Running Validation...
Ep  76/500  loss=3.0010  (cls=0.302 conf=1.792 skin=1.792 got=0.011)  tr_acc=0.8897  val_acc=0.7264  val_auroc=0.9384  val_f1=0.6794  lr=6.55e-05
Running Validation...
Ep  77/500  loss=2.9713  (cls=0.272 conf=1.792 skin=1.792 got=0.011)  tr_acc=0.9010  val_acc=0.8197  val_auroc=0.9402  val_f1=0.7312  lr=6.63e-05
Running Validation...
Ep  78/500  loss=2.9877  (cls=0.289 conf=1.792 skin=1.792 got=0.011)  tr_acc=0.8950  val_acc=0.7728  val_auroc=0.9469  val_f1=0.6990  lr=6.72e-05
Running Validation...
Ep  79/500  loss=2.9756  (cls=0.277 conf=1.792 skin=1.792 got=0.011)  tr_acc=0.8993  val_acc=0.8112  val_auroc=0.9478  val_f1=0.7154  lr=6.80e-05
Running Validation...
Ep  80/500  loss=2.9639  (cls=0.265 conf=1.792 skin=1.792 got=0.011)  tr_acc=0.9012  val_acc=0.7397  val_auroc=0.9319  val_f1=0.6485  lr=6.89e-05
Running Validation...
Ep  81/500  loss=2.9581  (cls=0.259 conf=1.792 skin=1.792 got=0.011)  tr_acc=0.9026  val_acc=0.8043  val_auroc=0.9538  val_f1=0.7144  lr=6.97e-05
Running Validation...
Ep  82/500  loss=2.9424  (cls=0.243 conf=1.792 skin=1.792 got=0.011)  tr_acc=0.9077  val_acc=0.7979  val_auroc=0.9486  val_f1=0.7030  lr=7.06e-05
Running Validation...
Ep  83/500  loss=2.9565  (cls=0.257 conf=1.792 skin=1.792 got=0.011)  tr_acc=0.9069  val_acc=0.7947  val_auroc=0.9407  val_f1=0.7142  lr=7.14e-05
Running Validation...
Ep  84/500  loss=2.9386  (cls=0.239 conf=1.792 skin=1.792 got=0.011)  tr_acc=0.9127  val_acc=0.7573  val_auroc=0.9462  val_f1=0.7051  lr=7.23e-05
Running Validation...
Ep  85/500  loss=2.9284  (cls=0.229 conf=1.792 skin=1.792 got=0.011)  tr_acc=0.9156  val_acc=0.8064  val_auroc=0.9515  val_f1=0.7236  lr=7.31e-05
Running Validation...
Ep  86/500  loss=2.9396  (cls=0.240 conf=1.792 skin=1.792 got=0.011)  tr_acc=0.9140  val_acc=0.7792  val_auroc=0.9425  val_f1=0.6842  lr=7.40e-05
Running Validation...
Ep  87/500  loss=2.9191  (cls=0.220 conf=1.792 skin=1.792 got=0.011)  tr_acc=0.9202  val_acc=0.7728  val_auroc=0.9342  val_f1=0.6912  lr=7.48e-05
Running Validation...
Ep  88/500  loss=2.9171  (cls=0.218 conf=1.792 skin=1.792 got=0.012)  tr_acc=0.9209  val_acc=0.8016  val_auroc=0.9408  val_f1=0.7162  lr=7.57e-05
Running Validation...
Ep  89/500  loss=2.9059  (cls=0.207 conf=1.792 skin=1.792 got=0.011)  tr_acc=0.9238  val_acc=0.8160  val_auroc=0.9500  val_f1=0.7138  lr=7.65e-05
Running Validation...
Ep  90/500  loss=2.9038  (cls=0.205 conf=1.792 skin=1.792 got=0.011)  tr_acc=0.9239  val_acc=0.7728  val_auroc=0.9450  val_f1=0.7163  lr=7.74e-05
Running Validation...
Ep  91/500  loss=2.9086  (cls=0.209 conf=1.792 skin=1.792 got=0.012)  tr_acc=0.9262  val_acc=0.7712  val_auroc=0.9444  val_f1=0.7025  lr=7.82e-05
Running Validation...
Ep  92/500  loss=2.8875  (cls=0.188 conf=1.792 skin=1.792 got=0.011)  tr_acc=0.9291  val_acc=0.8064  val_auroc=0.9472  val_f1=0.7263  lr=7.91e-05
Running Validation...
Ep  93/500  loss=2.8949  (cls=0.196 conf=1.792 skin=1.792 got=0.012)  tr_acc=0.9272  val_acc=0.8101  val_auroc=0.9481  val_f1=0.7321  lr=7.99e-05
Running Validation...
Ep  94/500  loss=2.8941  (cls=0.195 conf=1.792 skin=1.792 got=0.012)  tr_acc=0.9280  val_acc=0.7685  val_auroc=0.9468  val_f1=0.7065  lr=8.07e-05
Running Validation...
Ep  95/500  loss=2.8993  (cls=0.200 conf=1.792 skin=1.792 got=0.012)  tr_acc=0.9261  val_acc=0.7856  val_auroc=0.9489  val_f1=0.7207  lr=8.16e-05
Running Validation...
Ep  96/500  loss=2.8907  (cls=0.191 conf=1.792 skin=1.792 got=0.012)  tr_acc=0.9318  val_acc=0.8256  val_auroc=0.9500  val_f1=0.7193  lr=8.24e-05
Running Validation...
Ep  97/500  loss=2.8955  (cls=0.196 conf=1.792 skin=1.792 got=0.012)  tr_acc=0.9286  val_acc=0.8213  val_auroc=0.9446  val_f1=0.7172  lr=8.33e-05
Running Validation...
Ep  98/500  loss=2.8824  (cls=0.183 conf=1.792 skin=1.792 got=0.012)  tr_acc=0.9362  val_acc=0.8256  val_auroc=0.9467  val_f1=0.7404  lr=8.41e-05
Running Validation...
Ep  99/500  loss=2.8906  (cls=0.191 conf=1.792 skin=1.792 got=0.012)  tr_acc=0.9328  val_acc=0.8256  val_auroc=0.9496  val_f1=0.7328  lr=8.50e-05
Running Validation...
Ep 100/500  loss=2.8600  (cls=0.161 conf=1.792 skin=1.792 got=0.012)  tr_acc=0.9400  val_acc=0.8336  val_auroc=0.9535  val_f1=0.7356  lr=8.50e-05
Running Validation...
Ep 101/500  loss=2.8696  (cls=0.170 conf=1.792 skin=1.792 got=0.012)  tr_acc=0.9384  val_acc=0.8352  val_auroc=0.9497  val_f1=0.7361  lr=8.50e-05
Running Validation...
Ep 102/500  loss=2.8711  (cls=0.172 conf=1.792 skin=1.792 got=0.012)  tr_acc=0.9390  val_acc=0.7909  val_auroc=0.9398  val_f1=0.7043  lr=8.50e-05
Running Validation...
Ep 103/500  loss=2.8458  (cls=0.146 conf=1.792 skin=1.792 got=0.012)  tr_acc=0.9471  val_acc=0.8064  val_auroc=0.9381  val_f1=0.7135  lr=8.50e-05
Running Validation...
Ep 104/500  loss=2.8556  (cls=0.156 conf=1.792 skin=1.792 got=0.012)  tr_acc=0.9432  val_acc=0.7931  val_auroc=0.9449  val_f1=0.7210  lr=8.50e-05
Running Validation...
Ep 105/500  loss=2.8642  (cls=0.165 conf=1.792 skin=1.792 got=0.012)  tr_acc=0.9407  val_acc=0.7936  val_auroc=0.9461  val_f1=0.7197  lr=8.50e-05
Running Validation...
Ep 106/500  loss=2.8507  (cls=0.153 conf=1.792 skin=1.792 got=0.010)  tr_acc=0.9422  val_acc=0.7648  val_auroc=0.9421  val_f1=0.6880  lr=8.50e-05
Running Validation...
Ep 107/500  loss=2.8354  (cls=0.140 conf=1.792 skin=1.792 got=0.008)  tr_acc=0.9476  val_acc=0.8176  val_auroc=0.9530  val_f1=0.6984  lr=8.49e-05
Running Validation...
Ep 108/500  loss=2.8379  (cls=0.143 conf=1.792 skin=1.792 got=0.007)  tr_acc=0.9503  val_acc=0.8293  val_auroc=0.9511  val_f1=0.7456  lr=8.49e-05
Running Validation...
Ep 109/500  loss=2.8412  (cls=0.147 conf=1.792 skin=1.792 got=0.007)  tr_acc=0.9480  val_acc=0.8213  val_auroc=0.9472  val_f1=0.7358  lr=8.49e-05
Running Validation...
Ep 110/500  loss=2.8254  (cls=0.131 conf=1.792 skin=1.792 got=0.007)  tr_acc=0.9534  val_acc=0.8261  val_auroc=0.9535  val_f1=0.7286  lr=8.49e-05
Running Validation...
Ep 111/500  loss=2.8288  (cls=0.135 conf=1.792 skin=1.792 got=0.006)  tr_acc=0.9540  val_acc=0.8256  val_auroc=0.9493  val_f1=0.7347  lr=8.48e-05
Running Validation...
Ep 112/500  loss=2.8308  (cls=0.137 conf=1.792 skin=1.792 got=0.006)  tr_acc=0.9533  val_acc=0.8096  val_auroc=0.9498  val_f1=0.7434  lr=8.48e-05
Running Validation...
Ep 113/500  loss=2.8171  (cls=0.124 conf=1.792 skin=1.792 got=0.006)  tr_acc=0.9575  val_acc=0.8368  val_auroc=0.9535  val_f1=0.7492  lr=8.48e-05
Running Validation...
Ep 114/500  loss=2.8169  (cls=0.124 conf=1.792 skin=1.792 got=0.005)  tr_acc=0.9574  val_acc=0.8181  val_auroc=0.9463  val_f1=0.7307  lr=8.47e-05
Running Validation...
Ep 115/500  loss=2.8181  (cls=0.125 conf=1.792 skin=1.792 got=0.005)  tr_acc=0.9568  val_acc=0.8256  val_auroc=0.9461  val_f1=0.7408  lr=8.47e-05
Running Validation...
Ep 116/500  loss=2.8155  (cls=0.123 conf=1.792 skin=1.792 got=0.005)  tr_acc=0.9578  val_acc=0.8139  val_auroc=0.9483  val_f1=0.7199  lr=8.47e-05
Running Validation...
Ep 117/500  loss=2.8108  (cls=0.118 conf=1.792 skin=1.792 got=0.005)  tr_acc=0.9581  val_acc=0.8373  val_auroc=0.9405  val_f1=0.7456  lr=8.46e-05
Running Validation...
Ep 118/500  loss=2.8028  (cls=0.111 conf=1.792 skin=1.792 got=0.004)  tr_acc=0.9631  val_acc=0.8048  val_auroc=0.9520  val_f1=0.7281  lr=8.46e-05
Running Validation...
Ep 119/500  loss=2.8082  (cls=0.116 conf=1.792 skin=1.792 got=0.004)  tr_acc=0.9605  val_acc=0.8245  val_auroc=0.9476  val_f1=0.7192  lr=8.45e-05
Running Validation...
Ep 120/500  loss=2.8513  (cls=0.159 conf=1.792 skin=1.791 got=0.005)  tr_acc=0.9456  val_acc=0.8229  val_auroc=0.9465  val_f1=0.7291  lr=8.45e-05
Running Validation...
Ep 121/500  loss=2.8359  (cls=0.144 conf=1.792 skin=1.791 got=0.005)  tr_acc=0.9527  val_acc=0.8165  val_auroc=0.9458  val_f1=0.7281  lr=8.44e-05
Running Validation...
Ep 122/500  loss=2.8299  (cls=0.138 conf=1.792 skin=1.791 got=0.005)  tr_acc=0.9528  val_acc=0.8208  val_auroc=0.9461  val_f1=0.7300  lr=8.44e-05
Running Validation...
Ep 123/500  loss=2.8287  (cls=0.137 conf=1.792 skin=1.791 got=0.005)  tr_acc=0.9509  val_acc=0.8139  val_auroc=0.9442  val_f1=0.7278  lr=8.43e-05
Running Validation...
Ep 124/500  loss=2.8340  (cls=0.142 conf=1.792 skin=1.791 got=0.005)  tr_acc=0.9510  val_acc=0.8101  val_auroc=0.9435  val_f1=0.7264  lr=8.42e-05
Running Validation...
Ep 125/500  loss=2.8324  (cls=0.140 conf=1.792 skin=1.791 got=0.005)  tr_acc=0.9485  val_acc=0.8171  val_auroc=0.9452  val_f1=0.7273  lr=8.42e-05
Running Validation...
Ep 126/500  loss=2.8324  (cls=0.140 conf=1.792 skin=1.791 got=0.005)  tr_acc=0.9510  val_acc=0.8208  val_auroc=0.9464  val_f1=0.7253  lr=8.41e-05
Running Validation...
Ep 127/500  loss=2.8343  (cls=0.142 conf=1.792 skin=1.791 got=0.005)  tr_acc=0.9473  val_acc=0.8128  val_auroc=0.9434  val_f1=0.7297  lr=8.40e-05
Running Validation...
Ep 128/500  loss=2.8236  (cls=0.131 conf=1.792 skin=1.791 got=0.005)  tr_acc=0.9531  val_acc=0.8133  val_auroc=0.9440  val_f1=0.7259  lr=8.40e-05
Running Validation...
Ep 129/500  loss=2.8218  (cls=0.130 conf=1.792 skin=1.791 got=0.005)  tr_acc=0.9550  val_acc=0.8229  val_auroc=0.9460  val_f1=0.7365  lr=8.39e-05
Running Validation...
Ep 130/500  loss=2.8249  (cls=0.133 conf=1.792 skin=1.791 got=0.005)  tr_acc=0.9514  val_acc=0.8181  val_auroc=0.9447  val_f1=0.7316  lr=8.38e-05
Running Validation...
Ep 131/500  loss=2.8162  (cls=0.124 conf=1.792 skin=1.791 got=0.005)  tr_acc=0.9564  val_acc=0.8155  val_auroc=0.9439  val_f1=0.7317  lr=8.37e-05
Running Validation...
Ep 132/500  loss=2.8324  (cls=0.140 conf=1.792 skin=1.791 got=0.005)  tr_acc=0.9530  val_acc=0.8144  val_auroc=0.9452  val_f1=0.7251  lr=8.37e-05
Running Validation...
Ep 133/500  loss=2.8262  (cls=0.134 conf=1.792 skin=1.791 got=0.005)  tr_acc=0.9532  val_acc=0.8139  val_auroc=0.9425  val_f1=0.7316  lr=8.36e-05
Running Validation...
Ep 134/500  loss=2.8160  (cls=0.124 conf=1.792 skin=1.791 got=0.005)  tr_acc=0.9549  val_acc=0.8165  val_auroc=0.9425  val_f1=0.7328  lr=8.35e-05
Running Validation...
Ep 135/500  loss=2.8167  (cls=0.125 conf=1.792 skin=1.791 got=0.005)  tr_acc=0.9566  val_acc=0.8181  val_auroc=0.9444  val_f1=0.7289  lr=8.34e-05
Running Validation...
Ep 136/500  loss=2.8257  (cls=0.134 conf=1.792 skin=1.791 got=0.005)  tr_acc=0.9558  val_acc=0.8149  val_auroc=0.9422  val_f1=0.7280  lr=8.33e-05
Running Validation...
Ep 137/500  loss=2.8305  (cls=0.138 conf=1.792 skin=1.791 got=0.005)  tr_acc=0.9516  val_acc=0.8171  val_auroc=0.9430  val_f1=0.7326  lr=8.32e-05
Running Validation...
Ep 138/500  loss=2.8243  (cls=0.132 conf=1.792 skin=1.791 got=0.005)  tr_acc=0.9532  val_acc=0.8123  val_auroc=0.9423  val_f1=0.7236  lr=8.31e-05
Running Validation...
Ep 139/500  loss=2.8233  (cls=0.131 conf=1.792 skin=1.791 got=0.005)  tr_acc=0.9563  val_acc=0.8229  val_auroc=0.9456  val_f1=0.7346  lr=8.30e-05
Running Validation...
Ep 140/500  loss=2.8164  (cls=0.124 conf=1.792 skin=1.791 got=0.005)  tr_acc=0.9563  val_acc=0.8203  val_auroc=0.9454  val_f1=0.7381  lr=8.29e-05
Running Validation...
Ep 141/500  loss=2.8127  (cls=0.121 conf=1.792 skin=1.791 got=0.005)  tr_acc=0.9592  val_acc=0.8187  val_auroc=0.9464  val_f1=0.7324  lr=8.28e-05
Running Validation...
Ep 142/500  loss=2.8151  (cls=0.123 conf=1.792 skin=1.791 got=0.005)  tr_acc=0.9575  val_acc=0.8160  val_auroc=0.9437  val_f1=0.7290  lr=8.27e-05
Running Validation...
Ep 143/500  loss=2.8233  (cls=0.131 conf=1.792 skin=1.791 got=0.005)  tr_acc=0.9532  val_acc=0.8160  val_auroc=0.9443  val_f1=0.7308  lr=8.26e-05
Running Validation...
Ep 144/500  loss=2.8230  (cls=0.131 conf=1.792 skin=1.791 got=0.005)  tr_acc=0.9533  val_acc=0.8213  val_auroc=0.9465  val_f1=0.7356  lr=8.25e-05
Running Validation...
