=========================================
Job:       train_FairAdaBN_resnet18  (449195)
Node:      bigpu03
Started:   Wed Jun 24 04:07:27 PM CEST 2026
=========================================
[INFO] No HF token found at /users/jlacmou/.hf_token — downloads may be slow.
[INFO] No kaggle.json found in 20260623-process. Relying on ~/.kaggle/ or env vars.
[SETUP] Installing / verifying Python dependencies...

── GPU info ──────────────────────────────
Tesla V100-PCIE-32GB, 32768 MiB, 575.57.08
PyTorch : 2.12.1+cu126
CUDA    : 12.6
Devices : 1
GPU 0   : Tesla V100-PCIE-32GB
VRAM    : 34.1 GB
──────────────────────────────────────────

[CHECK] Validating dataset roots...
  [OK]      20260623-process/data/datasets/asosenge/hibaskinlesionsdataset-main
  [OK]      20260623-process/data/datasets/asosenge/fitzpatrick17k
  [OK]      20260623-process/data/datasets/asosenge/derm7pt
  [OK]      20260623-process/data/datasets/mahdavi1202/skin-cancer
  [OK]      20260623-process/data/datasets/sengenjih/isic2019

[CONVERT] Converting notebook to Python script...
[PATCH] Redirecting Kaggle paths → cluster paths...
  DATA_ROOT  → 20260623-process/data/datasets
  WORK_ROOT  → 20260623-process/outputs_FairAdaBN_resnet18
  BB_CACHE   → 20260623-process/backbone_cache
  Patch applied successfully.

[RUN] Starting training — Wed Jun 24 04:07:34 PM CEST 2026
=========================================
Device: cuda
CSV dir      : outputs_FairAdaBN_resnet18/csvs
Checkpoints  : outputs_FairAdaBN_resnet18/checkpoints_FairAdaBN_resnet18
Results      : outputs_FairAdaBN_resnet18/results_FairAdaBN_resnet18
Image roots:
  hiba           : 20260623-process/data/datasets/asosenge/hibaskinlesionsdataset-main/HIBASkinLesionsDataset-main/images
  fitzpatrick17k : 20260623-process/data/datasets/asosenge/fitzpatrick17k/fitzpatrick17k/data/finalfitz17k
  derm7pt        : 20260623-process/data/datasets/asosenge/derm7pt/release_v0/images
  padufes20      : 20260623-process/data/datasets/mahdavi1202/skin-cancer
  isic2019       : 20260623-process/data/datasets/sengenjih/isic2019
[INFO] Built image map for hiba: 1616 entries
[INFO] Built image map for fitzpatrick17k: 16577 entries
[INFO] Built image map for derm7pt: 2013 entries
[INFO] Built image map for padufes20: 2298 entries
[INFO] Built image map for isic2019: 33569 entries
[INFO] paired_train: loaded 738 ID-matched pairs from split clin/derm CSVs
[INFO] paired_val: loaded 106 ID-matched pairs from split clin/derm CSVs
[INFO] paired_test: loaded 211 ID-matched pairs from split clin/derm CSVs
[INFO] Loaded fitzpatrick17k eval set: 1727 samples
[INFO] Loaded padufes20 eval set: 1141 samples
[INFO] Loaded isic2019 eval set: 25517 samples
Train batches: 41, Val batches: 6
Test batches: 33
Cross-eval loaders: ['fitzpatrick17k', 'padufes20', 'isic2019']
Ep   1/500  loss=2.8064  tr_acc=0.3605  val_acc=0.4868  val_f1=0.3390  spd_loss=0.2077  lr=3.40e-06
Ep   2/500  loss=2.8433  tr_acc=0.4131  val_acc=0.5714  val_f1=0.3936  spd_loss=0.2466  lr=5.10e-06
Ep   3/500  loss=2.4507  tr_acc=0.4977  val_acc=0.6720  val_f1=0.5433  spd_loss=0.1589  lr=6.80e-06
Ep   4/500  loss=2.0204  tr_acc=0.5861  val_acc=0.7354  val_f1=0.6343  spd_loss=0.2036  lr=8.50e-06
Ep   5/500  loss=1.9412  tr_acc=0.6463  val_acc=0.7302  val_f1=0.6360  spd_loss=0.1915  lr=1.02e-05
Ep   6/500  loss=2.0100  tr_acc=0.6631  val_acc=0.6984  val_f1=0.6345  spd_loss=0.2123  lr=1.19e-05
Ep   7/500  loss=1.8107  tr_acc=0.6761  val_acc=0.6720  val_f1=0.6102  spd_loss=0.2569  lr=1.36e-05
Ep   8/500  loss=1.7642  tr_acc=0.7104  val_acc=0.7302  val_f1=0.6564  spd_loss=0.2618  lr=1.53e-05
Ep   9/500  loss=1.7926  tr_acc=0.7294  val_acc=0.7037  val_f1=0.6285  spd_loss=0.3136  lr=1.70e-05
Ep  10/500  loss=1.6121  tr_acc=0.7332  val_acc=0.7037  val_f1=0.6211  spd_loss=0.2158  lr=1.87e-05
Ep  11/500  loss=1.5937  tr_acc=0.7409  val_acc=0.7460  val_f1=0.6752  spd_loss=0.2710  lr=2.04e-05
Ep  12/500  loss=1.4160  tr_acc=0.7759  val_acc=0.7672  val_f1=0.7046  spd_loss=0.1815  lr=2.21e-05
Ep  13/500  loss=1.4432  tr_acc=0.7873  val_acc=0.7407  val_f1=0.6909  spd_loss=0.2861  lr=2.38e-05
Ep  14/500  loss=1.3815  tr_acc=0.7805  val_acc=0.7460  val_f1=0.6817  spd_loss=0.2610  lr=2.55e-05
Ep  15/500  loss=1.4150  tr_acc=0.7759  val_acc=0.7249  val_f1=0.6678  spd_loss=0.2250  lr=2.72e-05
Ep  16/500  loss=1.4609  tr_acc=0.7881  val_acc=0.7619  val_f1=0.6945  spd_loss=0.3495  lr=2.89e-05
Ep  17/500  loss=1.3010  tr_acc=0.8277  val_acc=0.7513  val_f1=0.6713  spd_loss=0.2651  lr=3.06e-05
Ep  18/500  loss=1.2545  tr_acc=0.8209  val_acc=0.7566  val_f1=0.7031  spd_loss=0.2900  lr=3.23e-05
Ep  19/500  loss=1.3684  tr_acc=0.8186  val_acc=0.7196  val_f1=0.6749  spd_loss=0.3179  lr=3.40e-05
Ep  20/500  loss=1.2492  tr_acc=0.8316  val_acc=0.7196  val_f1=0.6483  spd_loss=0.2280  lr=3.57e-05
Ep  21/500  loss=1.1880  tr_acc=0.8430  val_acc=0.7196  val_f1=0.6622  spd_loss=0.2738  lr=3.74e-05
Ep  22/500  loss=1.1264  tr_acc=0.8377  val_acc=0.7831  val_f1=0.7122  spd_loss=0.2503  lr=3.91e-05
Ep  23/500  loss=1.1856  tr_acc=0.8506  val_acc=0.7778  val_f1=0.6922  spd_loss=0.2834  lr=4.08e-05
Ep  24/500  loss=1.0156  tr_acc=0.8552  val_acc=0.7778  val_f1=0.7326  spd_loss=0.2882  lr=4.25e-05
Ep  25/500  loss=1.2537  tr_acc=0.8590  val_acc=0.7566  val_f1=0.6858  spd_loss=0.3272  lr=4.42e-05
Ep  26/500  loss=0.9915  tr_acc=0.8735  val_acc=0.7302  val_f1=0.6820  spd_loss=0.2795  lr=4.59e-05
Ep  27/500  loss=1.0733  tr_acc=0.8575  val_acc=0.7672  val_f1=0.6868  spd_loss=0.2846  lr=4.76e-05
Ep  28/500  loss=0.9247  tr_acc=0.8765  val_acc=0.7354  val_f1=0.6396  spd_loss=0.2415  lr=4.93e-05
Ep  29/500  loss=1.2954  tr_acc=0.8666  val_acc=0.7725  val_f1=0.7226  spd_loss=0.3232  lr=5.10e-05
Ep  30/500  loss=1.1644  tr_acc=0.8550  val_acc=0.7937  val_f1=0.7536  spd_loss=0.2795  lr=5.27e-05
Ep  31/500  loss=1.1097  tr_acc=0.8887  val_acc=0.7354  val_f1=0.6462  spd_loss=0.3101  lr=5.44e-05
Ep  32/500  loss=0.9548  tr_acc=0.8864  val_acc=0.7460  val_f1=0.7053  spd_loss=0.2751  lr=5.61e-05
Ep  33/500  loss=1.1258  tr_acc=0.8956  val_acc=0.7989  val_f1=0.7463  spd_loss=0.3453  lr=5.78e-05
Ep  34/500  loss=0.8624  tr_acc=0.8948  val_acc=0.7460  val_f1=0.7165  spd_loss=0.2370  lr=5.95e-05
Ep  35/500  loss=1.1072  tr_acc=0.8880  val_acc=0.7672  val_f1=0.6964  spd_loss=0.2866  lr=6.12e-05
Ep  36/500  loss=1.0574  tr_acc=0.8834  val_acc=0.7778  val_f1=0.7199  spd_loss=0.3319  lr=6.29e-05
Ep  37/500  loss=1.1882  tr_acc=0.8735  val_acc=0.7672  val_f1=0.7306  spd_loss=0.3187  lr=6.46e-05
Ep  38/500  loss=1.0002  tr_acc=0.9078  val_acc=0.8095  val_f1=0.7551  spd_loss=0.3709  lr=6.63e-05
Ep  39/500  loss=0.8242  tr_acc=0.9177  val_acc=0.7937  val_f1=0.7418  spd_loss=0.2892  lr=6.80e-05
Ep  40/500  loss=0.8449  tr_acc=0.9040  val_acc=0.7989  val_f1=0.7667  spd_loss=0.2229  lr=6.97e-05
Ep  41/500  loss=0.9615  tr_acc=0.8979  val_acc=0.6931  val_f1=0.6603  spd_loss=0.3193  lr=7.14e-05
Ep  42/500  loss=0.9057  tr_acc=0.9162  val_acc=0.7989  val_f1=0.7169  spd_loss=0.2971  lr=7.31e-05
Ep  43/500  loss=0.9639  tr_acc=0.9047  val_acc=0.7672  val_f1=0.6941  spd_loss=0.2934  lr=7.48e-05
Ep  44/500  loss=0.8951  tr_acc=0.9192  val_acc=0.7407  val_f1=0.6994  spd_loss=0.3510  lr=7.65e-05
Ep  45/500  loss=1.1434  tr_acc=0.9139  val_acc=0.7672  val_f1=0.7495  spd_loss=0.3854  lr=7.82e-05
Ep  46/500  loss=1.0396  tr_acc=0.9085  val_acc=0.7460  val_f1=0.6857  spd_loss=0.3260  lr=7.99e-05
Ep  47/500  loss=0.7632  tr_acc=0.9070  val_acc=0.8148  val_f1=0.7624  spd_loss=0.2859  lr=8.16e-05
Ep  48/500  loss=0.8347  tr_acc=0.9108  val_acc=0.7513  val_f1=0.7169  spd_loss=0.3275  lr=8.33e-05
Ep  49/500  loss=0.8662  tr_acc=0.9245  val_acc=0.7725  val_f1=0.7052  spd_loss=0.3158  lr=8.50e-05
Ep  50/500  loss=0.8185  tr_acc=0.9032  val_acc=0.8201  val_f1=0.7543  spd_loss=0.3205  lr=8.50e-05
Ep  51/500  loss=0.7771  tr_acc=0.9299  val_acc=0.7778  val_f1=0.7156  spd_loss=0.3115  lr=8.50e-05
Ep  52/500  loss=0.9173  tr_acc=0.9223  val_acc=0.8254  val_f1=0.7624  spd_loss=0.3143  lr=8.50e-05
Ep  53/500  loss=0.7525  tr_acc=0.9413  val_acc=0.7407  val_f1=0.7024  spd_loss=0.2937  lr=8.50e-05
Ep  54/500  loss=1.0799  tr_acc=0.9367  val_acc=0.7566  val_f1=0.7004  spd_loss=0.4525  lr=8.50e-05
Ep  55/500  loss=0.7792  tr_acc=0.9451  val_acc=0.8254  val_f1=0.7700  spd_loss=0.3489  lr=8.50e-05
Ep  56/500  loss=0.7995  tr_acc=0.9306  val_acc=0.7249  val_f1=0.6916  spd_loss=0.3082  lr=8.50e-05
Ep  57/500  loss=0.5994  tr_acc=0.9390  val_acc=0.7884  val_f1=0.7199  spd_loss=0.2571  lr=8.49e-05
Ep  58/500  loss=0.6998  tr_acc=0.9390  val_acc=0.8095  val_f1=0.7559  spd_loss=0.3231  lr=8.49e-05
Ep  59/500  loss=0.7494  tr_acc=0.9428  val_acc=0.7725  val_f1=0.6998  spd_loss=0.2981  lr=8.49e-05
Ep  60/500  loss=0.6759  tr_acc=0.9367  val_acc=0.8095  val_f1=0.7659  spd_loss=0.2481  lr=8.49e-05
Ep  61/500  loss=1.0308  tr_acc=0.9306  val_acc=0.7884  val_f1=0.7112  spd_loss=0.4056  lr=8.49e-05
Ep  62/500  loss=0.7324  tr_acc=0.9474  val_acc=0.7831  val_f1=0.7279  spd_loss=0.3053  lr=8.49e-05
Ep  63/500  loss=0.6243  tr_acc=0.9558  val_acc=0.7725  val_f1=0.6830  spd_loss=0.3355  lr=8.48e-05
Ep  64/500  loss=0.6959  tr_acc=0.9390  val_acc=0.7566  val_f1=0.6873  spd_loss=0.3245  lr=8.48e-05
Ep  65/500  loss=0.7391  tr_acc=0.9428  val_acc=0.7778  val_f1=0.7090  spd_loss=0.3446  lr=8.48e-05
Ep  66/500  loss=0.6211  tr_acc=0.9527  val_acc=0.7937  val_f1=0.7603  spd_loss=0.3385  lr=8.47e-05
Ep  67/500  loss=0.6126  tr_acc=0.9634  val_acc=0.7831  val_f1=0.6981  spd_loss=0.3160  lr=8.47e-05
Ep  68/500  loss=0.6683  tr_acc=0.9573  val_acc=0.8095  val_f1=0.7544  spd_loss=0.3656  lr=8.47e-05
Ep  69/500  loss=0.6826  tr_acc=0.9543  val_acc=0.7989  val_f1=0.7505  spd_loss=0.3641  lr=8.46e-05
Ep  70/500  loss=0.6290  tr_acc=0.9657  val_acc=0.7989  val_f1=0.7480  spd_loss=0.3576  lr=8.46e-05
Ep  71/500  loss=0.6182  tr_acc=0.9581  val_acc=0.7989  val_f1=0.7226  spd_loss=0.3044  lr=8.45e-05
Ep  72/500  loss=0.5183  tr_acc=0.9703  val_acc=0.8413  val_f1=0.7952  spd_loss=0.3743  lr=8.45e-05
Ep  73/500  loss=0.5941  tr_acc=0.9619  val_acc=0.8254  val_f1=0.7739  spd_loss=0.3125  lr=8.45e-05
Ep  74/500  loss=0.6270  tr_acc=0.9619  val_acc=0.7884  val_f1=0.7074  spd_loss=0.3761  lr=8.44e-05
Ep  75/500  loss=0.5217  tr_acc=0.9649  val_acc=0.7619  val_f1=0.6734  spd_loss=0.3654  lr=8.44e-05
Ep  76/500  loss=0.4515  tr_acc=0.9726  val_acc=0.8042  val_f1=0.7470  spd_loss=0.2787  lr=8.43e-05
Ep  77/500  loss=0.5921  tr_acc=0.9642  val_acc=0.8413  val_f1=0.7968  spd_loss=0.3492  lr=8.42e-05
Ep  78/500  loss=0.4963  tr_acc=0.9680  val_acc=0.8042  val_f1=0.7483  spd_loss=0.3096  lr=8.42e-05
Ep  79/500  loss=0.4798  tr_acc=0.9756  val_acc=0.8148  val_f1=0.7474  spd_loss=0.2682  lr=8.41e-05
Ep  80/500  loss=0.5630  tr_acc=0.9634  val_acc=0.8148  val_f1=0.7570  spd_loss=0.3392  lr=8.41e-05
Ep  81/500  loss=0.5233  tr_acc=0.9642  val_acc=0.8042  val_f1=0.7354  spd_loss=0.3494  lr=8.40e-05
Ep  82/500  loss=0.4691  tr_acc=0.9726  val_acc=0.8413  val_f1=0.7957  spd_loss=0.2997  lr=8.39e-05
Ep  83/500  loss=0.5805  tr_acc=0.9726  val_acc=0.8413  val_f1=0.8112  spd_loss=0.3432  lr=8.39e-05
Ep  84/500  loss=0.4277  tr_acc=0.9779  val_acc=0.7884  val_f1=0.7506  spd_loss=0.3032  lr=8.38e-05
Ep  85/500  loss=0.5297  tr_acc=0.9649  val_acc=0.7937  val_f1=0.7296  spd_loss=0.3512  lr=8.37e-05
Ep  86/500  loss=0.4387  tr_acc=0.9809  val_acc=0.8148  val_f1=0.7674  spd_loss=0.3347  lr=8.37e-05
Ep  87/500  loss=0.6300  tr_acc=0.9748  val_acc=0.8148  val_f1=0.7532  spd_loss=0.3852  lr=8.36e-05
Ep  88/500  loss=0.4697  tr_acc=0.9718  val_acc=0.8360  val_f1=0.7717  spd_loss=0.3088  lr=8.35e-05
Ep  89/500  loss=0.5763  tr_acc=0.9802  val_acc=0.8201  val_f1=0.7700  spd_loss=0.4207  lr=8.34e-05
Ep  90/500  loss=0.4144  tr_acc=0.9863  val_acc=0.8095  val_f1=0.7496  spd_loss=0.2919  lr=8.34e-05
Ep  91/500  loss=0.4250  tr_acc=0.9787  val_acc=0.7989  val_f1=0.7636  spd_loss=0.2861  lr=8.33e-05
Ep  92/500  loss=0.3858  tr_acc=0.9794  val_acc=0.7831  val_f1=0.7349  spd_loss=0.2925  lr=8.32e-05
Ep  93/500  loss=0.4061  tr_acc=0.9779  val_acc=0.8148  val_f1=0.7698  spd_loss=0.3114  lr=8.31e-05
Ep  94/500  loss=0.5260  tr_acc=0.9733  val_acc=0.8360  val_f1=0.7817  spd_loss=0.3538  lr=8.30e-05
Ep  95/500  loss=0.5443  tr_acc=0.9802  val_acc=0.8360  val_f1=0.7869  spd_loss=0.4003  lr=8.29e-05
Ep  96/500  loss=0.5656  tr_acc=0.9703  val_acc=0.7937  val_f1=0.7287  spd_loss=0.3281  lr=8.28e-05
Ep  97/500  loss=0.5683  tr_acc=0.9611  val_acc=0.7778  val_f1=0.7216  spd_loss=0.3747  lr=8.27e-05
Ep  98/500  loss=0.4575  tr_acc=0.9870  val_acc=0.8201  val_f1=0.7611  spd_loss=0.3432  lr=8.26e-05
Ep  99/500  loss=0.3965  tr_acc=0.9893  val_acc=0.8360  val_f1=0.7712  spd_loss=0.3372  lr=8.25e-05
Ep 100/500  loss=0.4018  tr_acc=0.9825  val_acc=0.7619  val_f1=0.6778  spd_loss=0.3212  lr=8.24e-05
Ep 101/500  loss=0.3655  tr_acc=0.9756  val_acc=0.8042  val_f1=0.7478  spd_loss=0.2620  lr=8.23e-05
Ep 102/500  loss=0.4292  tr_acc=0.9870  val_acc=0.7884  val_f1=0.7498  spd_loss=0.3467  lr=8.22e-05
Ep 103/500  loss=0.5686  tr_acc=0.9794  val_acc=0.7937  val_f1=0.7162  spd_loss=0.4448  lr=8.21e-05
Ep 104/500  loss=0.4372  tr_acc=0.9771  val_acc=0.7884  val_f1=0.7000  spd_loss=0.3406  lr=8.20e-05
Ep 105/500  loss=0.4569  tr_acc=0.9817  val_acc=0.8201  val_f1=0.7603  spd_loss=0.3678  lr=8.19e-05
Ep 106/500  loss=0.4453  tr_acc=0.9779  val_acc=0.7407  val_f1=0.6937  spd_loss=0.3071  lr=8.18e-05
Ep 107/500  loss=0.4104  tr_acc=0.9779  val_acc=0.8095  val_f1=0.7479  spd_loss=0.3411  lr=8.17e-05
Ep 108/500  loss=0.4825  tr_acc=0.9832  val_acc=0.7937  val_f1=0.7101  spd_loss=0.3797  lr=8.16e-05
Ep 109/500  loss=0.3993  tr_acc=0.9832  val_acc=0.7513  val_f1=0.6989  spd_loss=0.3362  lr=8.14e-05
Ep 110/500  loss=0.3882  tr_acc=0.9817  val_acc=0.7672  val_f1=0.6976  spd_loss=0.3098  lr=8.13e-05
Ep 111/500  loss=0.4953  tr_acc=0.9832  val_acc=0.7884  val_f1=0.7011  spd_loss=0.3621  lr=8.12e-05
Ep 112/500  loss=0.4206  tr_acc=0.9855  val_acc=0.8095  val_f1=0.7700  spd_loss=0.3354  lr=8.11e-05
Ep 113/500  loss=0.4141  tr_acc=0.9809  val_acc=0.7831  val_f1=0.7048  spd_loss=0.3393  lr=8.10e-05
Ep 114/500  loss=0.5282  tr_acc=0.9832  val_acc=0.8095  val_f1=0.7479  spd_loss=0.4638  lr=8.08e-05
Ep 115/500  loss=0.5108  tr_acc=0.9848  val_acc=0.8148  val_f1=0.7501  spd_loss=0.3697  lr=8.07e-05
Ep 116/500  loss=0.5036  tr_acc=0.9909  val_acc=0.7460  val_f1=0.7037  spd_loss=0.3607  lr=8.06e-05
Ep 117/500  loss=0.4684  tr_acc=0.9825  val_acc=0.8254  val_f1=0.7717  spd_loss=0.3959  lr=8.04e-05
Ep 118/500  loss=0.4450  tr_acc=0.9886  val_acc=0.8254  val_f1=0.7715  spd_loss=0.3679  lr=8.03e-05
Ep 119/500  loss=0.4216  tr_acc=0.9825  val_acc=0.8201  val_f1=0.7732  spd_loss=0.3438  lr=8.02e-05
Ep 120/500  loss=0.4347  tr_acc=0.9863  val_acc=0.7937  val_f1=0.7387  spd_loss=0.3485  lr=8.00e-05
Ep 121/500  loss=0.3627  tr_acc=0.9878  val_acc=0.7937  val_f1=0.7302  spd_loss=0.2994  lr=7.99e-05
Ep 122/500  loss=0.4773  tr_acc=0.9863  val_acc=0.7831  val_f1=0.7429  spd_loss=0.4062  lr=7.97e-05
Ep 123/500  loss=0.3684  tr_acc=0.9886  val_acc=0.8042  val_f1=0.7668  spd_loss=0.3091  lr=7.96e-05
Ep 124/500  loss=0.4790  tr_acc=0.9870  val_acc=0.8360  val_f1=0.7812  spd_loss=0.3906  lr=7.95e-05
Ep 125/500  loss=0.4025  tr_acc=0.9825  val_acc=0.8360  val_f1=0.7846  spd_loss=0.3328  lr=7.93e-05
Ep 126/500  loss=0.4988  tr_acc=0.9878  val_acc=0.8307  val_f1=0.7854  spd_loss=0.3764  lr=7.92e-05
Ep 127/500  loss=0.4809  tr_acc=0.9931  val_acc=0.8360  val_f1=0.7955  spd_loss=0.4194  lr=7.90e-05
Ep 128/500  loss=0.5130  tr_acc=0.9863  val_acc=0.7778  val_f1=0.7261  spd_loss=0.3979  lr=7.89e-05
Ep 129/500  loss=0.4456  tr_acc=0.9916  val_acc=0.8201  val_f1=0.7804  spd_loss=0.3636  lr=7.87e-05
Ep 130/500  loss=0.4784  tr_acc=0.9825  val_acc=0.7831  val_f1=0.7226  spd_loss=0.3693  lr=7.85e-05
Ep 131/500  loss=0.3721  tr_acc=0.9893  val_acc=0.8254  val_f1=0.7810  spd_loss=0.3274  lr=7.84e-05
Ep 132/500  loss=0.3653  tr_acc=0.9886  val_acc=0.8042  val_f1=0.7485  spd_loss=0.3134  lr=7.82e-05
Ep 133/500  loss=0.4690  tr_acc=0.9901  val_acc=0.8095  val_f1=0.7670  spd_loss=0.4181  lr=7.81e-05
Ep 134/500  loss=0.3403  tr_acc=0.9924  val_acc=0.7778  val_f1=0.6916  spd_loss=0.3067  lr=7.79e-05
Ep 135/500  loss=0.4317  tr_acc=0.9916  val_acc=0.8254  val_f1=0.7536  spd_loss=0.3617  lr=7.77e-05
Ep 136/500  loss=0.3298  tr_acc=0.9909  val_acc=0.8095  val_f1=0.7743  spd_loss=0.2762  lr=7.76e-05
Ep 137/500  loss=0.4321  tr_acc=0.9916  val_acc=0.7778  val_f1=0.7123  spd_loss=0.3776  lr=7.74e-05
Ep 138/500  loss=0.3525  tr_acc=0.9909  val_acc=0.8148  val_f1=0.7334  spd_loss=0.3168  lr=7.72e-05
Ep 139/500  loss=0.3568  tr_acc=0.9939  val_acc=0.8148  val_f1=0.7340  spd_loss=0.3382  lr=7.71e-05
Ep 140/500  loss=0.3975  tr_acc=0.9901  val_acc=0.8042  val_f1=0.7320  spd_loss=0.3563  lr=7.69e-05
Ep 141/500  loss=0.4350  tr_acc=0.9916  val_acc=0.8095  val_f1=0.7522  spd_loss=0.4028  lr=7.67e-05
Ep 142/500  loss=0.3931  tr_acc=0.9939  val_acc=0.7884  val_f1=0.7124  spd_loss=0.3506  lr=7.65e-05
Ep 143/500  loss=0.4674  tr_acc=0.9916  val_acc=0.7831  val_f1=0.7405  spd_loss=0.4367  lr=7.64e-05
Ep 144/500  loss=0.3383  tr_acc=0.9947  val_acc=0.8095  val_f1=0.7379  spd_loss=0.3127  lr=7.62e-05
Ep 145/500  loss=0.3973  tr_acc=0.9970  val_acc=0.8042  val_f1=0.7522  spd_loss=0.3524  lr=7.60e-05
Ep 146/500  loss=0.3392  tr_acc=0.9909  val_acc=0.8148  val_f1=0.7693  spd_loss=0.3000  lr=7.58e-05
Ep 147/500  loss=0.3507  tr_acc=0.9901  val_acc=0.8148  val_f1=0.7486  spd_loss=0.3200  lr=7.56e-05
Ep 148/500  loss=0.4716  tr_acc=0.9970  val_acc=0.7831  val_f1=0.7234  spd_loss=0.4359  lr=7.54e-05
Ep 149/500  loss=0.4422  tr_acc=0.9947  val_acc=0.8254  val_f1=0.7857  spd_loss=0.4145  lr=7.52e-05
Ep 150/500  loss=0.4855  tr_acc=0.9909  val_acc=0.7725  val_f1=0.7221  spd_loss=0.4015  lr=7.51e-05
Ep 151/500  loss=0.3569  tr_acc=0.9893  val_acc=0.7725  val_f1=0.7286  spd_loss=0.2899  lr=7.49e-05
Ep 152/500  loss=0.3673  tr_acc=0.9901  val_acc=0.8254  val_f1=0.7684  spd_loss=0.3381  lr=7.47e-05
Ep 153/500  loss=0.3226  tr_acc=0.9931  val_acc=0.7884  val_f1=0.7268  spd_loss=0.2979  lr=7.45e-05
Ep 154/500  loss=0.4294  tr_acc=0.9939  val_acc=0.7937  val_f1=0.7189  spd_loss=0.3862  lr=7.43e-05
Ep 155/500  loss=0.3987  tr_acc=0.9931  val_acc=0.7884  val_f1=0.7206  spd_loss=0.3689  lr=7.41e-05
Ep 156/500  loss=0.3972  tr_acc=0.9939  val_acc=0.7778  val_f1=0.7118  spd_loss=0.3789  lr=7.39e-05
Ep 157/500  loss=0.4204  tr_acc=0.9909  val_acc=0.7989  val_f1=0.7245  spd_loss=0.3913  lr=7.37e-05
Ep 158/500  loss=0.3670  tr_acc=0.9977  val_acc=0.8095  val_f1=0.7538  spd_loss=0.3532  lr=7.35e-05
Ep 159/500  loss=0.3301  tr_acc=0.9939  val_acc=0.7989  val_f1=0.7408  spd_loss=0.3049  lr=7.33e-05
Ep 160/500  loss=0.2880  tr_acc=0.9954  val_acc=0.7937  val_f1=0.7288  spd_loss=0.2629  lr=7.31e-05
Ep 161/500  loss=0.3614  tr_acc=0.9893  val_acc=0.8042  val_f1=0.7491  spd_loss=0.3182  lr=7.29e-05
Ep 162/500  loss=0.3863  tr_acc=0.9962  val_acc=0.8148  val_f1=0.7620  spd_loss=0.3683  lr=7.27e-05
Ep 163/500  loss=0.3839  tr_acc=0.9886  val_acc=0.8201  val_f1=0.7738  spd_loss=0.3510  lr=7.24e-05
Ep 164/500  loss=0.3532  tr_acc=0.9855  val_acc=0.8360  val_f1=0.7701  spd_loss=0.3020  lr=7.22e-05
Ep 165/500  loss=0.4183  tr_acc=0.9924  val_acc=0.7831  val_f1=0.7024  spd_loss=0.3267  lr=7.20e-05
Ep 166/500  loss=0.4618  tr_acc=0.9924  val_acc=0.8201  val_f1=0.7687  spd_loss=0.4246  lr=7.18e-05
Ep 167/500  loss=0.5082  tr_acc=0.9924  val_acc=0.8254  val_f1=0.7937  spd_loss=0.4299  lr=7.16e-05
Ep 168/500  loss=0.3593  tr_acc=0.9909  val_acc=0.8307  val_f1=0.7834  spd_loss=0.3099  lr=7.14e-05
Ep 169/500  loss=0.3625  tr_acc=0.9939  val_acc=0.8201  val_f1=0.7811  spd_loss=0.3306  lr=7.12e-05
Ep 170/500  loss=0.4164  tr_acc=0.9870  val_acc=0.8148  val_f1=0.7532  spd_loss=0.3784  lr=7.09e-05
Ep 171/500  loss=0.3722  tr_acc=0.9947  val_acc=0.7884  val_f1=0.7135  spd_loss=0.3462  lr=7.07e-05
Ep 172/500  loss=0.4578  tr_acc=0.9939  val_acc=0.7937  val_f1=0.7563  spd_loss=0.4305  lr=7.05e-05
Ep 173/500  loss=0.3886  tr_acc=0.9970  val_acc=0.8413  val_f1=0.7936  spd_loss=0.3691  lr=7.03e-05
Ep 174/500  loss=0.3597  tr_acc=0.9947  val_acc=0.8360  val_f1=0.7736  spd_loss=0.3397  lr=7.00e-05
Ep 175/500  loss=0.4152  tr_acc=0.9954  val_acc=0.8413  val_f1=0.7768  spd_loss=0.3952  lr=6.98e-05
Ep 176/500  loss=0.3858  tr_acc=0.9939  val_acc=0.7989  val_f1=0.7388  spd_loss=0.3697  lr=6.96e-05
Ep 177/500  loss=0.4198  tr_acc=0.9970  val_acc=0.8254  val_f1=0.7738  spd_loss=0.3792  lr=6.94e-05
Ep 178/500  loss=0.4266  tr_acc=0.9954  val_acc=0.8042  val_f1=0.7624  spd_loss=0.4045  lr=6.91e-05
Ep 179/500  loss=0.2890  tr_acc=0.9977  val_acc=0.8254  val_f1=0.7563  spd_loss=0.2731  lr=6.89e-05
Ep 180/500  loss=0.3620  tr_acc=0.9962  val_acc=0.8148  val_f1=0.7458  spd_loss=0.3446  lr=6.87e-05
Ep 181/500  loss=0.3630  tr_acc=0.9970  val_acc=0.8307  val_f1=0.7865  spd_loss=0.3408  lr=6.84e-05
Ep 182/500  loss=0.3309  tr_acc=0.9962  val_acc=0.7989  val_f1=0.7316  spd_loss=0.3130  lr=6.82e-05
Ep 183/500  loss=0.3585  tr_acc=0.9962  val_acc=0.7989  val_f1=0.7453  spd_loss=0.3396  lr=6.80e-05
Ep 184/500  loss=0.4047  tr_acc=0.9977  val_acc=0.8148  val_f1=0.7448  spd_loss=0.3689  lr=6.77e-05
Ep 185/500  loss=0.4461  tr_acc=0.9947  val_acc=0.7831  val_f1=0.7155  spd_loss=0.4232  lr=6.75e-05
Ep 186/500  loss=0.4679  tr_acc=0.9931  val_acc=0.8042  val_f1=0.7535  spd_loss=0.4453  lr=6.72e-05
Ep 187/500  loss=0.3807  tr_acc=0.9985  val_acc=0.7989  val_f1=0.7351  spd_loss=0.3760  lr=6.70e-05
Ep 188/500  loss=0.3407  tr_acc=0.9977  val_acc=0.8148  val_f1=0.7401  spd_loss=0.3308  lr=6.68e-05
Ep 189/500  loss=0.3480  tr_acc=0.9939  val_acc=0.8254  val_f1=0.7433  spd_loss=0.3228  lr=6.65e-05
Ep 190/500  loss=0.3213  tr_acc=0.9954  val_acc=0.8095  val_f1=0.7423  spd_loss=0.2908  lr=6.63e-05
Ep 191/500  loss=0.4146  tr_acc=0.9970  val_acc=0.8148  val_f1=0.7583  spd_loss=0.4021  lr=6.60e-05
Ep 192/500  loss=0.3230  tr_acc=0.9954  val_acc=0.7989  val_f1=0.7327  spd_loss=0.3011  lr=6.58e-05
Ep 193/500  loss=0.3821  tr_acc=0.9954  val_acc=0.7725  val_f1=0.6986  spd_loss=0.3451  lr=6.55e-05
Ep 194/500  loss=0.4686  tr_acc=0.9962  val_acc=0.7778  val_f1=0.7154  spd_loss=0.4468  lr=6.53e-05
Ep 195/500  loss=0.2813  tr_acc=0.9962  val_acc=0.7989  val_f1=0.7383  spd_loss=0.2668  lr=6.50e-05
Ep 196/500  loss=0.3955  tr_acc=0.9970  val_acc=0.8148  val_f1=0.7709  spd_loss=0.3848  lr=6.48e-05
Ep 197/500  loss=0.4904  tr_acc=0.9901  val_acc=0.8095  val_f1=0.7406  spd_loss=0.4453  lr=6.45e-05
Ep 198/500  loss=0.3476  tr_acc=0.9916  val_acc=0.8307  val_f1=0.7799  spd_loss=0.3253  lr=6.43e-05
Ep 199/500  loss=0.4694  tr_acc=0.9954  val_acc=0.7989  val_f1=0.7464  spd_loss=0.4492  lr=6.40e-05
Ep 200/500  loss=0.3337  tr_acc=0.9985  val_acc=0.8360  val_f1=0.7677  spd_loss=0.3252  lr=6.38e-05
Ep 201/500  loss=0.3589  tr_acc=0.9924  val_acc=0.7989  val_f1=0.7601  spd_loss=0.3333  lr=6.35e-05
Ep 202/500  loss=0.4867  tr_acc=0.9985  val_acc=0.8254  val_f1=0.7662  spd_loss=0.4808  lr=6.32e-05
Ep 203/500  loss=0.4236  tr_acc=0.9977  val_acc=0.8042  val_f1=0.7554  spd_loss=0.3994  lr=6.30e-05
Ep 204/500  loss=0.3530  tr_acc=0.9962  val_acc=0.8413  val_f1=0.7826  spd_loss=0.3417  lr=6.27e-05
Ep 205/500  loss=0.3530  tr_acc=0.9977  val_acc=0.7989  val_f1=0.7349  spd_loss=0.3439  lr=6.25e-05
Ep 206/500  loss=0.3493  tr_acc=0.9977  val_acc=0.8148  val_f1=0.7390  spd_loss=0.3406  lr=6.22e-05
Ep 207/500  loss=0.3759  tr_acc=0.9970  val_acc=0.8095  val_f1=0.7329  spd_loss=0.3607  lr=6.19e-05
Ep 208/500  loss=0.3700  tr_acc=0.9954  val_acc=0.7831  val_f1=0.7319  spd_loss=0.3605  lr=6.17e-05
Ep 209/500  loss=0.3733  tr_acc=0.9962  val_acc=0.8042  val_f1=0.7440  spd_loss=0.3588  lr=6.14e-05
Ep 210/500  loss=0.3622  tr_acc=0.9924  val_acc=0.7884  val_f1=0.7208  spd_loss=0.3446  lr=6.11e-05
Ep 211/500  loss=0.3724  tr_acc=0.9947  val_acc=0.8148  val_f1=0.7413  spd_loss=0.3411  lr=6.09e-05
Ep 212/500  loss=0.3439  tr_acc=0.9977  val_acc=0.8148  val_f1=0.7632  spd_loss=0.3327  lr=6.06e-05
Ep 213/500  loss=0.3104  tr_acc=0.9985  val_acc=0.8042  val_f1=0.7454  spd_loss=0.3073  lr=6.03e-05
Ep 214/500  loss=0.3817  tr_acc=0.9992  val_acc=0.7778  val_f1=0.7212  spd_loss=0.3648  lr=6.01e-05
Ep 215/500  loss=0.3357  tr_acc=0.9970  val_acc=0.7989  val_f1=0.7387  spd_loss=0.3192  lr=5.98e-05
Ep 216/500  loss=0.3844  tr_acc=0.9992  val_acc=0.8042  val_f1=0.7414  spd_loss=0.3800  lr=5.95e-05
Ep 217/500  loss=0.4347  tr_acc=0.9992  val_acc=0.7937  val_f1=0.7169  spd_loss=0.3849  lr=5.92e-05
Ep 218/500  loss=0.3355  tr_acc=0.9985  val_acc=0.8095  val_f1=0.7435  spd_loss=0.3306  lr=5.90e-05
Ep 219/500  loss=0.2327  tr_acc=0.9977  val_acc=0.8148  val_f1=0.7489  spd_loss=0.2282  lr=5.87e-05
Ep 220/500  loss=0.3721  tr_acc=0.9977  val_acc=0.7937  val_f1=0.7376  spd_loss=0.3588  lr=5.84e-05
Ep 221/500  loss=0.3865  tr_acc=0.9977  val_acc=0.8519  val_f1=0.7973  spd_loss=0.3717  lr=5.81e-05
Ep 222/500  loss=0.3777  tr_acc=0.9954  val_acc=0.7884  val_f1=0.7271  spd_loss=0.3625  lr=5.79e-05
Ep 223/500  loss=0.4869  tr_acc=0.9992  val_acc=0.8042  val_f1=0.7490  spd_loss=0.4512  lr=5.76e-05
Ep 224/500  loss=0.3694  tr_acc=0.9962  val_acc=0.8095  val_f1=0.7571  spd_loss=0.3529  lr=5.73e-05
Ep 225/500  loss=0.3917  tr_acc=0.9977  val_acc=0.8201  val_f1=0.7651  spd_loss=0.3753  lr=5.70e-05
Ep 226/500  loss=0.4163  tr_acc=0.9970  val_acc=0.8148  val_f1=0.7649  spd_loss=0.4029  lr=5.68e-05
Ep 227/500  loss=0.4069  tr_acc=0.9977  val_acc=0.8148  val_f1=0.7773  spd_loss=0.3970  lr=5.65e-05
Ep 228/500  loss=0.3381  tr_acc=0.9992  val_acc=0.8095  val_f1=0.7415  spd_loss=0.3340  lr=5.62e-05
Ep 229/500  loss=0.3522  tr_acc=1.0000  val_acc=0.8148  val_f1=0.7557  spd_loss=0.3484  lr=5.59e-05
Ep 230/500  loss=0.3132  tr_acc=0.9954  val_acc=0.7778  val_f1=0.7269  spd_loss=0.2935  lr=5.56e-05
Ep 231/500  loss=0.4977  tr_acc=0.9909  val_acc=0.7831  val_f1=0.7183  spd_loss=0.4202  lr=5.54e-05
Ep 232/500  loss=0.3589  tr_acc=0.9977  val_acc=0.7937  val_f1=0.7294  spd_loss=0.3527  lr=5.51e-05
Ep 233/500  loss=0.3312  tr_acc=0.9985  val_acc=0.7937  val_f1=0.7457  spd_loss=0.3246  lr=5.48e-05
Ep 234/500  loss=0.3404  tr_acc=0.9985  val_acc=0.8148  val_f1=0.7604  spd_loss=0.3276  lr=5.45e-05
Ep 235/500  loss=0.4072  tr_acc=0.9985  val_acc=0.7831  val_f1=0.7389  spd_loss=0.3962  lr=5.42e-05
Ep 236/500  loss=0.4223  tr_acc=0.9970  val_acc=0.7989  val_f1=0.7300  spd_loss=0.3613  lr=5.39e-05
Ep 237/500  loss=0.3890  tr_acc=0.9931  val_acc=0.8095  val_f1=0.7389  spd_loss=0.3716  lr=5.36e-05
Ep 238/500  loss=0.4463  tr_acc=0.9962  val_acc=0.7672  val_f1=0.7002  spd_loss=0.4376  lr=5.34e-05
Ep 239/500  loss=0.3620  tr_acc=0.9970  val_acc=0.7884  val_f1=0.7116  spd_loss=0.3436  lr=5.31e-05
Ep 240/500  loss=0.4508  tr_acc=0.9985  val_acc=0.7937  val_f1=0.7145  spd_loss=0.4350  lr=5.28e-05
Ep 241/500  loss=0.3525  tr_acc=0.9977  val_acc=0.7989  val_f1=0.7291  spd_loss=0.3461  lr=5.25e-05
Ep 242/500  loss=0.3619  tr_acc=0.9985  val_acc=0.8095  val_f1=0.7532  spd_loss=0.3400  lr=5.22e-05
Ep 243/500  loss=0.3501  tr_acc=0.9985  val_acc=0.7884  val_f1=0.7303  spd_loss=0.3447  lr=5.19e-05
Ep 244/500  loss=0.4221  tr_acc=0.9962  val_acc=0.8148  val_f1=0.7449  spd_loss=0.4128  lr=5.16e-05
Ep 245/500  loss=0.3597  tr_acc=0.9962  val_acc=0.8042  val_f1=0.7286  spd_loss=0.3457  lr=5.13e-05
Ep 246/500  loss=0.3437  tr_acc=0.9985  val_acc=0.7884  val_f1=0.7210  spd_loss=0.3393  lr=5.10e-05
Ep 247/500  loss=0.3785  tr_acc=0.9992  val_acc=0.8042  val_f1=0.7418  spd_loss=0.3742  lr=5.08e-05
Ep 248/500  loss=0.3942  tr_acc=0.9985  val_acc=0.8042  val_f1=0.7512  spd_loss=0.3861  lr=5.05e-05
Ep 249/500  loss=0.3729  tr_acc=0.9977  val_acc=0.8095  val_f1=0.7298  spd_loss=0.3663  lr=5.02e-05
Ep 250/500  loss=0.3531  tr_acc=0.9985  val_acc=0.8307  val_f1=0.7732  spd_loss=0.3481  lr=4.99e-05
Ep 251/500  loss=0.3683  tr_acc=0.9992  val_acc=0.8148  val_f1=0.7466  spd_loss=0.3660  lr=4.96e-05
Ep 252/500  loss=0.2799  tr_acc=0.9992  val_acc=0.7725  val_f1=0.6997  spd_loss=0.2755  lr=4.93e-05
Ep 253/500  loss=0.3491  tr_acc=0.9954  val_acc=0.7989  val_f1=0.7350  spd_loss=0.3164  lr=4.90e-05
Ep 254/500  loss=0.3504  tr_acc=0.9977  val_acc=0.7884  val_f1=0.7218  spd_loss=0.3423  lr=4.87e-05
Ep 255/500  loss=0.3527  tr_acc=0.9992  val_acc=0.7989  val_f1=0.7353  spd_loss=0.3488  lr=4.84e-05
Ep 256/500  loss=0.3921  tr_acc=0.9970  val_acc=0.7884  val_f1=0.6922  spd_loss=0.3781  lr=4.81e-05
Ep 257/500  loss=0.4076  tr_acc=0.9962  val_acc=0.7937  val_f1=0.7370  spd_loss=0.3958  lr=4.78e-05
Ep 258/500  loss=0.3658  tr_acc=0.9992  val_acc=0.7989  val_f1=0.7200  spd_loss=0.3620  lr=4.75e-05
Ep 259/500  loss=0.3116  tr_acc=0.9954  val_acc=0.7884  val_f1=0.7233  spd_loss=0.2953  lr=4.72e-05
Ep 260/500  loss=0.3717  tr_acc=0.9985  val_acc=0.7989  val_f1=0.7330  spd_loss=0.3242  lr=4.69e-05
Ep 261/500  loss=0.3259  tr_acc=0.9985  val_acc=0.8201  val_f1=0.7590  spd_loss=0.3178  lr=4.66e-05
Ep 262/500  loss=0.3814  tr_acc=0.9970  val_acc=0.8148  val_f1=0.7498  spd_loss=0.3678  lr=4.64e-05
Ep 263/500  loss=0.3608  tr_acc=0.9962  val_acc=0.7831  val_f1=0.7195  spd_loss=0.3491  lr=4.61e-05
Ep 264/500  loss=0.3595  tr_acc=0.9992  val_acc=0.8148  val_f1=0.7362  spd_loss=0.3574  lr=4.58e-05
Ep 265/500  loss=0.3798  tr_acc=0.9954  val_acc=0.8148  val_f1=0.7394  spd_loss=0.3630  lr=4.55e-05
Ep 266/500  loss=0.3579  tr_acc=0.9985  val_acc=0.8148  val_f1=0.7460  spd_loss=0.3494  lr=4.52e-05
Ep 267/500  loss=0.3600  tr_acc=0.9992  val_acc=0.8042  val_f1=0.7203  spd_loss=0.3547  lr=4.49e-05
Ep 268/500  loss=0.4076  tr_acc=0.9992  val_acc=0.7989  val_f1=0.7117  spd_loss=0.4038  lr=4.46e-05
Ep 269/500  loss=0.3230  tr_acc=0.9977  val_acc=0.7989  val_f1=0.7140  spd_loss=0.3060  lr=4.43e-05
Ep 270/500  loss=0.4259  tr_acc=0.9985  val_acc=0.8042  val_f1=0.7397  spd_loss=0.4224  lr=4.40e-05
Ep 271/500  loss=0.4225  tr_acc=1.0000  val_acc=0.8201  val_f1=0.7453  spd_loss=0.4207  lr=4.37e-05
Ep 272/500  loss=0.3523  tr_acc=0.9992  val_acc=0.8254  val_f1=0.7650  spd_loss=0.3496  lr=4.34e-05
Ep 273/500  loss=0.3954  tr_acc=0.9985  val_acc=0.8042  val_f1=0.7334  spd_loss=0.3898  lr=4.31e-05
Ep 274/500  loss=0.3046  tr_acc=0.9977  val_acc=0.8095  val_f1=0.7219  spd_loss=0.3013  lr=4.28e-05
Ep 275/500  loss=0.4746  tr_acc=0.9992  val_acc=0.8042  val_f1=0.7287  spd_loss=0.4702  lr=4.25e-05
Ep 276/500  loss=0.3394  tr_acc=0.9985  val_acc=0.8042  val_f1=0.7178  spd_loss=0.3305  lr=4.22e-05
Ep 277/500  loss=0.3344  tr_acc=0.9992  val_acc=0.8095  val_f1=0.7362  spd_loss=0.3327  lr=4.19e-05
Ep 278/500  loss=0.4160  tr_acc=0.9977  val_acc=0.8042  val_f1=0.7281  spd_loss=0.4122  lr=4.16e-05
Ep 279/500  loss=0.3636  tr_acc=0.9992  val_acc=0.8148  val_f1=0.7365  spd_loss=0.3560  lr=4.13e-05
Ep 280/500  loss=0.3970  tr_acc=1.0000  val_acc=0.7884  val_f1=0.7191  spd_loss=0.3965  lr=4.10e-05
Ep 281/500  loss=0.3555  tr_acc=1.0000  val_acc=0.8148  val_f1=0.7486  spd_loss=0.3548  lr=4.07e-05
Ep 282/500  loss=0.3635  tr_acc=1.0000  val_acc=0.8201  val_f1=0.7544  spd_loss=0.3630  lr=4.04e-05
Ep 283/500  loss=0.4072  tr_acc=0.9992  val_acc=0.8201  val_f1=0.7548  spd_loss=0.4057  lr=4.01e-05
Ep 284/500  loss=0.3487  tr_acc=0.9970  val_acc=0.7937  val_f1=0.7216  spd_loss=0.3407  lr=3.98e-05
Ep 285/500  loss=0.3837  tr_acc=1.0000  val_acc=0.8148  val_f1=0.7420  spd_loss=0.3831  lr=3.95e-05
Ep 286/500  loss=0.3707  tr_acc=0.9977  val_acc=0.7989  val_f1=0.7245  spd_loss=0.3644  lr=3.92e-05
Ep 287/500  loss=0.4340  tr_acc=0.9992  val_acc=0.8201  val_f1=0.7512  spd_loss=0.4272  lr=3.89e-05
Ep 288/500  loss=0.3743  tr_acc=0.9992  val_acc=0.8148  val_f1=0.7338  spd_loss=0.3728  lr=3.86e-05
Ep 289/500  loss=0.3517  tr_acc=1.0000  val_acc=0.8307  val_f1=0.7706  spd_loss=0.3512  lr=3.84e-05
Ep 290/500  loss=0.3342  tr_acc=0.9977  val_acc=0.8042  val_f1=0.7287  spd_loss=0.3282  lr=3.81e-05
Ep 291/500  loss=0.3875  tr_acc=1.0000  val_acc=0.8095  val_f1=0.7363  spd_loss=0.3868  lr=3.78e-05
Ep 292/500  loss=0.3345  tr_acc=1.0000  val_acc=0.7937  val_f1=0.7333  spd_loss=0.3337  lr=3.75e-05
Ep 293/500  loss=0.3280  tr_acc=0.9985  val_acc=0.7989  val_f1=0.7309  spd_loss=0.3246  lr=3.72e-05
Ep 294/500  loss=0.3415  tr_acc=0.9985  val_acc=0.8254  val_f1=0.7522  spd_loss=0.3315  lr=3.69e-05
Ep 295/500  loss=0.3351  tr_acc=0.9977  val_acc=0.8201  val_f1=0.7532  spd_loss=0.3286  lr=3.66e-05
Ep 296/500  loss=0.3843  tr_acc=0.9977  val_acc=0.8095  val_f1=0.7393  spd_loss=0.3785  lr=3.63e-05
Ep 297/500  loss=0.3647  tr_acc=0.9985  val_acc=0.7989  val_f1=0.7356  spd_loss=0.3595  lr=3.60e-05
Ep 298/500  loss=0.3142  tr_acc=0.9992  val_acc=0.7989  val_f1=0.7348  spd_loss=0.3082  lr=3.57e-05
Ep 299/500  loss=0.3833  tr_acc=0.9992  val_acc=0.7937  val_f1=0.7229  spd_loss=0.3801  lr=3.54e-05
Ep 300/500  loss=0.4090  tr_acc=0.9992  val_acc=0.7989  val_f1=0.7381  spd_loss=0.4044  lr=3.51e-05
Ep 301/500  loss=0.4259  tr_acc=0.9970  val_acc=0.7884  val_f1=0.7262  spd_loss=0.4149  lr=3.48e-05
Ep 302/500  loss=0.4214  tr_acc=1.0000  val_acc=0.7778  val_f1=0.6981  spd_loss=0.4201  lr=3.45e-05
Ep 303/500  loss=0.4338  tr_acc=1.0000  val_acc=0.7884  val_f1=0.7262  spd_loss=0.4334  lr=3.42e-05
Ep 304/500  loss=0.3854  tr_acc=0.9992  val_acc=0.7937  val_f1=0.7285  spd_loss=0.3815  lr=3.40e-05
Ep 305/500  loss=0.3510  tr_acc=1.0000  val_acc=0.7831  val_f1=0.7173  spd_loss=0.3504  lr=3.37e-05
Ep 306/500  loss=0.3925  tr_acc=1.0000  val_acc=0.7989  val_f1=0.7393  spd_loss=0.3916  lr=3.34e-05
Ep 307/500  loss=0.3844  tr_acc=0.9992  val_acc=0.7672  val_f1=0.6984  spd_loss=0.3821  lr=3.31e-05
Ep 308/500  loss=0.3888  tr_acc=1.0000  val_acc=0.7884  val_f1=0.7122  spd_loss=0.3881  lr=3.28e-05
Ep 309/500  loss=0.2907  tr_acc=1.0000  val_acc=0.8095  val_f1=0.7479  spd_loss=0.2903  lr=3.25e-05
Ep 310/500  loss=0.3605  tr_acc=0.9992  val_acc=0.8095  val_f1=0.7396  spd_loss=0.3579  lr=3.22e-05
Ep 311/500  loss=0.2655  tr_acc=0.9985  val_acc=0.8042  val_f1=0.7471  spd_loss=0.2617  lr=3.19e-05
Ep 312/500  loss=0.3436  tr_acc=0.9992  val_acc=0.7989  val_f1=0.7461  spd_loss=0.3414  lr=3.16e-05
Ep 313/500  loss=0.3784  tr_acc=1.0000  val_acc=0.8201  val_f1=0.7561  spd_loss=0.3775  lr=3.14e-05
Ep 314/500  loss=0.2881  tr_acc=1.0000  val_acc=0.8042  val_f1=0.7386  spd_loss=0.2879  lr=3.11e-05
Ep 315/500  loss=0.3560  tr_acc=1.0000  val_acc=0.8042  val_f1=0.7354  spd_loss=0.3556  lr=3.08e-05
Ep 316/500  loss=0.3563  tr_acc=0.9992  val_acc=0.7831  val_f1=0.7243  spd_loss=0.3535  lr=3.05e-05
Ep 317/500  loss=0.2997  tr_acc=0.9992  val_acc=0.7884  val_f1=0.7277  spd_loss=0.2980  lr=3.02e-05
Ep 318/500  loss=0.4324  tr_acc=0.9992  val_acc=0.7989  val_f1=0.7218  spd_loss=0.4312  lr=2.99e-05
Ep 319/500  loss=0.3567  tr_acc=0.9992  val_acc=0.7937  val_f1=0.7378  spd_loss=0.3532  lr=2.96e-05
Ep 320/500  loss=0.4409  tr_acc=1.0000  val_acc=0.8201  val_f1=0.7507  spd_loss=0.4394  lr=2.94e-05
Ep 321/500  loss=0.3677  tr_acc=0.9985  val_acc=0.7778  val_f1=0.7205  spd_loss=0.3630  lr=2.91e-05
Ep 322/500  loss=0.4050  tr_acc=1.0000  val_acc=0.8254  val_f1=0.7662  spd_loss=0.4039  lr=2.88e-05
Ep 323/500  loss=0.4172  tr_acc=0.9992  val_acc=0.8201  val_f1=0.7638  spd_loss=0.4147  lr=2.85e-05
Ep 324/500  loss=0.4179  tr_acc=1.0000  val_acc=0.8201  val_f1=0.7561  spd_loss=0.4174  lr=2.82e-05
Ep 325/500  loss=0.4160  tr_acc=1.0000  val_acc=0.8201  val_f1=0.7575  spd_loss=0.4154  lr=2.80e-05
Ep 326/500  loss=0.3926  tr_acc=0.9992  val_acc=0.7884  val_f1=0.7202  spd_loss=0.3901  lr=2.77e-05
Ep 327/500  loss=0.2702  tr_acc=0.9992  val_acc=0.8042  val_f1=0.7332  spd_loss=0.2669  lr=2.74e-05
Ep 328/500  loss=0.3380  tr_acc=1.0000  val_acc=0.7937  val_f1=0.7387  spd_loss=0.3366  lr=2.71e-05
Ep 329/500  loss=0.3615  tr_acc=1.0000  val_acc=0.8254  val_f1=0.7714  spd_loss=0.3607  lr=2.69e-05
Ep 330/500  loss=0.3850  tr_acc=1.0000  val_acc=0.8042  val_f1=0.7586  spd_loss=0.3841  lr=2.66e-05
Ep 331/500  loss=0.5122  tr_acc=0.9985  val_acc=0.7989  val_f1=0.7518  spd_loss=0.5071  lr=2.63e-05
Ep 332/500  loss=0.4151  tr_acc=1.0000  val_acc=0.8254  val_f1=0.7583  spd_loss=0.4131  lr=2.60e-05
Ep 333/500  loss=0.4139  tr_acc=0.9992  val_acc=0.8042  val_f1=0.7519  spd_loss=0.4110  lr=2.58e-05
Ep 334/500  loss=0.3509  tr_acc=1.0000  val_acc=0.7884  val_f1=0.7044  spd_loss=0.3503  lr=2.55e-05
Ep 335/500  loss=0.3811  tr_acc=0.9992  val_acc=0.8201  val_f1=0.7602  spd_loss=0.3793  lr=2.52e-05
Ep 336/500  loss=0.3402  tr_acc=0.9992  val_acc=0.8095  val_f1=0.7601  spd_loss=0.3369  lr=2.49e-05
Ep 337/500  loss=0.4954  tr_acc=0.9985  val_acc=0.8254  val_f1=0.7679  spd_loss=0.4916  lr=2.47e-05
Ep 338/500  loss=0.4216  tr_acc=0.9977  val_acc=0.8095  val_f1=0.7555  spd_loss=0.4163  lr=2.44e-05
Ep 339/500  loss=0.3850  tr_acc=1.0000  val_acc=0.8095  val_f1=0.7538  spd_loss=0.3836  lr=2.41e-05
Ep 340/500  loss=0.3465  tr_acc=1.0000  val_acc=0.8148  val_f1=0.7570  spd_loss=0.3460  lr=2.39e-05
Ep 341/500  loss=0.3671  tr_acc=1.0000  val_acc=0.8148  val_f1=0.7635  spd_loss=0.3665  lr=2.36e-05
Ep 342/500  loss=0.4661  tr_acc=1.0000  val_acc=0.8095  val_f1=0.7426  spd_loss=0.4651  lr=2.33e-05
Ep 343/500  loss=0.3641  tr_acc=0.9992  val_acc=0.8042  val_f1=0.7504  spd_loss=0.3617  lr=2.31e-05
Ep 344/500  loss=0.4593  tr_acc=1.0000  val_acc=0.8201  val_f1=0.7632  spd_loss=0.4583  lr=2.28e-05
Ep 345/500  loss=0.3382  tr_acc=1.0000  val_acc=0.8254  val_f1=0.7718  spd_loss=0.3379  lr=2.25e-05
Ep 346/500  loss=0.3829  tr_acc=0.9992  val_acc=0.8201  val_f1=0.7660  spd_loss=0.3790  lr=2.23e-05
Ep 347/500  loss=0.4141  tr_acc=0.9992  val_acc=0.8148  val_f1=0.7547  spd_loss=0.4121  lr=2.20e-05
Ep 348/500  loss=0.3290  tr_acc=1.0000  val_acc=0.8201  val_f1=0.7570  spd_loss=0.3289  lr=2.18e-05
Ep 349/500  loss=0.3766  tr_acc=1.0000  val_acc=0.8307  val_f1=0.7636  spd_loss=0.3761  lr=2.15e-05
Ep 350/500  loss=0.3651  tr_acc=0.9992  val_acc=0.8042  val_f1=0.7345  spd_loss=0.3629  lr=2.13e-05
Ep 351/500  loss=0.3688  tr_acc=0.9992  val_acc=0.7831  val_f1=0.7182  spd_loss=0.3669  lr=2.10e-05
Ep 352/500  loss=0.3668  tr_acc=1.0000  val_acc=0.8148  val_f1=0.7459  spd_loss=0.3661  lr=2.07e-05
Ep 353/500  loss=0.3679  tr_acc=1.0000  val_acc=0.7778  val_f1=0.6998  spd_loss=0.3674  lr=2.05e-05
Ep 354/500  loss=0.3380  tr_acc=1.0000  val_acc=0.8095  val_f1=0.7427  spd_loss=0.3378  lr=2.02e-05
Ep 355/500  loss=0.3684  tr_acc=0.9992  val_acc=0.7884  val_f1=0.7257  spd_loss=0.3650  lr=2.00e-05
Ep 356/500  loss=0.3490  tr_acc=0.9992  val_acc=0.8095  val_f1=0.7613  spd_loss=0.3457  lr=1.97e-05
Ep 357/500  loss=0.4077  tr_acc=1.0000  val_acc=0.8307  val_f1=0.7773  spd_loss=0.4075  lr=1.95e-05
Ep 358/500  loss=0.4006  tr_acc=1.0000  val_acc=0.8254  val_f1=0.7732  spd_loss=0.4003  lr=1.92e-05
Ep 359/500  loss=0.4271  tr_acc=0.9992  val_acc=0.7937  val_f1=0.7339  spd_loss=0.4232  lr=1.90e-05
Ep 360/500  loss=0.4272  tr_acc=0.9992  val_acc=0.8307  val_f1=0.7631  spd_loss=0.4233  lr=1.87e-05
Ep 361/500  loss=0.3658  tr_acc=1.0000  val_acc=0.8413  val_f1=0.7875  spd_loss=0.3656  lr=1.85e-05
Ep 362/500  loss=0.3774  tr_acc=1.0000  val_acc=0.8148  val_f1=0.7585  spd_loss=0.3768  lr=1.82e-05
Ep 363/500  loss=0.3794  tr_acc=1.0000  val_acc=0.8307  val_f1=0.7804  spd_loss=0.3791  lr=1.80e-05
Ep 364/500  loss=0.3166  tr_acc=1.0000  val_acc=0.8254  val_f1=0.7761  spd_loss=0.3165  lr=1.78e-05
Ep 365/500  loss=0.3335  tr_acc=1.0000  val_acc=0.8307  val_f1=0.7803  spd_loss=0.3334  lr=1.75e-05
Ep 366/500  loss=0.3547  tr_acc=1.0000  val_acc=0.8254  val_f1=0.7776  spd_loss=0.3546  lr=1.73e-05
Ep 367/500  loss=0.3357  tr_acc=1.0000  val_acc=0.8201  val_f1=0.7691  spd_loss=0.3355  lr=1.70e-05
Ep 368/500  loss=0.3820  tr_acc=1.0000  val_acc=0.8201  val_f1=0.7654  spd_loss=0.3818  lr=1.68e-05
Ep 369/500  loss=0.4730  tr_acc=1.0000  val_acc=0.8360  val_f1=0.7800  spd_loss=0.4722  lr=1.66e-05
Ep 370/500  loss=0.4167  tr_acc=1.0000  val_acc=0.8254  val_f1=0.7538  spd_loss=0.4166  lr=1.63e-05
Ep 371/500  loss=0.4051  tr_acc=0.9992  val_acc=0.8360  val_f1=0.7843  spd_loss=0.4039  lr=1.61e-05
Ep 372/500  loss=0.3774  tr_acc=0.9985  val_acc=0.8095  val_f1=0.7426  spd_loss=0.3725  lr=1.59e-05
Ep 373/500  loss=0.3477  tr_acc=1.0000  val_acc=0.8201  val_f1=0.7632  spd_loss=0.3474  lr=1.56e-05
Ep 374/500  loss=0.3889  tr_acc=0.9992  val_acc=0.8148  val_f1=0.7602  spd_loss=0.3877  lr=1.54e-05
Ep 375/500  loss=0.4662  tr_acc=0.9992  val_acc=0.7937  val_f1=0.7259  spd_loss=0.4648  lr=1.52e-05
Ep 376/500  loss=0.3396  tr_acc=1.0000  val_acc=0.8201  val_f1=0.7564  spd_loss=0.3393  lr=1.50e-05
Ep 377/500  loss=0.4712  tr_acc=1.0000  val_acc=0.8148  val_f1=0.7555  spd_loss=0.4710  lr=1.47e-05
Ep 378/500  loss=0.3999  tr_acc=0.9992  val_acc=0.8095  val_f1=0.7550  spd_loss=0.3988  lr=1.45e-05
Ep 379/500  loss=0.3414  tr_acc=1.0000  val_acc=0.8148  val_f1=0.7617  spd_loss=0.3410  lr=1.43e-05
Ep 380/500  loss=0.3279  tr_acc=1.0000  val_acc=0.8254  val_f1=0.7756  spd_loss=0.3275  lr=1.41e-05
Ep 381/500  loss=0.3529  tr_acc=1.0000  val_acc=0.8254  val_f1=0.7701  spd_loss=0.3529  lr=1.38e-05
Ep 382/500  loss=0.3241  tr_acc=1.0000  val_acc=0.8042  val_f1=0.7378  spd_loss=0.3236  lr=1.36e-05
Ep 383/500  loss=0.3532  tr_acc=1.0000  val_acc=0.8095  val_f1=0.7548  spd_loss=0.3528  lr=1.34e-05
Ep 384/500  loss=0.3861  tr_acc=1.0000  val_acc=0.7989  val_f1=0.7357  spd_loss=0.3860  lr=1.32e-05
Ep 385/500  loss=0.3844  tr_acc=0.9992  val_acc=0.8307  val_f1=0.7728  spd_loss=0.3827  lr=1.30e-05
Ep 386/500  loss=0.4327  tr_acc=1.0000  val_acc=0.8254  val_f1=0.7662  spd_loss=0.4323  lr=1.28e-05
Ep 387/500  loss=0.3511  tr_acc=1.0000  val_acc=0.8201  val_f1=0.7570  spd_loss=0.3499  lr=1.26e-05
Ep 388/500  loss=0.3526  tr_acc=1.0000  val_acc=0.8042  val_f1=0.7317  spd_loss=0.3523  lr=1.23e-05
Ep 389/500  loss=0.3780  tr_acc=1.0000  val_acc=0.8201  val_f1=0.7518  spd_loss=0.3777  lr=1.21e-05
Ep 390/500  loss=0.3742  tr_acc=1.0000  val_acc=0.8095  val_f1=0.7528  spd_loss=0.3736  lr=1.19e-05
Ep 391/500  loss=0.2992  tr_acc=0.9992  val_acc=0.8201  val_f1=0.7621  spd_loss=0.2982  lr=1.17e-05
Ep 392/500  loss=0.3557  tr_acc=0.9992  val_acc=0.8042  val_f1=0.7425  spd_loss=0.3550  lr=1.15e-05
Ep 393/500  loss=0.4179  tr_acc=1.0000  val_acc=0.8148  val_f1=0.7601  spd_loss=0.4177  lr=1.13e-05
Ep 394/500  loss=0.3917  tr_acc=1.0000  val_acc=0.8148  val_f1=0.7622  spd_loss=0.3914  lr=1.11e-05
Ep 395/500  loss=0.3870  tr_acc=1.0000  val_acc=0.8148  val_f1=0.7581  spd_loss=0.3868  lr=1.09e-05
Ep 396/500  loss=0.3655  tr_acc=1.0000  val_acc=0.8095  val_f1=0.7499  spd_loss=0.3649  lr=1.07e-05
Ep 397/500  loss=0.3288  tr_acc=0.9992  val_acc=0.8148  val_f1=0.7539  spd_loss=0.3272  lr=1.05e-05
Ep 398/500  loss=0.4113  tr_acc=1.0000  val_acc=0.8148  val_f1=0.7595  spd_loss=0.4112  lr=1.03e-05
Ep 399/500  loss=0.3059  tr_acc=1.0000  val_acc=0.8042  val_f1=0.7411  spd_loss=0.3057  lr=1.01e-05
Ep 400/500  loss=0.4057  tr_acc=1.0000  val_acc=0.7989  val_f1=0.7386  spd_loss=0.4055  lr=9.94e-06
Ep 401/500  loss=0.3254  tr_acc=1.0000  val_acc=0.8042  val_f1=0.7543  spd_loss=0.3250  lr=9.75e-06
Ep 402/500  loss=0.3138  tr_acc=1.0000  val_acc=0.8360  val_f1=0.7847  spd_loss=0.3134  lr=9.56e-06
Ep 403/500  loss=0.4233  tr_acc=1.0000  val_acc=0.8360  val_f1=0.7831  spd_loss=0.4231  lr=9.38e-06
Ep 404/500  loss=0.2314  tr_acc=0.9992  val_acc=0.8201  val_f1=0.7609  spd_loss=0.2289  lr=9.19e-06
Ep 405/500  loss=0.3000  tr_acc=1.0000  val_acc=0.8148  val_f1=0.7521  spd_loss=0.2990  lr=9.01e-06
Ep 406/500  loss=0.3644  tr_acc=1.0000  val_acc=0.8201  val_f1=0.7700  spd_loss=0.3643  lr=8.83e-06
Ep 407/500  loss=0.4168  tr_acc=1.0000  val_acc=0.8254  val_f1=0.7678  spd_loss=0.4166  lr=8.65e-06
Ep 408/500  loss=0.4027  tr_acc=1.0000  val_acc=0.8201  val_f1=0.7574  spd_loss=0.4025  lr=8.47e-06
Ep 409/500  loss=0.3731  tr_acc=0.9992  val_acc=0.8095  val_f1=0.7446  spd_loss=0.3701  lr=8.29e-06
Ep 410/500  loss=0.3893  tr_acc=1.0000  val_acc=0.8148  val_f1=0.7578  spd_loss=0.3891  lr=8.12e-06
Ep 411/500  loss=0.3012  tr_acc=1.0000  val_acc=0.8148  val_f1=0.7592  spd_loss=0.3011  lr=7.94e-06
Ep 412/500  loss=0.3702  tr_acc=1.0000  val_acc=0.8201  val_f1=0.7692  spd_loss=0.3701  lr=7.77e-06
Ep 413/500  loss=0.3885  tr_acc=1.0000  val_acc=0.8201  val_f1=0.7638  spd_loss=0.3882  lr=7.60e-06
Ep 414/500  loss=0.3827  tr_acc=1.0000  val_acc=0.8148  val_f1=0.7566  spd_loss=0.3825  lr=7.43e-06
Ep 415/500  loss=0.3673  tr_acc=1.0000  val_acc=0.8148  val_f1=0.7602  spd_loss=0.3672  lr=7.27e-06
Ep 416/500  loss=0.3143  tr_acc=1.0000  val_acc=0.8095  val_f1=0.7511  spd_loss=0.3142  lr=7.10e-06
Ep 417/500  loss=0.3588  tr_acc=1.0000  val_acc=0.7989  val_f1=0.7377  spd_loss=0.3582  lr=6.94e-06
Ep 418/500  loss=0.3485  tr_acc=1.0000  val_acc=0.8148  val_f1=0.7563  spd_loss=0.3485  lr=6.78e-06
Ep 419/500  loss=0.3399  tr_acc=1.0000  val_acc=0.8095  val_f1=0.7511  spd_loss=0.3397  lr=6.62e-06
Ep 420/500  loss=0.3666  tr_acc=1.0000  val_acc=0.7989  val_f1=0.7306  spd_loss=0.3665  lr=6.46e-06
Ep 421/500  loss=0.3383  tr_acc=0.9992  val_acc=0.8148  val_f1=0.7493  spd_loss=0.3372  lr=6.30e-06
Ep 422/500  loss=0.3668  tr_acc=1.0000  val_acc=0.8095  val_f1=0.7484  spd_loss=0.3666  lr=6.15e-06
Ep 423/500  loss=0.3675  tr_acc=1.0000  val_acc=0.8254  val_f1=0.7725  spd_loss=0.3672  lr=5.99e-06
Ep 424/500  loss=0.3553  tr_acc=1.0000  val_acc=0.8254  val_f1=0.7691  spd_loss=0.3553  lr=5.84e-06
Ep 425/500  loss=0.3465  tr_acc=1.0000  val_acc=0.8095  val_f1=0.7537  spd_loss=0.3464  lr=5.69e-06
Ep 426/500  loss=0.4803  tr_acc=1.0000  val_acc=0.8413  val_f1=0.7824  spd_loss=0.4802  lr=5.55e-06
Ep 427/500  loss=0.3225  tr_acc=1.0000  val_acc=0.8201  val_f1=0.7553  spd_loss=0.3222  lr=5.40e-06
Ep 428/500  loss=0.3296  tr_acc=1.0000  val_acc=0.8201  val_f1=0.7651  spd_loss=0.3294  lr=5.26e-06
Ep 429/500  loss=0.4085  tr_acc=1.0000  val_acc=0.8148  val_f1=0.7496  spd_loss=0.4081  lr=5.11e-06
Ep 430/500  loss=0.3699  tr_acc=1.0000  val_acc=0.8148  val_f1=0.7424  spd_loss=0.3698  lr=4.97e-06
Ep 431/500  loss=0.4384  tr_acc=0.9992  val_acc=0.8307  val_f1=0.7846  spd_loss=0.4343  lr=4.84e-06
Ep 432/500  loss=0.4041  tr_acc=0.9992  val_acc=0.8095  val_f1=0.7384  spd_loss=0.4030  lr=4.70e-06
Ep 433/500  loss=0.3429  tr_acc=1.0000  val_acc=0.8254  val_f1=0.7681  spd_loss=0.3428  lr=4.57e-06
Ep 434/500  loss=0.3615  tr_acc=1.0000  val_acc=0.8148  val_f1=0.7443  spd_loss=0.3614  lr=4.43e-06
Ep 435/500  loss=0.3502  tr_acc=1.0000  val_acc=0.8254  val_f1=0.7689  spd_loss=0.3501  lr=4.30e-06
Ep 436/500  loss=0.3222  tr_acc=1.0000  val_acc=0.8042  val_f1=0.7327  spd_loss=0.3220  lr=4.17e-06
Ep 437/500  loss=0.3685  tr_acc=1.0000  val_acc=0.8254  val_f1=0.7669  spd_loss=0.3685  lr=4.04e-06
Ep 438/500  loss=0.3533  tr_acc=0.9992  val_acc=0.8148  val_f1=0.7474  spd_loss=0.3525  lr=3.92e-06
Ep 439/500  loss=0.3705  tr_acc=1.0000  val_acc=0.8254  val_f1=0.7669  spd_loss=0.3704  lr=3.80e-06
Ep 440/500  loss=0.3318  tr_acc=1.0000  val_acc=0.8042  val_f1=0.7374  spd_loss=0.3317  lr=3.67e-06
Ep 441/500  loss=0.3729  tr_acc=1.0000  val_acc=0.8254  val_f1=0.7689  spd_loss=0.3729  lr=3.55e-06
Ep 442/500  loss=0.3426  tr_acc=1.0000  val_acc=0.8095  val_f1=0.7508  spd_loss=0.3426  lr=3.44e-06
Ep 443/500  loss=0.3897  tr_acc=1.0000  val_acc=0.8148  val_f1=0.7490  spd_loss=0.3896  lr=3.32e-06
Ep 444/500  loss=0.3440  tr_acc=1.0000  val_acc=0.8254  val_f1=0.7684  spd_loss=0.3439  lr=3.21e-06
Ep 445/500  loss=0.3654  tr_acc=0.9992  val_acc=0.8254  val_f1=0.7753  spd_loss=0.3645  lr=3.09e-06
Ep 446/500  loss=0.3397  tr_acc=1.0000  val_acc=0.8360  val_f1=0.7795  spd_loss=0.3392  lr=2.98e-06
Ep 447/500  loss=0.3783  tr_acc=1.0000  val_acc=0.8148  val_f1=0.7517  spd_loss=0.3778  lr=2.88e-06
Ep 448/500  loss=0.4199  tr_acc=1.0000  val_acc=0.8307  val_f1=0.7742  spd_loss=0.4198  lr=2.77e-06
Ep 449/500  loss=0.3742  tr_acc=1.0000  val_acc=0.8095  val_f1=0.7450  spd_loss=0.3738  lr=2.67e-06
Ep 450/500  loss=0.3261  tr_acc=1.0000  val_acc=0.8307  val_f1=0.7858  spd_loss=0.3259  lr=2.56e-06
Ep 451/500  loss=0.4325  tr_acc=1.0000  val_acc=0.8307  val_f1=0.7639  spd_loss=0.4306  lr=2.46e-06
Ep 452/500  loss=0.4307  tr_acc=1.0000  val_acc=0.8201  val_f1=0.7457  spd_loss=0.4306  lr=2.36e-06
Ep 453/500  loss=0.3023  tr_acc=1.0000  val_acc=0.8254  val_f1=0.7713  spd_loss=0.3022  lr=2.27e-06
Ep 454/500  loss=0.4077  tr_acc=1.0000  val_acc=0.8201  val_f1=0.7580  spd_loss=0.4077  lr=2.17e-06
Ep 455/500  loss=0.2963  tr_acc=1.0000  val_acc=0.8307  val_f1=0.7796  spd_loss=0.2962  lr=2.08e-06
Ep 456/500  loss=0.2940  tr_acc=1.0000  val_acc=0.8148  val_f1=0.7590  spd_loss=0.2938  lr=1.99e-06
Ep 457/500  loss=0.3973  tr_acc=0.9992  val_acc=0.8201  val_f1=0.7580  spd_loss=0.3948  lr=1.90e-06
Ep 458/500  loss=0.4510  tr_acc=1.0000  val_acc=0.8148  val_f1=0.7551  spd_loss=0.4505  lr=1.81e-06
Ep 459/500  loss=0.3252  tr_acc=0.9992  val_acc=0.8148  val_f1=0.7399  spd_loss=0.3240  lr=1.73e-06
Ep 460/500  loss=0.3582  tr_acc=1.0000  val_acc=0.8307  val_f1=0.7782  spd_loss=0.3580  lr=1.65e-06
Ep 461/500  loss=0.4082  tr_acc=1.0000  val_acc=0.8360  val_f1=0.7843  spd_loss=0.4081  lr=1.57e-06
Ep 462/500  loss=0.3308  tr_acc=1.0000  val_acc=0.8307  val_f1=0.7790  spd_loss=0.3308  lr=1.49e-06
Ep 463/500  loss=0.3497  tr_acc=1.0000  val_acc=0.8307  val_f1=0.7678  spd_loss=0.3496  lr=1.41e-06
Ep 464/500  loss=0.4020  tr_acc=1.0000  val_acc=0.8307  val_f1=0.7778  spd_loss=0.4015  lr=1.34e-06
Ep 465/500  loss=0.3600  tr_acc=1.0000  val_acc=0.8360  val_f1=0.7783  spd_loss=0.3599  lr=1.26e-06
Ep 466/500  loss=0.4225  tr_acc=1.0000  val_acc=0.8254  val_f1=0.7608  spd_loss=0.4225  lr=1.19e-06
Ep 467/500  loss=0.3845  tr_acc=1.0000  val_acc=0.8360  val_f1=0.7860  spd_loss=0.3841  lr=1.12e-06
Ep 468/500  loss=0.4018  tr_acc=1.0000  val_acc=0.8360  val_f1=0.7816  spd_loss=0.4017  lr=1.06e-06
Ep 469/500  loss=0.3823  tr_acc=0.9992  val_acc=0.8360  val_f1=0.7783  spd_loss=0.3815  lr=9.91e-07
Ep 470/500  loss=0.3207  tr_acc=1.0000  val_acc=0.8360  val_f1=0.7887  spd_loss=0.3206  lr=9.29e-07
Ep 471/500  loss=0.3638  tr_acc=1.0000  val_acc=0.8307  val_f1=0.7742  spd_loss=0.3630  lr=8.68e-07
Ep 472/500  loss=0.4191  tr_acc=1.0000  val_acc=0.8360  val_f1=0.7803  spd_loss=0.4190  lr=8.50e-07
Ep 473/500  loss=0.3430  tr_acc=1.0000  val_acc=0.8307  val_f1=0.7742  spd_loss=0.3430  lr=8.50e-07
Ep 474/500  loss=0.3568  tr_acc=1.0000  val_acc=0.8201  val_f1=0.7457  spd_loss=0.3567  lr=8.50e-07
Ep 475/500  loss=0.4244  tr_acc=1.0000  val_acc=0.8307  val_f1=0.7660  spd_loss=0.4243  lr=8.50e-07
Ep 476/500  loss=0.3945  tr_acc=1.0000  val_acc=0.8307  val_f1=0.7805  spd_loss=0.3940  lr=8.50e-07
Ep 477/500  loss=0.3790  tr_acc=1.0000  val_acc=0.8307  val_f1=0.7778  spd_loss=0.3790  lr=8.50e-07
Ep 478/500  loss=0.3554  tr_acc=1.0000  val_acc=0.8254  val_f1=0.7684  spd_loss=0.3553  lr=8.50e-07
Ep 479/500  loss=0.3231  tr_acc=1.0000  val_acc=0.8254  val_f1=0.7681  spd_loss=0.3231  lr=8.50e-07
Ep 480/500  loss=0.2948  tr_acc=1.0000  val_acc=0.8201  val_f1=0.7591  spd_loss=0.2948  lr=8.50e-07
Ep 481/500  loss=0.4222  tr_acc=1.0000  val_acc=0.8360  val_f1=0.7887  spd_loss=0.4222  lr=8.50e-07
Ep 482/500  loss=0.4487  tr_acc=1.0000  val_acc=0.8360  val_f1=0.7783  spd_loss=0.4484  lr=8.50e-07
Ep 483/500  loss=0.3033  tr_acc=1.0000  val_acc=0.8360  val_f1=0.7843  spd_loss=0.3032  lr=8.50e-07
Ep 484/500  loss=0.3320  tr_acc=1.0000  val_acc=0.8307  val_f1=0.7742  spd_loss=0.3319  lr=8.50e-07
Ep 485/500  loss=0.3559  tr_acc=1.0000  val_acc=0.8466  val_f1=0.7950  spd_loss=0.3558  lr=8.50e-07
Ep 486/500  loss=0.3858  tr_acc=1.0000  val_acc=0.8307  val_f1=0.7707  spd_loss=0.3858  lr=8.50e-07
Ep 487/500  loss=0.3874  tr_acc=1.0000  val_acc=0.8360  val_f1=0.7838  spd_loss=0.3872  lr=8.50e-07
Ep 488/500  loss=0.3710  tr_acc=1.0000  val_acc=0.8360  val_f1=0.7819  spd_loss=0.3706  lr=8.50e-07
Ep 489/500  loss=0.4592  tr_acc=1.0000  val_acc=0.8254  val_f1=0.7579  spd_loss=0.4592  lr=8.50e-07
Ep 490/500  loss=0.3743  tr_acc=1.0000  val_acc=0.8254  val_f1=0.7655  spd_loss=0.3742  lr=8.50e-07
Ep 491/500  loss=0.3808  tr_acc=1.0000  val_acc=0.8307  val_f1=0.7778  spd_loss=0.3808  lr=8.50e-07
Ep 492/500  loss=0.3423  tr_acc=1.0000  val_acc=0.8360  val_f1=0.7899  spd_loss=0.3417  lr=8.50e-07
Ep 493/500  loss=0.3340  tr_acc=1.0000  val_acc=0.8413  val_f1=0.7896  spd_loss=0.3339  lr=8.50e-07
Ep 494/500  loss=0.3223  tr_acc=1.0000  val_acc=0.8307  val_f1=0.7678  spd_loss=0.3222  lr=8.50e-07
Ep 495/500  loss=0.4134  tr_acc=1.0000  val_acc=0.8307  val_f1=0.7707  spd_loss=0.4133  lr=8.50e-07
Ep 496/500  loss=0.4189  tr_acc=1.0000  val_acc=0.8360  val_f1=0.7887  spd_loss=0.4187  lr=8.50e-07
Ep 497/500  loss=0.3532  tr_acc=1.0000  val_acc=0.8201  val_f1=0.7594  spd_loss=0.3530  lr=8.50e-07
Ep 498/500  loss=0.3637  tr_acc=1.0000  val_acc=0.8413  val_f1=0.7940  spd_loss=0.3636  lr=8.50e-07
Ep 499/500  loss=0.2925  tr_acc=1.0000  val_acc=0.8307  val_f1=0.7834  spd_loss=0.2925  lr=8.50e-07
Ep 500/500  loss=0.3957  tr_acc=1.0000  val_acc=0.8254  val_f1=0.7701  spd_loss=0.3956  lr=8.50e-07
Training complete. Best AUROC: 0.9406, Best F1: 0.8112
Loaded best model from best_f1_model.pt (epoch 83)

Binary fairness (Validation):
  Acc_light: 0.8323  (FST I–III)
  Acc_dark : 0.8667  (FST IV–VI)
  Acc_gap  : 0.0344
  DP_diff  : 0.1159
  EOpp0    : 0.4011
  EOpp1    : 0.0511
  EOdd     : 0.2261

[FairAdaBN ResNet-18] Test KNN (k=5) accuracy: 0.8975

Binary fairness (Test):
  Acc_light: 0.9017  (FST I–III)
  Acc_dark : 0.8431  (FST IV–VI)
  Acc_gap  : 0.0585
  DP_diff  : 0.1826
  EOpp0    : 0.2787
  EOpp1    : 0.1705
  EOdd     : 0.2246

Evaluating on fitzpatrick17k

Binary fairness (fitzpatrick17k):
  Acc_light: 0.5713  (FST I–III)
  Acc_dark : 0.5331  (FST IV–VI)
  Acc_gap  : 0.0382
  DP_diff  : 0.1854
  EOpp0    : 0.2383
  EOpp1    : 0.1402
  EOdd     : 0.1892

Evaluating on padufes20

Binary fairness (padufes20):
  Acc_light: 0.8882  (FST I–III)
  Acc_dark : 0.7857  (FST IV–VI)
  Acc_gap  : 0.1025
  DP_diff  : 0.1978
  EOpp0    : 0.1709
  EOpp1    : 0.1213
  EOdd     : 0.1461

Evaluating on isic2019

Cross-dataset summary:
                 accuracy     auroc  precision  ...       EOM       PQD       DPM
fitzpatrick17k  0.562826  0.760860   0.557119  ...  0.549675  0.800722  0.402269
padufes20       0.795793  0.848566   0.618913  ...  0.529942  0.763158  0.233781

[2 rows x 10 columns]

All results saved to outputs_FairAdaBN_resnet18/results_FairAdaBN_resnet18
Checkpoints saved to outputs_FairAdaBN_resnet18/checkpoints_FairAdaBN_resnet18
=========================================
Finished: Wed Jun 24 08:12:07 PM CEST 2026
Exit code: 0

[DONE] Training completed successfully.
Outputs:
  Checkpoints → 20260623-process/outputs_FairAdaBN_resnet18/checkpoints/
  Results     → 20260623-process/outputs_FairAdaBN_resnet18/results/
  CSVs        → 20260623-process/outputs_FairAdaBN_resnet18/csvs/
