=========================================
Job:       train_ATRB_resnet18  (412674)
Node:      bigpu06
Started:   Mon May 25 08:15:09 PM CEST 2026
=========================================
[INFO] No HF token found at /users/jlacmou/.hf_token — downloads may be slow.
[INFO] No kaggle.json found in process_ATRB_resnet18. Relying on ~/.kaggle/ or env vars.
[SETUP] Installing / verifying Python dependencies...

── GPU info ──────────────────────────────
Tesla V100-PCIE-32GB, 32768 MiB, 575.57.08
PyTorch : 2.12.0+cu126
CUDA    : 12.6
Devices : 1
GPU 0   : Tesla V100-PCIE-32GB
VRAM    : 34.1 GB
──────────────────────────────────────────

[CHECK] Validating dataset roots...
  [OK]      process_ATRB_resnet18/data/datasets/asosenge/hibaskinlesionsdataset-main
  [OK]      process_ATRB_resnet18/data/datasets/asosenge/fitzpatrick17k
  [OK]      process_ATRB_resnet18/data/datasets/asosenge/ham10000
  [OK]      process_ATRB_resnet18/data/datasets/asosenge/derm7pt
  [OK]      process_ATRB_resnet18/data/datasets/mahdavi1202/skin-cancer
  [OK]      process_ATRB_resnet18/data/datasets/sengenjih/isic2019

[CONVERT] Converting notebook to Python script...
[PATCH] Redirecting Kaggle paths → cluster paths...
  DATA_ROOT  → process_ATRB_resnet18/data/datasets
  WORK_ROOT  → process_ATRB_resnet18/outputs
  BB_CACHE   → process_ATRB_resnet18/backbone_cache
  Patch applied successfully.

[RUN] Starting training — Mon May 25 08:15:17 PM CEST 2026
=========================================
Device: cuda
CSV dir      : outputs/csvs
Checkpoints  : outputs/checkpoints_ATRB_resnet18
Results      : outputs/results_ATRB_resnet18
Image roots:
  hiba           : process_ATRB_resnet18/data/datasets/asosenge/hibaskinlesionsdataset-main/HIBASkinLesionsDataset-main/images
  fitzpatrick17k : process_ATRB_resnet18/data/datasets/asosenge/fitzpatrick17k/fitzpatrick17k/data/finalfitz17k
  ham10000       : process_ATRB_resnet18/data/datasets/asosenge/ham10000/HAM10000
  derm7pt        : process_ATRB_resnet18/data/datasets/asosenge/derm7pt/release_v0/images
  padufes20      : process_ATRB_resnet18/data/datasets/mahdavi1202/skin-cancer
  isic2019       : process_ATRB_resnet18/data/datasets/sengenjih/isic2019
[INFO] Built image map for hiba: 1616 entries
[INFO] Built image map for fitzpatrick17k: 16577 entries
[INFO] Built image map for ham10000: 20030 entries
[INFO] Built image map for derm7pt: 2013 entries
[INFO] Built image map for padufes20: 2298 entries
[INFO] Built image map for isic2019: 33569 entries
[INFO] Loaded derm7pt paired eval set: 869 samples
[INFO] Loaded padufes20 unpaired eval set: 2063 samples
[INFO] Loaded isic2019 unpaired eval set: 27551 samples
Train batches: 273, Val batches: 59
Test batches: 59
Cross-eval loaders: ['derm7pt', 'padufes20', 'isic2019']
Downloading: "https://download.pytorch.org/models/resnet18-f37072fd.pth" to process_ATRB_resnet18/backbone_cache/hub/checkpoints/resnet18-f37072fd.pth
Running Validation...
Ep   1/500  loss=1.7986  tr_acc=0.2255  val_acc=0.5291  val_auroc=0.6859  val_f1=0.2617  lr=2.00e-06
Running Validation...
Ep   2/500  loss=1.5400  tr_acc=0.3498  val_acc=0.6549  val_auroc=0.8302  val_f1=0.3923  lr=3.00e-06
Running Validation...
Ep   3/500  loss=1.2632  tr_acc=0.4911  val_acc=0.6816  val_auroc=0.8747  val_f1=0.4944  lr=4.00e-06
Running Validation...
Ep   4/500  loss=1.1165  tr_acc=0.5496  val_acc=0.6965  val_auroc=0.9017  val_f1=0.5621  lr=5.00e-06
Running Validation...
Ep   5/500  loss=0.9783  tr_acc=0.6083  val_acc=0.7296  val_auroc=0.9164  val_f1=0.5852  lr=6.00e-06
Running Validation...
Ep   6/500  loss=0.8986  tr_acc=0.6449  val_acc=0.7237  val_auroc=0.9233  val_f1=0.5936  lr=7.00e-06
Running Validation...
Ep   7/500  loss=0.8357  tr_acc=0.6717  val_acc=0.7627  val_auroc=0.9284  val_f1=0.6134  lr=8.00e-06
Running Validation...
Ep   8/500  loss=0.7725  tr_acc=0.6956  val_acc=0.7627  val_auroc=0.9349  val_f1=0.6194  lr=9.00e-06
Running Validation...
Ep   9/500  loss=0.7156  tr_acc=0.7239  val_acc=0.7733  val_auroc=0.9369  val_f1=0.6391  lr=1.00e-05
Running Validation...
Ep  10/500  loss=0.6579  tr_acc=0.7479  val_acc=0.7755  val_auroc=0.9397  val_f1=0.6167  lr=1.10e-05
Running Validation...
Ep  11/500  loss=0.6248  tr_acc=0.7608  val_acc=0.7787  val_auroc=0.9383  val_f1=0.6517  lr=1.20e-05
Running Validation...
Ep  12/500  loss=0.5752  tr_acc=0.7833  val_acc=0.7920  val_auroc=0.9412  val_f1=0.6566  lr=1.30e-05
Running Validation...
Ep  13/500  loss=0.5242  tr_acc=0.8079  val_acc=0.7963  val_auroc=0.9491  val_f1=0.6837  lr=1.40e-05
Running Validation...
Ep  14/500  loss=0.4747  tr_acc=0.8201  val_acc=0.7893  val_auroc=0.9405  val_f1=0.6557  lr=1.50e-05
Running Validation...
Ep  15/500  loss=0.4506  tr_acc=0.8313  val_acc=0.8107  val_auroc=0.9497  val_f1=0.6902  lr=1.60e-05
Running Validation...
Ep  16/500  loss=0.3959  tr_acc=0.8570  val_acc=0.8117  val_auroc=0.9507  val_f1=0.6929  lr=1.70e-05
Running Validation...
Ep  17/500  loss=0.3730  tr_acc=0.8626  val_acc=0.8069  val_auroc=0.9513  val_f1=0.6814  lr=1.80e-05
Running Validation...
Ep  18/500  loss=0.3364  tr_acc=0.8803  val_acc=0.8101  val_auroc=0.9462  val_f1=0.6884  lr=1.90e-05
Running Validation...
Ep  19/500  loss=0.3162  tr_acc=0.8889  val_acc=0.8139  val_auroc=0.9474  val_f1=0.6990  lr=2.00e-05
Running Validation...
Ep  20/500  loss=0.2894  tr_acc=0.8978  val_acc=0.8272  val_auroc=0.9541  val_f1=0.7253  lr=2.10e-05
Running Validation...
Ep  21/500  loss=0.2730  tr_acc=0.9011  val_acc=0.8005  val_auroc=0.9457  val_f1=0.7121  lr=2.20e-05
Running Validation...
Ep  22/500  loss=0.2568  tr_acc=0.9095  val_acc=0.8155  val_auroc=0.9489  val_f1=0.6966  lr=2.30e-05
Running Validation...
Ep  23/500  loss=0.2416  tr_acc=0.9145  val_acc=0.8309  val_auroc=0.9549  val_f1=0.7266  lr=2.40e-05
Running Validation...
Ep  24/500  loss=0.2216  tr_acc=0.9207  val_acc=0.8283  val_auroc=0.9504  val_f1=0.7213  lr=2.50e-05
Running Validation...
Ep  25/500  loss=0.2034  tr_acc=0.9294  val_acc=0.8091  val_auroc=0.9492  val_f1=0.7335  lr=2.60e-05
Running Validation...
Ep  26/500  loss=0.2011  tr_acc=0.9283  val_acc=0.8395  val_auroc=0.9481  val_f1=0.7538  lr=2.70e-05
Running Validation...
Ep  27/500  loss=0.1876  tr_acc=0.9335  val_acc=0.8208  val_auroc=0.9506  val_f1=0.7432  lr=2.80e-05
Running Validation...
Ep  28/500  loss=0.1741  tr_acc=0.9369  val_acc=0.8320  val_auroc=0.9505  val_f1=0.7341  lr=2.90e-05
Running Validation...
Ep  29/500  loss=0.1676  tr_acc=0.9383  val_acc=0.8347  val_auroc=0.9502  val_f1=0.7457  lr=3.00e-05
Running Validation...
Ep  30/500  loss=0.1596  tr_acc=0.9420  val_acc=0.8357  val_auroc=0.9538  val_f1=0.7382  lr=3.10e-05
Running Validation...
Ep  31/500  loss=0.1657  tr_acc=0.9396  val_acc=0.8213  val_auroc=0.9457  val_f1=0.7173  lr=3.20e-05
Running Validation...
Ep  32/500  loss=0.1399  tr_acc=0.9501  val_acc=0.8373  val_auroc=0.9447  val_f1=0.7396  lr=3.30e-05
Running Validation...
Ep  33/500  loss=0.1563  tr_acc=0.9439  val_acc=0.8400  val_auroc=0.9523  val_f1=0.7418  lr=3.40e-05
Running Validation...
Ep  34/500  loss=0.1402  tr_acc=0.9504  val_acc=0.8240  val_auroc=0.9484  val_f1=0.7122  lr=3.50e-05
Running Validation...
Ep  35/500  loss=0.1438  tr_acc=0.9507  val_acc=0.8395  val_auroc=0.9514  val_f1=0.7443  lr=3.60e-05
Running Validation...
Ep  36/500  loss=0.1324  tr_acc=0.9508  val_acc=0.8384  val_auroc=0.9572  val_f1=0.7385  lr=3.70e-05
Running Validation...
Ep  37/500  loss=0.1291  tr_acc=0.9533  val_acc=0.8299  val_auroc=0.9477  val_f1=0.7247  lr=3.80e-05
Running Validation...
Ep  38/500  loss=0.1377  tr_acc=0.9502  val_acc=0.8347  val_auroc=0.9448  val_f1=0.7386  lr=3.90e-05
Running Validation...
Ep  39/500  loss=0.1230  tr_acc=0.9574  val_acc=0.8347  val_auroc=0.9473  val_f1=0.7460  lr=4.00e-05
Running Validation...
Ep  40/500  loss=0.1199  tr_acc=0.9567  val_acc=0.8389  val_auroc=0.9527  val_f1=0.7463  lr=4.10e-05
Running Validation...
Ep  41/500  loss=0.1192  tr_acc=0.9580  val_acc=0.8517  val_auroc=0.9538  val_f1=0.7584  lr=4.20e-05
Running Validation...
Ep  42/500  loss=0.1153  tr_acc=0.9618  val_acc=0.8405  val_auroc=0.9528  val_f1=0.7517  lr=4.30e-05
Running Validation...
Ep  43/500  loss=0.1141  tr_acc=0.9597  val_acc=0.8352  val_auroc=0.9525  val_f1=0.7511  lr=4.40e-05
Running Validation...
Ep  44/500  loss=0.1102  tr_acc=0.9615  val_acc=0.8379  val_auroc=0.9485  val_f1=0.7459  lr=4.50e-05
Running Validation...
Ep  45/500  loss=0.1151  tr_acc=0.9618  val_acc=0.8144  val_auroc=0.9426  val_f1=0.7297  lr=4.60e-05
Running Validation...
Ep  46/500  loss=0.1089  tr_acc=0.9623  val_acc=0.8331  val_auroc=0.9450  val_f1=0.7271  lr=4.70e-05
Running Validation...
Ep  47/500  loss=0.1029  tr_acc=0.9647  val_acc=0.8379  val_auroc=0.9532  val_f1=0.7432  lr=4.80e-05
Running Validation...
Ep  48/500  loss=0.1002  tr_acc=0.9657  val_acc=0.8453  val_auroc=0.9505  val_f1=0.7536  lr=4.90e-05
Running Validation...
Ep  49/500  loss=0.1043  tr_acc=0.9641  val_acc=0.8160  val_auroc=0.9345  val_f1=0.6946  lr=5.00e-05
Running Validation...
Ep  50/500  loss=0.0959  tr_acc=0.9689  val_acc=0.8331  val_auroc=0.9486  val_f1=0.7290  lr=5.10e-05
Running Validation...
Ep  51/500  loss=0.0959  tr_acc=0.9668  val_acc=0.8379  val_auroc=0.9533  val_f1=0.7493  lr=5.20e-05
Running Validation...
Ep  52/500  loss=0.0968  tr_acc=0.9666  val_acc=0.8357  val_auroc=0.9488  val_f1=0.7272  lr=5.30e-05
Running Validation...
Ep  53/500  loss=0.0924  tr_acc=0.9685  val_acc=0.8501  val_auroc=0.9468  val_f1=0.7594  lr=5.40e-05
Running Validation...
Ep  54/500  loss=0.0894  tr_acc=0.9701  val_acc=0.8347  val_auroc=0.9527  val_f1=0.7263  lr=5.50e-05
Running Validation...
Ep  55/500  loss=0.0882  tr_acc=0.9683  val_acc=0.8373  val_auroc=0.9486  val_f1=0.7373  lr=5.60e-05
Running Validation...
Ep  56/500  loss=0.0921  tr_acc=0.9700  val_acc=0.8421  val_auroc=0.9503  val_f1=0.7501  lr=5.70e-05
Running Validation...
Ep  57/500  loss=0.0835  tr_acc=0.9728  val_acc=0.8389  val_auroc=0.9551  val_f1=0.7456  lr=5.80e-05
Running Validation...
Ep  58/500  loss=0.0896  tr_acc=0.9679  val_acc=0.8427  val_auroc=0.9509  val_f1=0.7394  lr=5.90e-05
Running Validation...
Ep  59/500  loss=0.0860  tr_acc=0.9731  val_acc=0.8315  val_auroc=0.9430  val_f1=0.7173  lr=6.00e-05
Running Validation...
Ep  60/500  loss=0.0807  tr_acc=0.9724  val_acc=0.8405  val_auroc=0.9461  val_f1=0.7409  lr=6.10e-05
Running Validation...
Ep  61/500  loss=0.0957  tr_acc=0.9685  val_acc=0.8261  val_auroc=0.9427  val_f1=0.7159  lr=6.20e-05
Running Validation...
Ep  62/500  loss=0.0859  tr_acc=0.9707  val_acc=0.8400  val_auroc=0.9477  val_f1=0.7414  lr=6.30e-05
Running Validation...
Ep  63/500  loss=0.0889  tr_acc=0.9707  val_acc=0.8405  val_auroc=0.9516  val_f1=0.7517  lr=6.40e-05
Running Validation...
Ep  64/500  loss=0.0797  tr_acc=0.9720  val_acc=0.8363  val_auroc=0.9445  val_f1=0.7341  lr=6.50e-05
Running Validation...
Ep  65/500  loss=0.0896  tr_acc=0.9704  val_acc=0.8379  val_auroc=0.9473  val_f1=0.7320  lr=6.60e-05
Running Validation...
Ep  66/500  loss=0.0920  tr_acc=0.9700  val_acc=0.8432  val_auroc=0.9511  val_f1=0.7452  lr=6.70e-05
Running Validation...
Ep  67/500  loss=0.0818  tr_acc=0.9713  val_acc=0.8427  val_auroc=0.9527  val_f1=0.7489  lr=6.80e-05
Running Validation...
Ep  68/500  loss=0.0779  tr_acc=0.9737  val_acc=0.8421  val_auroc=0.9437  val_f1=0.7474  lr=6.90e-05
Running Validation...
Ep  69/500  loss=0.0808  tr_acc=0.9736  val_acc=0.8443  val_auroc=0.9569  val_f1=0.7524  lr=7.00e-05
Running Validation...
Ep  70/500  loss=0.0797  tr_acc=0.9740  val_acc=0.8400  val_auroc=0.9495  val_f1=0.7418  lr=7.10e-05
Running Validation...
Ep  71/500  loss=0.0818  tr_acc=0.9748  val_acc=0.8224  val_auroc=0.9492  val_f1=0.7330  lr=7.20e-05
Running Validation...
Ep  72/500  loss=0.0812  tr_acc=0.9742  val_acc=0.8288  val_auroc=0.9438  val_f1=0.7236  lr=7.30e-05
Running Validation...
Ep  73/500  loss=0.0860  tr_acc=0.9741  val_acc=0.8331  val_auroc=0.9498  val_f1=0.7298  lr=7.40e-05
Running Validation...
Ep  74/500  loss=0.0833  tr_acc=0.9724  val_acc=0.8277  val_auroc=0.9429  val_f1=0.7180  lr=7.50e-05
Running Validation...
Ep  75/500  loss=0.0768  tr_acc=0.9749  val_acc=0.8352  val_auroc=0.9436  val_f1=0.7290  lr=7.60e-05
Running Validation...
Ep  76/500  loss=0.0744  tr_acc=0.9758  val_acc=0.8341  val_auroc=0.9455  val_f1=0.7255  lr=7.70e-05
Running Validation...
Ep  77/500  loss=0.0841  tr_acc=0.9728  val_acc=0.8171  val_auroc=0.9380  val_f1=0.7131  lr=7.80e-05
Running Validation...
Ep  78/500  loss=0.0746  tr_acc=0.9760  val_acc=0.8352  val_auroc=0.9493  val_f1=0.7259  lr=7.90e-05
Running Validation...
Ep  79/500  loss=0.0738  tr_acc=0.9766  val_acc=0.8299  val_auroc=0.9515  val_f1=0.7130  lr=8.00e-05
Running Validation...
Ep  80/500  loss=0.0818  tr_acc=0.9738  val_acc=0.8325  val_auroc=0.9409  val_f1=0.7292  lr=8.10e-05
Running Validation...
Ep  81/500  loss=0.0753  tr_acc=0.9762  val_acc=0.8299  val_auroc=0.9500  val_f1=0.7348  lr=8.20e-05
Running Validation...
Ep  82/500  loss=0.0877  tr_acc=0.9729  val_acc=0.8443  val_auroc=0.9465  val_f1=0.7355  lr=8.30e-05
Running Validation...
Ep  83/500  loss=0.0733  tr_acc=0.9776  val_acc=0.8347  val_auroc=0.9482  val_f1=0.7381  lr=8.40e-05
Running Validation...
Ep  84/500  loss=0.0753  tr_acc=0.9761  val_acc=0.8379  val_auroc=0.9450  val_f1=0.7327  lr=8.50e-05
Running Validation...
Ep  85/500  loss=0.0643  tr_acc=0.9791  val_acc=0.8341  val_auroc=0.9488  val_f1=0.7120  lr=8.60e-05
Running Validation...
Ep  86/500  loss=0.0868  tr_acc=0.9721  val_acc=0.8336  val_auroc=0.9397  val_f1=0.7259  lr=8.70e-05
Running Validation...
Ep  87/500  loss=0.0772  tr_acc=0.9734  val_acc=0.8325  val_auroc=0.9496  val_f1=0.7208  lr=8.80e-05
Running Validation...
Ep  88/500  loss=0.0842  tr_acc=0.9733  val_acc=0.8395  val_auroc=0.9568  val_f1=0.7444  lr=8.90e-05
Running Validation...
Ep  89/500  loss=0.0844  tr_acc=0.9753  val_acc=0.8331  val_auroc=0.9459  val_f1=0.7284  lr=9.00e-05
Running Validation...
Ep  90/500  loss=0.0809  tr_acc=0.9745  val_acc=0.8352  val_auroc=0.9407  val_f1=0.7195  lr=9.10e-05
Running Validation...
Ep  91/500  loss=0.0724  tr_acc=0.9747  val_acc=0.8277  val_auroc=0.9426  val_f1=0.7187  lr=9.20e-05
Running Validation...
Ep  92/500  loss=0.0712  tr_acc=0.9785  val_acc=0.8320  val_auroc=0.9436  val_f1=0.7143  lr=9.30e-05
Running Validation...
Ep  93/500  loss=0.0908  tr_acc=0.9710  val_acc=0.8203  val_auroc=0.9333  val_f1=0.7116  lr=9.40e-05
Running Validation...
Ep  94/500  loss=0.0682  tr_acc=0.9765  val_acc=0.8197  val_auroc=0.9376  val_f1=0.7026  lr=9.50e-05
Running Validation...
Ep  95/500  loss=0.0813  tr_acc=0.9741  val_acc=0.8336  val_auroc=0.9434  val_f1=0.7222  lr=9.60e-05
Running Validation...
Ep  96/500  loss=0.0820  tr_acc=0.9744  val_acc=0.8251  val_auroc=0.9515  val_f1=0.7090  lr=9.70e-05
Running Validation...
Ep  97/500  loss=0.0763  tr_acc=0.9760  val_acc=0.8411  val_auroc=0.9441  val_f1=0.7407  lr=9.80e-05
Running Validation...
Ep  98/500  loss=0.0777  tr_acc=0.9744  val_acc=0.8453  val_auroc=0.9521  val_f1=0.7412  lr=9.90e-05
Running Validation...
Ep  99/500  loss=0.0784  tr_acc=0.9747  val_acc=0.8091  val_auroc=0.9428  val_f1=0.7308  lr=1.00e-04
Running Validation...
Ep 100/500  loss=0.0751  tr_acc=0.9781  val_acc=0.8325  val_auroc=0.9506  val_f1=0.7199  lr=1.00e-04
Running Validation...
Ep 101/500  loss=0.0759  tr_acc=0.9765  val_acc=0.8288  val_auroc=0.9436  val_f1=0.7148  lr=1.00e-04
Running Validation...
Ep 102/500  loss=0.0689  tr_acc=0.9776  val_acc=0.8283  val_auroc=0.9478  val_f1=0.7361  lr=1.00e-04
Running Validation...
Ep 103/500  loss=0.0771  tr_acc=0.9752  val_acc=0.8133  val_auroc=0.9395  val_f1=0.7000  lr=1.00e-04
Running Validation...
Ep 104/500  loss=0.0765  tr_acc=0.9776  val_acc=0.8416  val_auroc=0.9539  val_f1=0.7259  lr=1.00e-04
Running Validation...
Ep 105/500  loss=0.0639  tr_acc=0.9808  val_acc=0.8448  val_auroc=0.9491  val_f1=0.7519  lr=1.00e-04
Running Validation...
Ep 106/500  loss=0.0651  tr_acc=0.9796  val_acc=0.8485  val_auroc=0.9526  val_f1=0.7588  lr=9.99e-05
Running Validation...
Ep 107/500  loss=0.0694  tr_acc=0.9780  val_acc=0.8389  val_auroc=0.9557  val_f1=0.7654  lr=9.99e-05
Running Validation...
Ep 108/500  loss=0.0711  tr_acc=0.9765  val_acc=0.8299  val_auroc=0.9491  val_f1=0.7203  lr=9.99e-05
Running Validation...
Ep 109/500  loss=0.0649  tr_acc=0.9794  val_acc=0.8325  val_auroc=0.9450  val_f1=0.7310  lr=9.99e-05
Running Validation...
Ep 110/500  loss=0.0570  tr_acc=0.9820  val_acc=0.8267  val_auroc=0.9434  val_f1=0.7137  lr=9.98e-05
Running Validation...
Ep 111/500  loss=0.0570  tr_acc=0.9821  val_acc=0.8347  val_auroc=0.9469  val_f1=0.7350  lr=9.98e-05
Running Validation...
Ep 112/500  loss=0.0637  tr_acc=0.9815  val_acc=0.8400  val_auroc=0.9477  val_f1=0.7457  lr=9.98e-05
Running Validation...
Ep 113/500  loss=0.0690  tr_acc=0.9783  val_acc=0.8171  val_auroc=0.9460  val_f1=0.7486  lr=9.97e-05
Running Validation...
Ep 114/500  loss=0.0531  tr_acc=0.9834  val_acc=0.8240  val_auroc=0.9422  val_f1=0.7115  lr=9.97e-05
Running Validation...
Ep 115/500  loss=0.0557  tr_acc=0.9827  val_acc=0.8469  val_auroc=0.9517  val_f1=0.7525  lr=9.97e-05
Running Validation...
Ep 116/500  loss=0.0555  tr_acc=0.9840  val_acc=0.8400  val_auroc=0.9484  val_f1=0.7566  lr=9.96e-05
Running Validation...
Ep 117/500  loss=0.0535  tr_acc=0.9836  val_acc=0.8469  val_auroc=0.9532  val_f1=0.7571  lr=9.96e-05
Running Validation...
Ep 118/500  loss=0.0559  tr_acc=0.9817  val_acc=0.8315  val_auroc=0.9469  val_f1=0.7391  lr=9.95e-05
Running Validation...
Ep 119/500  loss=0.0567  tr_acc=0.9823  val_acc=0.8283  val_auroc=0.9412  val_f1=0.7180  lr=9.94e-05
Running Validation...
Ep 120/500  loss=0.0538  tr_acc=0.9827  val_acc=0.8283  val_auroc=0.9460  val_f1=0.7448  lr=9.94e-05
Running Validation...
Ep 121/500  loss=0.0592  tr_acc=0.9839  val_acc=0.8331  val_auroc=0.9464  val_f1=0.7374  lr=9.93e-05
Running Validation...
Ep 122/500  loss=0.0511  tr_acc=0.9850  val_acc=0.8379  val_auroc=0.9490  val_f1=0.7390  lr=9.93e-05
Running Validation...
Ep 123/500  loss=0.0592  tr_acc=0.9819  val_acc=0.8379  val_auroc=0.9469  val_f1=0.7381  lr=9.92e-05
Running Validation...
Ep 124/500  loss=0.0618  tr_acc=0.9807  val_acc=0.8485  val_auroc=0.9514  val_f1=0.7603  lr=9.91e-05
Running Validation...
Ep 125/500  loss=0.0430  tr_acc=0.9867  val_acc=0.8245  val_auroc=0.9471  val_f1=0.7287  lr=9.90e-05
Running Validation...
Ep 126/500  loss=0.0525  tr_acc=0.9845  val_acc=0.8427  val_auroc=0.9492  val_f1=0.7477  lr=9.90e-05
Running Validation...
Ep 127/500  loss=0.0440  tr_acc=0.9861  val_acc=0.8432  val_auroc=0.9504  val_f1=0.7491  lr=9.89e-05
Running Validation...
Ep 128/500  loss=0.0467  tr_acc=0.9845  val_acc=0.8475  val_auroc=0.9539  val_f1=0.7521  lr=9.88e-05
Running Validation...
Ep 129/500  loss=0.0437  tr_acc=0.9853  val_acc=0.8443  val_auroc=0.9542  val_f1=0.7512  lr=9.87e-05
Running Validation...
Ep 130/500  loss=0.0441  tr_acc=0.9865  val_acc=0.8395  val_auroc=0.9549  val_f1=0.7418  lr=9.86e-05
Running Validation...
Ep 131/500  loss=0.0533  tr_acc=0.9840  val_acc=0.8347  val_auroc=0.9518  val_f1=0.7444  lr=9.85e-05
Running Validation...
Ep 132/500  loss=0.0411  tr_acc=0.9872  val_acc=0.8421  val_auroc=0.9556  val_f1=0.7440  lr=9.84e-05
Running Validation...
Ep 133/500  loss=0.0376  tr_acc=0.9890  val_acc=0.8352  val_auroc=0.9542  val_f1=0.7385  lr=9.83e-05
Running Validation...
Ep 134/500  loss=0.0431  tr_acc=0.9889  val_acc=0.8331  val_auroc=0.9428  val_f1=0.7269  lr=9.82e-05
Running Validation...
Ep 135/500  loss=0.0458  tr_acc=0.9857  val_acc=0.8379  val_auroc=0.9473  val_f1=0.7380  lr=9.81e-05
Running Validation...
Ep 136/500  loss=0.0433  tr_acc=0.9871  val_acc=0.8357  val_auroc=0.9488  val_f1=0.7372  lr=9.80e-05
Running Validation...
Ep 137/500  loss=0.0512  tr_acc=0.9842  val_acc=0.8523  val_auroc=0.9539  val_f1=0.7604  lr=9.79e-05
Running Validation...
Ep 138/500  loss=0.0572  tr_acc=0.9850  val_acc=0.8560  val_auroc=0.9499  val_f1=0.7665  lr=9.78e-05
Running Validation...
Ep 139/500  loss=0.0508  tr_acc=0.9847  val_acc=0.8331  val_auroc=0.9467  val_f1=0.7428  lr=9.77e-05
Running Validation...
Ep 140/500  loss=0.0357  tr_acc=0.9892  val_acc=0.8325  val_auroc=0.9483  val_f1=0.7398  lr=9.76e-05
Running Validation...
Ep 141/500  loss=0.0471  tr_acc=0.9873  val_acc=0.8416  val_auroc=0.9545  val_f1=0.7420  lr=9.74e-05
Running Validation...
Ep 142/500  loss=0.0460  tr_acc=0.9864  val_acc=0.8437  val_auroc=0.9523  val_f1=0.7513  lr=9.73e-05
Running Validation...
Ep 143/500  loss=0.0377  tr_acc=0.9891  val_acc=0.8325  val_auroc=0.9476  val_f1=0.7304  lr=9.72e-05
Running Validation...
Ep 144/500  loss=0.0386  tr_acc=0.9879  val_acc=0.8469  val_auroc=0.9480  val_f1=0.7493  lr=9.70e-05
Running Validation...
Ep 145/500  loss=0.0427  tr_acc=0.9873  val_acc=0.8491  val_auroc=0.9541  val_f1=0.7470  lr=9.69e-05
Running Validation...
Ep 146/500  loss=0.0320  tr_acc=0.9902  val_acc=0.8539  val_auroc=0.9506  val_f1=0.7620  lr=9.68e-05
Running Validation...
Ep 147/500  loss=0.0366  tr_acc=0.9888  val_acc=0.8485  val_auroc=0.9488  val_f1=0.7549  lr=9.66e-05
Running Validation...
Ep 148/500  loss=0.0395  tr_acc=0.9883  val_acc=0.8448  val_auroc=0.9519  val_f1=0.7499  lr=9.65e-05
Running Validation...
Ep 149/500  loss=0.0399  tr_acc=0.9884  val_acc=0.8453  val_auroc=0.9553  val_f1=0.7458  lr=9.63e-05
Running Validation...
Ep 150/500  loss=0.0347  tr_acc=0.9884  val_acc=0.8352  val_auroc=0.9433  val_f1=0.7337  lr=9.62e-05
Running Validation...
Ep 151/500  loss=0.0402  tr_acc=0.9894  val_acc=0.8160  val_auroc=0.9419  val_f1=0.6995  lr=9.60e-05
Running Validation...
Ep 152/500  loss=0.0288  tr_acc=0.9900  val_acc=0.8384  val_auroc=0.9526  val_f1=0.7434  lr=9.59e-05
Running Validation...
Ep 153/500  loss=0.0430  tr_acc=0.9876  val_acc=0.8373  val_auroc=0.9541  val_f1=0.7424  lr=9.57e-05
Running Validation...
Ep 154/500  loss=0.0343  tr_acc=0.9900  val_acc=0.8309  val_auroc=0.9510  val_f1=0.7252  lr=9.56e-05
Running Validation...
Ep 155/500  loss=0.0364  tr_acc=0.9896  val_acc=0.8379  val_auroc=0.9520  val_f1=0.7355  lr=9.54e-05
Running Validation...
Ep 156/500  loss=0.0302  tr_acc=0.9896  val_acc=0.8336  val_auroc=0.9538  val_f1=0.7483  lr=9.52e-05
Running Validation...
Ep 157/500  loss=0.0359  tr_acc=0.9894  val_acc=0.8432  val_auroc=0.9536  val_f1=0.7444  lr=9.51e-05
Running Validation...
Ep 158/500  loss=0.0352  tr_acc=0.9899  val_acc=0.8453  val_auroc=0.9572  val_f1=0.7401  lr=9.49e-05
Running Validation...
Ep 159/500  loss=0.0317  tr_acc=0.9905  val_acc=0.8416  val_auroc=0.9517  val_f1=0.7426  lr=9.47e-05
Running Validation...
Ep 160/500  loss=0.0264  tr_acc=0.9912  val_acc=0.8539  val_auroc=0.9578  val_f1=0.7566  lr=9.46e-05
Running Validation...
Ep 161/500  loss=0.0251  tr_acc=0.9938  val_acc=0.8384  val_auroc=0.9507  val_f1=0.7427  lr=9.44e-05
Running Validation...
Ep 162/500  loss=0.0311  tr_acc=0.9907  val_acc=0.8469  val_auroc=0.9557  val_f1=0.7530  lr=9.42e-05
Running Validation...
Ep 163/500  loss=0.0314  tr_acc=0.9884  val_acc=0.8421  val_auroc=0.9566  val_f1=0.7459  lr=9.40e-05
Running Validation...
Ep 164/500  loss=0.0282  tr_acc=0.9922  val_acc=0.8411  val_auroc=0.9546  val_f1=0.7453  lr=9.38e-05
Running Validation...
Ep 165/500  loss=0.0340  tr_acc=0.9907  val_acc=0.8528  val_auroc=0.9589  val_f1=0.7576  lr=9.36e-05
Running Validation...
Ep 166/500  loss=0.0329  tr_acc=0.9904  val_acc=0.8587  val_auroc=0.9592  val_f1=0.7689  lr=9.34e-05
Running Validation...
Ep 167/500  loss=0.0428  tr_acc=0.9903  val_acc=0.8405  val_auroc=0.9521  val_f1=0.7386  lr=9.32e-05
Running Validation...
Ep 168/500  loss=0.0309  tr_acc=0.9915  val_acc=0.8405  val_auroc=0.9497  val_f1=0.7541  lr=9.30e-05
Running Validation...
Ep 169/500  loss=0.0358  tr_acc=0.9897  val_acc=0.8459  val_auroc=0.9497  val_f1=0.7490  lr=9.28e-05
Running Validation...
Ep 170/500  loss=0.0329  tr_acc=0.9900  val_acc=0.8464  val_auroc=0.9529  val_f1=0.7550  lr=9.26e-05
Running Validation...
Ep 171/500  loss=0.0284  tr_acc=0.9908  val_acc=0.8485  val_auroc=0.9521  val_f1=0.7528  lr=9.24e-05
Running Validation...
Ep 172/500  loss=0.0250  tr_acc=0.9915  val_acc=0.8411  val_auroc=0.9497  val_f1=0.7429  lr=9.22e-05
Running Validation...
Ep 173/500  loss=0.0325  tr_acc=0.9907  val_acc=0.8517  val_auroc=0.9555  val_f1=0.7620  lr=9.20e-05
Running Validation...
Ep 174/500  loss=0.0307  tr_acc=0.9905  val_acc=0.8421  val_auroc=0.9548  val_f1=0.7435  lr=9.18e-05
Running Validation...
Ep 175/500  loss=0.0294  tr_acc=0.9920  val_acc=0.8379  val_auroc=0.9457  val_f1=0.7350  lr=9.16e-05
Running Validation...
Ep 176/500  loss=0.0232  tr_acc=0.9934  val_acc=0.8480  val_auroc=0.9490  val_f1=0.7474  lr=9.14e-05
Running Validation...
Ep 177/500  loss=0.0298  tr_acc=0.9911  val_acc=0.8496  val_auroc=0.9452  val_f1=0.7558  lr=9.11e-05
Running Validation...
Ep 178/500  loss=0.0236  tr_acc=0.9938  val_acc=0.8464  val_auroc=0.9500  val_f1=0.7494  lr=9.09e-05
Running Validation...
Ep 179/500  loss=0.0263  tr_acc=0.9928  val_acc=0.8411  val_auroc=0.9461  val_f1=0.7352  lr=9.07e-05
Running Validation...
Ep 180/500  loss=0.0285  tr_acc=0.9919  val_acc=0.8293  val_auroc=0.9393  val_f1=0.7294  lr=9.05e-05
Running Validation...
Ep 181/500  loss=0.0331  tr_acc=0.9905  val_acc=0.8448  val_auroc=0.9539  val_f1=0.7509  lr=9.02e-05
Running Validation...
Ep 182/500  loss=0.0327  tr_acc=0.9903  val_acc=0.8405  val_auroc=0.9500  val_f1=0.7510  lr=9.00e-05
Running Validation...
Ep 183/500  loss=0.0295  tr_acc=0.9924  val_acc=0.8405  val_auroc=0.9488  val_f1=0.7407  lr=8.97e-05
Running Validation...
Ep 184/500  loss=0.0203  tr_acc=0.9931  val_acc=0.8341  val_auroc=0.9438  val_f1=0.7359  lr=8.95e-05
Running Validation...
Ep 185/500  loss=0.0318  tr_acc=0.9906  val_acc=0.8411  val_auroc=0.9491  val_f1=0.7517  lr=8.93e-05
Running Validation...
Ep 186/500  loss=0.0287  tr_acc=0.9921  val_acc=0.8315  val_auroc=0.9395  val_f1=0.7218  lr=8.90e-05
Running Validation...
Ep 187/500  loss=0.0309  tr_acc=0.9912  val_acc=0.8400  val_auroc=0.9480  val_f1=0.7355  lr=8.88e-05
Running Validation...
Ep 188/500  loss=0.0238  tr_acc=0.9930  val_acc=0.8427  val_auroc=0.9492  val_f1=0.7449  lr=8.85e-05
Running Validation...
Ep 189/500  loss=0.0213  tr_acc=0.9936  val_acc=0.8421  val_auroc=0.9467  val_f1=0.7443  lr=8.83e-05
Running Validation...
Ep 190/500  loss=0.0243  tr_acc=0.9929  val_acc=0.8368  val_auroc=0.9452  val_f1=0.7324  lr=8.80e-05
Running Validation...
Ep 191/500  loss=0.0223  tr_acc=0.9932  val_acc=0.8517  val_auroc=0.9538  val_f1=0.7534  lr=8.78e-05
Running Validation...
Ep 192/500  loss=0.0324  tr_acc=0.9919  val_acc=0.8501  val_auroc=0.9493  val_f1=0.7511  lr=8.75e-05
Running Validation...
Ep 193/500  loss=0.0233  tr_acc=0.9928  val_acc=0.8475  val_auroc=0.9555  val_f1=0.7601  lr=8.72e-05
Running Validation...
Ep 194/500  loss=0.0179  tr_acc=0.9945  val_acc=0.8432  val_auroc=0.9476  val_f1=0.7452  lr=8.70e-05
Running Validation...
Ep 195/500  loss=0.0248  tr_acc=0.9921  val_acc=0.8507  val_auroc=0.9520  val_f1=0.7508  lr=8.67e-05
Running Validation...
Ep 196/500  loss=0.0215  tr_acc=0.9939  val_acc=0.8517  val_auroc=0.9502  val_f1=0.7574  lr=8.64e-05
Running Validation...
Ep 197/500  loss=0.0209  tr_acc=0.9944  val_acc=0.8453  val_auroc=0.9494  val_f1=0.7478  lr=8.62e-05
Running Validation...
Ep 198/500  loss=0.0272  tr_acc=0.9926  val_acc=0.8517  val_auroc=0.9498  val_f1=0.7553  lr=8.59e-05
Running Validation...
Ep 199/500  loss=0.0236  tr_acc=0.9943  val_acc=0.8427  val_auroc=0.9460  val_f1=0.7511  lr=8.56e-05
Running Validation...
Ep 200/500  loss=0.0209  tr_acc=0.9930  val_acc=0.8555  val_auroc=0.9497  val_f1=0.7683  lr=8.54e-05
Running Validation...
Ep 201/500  loss=0.0232  tr_acc=0.9937  val_acc=0.8544  val_auroc=0.9549  val_f1=0.7633  lr=8.51e-05
Running Validation...
Ep 202/500  loss=0.0138  tr_acc=0.9959  val_acc=0.8619  val_auroc=0.9524  val_f1=0.7772  lr=8.48e-05
Running Validation...
Ep 203/500  loss=0.0167  tr_acc=0.9957  val_acc=0.8501  val_auroc=0.9511  val_f1=0.7554  lr=8.45e-05
Running Validation...
Ep 204/500  loss=0.0201  tr_acc=0.9934  val_acc=0.8485  val_auroc=0.9553  val_f1=0.7546  lr=8.42e-05
Running Validation...
Ep 205/500  loss=0.0247  tr_acc=0.9927  val_acc=0.8325  val_auroc=0.9442  val_f1=0.7360  lr=8.39e-05
Running Validation...
Ep 206/500  loss=0.0170  tr_acc=0.9946  val_acc=0.8533  val_auroc=0.9513  val_f1=0.7704  lr=8.37e-05
Running Validation...
Ep 207/500  loss=0.0181  tr_acc=0.9952  val_acc=0.8501  val_auroc=0.9518  val_f1=0.7555  lr=8.34e-05
Running Validation...
Ep 208/500  loss=0.0150  tr_acc=0.9947  val_acc=0.8571  val_auroc=0.9503  val_f1=0.7713  lr=8.31e-05
Running Validation...
Ep 209/500  loss=0.0202  tr_acc=0.9937  val_acc=0.8443  val_auroc=0.9523  val_f1=0.7465  lr=8.28e-05
Running Validation...
Ep 210/500  loss=0.0150  tr_acc=0.9957  val_acc=0.8469  val_auroc=0.9443  val_f1=0.7678  lr=8.25e-05
Running Validation...
Ep 211/500  loss=0.0164  tr_acc=0.9947  val_acc=0.8341  val_auroc=0.9464  val_f1=0.7386  lr=8.22e-05
Running Validation...
Ep 212/500  loss=0.0265  tr_acc=0.9936  val_acc=0.8469  val_auroc=0.9515  val_f1=0.7629  lr=8.19e-05
Running Validation...
Ep 213/500  loss=0.0164  tr_acc=0.9948  val_acc=0.8533  val_auroc=0.9548  val_f1=0.7624  lr=8.16e-05
Running Validation...
Ep 214/500  loss=0.0161  tr_acc=0.9955  val_acc=0.8501  val_auroc=0.9510  val_f1=0.7559  lr=8.13e-05
Running Validation...
Ep 215/500  loss=0.0174  tr_acc=0.9946  val_acc=0.8507  val_auroc=0.9546  val_f1=0.7600  lr=8.10e-05
Running Validation...
Ep 216/500  loss=0.0195  tr_acc=0.9945  val_acc=0.8432  val_auroc=0.9508  val_f1=0.7366  lr=8.06e-05
Running Validation...
Ep 217/500  loss=0.0152  tr_acc=0.9946  val_acc=0.8512  val_auroc=0.9534  val_f1=0.7671  lr=8.03e-05
Running Validation...
Ep 218/500  loss=0.0154  tr_acc=0.9955  val_acc=0.8373  val_auroc=0.9514  val_f1=0.7514  lr=8.00e-05
Running Validation...
Ep 219/500  loss=0.0153  tr_acc=0.9962  val_acc=0.8560  val_auroc=0.9532  val_f1=0.7725  lr=7.97e-05
Running Validation...
Ep 220/500  loss=0.0151  tr_acc=0.9950  val_acc=0.8528  val_auroc=0.9537  val_f1=0.7626  lr=7.94e-05
Running Validation...
Ep 221/500  loss=0.0187  tr_acc=0.9947  val_acc=0.8603  val_auroc=0.9544  val_f1=0.7744  lr=7.91e-05
Running Validation...
Ep 222/500  loss=0.0171  tr_acc=0.9948  val_acc=0.8528  val_auroc=0.9466  val_f1=0.7597  lr=7.88e-05
Running Validation...
Ep 223/500  loss=0.0189  tr_acc=0.9946  val_acc=0.8347  val_auroc=0.9472  val_f1=0.7251  lr=7.84e-05
Running Validation...
Ep 224/500  loss=0.0144  tr_acc=0.9951  val_acc=0.8405  val_auroc=0.9405  val_f1=0.7483  lr=7.81e-05
Running Validation...
Ep 225/500  loss=0.0217  tr_acc=0.9934  val_acc=0.8533  val_auroc=0.9524  val_f1=0.7625  lr=7.78e-05
Running Validation...
Ep 226/500  loss=0.0108  tr_acc=0.9965  val_acc=0.8443  val_auroc=0.9469  val_f1=0.7506  lr=7.75e-05
Running Validation...
Ep 227/500  loss=0.0215  tr_acc=0.9944  val_acc=0.8459  val_auroc=0.9511  val_f1=0.7518  lr=7.71e-05
Running Validation...
Ep 228/500  loss=0.0123  tr_acc=0.9968  val_acc=0.8480  val_auroc=0.9552  val_f1=0.7540  lr=7.68e-05
Running Validation...
Ep 229/500  loss=0.0144  tr_acc=0.9958  val_acc=0.8459  val_auroc=0.9502  val_f1=0.7495  lr=7.65e-05
Running Validation...
Ep 230/500  loss=0.0163  tr_acc=0.9953  val_acc=0.8416  val_auroc=0.9470  val_f1=0.7490  lr=7.61e-05
Running Validation...
Ep 231/500  loss=0.0110  tr_acc=0.9961  val_acc=0.8395  val_auroc=0.9479  val_f1=0.7417  lr=7.58e-05
Running Validation...
Ep 232/500  loss=0.0122  tr_acc=0.9967  val_acc=0.8427  val_auroc=0.9567  val_f1=0.7476  lr=7.55e-05
Running Validation...
Ep 233/500  loss=0.0172  tr_acc=0.9953  val_acc=0.8496  val_auroc=0.9532  val_f1=0.7577  lr=7.51e-05
Running Validation...
Ep 234/500  loss=0.0142  tr_acc=0.9951  val_acc=0.8341  val_auroc=0.9506  val_f1=0.7259  lr=7.48e-05
Running Validation...
Ep 235/500  loss=0.0151  tr_acc=0.9962  val_acc=0.8448  val_auroc=0.9510  val_f1=0.7556  lr=7.44e-05
Running Validation...
Ep 236/500  loss=0.0094  tr_acc=0.9978  val_acc=0.8496  val_auroc=0.9558  val_f1=0.7553  lr=7.41e-05
Running Validation...
Ep 237/500  loss=0.0181  tr_acc=0.9953  val_acc=0.8544  val_auroc=0.9551  val_f1=0.7577  lr=7.37e-05
Running Validation...
Ep 238/500  loss=0.0203  tr_acc=0.9954  val_acc=0.8587  val_auroc=0.9543  val_f1=0.7693  lr=7.34e-05
Running Validation...
Ep 239/500  loss=0.0200  tr_acc=0.9943  val_acc=0.8341  val_auroc=0.9445  val_f1=0.7163  lr=7.30e-05
Running Validation...
Ep 240/500  loss=0.0156  tr_acc=0.9959  val_acc=0.8443  val_auroc=0.9521  val_f1=0.7481  lr=7.27e-05
Running Validation...
Ep 241/500  loss=0.0165  tr_acc=0.9953  val_acc=0.8432  val_auroc=0.9520  val_f1=0.7517  lr=7.23e-05
Running Validation...
Ep 242/500  loss=0.0163  tr_acc=0.9961  val_acc=0.8464  val_auroc=0.9563  val_f1=0.7435  lr=7.20e-05
Running Validation...
Ep 243/500  loss=0.0110  tr_acc=0.9970  val_acc=0.8400  val_auroc=0.9547  val_f1=0.7403  lr=7.16e-05
Running Validation...
Ep 244/500  loss=0.0159  tr_acc=0.9952  val_acc=0.8453  val_auroc=0.9538  val_f1=0.7420  lr=7.13e-05
Running Validation...
Ep 245/500  loss=0.0177  tr_acc=0.9952  val_acc=0.8261  val_auroc=0.9438  val_f1=0.7051  lr=7.09e-05
Running Validation...
Ep 246/500  loss=0.0155  tr_acc=0.9962  val_acc=0.8411  val_auroc=0.9533  val_f1=0.7360  lr=7.06e-05
Running Validation...
Ep 247/500  loss=0.0090  tr_acc=0.9971  val_acc=0.8539  val_auroc=0.9537  val_f1=0.7525  lr=7.02e-05
Running Validation...
Ep 248/500  loss=0.0133  tr_acc=0.9973  val_acc=0.8411  val_auroc=0.9516  val_f1=0.7420  lr=6.99e-05
Running Validation...
Ep 249/500  loss=0.0133  tr_acc=0.9970  val_acc=0.8491  val_auroc=0.9538  val_f1=0.7497  lr=6.95e-05
Running Validation...
Ep 250/500  loss=0.0121  tr_acc=0.9973  val_acc=0.8480  val_auroc=0.9563  val_f1=0.7550  lr=6.91e-05
Running Validation...
Ep 251/500  loss=0.0111  tr_acc=0.9965  val_acc=0.8448  val_auroc=0.9533  val_f1=0.7492  lr=6.88e-05
Running Validation...
Ep 252/500  loss=0.0088  tr_acc=0.9968  val_acc=0.8485  val_auroc=0.9541  val_f1=0.7570  lr=6.84e-05
Running Validation...
Ep 253/500  loss=0.0106  tr_acc=0.9967  val_acc=0.8469  val_auroc=0.9531  val_f1=0.7568  lr=6.80e-05
Running Validation...
Ep 254/500  loss=0.0130  tr_acc=0.9965  val_acc=0.8341  val_auroc=0.9504  val_f1=0.7353  lr=6.77e-05
Running Validation...
Ep 255/500  loss=0.0130  tr_acc=0.9963  val_acc=0.8533  val_auroc=0.9522  val_f1=0.7611  lr=6.73e-05
Running Validation...
Ep 256/500  loss=0.0112  tr_acc=0.9968  val_acc=0.8565  val_auroc=0.9574  val_f1=0.7692  lr=6.69e-05
Running Validation...
Ep 257/500  loss=0.0051  tr_acc=0.9981  val_acc=0.8549  val_auroc=0.9581  val_f1=0.7739  lr=6.66e-05
Running Validation...
Ep 258/500  loss=0.0119  tr_acc=0.9966  val_acc=0.8485  val_auroc=0.9479  val_f1=0.7525  lr=6.62e-05
Running Validation...
Ep 259/500  loss=0.0163  tr_acc=0.9960  val_acc=0.8571  val_auroc=0.9554  val_f1=0.7695  lr=6.58e-05
Running Validation...
Ep 260/500  loss=0.0097  tr_acc=0.9967  val_acc=0.8437  val_auroc=0.9482  val_f1=0.7425  lr=6.55e-05
Running Validation...
Ep 261/500  loss=0.0121  tr_acc=0.9967  val_acc=0.8496  val_auroc=0.9480  val_f1=0.7544  lr=6.51e-05
Running Validation...
Ep 262/500  loss=0.0076  tr_acc=0.9977  val_acc=0.8427  val_auroc=0.9510  val_f1=0.7538  lr=6.47e-05
Running Validation...
Ep 263/500  loss=0.0126  tr_acc=0.9974  val_acc=0.8565  val_auroc=0.9545  val_f1=0.7639  lr=6.43e-05
Running Validation...
Ep 264/500  loss=0.0089  tr_acc=0.9979  val_acc=0.8416  val_auroc=0.9471  val_f1=0.7498  lr=6.39e-05
Running Validation...
Ep 265/500  loss=0.0101  tr_acc=0.9971  val_acc=0.8512  val_auroc=0.9515  val_f1=0.7601  lr=6.36e-05
Running Validation...
Ep 266/500  loss=0.0129  tr_acc=0.9961  val_acc=0.8517  val_auroc=0.9530  val_f1=0.7642  lr=6.32e-05
Running Validation...
Ep 267/500  loss=0.0048  tr_acc=0.9981  val_acc=0.8539  val_auroc=0.9503  val_f1=0.7650  lr=6.28e-05
Running Validation...
Ep 268/500  loss=0.0129  tr_acc=0.9967  val_acc=0.8411  val_auroc=0.9484  val_f1=0.7414  lr=6.24e-05
Running Validation...
Ep 269/500  loss=0.0110  tr_acc=0.9978  val_acc=0.8528  val_auroc=0.9529  val_f1=0.7573  lr=6.21e-05
Running Validation...
Ep 270/500  loss=0.0091  tr_acc=0.9979  val_acc=0.8437  val_auroc=0.9550  val_f1=0.7450  lr=6.17e-05
Running Validation...
Ep 271/500  loss=0.0091  tr_acc=0.9971  val_acc=0.8587  val_auroc=0.9564  val_f1=0.7690  lr=6.13e-05
Running Validation...
Ep 272/500  loss=0.0079  tr_acc=0.9975  val_acc=0.8539  val_auroc=0.9563  val_f1=0.7637  lr=6.09e-05
Running Validation...
Ep 273/500  loss=0.0100  tr_acc=0.9971  val_acc=0.8576  val_auroc=0.9559  val_f1=0.7732  lr=6.05e-05
Running Validation...
Ep 274/500  loss=0.0078  tr_acc=0.9977  val_acc=0.8597  val_auroc=0.9547  val_f1=0.7741  lr=6.01e-05
Running Validation...
Ep 275/500  loss=0.0142  tr_acc=0.9961  val_acc=0.8581  val_auroc=0.9555  val_f1=0.7676  lr=5.98e-05
Running Validation...
Ep 276/500  loss=0.0082  tr_acc=0.9975  val_acc=0.8624  val_auroc=0.9585  val_f1=0.7819  lr=5.94e-05
Running Validation...
Ep 277/500  loss=0.0109  tr_acc=0.9959  val_acc=0.8592  val_auroc=0.9537  val_f1=0.7743  lr=5.90e-05
Running Validation...
Ep 278/500  loss=0.0063  tr_acc=0.9981  val_acc=0.8571  val_auroc=0.9553  val_f1=0.7613  lr=5.86e-05
Running Validation...
Ep 279/500  loss=0.0052  tr_acc=0.9979  val_acc=0.8491  val_auroc=0.9548  val_f1=0.7477  lr=5.82e-05
Running Validation...
Ep 280/500  loss=0.0043  tr_acc=0.9987  val_acc=0.8464  val_auroc=0.9530  val_f1=0.7501  lr=5.78e-05
Running Validation...
Ep 281/500  loss=0.0047  tr_acc=0.9984  val_acc=0.8560  val_auroc=0.9547  val_f1=0.7637  lr=5.74e-05
Running Validation...
Ep 282/500  loss=0.0092  tr_acc=0.9976  val_acc=0.8555  val_auroc=0.9564  val_f1=0.7615  lr=5.70e-05
Running Validation...
Ep 283/500  loss=0.0060  tr_acc=0.9986  val_acc=0.8555  val_auroc=0.9576  val_f1=0.7633  lr=5.67e-05
Running Validation...
Ep 284/500  loss=0.0131  tr_acc=0.9970  val_acc=0.8533  val_auroc=0.9553  val_f1=0.7604  lr=5.63e-05
Running Validation...
Ep 285/500  loss=0.0074  tr_acc=0.9975  val_acc=0.8581  val_auroc=0.9605  val_f1=0.7677  lr=5.59e-05
Running Validation...
Ep 286/500  loss=0.0076  tr_acc=0.9976  val_acc=0.8459  val_auroc=0.9534  val_f1=0.7448  lr=5.55e-05
Running Validation...
Ep 287/500  loss=0.0072  tr_acc=0.9977  val_acc=0.8480  val_auroc=0.9525  val_f1=0.7517  lr=5.51e-05
Running Validation...
Ep 288/500  loss=0.0078  tr_acc=0.9983  val_acc=0.8485  val_auroc=0.9566  val_f1=0.7533  lr=5.47e-05
Running Validation...
Ep 289/500  loss=0.0065  tr_acc=0.9981  val_acc=0.8485  val_auroc=0.9574  val_f1=0.7535  lr=5.43e-05
Running Validation...
Ep 290/500  loss=0.0087  tr_acc=0.9977  val_acc=0.8437  val_auroc=0.9540  val_f1=0.7365  lr=5.39e-05
Running Validation...
Ep 291/500  loss=0.0037  tr_acc=0.9991  val_acc=0.8549  val_auroc=0.9537  val_f1=0.7647  lr=5.35e-05
Running Validation...
Ep 292/500  loss=0.0046  tr_acc=0.9986  val_acc=0.8528  val_auroc=0.9533  val_f1=0.7543  lr=5.31e-05
Running Validation...
Ep 293/500  loss=0.0070  tr_acc=0.9985  val_acc=0.8475  val_auroc=0.9529  val_f1=0.7462  lr=5.27e-05
Running Validation...
Ep 294/500  loss=0.0071  tr_acc=0.9984  val_acc=0.8485  val_auroc=0.9576  val_f1=0.7517  lr=5.24e-05
Running Validation...
Ep 295/500  loss=0.0040  tr_acc=0.9983  val_acc=0.8544  val_auroc=0.9575  val_f1=0.7628  lr=5.20e-05
Running Validation...
Ep 296/500  loss=0.0053  tr_acc=0.9984  val_acc=0.8389  val_auroc=0.9454  val_f1=0.7358  lr=5.16e-05
Running Validation...
Ep 297/500  loss=0.0051  tr_acc=0.9986  val_acc=0.8437  val_auroc=0.9524  val_f1=0.7421  lr=5.12e-05
Running Validation...
Ep 298/500  loss=0.0043  tr_acc=0.9985  val_acc=0.8528  val_auroc=0.9570  val_f1=0.7630  lr=5.08e-05
Running Validation...
Ep 299/500  loss=0.0062  tr_acc=0.9985  val_acc=0.8416  val_auroc=0.9492  val_f1=0.7377  lr=5.04e-05
Running Validation...
Ep 300/500  loss=0.0079  tr_acc=0.9979  val_acc=0.8496  val_auroc=0.9500  val_f1=0.7531  lr=5.00e-05
Running Validation...
Ep 301/500  loss=0.0070  tr_acc=0.9983  val_acc=0.8496  val_auroc=0.9567  val_f1=0.7526  lr=4.96e-05
Running Validation...
Ep 302/500  loss=0.0071  tr_acc=0.9977  val_acc=0.8432  val_auroc=0.9539  val_f1=0.7422  lr=4.92e-05
Running Validation...
Ep 303/500  loss=0.0049  tr_acc=0.9987  val_acc=0.8453  val_auroc=0.9544  val_f1=0.7528  lr=4.88e-05
Running Validation...
Ep 304/500  loss=0.0069  tr_acc=0.9982  val_acc=0.8427  val_auroc=0.9555  val_f1=0.7425  lr=4.84e-05
Running Validation...
Ep 305/500  loss=0.0043  tr_acc=0.9982  val_acc=0.8405  val_auroc=0.9524  val_f1=0.7394  lr=4.80e-05
Running Validation...
Ep 306/500  loss=0.0028  tr_acc=0.9994  val_acc=0.8373  val_auroc=0.9506  val_f1=0.7356  lr=4.76e-05
Running Validation...
Ep 307/500  loss=0.0041  tr_acc=0.9987  val_acc=0.8448  val_auroc=0.9510  val_f1=0.7428  lr=4.73e-05
Running Validation...
Ep 308/500  loss=0.0040  tr_acc=0.9990  val_acc=0.8464  val_auroc=0.9553  val_f1=0.7483  lr=4.69e-05
Running Validation...
Ep 309/500  loss=0.0040  tr_acc=0.9987  val_acc=0.8544  val_auroc=0.9574  val_f1=0.7556  lr=4.65e-05
Running Validation...
Ep 310/500  loss=0.0051  tr_acc=0.9981  val_acc=0.8411  val_auroc=0.9472  val_f1=0.7375  lr=4.61e-05
Running Validation...
Ep 311/500  loss=0.0050  tr_acc=0.9987  val_acc=0.8411  val_auroc=0.9530  val_f1=0.7352  lr=4.57e-05
Running Validation...
Ep 312/500  loss=0.0051  tr_acc=0.9986  val_acc=0.8507  val_auroc=0.9572  val_f1=0.7572  lr=4.53e-05
Running Validation...
Ep 313/500  loss=0.0061  tr_acc=0.9984  val_acc=0.8416  val_auroc=0.9534  val_f1=0.7374  lr=4.49e-05
Running Validation...
Ep 314/500  loss=0.0054  tr_acc=0.9981  val_acc=0.8475  val_auroc=0.9546  val_f1=0.7445  lr=4.45e-05
Running Validation...
Ep 315/500  loss=0.0054  tr_acc=0.9985  val_acc=0.8357  val_auroc=0.9500  val_f1=0.7270  lr=4.41e-05
Running Validation...
Ep 316/500  loss=0.0039  tr_acc=0.9992  val_acc=0.8464  val_auroc=0.9541  val_f1=0.7403  lr=4.37e-05
Running Validation...
Ep 317/500  loss=0.0088  tr_acc=0.9977  val_acc=0.8448  val_auroc=0.9546  val_f1=0.7397  lr=4.33e-05
Running Validation...
Ep 318/500  loss=0.0047  tr_acc=0.9986  val_acc=0.8427  val_auroc=0.9531  val_f1=0.7333  lr=4.30e-05
Running Validation...
Ep 319/500  loss=0.0048  tr_acc=0.9989  val_acc=0.8379  val_auroc=0.9518  val_f1=0.7249  lr=4.26e-05
Running Validation...
Ep 320/500  loss=0.0037  tr_acc=0.9995  val_acc=0.8448  val_auroc=0.9536  val_f1=0.7452  lr=4.22e-05
Running Validation...
Ep 321/500  loss=0.0023  tr_acc=0.9992  val_acc=0.8421  val_auroc=0.9474  val_f1=0.7373  lr=4.18e-05
Running Validation...
Ep 322/500  loss=0.0024  tr_acc=0.9986  val_acc=0.8512  val_auroc=0.9536  val_f1=0.7505  lr=4.14e-05
Running Validation...
Ep 323/500  loss=0.0022  tr_acc=0.9990  val_acc=0.8459  val_auroc=0.9495  val_f1=0.7370  lr=4.10e-05
Running Validation...
Ep 324/500  loss=0.0024  tr_acc=0.9990  val_acc=0.8555  val_auroc=0.9517  val_f1=0.7566  lr=4.06e-05
Running Validation...
Ep 325/500  loss=0.0055  tr_acc=0.9985  val_acc=0.8475  val_auroc=0.9513  val_f1=0.7390  lr=4.02e-05
Running Validation...
Ep 326/500  loss=0.0088  tr_acc=0.9979  val_acc=0.8379  val_auroc=0.9510  val_f1=0.7299  lr=3.99e-05
Running Validation...
Ep 327/500  loss=0.0032  tr_acc=0.9993  val_acc=0.8523  val_auroc=0.9574  val_f1=0.7500  lr=3.95e-05
Running Validation...
Ep 328/500  loss=0.0022  tr_acc=0.9993  val_acc=0.8491  val_auroc=0.9529  val_f1=0.7510  lr=3.91e-05
Running Validation...
Ep 329/500  loss=0.0057  tr_acc=0.9986  val_acc=0.8517  val_auroc=0.9556  val_f1=0.7492  lr=3.87e-05
Running Validation...
Ep 330/500  loss=0.0017  tr_acc=0.9997  val_acc=0.8512  val_auroc=0.9521  val_f1=0.7518  lr=3.83e-05
Running Validation...
Ep 331/500  loss=0.0012  tr_acc=0.9994  val_acc=0.8480  val_auroc=0.9515  val_f1=0.7455  lr=3.79e-05
Running Validation...
Ep 332/500  loss=0.0036  tr_acc=0.9987  val_acc=0.8443  val_auroc=0.9518  val_f1=0.7459  lr=3.76e-05
Running Validation...
Ep 333/500  loss=0.0025  tr_acc=0.9992  val_acc=0.8453  val_auroc=0.9522  val_f1=0.7382  lr=3.72e-05
Running Validation...
Ep 334/500  loss=0.0033  tr_acc=0.9987  val_acc=0.8571  val_auroc=0.9549  val_f1=0.7614  lr=3.68e-05
Running Validation...
Ep 335/500  loss=0.0056  tr_acc=0.9989  val_acc=0.8485  val_auroc=0.9536  val_f1=0.7474  lr=3.64e-05
Running Validation...
Ep 336/500  loss=0.0022  tr_acc=0.9992  val_acc=0.8560  val_auroc=0.9589  val_f1=0.7575  lr=3.61e-05
Running Validation...
Ep 337/500  loss=0.0028  tr_acc=0.9992  val_acc=0.8427  val_auroc=0.9505  val_f1=0.7419  lr=3.57e-05
Running Validation...
Ep 338/500  loss=0.0049  tr_acc=0.9991  val_acc=0.8432  val_auroc=0.9528  val_f1=0.7366  lr=3.53e-05
Running Validation...
Ep 339/500  loss=0.0013  tr_acc=0.9997  val_acc=0.8576  val_auroc=0.9577  val_f1=0.7643  lr=3.49e-05
Running Validation...
Ep 340/500  loss=0.0024  tr_acc=0.9995  val_acc=0.8523  val_auroc=0.9573  val_f1=0.7553  lr=3.45e-05
Running Validation...
Ep 341/500  loss=0.0044  tr_acc=0.9991  val_acc=0.8389  val_auroc=0.9524  val_f1=0.7272  lr=3.42e-05
Running Validation...
Ep 342/500  loss=0.0029  tr_acc=0.9989  val_acc=0.8475  val_auroc=0.9511  val_f1=0.7465  lr=3.38e-05
Running Validation...
Ep 343/500  loss=0.0013  tr_acc=0.9998  val_acc=0.8448  val_auroc=0.9526  val_f1=0.7358  lr=3.34e-05
Running Validation...
Ep 344/500  loss=0.0009  tr_acc=0.9997  val_acc=0.8464  val_auroc=0.9562  val_f1=0.7462  lr=3.31e-05
Running Validation...
Ep 345/500  loss=0.0041  tr_acc=0.9990  val_acc=0.8411  val_auroc=0.9516  val_f1=0.7374  lr=3.27e-05
Running Validation...
Ep 346/500  loss=0.0026  tr_acc=0.9997  val_acc=0.8517  val_auroc=0.9554  val_f1=0.7524  lr=3.23e-05
Running Validation...
Ep 347/500  loss=0.0034  tr_acc=0.9992  val_acc=0.8501  val_auroc=0.9526  val_f1=0.7519  lr=3.20e-05
Running Validation...
Ep 348/500  loss=0.0026  tr_acc=0.9994  val_acc=0.8517  val_auroc=0.9548  val_f1=0.7532  lr=3.16e-05
Running Validation...
Ep 349/500  loss=0.0017  tr_acc=0.9992  val_acc=0.8549  val_auroc=0.9534  val_f1=0.7556  lr=3.12e-05
Running Validation...
Ep 350/500  loss=0.0011  tr_acc=0.9997  val_acc=0.8512  val_auroc=0.9523  val_f1=0.7536  lr=3.09e-05
Running Validation...
Ep 351/500  loss=0.0020  tr_acc=0.9997  val_acc=0.8549  val_auroc=0.9560  val_f1=0.7560  lr=3.05e-05
Running Validation...
Ep 352/500  loss=0.0018  tr_acc=0.9993  val_acc=0.8517  val_auroc=0.9569  val_f1=0.7550  lr=3.01e-05
Running Validation...
Ep 353/500  loss=0.0031  tr_acc=0.9991  val_acc=0.8613  val_auroc=0.9571  val_f1=0.7719  lr=2.98e-05
Running Validation...
Ep 354/500  loss=0.0036  tr_acc=0.9991  val_acc=0.8523  val_auroc=0.9562  val_f1=0.7573  lr=2.94e-05
Running Validation...
Ep 355/500  loss=0.0018  tr_acc=0.9995  val_acc=0.8437  val_auroc=0.9547  val_f1=0.7489  lr=2.91e-05
Running Validation...
Ep 356/500  loss=0.0046  tr_acc=0.9991  val_acc=0.8469  val_auroc=0.9532  val_f1=0.7465  lr=2.87e-05
Running Validation...
Ep 357/500  loss=0.0034  tr_acc=0.9992  val_acc=0.8512  val_auroc=0.9565  val_f1=0.7546  lr=2.84e-05
Running Validation...
Ep 358/500  loss=0.0015  tr_acc=0.9993  val_acc=0.8501  val_auroc=0.9582  val_f1=0.7552  lr=2.80e-05
Running Validation...
Ep 359/500  loss=0.0008  tr_acc=0.9995  val_acc=0.8501  val_auroc=0.9574  val_f1=0.7552  lr=2.77e-05
Running Validation...
Ep 360/500  loss=0.0013  tr_acc=0.9991  val_acc=0.8608  val_auroc=0.9590  val_f1=0.7738  lr=2.73e-05
Running Validation...
Ep 361/500  loss=0.0020  tr_acc=0.9990  val_acc=0.8496  val_auroc=0.9548  val_f1=0.7525  lr=2.70e-05
Running Validation...
Ep 362/500  loss=0.0027  tr_acc=0.9993  val_acc=0.8480  val_auroc=0.9598  val_f1=0.7508  lr=2.66e-05
Running Validation...
Ep 363/500  loss=0.0012  tr_acc=0.9993  val_acc=0.8549  val_auroc=0.9579  val_f1=0.7632  lr=2.63e-05
Running Validation...
Ep 364/500  loss=0.0015  tr_acc=0.9993  val_acc=0.8512  val_auroc=0.9553  val_f1=0.7563  lr=2.59e-05
Running Validation...
Ep 365/500  loss=0.0007  tr_acc=0.9999  val_acc=0.8571  val_auroc=0.9596  val_f1=0.7635  lr=2.56e-05
Running Validation...
Ep 366/500  loss=0.0016  tr_acc=0.9991  val_acc=0.8587  val_auroc=0.9613  val_f1=0.7672  lr=2.52e-05
Running Validation...
Ep 367/500  loss=0.0018  tr_acc=0.9991  val_acc=0.8544  val_auroc=0.9574  val_f1=0.7591  lr=2.49e-05
Running Validation...
Ep 368/500  loss=0.0007  tr_acc=0.9997  val_acc=0.8629  val_auroc=0.9557  val_f1=0.7740  lr=2.45e-05
Running Validation...
Ep 369/500  loss=0.0025  tr_acc=0.9995  val_acc=0.8597  val_auroc=0.9590  val_f1=0.7719  lr=2.42e-05
Running Validation...
Ep 370/500  loss=0.0010  tr_acc=0.9995  val_acc=0.8619  val_auroc=0.9615  val_f1=0.7700  lr=2.39e-05
Running Validation...
Ep 371/500  loss=0.0013  tr_acc=0.9992  val_acc=0.8517  val_auroc=0.9573  val_f1=0.7537  lr=2.35e-05
Running Validation...
Ep 372/500  loss=0.0005  tr_acc=0.9999  val_acc=0.8571  val_auroc=0.9574  val_f1=0.7589  lr=2.32e-05
Running Validation...
Ep 373/500  loss=0.0014  tr_acc=0.9998  val_acc=0.8576  val_auroc=0.9605  val_f1=0.7602  lr=2.29e-05
Running Validation...
Ep 374/500  loss=0.0015  tr_acc=0.9995  val_acc=0.8576  val_auroc=0.9577  val_f1=0.7659  lr=2.25e-05
Running Validation...
Ep 375/500  loss=0.0003  tr_acc=1.0000  val_acc=0.8539  val_auroc=0.9549  val_f1=0.7571  lr=2.22e-05
Running Validation...
Ep 376/500  loss=0.0016  tr_acc=0.9997  val_acc=0.8635  val_auroc=0.9587  val_f1=0.7787  lr=2.19e-05
Running Validation...
Ep 377/500  loss=0.0004  tr_acc=0.9998  val_acc=0.8571  val_auroc=0.9584  val_f1=0.7692  lr=2.16e-05
Running Validation...
Ep 378/500  loss=0.0035  tr_acc=0.9995  val_acc=0.8507  val_auroc=0.9542  val_f1=0.7613  lr=2.12e-05
Running Validation...
Ep 379/500  loss=0.0003  tr_acc=0.9999  val_acc=0.8480  val_auroc=0.9550  val_f1=0.7551  lr=2.09e-05
Running Validation...
Ep 380/500  loss=0.0012  tr_acc=0.9998  val_acc=0.8592  val_auroc=0.9574  val_f1=0.7727  lr=2.06e-05
Running Validation...
Ep 381/500  loss=0.0007  tr_acc=0.9997  val_acc=0.8613  val_auroc=0.9592  val_f1=0.7803  lr=2.03e-05
Running Validation...
Ep 382/500  loss=0.0014  tr_acc=0.9993  val_acc=0.8528  val_auroc=0.9568  val_f1=0.7584  lr=2.00e-05
Running Validation...
Ep 383/500  loss=0.0009  tr_acc=0.9997  val_acc=0.8555  val_auroc=0.9591  val_f1=0.7650  lr=1.97e-05
Running Validation...
Ep 384/500  loss=0.0009  tr_acc=0.9997  val_acc=0.8629  val_auroc=0.9598  val_f1=0.7777  lr=1.94e-05
Running Validation...
Ep 385/500  loss=0.0005  tr_acc=0.9999  val_acc=0.8528  val_auroc=0.9604  val_f1=0.7616  lr=1.90e-05
Running Validation...
Ep 386/500  loss=0.0002  tr_acc=0.9999  val_acc=0.8512  val_auroc=0.9582  val_f1=0.7547  lr=1.87e-05
Running Validation...
Ep 387/500  loss=0.0017  tr_acc=0.9995  val_acc=0.8581  val_auroc=0.9585  val_f1=0.7648  lr=1.84e-05
Running Validation...
Ep 388/500  loss=0.0005  tr_acc=0.9998  val_acc=0.8597  val_auroc=0.9582  val_f1=0.7721  lr=1.81e-05
Running Validation...
Ep 389/500  loss=0.0007  tr_acc=0.9995  val_acc=0.8528  val_auroc=0.9561  val_f1=0.7574  lr=1.78e-05
Running Validation...
Ep 390/500  loss=0.0001  tr_acc=1.0000  val_acc=0.8512  val_auroc=0.9555  val_f1=0.7574  lr=1.75e-05
Running Validation...
Ep 391/500  loss=0.0002  tr_acc=0.9999  val_acc=0.8528  val_auroc=0.9561  val_f1=0.7636  lr=1.72e-05
Running Validation...
Ep 392/500  loss=0.0005  tr_acc=0.9998  val_acc=0.8592  val_auroc=0.9580  val_f1=0.7709  lr=1.69e-05
Running Validation...
Ep 393/500  loss=0.0001  tr_acc=1.0000  val_acc=0.8560  val_auroc=0.9597  val_f1=0.7618  lr=1.66e-05
Running Validation...
Ep 394/500  loss=0.0008  tr_acc=0.9998  val_acc=0.8544  val_auroc=0.9562  val_f1=0.7598  lr=1.63e-05
Running Validation...
Ep 395/500  loss=0.0005  tr_acc=0.9998  val_acc=0.8485  val_auroc=0.9567  val_f1=0.7476  lr=1.61e-05
Running Validation...
Ep 396/500  loss=0.0011  tr_acc=0.9995  val_acc=0.8512  val_auroc=0.9586  val_f1=0.7580  lr=1.58e-05
Running Validation...
Ep 397/500  loss=0.0015  tr_acc=0.9998  val_acc=0.8464  val_auroc=0.9565  val_f1=0.7501  lr=1.55e-05
Running Validation...
Ep 398/500  loss=0.0017  tr_acc=0.9993  val_acc=0.8565  val_auroc=0.9573  val_f1=0.7642  lr=1.52e-05
Running Validation...
Ep 399/500  loss=0.0003  tr_acc=0.9999  val_acc=0.8491  val_auroc=0.9572  val_f1=0.7491  lr=1.49e-05
Running Validation...
Ep 400/500  loss=0.0006  tr_acc=0.9998  val_acc=0.8416  val_auroc=0.9541  val_f1=0.7374  lr=1.46e-05
Running Validation...
Ep 401/500  loss=0.0014  tr_acc=0.9995  val_acc=0.8475  val_auroc=0.9557  val_f1=0.7424  lr=1.44e-05
Running Validation...
Ep 402/500  loss=0.0005  tr_acc=0.9998  val_acc=0.8512  val_auroc=0.9583  val_f1=0.7510  lr=1.41e-05
Running Validation...
Ep 403/500  loss=0.0001  tr_acc=1.0000  val_acc=0.8597  val_auroc=0.9586  val_f1=0.7650  lr=1.38e-05
Running Validation...
Ep 404/500  loss=0.0008  tr_acc=0.9998  val_acc=0.8565  val_auroc=0.9580  val_f1=0.7690  lr=1.36e-05
Running Validation...
Ep 405/500  loss=0.0000  tr_acc=1.0000  val_acc=0.8581  val_auroc=0.9587  val_f1=0.7685  lr=1.33e-05
Running Validation...
Ep 406/500  loss=0.0004  tr_acc=0.9998  val_acc=0.8507  val_auroc=0.9568  val_f1=0.7534  lr=1.30e-05
Running Validation...
Ep 407/500  loss=0.0007  tr_acc=0.9999  val_acc=0.8544  val_auroc=0.9564  val_f1=0.7551  lr=1.28e-05
Running Validation...
Ep 408/500  loss=0.0001  tr_acc=1.0000  val_acc=0.8512  val_auroc=0.9566  val_f1=0.7587  lr=1.25e-05
Running Validation...
Ep 409/500  loss=0.0001  tr_acc=1.0000  val_acc=0.8528  val_auroc=0.9555  val_f1=0.7557  lr=1.22e-05
Running Validation...
Ep 410/500  loss=0.0000  tr_acc=1.0000  val_acc=0.8592  val_auroc=0.9577  val_f1=0.7671  lr=1.20e-05
Running Validation...
Ep 411/500  loss=0.0006  tr_acc=0.9998  val_acc=0.8592  val_auroc=0.9568  val_f1=0.7658  lr=1.17e-05
Running Validation...
Ep 412/500  loss=0.0008  tr_acc=0.9997  val_acc=0.8603  val_auroc=0.9560  val_f1=0.7738  lr=1.15e-05
Running Validation...
Ep 413/500  loss=0.0011  tr_acc=0.9998  val_acc=0.8640  val_auroc=0.9584  val_f1=0.7765  lr=1.12e-05
Running Validation...
Ep 414/500  loss=0.0008  tr_acc=0.9998  val_acc=0.8528  val_auroc=0.9548  val_f1=0.7537  lr=1.10e-05
Running Validation...
Ep 415/500  loss=0.0002  tr_acc=1.0000  val_acc=0.8629  val_auroc=0.9588  val_f1=0.7709  lr=1.07e-05
Running Validation...
Ep 416/500  loss=0.0009  tr_acc=0.9998  val_acc=0.8539  val_auroc=0.9565  val_f1=0.7588  lr=1.05e-05
Running Validation...
Ep 417/500  loss=0.0002  tr_acc=1.0000  val_acc=0.8587  val_auroc=0.9576  val_f1=0.7638  lr=1.03e-05
Running Validation...
Ep 418/500  loss=0.0000  tr_acc=1.0000  val_acc=0.8581  val_auroc=0.9592  val_f1=0.7661  lr=1.00e-05
Running Validation...
Ep 419/500  loss=0.0000  tr_acc=1.0000  val_acc=0.8613  val_auroc=0.9587  val_f1=0.7709  lr=9.78e-06
Running Validation...
Ep 420/500  loss=0.0003  tr_acc=0.9999  val_acc=0.8645  val_auroc=0.9603  val_f1=0.7746  lr=9.55e-06
Running Validation...
Ep 421/500  loss=0.0004  tr_acc=0.9998  val_acc=0.8560  val_auroc=0.9575  val_f1=0.7600  lr=9.32e-06
Running Validation...
Ep 422/500  loss=0.0009  tr_acc=0.9999  val_acc=0.8635  val_auroc=0.9604  val_f1=0.7727  lr=9.09e-06
Running Validation...
Ep 423/500  loss=0.0003  tr_acc=0.9999  val_acc=0.8597  val_auroc=0.9594  val_f1=0.7660  lr=8.87e-06
Running Validation...
Ep 424/500  loss=0.0001  tr_acc=0.9999  val_acc=0.8581  val_auroc=0.9604  val_f1=0.7623  lr=8.65e-06
Running Validation...
Ep 425/500  loss=0.0001  tr_acc=0.9999  val_acc=0.8555  val_auroc=0.9563  val_f1=0.7589  lr=8.43e-06
Running Validation...
Ep 426/500  loss=0.0002  tr_acc=0.9999  val_acc=0.8656  val_auroc=0.9601  val_f1=0.7778  lr=8.21e-06
Running Validation...
Ep 427/500  loss=0.0003  tr_acc=0.9999  val_acc=0.8555  val_auroc=0.9561  val_f1=0.7552  lr=8.00e-06
Running Validation...
Ep 428/500  loss=0.0014  tr_acc=0.9998  val_acc=0.8645  val_auroc=0.9577  val_f1=0.7750  lr=7.78e-06
Running Validation...
Ep 429/500  loss=0.0021  tr_acc=0.9999  val_acc=0.8539  val_auroc=0.9568  val_f1=0.7549  lr=7.57e-06
Running Validation...
Ep 430/500  loss=0.0001  tr_acc=1.0000  val_acc=0.8629  val_auroc=0.9580  val_f1=0.7697  lr=7.37e-06
Running Validation...
Ep 431/500  loss=0.0001  tr_acc=1.0000  val_acc=0.8592  val_auroc=0.9574  val_f1=0.7656  lr=7.16e-06
Running Validation...
Ep 432/500  loss=0.0008  tr_acc=0.9999  val_acc=0.8571  val_auroc=0.9570  val_f1=0.7605  lr=6.96e-06
Running Validation...
Ep 433/500  loss=0.0021  tr_acc=0.9998  val_acc=0.8485  val_auroc=0.9532  val_f1=0.7452  lr=6.76e-06
Running Validation...
Ep 434/500  loss=0.0006  tr_acc=0.9998  val_acc=0.8544  val_auroc=0.9566  val_f1=0.7544  lr=6.57e-06
Running Validation...
Ep 435/500  loss=0.0002  tr_acc=0.9999  val_acc=0.8597  val_auroc=0.9590  val_f1=0.7653  lr=6.38e-06
Running Validation...
Ep 436/500  loss=0.0010  tr_acc=0.9997  val_acc=0.8603  val_auroc=0.9588  val_f1=0.7642  lr=6.18e-06
Running Validation...
Ep 437/500  loss=0.0002  tr_acc=0.9999  val_acc=0.8587  val_auroc=0.9590  val_f1=0.7638  lr=6.00e-06
Running Validation...
Ep 438/500  loss=0.0002  tr_acc=0.9999  val_acc=0.8608  val_auroc=0.9574  val_f1=0.7691  lr=5.81e-06
Running Validation...
Ep 439/500  loss=0.0013  tr_acc=0.9997  val_acc=0.8539  val_auroc=0.9566  val_f1=0.7543  lr=5.63e-06
Running Validation...
Ep 440/500  loss=0.0001  tr_acc=1.0000  val_acc=0.8571  val_auroc=0.9571  val_f1=0.7576  lr=5.45e-06
Running Validation...
Ep 441/500  loss=0.0000  tr_acc=1.0000  val_acc=0.8608  val_auroc=0.9564  val_f1=0.7663  lr=5.27e-06
Running Validation...
Ep 442/500  loss=0.0004  tr_acc=0.9999  val_acc=0.8613  val_auroc=0.9589  val_f1=0.7685  lr=5.10e-06
Running Validation...
Ep 443/500  loss=0.0005  tr_acc=0.9998  val_acc=0.8619  val_auroc=0.9595  val_f1=0.7669  lr=4.93e-06
Running Validation...
Ep 444/500  loss=0.0003  tr_acc=0.9999  val_acc=0.8624  val_auroc=0.9587  val_f1=0.7691  lr=4.76e-06
Running Validation...
Ep 445/500  loss=0.0008  tr_acc=0.9995  val_acc=0.8560  val_auroc=0.9574  val_f1=0.7591  lr=4.59e-06
Running Validation...
Ep 446/500  loss=0.0000  tr_acc=1.0000  val_acc=0.8597  val_auroc=0.9582  val_f1=0.7642  lr=4.43e-06
Running Validation...
Ep 447/500  loss=0.0001  tr_acc=1.0000  val_acc=0.8571  val_auroc=0.9579  val_f1=0.7641  lr=4.27e-06
Running Validation...
Ep 448/500  loss=0.0001  tr_acc=1.0000  val_acc=0.8597  val_auroc=0.9575  val_f1=0.7666  lr=4.11e-06
Running Validation...
Ep 449/500  loss=0.0001  tr_acc=1.0000  val_acc=0.8581  val_auroc=0.9567  val_f1=0.7656  lr=3.96e-06
Running Validation...
Ep 450/500  loss=0.0005  tr_acc=0.9998  val_acc=0.8555  val_auroc=0.9557  val_f1=0.7634  lr=3.81e-06
Running Validation...
Ep 451/500  loss=0.0001  tr_acc=1.0000  val_acc=0.8581  val_auroc=0.9599  val_f1=0.7648  lr=3.66e-06
Running Validation...
Ep 452/500  loss=0.0007  tr_acc=0.9998  val_acc=0.8533  val_auroc=0.9526  val_f1=0.7590  lr=3.51e-06
Running Validation...
Ep 453/500  loss=0.0001  tr_acc=1.0000  val_acc=0.8544  val_auroc=0.9575  val_f1=0.7565  lr=3.37e-06
Running Validation...
Ep 454/500  loss=0.0002  tr_acc=0.9999  val_acc=0.8629  val_auroc=0.9607  val_f1=0.7723  lr=3.23e-06
Running Validation...
Ep 455/500  loss=0.0006  tr_acc=0.9997  val_acc=0.8587  val_auroc=0.9582  val_f1=0.7640  lr=3.09e-06
Running Validation...
Ep 456/500  loss=0.0002  tr_acc=0.9999  val_acc=0.8597  val_auroc=0.9581  val_f1=0.7682  lr=2.96e-06
Running Validation...
Ep 457/500  loss=0.0006  tr_acc=0.9998  val_acc=0.8651  val_auroc=0.9606  val_f1=0.7749  lr=2.82e-06
Running Validation...
Ep 458/500  loss=0.0001  tr_acc=0.9999  val_acc=0.8597  val_auroc=0.9588  val_f1=0.7676  lr=2.70e-06
Running Validation...
Ep 459/500  loss=0.0008  tr_acc=0.9999  val_acc=0.8565  val_auroc=0.9584  val_f1=0.7605  lr=2.57e-06
Running Validation...
Ep 460/500  loss=0.0002  tr_acc=0.9998  val_acc=0.8619  val_auroc=0.9603  val_f1=0.7729  lr=2.45e-06
Running Validation...
Ep 461/500  loss=0.0001  tr_acc=0.9999  val_acc=0.8624  val_auroc=0.9597  val_f1=0.7722  lr=2.33e-06
Running Validation...
Ep 462/500  loss=0.0001  tr_acc=0.9999  val_acc=0.8661  val_auroc=0.9593  val_f1=0.7772  lr=2.21e-06
Running Validation...
Ep 463/500  loss=0.0001  tr_acc=1.0000  val_acc=0.8608  val_auroc=0.9595  val_f1=0.7679  lr=2.10e-06
Running Validation...
Ep 464/500  loss=0.0000  tr_acc=1.0000  val_acc=0.8581  val_auroc=0.9571  val_f1=0.7644  lr=1.99e-06
Running Validation...
Ep 465/500  loss=0.0006  tr_acc=0.9998  val_acc=0.8571  val_auroc=0.9575  val_f1=0.7660  lr=1.88e-06
Running Validation...
Ep 466/500  loss=0.0000  tr_acc=1.0000  val_acc=0.8528  val_auroc=0.9578  val_f1=0.7554  lr=1.77e-06
Running Validation...
Ep 467/500  loss=0.0001  tr_acc=1.0000  val_acc=0.8624  val_auroc=0.9574  val_f1=0.7709  lr=1.67e-06
Running Validation...
Ep 468/500  loss=0.0000  tr_acc=1.0000  val_acc=0.8603  val_auroc=0.9588  val_f1=0.7682  lr=1.57e-06
Running Validation...
Ep 469/500  loss=0.0000  tr_acc=1.0000  val_acc=0.8539  val_auroc=0.9555  val_f1=0.7533  lr=1.47e-06
Running Validation...
Ep 470/500  loss=0.0001  tr_acc=1.0000  val_acc=0.8576  val_auroc=0.9580  val_f1=0.7663  lr=1.38e-06
Running Validation...
Ep 471/500  loss=0.0002  tr_acc=0.9999  val_acc=0.8608  val_auroc=0.9559  val_f1=0.7710  lr=1.29e-06
Running Validation...
Ep 472/500  loss=0.0003  tr_acc=0.9999  val_acc=0.8640  val_auroc=0.9597  val_f1=0.7698  lr=1.20e-06
Running Validation...
Ep 473/500  loss=0.0003  tr_acc=0.9999  val_acc=0.8555  val_auroc=0.9571  val_f1=0.7621  lr=1.12e-06
Running Validation...
Ep 474/500  loss=0.0002  tr_acc=0.9999  val_acc=0.8587  val_auroc=0.9576  val_f1=0.7650  lr=1.04e-06
Running Validation...
Ep 475/500  loss=0.0007  tr_acc=0.9998  val_acc=0.8581  val_auroc=0.9571  val_f1=0.7639  lr=1.00e-06
Running Validation...
Ep 476/500  loss=0.0006  tr_acc=0.9998  val_acc=0.8560  val_auroc=0.9566  val_f1=0.7604  lr=1.00e-06
Running Validation...
Ep 477/500  loss=0.0000  tr_acc=1.0000  val_acc=0.8629  val_auroc=0.9602  val_f1=0.7703  lr=1.00e-06
Running Validation...
Ep 478/500  loss=0.0000  tr_acc=1.0000  val_acc=0.8581  val_auroc=0.9568  val_f1=0.7627  lr=1.00e-06
Running Validation...
Ep 479/500  loss=0.0001  tr_acc=1.0000  val_acc=0.8565  val_auroc=0.9559  val_f1=0.7593  lr=1.00e-06
Running Validation...
Ep 480/500  loss=0.0007  tr_acc=0.9998  val_acc=0.8533  val_auroc=0.9571  val_f1=0.7539  lr=1.00e-06
Running Validation...
Ep 481/500  loss=0.0000  tr_acc=1.0000  val_acc=0.8544  val_auroc=0.9560  val_f1=0.7622  lr=1.00e-06
Running Validation...
Ep 482/500  loss=0.0002  tr_acc=0.9999  val_acc=0.8555  val_auroc=0.9586  val_f1=0.7576  lr=1.00e-06
Running Validation...
Ep 483/500  loss=0.0005  tr_acc=0.9998  val_acc=0.8544  val_auroc=0.9572  val_f1=0.7577  lr=1.00e-06
Running Validation...
Ep 484/500  loss=0.0006  tr_acc=0.9999  val_acc=0.8587  val_auroc=0.9568  val_f1=0.7675  lr=1.00e-06
Running Validation...
Ep 485/500  loss=0.0002  tr_acc=0.9999  val_acc=0.8603  val_auroc=0.9594  val_f1=0.7706  lr=1.00e-06
Running Validation...
Ep 486/500  loss=0.0003  tr_acc=0.9999  val_acc=0.8576  val_auroc=0.9582  val_f1=0.7628  lr=1.00e-06
Running Validation...
Ep 487/500  loss=0.0000  tr_acc=1.0000  val_acc=0.8581  val_auroc=0.9573  val_f1=0.7681  lr=1.00e-06
Running Validation...
Ep 488/500  loss=0.0001  tr_acc=1.0000  val_acc=0.8635  val_auroc=0.9596  val_f1=0.7764  lr=1.00e-06
Running Validation...
Ep 489/500  loss=0.0002  tr_acc=0.9999  val_acc=0.8571  val_auroc=0.9591  val_f1=0.7596  lr=1.00e-06
Running Validation...
Ep 490/500  loss=0.0006  tr_acc=0.9998  val_acc=0.8571  val_auroc=0.9593  val_f1=0.7628  lr=1.00e-06
Running Validation...
Ep 491/500  loss=0.0000  tr_acc=1.0000  val_acc=0.8656  val_auroc=0.9609  val_f1=0.7752  lr=1.00e-06
Running Validation...
Ep 492/500  loss=0.0000  tr_acc=1.0000  val_acc=0.8560  val_auroc=0.9562  val_f1=0.7611  lr=1.00e-06
Running Validation...
Ep 493/500  loss=0.0011  tr_acc=0.9997  val_acc=0.8624  val_auroc=0.9589  val_f1=0.7726  lr=1.00e-06
Running Validation...
Ep 494/500  loss=0.0011  tr_acc=0.9999  val_acc=0.8549  val_auroc=0.9564  val_f1=0.7579  lr=1.00e-06
Running Validation...
Ep 495/500  loss=0.0009  tr_acc=0.9998  val_acc=0.8512  val_auroc=0.9525  val_f1=0.7530  lr=1.00e-06
Running Validation...
Ep 496/500  loss=0.0001  tr_acc=1.0000  val_acc=0.8619  val_auroc=0.9603  val_f1=0.7675  lr=1.00e-06
Running Validation...
Ep 497/500  loss=0.0001  tr_acc=1.0000  val_acc=0.8581  val_auroc=0.9584  val_f1=0.7657  lr=1.00e-06
Running Validation...
Ep 498/500  loss=0.0003  tr_acc=0.9999  val_acc=0.8544  val_auroc=0.9540  val_f1=0.7618  lr=1.00e-06
Running Validation...
Ep 499/500  loss=0.0000  tr_acc=1.0000  val_acc=0.8603  val_auroc=0.9583  val_f1=0.7692  lr=1.00e-06
Running Validation...
Ep 500/500  loss=0.0002  tr_acc=0.9999  val_acc=0.8645  val_auroc=0.9600  val_f1=0.7770  lr=1.00e-06
Training complete. Best AUROC: 0.9615, Best F1: 0.7819
Loaded best model from best_f1_model.pt (epoch 276)
Running Validation (final)...
Running Test...

Evaluating on derm7pt
Running Cross-eval: derm7pt...

Evaluating on padufes20
Running Cross-eval: padufes20...

Evaluating on isic2019
Running Cross-eval: isic2019...

Cross-dataset summary:
            accuracy  precision    recall  ...       EOM       PQD       DPM
derm7pt    0.523590   0.300502  0.326835  ...  0.347619  0.606667  0.150000
padufes20  0.479399   0.429793  0.535950  ...  0.326754  0.435897  0.362911
isic2019   0.727342   0.530790  0.498100  ...       NaN       NaN       NaN

[3 rows x 10 columns]

All results saved to outputs/results_ATRB_resnet18
Checkpoints saved to outputs/checkpoints_ATRB_resnet18
=========================================
Finished: Tue May 26 06:22:06 AM CEST 2026
Exit code: 0

[DONE] Training completed successfully.
Outputs:
  Checkpoints → process_ATRB_resnet18/outputs/checkpoints/
  Results     → process_ATRB_resnet18/outputs/results/
  CSVs        → process_ATRB_resnet18/outputs/csvs/
