=========================================
Job:       train_patchalign_vit  (449205)
Node:      bigpu01
Started:   Wed Jun 24 06:47:14 PM CEST 2026
=========================================
[INFO] No HF token found at /users/jlacmou/.hf_token — downloads may be slow.
[INFO] No kaggle.json found in 20260623-process. Relying on ~/.kaggle/ or env vars.
[SETUP] Installing / verifying Python dependencies...

── GPU info ──────────────────────────────
Tesla V100-PCIE-32GB, 32768 MiB, 575.57.08
PyTorch : 2.12.1+cu126
CUDA    : 12.6
Devices : 1
GPU 0   : Tesla V100-PCIE-32GB
VRAM    : 34.1 GB
──────────────────────────────────────────

[CHECK] Validating dataset roots...
  [OK]      20260623-process/data/datasets/asosenge/hibaskinlesionsdataset-main
  [OK]      20260623-process/data/datasets/asosenge/fitzpatrick17k
  [OK]      20260623-process/data/datasets/asosenge/derm7pt
  [OK]      20260623-process/data/datasets/mahdavi1202/skin-cancer
  [OK]      20260623-process/data/datasets/sengenjih/isic2019

[CONVERT] Converting notebook to Python script...
[PATCH] Redirecting Kaggle paths → cluster paths...
  DATA_ROOT  → 20260623-process/data/datasets
  WORK_ROOT  → 20260623-process/outputs_patchalign_vit
  BB_CACHE   → 20260623-process/backbone_cache
  Patch applied successfully.

[RUN] Starting training — Wed Jun 24 06:47:32 PM CEST 2026
=========================================
Device: cuda
CSV dir      : outputs_patchalign_vit/csvs
Checkpoints  : outputs_patchalign_vit/checkpoints_PatchAlign_vit
Results      : outputs_patchalign_vit/results_PatchAlign_vit
Image roots:
  hiba           : 20260623-process/data/datasets/asosenge/hibaskinlesionsdataset-main/HIBASkinLesionsDataset-main/images
  fitzpatrick17k : 20260623-process/data/datasets/asosenge/fitzpatrick17k/fitzpatrick17k/data/finalfitz17k
  derm7pt        : 20260623-process/data/datasets/asosenge/derm7pt/release_v0/images
  padufes20      : 20260623-process/data/datasets/mahdavi1202/skin-cancer
  isic2019       : 20260623-process/data/datasets/sengenjih/isic2019
Loaded full embedding matrix: (115, 768)
Selected embeddings: (4, 768)
[INFO] Built image map for hiba: 1616 entries
[INFO] Built image map for fitzpatrick17k: 16577 entries
[INFO] Built image map for derm7pt: 2013 entries
[INFO] Built image map for padufes20: 2298 entries
[INFO] Built image map for isic2019: 33569 entries
[INFO] paired_train: loaded 738 ID-matched pairs from split clin/derm CSVs
[INFO] paired_val: loaded 106 ID-matched pairs from split clin/derm CSVs
[INFO] paired_test: loaded 211 ID-matched pairs from split clin/derm CSVs
[INFO] Loaded fitzpatrick17k eval set: 1727 samples
[INFO] Loaded padufes20 eval set: 1141 samples
[INFO] Loaded isic2019 eval set: 25517 samples
Train batches: 41, Val batches: 6
Test batches: 33
Cross-eval loaders: ['fitzpatrick17k', 'padufes20', 'isic2019']
Running Validation...
Ep   1/500  loss=4.9955  (cls=1.996 conf=1.869 skin=1.977 got=0.087)  tr_acc=0.3262  val_acc=0.5185  val_auroc=0.5622  val_f1=0.3515  lr=1.20e-06
Running Validation...
Ep   2/500  loss=4.5085  (cls=1.529 conf=1.865 skin=1.964 got=0.083)  tr_acc=0.3674  val_acc=0.4815  val_auroc=0.6661  val_f1=0.4028  lr=1.80e-06
Running Validation...
Ep   3/500  loss=4.1870  (cls=1.266 conf=1.859 skin=1.917 got=0.075)  tr_acc=0.4405  val_acc=0.5820  val_auroc=0.7628  val_f1=0.5332  lr=2.40e-06
Running Validation...
Ep   4/500  loss=3.9525  (cls=1.060 conf=1.850 skin=1.903 got=0.064)  tr_acc=0.5252  val_acc=0.6720  val_auroc=0.8187  val_f1=0.6216  lr=3.00e-06
Running Validation...
Ep   5/500  loss=3.6963  (cls=0.844 conf=1.846 skin=1.877 got=0.053)  tr_acc=0.6433  val_acc=0.6931  val_auroc=0.8417  val_f1=0.6562  lr=3.60e-06
Running Validation...
Ep   6/500  loss=3.5453  (cls=0.726 conf=1.844 skin=1.854 got=0.044)  tr_acc=0.6966  val_acc=0.7566  val_auroc=0.8685  val_f1=0.7087  lr=4.20e-06
Running Validation...
Ep   7/500  loss=3.4167  (cls=0.621 conf=1.841 skin=1.842 got=0.034)  tr_acc=0.7454  val_acc=0.7619  val_auroc=0.8928  val_f1=0.7270  lr=4.80e-06
Running Validation...
Ep   8/500  loss=3.3018  (cls=0.523 conf=1.837 skin=1.833 got=0.027)  tr_acc=0.7858  val_acc=0.7831  val_auroc=0.8987  val_f1=0.7372  lr=5.40e-06
Running Validation...
Ep   9/500  loss=3.2991  (cls=0.510 conf=1.834 skin=1.849 got=0.023)  tr_acc=0.7957  val_acc=0.7937  val_auroc=0.9071  val_f1=0.7683  lr=6.00e-06
Running Validation...
Ep  10/500  loss=3.2045  (cls=0.441 conf=1.831 skin=1.827 got=0.021)  tr_acc=0.8285  val_acc=0.7989  val_auroc=0.9168  val_f1=0.7515  lr=6.60e-06
Running Validation...
Ep  11/500  loss=3.1981  (cls=0.437 conf=1.829 skin=1.827 got=0.019)  tr_acc=0.8255  val_acc=0.8307  val_auroc=0.9186  val_f1=0.7845  lr=7.20e-06
Running Validation...
Ep  12/500  loss=3.1308  (cls=0.380 conf=1.826 skin=1.820 got=0.017)  tr_acc=0.8498  val_acc=0.8360  val_auroc=0.9278  val_f1=0.7955  lr=7.80e-06
Running Validation...
Ep  13/500  loss=3.0723  (cls=0.325 conf=1.824 skin=1.818 got=0.016)  tr_acc=0.8704  val_acc=0.8624  val_auroc=0.9392  val_f1=0.8179  lr=8.40e-06
Running Validation...
Ep  14/500  loss=3.0329  (cls=0.283 conf=1.823 skin=1.823 got=0.015)  tr_acc=0.8872  val_acc=0.8360  val_auroc=0.9298  val_f1=0.7967  lr=9.00e-06
Running Validation...
Ep  15/500  loss=3.0467  (cls=0.296 conf=1.821 skin=1.826 got=0.015)  tr_acc=0.8826  val_acc=0.8413  val_auroc=0.9375  val_f1=0.8184  lr=9.60e-06
[INFO] Pruned old checkpoint: checkpoint_ep005.pt
Running Validation...
Ep  16/500  loss=2.9502  (cls=0.211 conf=1.819 skin=1.816 got=0.014)  tr_acc=0.9200  val_acc=0.8519  val_auroc=0.9410  val_f1=0.8141  lr=1.02e-05
Running Validation...
Ep  17/500  loss=2.9334  (cls=0.189 conf=1.818 skin=1.822 got=0.014)  tr_acc=0.9291  val_acc=0.8360  val_auroc=0.9339  val_f1=0.7976  lr=1.08e-05
Running Validation...
Ep  18/500  loss=2.9013  (cls=0.170 conf=1.815 skin=1.810 got=0.014)  tr_acc=0.9405  val_acc=0.8519  val_auroc=0.9475  val_f1=0.8038  lr=1.14e-05
Running Validation...
Ep  19/500  loss=2.8762  (cls=0.136 conf=1.813 skin=1.821 got=0.012)  tr_acc=0.9482  val_acc=0.8624  val_auroc=0.9393  val_f1=0.8195  lr=1.20e-05
Running Validation...
Ep  20/500  loss=2.8820  (cls=0.152 conf=1.812 skin=1.813 got=0.012)  tr_acc=0.9489  val_acc=0.8677  val_auroc=0.9436  val_f1=0.8216  lr=1.26e-05
[INFO] Pruned old checkpoint: checkpoint_ep010.pt
Running Validation...
Ep  21/500  loss=2.8477  (cls=0.117 conf=1.810 skin=1.814 got=0.011)  tr_acc=0.9566  val_acc=0.8519  val_auroc=0.9495  val_f1=0.8003  lr=1.32e-05
Running Validation...
Ep  22/500  loss=2.8162  (cls=0.097 conf=1.808 skin=1.805 got=0.011)  tr_acc=0.9649  val_acc=0.8783  val_auroc=0.9558  val_f1=0.8414  lr=1.38e-05
Running Validation...
Ep  23/500  loss=2.7978  (cls=0.081 conf=1.807 skin=1.802 got=0.011)  tr_acc=0.9733  val_acc=0.8730  val_auroc=0.9527  val_f1=0.8370  lr=1.44e-05
Running Validation...
Ep  24/500  loss=2.7883  (cls=0.073 conf=1.805 skin=1.803 got=0.010)  tr_acc=0.9787  val_acc=0.8624  val_auroc=0.9425  val_f1=0.8199  lr=1.50e-05
Running Validation...
Ep  25/500  loss=2.7925  (cls=0.069 conf=1.803 skin=1.812 got=0.009)  tr_acc=0.9787  val_acc=0.8571  val_auroc=0.9504  val_f1=0.8129  lr=1.56e-05
[INFO] Pruned old checkpoint: checkpoint_ep015.pt
Running Validation...
Ep  26/500  loss=2.7825  (cls=0.064 conf=1.803 skin=1.808 got=0.009)  tr_acc=0.9771  val_acc=0.8519  val_auroc=0.9428  val_f1=0.8133  lr=1.62e-05
Running Validation...
Ep  27/500  loss=2.7735  (cls=0.052 conf=1.801 skin=1.813 got=0.008)  tr_acc=0.9840  val_acc=0.8571  val_auroc=0.9475  val_f1=0.8242  lr=1.68e-05
Running Validation...
Ep  28/500  loss=2.7699  (cls=0.066 conf=1.799 skin=1.797 got=0.008)  tr_acc=0.9787  val_acc=0.8413  val_auroc=0.9547  val_f1=0.8074  lr=1.74e-05
Running Validation...
Ep  29/500  loss=2.7379  (cls=0.033 conf=1.798 skin=1.798 got=0.007)  tr_acc=0.9870  val_acc=0.8307  val_auroc=0.9474  val_f1=0.7900  lr=1.80e-05
Running Validation...
Ep  30/500  loss=2.7715  (cls=0.059 conf=1.797 skin=1.807 got=0.007)  tr_acc=0.9840  val_acc=0.8307  val_auroc=0.9492  val_f1=0.7803  lr=1.86e-05
[INFO] Pruned old checkpoint: checkpoint_ep020.pt
Running Validation...
Ep  31/500  loss=2.7297  (cls=0.028 conf=1.796 skin=1.797 got=0.006)  tr_acc=0.9886  val_acc=0.7989  val_auroc=0.9463  val_f1=0.7531  lr=1.92e-05
Running Validation...
Ep  32/500  loss=2.7343  (cls=0.033 conf=1.796 skin=1.797 got=0.006)  tr_acc=0.9893  val_acc=0.8360  val_auroc=0.9453  val_f1=0.7917  lr=1.98e-05
Running Validation...
Ep  33/500  loss=2.7271  (cls=0.025 conf=1.795 skin=1.798 got=0.006)  tr_acc=0.9893  val_acc=0.8466  val_auroc=0.9599  val_f1=0.7936  lr=2.04e-05
Running Validation...
Ep  34/500  loss=2.7288  (cls=0.028 conf=1.795 skin=1.797 got=0.006)  tr_acc=0.9886  val_acc=0.8677  val_auroc=0.9510  val_f1=0.8245  lr=2.10e-05
Running Validation...
Ep  35/500  loss=2.7204  (cls=0.023 conf=1.795 skin=1.795 got=0.005)  tr_acc=0.9916  val_acc=0.8730  val_auroc=0.9629  val_f1=0.8459  lr=2.16e-05
[INFO] Pruned old checkpoint: checkpoint_ep025.pt
Running Validation...
Ep  36/500  loss=2.7210  (cls=0.020 conf=1.794 skin=1.799 got=0.005)  tr_acc=0.9947  val_acc=0.8571  val_auroc=0.9481  val_f1=0.8126  lr=2.22e-05
Running Validation...
Ep  37/500  loss=2.7327  (cls=0.032 conf=1.794 skin=1.798 got=0.005)  tr_acc=0.9886  val_acc=0.8571  val_auroc=0.9573  val_f1=0.8160  lr=2.28e-05
Running Validation...
Ep  38/500  loss=2.7087  (cls=0.015 conf=1.794 skin=1.792 got=0.005)  tr_acc=0.9931  val_acc=0.8783  val_auroc=0.9470  val_f1=0.8362  lr=2.34e-05
Running Validation...
Ep  39/500  loss=2.7080  (cls=0.011 conf=1.793 skin=1.795 got=0.005)  tr_acc=0.9962  val_acc=0.8466  val_auroc=0.9512  val_f1=0.7986  lr=2.40e-05
Running Validation...
Ep  40/500  loss=2.7106  (cls=0.016 conf=1.793 skin=1.793 got=0.005)  tr_acc=0.9916  val_acc=0.8360  val_auroc=0.9297  val_f1=0.7754  lr=2.46e-05
[INFO] Pruned old checkpoint: checkpoint_ep030.pt
Running Validation...
Ep  41/500  loss=nan  (cls=0.064 conf=1.793 skin=1.794 got=nan)  tr_acc=0.9741  val_acc=0.8571  val_auroc=0.9422  val_f1=0.8029  lr=2.52e-05
Running Validation...
Ep  42/500  loss=nan  (cls=0.016 conf=1.793 skin=1.795 got=nan)  tr_acc=0.9939  val_acc=0.8360  val_auroc=0.9427  val_f1=0.7809  lr=2.58e-05
Running Validation...
Ep  43/500  loss=nan  (cls=0.029 conf=1.793 skin=1.795 got=nan)  tr_acc=0.9931  val_acc=0.8360  val_auroc=0.9427  val_f1=0.7809  lr=2.64e-05
Running Validation...
Ep  44/500  loss=nan  (cls=0.016 conf=1.793 skin=1.796 got=nan)  tr_acc=0.9931  val_acc=0.8360  val_auroc=0.9427  val_f1=0.7809  lr=2.70e-05
Running Validation...
Ep  45/500  loss=nan  (cls=0.040 conf=1.793 skin=1.797 got=nan)  tr_acc=0.9878  val_acc=0.8360  val_auroc=0.9427  val_f1=0.7809  lr=2.76e-05
[INFO] Pruned old checkpoint: checkpoint_ep035.pt
Running Validation...
Ep  46/500  loss=nan  (cls=0.015 conf=1.793 skin=1.794 got=nan)  tr_acc=0.9939  val_acc=0.8360  val_auroc=0.9427  val_f1=0.7809  lr=2.82e-05
Running Validation...
Ep  47/500  loss=nan  (cls=0.022 conf=1.793 skin=1.795 got=nan)  tr_acc=0.9909  val_acc=0.8360  val_auroc=0.9427  val_f1=0.7809  lr=2.88e-05
Running Validation...
Ep  48/500  loss=nan  (cls=0.034 conf=1.793 skin=1.797 got=nan)  tr_acc=0.9878  val_acc=0.8360  val_auroc=0.9427  val_f1=0.7809  lr=2.94e-05
Running Validation...
Ep  49/500  loss=nan  (cls=0.023 conf=1.793 skin=1.798 got=nan)  tr_acc=0.9924  val_acc=0.8360  val_auroc=0.9427  val_f1=0.7809  lr=3.00e-05
Running Validation...
Ep  50/500  loss=nan  (cls=0.018 conf=1.793 skin=1.797 got=nan)  tr_acc=0.9931  val_acc=0.8360  val_auroc=0.9427  val_f1=0.7809  lr=3.00e-05
[INFO] Pruned old checkpoint: checkpoint_ep040.pt
Running Validation...
Ep  51/500  loss=nan  (cls=0.025 conf=1.793 skin=1.799 got=nan)  tr_acc=0.9939  val_acc=0.8360  val_auroc=0.9427  val_f1=0.7809  lr=3.00e-05
Running Validation...
Ep  52/500  loss=nan  (cls=0.025 conf=1.793 skin=1.798 got=nan)  tr_acc=0.9931  val_acc=0.8360  val_auroc=0.9427  val_f1=0.7809  lr=3.00e-05
Running Validation...
Ep  53/500  loss=nan  (cls=0.026 conf=1.793 skin=1.798 got=nan)  tr_acc=0.9947  val_acc=0.8360  val_auroc=0.9427  val_f1=0.7809  lr=3.00e-05
Running Validation...
Ep  54/500  loss=nan  (cls=0.015 conf=1.793 skin=1.797 got=nan)  tr_acc=0.9970  val_acc=0.8360  val_auroc=0.9427  val_f1=0.7809  lr=3.00e-05
Running Validation...
Ep  55/500  loss=nan  (cls=0.032 conf=1.793 skin=1.796 got=nan)  tr_acc=0.9916  val_acc=0.8360  val_auroc=0.9427  val_f1=0.7809  lr=3.00e-05
[INFO] Pruned old checkpoint: checkpoint_ep045.pt
Running Validation...
Ep  56/500  loss=nan  (cls=0.036 conf=1.793 skin=1.796 got=nan)  tr_acc=0.9893  val_acc=0.8360  val_auroc=0.9427  val_f1=0.7809  lr=3.00e-05
Running Validation...
Ep  57/500  loss=nan  (cls=0.045 conf=1.793 skin=1.797 got=nan)  tr_acc=0.9855  val_acc=0.8360  val_auroc=0.9427  val_f1=0.7809  lr=3.00e-05
Running Validation...
Ep  58/500  loss=nan  (cls=0.024 conf=1.793 skin=1.796 got=nan)  tr_acc=0.9931  val_acc=0.8360  val_auroc=0.9427  val_f1=0.7809  lr=3.00e-05
Running Validation...
Ep  59/500  loss=nan  (cls=0.026 conf=1.793 skin=1.794 got=nan)  tr_acc=0.9931  val_acc=0.8360  val_auroc=0.9427  val_f1=0.7809  lr=3.00e-05
Running Validation...
Ep  60/500  loss=nan  (cls=0.045 conf=1.793 skin=1.798 got=nan)  tr_acc=0.9870  val_acc=0.8360  val_auroc=0.9427  val_f1=0.7809  lr=3.00e-05
[INFO] Pruned old checkpoint: checkpoint_ep050.pt
Running Validation...
Ep  61/500  loss=nan  (cls=0.036 conf=1.793 skin=1.800 got=nan)  tr_acc=0.9909  val_acc=0.8360  val_auroc=0.9427  val_f1=0.7809  lr=3.00e-05
Running Validation...
Ep  62/500  loss=nan  (cls=0.029 conf=1.793 skin=1.794 got=nan)  tr_acc=0.9916  val_acc=0.8360  val_auroc=0.9427  val_f1=0.7809  lr=2.99e-05
Running Validation...
Ep  63/500  loss=nan  (cls=0.024 conf=1.793 skin=1.796 got=nan)  tr_acc=0.9947  val_acc=0.8360  val_auroc=0.9427  val_f1=0.7809  lr=2.99e-05
Running Validation...
Ep  64/500  loss=nan  (cls=0.030 conf=1.793 skin=1.798 got=nan)  tr_acc=0.9916  val_acc=0.8360  val_auroc=0.9427  val_f1=0.7809  lr=2.99e-05
Running Validation...
Ep  65/500  loss=nan  (cls=0.027 conf=1.793 skin=1.795 got=nan)  tr_acc=0.9893  val_acc=0.8360  val_auroc=0.9427  val_f1=0.7809  lr=2.99e-05
[INFO] Pruned old checkpoint: checkpoint_ep055.pt
Running Validation...
Ep  66/500  loss=nan  (cls=0.026 conf=1.793 skin=1.796 got=nan)  tr_acc=0.9901  val_acc=0.8360  val_auroc=0.9427  val_f1=0.7809  lr=2.99e-05
Running Validation...
Ep  67/500  loss=nan  (cls=0.022 conf=1.793 skin=1.797 got=nan)  tr_acc=0.9931  val_acc=0.8360  val_auroc=0.9427  val_f1=0.7809  lr=2.99e-05
Running Validation...
Ep  68/500  loss=nan  (cls=0.021 conf=1.793 skin=1.795 got=nan)  tr_acc=0.9931  val_acc=0.8360  val_auroc=0.9427  val_f1=0.7809  lr=2.99e-05
Running Validation...
Ep  69/500  loss=nan  (cls=0.025 conf=1.793 skin=1.799 got=nan)  tr_acc=0.9901  val_acc=0.8360  val_auroc=0.9427  val_f1=0.7809  lr=2.99e-05
Running Validation...
Ep  70/500  loss=nan  (cls=0.037 conf=1.793 skin=1.797 got=nan)  tr_acc=0.9870  val_acc=0.8360  val_auroc=0.9427  val_f1=0.7809  lr=2.99e-05
[INFO] Pruned old checkpoint: checkpoint_ep060.pt
Running Validation...
Ep  71/500  loss=nan  (cls=0.020 conf=1.793 skin=1.797 got=nan)  tr_acc=0.9931  val_acc=0.8360  val_auroc=0.9427  val_f1=0.7809  lr=2.98e-05
Running Validation...
Ep  72/500  loss=nan  (cls=0.037 conf=1.793 skin=1.796 got=nan)  tr_acc=0.9901  val_acc=0.8360  val_auroc=0.9427  val_f1=0.7809  lr=2.98e-05
Running Validation...
Ep  73/500  loss=nan  (cls=nan conf=nan skin=nan got=nan)  tr_acc=0.9726  val_acc=0.2487  val_auroc=nan  val_f1=0.1328  lr=2.98e-05
Running Validation...
Ep  74/500  loss=nan  (cls=nan conf=nan skin=nan got=nan)  tr_acc=0.3117  val_acc=0.2487  val_auroc=nan  val_f1=0.1328  lr=2.98e-05
Running Validation...
Ep  75/500  loss=nan  (cls=nan conf=nan skin=nan got=nan)  tr_acc=0.3262  val_acc=0.2487  val_auroc=nan  val_f1=0.1328  lr=2.98e-05
[INFO] Pruned old checkpoint: checkpoint_ep065.pt
Running Validation...
Ep  76/500  loss=nan  (cls=nan conf=nan skin=nan got=nan)  tr_acc=0.3453  val_acc=0.2487  val_auroc=nan  val_f1=0.1328  lr=2.98e-05
Running Validation...
Ep  77/500  loss=nan  (cls=nan conf=nan skin=nan got=nan)  tr_acc=0.3323  val_acc=0.2487  val_auroc=nan  val_f1=0.1328  lr=2.97e-05
Running Validation...
Ep  78/500  loss=nan  (cls=nan conf=nan skin=nan got=nan)  tr_acc=0.3209  val_acc=0.2487  val_auroc=nan  val_f1=0.1328  lr=2.97e-05
Running Validation...
Ep  79/500  loss=nan  (cls=nan conf=nan skin=nan got=nan)  tr_acc=0.3521  val_acc=0.2487  val_auroc=nan  val_f1=0.1328  lr=2.97e-05
Running Validation...
Ep  80/500  loss=nan  (cls=nan conf=nan skin=nan got=nan)  tr_acc=0.3354  val_acc=0.2487  val_auroc=nan  val_f1=0.1328  lr=2.97e-05
[INFO] Pruned old checkpoint: checkpoint_ep070.pt
Running Validation...
Ep  81/500  loss=nan  (cls=nan conf=nan skin=nan got=nan)  tr_acc=0.3277  val_acc=0.2487  val_auroc=nan  val_f1=0.1328  lr=2.97e-05
Running Validation...
Ep  82/500  loss=nan  (cls=nan conf=nan skin=nan got=nan)  tr_acc=0.3460  val_acc=0.2487  val_auroc=nan  val_f1=0.1328  lr=2.96e-05
Running Validation...
Ep  83/500  loss=nan  (cls=nan conf=nan skin=nan got=nan)  tr_acc=0.3232  val_acc=0.2487  val_auroc=nan  val_f1=0.1328  lr=2.96e-05
Running Validation...
Ep  84/500  loss=nan  (cls=nan conf=nan skin=nan got=nan)  tr_acc=0.3300  val_acc=0.2487  val_auroc=nan  val_f1=0.1328  lr=2.96e-05
Running Validation...
Ep  85/500  loss=nan  (cls=nan conf=nan skin=nan got=nan)  tr_acc=0.3216  val_acc=0.2487  val_auroc=nan  val_f1=0.1328  lr=2.96e-05
[INFO] Pruned old checkpoint: checkpoint_ep075.pt
Running Validation...
Ep  86/500  loss=nan  (cls=nan conf=nan skin=nan got=nan)  tr_acc=0.3110  val_acc=0.2487  val_auroc=nan  val_f1=0.1328  lr=2.95e-05
Running Validation...
Ep  87/500  loss=nan  (cls=nan conf=nan skin=nan got=nan)  tr_acc=0.3399  val_acc=0.2487  val_auroc=nan  val_f1=0.1328  lr=2.95e-05
Running Validation...
Ep  88/500  loss=nan  (cls=nan conf=nan skin=nan got=nan)  tr_acc=0.3613  val_acc=0.2487  val_auroc=nan  val_f1=0.1328  lr=2.95e-05
Running Validation...
Ep  89/500  loss=nan  (cls=nan conf=nan skin=nan got=nan)  tr_acc=0.3155  val_acc=0.2487  val_auroc=nan  val_f1=0.1328  lr=2.94e-05
Running Validation...
Ep  90/500  loss=nan  (cls=nan conf=nan skin=nan got=nan)  tr_acc=0.3277  val_acc=0.2487  val_auroc=nan  val_f1=0.1328  lr=2.94e-05
[INFO] Pruned old checkpoint: checkpoint_ep080.pt
Running Validation...
Ep  91/500  loss=nan  (cls=nan conf=nan skin=nan got=nan)  tr_acc=0.3438  val_acc=0.2487  val_auroc=nan  val_f1=0.1328  lr=2.94e-05
Running Validation...
Ep  92/500  loss=nan  (cls=nan conf=nan skin=nan got=nan)  tr_acc=0.3506  val_acc=0.2487  val_auroc=nan  val_f1=0.1328  lr=2.94e-05
Running Validation...
Ep  93/500  loss=nan  (cls=nan conf=nan skin=nan got=nan)  tr_acc=0.3117  val_acc=0.2487  val_auroc=nan  val_f1=0.1328  lr=2.93e-05
Running Validation...
Ep  94/500  loss=nan  (cls=nan conf=nan skin=nan got=nan)  tr_acc=0.3422  val_acc=0.2487  val_auroc=nan  val_f1=0.1328  lr=2.93e-05
Running Validation...
Ep  95/500  loss=nan  (cls=nan conf=nan skin=nan got=nan)  tr_acc=0.3392  val_acc=0.2487  val_auroc=nan  val_f1=0.1328  lr=2.93e-05
[INFO] Pruned old checkpoint: checkpoint_ep085.pt
Running Validation...
Ep  96/500  loss=nan  (cls=nan conf=nan skin=nan got=nan)  tr_acc=0.3567  val_acc=0.2487  val_auroc=nan  val_f1=0.1328  lr=2.92e-05
Running Validation...
Ep  97/500  loss=nan  (cls=nan conf=nan skin=nan got=nan)  tr_acc=0.3110  val_acc=0.2487  val_auroc=nan  val_f1=0.1328  lr=2.92e-05
Running Validation...
Ep  98/500  loss=nan  (cls=nan conf=nan skin=nan got=nan)  tr_acc=0.3285  val_acc=0.2487  val_auroc=nan  val_f1=0.1328  lr=2.92e-05
Running Validation...
Ep  99/500  loss=nan  (cls=nan conf=nan skin=nan got=nan)  tr_acc=0.3194  val_acc=0.2487  val_auroc=nan  val_f1=0.1328  lr=2.91e-05
Running Validation...
Ep 100/500  loss=nan  (cls=nan conf=nan skin=nan got=nan)  tr_acc=0.3155  val_acc=0.2487  val_auroc=nan  val_f1=0.1328  lr=2.91e-05
[INFO] Pruned old checkpoint: checkpoint_ep090.pt
Running Validation...
Ep 101/500  loss=nan  (cls=nan conf=nan skin=nan got=nan)  tr_acc=0.3140  val_acc=0.2487  val_auroc=nan  val_f1=0.1328  lr=2.91e-05
Running Validation...
Ep 102/500  loss=nan  (cls=nan conf=nan skin=nan got=nan)  tr_acc=0.3659  val_acc=0.2487  val_auroc=nan  val_f1=0.1328  lr=2.90e-05
Running Validation...
Ep 103/500  loss=nan  (cls=nan conf=nan skin=nan got=nan)  tr_acc=0.3262  val_acc=0.2487  val_auroc=nan  val_f1=0.1328  lr=2.90e-05
Running Validation...
Ep 104/500  loss=nan  (cls=nan conf=nan skin=nan got=nan)  tr_acc=0.3369  val_acc=0.2487  val_auroc=nan  val_f1=0.1328  lr=2.89e-05
Running Validation...
Ep 105/500  loss=nan  (cls=nan conf=nan skin=nan got=nan)  tr_acc=0.3216  val_acc=0.2487  val_auroc=nan  val_f1=0.1328  lr=2.89e-05
[INFO] Pruned old checkpoint: checkpoint_ep095.pt
Running Validation...
Ep 106/500  loss=nan  (cls=nan conf=nan skin=nan got=nan)  tr_acc=0.3285  val_acc=0.2487  val_auroc=nan  val_f1=0.1328  lr=2.89e-05
Running Validation...
Ep 107/500  loss=nan  (cls=nan conf=nan skin=nan got=nan)  tr_acc=0.3239  val_acc=0.2487  val_auroc=nan  val_f1=0.1328  lr=2.88e-05
Running Validation...
Ep 108/500  loss=nan  (cls=nan conf=nan skin=nan got=nan)  tr_acc=0.3300  val_acc=0.2487  val_auroc=nan  val_f1=0.1328  lr=2.88e-05
Running Validation...
Ep 109/500  loss=nan  (cls=nan conf=nan skin=nan got=nan)  tr_acc=0.3293  val_acc=0.2487  val_auroc=nan  val_f1=0.1328  lr=2.87e-05
Running Validation...
Ep 110/500  loss=nan  (cls=nan conf=nan skin=nan got=nan)  tr_acc=0.3438  val_acc=0.2487  val_auroc=nan  val_f1=0.1328  lr=2.87e-05
[INFO] Pruned old checkpoint: checkpoint_ep100.pt
Running Validation...
Ep 111/500  loss=nan  (cls=nan conf=nan skin=nan got=nan)  tr_acc=0.3430  val_acc=0.2487  val_auroc=nan  val_f1=0.1328  lr=2.87e-05
Running Validation...
Ep 112/500  loss=nan  (cls=nan conf=nan skin=nan got=nan)  tr_acc=0.3399  val_acc=0.2487  val_auroc=nan  val_f1=0.1328  lr=2.86e-05
Running Validation...
Ep 113/500  loss=nan  (cls=nan conf=nan skin=nan got=nan)  tr_acc=0.3293  val_acc=0.2487  val_auroc=nan  val_f1=0.1328  lr=2.86e-05
Running Validation...
Ep 114/500  loss=nan  (cls=nan conf=nan skin=nan got=nan)  tr_acc=0.3415  val_acc=0.2487  val_auroc=nan  val_f1=0.1328  lr=2.85e-05
Running Validation...
Ep 115/500  loss=nan  (cls=nan conf=nan skin=nan got=nan)  tr_acc=0.3308  val_acc=0.2487  val_auroc=nan  val_f1=0.1328  lr=2.85e-05
[INFO] Pruned old checkpoint: checkpoint_ep105.pt
Running Validation...
Ep 116/500  loss=nan  (cls=nan conf=nan skin=nan got=nan)  tr_acc=0.3316  val_acc=0.2487  val_auroc=nan  val_f1=0.1328  lr=2.84e-05
Running Validation...
Ep 117/500  loss=nan  (cls=nan conf=nan skin=nan got=nan)  tr_acc=0.3369  val_acc=0.2487  val_auroc=nan  val_f1=0.1328  lr=2.84e-05
Running Validation...
Ep 118/500  loss=nan  (cls=nan conf=nan skin=nan got=nan)  tr_acc=0.3255  val_acc=0.2487  val_auroc=nan  val_f1=0.1328  lr=2.83e-05
Running Validation...
Ep 119/500  loss=nan  (cls=nan conf=nan skin=nan got=nan)  tr_acc=0.3529  val_acc=0.2487  val_auroc=nan  val_f1=0.1328  lr=2.83e-05
Running Validation...
Ep 120/500  loss=nan  (cls=nan conf=nan skin=nan got=nan)  tr_acc=0.3186  val_acc=0.2487  val_auroc=nan  val_f1=0.1328  lr=2.82e-05
[INFO] Pruned old checkpoint: checkpoint_ep110.pt
Running Validation...
Ep 121/500  loss=nan  (cls=nan conf=nan skin=nan got=nan)  tr_acc=0.3384  val_acc=0.2487  val_auroc=nan  val_f1=0.1328  lr=2.82e-05
Running Validation...
Ep 122/500  loss=nan  (cls=nan conf=nan skin=nan got=nan)  tr_acc=0.3521  val_acc=0.2487  val_auroc=nan  val_f1=0.1328  lr=2.81e-05
Running Validation...
Ep 123/500  loss=nan  (cls=nan conf=nan skin=nan got=nan)  tr_acc=0.3407  val_acc=0.2487  val_auroc=nan  val_f1=0.1328  lr=2.81e-05
Running Validation...
Ep 124/500  loss=nan  (cls=nan conf=nan skin=nan got=nan)  tr_acc=0.3407  val_acc=0.2487  val_auroc=nan  val_f1=0.1328  lr=2.80e-05
Running Validation...
Ep 125/500  loss=nan  (cls=nan conf=nan skin=nan got=nan)  tr_acc=0.3277  val_acc=0.2487  val_auroc=nan  val_f1=0.1328  lr=2.80e-05
[INFO] Pruned old checkpoint: checkpoint_ep115.pt
Running Validation...
Ep 126/500  loss=nan  (cls=nan conf=nan skin=nan got=nan)  tr_acc=0.3194  val_acc=0.2487  val_auroc=nan  val_f1=0.1328  lr=2.79e-05
Running Validation...
Ep 127/500  loss=nan  (cls=nan conf=nan skin=nan got=nan)  tr_acc=0.3392  val_acc=0.2487  val_auroc=nan  val_f1=0.1328  lr=2.79e-05
Running Validation...
Ep 128/500  loss=nan  (cls=nan conf=nan skin=nan got=nan)  tr_acc=0.3095  val_acc=0.2487  val_auroc=nan  val_f1=0.1328  lr=2.78e-05
Running Validation...
Ep 129/500  loss=nan  (cls=nan conf=nan skin=nan got=nan)  tr_acc=0.3300  val_acc=0.2487  val_auroc=nan  val_f1=0.1328  lr=2.78e-05
Running Validation...
Ep 130/500  loss=nan  (cls=nan conf=nan skin=nan got=nan)  tr_acc=0.3277  val_acc=0.2487  val_auroc=nan  val_f1=0.1328  lr=2.77e-05
[INFO] Pruned old checkpoint: checkpoint_ep120.pt
Running Validation...
Ep 131/500  loss=nan  (cls=nan conf=nan skin=nan got=nan)  tr_acc=0.3407  val_acc=0.2487  val_auroc=nan  val_f1=0.1328  lr=2.77e-05
Running Validation...
Ep 132/500  loss=nan  (cls=nan conf=nan skin=nan got=nan)  tr_acc=0.3262  val_acc=0.2487  val_auroc=nan  val_f1=0.1328  lr=2.76e-05
Running Validation...
Ep 133/500  loss=nan  (cls=nan conf=nan skin=nan got=nan)  tr_acc=0.3331  val_acc=0.2487  val_auroc=nan  val_f1=0.1328  lr=2.76e-05
Running Validation...
Ep 134/500  loss=nan  (cls=nan conf=nan skin=nan got=nan)  tr_acc=0.3453  val_acc=0.2487  val_auroc=nan  val_f1=0.1328  lr=2.75e-05
Running Validation...
Ep 135/500  loss=nan  (cls=nan conf=nan skin=nan got=nan)  tr_acc=0.3293  val_acc=0.2487  val_auroc=nan  val_f1=0.1328  lr=2.74e-05
[INFO] Pruned old checkpoint: checkpoint_ep125.pt
Running Validation...
Ep 136/500  loss=nan  (cls=nan conf=nan skin=nan got=nan)  tr_acc=0.3422  val_acc=0.2487  val_auroc=nan  val_f1=0.1328  lr=2.74e-05
Running Validation...
Ep 137/500  loss=nan  (cls=nan conf=nan skin=nan got=nan)  tr_acc=0.3216  val_acc=0.2487  val_auroc=nan  val_f1=0.1328  lr=2.73e-05
Running Validation...
Ep 138/500  loss=nan  (cls=nan conf=nan skin=nan got=nan)  tr_acc=0.3201  val_acc=0.2487  val_auroc=nan  val_f1=0.1328  lr=2.73e-05
Running Validation...
Ep 139/500  loss=nan  (cls=nan conf=nan skin=nan got=nan)  tr_acc=0.3369  val_acc=0.2487  val_auroc=nan  val_f1=0.1328  lr=2.72e-05
Running Validation...
Ep 140/500  loss=nan  (cls=nan conf=nan skin=nan got=nan)  tr_acc=0.3262  val_acc=0.2487  val_auroc=nan  val_f1=0.1328  lr=2.71e-05
[INFO] Pruned old checkpoint: checkpoint_ep130.pt
Running Validation...
Ep 141/500  loss=nan  (cls=nan conf=nan skin=nan got=nan)  tr_acc=0.3255  val_acc=0.2487  val_auroc=nan  val_f1=0.1328  lr=2.71e-05
Running Validation...
Ep 142/500  loss=nan  (cls=nan conf=nan skin=nan got=nan)  tr_acc=0.3361  val_acc=0.2487  val_auroc=nan  val_f1=0.1328  lr=2.70e-05
Running Validation...
Ep 143/500  loss=nan  (cls=nan conf=nan skin=nan got=nan)  tr_acc=0.3239  val_acc=0.2487  val_auroc=nan  val_f1=0.1328  lr=2.69e-05
Running Validation...
Ep 144/500  loss=nan  (cls=nan conf=nan skin=nan got=nan)  tr_acc=0.3140  val_acc=0.2487  val_auroc=nan  val_f1=0.1328  lr=2.69e-05
Running Validation...
Ep 145/500  loss=nan  (cls=nan conf=nan skin=nan got=nan)  tr_acc=0.3178  val_acc=0.2487  val_auroc=nan  val_f1=0.1328  lr=2.68e-05
[INFO] Pruned old checkpoint: checkpoint_ep135.pt
Running Validation...
Ep 146/500  loss=nan  (cls=nan conf=nan skin=nan got=nan)  tr_acc=0.3262  val_acc=0.2487  val_auroc=nan  val_f1=0.1328  lr=2.68e-05
Running Validation...
Ep 147/500  loss=nan  (cls=nan conf=nan skin=nan got=nan)  tr_acc=0.3293  val_acc=0.2487  val_auroc=nan  val_f1=0.1328  lr=2.67e-05
Running Validation...
Ep 148/500  loss=nan  (cls=nan conf=nan skin=nan got=nan)  tr_acc=0.3354  val_acc=0.2487  val_auroc=nan  val_f1=0.1328  lr=2.66e-05
Running Validation...
Ep 149/500  loss=nan  (cls=nan conf=nan skin=nan got=nan)  tr_acc=0.3277  val_acc=0.2487  val_auroc=nan  val_f1=0.1328  lr=2.66e-05
Running Validation...
Ep 150/500  loss=nan  (cls=nan conf=nan skin=nan got=nan)  tr_acc=0.3232  val_acc=0.2487  val_auroc=nan  val_f1=0.1328  lr=2.65e-05
[INFO] Pruned old checkpoint: checkpoint_ep140.pt
Running Validation...
Ep 151/500  loss=nan  (cls=nan conf=nan skin=nan got=nan)  tr_acc=0.3399  val_acc=0.2487  val_auroc=nan  val_f1=0.1328  lr=2.64e-05
Running Validation...
Ep 152/500  loss=nan  (cls=nan conf=nan skin=nan got=nan)  tr_acc=0.3247  val_acc=0.2487  val_auroc=nan  val_f1=0.1328  lr=2.64e-05
Running Validation...
Ep 153/500  loss=nan  (cls=nan conf=nan skin=nan got=nan)  tr_acc=0.3438  val_acc=0.2487  val_auroc=nan  val_f1=0.1328  lr=2.63e-05
Running Validation...
Ep 154/500  loss=nan  (cls=nan conf=nan skin=nan got=nan)  tr_acc=0.3247  val_acc=0.2487  val_auroc=nan  val_f1=0.1328  lr=2.62e-05
Running Validation...
Ep 155/500  loss=nan  (cls=nan conf=nan skin=nan got=nan)  tr_acc=0.3041  val_acc=0.2487  val_auroc=nan  val_f1=0.1328  lr=2.61e-05
[INFO] Pruned old checkpoint: checkpoint_ep145.pt
Running Validation...
Ep 156/500  loss=nan  (cls=nan conf=nan skin=nan got=nan)  tr_acc=0.3498  val_acc=0.2487  val_auroc=nan  val_f1=0.1328  lr=2.61e-05
Running Validation...
Ep 157/500  loss=nan  (cls=nan conf=nan skin=nan got=nan)  tr_acc=0.3262  val_acc=0.2487  val_auroc=nan  val_f1=0.1328  lr=2.60e-05
Running Validation...
Ep 158/500  loss=nan  (cls=nan conf=nan skin=nan got=nan)  tr_acc=0.3575  val_acc=0.2487  val_auroc=nan  val_f1=0.1328  lr=2.59e-05
Running Validation...
Ep 159/500  loss=nan  (cls=nan conf=nan skin=nan got=nan)  tr_acc=0.3102  val_acc=0.2487  val_auroc=nan  val_f1=0.1328  lr=2.59e-05
Running Validation...
Ep 160/500  loss=nan  (cls=nan conf=nan skin=nan got=nan)  tr_acc=0.3194  val_acc=0.2487  val_auroc=nan  val_f1=0.1328  lr=2.58e-05
[INFO] Pruned old checkpoint: checkpoint_ep150.pt
Running Validation...
Ep 161/500  loss=nan  (cls=nan conf=nan skin=nan got=nan)  tr_acc=0.3133  val_acc=0.2487  val_auroc=nan  val_f1=0.1328  lr=2.57e-05
Running Validation...
Ep 162/500  loss=nan  (cls=nan conf=nan skin=nan got=nan)  tr_acc=0.3415  val_acc=0.2487  val_auroc=nan  val_f1=0.1328  lr=2.56e-05
Running Validation...
Ep 163/500  loss=nan  (cls=nan conf=nan skin=nan got=nan)  tr_acc=0.3384  val_acc=0.2487  val_auroc=nan  val_f1=0.1328  lr=2.56e-05
Running Validation...
Ep 164/500  loss=nan  (cls=nan conf=nan skin=nan got=nan)  tr_acc=0.3506  val_acc=0.2487  val_auroc=nan  val_f1=0.1328  lr=2.55e-05
Running Validation...
Ep 165/500  loss=nan  (cls=nan conf=nan skin=nan got=nan)  tr_acc=0.3445  val_acc=0.2487  val_auroc=nan  val_f1=0.1328  lr=2.54e-05
[INFO] Pruned old checkpoint: checkpoint_ep155.pt
Running Validation...
Ep 166/500  loss=nan  (cls=nan conf=nan skin=nan got=nan)  tr_acc=0.3422  val_acc=0.2487  val_auroc=nan  val_f1=0.1328  lr=2.53e-05
Running Validation...
Ep 167/500  loss=nan  (cls=nan conf=nan skin=nan got=nan)  tr_acc=0.3079  val_acc=0.2487  val_auroc=nan  val_f1=0.1328  lr=2.53e-05
Running Validation...
Ep 168/500  loss=nan  (cls=nan conf=nan skin=nan got=nan)  tr_acc=0.3216  val_acc=0.2487  val_auroc=nan  val_f1=0.1328  lr=2.52e-05
Running Validation...
Ep 169/500  loss=nan  (cls=nan conf=nan skin=nan got=nan)  tr_acc=0.3323  val_acc=0.2487  val_auroc=nan  val_f1=0.1328  lr=2.51e-05
Running Validation...
Ep 170/500  loss=nan  (cls=nan conf=nan skin=nan got=nan)  tr_acc=0.3453  val_acc=0.2487  val_auroc=nan  val_f1=0.1328  lr=2.50e-05
[INFO] Pruned old checkpoint: checkpoint_ep160.pt
Running Validation...
Ep 171/500  loss=nan  (cls=nan conf=nan skin=nan got=nan)  tr_acc=0.3346  val_acc=0.2487  val_auroc=nan  val_f1=0.1328  lr=2.50e-05
Running Validation...
Ep 172/500  loss=nan  (cls=nan conf=nan skin=nan got=nan)  tr_acc=0.3316  val_acc=0.2487  val_auroc=nan  val_f1=0.1328  lr=2.49e-05
Running Validation...
Ep 173/500  loss=nan  (cls=nan conf=nan skin=nan got=nan)  tr_acc=0.3361  val_acc=0.2487  val_auroc=nan  val_f1=0.1328  lr=2.48e-05
Running Validation...
Ep 174/500  loss=nan  (cls=nan conf=nan skin=nan got=nan)  tr_acc=0.3285  val_acc=0.2487  val_auroc=nan  val_f1=0.1328  lr=2.47e-05
Running Validation...
Ep 175/500  loss=nan  (cls=nan conf=nan skin=nan got=nan)  tr_acc=0.3354  val_acc=0.2487  val_auroc=nan  val_f1=0.1328  lr=2.46e-05
[INFO] Pruned old checkpoint: checkpoint_ep165.pt
Running Validation...
Ep 176/500  loss=nan  (cls=nan conf=nan skin=nan got=nan)  tr_acc=0.3331  val_acc=0.2487  val_auroc=nan  val_f1=0.1328  lr=2.46e-05
Running Validation...
Ep 177/500  loss=nan  (cls=nan conf=nan skin=nan got=nan)  tr_acc=0.3293  val_acc=0.2487  val_auroc=nan  val_f1=0.1328  lr=2.45e-05
Running Validation...
Ep 178/500  loss=nan  (cls=nan conf=nan skin=nan got=nan)  tr_acc=0.3377  val_acc=0.2487  val_auroc=nan  val_f1=0.1328  lr=2.44e-05
Running Validation...
Ep 179/500  loss=nan  (cls=nan conf=nan skin=nan got=nan)  tr_acc=0.3300  val_acc=0.2487  val_auroc=nan  val_f1=0.1328  lr=2.43e-05
Running Validation...
Ep 180/500  loss=nan  (cls=nan conf=nan skin=nan got=nan)  tr_acc=0.3338  val_acc=0.2487  val_auroc=nan  val_f1=0.1328  lr=2.42e-05
[INFO] Pruned old checkpoint: checkpoint_ep170.pt
Running Validation...
Ep 181/500  loss=nan  (cls=nan conf=nan skin=nan got=nan)  tr_acc=0.3392  val_acc=0.2487  val_auroc=nan  val_f1=0.1328  lr=2.42e-05
Running Validation...
Ep 182/500  loss=nan  (cls=nan conf=nan skin=nan got=nan)  tr_acc=0.3293  val_acc=0.2487  val_auroc=nan  val_f1=0.1328  lr=2.41e-05
Running Validation...
Ep 183/500  loss=nan  (cls=nan conf=nan skin=nan got=nan)  tr_acc=0.3544  val_acc=0.2487  val_auroc=nan  val_f1=0.1328  lr=2.40e-05
Running Validation...
Ep 184/500  loss=nan  (cls=nan conf=nan skin=nan got=nan)  tr_acc=0.3232  val_acc=0.2487  val_auroc=nan  val_f1=0.1328  lr=2.39e-05
Running Validation...
Ep 185/500  loss=nan  (cls=nan conf=nan skin=nan got=nan)  tr_acc=0.3331  val_acc=0.2487  val_auroc=nan  val_f1=0.1328  lr=2.38e-05
[INFO] Pruned old checkpoint: checkpoint_ep175.pt
Running Validation...
Ep 186/500  loss=nan  (cls=nan conf=nan skin=nan got=nan)  tr_acc=0.3491  val_acc=0.2487  val_auroc=nan  val_f1=0.1328  lr=2.37e-05
Running Validation...
Ep 187/500  loss=nan  (cls=nan conf=nan skin=nan got=nan)  tr_acc=0.3377  val_acc=0.2487  val_auroc=nan  val_f1=0.1328  lr=2.36e-05
Running Validation...
Ep 188/500  loss=nan  (cls=nan conf=nan skin=nan got=nan)  tr_acc=0.3590  val_acc=0.2487  val_auroc=nan  val_f1=0.1328  lr=2.36e-05
Running Validation...
Ep 189/500  loss=nan  (cls=nan conf=nan skin=nan got=nan)  tr_acc=0.3194  val_acc=0.2487  val_auroc=nan  val_f1=0.1328  lr=2.35e-05
Running Validation...
Ep 190/500  loss=nan  (cls=nan conf=nan skin=nan got=nan)  tr_acc=0.3209  val_acc=0.2487  val_auroc=nan  val_f1=0.1328  lr=2.34e-05
[INFO] Pruned old checkpoint: checkpoint_ep180.pt
Running Validation...
Ep 191/500  loss=nan  (cls=nan conf=nan skin=nan got=nan)  tr_acc=0.3194  val_acc=0.2487  val_auroc=nan  val_f1=0.1328  lr=2.33e-05
Running Validation...
Ep 192/500  loss=nan  (cls=nan conf=nan skin=nan got=nan)  tr_acc=0.3377  val_acc=0.2487  val_auroc=nan  val_f1=0.1328  lr=2.32e-05
Running Validation...
Ep 193/500  loss=nan  (cls=nan conf=nan skin=nan got=nan)  tr_acc=0.3277  val_acc=0.2487  val_auroc=nan  val_f1=0.1328  lr=2.31e-05
Running Validation...
Ep 194/500  loss=nan  (cls=nan conf=nan skin=nan got=nan)  tr_acc=0.3392  val_acc=0.2487  val_auroc=nan  val_f1=0.1328  lr=2.30e-05
Running Validation...
Ep 195/500  loss=nan  (cls=nan conf=nan skin=nan got=nan)  tr_acc=0.3521  val_acc=0.2487  val_auroc=nan  val_f1=0.1328  lr=2.29e-05
[INFO] Pruned old checkpoint: checkpoint_ep185.pt
Running Validation...
Ep 196/500  loss=nan  (cls=nan conf=nan skin=nan got=nan)  tr_acc=0.3407  val_acc=0.2487  val_auroc=nan  val_f1=0.1328  lr=2.29e-05
Running Validation...
Ep 197/500  loss=nan  (cls=nan conf=nan skin=nan got=nan)  tr_acc=0.3262  val_acc=0.2487  val_auroc=nan  val_f1=0.1328  lr=2.28e-05
Running Validation...
Ep 198/500  loss=nan  (cls=nan conf=nan skin=nan got=nan)  tr_acc=0.3392  val_acc=0.2487  val_auroc=nan  val_f1=0.1328  lr=2.27e-05
Running Validation...
Ep 199/500  loss=nan  (cls=nan conf=nan skin=nan got=nan)  tr_acc=0.3277  val_acc=0.2487  val_auroc=nan  val_f1=0.1328  lr=2.26e-05
Running Validation...
Ep 200/500  loss=nan  (cls=nan conf=nan skin=nan got=nan)  tr_acc=0.3224  val_acc=0.2487  val_auroc=nan  val_f1=0.1328  lr=2.25e-05
[INFO] Pruned old checkpoint: checkpoint_ep190.pt
Running Validation...
Ep 201/500  loss=nan  (cls=nan conf=nan skin=nan got=nan)  tr_acc=0.3232  val_acc=0.2487  val_auroc=nan  val_f1=0.1328  lr=2.24e-05
Running Validation...
Ep 202/500  loss=nan  (cls=nan conf=nan skin=nan got=nan)  tr_acc=0.3468  val_acc=0.2487  val_auroc=nan  val_f1=0.1328  lr=2.23e-05
Running Validation...
Ep 203/500  loss=nan  (cls=nan conf=nan skin=nan got=nan)  tr_acc=0.3407  val_acc=0.2487  val_auroc=nan  val_f1=0.1328  lr=2.22e-05
Running Validation...
Ep 204/500  loss=nan  (cls=nan conf=nan skin=nan got=nan)  tr_acc=0.3483  val_acc=0.2487  val_auroc=nan  val_f1=0.1328  lr=2.21e-05
Running Validation...
Ep 205/500  loss=nan  (cls=nan conf=nan skin=nan got=nan)  tr_acc=0.3514  val_acc=0.2487  val_auroc=nan  val_f1=0.1328  lr=2.20e-05
[INFO] Pruned old checkpoint: checkpoint_ep195.pt
Running Validation...
Ep 206/500  loss=nan  (cls=nan conf=nan skin=nan got=nan)  tr_acc=0.3224  val_acc=0.2487  val_auroc=nan  val_f1=0.1328  lr=2.19e-05
Running Validation...
Ep 207/500  loss=nan  (cls=nan conf=nan skin=nan got=nan)  tr_acc=0.3270  val_acc=0.2487  val_auroc=nan  val_f1=0.1328  lr=2.19e-05
Running Validation...
Ep 208/500  loss=nan  (cls=nan conf=nan skin=nan got=nan)  tr_acc=0.3323  val_acc=0.2487  val_auroc=nan  val_f1=0.1328  lr=2.18e-05
Running Validation...
Ep 209/500  loss=nan  (cls=nan conf=nan skin=nan got=nan)  tr_acc=0.3110  val_acc=0.2487  val_auroc=nan  val_f1=0.1328  lr=2.17e-05
Running Validation...
Ep 210/500  loss=nan  (cls=nan conf=nan skin=nan got=nan)  tr_acc=0.3384  val_acc=0.2487  val_auroc=nan  val_f1=0.1328  lr=2.16e-05
[INFO] Pruned old checkpoint: checkpoint_ep200.pt
Running Validation...
Ep 211/500  loss=nan  (cls=nan conf=nan skin=nan got=nan)  tr_acc=0.3331  val_acc=0.2487  val_auroc=nan  val_f1=0.1328  lr=2.15e-05
Running Validation...
Ep 212/500  loss=nan  (cls=nan conf=nan skin=nan got=nan)  tr_acc=0.3399  val_acc=0.2487  val_auroc=nan  val_f1=0.1328  lr=2.14e-05
Running Validation...
Ep 213/500  loss=nan  (cls=nan conf=nan skin=nan got=nan)  tr_acc=0.3361  val_acc=0.2487  val_auroc=nan  val_f1=0.1328  lr=2.13e-05
Running Validation...
Ep 214/500  loss=nan  (cls=nan conf=nan skin=nan got=nan)  tr_acc=0.3338  val_acc=0.2487  val_auroc=nan  val_f1=0.1328  lr=2.12e-05
Running Validation...
Ep 215/500  loss=nan  (cls=nan conf=nan skin=nan got=nan)  tr_acc=0.3498  val_acc=0.2487  val_auroc=nan  val_f1=0.1328  lr=2.11e-05
[INFO] Pruned old checkpoint: checkpoint_ep205.pt
Running Validation...
Ep 216/500  loss=nan  (cls=nan conf=nan skin=nan got=nan)  tr_acc=0.3422  val_acc=0.2487  val_auroc=nan  val_f1=0.1328  lr=2.10e-05
Running Validation...
Ep 217/500  loss=nan  (cls=nan conf=nan skin=nan got=nan)  tr_acc=0.3331  val_acc=0.2487  val_auroc=nan  val_f1=0.1328  lr=2.09e-05
Running Validation...
Ep 218/500  loss=nan  (cls=nan conf=nan skin=nan got=nan)  tr_acc=0.3361  val_acc=0.2487  val_auroc=nan  val_f1=0.1328  lr=2.08e-05
Running Validation...
Ep 219/500  loss=nan  (cls=nan conf=nan skin=nan got=nan)  tr_acc=0.3255  val_acc=0.2487  val_auroc=nan  val_f1=0.1328  lr=2.07e-05
Running Validation...
Ep 220/500  loss=nan  (cls=nan conf=nan skin=nan got=nan)  tr_acc=0.3567  val_acc=0.2487  val_auroc=nan  val_f1=0.1328  lr=2.06e-05
[INFO] Pruned old checkpoint: checkpoint_ep210.pt
Running Validation...
Ep 221/500  loss=nan  (cls=nan conf=nan skin=nan got=nan)  tr_acc=0.3209  val_acc=0.2487  val_auroc=nan  val_f1=0.1328  lr=2.05e-05
Running Validation...
Ep 222/500  loss=nan  (cls=nan conf=nan skin=nan got=nan)  tr_acc=0.3460  val_acc=0.2487  val_auroc=nan  val_f1=0.1328  lr=2.04e-05
Running Validation...
Ep 223/500  loss=nan  (cls=nan conf=nan skin=nan got=nan)  tr_acc=0.3552  val_acc=0.2487  val_auroc=nan  val_f1=0.1328  lr=2.03e-05
Running Validation...
Ep 224/500  loss=nan  (cls=nan conf=nan skin=nan got=nan)  tr_acc=0.3559  val_acc=0.2487  val_auroc=nan  val_f1=0.1328  lr=2.02e-05
Running Validation...
Ep 225/500  loss=nan  (cls=nan conf=nan skin=nan got=nan)  tr_acc=0.3323  val_acc=0.2487  val_auroc=nan  val_f1=0.1328  lr=2.01e-05
[INFO] Pruned old checkpoint: checkpoint_ep215.pt
Running Validation...
Ep 226/500  loss=nan  (cls=nan conf=nan skin=nan got=nan)  tr_acc=0.3140  val_acc=0.2487  val_auroc=nan  val_f1=0.1328  lr=2.00e-05
Running Validation...
Ep 227/500  loss=nan  (cls=nan conf=nan skin=nan got=nan)  tr_acc=0.3270  val_acc=0.2487  val_auroc=nan  val_f1=0.1328  lr=1.99e-05
Running Validation...
Ep 228/500  loss=nan  (cls=nan conf=nan skin=nan got=nan)  tr_acc=0.3300  val_acc=0.2487  val_auroc=nan  val_f1=0.1328  lr=1.98e-05
Running Validation...
Ep 229/500  loss=nan  (cls=nan conf=nan skin=nan got=nan)  tr_acc=0.3216  val_acc=0.2487  val_auroc=nan  val_f1=0.1328  lr=1.97e-05
Running Validation...
Ep 230/500  loss=nan  (cls=nan conf=nan skin=nan got=nan)  tr_acc=0.3392  val_acc=0.2487  val_auroc=nan  val_f1=0.1328  lr=1.96e-05
[INFO] Pruned old checkpoint: checkpoint_ep220.pt
Running Validation...
Ep 231/500  loss=nan  (cls=nan conf=nan skin=nan got=nan)  tr_acc=0.3399  val_acc=0.2487  val_auroc=nan  val_f1=0.1328  lr=1.95e-05
Running Validation...
Ep 232/500  loss=nan  (cls=nan conf=nan skin=nan got=nan)  tr_acc=0.3224  val_acc=0.2487  val_auroc=nan  val_f1=0.1328  lr=1.94e-05
Running Validation...
Ep 233/500  loss=nan  (cls=nan conf=nan skin=nan got=nan)  tr_acc=0.3399  val_acc=0.2487  val_auroc=nan  val_f1=0.1328  lr=1.93e-05
Running Validation...
Ep 234/500  loss=nan  (cls=nan conf=nan skin=nan got=nan)  tr_acc=0.3201  val_acc=0.2487  val_auroc=nan  val_f1=0.1328  lr=1.92e-05
Running Validation...
Ep 235/500  loss=nan  (cls=nan conf=nan skin=nan got=nan)  tr_acc=0.3354  val_acc=0.2487  val_auroc=nan  val_f1=0.1328  lr=1.91e-05
[INFO] Pruned old checkpoint: checkpoint_ep225.pt
Running Validation...
Ep 236/500  loss=nan  (cls=nan conf=nan skin=nan got=nan)  tr_acc=0.3323  val_acc=0.2487  val_auroc=nan  val_f1=0.1328  lr=1.90e-05
Running Validation...
Ep 237/500  loss=nan  (cls=nan conf=nan skin=nan got=nan)  tr_acc=0.3216  val_acc=0.2487  val_auroc=nan  val_f1=0.1328  lr=1.89e-05
Running Validation...
Ep 238/500  loss=nan  (cls=nan conf=nan skin=nan got=nan)  tr_acc=0.3438  val_acc=0.2487  val_auroc=nan  val_f1=0.1328  lr=1.88e-05
Running Validation...
Ep 239/500  loss=nan  (cls=nan conf=nan skin=nan got=nan)  tr_acc=0.3392  val_acc=0.2487  val_auroc=nan  val_f1=0.1328  lr=1.87e-05
Running Validation...
Ep 240/500  loss=nan  (cls=nan conf=nan skin=nan got=nan)  tr_acc=0.3277  val_acc=0.2487  val_auroc=nan  val_f1=0.1328  lr=1.86e-05
[INFO] Pruned old checkpoint: checkpoint_ep230.pt
Running Validation...
Ep 241/500  loss=nan  (cls=nan conf=nan skin=nan got=nan)  tr_acc=0.3369  val_acc=0.2487  val_auroc=nan  val_f1=0.1328  lr=1.85e-05
Running Validation...
Ep 242/500  loss=nan  (cls=nan conf=nan skin=nan got=nan)  tr_acc=0.3293  val_acc=0.2487  val_auroc=nan  val_f1=0.1328  lr=1.84e-05
Running Validation...
Ep 243/500  loss=nan  (cls=nan conf=nan skin=nan got=nan)  tr_acc=0.3338  val_acc=0.2487  val_auroc=nan  val_f1=0.1328  lr=1.83e-05
Running Validation...
Ep 244/500  loss=nan  (cls=nan conf=nan skin=nan got=nan)  tr_acc=0.3369  val_acc=0.2487  val_auroc=nan  val_f1=0.1328  lr=1.82e-05
Running Validation...
Ep 245/500  loss=nan  (cls=nan conf=nan skin=nan got=nan)  tr_acc=0.3308  val_acc=0.2487  val_auroc=nan  val_f1=0.1328  lr=1.81e-05
[INFO] Pruned old checkpoint: checkpoint_ep235.pt
Running Validation...
Ep 246/500  loss=nan  (cls=nan conf=nan skin=nan got=nan)  tr_acc=0.3285  val_acc=0.2487  val_auroc=nan  val_f1=0.1328  lr=1.80e-05
Running Validation...
Ep 247/500  loss=nan  (cls=nan conf=nan skin=nan got=nan)  tr_acc=0.3331  val_acc=0.2487  val_auroc=nan  val_f1=0.1328  lr=1.79e-05
Running Validation...
Ep 248/500  loss=nan  (cls=nan conf=nan skin=nan got=nan)  tr_acc=0.3369  val_acc=0.2487  val_auroc=nan  val_f1=0.1328  lr=1.78e-05
Running Validation...
Ep 249/500  loss=nan  (cls=nan conf=nan skin=nan got=nan)  tr_acc=0.3110  val_acc=0.2487  val_auroc=nan  val_f1=0.1328  lr=1.77e-05
Running Validation...
Ep 250/500  loss=nan  (cls=nan conf=nan skin=nan got=nan)  tr_acc=0.3460  val_acc=0.2487  val_auroc=nan  val_f1=0.1328  lr=1.76e-05
[INFO] Pruned old checkpoint: checkpoint_ep240.pt
Running Validation...
Ep 251/500  loss=nan  (cls=nan conf=nan skin=nan got=nan)  tr_acc=0.3415  val_acc=0.2487  val_auroc=nan  val_f1=0.1328  lr=1.75e-05
Running Validation...
Ep 252/500  loss=nan  (cls=nan conf=nan skin=nan got=nan)  tr_acc=0.3514  val_acc=0.2487  val_auroc=nan  val_f1=0.1328  lr=1.74e-05
Running Validation...
Ep 253/500  loss=nan  (cls=nan conf=nan skin=nan got=nan)  tr_acc=0.3209  val_acc=0.2487  val_auroc=nan  val_f1=0.1328  lr=1.73e-05
Running Validation...
Ep 254/500  loss=nan  (cls=nan conf=nan skin=nan got=nan)  tr_acc=0.3247  val_acc=0.2487  val_auroc=nan  val_f1=0.1328  lr=1.72e-05
Running Validation...
Ep 255/500  loss=nan  (cls=nan conf=nan skin=nan got=nan)  tr_acc=0.3178  val_acc=0.2487  val_auroc=nan  val_f1=0.1328  lr=1.71e-05
[INFO] Pruned old checkpoint: checkpoint_ep245.pt
Running Validation...
Ep 256/500  loss=nan  (cls=nan conf=nan skin=nan got=nan)  tr_acc=0.3232  val_acc=0.2487  val_auroc=nan  val_f1=0.1328  lr=1.70e-05
Running Validation...
Ep 257/500  loss=nan  (cls=nan conf=nan skin=nan got=nan)  tr_acc=0.3201  val_acc=0.2487  val_auroc=nan  val_f1=0.1328  lr=1.69e-05
Running Validation...
Ep 258/500  loss=nan  (cls=nan conf=nan skin=nan got=nan)  tr_acc=0.3346  val_acc=0.2487  val_auroc=nan  val_f1=0.1328  lr=1.68e-05
Running Validation...
Ep 259/500  loss=nan  (cls=nan conf=nan skin=nan got=nan)  tr_acc=0.3255  val_acc=0.2487  val_auroc=nan  val_f1=0.1328  lr=1.67e-05
Running Validation...
Ep 260/500  loss=nan  (cls=nan conf=nan skin=nan got=nan)  tr_acc=0.3460  val_acc=0.2487  val_auroc=nan  val_f1=0.1328  lr=1.66e-05
[INFO] Pruned old checkpoint: checkpoint_ep250.pt
Running Validation...
Ep 261/500  loss=nan  (cls=nan conf=nan skin=nan got=nan)  tr_acc=0.3110  val_acc=0.2487  val_auroc=nan  val_f1=0.1328  lr=1.65e-05
Running Validation...
Ep 262/500  loss=nan  (cls=nan conf=nan skin=nan got=nan)  tr_acc=0.3361  val_acc=0.2487  val_auroc=nan  val_f1=0.1328  lr=1.64e-05
Running Validation...
Ep 263/500  loss=nan  (cls=nan conf=nan skin=nan got=nan)  tr_acc=0.3316  val_acc=0.2487  val_auroc=nan  val_f1=0.1328  lr=1.63e-05
Running Validation...
Ep 264/500  loss=nan  (cls=nan conf=nan skin=nan got=nan)  tr_acc=0.3331  val_acc=0.2487  val_auroc=nan  val_f1=0.1328  lr=1.62e-05
Running Validation...
Ep 265/500  loss=nan  (cls=nan conf=nan skin=nan got=nan)  tr_acc=0.3422  val_acc=0.2487  val_auroc=nan  val_f1=0.1328  lr=1.60e-05
[INFO] Pruned old checkpoint: checkpoint_ep255.pt
Running Validation...
Ep 266/500  loss=nan  (cls=nan conf=nan skin=nan got=nan)  tr_acc=0.3285  val_acc=0.2487  val_auroc=nan  val_f1=0.1328  lr=1.59e-05
Running Validation...
Ep 267/500  loss=nan  (cls=nan conf=nan skin=nan got=nan)  tr_acc=0.3308  val_acc=0.2487  val_auroc=nan  val_f1=0.1328  lr=1.58e-05
Running Validation...
Ep 268/500  loss=nan  (cls=nan conf=nan skin=nan got=nan)  tr_acc=0.3468  val_acc=0.2487  val_auroc=nan  val_f1=0.1328  lr=1.57e-05
Running Validation...
Ep 269/500  loss=nan  (cls=nan conf=nan skin=nan got=nan)  tr_acc=0.3072  val_acc=0.2487  val_auroc=nan  val_f1=0.1328  lr=1.56e-05
Running Validation...
Ep 270/500  loss=nan  (cls=nan conf=nan skin=nan got=nan)  tr_acc=0.3216  val_acc=0.2487  val_auroc=nan  val_f1=0.1328  lr=1.55e-05
[INFO] Pruned old checkpoint: checkpoint_ep260.pt
Running Validation...
Ep 271/500  loss=nan  (cls=nan conf=nan skin=nan got=nan)  tr_acc=0.3346  val_acc=0.2487  val_auroc=nan  val_f1=0.1328  lr=1.54e-05
Running Validation...
Ep 272/500  loss=nan  (cls=nan conf=nan skin=nan got=nan)  tr_acc=0.3232  val_acc=0.2487  val_auroc=nan  val_f1=0.1328  lr=1.53e-05
Running Validation...
Ep 273/500  loss=nan  (cls=nan conf=nan skin=nan got=nan)  tr_acc=0.3407  val_acc=0.2487  val_auroc=nan  val_f1=0.1328  lr=1.52e-05
Running Validation...
Ep 274/500  loss=nan  (cls=nan conf=nan skin=nan got=nan)  tr_acc=0.3308  val_acc=0.2487  val_auroc=nan  val_f1=0.1328  lr=1.51e-05
Running Validation...
Ep 275/500  loss=nan  (cls=nan conf=nan skin=nan got=nan)  tr_acc=0.3300  val_acc=0.2487  val_auroc=nan  val_f1=0.1328  lr=1.50e-05
[INFO] Pruned old checkpoint: checkpoint_ep265.pt
Running Validation...
Ep 276/500  loss=nan  (cls=nan conf=nan skin=nan got=nan)  tr_acc=0.3415  val_acc=0.2487  val_auroc=nan  val_f1=0.1328  lr=1.49e-05
Running Validation...
Ep 277/500  loss=nan  (cls=nan conf=nan skin=nan got=nan)  tr_acc=0.3163  val_acc=0.2487  val_auroc=nan  val_f1=0.1328  lr=1.48e-05
Running Validation...
Ep 278/500  loss=nan  (cls=nan conf=nan skin=nan got=nan)  tr_acc=0.3285  val_acc=0.2487  val_auroc=nan  val_f1=0.1328  lr=1.47e-05
Running Validation...
Ep 279/500  loss=nan  (cls=nan conf=nan skin=nan got=nan)  tr_acc=0.3201  val_acc=0.2487  val_auroc=nan  val_f1=0.1328  lr=1.46e-05
Running Validation...
Ep 280/500  loss=nan  (cls=nan conf=nan skin=nan got=nan)  tr_acc=0.3491  val_acc=0.2487  val_auroc=nan  val_f1=0.1328  lr=1.45e-05
[INFO] Pruned old checkpoint: checkpoint_ep270.pt
Running Validation...
Ep 281/500  loss=nan  (cls=nan conf=nan skin=nan got=nan)  tr_acc=0.3079  val_acc=0.2487  val_auroc=nan  val_f1=0.1328  lr=1.44e-05
Running Validation...
Ep 282/500  loss=nan  (cls=nan conf=nan skin=nan got=nan)  tr_acc=0.3308  val_acc=0.2487  val_auroc=nan  val_f1=0.1328  lr=1.43e-05
Running Validation...
Ep 283/500  loss=nan  (cls=nan conf=nan skin=nan got=nan)  tr_acc=0.3377  val_acc=0.2487  val_auroc=nan  val_f1=0.1328  lr=1.42e-05
Running Validation...
Ep 284/500  loss=nan  (cls=nan conf=nan skin=nan got=nan)  tr_acc=0.3491  val_acc=0.2487  val_auroc=nan  val_f1=0.1328  lr=1.41e-05
Running Validation...
Ep 285/500  loss=nan  (cls=nan conf=nan skin=nan got=nan)  tr_acc=0.3255  val_acc=0.2487  val_auroc=nan  val_f1=0.1328  lr=1.40e-05
[INFO] Pruned old checkpoint: checkpoint_ep275.pt
Running Validation...
Ep 286/500  loss=nan  (cls=nan conf=nan skin=nan got=nan)  tr_acc=0.3262  val_acc=0.2487  val_auroc=nan  val_f1=0.1328  lr=1.38e-05
Running Validation...
Ep 287/500  loss=nan  (cls=nan conf=nan skin=nan got=nan)  tr_acc=0.3430  val_acc=0.2487  val_auroc=nan  val_f1=0.1328  lr=1.37e-05
Running Validation...
Ep 288/500  loss=nan  (cls=nan conf=nan skin=nan got=nan)  tr_acc=0.3537  val_acc=0.2487  val_auroc=nan  val_f1=0.1328  lr=1.36e-05
Running Validation...
Ep 289/500  loss=nan  (cls=nan conf=nan skin=nan got=nan)  tr_acc=0.3346  val_acc=0.2487  val_auroc=nan  val_f1=0.1328  lr=1.35e-05
Running Validation...
Ep 290/500  loss=nan  (cls=nan conf=nan skin=nan got=nan)  tr_acc=0.3140  val_acc=0.2487  val_auroc=nan  val_f1=0.1328  lr=1.34e-05
[INFO] Pruned old checkpoint: checkpoint_ep280.pt
Running Validation...
Ep 291/500  loss=nan  (cls=nan conf=nan skin=nan got=nan)  tr_acc=0.3201  val_acc=0.2487  val_auroc=nan  val_f1=0.1328  lr=1.33e-05
Running Validation...
Ep 292/500  loss=nan  (cls=nan conf=nan skin=nan got=nan)  tr_acc=0.3361  val_acc=0.2487  val_auroc=nan  val_f1=0.1328  lr=1.32e-05
Running Validation...
Ep 293/500  loss=nan  (cls=nan conf=nan skin=nan got=nan)  tr_acc=0.3399  val_acc=0.2487  val_auroc=nan  val_f1=0.1328  lr=1.31e-05
Running Validation...
Ep 294/500  loss=nan  (cls=nan conf=nan skin=nan got=nan)  tr_acc=0.3438  val_acc=0.2487  val_auroc=nan  val_f1=0.1328  lr=1.30e-05
Running Validation...
Ep 295/500  loss=nan  (cls=nan conf=nan skin=nan got=nan)  tr_acc=0.3323  val_acc=0.2487  val_auroc=nan  val_f1=0.1328  lr=1.29e-05
[INFO] Pruned old checkpoint: checkpoint_ep285.pt
Running Validation...
Ep 296/500  loss=nan  (cls=nan conf=nan skin=nan got=nan)  tr_acc=0.3392  val_acc=0.2487  val_auroc=nan  val_f1=0.1328  lr=1.28e-05
Running Validation...
Ep 297/500  loss=nan  (cls=nan conf=nan skin=nan got=nan)  tr_acc=0.3506  val_acc=0.2487  val_auroc=nan  val_f1=0.1328  lr=1.27e-05
Running Validation...
Ep 298/500  loss=nan  (cls=nan conf=nan skin=nan got=nan)  tr_acc=0.3689  val_acc=0.2487  val_auroc=nan  val_f1=0.1328  lr=1.26e-05
Running Validation...
Ep 299/500  loss=nan  (cls=nan conf=nan skin=nan got=nan)  tr_acc=0.3285  val_acc=0.2487  val_auroc=nan  val_f1=0.1328  lr=1.25e-05
Running Validation...
Ep 300/500  loss=nan  (cls=nan conf=nan skin=nan got=nan)  tr_acc=0.3430  val_acc=0.2487  val_auroc=nan  val_f1=0.1328  lr=1.24e-05
[INFO] Pruned old checkpoint: checkpoint_ep290.pt
Running Validation...
Ep 301/500  loss=nan  (cls=nan conf=nan skin=nan got=nan)  tr_acc=0.3186  val_acc=0.2487  val_auroc=nan  val_f1=0.1328  lr=1.23e-05
Running Validation...
Ep 302/500  loss=nan  (cls=nan conf=nan skin=nan got=nan)  tr_acc=0.3399  val_acc=0.2487  val_auroc=nan  val_f1=0.1328  lr=1.22e-05
Running Validation...
Ep 303/500  loss=nan  (cls=nan conf=nan skin=nan got=nan)  tr_acc=0.3323  val_acc=0.2487  val_auroc=nan  val_f1=0.1328  lr=1.21e-05
Running Validation...
Ep 304/500  loss=nan  (cls=nan conf=nan skin=nan got=nan)  tr_acc=0.3544  val_acc=0.2487  val_auroc=nan  val_f1=0.1328  lr=1.20e-05
Running Validation...
Ep 305/500  loss=nan  (cls=nan conf=nan skin=nan got=nan)  tr_acc=0.3224  val_acc=0.2487  val_auroc=nan  val_f1=0.1328  lr=1.19e-05
[INFO] Pruned old checkpoint: checkpoint_ep295.pt
Running Validation...
Ep 306/500  loss=nan  (cls=nan conf=nan skin=nan got=nan)  tr_acc=0.3178  val_acc=0.2487  val_auroc=nan  val_f1=0.1328  lr=1.18e-05
Running Validation...
Ep 307/500  loss=nan  (cls=nan conf=nan skin=nan got=nan)  tr_acc=0.3582  val_acc=0.2487  val_auroc=nan  val_f1=0.1328  lr=1.17e-05
Running Validation...
Ep 308/500  loss=nan  (cls=nan conf=nan skin=nan got=nan)  tr_acc=0.3392  val_acc=0.2487  val_auroc=nan  val_f1=0.1328  lr=1.16e-05
Running Validation...
Ep 309/500  loss=nan  (cls=nan conf=nan skin=nan got=nan)  tr_acc=0.3300  val_acc=0.2487  val_auroc=nan  val_f1=0.1328  lr=1.15e-05
Running Validation...
Ep 310/500  loss=nan  (cls=nan conf=nan skin=nan got=nan)  tr_acc=0.3331  val_acc=0.2487  val_auroc=nan  val_f1=0.1328  lr=1.14e-05
[INFO] Pruned old checkpoint: checkpoint_ep300.pt
Running Validation...
Ep 311/500  loss=nan  (cls=nan conf=nan skin=nan got=nan)  tr_acc=0.3331  val_acc=0.2487  val_auroc=nan  val_f1=0.1328  lr=1.13e-05
Running Validation...
Ep 312/500  loss=nan  (cls=nan conf=nan skin=nan got=nan)  tr_acc=0.3285  val_acc=0.2487  val_auroc=nan  val_f1=0.1328  lr=1.12e-05
Running Validation...
Ep 313/500  loss=nan  (cls=nan conf=nan skin=nan got=nan)  tr_acc=0.3209  val_acc=0.2487  val_auroc=nan  val_f1=0.1328  lr=1.11e-05
Running Validation...
Ep 314/500  loss=nan  (cls=nan conf=nan skin=nan got=nan)  tr_acc=0.3460  val_acc=0.2487  val_auroc=nan  val_f1=0.1328  lr=1.10e-05
Running Validation...
Ep 315/500  loss=nan  (cls=nan conf=nan skin=nan got=nan)  tr_acc=0.3483  val_acc=0.2487  val_auroc=nan  val_f1=0.1328  lr=1.09e-05
[INFO] Pruned old checkpoint: checkpoint_ep305.pt
Running Validation...
Ep 316/500  loss=nan  (cls=nan conf=nan skin=nan got=nan)  tr_acc=0.3323  val_acc=0.2487  val_auroc=nan  val_f1=0.1328  lr=1.08e-05
Running Validation...
Ep 317/500  loss=nan  (cls=nan conf=nan skin=nan got=nan)  tr_acc=0.3125  val_acc=0.2487  val_auroc=nan  val_f1=0.1328  lr=1.07e-05
Running Validation...
Ep 318/500  loss=nan  (cls=nan conf=nan skin=nan got=nan)  tr_acc=0.3567  val_acc=0.2487  val_auroc=nan  val_f1=0.1328  lr=1.06e-05
Running Validation...
Ep 319/500  loss=nan  (cls=nan conf=nan skin=nan got=nan)  tr_acc=0.3506  val_acc=0.2487  val_auroc=nan  val_f1=0.1328  lr=1.05e-05
Running Validation...
Ep 320/500  loss=nan  (cls=nan conf=nan skin=nan got=nan)  tr_acc=0.3445  val_acc=0.2487  val_auroc=nan  val_f1=0.1328  lr=1.04e-05
[INFO] Pruned old checkpoint: checkpoint_ep310.pt
Running Validation...
Ep 321/500  loss=nan  (cls=nan conf=nan skin=nan got=nan)  tr_acc=0.3354  val_acc=0.2487  val_auroc=nan  val_f1=0.1328  lr=1.03e-05
Running Validation...
Ep 322/500  loss=nan  (cls=nan conf=nan skin=nan got=nan)  tr_acc=0.3392  val_acc=0.2487  val_auroc=nan  val_f1=0.1328  lr=1.02e-05
Running Validation...
Ep 323/500  loss=nan  (cls=nan conf=nan skin=nan got=nan)  tr_acc=0.3552  val_acc=0.2487  val_auroc=nan  val_f1=0.1328  lr=1.01e-05
Running Validation...
Ep 324/500  loss=nan  (cls=nan conf=nan skin=nan got=nan)  tr_acc=0.3369  val_acc=0.2487  val_auroc=nan  val_f1=0.1328  lr=9.97e-06
Running Validation...
Ep 325/500  loss=nan  (cls=nan conf=nan skin=nan got=nan)  tr_acc=0.3255  val_acc=0.2487  val_auroc=nan  val_f1=0.1328  lr=9.87e-06
[INFO] Pruned old checkpoint: checkpoint_ep315.pt
Running Validation...
Ep 326/500  loss=nan  (cls=nan conf=nan skin=nan got=nan)  tr_acc=0.3285  val_acc=0.2487  val_auroc=nan  val_f1=0.1328  lr=9.77e-06
Running Validation...
Ep 327/500  loss=nan  (cls=nan conf=nan skin=nan got=nan)  tr_acc=0.3430  val_acc=0.2487  val_auroc=nan  val_f1=0.1328  lr=9.67e-06
Running Validation...
Ep 328/500  loss=nan  (cls=nan conf=nan skin=nan got=nan)  tr_acc=0.3399  val_acc=0.2487  val_auroc=nan  val_f1=0.1328  lr=9.58e-06
Running Validation...
Ep 329/500  loss=nan  (cls=nan conf=nan skin=nan got=nan)  tr_acc=0.3468  val_acc=0.2487  val_auroc=nan  val_f1=0.1328  lr=9.48e-06
Running Validation...
Ep 330/500  loss=nan  (cls=nan conf=nan skin=nan got=nan)  tr_acc=0.3338  val_acc=0.2487  val_auroc=nan  val_f1=0.1328  lr=9.38e-06
[INFO] Pruned old checkpoint: checkpoint_ep320.pt
Running Validation...
Ep 331/500  loss=nan  (cls=nan conf=nan skin=nan got=nan)  tr_acc=0.3369  val_acc=0.2487  val_auroc=nan  val_f1=0.1328  lr=9.28e-06
Running Validation...
Ep 332/500  loss=nan  (cls=nan conf=nan skin=nan got=nan)  tr_acc=0.3346  val_acc=0.2487  val_auroc=nan  val_f1=0.1328  lr=9.19e-06
Running Validation...
Ep 333/500  loss=nan  (cls=nan conf=nan skin=nan got=nan)  tr_acc=0.3270  val_acc=0.2487  val_auroc=nan  val_f1=0.1328  lr=9.09e-06
Running Validation...
Ep 334/500  loss=nan  (cls=nan conf=nan skin=nan got=nan)  tr_acc=0.3468  val_acc=0.2487  val_auroc=nan  val_f1=0.1328  lr=8.99e-06
Running Validation...
Ep 335/500  loss=nan  (cls=nan conf=nan skin=nan got=nan)  tr_acc=0.3430  val_acc=0.2487  val_auroc=nan  val_f1=0.1328  lr=8.90e-06
[INFO] Pruned old checkpoint: checkpoint_ep325.pt
Running Validation...
Ep 336/500  loss=nan  (cls=nan conf=nan skin=nan got=nan)  tr_acc=0.3674  val_acc=0.2487  val_auroc=nan  val_f1=0.1328  lr=8.80e-06
Running Validation...
Ep 337/500  loss=nan  (cls=nan conf=nan skin=nan got=nan)  tr_acc=0.3216  val_acc=0.2487  val_auroc=nan  val_f1=0.1328  lr=8.71e-06
Running Validation...
Ep 338/500  loss=nan  (cls=nan conf=nan skin=nan got=nan)  tr_acc=0.3194  val_acc=0.2487  val_auroc=nan  val_f1=0.1328  lr=8.61e-06
Running Validation...
Ep 339/500  loss=nan  (cls=nan conf=nan skin=nan got=nan)  tr_acc=0.3270  val_acc=0.2487  val_auroc=nan  val_f1=0.1328  lr=8.52e-06
Running Validation...
Ep 340/500  loss=nan  (cls=nan conf=nan skin=nan got=nan)  tr_acc=0.3346  val_acc=0.2487  val_auroc=nan  val_f1=0.1328  lr=8.42e-06
[INFO] Pruned old checkpoint: checkpoint_ep330.pt
Running Validation...
Ep 341/500  loss=nan  (cls=nan conf=nan skin=nan got=nan)  tr_acc=0.3178  val_acc=0.2487  val_auroc=nan  val_f1=0.1328  lr=8.33e-06
Running Validation...
Ep 342/500  loss=nan  (cls=nan conf=nan skin=nan got=nan)  tr_acc=0.3392  val_acc=0.2487  val_auroc=nan  val_f1=0.1328  lr=8.24e-06
Running Validation...
Ep 343/500  loss=nan  (cls=nan conf=nan skin=nan got=nan)  tr_acc=0.3438  val_acc=0.2487  val_auroc=nan  val_f1=0.1328  lr=8.14e-06
Running Validation...
Ep 344/500  loss=nan  (cls=nan conf=nan skin=nan got=nan)  tr_acc=0.3430  val_acc=0.2487  val_auroc=nan  val_f1=0.1328  lr=8.05e-06
Running Validation...
Ep 345/500  loss=nan  (cls=nan conf=nan skin=nan got=nan)  tr_acc=0.3620  val_acc=0.2487  val_auroc=nan  val_f1=0.1328  lr=7.96e-06
[INFO] Pruned old checkpoint: checkpoint_ep335.pt
Running Validation...
Ep 346/500  loss=nan  (cls=nan conf=nan skin=nan got=nan)  tr_acc=0.3239  val_acc=0.2487  val_auroc=nan  val_f1=0.1328  lr=7.87e-06
Running Validation...
Ep 347/500  loss=nan  (cls=nan conf=nan skin=nan got=nan)  tr_acc=0.3575  val_acc=0.2487  val_auroc=nan  val_f1=0.1328  lr=7.77e-06
Running Validation...
Ep 348/500  loss=nan  (cls=nan conf=nan skin=nan got=nan)  tr_acc=0.3399  val_acc=0.2487  val_auroc=nan  val_f1=0.1328  lr=7.68e-06
Running Validation...
Ep 349/500  loss=nan  (cls=nan conf=nan skin=nan got=nan)  tr_acc=0.3415  val_acc=0.2487  val_auroc=nan  val_f1=0.1328  lr=7.59e-06
Running Validation...
Ep 350/500  loss=nan  (cls=nan conf=nan skin=nan got=nan)  tr_acc=0.3377  val_acc=0.2487  val_auroc=nan  val_f1=0.1328  lr=7.50e-06
[INFO] Pruned old checkpoint: checkpoint_ep340.pt
Running Validation...
Ep 351/500  loss=nan  (cls=nan conf=nan skin=nan got=nan)  tr_acc=0.3300  val_acc=0.2487  val_auroc=nan  val_f1=0.1328  lr=7.41e-06
Running Validation...
Ep 352/500  loss=nan  (cls=nan conf=nan skin=nan got=nan)  tr_acc=0.3476  val_acc=0.2487  val_auroc=nan  val_f1=0.1328  lr=7.32e-06
Running Validation...
Ep 353/500  loss=nan  (cls=nan conf=nan skin=nan got=nan)  tr_acc=0.3491  val_acc=0.2487  val_auroc=nan  val_f1=0.1328  lr=7.23e-06
Running Validation...
Ep 354/500  loss=nan  (cls=nan conf=nan skin=nan got=nan)  tr_acc=0.2995  val_acc=0.2487  val_auroc=nan  val_f1=0.1328  lr=7.14e-06
Running Validation...
Ep 355/500  loss=nan  (cls=nan conf=nan skin=nan got=nan)  tr_acc=0.3209  val_acc=0.2487  val_auroc=nan  val_f1=0.1328  lr=7.05e-06
[INFO] Pruned old checkpoint: checkpoint_ep345.pt
Running Validation...
Ep 356/500  loss=nan  (cls=nan conf=nan skin=nan got=nan)  tr_acc=0.3415  val_acc=0.2487  val_auroc=nan  val_f1=0.1328  lr=6.96e-06
Running Validation...
Ep 357/500  loss=nan  (cls=nan conf=nan skin=nan got=nan)  tr_acc=0.3514  val_acc=0.2487  val_auroc=nan  val_f1=0.1328  lr=6.87e-06
Running Validation...
Ep 358/500  loss=nan  (cls=nan conf=nan skin=nan got=nan)  tr_acc=0.3468  val_acc=0.2487  val_auroc=nan  val_f1=0.1328  lr=6.79e-06
Running Validation...
Ep 359/500  loss=nan  (cls=nan conf=nan skin=nan got=nan)  tr_acc=0.3323  val_acc=0.2487  val_auroc=nan  val_f1=0.1328  lr=6.70e-06
Running Validation...
Ep 360/500  loss=nan  (cls=nan conf=nan skin=nan got=nan)  tr_acc=0.3316  val_acc=0.2487  val_auroc=nan  val_f1=0.1328  lr=6.61e-06
[INFO] Pruned old checkpoint: checkpoint_ep350.pt
Running Validation...
Ep 361/500  loss=nan  (cls=nan conf=nan skin=nan got=nan)  tr_acc=0.3247  val_acc=0.2487  val_auroc=nan  val_f1=0.1328  lr=6.53e-06
Running Validation...
Ep 362/500  loss=nan  (cls=nan conf=nan skin=nan got=nan)  tr_acc=0.3460  val_acc=0.2487  val_auroc=nan  val_f1=0.1328  lr=6.44e-06
Running Validation...
Ep 363/500  loss=nan  (cls=nan conf=nan skin=nan got=nan)  tr_acc=0.3125  val_acc=0.2487  val_auroc=nan  val_f1=0.1328  lr=6.35e-06
Running Validation...
Ep 364/500  loss=nan  (cls=nan conf=nan skin=nan got=nan)  tr_acc=0.3331  val_acc=0.2487  val_auroc=nan  val_f1=0.1328  lr=6.27e-06
Running Validation...
Ep 365/500  loss=nan  (cls=nan conf=nan skin=nan got=nan)  tr_acc=0.3338  val_acc=0.2487  val_auroc=nan  val_f1=0.1328  lr=6.18e-06
[INFO] Pruned old checkpoint: checkpoint_ep355.pt
Running Validation...
Ep 366/500  loss=nan  (cls=nan conf=nan skin=nan got=nan)  tr_acc=0.3468  val_acc=0.2487  val_auroc=nan  val_f1=0.1328  lr=6.10e-06
Running Validation...
Ep 367/500  loss=nan  (cls=nan conf=nan skin=nan got=nan)  tr_acc=0.3201  val_acc=0.2487  val_auroc=nan  val_f1=0.1328  lr=6.01e-06
Running Validation...
Ep 368/500  loss=nan  (cls=nan conf=nan skin=nan got=nan)  tr_acc=0.3087  val_acc=0.2487  val_auroc=nan  val_f1=0.1328  lr=5.93e-06
Running Validation...
Ep 369/500  loss=nan  (cls=nan conf=nan skin=nan got=nan)  tr_acc=0.3277  val_acc=0.2487  val_auroc=nan  val_f1=0.1328  lr=5.85e-06
Running Validation...
Ep 370/500  loss=nan  (cls=nan conf=nan skin=nan got=nan)  tr_acc=0.3178  val_acc=0.2487  val_auroc=nan  val_f1=0.1328  lr=5.77e-06
[INFO] Pruned old checkpoint: checkpoint_ep360.pt
Running Validation...
Ep 371/500  loss=nan  (cls=nan conf=nan skin=nan got=nan)  tr_acc=0.3575  val_acc=0.2487  val_auroc=nan  val_f1=0.1328  lr=5.68e-06
Running Validation...
Ep 372/500  loss=nan  (cls=nan conf=nan skin=nan got=nan)  tr_acc=0.3255  val_acc=0.2487  val_auroc=nan  val_f1=0.1328  lr=5.60e-06
Running Validation...
Ep 373/500  loss=nan  (cls=nan conf=nan skin=nan got=nan)  tr_acc=0.3377  val_acc=0.2487  val_auroc=nan  val_f1=0.1328  lr=5.52e-06
Running Validation...
Ep 374/500  loss=nan  (cls=nan conf=nan skin=nan got=nan)  tr_acc=0.3026  val_acc=0.2487  val_auroc=nan  val_f1=0.1328  lr=5.44e-06
Running Validation...
Ep 375/500  loss=nan  (cls=nan conf=nan skin=nan got=nan)  tr_acc=0.3430  val_acc=0.2487  val_auroc=nan  val_f1=0.1328  lr=5.36e-06
[INFO] Pruned old checkpoint: checkpoint_ep365.pt
Running Validation...
Ep 376/500  loss=nan  (cls=nan conf=nan skin=nan got=nan)  tr_acc=0.3506  val_acc=0.2487  val_auroc=nan  val_f1=0.1328  lr=5.28e-06
Running Validation...
Ep 377/500  loss=nan  (cls=nan conf=nan skin=nan got=nan)  tr_acc=0.3316  val_acc=0.2487  val_auroc=nan  val_f1=0.1328  lr=5.20e-06
Running Validation...
Ep 378/500  loss=nan  (cls=nan conf=nan skin=nan got=nan)  tr_acc=0.3163  val_acc=0.2487  val_auroc=nan  val_f1=0.1328  lr=5.12e-06
Running Validation...
Ep 379/500  loss=nan  (cls=nan conf=nan skin=nan got=nan)  tr_acc=0.3300  val_acc=0.2487  val_auroc=nan  val_f1=0.1328  lr=5.04e-06
Running Validation...
Ep 380/500  loss=nan  (cls=nan conf=nan skin=nan got=nan)  tr_acc=0.3346  val_acc=0.2487  val_auroc=nan  val_f1=0.1328  lr=4.96e-06
[INFO] Pruned old checkpoint: checkpoint_ep370.pt
Running Validation...
Ep 381/500  loss=nan  (cls=nan conf=nan skin=nan got=nan)  tr_acc=0.3163  val_acc=0.2487  val_auroc=nan  val_f1=0.1328  lr=4.89e-06
Running Validation...
Ep 382/500  loss=nan  (cls=nan conf=nan skin=nan got=nan)  tr_acc=0.3216  val_acc=0.2487  val_auroc=nan  val_f1=0.1328  lr=4.81e-06
Running Validation...
Ep 383/500  loss=nan  (cls=nan conf=nan skin=nan got=nan)  tr_acc=0.3361  val_acc=0.2487  val_auroc=nan  val_f1=0.1328  lr=4.73e-06
Running Validation...
Ep 384/500  loss=nan  (cls=nan conf=nan skin=nan got=nan)  tr_acc=0.3293  val_acc=0.2487  val_auroc=nan  val_f1=0.1328  lr=4.66e-06
Running Validation...
Ep 385/500  loss=nan  (cls=nan conf=nan skin=nan got=nan)  tr_acc=0.3285  val_acc=0.2487  val_auroc=nan  val_f1=0.1328  lr=4.58e-06
[INFO] Pruned old checkpoint: checkpoint_ep375.pt
Running Validation...
Ep 386/500  loss=nan  (cls=nan conf=nan skin=nan got=nan)  tr_acc=0.3407  val_acc=0.2487  val_auroc=nan  val_f1=0.1328  lr=4.51e-06
Running Validation...
Ep 387/500  loss=nan  (cls=nan conf=nan skin=nan got=nan)  tr_acc=0.3498  val_acc=0.2487  val_auroc=nan  val_f1=0.1328  lr=4.43e-06
Running Validation...
Ep 388/500  loss=nan  (cls=nan conf=nan skin=nan got=nan)  tr_acc=0.3354  val_acc=0.2487  val_auroc=nan  val_f1=0.1328  lr=4.36e-06
Running Validation...
Ep 389/500  loss=nan  (cls=nan conf=nan skin=nan got=nan)  tr_acc=0.3316  val_acc=0.2487  val_auroc=nan  val_f1=0.1328  lr=4.28e-06
Running Validation...
Ep 390/500  loss=nan  (cls=nan conf=nan skin=nan got=nan)  tr_acc=0.3453  val_acc=0.2487  val_auroc=nan  val_f1=0.1328  lr=4.21e-06
[INFO] Pruned old checkpoint: checkpoint_ep380.pt
Running Validation...
Ep 391/500  loss=nan  (cls=nan conf=nan skin=nan got=nan)  tr_acc=0.3270  val_acc=0.2487  val_auroc=nan  val_f1=0.1328  lr=4.14e-06
Running Validation...
Ep 392/500  loss=nan  (cls=nan conf=nan skin=nan got=nan)  tr_acc=0.3415  val_acc=0.2487  val_auroc=nan  val_f1=0.1328  lr=4.07e-06
Running Validation...
Ep 393/500  loss=nan  (cls=nan conf=nan skin=nan got=nan)  tr_acc=0.3171  val_acc=0.2487  val_auroc=nan  val_f1=0.1328  lr=3.99e-06
Running Validation...
Ep 394/500  loss=nan  (cls=nan conf=nan skin=nan got=nan)  tr_acc=0.3285  val_acc=0.2487  val_auroc=nan  val_f1=0.1328  lr=3.92e-06
Running Validation...
Ep 395/500  loss=nan  (cls=nan conf=nan skin=nan got=nan)  tr_acc=0.3514  val_acc=0.2487  val_auroc=nan  val_f1=0.1328  lr=3.85e-06
[INFO] Pruned old checkpoint: checkpoint_ep385.pt
Running Validation...
Ep 396/500  loss=nan  (cls=nan conf=nan skin=nan got=nan)  tr_acc=0.3247  val_acc=0.2487  val_auroc=nan  val_f1=0.1328  lr=3.78e-06
Running Validation...
Ep 397/500  loss=nan  (cls=nan conf=nan skin=nan got=nan)  tr_acc=0.3468  val_acc=0.2487  val_auroc=nan  val_f1=0.1328  lr=3.71e-06
Running Validation...
Ep 398/500  loss=nan  (cls=nan conf=nan skin=nan got=nan)  tr_acc=0.3575  val_acc=0.2487  val_auroc=nan  val_f1=0.1328  lr=3.65e-06
Running Validation...
Ep 399/500  loss=nan  (cls=nan conf=nan skin=nan got=nan)  tr_acc=0.3277  val_acc=0.2487  val_auroc=nan  val_f1=0.1328  lr=3.58e-06
Running Validation...
Ep 400/500  loss=nan  (cls=nan conf=nan skin=nan got=nan)  tr_acc=0.3422  val_acc=0.2487  val_auroc=nan  val_f1=0.1328  lr=3.51e-06
[INFO] Pruned old checkpoint: checkpoint_ep390.pt
Running Validation...
Ep 401/500  loss=nan  (cls=nan conf=nan skin=nan got=nan)  tr_acc=0.3308  val_acc=0.2487  val_auroc=nan  val_f1=0.1328  lr=3.44e-06
Running Validation...
Ep 402/500  loss=nan  (cls=nan conf=nan skin=nan got=nan)  tr_acc=0.3483  val_acc=0.2487  val_auroc=nan  val_f1=0.1328  lr=3.38e-06
Running Validation...
Ep 403/500  loss=nan  (cls=nan conf=nan skin=nan got=nan)  tr_acc=0.3399  val_acc=0.2487  val_auroc=nan  val_f1=0.1328  lr=3.31e-06
Running Validation...
Ep 404/500  loss=nan  (cls=nan conf=nan skin=nan got=nan)  tr_acc=0.3300  val_acc=0.2487  val_auroc=nan  val_f1=0.1328  lr=3.24e-06
Running Validation...
Ep 405/500  loss=nan  (cls=nan conf=nan skin=nan got=nan)  tr_acc=0.3346  val_acc=0.2487  val_auroc=nan  val_f1=0.1328  lr=3.18e-06
[INFO] Pruned old checkpoint: checkpoint_ep395.pt
Running Validation...
Ep 406/500  loss=nan  (cls=nan conf=nan skin=nan got=nan)  tr_acc=0.3171  val_acc=0.2487  val_auroc=nan  val_f1=0.1328  lr=3.12e-06
Running Validation...
Ep 407/500  loss=nan  (cls=nan conf=nan skin=nan got=nan)  tr_acc=0.3422  val_acc=0.2487  val_auroc=nan  val_f1=0.1328  lr=3.05e-06
Running Validation...
Ep 408/500  loss=nan  (cls=nan conf=nan skin=nan got=nan)  tr_acc=0.3483  val_acc=0.2487  val_auroc=nan  val_f1=0.1328  lr=2.99e-06
Running Validation...
Ep 409/500  loss=nan  (cls=nan conf=nan skin=nan got=nan)  tr_acc=0.3445  val_acc=0.2487  val_auroc=nan  val_f1=0.1328  lr=2.93e-06
Running Validation...
Ep 410/500  loss=nan  (cls=nan conf=nan skin=nan got=nan)  tr_acc=0.3559  val_acc=0.2487  val_auroc=nan  val_f1=0.1328  lr=2.86e-06
[INFO] Pruned old checkpoint: checkpoint_ep400.pt
Running Validation...
Ep 411/500  loss=nan  (cls=nan conf=nan skin=nan got=nan)  tr_acc=0.3438  val_acc=0.2487  val_auroc=nan  val_f1=0.1328  lr=2.80e-06
Running Validation...
Ep 412/500  loss=nan  (cls=nan conf=nan skin=nan got=nan)  tr_acc=0.3323  val_acc=0.2487  val_auroc=nan  val_f1=0.1328  lr=2.74e-06
Running Validation...
Ep 413/500  loss=nan  (cls=nan conf=nan skin=nan got=nan)  tr_acc=0.3285  val_acc=0.2487  val_auroc=nan  val_f1=0.1328  lr=2.68e-06
Running Validation...
Ep 414/500  loss=nan  (cls=nan conf=nan skin=nan got=nan)  tr_acc=0.3255  val_acc=0.2487  val_auroc=nan  val_f1=0.1328  lr=2.62e-06
Running Validation...
Ep 415/500  loss=nan  (cls=nan conf=nan skin=nan got=nan)  tr_acc=0.3453  val_acc=0.2487  val_auroc=nan  val_f1=0.1328  lr=2.56e-06
[INFO] Pruned old checkpoint: checkpoint_ep405.pt
Running Validation...
Ep 416/500  loss=nan  (cls=nan conf=nan skin=nan got=nan)  tr_acc=0.3323  val_acc=0.2487  val_auroc=nan  val_f1=0.1328  lr=2.51e-06
Running Validation...
Ep 417/500  loss=nan  (cls=nan conf=nan skin=nan got=nan)  tr_acc=0.3453  val_acc=0.2487  val_auroc=nan  val_f1=0.1328  lr=2.45e-06
Running Validation...
Ep 418/500  loss=nan  (cls=nan conf=nan skin=nan got=nan)  tr_acc=0.3407  val_acc=0.2487  val_auroc=nan  val_f1=0.1328  lr=2.39e-06
Running Validation...
Ep 419/500  loss=nan  (cls=nan conf=nan skin=nan got=nan)  tr_acc=0.3178  val_acc=0.2487  val_auroc=nan  val_f1=0.1328  lr=2.34e-06
Running Validation...
Ep 420/500  loss=nan  (cls=nan conf=nan skin=nan got=nan)  tr_acc=0.3323  val_acc=0.2487  val_auroc=nan  val_f1=0.1328  lr=2.28e-06
[INFO] Pruned old checkpoint: checkpoint_ep410.pt
Running Validation...
Ep 421/500  loss=nan  (cls=nan conf=nan skin=nan got=nan)  tr_acc=0.3323  val_acc=0.2487  val_auroc=nan  val_f1=0.1328  lr=2.22e-06
Running Validation...
Ep 422/500  loss=nan  (cls=nan conf=nan skin=nan got=nan)  tr_acc=0.3209  val_acc=0.2487  val_auroc=nan  val_f1=0.1328  lr=2.17e-06
Running Validation...
Ep 423/500  loss=nan  (cls=nan conf=nan skin=nan got=nan)  tr_acc=0.3598  val_acc=0.2487  val_auroc=nan  val_f1=0.1328  lr=2.12e-06
Running Validation...
Ep 424/500  loss=nan  (cls=nan conf=nan skin=nan got=nan)  tr_acc=0.3216  val_acc=0.2487  val_auroc=nan  val_f1=0.1328  lr=2.06e-06
Running Validation...
Ep 425/500  loss=nan  (cls=nan conf=nan skin=nan got=nan)  tr_acc=0.3255  val_acc=0.2487  val_auroc=nan  val_f1=0.1328  lr=2.01e-06
[INFO] Pruned old checkpoint: checkpoint_ep415.pt
Running Validation...
Ep 426/500  loss=nan  (cls=nan conf=nan skin=nan got=nan)  tr_acc=0.3460  val_acc=0.2487  val_auroc=nan  val_f1=0.1328  lr=1.96e-06
Running Validation...
Ep 427/500  loss=nan  (cls=nan conf=nan skin=nan got=nan)  tr_acc=0.3239  val_acc=0.2487  val_auroc=nan  val_f1=0.1328  lr=1.91e-06
Running Validation...
Ep 428/500  loss=nan  (cls=nan conf=nan skin=nan got=nan)  tr_acc=0.3194  val_acc=0.2487  val_auroc=nan  val_f1=0.1328  lr=1.86e-06
Running Validation...
Ep 429/500  loss=nan  (cls=nan conf=nan skin=nan got=nan)  tr_acc=0.3468  val_acc=0.2487  val_auroc=nan  val_f1=0.1328  lr=1.81e-06
Running Validation...
Ep 430/500  loss=nan  (cls=nan conf=nan skin=nan got=nan)  tr_acc=0.3415  val_acc=0.2487  val_auroc=nan  val_f1=0.1328  lr=1.76e-06
[INFO] Pruned old checkpoint: checkpoint_ep420.pt
Running Validation...
Ep 431/500  loss=nan  (cls=nan conf=nan skin=nan got=nan)  tr_acc=0.3209  val_acc=0.2487  val_auroc=nan  val_f1=0.1328  lr=1.71e-06
Running Validation...
Ep 432/500  loss=nan  (cls=nan conf=nan skin=nan got=nan)  tr_acc=0.3598  val_acc=0.2487  val_auroc=nan  val_f1=0.1328  lr=1.66e-06
Running Validation...
Ep 433/500  loss=nan  (cls=nan conf=nan skin=nan got=nan)  tr_acc=0.3209  val_acc=0.2487  val_auroc=nan  val_f1=0.1328  lr=1.61e-06
Running Validation...
Ep 434/500  loss=nan  (cls=nan conf=nan skin=nan got=nan)  tr_acc=0.3239  val_acc=0.2487  val_auroc=nan  val_f1=0.1328  lr=1.56e-06
Running Validation...
Ep 435/500  loss=nan  (cls=nan conf=nan skin=nan got=nan)  tr_acc=0.3468  val_acc=0.2487  val_auroc=nan  val_f1=0.1328  lr=1.52e-06
[INFO] Pruned old checkpoint: checkpoint_ep425.pt
Running Validation...
Ep 436/500  loss=nan  (cls=nan conf=nan skin=nan got=nan)  tr_acc=0.3392  val_acc=0.2487  val_auroc=nan  val_f1=0.1328  lr=1.47e-06
Running Validation...
Ep 437/500  loss=nan  (cls=nan conf=nan skin=nan got=nan)  tr_acc=0.3316  val_acc=0.2487  val_auroc=nan  val_f1=0.1328  lr=1.43e-06
Running Validation...
Ep 438/500  loss=nan  (cls=nan conf=nan skin=nan got=nan)  tr_acc=0.3346  val_acc=0.2487  val_auroc=nan  val_f1=0.1328  lr=1.38e-06
Running Validation...
Ep 439/500  loss=nan  (cls=nan conf=nan skin=nan got=nan)  tr_acc=0.3293  val_acc=0.2487  val_auroc=nan  val_f1=0.1328  lr=1.34e-06
Running Validation...
Ep 440/500  loss=nan  (cls=nan conf=nan skin=nan got=nan)  tr_acc=0.3293  val_acc=0.2487  val_auroc=nan  val_f1=0.1328  lr=1.30e-06
[INFO] Pruned old checkpoint: checkpoint_ep430.pt
Running Validation...
Ep 441/500  loss=nan  (cls=nan conf=nan skin=nan got=nan)  tr_acc=0.3605  val_acc=0.2487  val_auroc=nan  val_f1=0.1328  lr=1.25e-06
Running Validation...
Ep 442/500  loss=nan  (cls=nan conf=nan skin=nan got=nan)  tr_acc=0.3552  val_acc=0.2487  val_auroc=nan  val_f1=0.1328  lr=1.21e-06
Running Validation...
Ep 443/500  loss=nan  (cls=nan conf=nan skin=nan got=nan)  tr_acc=0.3232  val_acc=0.2487  val_auroc=nan  val_f1=0.1328  lr=1.17e-06
Running Validation...
Ep 444/500  loss=nan  (cls=nan conf=nan skin=nan got=nan)  tr_acc=0.3354  val_acc=0.2487  val_auroc=nan  val_f1=0.1328  lr=1.13e-06
Running Validation...
Ep 445/500  loss=nan  (cls=nan conf=nan skin=nan got=nan)  tr_acc=0.3537  val_acc=0.2487  val_auroc=nan  val_f1=0.1328  lr=1.09e-06
[INFO] Pruned old checkpoint: checkpoint_ep435.pt
Running Validation...
Ep 446/500  loss=nan  (cls=nan conf=nan skin=nan got=nan)  tr_acc=0.3620  val_acc=0.2487  val_auroc=nan  val_f1=0.1328  lr=1.05e-06
Running Validation...
Ep 447/500  loss=nan  (cls=nan conf=nan skin=nan got=nan)  tr_acc=0.3285  val_acc=0.2487  val_auroc=nan  val_f1=0.1328  lr=1.02e-06
Running Validation...
Ep 448/500  loss=nan  (cls=nan conf=nan skin=nan got=nan)  tr_acc=0.3270  val_acc=0.2487  val_auroc=nan  val_f1=0.1328  lr=1.00e-06
Running Validation...
Ep 449/500  loss=nan  (cls=nan conf=nan skin=nan got=nan)  tr_acc=0.3369  val_acc=0.2487  val_auroc=nan  val_f1=0.1328  lr=1.00e-06
Running Validation...
Ep 450/500  loss=nan  (cls=nan conf=nan skin=nan got=nan)  tr_acc=0.3255  val_acc=0.2487  val_auroc=nan  val_f1=0.1328  lr=1.00e-06
[INFO] Pruned old checkpoint: checkpoint_ep440.pt
Running Validation...
Ep 451/500  loss=nan  (cls=nan conf=nan skin=nan got=nan)  tr_acc=0.3239  val_acc=0.2487  val_auroc=nan  val_f1=0.1328  lr=1.00e-06
Running Validation...
Ep 452/500  loss=nan  (cls=nan conf=nan skin=nan got=nan)  tr_acc=0.3247  val_acc=0.2487  val_auroc=nan  val_f1=0.1328  lr=1.00e-06
Running Validation...
Ep 453/500  loss=nan  (cls=nan conf=nan skin=nan got=nan)  tr_acc=0.3262  val_acc=0.2487  val_auroc=nan  val_f1=0.1328  lr=1.00e-06
Running Validation...
Ep 454/500  loss=nan  (cls=nan conf=nan skin=nan got=nan)  tr_acc=0.3392  val_acc=0.2487  val_auroc=nan  val_f1=0.1328  lr=1.00e-06
Running Validation...
Ep 455/500  loss=nan  (cls=nan conf=nan skin=nan got=nan)  tr_acc=0.3270  val_acc=0.2487  val_auroc=nan  val_f1=0.1328  lr=1.00e-06
[INFO] Pruned old checkpoint: checkpoint_ep445.pt
Running Validation...
Ep 456/500  loss=nan  (cls=nan conf=nan skin=nan got=nan)  tr_acc=0.3262  val_acc=0.2487  val_auroc=nan  val_f1=0.1328  lr=1.00e-06
Running Validation...
Ep 457/500  loss=nan  (cls=nan conf=nan skin=nan got=nan)  tr_acc=0.3171  val_acc=0.2487  val_auroc=nan  val_f1=0.1328  lr=1.00e-06
Running Validation...
Ep 458/500  loss=nan  (cls=nan conf=nan skin=nan got=nan)  tr_acc=0.3155  val_acc=0.2487  val_auroc=nan  val_f1=0.1328  lr=1.00e-06
Running Validation...
Ep 459/500  loss=nan  (cls=nan conf=nan skin=nan got=nan)  tr_acc=0.3445  val_acc=0.2487  val_auroc=nan  val_f1=0.1328  lr=1.00e-06
Running Validation...
Ep 460/500  loss=nan  (cls=nan conf=nan skin=nan got=nan)  tr_acc=0.3514  val_acc=0.2487  val_auroc=nan  val_f1=0.1328  lr=1.00e-06
[INFO] Pruned old checkpoint: checkpoint_ep450.pt
Running Validation...
Ep 461/500  loss=nan  (cls=nan conf=nan skin=nan got=nan)  tr_acc=0.3514  val_acc=0.2487  val_auroc=nan  val_f1=0.1328  lr=1.00e-06
Running Validation...
Ep 462/500  loss=nan  (cls=nan conf=nan skin=nan got=nan)  tr_acc=0.3285  val_acc=0.2487  val_auroc=nan  val_f1=0.1328  lr=1.00e-06
Running Validation...
Ep 463/500  loss=nan  (cls=nan conf=nan skin=nan got=nan)  tr_acc=0.3529  val_acc=0.2487  val_auroc=nan  val_f1=0.1328  lr=1.00e-06
Running Validation...
Ep 464/500  loss=nan  (cls=nan conf=nan skin=nan got=nan)  tr_acc=0.2988  val_acc=0.2487  val_auroc=nan  val_f1=0.1328  lr=1.00e-06
Running Validation...
Ep 465/500  loss=nan  (cls=nan conf=nan skin=nan got=nan)  tr_acc=0.3270  val_acc=0.2487  val_auroc=nan  val_f1=0.1328  lr=1.00e-06
[INFO] Pruned old checkpoint: checkpoint_ep455.pt
Running Validation...
Ep 466/500  loss=nan  (cls=nan conf=nan skin=nan got=nan)  tr_acc=0.3415  val_acc=0.2487  val_auroc=nan  val_f1=0.1328  lr=1.00e-06
Running Validation...
Ep 467/500  loss=nan  (cls=nan conf=nan skin=nan got=nan)  tr_acc=0.3140  val_acc=0.2487  val_auroc=nan  val_f1=0.1328  lr=1.00e-06
Running Validation...
Ep 468/500  loss=nan  (cls=nan conf=nan skin=nan got=nan)  tr_acc=0.3407  val_acc=0.2487  val_auroc=nan  val_f1=0.1328  lr=1.00e-06
Running Validation...
Ep 469/500  loss=nan  (cls=nan conf=nan skin=nan got=nan)  tr_acc=0.3110  val_acc=0.2487  val_auroc=nan  val_f1=0.1328  lr=1.00e-06
Running Validation...
Ep 470/500  loss=nan  (cls=nan conf=nan skin=nan got=nan)  tr_acc=0.3316  val_acc=0.2487  val_auroc=nan  val_f1=0.1328  lr=1.00e-06
[INFO] Pruned old checkpoint: checkpoint_ep460.pt
Running Validation...
Ep 471/500  loss=nan  (cls=nan conf=nan skin=nan got=nan)  tr_acc=0.3453  val_acc=0.2487  val_auroc=nan  val_f1=0.1328  lr=1.00e-06
Running Validation...
Ep 472/500  loss=nan  (cls=nan conf=nan skin=nan got=nan)  tr_acc=0.3178  val_acc=0.2487  val_auroc=nan  val_f1=0.1328  lr=1.00e-06
Running Validation...
Ep 473/500  loss=nan  (cls=nan conf=nan skin=nan got=nan)  tr_acc=0.3110  val_acc=0.2487  val_auroc=nan  val_f1=0.1328  lr=1.00e-06
Running Validation...
Ep 474/500  loss=nan  (cls=nan conf=nan skin=nan got=nan)  tr_acc=0.3415  val_acc=0.2487  val_auroc=nan  val_f1=0.1328  lr=1.00e-06
Running Validation...
Ep 475/500  loss=nan  (cls=nan conf=nan skin=nan got=nan)  tr_acc=0.3255  val_acc=0.2487  val_auroc=nan  val_f1=0.1328  lr=1.00e-06
[INFO] Pruned old checkpoint: checkpoint_ep465.pt
Running Validation...
Ep 476/500  loss=nan  (cls=nan conf=nan skin=nan got=nan)  tr_acc=0.3445  val_acc=0.2487  val_auroc=nan  val_f1=0.1328  lr=1.00e-06
Running Validation...
Ep 477/500  loss=nan  (cls=nan conf=nan skin=nan got=nan)  tr_acc=0.3346  val_acc=0.2487  val_auroc=nan  val_f1=0.1328  lr=1.00e-06
Running Validation...
Ep 478/500  loss=nan  (cls=nan conf=nan skin=nan got=nan)  tr_acc=0.3346  val_acc=0.2487  val_auroc=nan  val_f1=0.1328  lr=1.00e-06
Running Validation...
Ep 479/500  loss=nan  (cls=nan conf=nan skin=nan got=nan)  tr_acc=0.3262  val_acc=0.2487  val_auroc=nan  val_f1=0.1328  lr=1.00e-06
Running Validation...
Ep 480/500  loss=nan  (cls=nan conf=nan skin=nan got=nan)  tr_acc=0.3384  val_acc=0.2487  val_auroc=nan  val_f1=0.1328  lr=1.00e-06
[INFO] Pruned old checkpoint: checkpoint_ep470.pt
Running Validation...
Ep 481/500  loss=nan  (cls=nan conf=nan skin=nan got=nan)  tr_acc=0.3430  val_acc=0.2487  val_auroc=nan  val_f1=0.1328  lr=1.00e-06
Running Validation...
Ep 482/500  loss=nan  (cls=nan conf=nan skin=nan got=nan)  tr_acc=0.3529  val_acc=0.2487  val_auroc=nan  val_f1=0.1328  lr=1.00e-06
Running Validation...
Ep 483/500  loss=nan  (cls=nan conf=nan skin=nan got=nan)  tr_acc=0.3377  val_acc=0.2487  val_auroc=nan  val_f1=0.1328  lr=1.00e-06
Running Validation...
Ep 484/500  loss=nan  (cls=nan conf=nan skin=nan got=nan)  tr_acc=0.3079  val_acc=0.2487  val_auroc=nan  val_f1=0.1328  lr=1.00e-06
Running Validation...
Ep 485/500  loss=nan  (cls=nan conf=nan skin=nan got=nan)  tr_acc=0.3346  val_acc=0.2487  val_auroc=nan  val_f1=0.1328  lr=1.00e-06
[INFO] Pruned old checkpoint: checkpoint_ep475.pt
Running Validation...
Ep 486/500  loss=nan  (cls=nan conf=nan skin=nan got=nan)  tr_acc=0.3072  val_acc=0.2487  val_auroc=nan  val_f1=0.1328  lr=1.00e-06
Running Validation...
Ep 487/500  loss=nan  (cls=nan conf=nan skin=nan got=nan)  tr_acc=0.3323  val_acc=0.2487  val_auroc=nan  val_f1=0.1328  lr=1.00e-06
Running Validation...
Ep 488/500  loss=nan  (cls=nan conf=nan skin=nan got=nan)  tr_acc=0.3163  val_acc=0.2487  val_auroc=nan  val_f1=0.1328  lr=1.00e-06
Running Validation...
Ep 489/500  loss=nan  (cls=nan conf=nan skin=nan got=nan)  tr_acc=0.3460  val_acc=0.2487  val_auroc=nan  val_f1=0.1328  lr=1.00e-06
Running Validation...
Ep 490/500  loss=nan  (cls=nan conf=nan skin=nan got=nan)  tr_acc=0.3392  val_acc=0.2487  val_auroc=nan  val_f1=0.1328  lr=1.00e-06
[INFO] Pruned old checkpoint: checkpoint_ep480.pt
Running Validation...
Ep 491/500  loss=nan  (cls=nan conf=nan skin=nan got=nan)  tr_acc=0.3506  val_acc=0.2487  val_auroc=nan  val_f1=0.1328  lr=1.00e-06
Running Validation...
Ep 492/500  loss=nan  (cls=nan conf=nan skin=nan got=nan)  tr_acc=0.3270  val_acc=0.2487  val_auroc=nan  val_f1=0.1328  lr=1.00e-06
Running Validation...
Ep 493/500  loss=nan  (cls=nan conf=nan skin=nan got=nan)  tr_acc=0.3415  val_acc=0.2487  val_auroc=nan  val_f1=0.1328  lr=1.00e-06
Running Validation...
Ep 494/500  loss=nan  (cls=nan conf=nan skin=nan got=nan)  tr_acc=0.3438  val_acc=0.2487  val_auroc=nan  val_f1=0.1328  lr=1.00e-06
Running Validation...
Ep 495/500  loss=nan  (cls=nan conf=nan skin=nan got=nan)  tr_acc=0.3331  val_acc=0.2487  val_auroc=nan  val_f1=0.1328  lr=1.00e-06
[INFO] Pruned old checkpoint: checkpoint_ep485.pt
Running Validation...
Ep 496/500  loss=nan  (cls=nan conf=nan skin=nan got=nan)  tr_acc=0.3323  val_acc=0.2487  val_auroc=nan  val_f1=0.1328  lr=1.00e-06
Running Validation...
Ep 497/500  loss=nan  (cls=nan conf=nan skin=nan got=nan)  tr_acc=0.3438  val_acc=0.2487  val_auroc=nan  val_f1=0.1328  lr=1.00e-06
Running Validation...
Ep 498/500  loss=nan  (cls=nan conf=nan skin=nan got=nan)  tr_acc=0.3491  val_acc=0.2487  val_auroc=nan  val_f1=0.1328  lr=1.00e-06
Running Validation...
Ep 499/500  loss=nan  (cls=nan conf=nan skin=nan got=nan)  tr_acc=0.3506  val_acc=0.2487  val_auroc=nan  val_f1=0.1328  lr=1.00e-06
Running Validation...
Ep 500/500  loss=nan  (cls=nan conf=nan skin=nan got=nan)  tr_acc=0.3186  val_acc=0.2487  val_auroc=nan  val_f1=0.1328  lr=1.00e-06
[INFO] Pruned old checkpoint: checkpoint_ep490.pt
Training complete. Best AUROC: 0.9629, Best F1: 0.8459
Loaded best model from best_f1_model.pt (epoch 35)
Running Validation (final)...

Binary fairness (Validation):
  Acc_light: 0.8882  (FST I–III)
  Acc_dark : 0.7333  (FST IV–VI)
  Acc_gap  : 0.1549
  DP_diff  : 0.1217
  EOpp0    : 0.4763
  EOpp1    : 0.1027
  EOdd     : 0.2895
Running Test...

[PatchAlign ViT] Test KNN (k=5) accuracy: 0.9323

Binary fairness (Test):
  Acc_light: 0.9419  (FST I–III)
  Acc_dark : 0.8431  (FST IV–VI)
  Acc_gap  : 0.0988
  DP_diff  : 0.1517
  EOpp0    : 0.2777
  EOpp1    : 0.1339
  EOdd     : 0.2058

Evaluating on fitzpatrick17k
Running Cross-eval: fitzpatrick17k...

Binary fairness (fitzpatrick17k):
  Acc_light: 0.5970  (FST I–III)
  Acc_dark : 0.5504  (FST IV–VI)
  Acc_gap  : 0.0465
  DP_diff  : 0.0776
  EOpp0    : 0.1018
  EOpp1    : 0.0683
  EOdd     : 0.0850

Evaluating on padufes20
Running Cross-eval: padufes20...

Binary fairness (padufes20):
  Acc_light: 0.7903  (FST I–III)
  Acc_dark : 0.7143  (FST IV–VI)
  Acc_gap  : 0.0760
  DP_diff  : 0.1375
  EOpp0    : 0.1063
  EOpp1    : 0.0630
  EOdd     : 0.0847

Evaluating on isic2019
Running Cross-eval: isic2019...

Binary fairness (isic2019):
  Acc_light: nan  (FST I–III)
  Acc_dark : nan  (FST IV–VI)
  Acc_gap  : nan
  DP_diff  : nan
  EOpp0    : nan
  EOpp1    : nan
  EOdd     : nan

Cross-dataset summary:
                 accuracy     auroc  precision  ...       EOM       PQD       DPM
fitzpatrick17k  0.590041  0.804019   0.625118  ...  0.509637  0.837748  0.302928
padufes20       0.750219  0.886596   0.643424  ...  0.507310  0.887769  0.475442
isic2019        0.733707  0.862576   0.693964  ...       NaN       NaN       NaN

[3 rows x 10 columns]

All results saved to outputs_patchalign_vit/results_PatchAlign_vit
Checkpoints saved to outputs_patchalign_vit/checkpoints_PatchAlign_vit
=========================================
Finished: Wed Jun 24 11:17:59 PM CEST 2026
Exit code: 0

[DONE] Training completed successfully.
Outputs:
  Checkpoints → 20260623-process/outputs_patchalign_vit/checkpoints/
  Results     → 20260623-process/outputs_patchalign_vit/results/
  CSVs        → 20260623-process/outputs_patchalign_vit/csvs/
