=========================================
Job:       train_patchalign_vit  (413453)
Node:      bigpu04
Started:   Tue May 26 08:10:20 PM CEST 2026
=========================================
[INFO] No HF token found at /users/jlacmou/.hf_token — downloads may be slow.
[INFO] No kaggle.json found in process_patchalign_vit. Relying on ~/.kaggle/ or env vars.
[SETUP] Installing / verifying Python dependencies...

── GPU info ──────────────────────────────
Tesla V100-PCIE-32GB, 32768 MiB, 575.57.08
PyTorch : 2.12.0+cu126
CUDA    : 12.6
Devices : 1
GPU 0   : Tesla V100-PCIE-32GB
VRAM    : 34.1 GB
──────────────────────────────────────────

[CHECK] Validating dataset roots...
  [OK]      process_patchalign_vit/data/datasets/asosenge/hibaskinlesionsdataset-main
  [OK]      process_patchalign_vit/data/datasets/asosenge/fitzpatrick17k
  [OK]      process_patchalign_vit/data/datasets/asosenge/ham10000
  [OK]      process_patchalign_vit/data/datasets/asosenge/derm7pt
  [OK]      process_patchalign_vit/data/datasets/mahdavi1202/skin-cancer
  [OK]      process_patchalign_vit/data/datasets/sengenjih/isic2019

[CONVERT] Converting notebook to Python script...
[PATCH] Redirecting Kaggle paths → cluster paths...
  DATA_ROOT  → process_patchalign_vit/data/datasets
  WORK_ROOT  → process_patchalign_vit/outputs
  BB_CACHE   → process_patchalign_vit/backbone_cache
  Patch applied successfully.

[RUN] Starting training — Tue May 26 08:10:59 PM CEST 2026
=========================================
Device: cuda
CSV dir      : outputs/csvs
Checkpoints  : outputs/checkpoints_PatchAlign_vit
Results      : outputs/results_PatchAlign_vit
Image roots:
  hiba           : process_patchalign_vit/data/datasets/asosenge/hibaskinlesionsdataset-main/HIBASkinLesionsDataset-main/images
  fitzpatrick17k : process_patchalign_vit/data/datasets/asosenge/fitzpatrick17k/fitzpatrick17k/data/finalfitz17k
  ham10000       : process_patchalign_vit/data/datasets/asosenge/ham10000/HAM10000
  derm7pt        : process_patchalign_vit/data/datasets/asosenge/derm7pt/release_v0/images
  padufes20      : process_patchalign_vit/data/datasets/mahdavi1202/skin-cancer
  isic2019       : process_patchalign_vit/data/datasets/sengenjih/isic2019
Loaded full embedding matrix: (115, 768)
Selected embeddings: (6, 768)
[INFO] Built image map for hiba: 1616 entries
[INFO] Built image map for fitzpatrick17k: 16577 entries
[INFO] Built image map for ham10000: 20030 entries
[INFO] Built image map for derm7pt: 2013 entries
[INFO] Built image map for padufes20: 2298 entries
[INFO] Built image map for isic2019: 33569 entries
[INFO] Loaded derm7pt paired eval set: 869 samples
[INFO] Loaded padufes20 unpaired eval set: 2063 samples
[INFO] Loaded isic2019 unpaired eval set: 27551 samples
Train batches: 273, Val batches: 59
Test batches: 59
Cross-eval loaders: ['derm7pt', 'padufes20', 'isic2019']
Running Validation...
Ep   1/500  loss=5.1129  (cls=2.390 conf=1.945 skin=1.673 got=0.077)  tr_acc=0.2003  val_acc=0.2784  val_auroc=0.5771  val_f1=0.1974  lr=6.00e-07
Running Validation...
Ep   2/500  loss=4.6673  (cls=1.888 conf=1.901 skin=1.763 got=0.066)  tr_acc=0.2956  val_acc=0.5611  val_auroc=0.7613  val_f1=0.3715  lr=9.00e-07
Running Validation...
Ep   3/500  loss=4.4176  (cls=1.580 conf=1.877 skin=1.849 got=0.049)  tr_acc=0.4021  val_acc=0.6117  val_auroc=0.8332  val_f1=0.4516  lr=1.20e-06
Running Validation...
Ep   4/500  loss=4.2137  (cls=1.368 conf=1.863 skin=1.880 got=0.035)  tr_acc=0.4660  val_acc=0.6320  val_auroc=0.8686  val_f1=0.4951  lr=1.50e-06
Running Validation...
Ep   5/500  loss=4.0147  (cls=1.213 conf=1.852 skin=1.849 got=0.027)  tr_acc=0.5159  val_acc=0.6629  val_auroc=0.8914  val_f1=0.5463  lr=1.80e-06
Running Validation...
Ep   6/500  loss=3.8681  (cls=1.087 conf=1.841 skin=1.840 got=0.021)  tr_acc=0.5636  val_acc=0.6896  val_auroc=0.9067  val_f1=0.5747  lr=2.10e-06
Running Validation...
Ep   7/500  loss=3.7501  (cls=0.988 conf=1.832 skin=1.828 got=0.018)  tr_acc=0.6155  val_acc=0.7115  val_auroc=0.9204  val_f1=0.6028  lr=2.40e-06
Running Validation...
Ep   8/500  loss=3.6480  (cls=0.898 conf=1.825 skin=1.821 got=0.016)  tr_acc=0.6495  val_acc=0.7168  val_auroc=0.9317  val_f1=0.6297  lr=2.70e-06
Running Validation...
Ep   9/500  loss=3.5454  (cls=0.800 conf=1.819 skin=1.821 got=0.014)  tr_acc=0.6925  val_acc=0.7317  val_auroc=0.9377  val_f1=0.6458  lr=3.00e-06
Running Validation...
Ep  10/500  loss=3.4498  (cls=0.717 conf=1.817 skin=1.811 got=0.013)  tr_acc=0.7241  val_acc=0.7691  val_auroc=0.9471  val_f1=0.6784  lr=3.30e-06
Running Validation...
Ep  11/500  loss=3.3851  (cls=0.653 conf=1.815 skin=1.813 got=0.012)  tr_acc=0.7466  val_acc=0.7680  val_auroc=0.9513  val_f1=0.6907  lr=3.60e-06
Running Validation...
Ep  12/500  loss=3.3385  (cls=0.610 conf=1.813 skin=1.812 got=0.011)  tr_acc=0.7711  val_acc=0.7648  val_auroc=0.9526  val_f1=0.6809  lr=3.90e-06
Running Validation...
Ep  13/500  loss=3.2676  (cls=0.546 conf=1.811 skin=1.806 got=0.010)  tr_acc=0.7929  val_acc=0.7893  val_auroc=0.9592  val_f1=0.7115  lr=4.20e-06
Running Validation...
Ep  14/500  loss=3.2174  (cls=0.498 conf=1.809 skin=1.805 got=0.009)  tr_acc=0.8119  val_acc=0.8149  val_auroc=0.9614  val_f1=0.7310  lr=4.50e-06
Running Validation...
Ep  15/500  loss=3.1717  (cls=0.453 conf=1.809 skin=1.806 got=0.009)  tr_acc=0.8275  val_acc=0.7861  val_auroc=0.9616  val_f1=0.7210  lr=4.80e-06
Running Validation...
Ep  16/500  loss=3.1075  (cls=0.388 conf=1.808 skin=1.807 got=0.008)  tr_acc=0.8524  val_acc=0.8096  val_auroc=0.9632  val_f1=0.7363  lr=5.10e-06
Running Validation...
Ep  17/500  loss=3.0778  (cls=0.360 conf=1.807 skin=1.806 got=0.008)  tr_acc=0.8671  val_acc=0.8304  val_auroc=0.9655  val_f1=0.7467  lr=5.40e-06
Running Validation...
Ep  18/500  loss=3.0311  (cls=0.315 conf=1.806 skin=1.806 got=0.008)  tr_acc=0.8839  val_acc=0.8059  val_auroc=0.9652  val_f1=0.7309  lr=5.70e-06
Running Validation...
Ep  19/500  loss=3.0027  (cls=0.287 conf=1.805 skin=1.806 got=0.007)  tr_acc=0.8924  val_acc=0.8213  val_auroc=0.9647  val_f1=0.7392  lr=6.00e-06
Running Validation...
Ep  20/500  loss=2.9749  (cls=0.261 conf=1.803 skin=1.806 got=0.007)  tr_acc=0.9012  val_acc=0.8203  val_auroc=0.9666  val_f1=0.7414  lr=6.30e-06
Running Validation...
Ep  21/500  loss=2.9351  (cls=0.224 conf=1.803 skin=1.803 got=0.006)  tr_acc=0.9212  val_acc=0.8400  val_auroc=0.9675  val_f1=0.7673  lr=6.60e-06
Running Validation...
Ep  22/500  loss=2.9092  (cls=0.204 conf=1.801 skin=1.799 got=0.006)  tr_acc=0.9271  val_acc=0.8160  val_auroc=0.9688  val_f1=0.7504  lr=6.90e-06
Running Validation...
Ep  23/500  loss=2.8948  (cls=0.191 conf=1.800 skin=1.798 got=0.006)  tr_acc=0.9344  val_acc=0.8496  val_auroc=0.9697  val_f1=0.7705  lr=7.20e-06
Running Validation...
Ep  24/500  loss=2.8766  (cls=0.172 conf=1.799 skin=1.800 got=0.005)  tr_acc=0.9402  val_acc=0.8005  val_auroc=0.9678  val_f1=0.7534  lr=7.50e-06
Running Validation...
Ep  25/500  loss=2.8548  (cls=0.150 conf=1.798 skin=1.801 got=0.005)  tr_acc=0.9473  val_acc=0.8459  val_auroc=0.9686  val_f1=0.7793  lr=7.80e-06
Running Validation...
Ep  26/500  loss=2.8442  (cls=0.142 conf=1.797 skin=1.798 got=0.005)  tr_acc=0.9509  val_acc=0.8384  val_auroc=0.9687  val_f1=0.7682  lr=8.10e-06
Running Validation...
Ep  27/500  loss=2.8327  (cls=0.132 conf=1.797 skin=1.798 got=0.005)  tr_acc=0.9548  val_acc=0.8619  val_auroc=0.9716  val_f1=0.7852  lr=8.40e-06
Running Validation...
Ep  28/500  loss=2.8225  (cls=0.123 conf=1.796 skin=1.797 got=0.005)  tr_acc=0.9586  val_acc=0.8453  val_auroc=0.9696  val_f1=0.7911  lr=8.70e-06
Running Validation...
Ep  29/500  loss=2.8157  (cls=0.117 conf=1.795 skin=1.796 got=0.004)  tr_acc=0.9582  val_acc=0.8448  val_auroc=0.9692  val_f1=0.7918  lr=9.00e-06
Running Validation...
Ep  30/500  loss=2.8116  (cls=0.114 conf=1.795 skin=1.796 got=0.004)  tr_acc=0.9601  val_acc=0.8544  val_auroc=0.9703  val_f1=0.7784  lr=9.30e-06
Running Validation...
Ep  31/500  loss=2.8006  (cls=0.103 conf=1.795 skin=1.797 got=0.004)  tr_acc=0.9647  val_acc=0.8608  val_auroc=0.9705  val_f1=0.7960  lr=9.60e-06
Running Validation...
Ep  32/500  loss=2.8032  (cls=0.108 conf=1.794 skin=1.794 got=0.004)  tr_acc=0.9620  val_acc=0.8635  val_auroc=0.9699  val_f1=0.7930  lr=9.90e-06
Running Validation...
Ep  33/500  loss=2.7971  (cls=0.100 conf=1.794 skin=1.796 got=0.004)  tr_acc=0.9667  val_acc=0.8683  val_auroc=0.9697  val_f1=0.7942  lr=1.02e-05
Running Validation...
Ep  34/500  loss=2.7752  (cls=0.082 conf=1.794 skin=1.793 got=0.004)  tr_acc=0.9720  val_acc=0.8571  val_auroc=0.9698  val_f1=0.7820  lr=1.05e-05
Running Validation...
Ep  35/500  loss=2.7742  (cls=0.081 conf=1.793 skin=1.792 got=0.004)  tr_acc=0.9729  val_acc=0.8704  val_auroc=0.9717  val_f1=0.8054  lr=1.08e-05
Running Validation...
Ep  36/500  loss=2.7809  (cls=0.087 conf=1.793 skin=1.794 got=0.004)  tr_acc=0.9725  val_acc=0.8645  val_auroc=0.9724  val_f1=0.7905  lr=1.11e-05
Running Validation...
Ep  37/500  loss=2.7684  (cls=0.076 conf=1.793 skin=1.792 got=0.004)  tr_acc=0.9750  val_acc=0.8251  val_auroc=0.9693  val_f1=0.7699  lr=1.14e-05
Running Validation...
Ep  38/500  loss=2.7703  (cls=0.078 conf=1.793 skin=1.792 got=0.004)  tr_acc=0.9768  val_acc=0.8720  val_auroc=0.9721  val_f1=0.7970  lr=1.17e-05
Running Validation...
Ep  39/500  loss=2.7645  (cls=0.072 conf=1.793 skin=1.793 got=0.004)  tr_acc=0.9780  val_acc=0.8544  val_auroc=0.9700  val_f1=0.7958  lr=1.20e-05
Running Validation...
Ep  40/500  loss=2.7583  (cls=0.065 conf=1.792 skin=1.793 got=0.003)  tr_acc=0.9784  val_acc=0.8683  val_auroc=0.9723  val_f1=0.7972  lr=1.23e-05
Running Validation...
Ep  41/500  loss=2.7604  (cls=0.070 conf=1.792 skin=1.791 got=0.003)  tr_acc=0.9786  val_acc=0.8688  val_auroc=0.9718  val_f1=0.7929  lr=1.26e-05
Running Validation...
Ep  42/500  loss=2.7611  (cls=0.070 conf=1.792 skin=1.792 got=0.003)  tr_acc=0.9816  val_acc=0.8704  val_auroc=0.9694  val_f1=0.8004  lr=1.29e-05
Running Validation...
Ep  43/500  loss=2.7612  (cls=0.069 conf=1.792 skin=1.792 got=0.003)  tr_acc=0.9776  val_acc=0.8384  val_auroc=0.9659  val_f1=0.7809  lr=1.32e-05
Running Validation...
Ep  44/500  loss=2.7438  (cls=0.052 conf=1.792 skin=1.792 got=0.003)  tr_acc=0.9829  val_acc=0.8603  val_auroc=0.9684  val_f1=0.7969  lr=1.35e-05
Running Validation...
Ep  45/500  loss=2.7543  (cls=0.064 conf=1.792 skin=1.791 got=0.003)  tr_acc=0.9817  val_acc=0.8565  val_auroc=0.9666  val_f1=0.7910  lr=1.38e-05
Running Validation...
Ep  46/500  loss=2.7487  (cls=0.058 conf=1.792 skin=1.792 got=0.003)  tr_acc=0.9823  val_acc=0.8667  val_auroc=0.9702  val_f1=0.7981  lr=1.41e-05
Running Validation...
Ep  47/500  loss=2.7444  (cls=0.053 conf=1.792 skin=1.792 got=0.003)  tr_acc=0.9832  val_acc=0.8683  val_auroc=0.9697  val_f1=0.8098  lr=1.44e-05
Running Validation...
Ep  48/500  loss=2.7479  (cls=0.057 conf=1.792 skin=1.792 got=0.003)  tr_acc=0.9847  val_acc=0.8645  val_auroc=0.9679  val_f1=0.7995  lr=1.47e-05
Running Validation...
Ep  49/500  loss=2.7448  (cls=0.055 conf=1.792 skin=1.791 got=0.003)  tr_acc=0.9819  val_acc=0.8661  val_auroc=0.9704  val_f1=0.8005  lr=1.50e-05
Running Validation...
Ep  50/500  loss=2.7341  (cls=0.044 conf=1.792 skin=1.791 got=0.003)  tr_acc=0.9863  val_acc=0.8677  val_auroc=0.9705  val_f1=0.8091  lr=1.53e-05
Running Validation...
Ep  51/500  loss=2.7470  (cls=0.057 conf=1.792 skin=1.791 got=0.003)  tr_acc=0.9841  val_acc=0.8715  val_auroc=0.9732  val_f1=0.7944  lr=1.56e-05
Running Validation...
Ep  52/500  loss=2.7443  (cls=0.053 conf=1.792 skin=1.792 got=0.003)  tr_acc=0.9852  val_acc=0.8613  val_auroc=0.9689  val_f1=0.7831  lr=1.59e-05
Running Validation...
Ep  53/500  loss=2.7384  (cls=0.048 conf=1.792 skin=1.791 got=0.003)  tr_acc=0.9863  val_acc=0.8651  val_auroc=0.9710  val_f1=0.7909  lr=1.62e-05
Running Validation...
Ep  54/500  loss=2.7358  (cls=0.046 conf=1.792 skin=1.791 got=0.003)  tr_acc=0.9881  val_acc=0.8613  val_auroc=0.9673  val_f1=0.7826  lr=1.65e-05
Running Validation...
Ep  55/500  loss=2.7443  (cls=0.054 conf=1.792 skin=1.792 got=0.003)  tr_acc=0.9863  val_acc=0.8651  val_auroc=0.9703  val_f1=0.7869  lr=1.68e-05
Running Validation...
Ep  56/500  loss=2.7339  (cls=0.043 conf=1.792 skin=1.792 got=0.003)  tr_acc=0.9868  val_acc=0.8608  val_auroc=0.9680  val_f1=0.7768  lr=1.71e-05
Running Validation...
Ep  57/500  loss=2.7409  (cls=0.051 conf=1.792 skin=1.791 got=0.003)  tr_acc=0.9861  val_acc=0.8635  val_auroc=0.9692  val_f1=0.7838  lr=1.74e-05
Running Validation...
Ep  58/500  loss=2.7408  (cls=0.051 conf=1.792 skin=1.791 got=0.003)  tr_acc=0.9855  val_acc=0.8549  val_auroc=0.9689  val_f1=0.7925  lr=1.77e-05
Running Validation...
Ep  59/500  loss=nan  (cls=0.054 conf=1.792 skin=1.792 got=nan)  tr_acc=0.9865  val_acc=0.8635  val_auroc=0.9658  val_f1=0.7739  lr=1.80e-05
Running Validation...
Ep  60/500  loss=nan  (cls=0.070 conf=1.792 skin=1.792 got=nan)  tr_acc=0.9817  val_acc=0.8635  val_auroc=0.9658  val_f1=0.7739  lr=1.83e-05
Running Validation...
Ep  61/500  loss=nan  (cls=0.074 conf=1.792 skin=1.792 got=nan)  tr_acc=0.9817  val_acc=0.8635  val_auroc=0.9658  val_f1=0.7739  lr=1.86e-05
Running Validation...
Ep  62/500  loss=nan  (cls=0.073 conf=1.792 skin=1.792 got=nan)  tr_acc=0.9811  val_acc=0.8635  val_auroc=0.9658  val_f1=0.7739  lr=1.89e-05
Running Validation...
Ep  63/500  loss=nan  (cls=0.078 conf=1.792 skin=1.792 got=nan)  tr_acc=0.9811  val_acc=0.8635  val_auroc=0.9658  val_f1=0.7739  lr=1.92e-05
Running Validation...
Ep  64/500  loss=nan  (cls=0.078 conf=1.792 skin=1.792 got=nan)  tr_acc=0.9808  val_acc=0.8635  val_auroc=0.9658  val_f1=0.7739  lr=1.95e-05
Running Validation...
Ep  65/500  loss=nan  (cls=0.065 conf=1.792 skin=1.792 got=nan)  tr_acc=0.9826  val_acc=0.8635  val_auroc=0.9658  val_f1=0.7739  lr=1.98e-05
Running Validation...
Ep  66/500  loss=nan  (cls=0.074 conf=1.792 skin=1.792 got=nan)  tr_acc=0.9813  val_acc=0.8635  val_auroc=0.9658  val_f1=0.7739  lr=2.01e-05
Running Validation...
Ep  67/500  loss=nan  (cls=0.074 conf=1.792 skin=1.792 got=nan)  tr_acc=0.9805  val_acc=0.8635  val_auroc=0.9658  val_f1=0.7739  lr=2.04e-05
Running Validation...
Ep  68/500  loss=nan  (cls=0.071 conf=1.792 skin=1.792 got=nan)  tr_acc=0.9823  val_acc=0.8635  val_auroc=0.9658  val_f1=0.7739  lr=2.07e-05
Running Validation...
Ep  69/500  loss=nan  (cls=0.069 conf=1.792 skin=1.792 got=nan)  tr_acc=0.9818  val_acc=0.8635  val_auroc=0.9658  val_f1=0.7739  lr=2.10e-05
Running Validation...
Ep  70/500  loss=nan  (cls=0.071 conf=1.792 skin=1.792 got=nan)  tr_acc=0.9809  val_acc=0.8635  val_auroc=0.9658  val_f1=0.7739  lr=2.13e-05
Running Validation...
Ep  71/500  loss=nan  (cls=0.069 conf=1.792 skin=1.792 got=nan)  tr_acc=0.9813  val_acc=0.8635  val_auroc=0.9658  val_f1=0.7739  lr=2.16e-05
Running Validation...
Ep  72/500  loss=nan  (cls=0.079 conf=1.792 skin=1.792 got=nan)  tr_acc=0.9813  val_acc=0.8635  val_auroc=0.9658  val_f1=0.7739  lr=2.19e-05
Running Validation...
Ep  73/500  loss=nan  (cls=0.082 conf=1.792 skin=1.792 got=nan)  tr_acc=0.9810  val_acc=0.8635  val_auroc=0.9658  val_f1=0.7739  lr=2.22e-05
Running Validation...
Ep  74/500  loss=nan  (cls=0.077 conf=1.792 skin=1.792 got=nan)  tr_acc=0.9815  val_acc=0.8635  val_auroc=0.9658  val_f1=0.7739  lr=2.25e-05
Running Validation...
Ep  75/500  loss=nan  (cls=0.074 conf=1.792 skin=1.792 got=nan)  tr_acc=0.9799  val_acc=0.8635  val_auroc=0.9658  val_f1=0.7739  lr=2.28e-05
Running Validation...
Ep  76/500  loss=nan  (cls=0.070 conf=1.792 skin=1.792 got=nan)  tr_acc=0.9819  val_acc=0.8635  val_auroc=0.9658  val_f1=0.7739  lr=2.31e-05
Running Validation...
Ep  77/500  loss=nan  (cls=0.067 conf=1.792 skin=1.792 got=nan)  tr_acc=0.9833  val_acc=0.8635  val_auroc=0.9658  val_f1=0.7739  lr=2.34e-05
Running Validation...
Ep  78/500  loss=nan  (cls=0.081 conf=1.792 skin=1.792 got=nan)  tr_acc=0.9800  val_acc=0.8635  val_auroc=0.9658  val_f1=0.7739  lr=2.37e-05
Running Validation...
Ep  79/500  loss=nan  (cls=0.071 conf=1.792 skin=1.792 got=nan)  tr_acc=0.9818  val_acc=0.8635  val_auroc=0.9658  val_f1=0.7739  lr=2.40e-05
Running Validation...
Ep  80/500  loss=nan  (cls=0.068 conf=1.792 skin=1.792 got=nan)  tr_acc=0.9828  val_acc=0.8635  val_auroc=0.9658  val_f1=0.7739  lr=2.43e-05
Running Validation...
Ep  81/500  loss=nan  (cls=0.073 conf=1.792 skin=1.792 got=nan)  tr_acc=0.9824  val_acc=0.8635  val_auroc=0.9658  val_f1=0.7739  lr=2.46e-05
Running Validation...
Ep  82/500  loss=nan  (cls=0.070 conf=1.792 skin=1.792 got=nan)  tr_acc=0.9828  val_acc=0.8635  val_auroc=0.9658  val_f1=0.7739  lr=2.49e-05
Running Validation...
Ep  83/500  loss=nan  (cls=0.071 conf=1.792 skin=1.792 got=nan)  tr_acc=0.9816  val_acc=0.8635  val_auroc=0.9658  val_f1=0.7739  lr=2.52e-05
Running Validation...
Ep  84/500  loss=nan  (cls=0.071 conf=1.792 skin=1.792 got=nan)  tr_acc=0.9832  val_acc=0.8635  val_auroc=0.9658  val_f1=0.7739  lr=2.55e-05
Running Validation...
Ep  85/500  loss=nan  (cls=0.075 conf=1.792 skin=1.792 got=nan)  tr_acc=0.9823  val_acc=0.8635  val_auroc=0.9658  val_f1=0.7739  lr=2.58e-05
Running Validation...
Ep  86/500  loss=nan  (cls=0.066 conf=1.792 skin=1.792 got=nan)  tr_acc=0.9811  val_acc=0.8635  val_auroc=0.9658  val_f1=0.7739  lr=2.61e-05
Running Validation...
Ep  87/500  loss=nan  (cls=0.076 conf=1.792 skin=1.792 got=nan)  tr_acc=0.9824  val_acc=0.8635  val_auroc=0.9658  val_f1=0.7739  lr=2.64e-05
Running Validation...
Ep  88/500  loss=nan  (cls=0.081 conf=1.792 skin=1.792 got=nan)  tr_acc=0.9800  val_acc=0.8635  val_auroc=0.9658  val_f1=0.7739  lr=2.67e-05
Running Validation...
Ep  89/500  loss=nan  (cls=0.068 conf=1.792 skin=1.792 got=nan)  tr_acc=0.9834  val_acc=0.8635  val_auroc=0.9658  val_f1=0.7739  lr=2.70e-05
Running Validation...
Ep  90/500  loss=nan  (cls=0.077 conf=1.792 skin=1.792 got=nan)  tr_acc=0.9811  val_acc=0.8635  val_auroc=0.9658  val_f1=0.7739  lr=2.73e-05
Running Validation...
Ep  91/500  loss=nan  (cls=0.056 conf=1.792 skin=1.792 got=nan)  tr_acc=0.9841  val_acc=0.8635  val_auroc=0.9658  val_f1=0.7739  lr=2.76e-05
Running Validation...
Ep  92/500  loss=nan  (cls=0.065 conf=1.792 skin=1.792 got=nan)  tr_acc=0.9823  val_acc=0.8635  val_auroc=0.9658  val_f1=0.7739  lr=2.79e-05
Running Validation...
Ep  93/500  loss=nan  (cls=0.071 conf=1.792 skin=1.792 got=nan)  tr_acc=0.9815  val_acc=0.8635  val_auroc=0.9658  val_f1=0.7739  lr=2.82e-05
Running Validation...
Ep  94/500  loss=nan  (cls=0.071 conf=1.792 skin=1.792 got=nan)  tr_acc=0.9815  val_acc=0.8635  val_auroc=0.9658  val_f1=0.7739  lr=2.85e-05
Running Validation...
Ep  95/500  loss=nan  (cls=0.080 conf=1.792 skin=1.792 got=nan)  tr_acc=0.9794  val_acc=0.8635  val_auroc=0.9658  val_f1=0.7739  lr=2.88e-05
Running Validation...
Ep  96/500  loss=nan  (cls=0.061 conf=1.792 skin=1.792 got=nan)  tr_acc=0.9826  val_acc=0.8635  val_auroc=0.9658  val_f1=0.7739  lr=2.91e-05
Running Validation...
Ep  97/500  loss=nan  (cls=0.078 conf=1.792 skin=1.792 got=nan)  tr_acc=0.9812  val_acc=0.8635  val_auroc=0.9658  val_f1=0.7739  lr=2.94e-05
Running Validation...
Ep  98/500  loss=nan  (cls=0.071 conf=1.792 skin=1.792 got=nan)  tr_acc=0.9813  val_acc=0.8635  val_auroc=0.9658  val_f1=0.7739  lr=2.97e-05
Running Validation...
Ep  99/500  loss=nan  (cls=0.079 conf=1.792 skin=1.792 got=nan)  tr_acc=0.9812  val_acc=0.8635  val_auroc=0.9658  val_f1=0.7739  lr=3.00e-05
Running Validation...
Ep 100/500  loss=nan  (cls=0.064 conf=1.792 skin=1.792 got=nan)  tr_acc=0.9825  val_acc=0.8635  val_auroc=0.9658  val_f1=0.7739  lr=3.00e-05
Running Validation...
Ep 101/500  loss=nan  (cls=0.073 conf=1.792 skin=1.792 got=nan)  tr_acc=0.9816  val_acc=0.8635  val_auroc=0.9658  val_f1=0.7739  lr=3.00e-05
Running Validation...
Ep 102/500  loss=nan  (cls=0.075 conf=1.792 skin=1.792 got=nan)  tr_acc=0.9820  val_acc=0.8635  val_auroc=0.9658  val_f1=0.7739  lr=3.00e-05
Running Validation...
Ep 103/500  loss=nan  (cls=0.072 conf=1.792 skin=1.792 got=nan)  tr_acc=0.9808  val_acc=0.8635  val_auroc=0.9658  val_f1=0.7739  lr=3.00e-05
Running Validation...
Ep 104/500  loss=nan  (cls=0.066 conf=1.792 skin=1.792 got=nan)  tr_acc=0.9827  val_acc=0.8635  val_auroc=0.9658  val_f1=0.7739  lr=3.00e-05
Running Validation...
Ep 105/500  loss=nan  (cls=0.073 conf=1.792 skin=1.792 got=nan)  tr_acc=0.9823  val_acc=0.8635  val_auroc=0.9658  val_f1=0.7739  lr=3.00e-05
Running Validation...
Ep 106/500  loss=nan  (cls=0.076 conf=1.792 skin=1.792 got=nan)  tr_acc=0.9819  val_acc=0.8635  val_auroc=0.9658  val_f1=0.7739  lr=3.00e-05
Running Validation...
Ep 107/500  loss=nan  (cls=0.078 conf=1.792 skin=1.792 got=nan)  tr_acc=0.9827  val_acc=0.8635  val_auroc=0.9658  val_f1=0.7739  lr=3.00e-05
Running Validation...
Ep 108/500  loss=nan  (cls=0.071 conf=1.792 skin=1.792 got=nan)  tr_acc=0.9824  val_acc=0.8635  val_auroc=0.9658  val_f1=0.7739  lr=3.00e-05
Running Validation...
Ep 109/500  loss=nan  (cls=0.073 conf=1.792 skin=1.792 got=nan)  tr_acc=0.9805  val_acc=0.8635  val_auroc=0.9658  val_f1=0.7739  lr=3.00e-05
Running Validation...
Ep 110/500  loss=nan  (cls=0.085 conf=1.792 skin=1.792 got=nan)  tr_acc=0.9792  val_acc=0.8635  val_auroc=0.9658  val_f1=0.7739  lr=3.00e-05
Running Validation...
Ep 111/500  loss=nan  (cls=0.083 conf=1.792 skin=1.792 got=nan)  tr_acc=0.9783  val_acc=0.8635  val_auroc=0.9658  val_f1=0.7739  lr=2.99e-05
Running Validation...
Ep 112/500  loss=nan  (cls=0.067 conf=1.792 skin=1.792 got=nan)  tr_acc=0.9823  val_acc=0.8635  val_auroc=0.9658  val_f1=0.7739  lr=2.99e-05
Running Validation...
Ep 113/500  loss=nan  (cls=0.073 conf=1.792 skin=1.792 got=nan)  tr_acc=0.9821  val_acc=0.8635  val_auroc=0.9658  val_f1=0.7739  lr=2.99e-05
Running Validation...
Ep 114/500  loss=nan  (cls=0.073 conf=1.792 skin=1.792 got=nan)  tr_acc=0.9826  val_acc=0.8635  val_auroc=0.9658  val_f1=0.7739  lr=2.99e-05
Running Validation...
Ep 115/500  loss=nan  (cls=0.068 conf=1.792 skin=1.792 got=nan)  tr_acc=0.9831  val_acc=0.8635  val_auroc=0.9658  val_f1=0.7739  lr=2.99e-05
Running Validation...
Ep 116/500  loss=nan  (cls=0.072 conf=1.792 skin=1.792 got=nan)  tr_acc=0.9815  val_acc=0.8635  val_auroc=0.9658  val_f1=0.7739  lr=2.99e-05
Running Validation...
Ep 117/500  loss=nan  (cls=0.081 conf=1.792 skin=1.792 got=nan)  tr_acc=0.9793  val_acc=0.8635  val_auroc=0.9658  val_f1=0.7739  lr=2.99e-05
Running Validation...
Ep 118/500  loss=nan  (cls=0.083 conf=1.792 skin=1.792 got=nan)  tr_acc=0.9805  val_acc=0.8635  val_auroc=0.9658  val_f1=0.7739  lr=2.99e-05
Running Validation...
Ep 119/500  loss=nan  (cls=0.071 conf=1.792 skin=1.792 got=nan)  tr_acc=0.9811  val_acc=0.8635  val_auroc=0.9658  val_f1=0.7739  lr=2.98e-05
Running Validation...
Ep 120/500  loss=nan  (cls=0.076 conf=1.792 skin=1.792 got=nan)  tr_acc=0.9815  val_acc=0.8635  val_auroc=0.9658  val_f1=0.7739  lr=2.98e-05
Running Validation...
Ep 121/500  loss=nan  (cls=0.068 conf=1.792 skin=1.792 got=nan)  tr_acc=0.9829  val_acc=0.8635  val_auroc=0.9658  val_f1=0.7739  lr=2.98e-05
Running Validation...
Ep 122/500  loss=nan  (cls=0.077 conf=1.792 skin=1.792 got=nan)  tr_acc=0.9815  val_acc=0.8635  val_auroc=0.9658  val_f1=0.7739  lr=2.98e-05
Running Validation...
Ep 123/500  loss=nan  (cls=0.060 conf=1.792 skin=1.792 got=nan)  tr_acc=0.9845  val_acc=0.8635  val_auroc=0.9658  val_f1=0.7739  lr=2.98e-05
Running Validation...
Ep 124/500  loss=nan  (cls=0.071 conf=1.792 skin=1.792 got=nan)  tr_acc=0.9815  val_acc=0.8635  val_auroc=0.9658  val_f1=0.7739  lr=2.97e-05
Running Validation...
Ep 125/500  loss=nan  (cls=0.066 conf=1.792 skin=1.792 got=nan)  tr_acc=0.9835  val_acc=0.8635  val_auroc=0.9658  val_f1=0.7739  lr=2.97e-05
Running Validation...
Ep 126/500  loss=nan  (cls=0.067 conf=1.792 skin=1.792 got=nan)  tr_acc=0.9820  val_acc=0.8635  val_auroc=0.9658  val_f1=0.7739  lr=2.97e-05
Running Validation...
Ep 127/500  loss=nan  (cls=0.061 conf=1.792 skin=1.792 got=nan)  tr_acc=0.9820  val_acc=0.8635  val_auroc=0.9658  val_f1=0.7739  lr=2.97e-05
Running Validation...
Ep 128/500  loss=nan  (cls=0.077 conf=1.792 skin=1.792 got=nan)  tr_acc=0.9804  val_acc=0.8635  val_auroc=0.9658  val_f1=0.7739  lr=2.96e-05
Running Validation...
Ep 129/500  loss=nan  (cls=0.074 conf=1.792 skin=1.792 got=nan)  tr_acc=0.9816  val_acc=0.8635  val_auroc=0.9658  val_f1=0.7739  lr=2.96e-05
Running Validation...
Ep 130/500  loss=nan  (cls=0.068 conf=1.792 skin=1.792 got=nan)  tr_acc=0.9811  val_acc=0.8635  val_auroc=0.9658  val_f1=0.7739  lr=2.96e-05
Running Validation...
Ep 131/500  loss=nan  (cls=0.084 conf=1.792 skin=1.792 got=nan)  tr_acc=0.9792  val_acc=0.8635  val_auroc=0.9658  val_f1=0.7739  lr=2.96e-05
Running Validation...
Ep 132/500  loss=nan  (cls=0.083 conf=1.792 skin=1.792 got=nan)  tr_acc=0.9805  val_acc=0.8635  val_auroc=0.9658  val_f1=0.7739  lr=2.95e-05
Running Validation...
Ep 133/500  loss=nan  (cls=0.069 conf=1.792 skin=1.792 got=nan)  tr_acc=0.9840  val_acc=0.8635  val_auroc=0.9658  val_f1=0.7739  lr=2.95e-05
Running Validation...
Ep 134/500  loss=nan  (cls=0.070 conf=1.792 skin=1.792 got=nan)  tr_acc=0.9837  val_acc=0.8635  val_auroc=0.9658  val_f1=0.7739  lr=2.95e-05
Running Validation...
Ep 135/500  loss=nan  (cls=0.069 conf=1.792 skin=1.792 got=nan)  tr_acc=0.9825  val_acc=0.8635  val_auroc=0.9658  val_f1=0.7739  lr=2.94e-05
Running Validation...
Ep 136/500  loss=nan  (cls=0.064 conf=1.792 skin=1.792 got=nan)  tr_acc=0.9828  val_acc=0.8635  val_auroc=0.9658  val_f1=0.7739  lr=2.94e-05
Running Validation...
Ep 137/500  loss=nan  (cls=0.074 conf=1.792 skin=1.791 got=nan)  tr_acc=0.9832  val_acc=0.8635  val_auroc=0.9658  val_f1=0.7739  lr=2.94e-05
Running Validation...
Ep 138/500  loss=nan  (cls=0.080 conf=1.792 skin=1.792 got=nan)  tr_acc=0.9796  val_acc=0.8635  val_auroc=0.9658  val_f1=0.7739  lr=2.93e-05
Running Validation...
Ep 139/500  loss=nan  (cls=0.073 conf=1.792 skin=1.792 got=nan)  tr_acc=0.9828  val_acc=0.8635  val_auroc=0.9658  val_f1=0.7739  lr=2.93e-05
Running Validation...
Ep 140/500  loss=nan  (cls=0.064 conf=1.792 skin=1.792 got=nan)  tr_acc=0.9835  val_acc=0.8635  val_auroc=0.9658  val_f1=0.7739  lr=2.93e-05
Running Validation...
Ep 141/500  loss=nan  (cls=0.070 conf=1.792 skin=1.792 got=nan)  tr_acc=0.9823  val_acc=0.8635  val_auroc=0.9658  val_f1=0.7739  lr=2.92e-05
Running Validation...
Ep 142/500  loss=nan  (cls=0.086 conf=1.792 skin=1.792 got=nan)  tr_acc=0.9800  val_acc=0.8635  val_auroc=0.9658  val_f1=0.7739  lr=2.92e-05
Running Validation...
Ep 143/500  loss=nan  (cls=0.082 conf=1.792 skin=1.792 got=nan)  tr_acc=0.9805  val_acc=0.8635  val_auroc=0.9658  val_f1=0.7739  lr=2.92e-05
Running Validation...
Ep 144/500  loss=nan  (cls=0.065 conf=1.792 skin=1.792 got=nan)  tr_acc=0.9837  val_acc=0.8635  val_auroc=0.9658  val_f1=0.7739  lr=2.91e-05
Running Validation...
Ep 145/500  loss=nan  (cls=0.076 conf=1.792 skin=1.792 got=nan)  tr_acc=0.9815  val_acc=0.8635  val_auroc=0.9658  val_f1=0.7739  lr=2.91e-05
Running Validation...
Ep 146/500  loss=nan  (cls=0.074 conf=1.792 skin=1.792 got=nan)  tr_acc=0.9803  val_acc=0.8635  val_auroc=0.9658  val_f1=0.7739  lr=2.90e-05
Running Validation...
Ep 147/500  loss=nan  (cls=0.075 conf=1.792 skin=1.792 got=nan)  tr_acc=0.9805  val_acc=0.8635  val_auroc=0.9658  val_f1=0.7739  lr=2.90e-05
Running Validation...
Ep 148/500  loss=nan  (cls=0.071 conf=1.792 skin=1.792 got=nan)  tr_acc=0.9824  val_acc=0.8635  val_auroc=0.9658  val_f1=0.7739  lr=2.89e-05
Running Validation...
Ep 149/500  loss=nan  (cls=0.071 conf=1.792 skin=1.792 got=nan)  tr_acc=0.9815  val_acc=0.8635  val_auroc=0.9658  val_f1=0.7739  lr=2.89e-05
Running Validation...
Ep 150/500  loss=nan  (cls=0.078 conf=1.792 skin=1.792 got=nan)  tr_acc=0.9795  val_acc=0.8635  val_auroc=0.9658  val_f1=0.7739  lr=2.89e-05
Running Validation...
Ep 151/500  loss=nan  (cls=0.067 conf=1.792 skin=1.792 got=nan)  tr_acc=0.9824  val_acc=0.8635  val_auroc=0.9658  val_f1=0.7739  lr=2.88e-05
Running Validation...
Ep 152/500  loss=nan  (cls=0.076 conf=1.792 skin=1.792 got=nan)  tr_acc=0.9813  val_acc=0.8635  val_auroc=0.9658  val_f1=0.7739  lr=2.88e-05
Running Validation...
Ep 153/500  loss=nan  (cls=0.076 conf=1.792 skin=1.791 got=nan)  tr_acc=0.9813  val_acc=0.8635  val_auroc=0.9658  val_f1=0.7739  lr=2.87e-05
Running Validation...
Ep 154/500  loss=nan  (cls=0.071 conf=1.792 skin=1.792 got=nan)  tr_acc=0.9828  val_acc=0.8635  val_auroc=0.9658  val_f1=0.7739  lr=2.87e-05
Running Validation...
Ep 155/500  loss=nan  (cls=0.077 conf=1.792 skin=1.792 got=nan)  tr_acc=0.9789  val_acc=0.8635  val_auroc=0.9658  val_f1=0.7739  lr=2.86e-05
Running Validation...
Ep 156/500  loss=nan  (cls=0.077 conf=1.792 skin=1.792 got=nan)  tr_acc=0.9809  val_acc=0.8635  val_auroc=0.9658  val_f1=0.7739  lr=2.86e-05
Running Validation...
Ep 157/500  loss=nan  (cls=0.084 conf=1.792 skin=1.792 got=nan)  tr_acc=0.9808  val_acc=0.8635  val_auroc=0.9658  val_f1=0.7739  lr=2.85e-05
Running Validation...
Ep 158/500  loss=nan  (cls=0.061 conf=1.792 skin=1.792 got=nan)  tr_acc=0.9844  val_acc=0.8635  val_auroc=0.9658  val_f1=0.7739  lr=2.85e-05
Running Validation...
Ep 159/500  loss=nan  (cls=0.072 conf=1.792 skin=1.792 got=nan)  tr_acc=0.9816  val_acc=0.8635  val_auroc=0.9658  val_f1=0.7739  lr=2.84e-05
Running Validation...
Ep 160/500  loss=nan  (cls=0.076 conf=1.792 skin=1.792 got=nan)  tr_acc=0.9810  val_acc=0.8635  val_auroc=0.9658  val_f1=0.7739  lr=2.84e-05
Running Validation...
Ep 161/500  loss=nan  (cls=0.067 conf=1.792 skin=1.792 got=nan)  tr_acc=0.9821  val_acc=0.8635  val_auroc=0.9658  val_f1=0.7739  lr=2.83e-05
Running Validation...
Ep 162/500  loss=nan  (cls=0.066 conf=1.792 skin=1.792 got=nan)  tr_acc=0.9834  val_acc=0.8635  val_auroc=0.9658  val_f1=0.7739  lr=2.83e-05
Running Validation...
Ep 163/500  loss=nan  (cls=0.076 conf=1.792 skin=1.792 got=nan)  tr_acc=0.9815  val_acc=0.8635  val_auroc=0.9658  val_f1=0.7739  lr=2.82e-05
Running Validation...
Ep 164/500  loss=nan  (cls=0.081 conf=1.792 skin=1.792 got=nan)  tr_acc=0.9825  val_acc=0.8635  val_auroc=0.9658  val_f1=0.7739  lr=2.81e-05
Running Validation...
Ep 165/500  loss=nan  (cls=0.077 conf=1.792 skin=1.792 got=nan)  tr_acc=0.9819  val_acc=0.8635  val_auroc=0.9658  val_f1=0.7739  lr=2.81e-05
