=========================================
Job:       train_BASE+MI_vit  (412710)
Node:      bigpu06
Started:   Mon May 25 11:21:44 PM CEST 2026
=========================================
[INFO] No HF token found at /users/jlacmou/.hf_token — downloads may be slow.
[INFO] No kaggle.json found in process_BASE+MI_vit. Relying on ~/.kaggle/ or env vars.
[SETUP] Creating virtual environment...
[SETUP] Installing / verifying Python dependencies...

── GPU info ──────────────────────────────
Tesla V100-PCIE-32GB, 32768 MiB, 575.57.08
PyTorch : 2.12.0+cu126
CUDA    : 12.6
Devices : 1
GPU 0   : Tesla V100-PCIE-32GB
VRAM    : 34.1 GB
──────────────────────────────────────────

[CHECK] Validating dataset roots...
  [MISSING] process_BASE+MI_vit/data/datasets/asosenge/hibaskinlesionsdataset-main  ← Attempting to download via Kaggle CLI...
Dataset URL: https://www.kaggle.com/datasets/asosenge/hibaskinlesionsdataset-main
License(s): other
Downloading hibaskinlesionsdataset-main.zip to process_BASE+MI_vit/data/datasets/asosenge/hibaskinlesionsdataset-main

  [DOWNLOADED] process_BASE+MI_vit/data/datasets/asosenge/hibaskinlesionsdataset-main
  [MISSING] process_BASE+MI_vit/data/datasets/asosenge/fitzpatrick17k  ← Attempting to download via Kaggle CLI...
Dataset URL: https://www.kaggle.com/datasets/asosenge/fitzpatrick17k
License(s): other
Downloading fitzpatrick17k.zip to process_BASE+MI_vit/data/datasets/asosenge/fitzpatrick17k

  [DOWNLOADED] process_BASE+MI_vit/data/datasets/asosenge/fitzpatrick17k
  [MISSING] process_BASE+MI_vit/data/datasets/asosenge/ham10000  ← Attempting to download via Kaggle CLI...
Dataset URL: https://www.kaggle.com/datasets/asosenge/ham10000
License(s): Attribution-NonCommercial 4.0 International (CC BY-NC 4.0)
Downloading ham10000.zip to process_BASE+MI_vit/data/datasets/asosenge/ham10000

  [DOWNLOADED] process_BASE+MI_vit/data/datasets/asosenge/ham10000
  [MISSING] process_BASE+MI_vit/data/datasets/asosenge/derm7pt  ← Attempting to download via Kaggle CLI...
Dataset URL: https://www.kaggle.com/datasets/asosenge/derm7pt
License(s): other
Downloading derm7pt.zip to process_BASE+MI_vit/data/datasets/asosenge/derm7pt

  [DOWNLOADED] process_BASE+MI_vit/data/datasets/asosenge/derm7pt
  [MISSING] process_BASE+MI_vit/data/datasets/mahdavi1202/skin-cancer  ← Attempting to download via Kaggle CLI...
Dataset URL: https://www.kaggle.com/datasets/mahdavi1202/skin-cancer
License(s): Attribution 4.0 International (CC BY 4.0)
Downloading skin-cancer.zip to process_BASE+MI_vit/data/datasets/mahdavi1202/skin-cancer

  [DOWNLOADED] process_BASE+MI_vit/data/datasets/mahdavi1202/skin-cancer
  [MISSING] process_BASE+MI_vit/data/datasets/sengenjih/isic2019  ← Attempting to download via Kaggle CLI...
Dataset URL: https://www.kaggle.com/datasets/sengenjih/isic2019
License(s): Attribution-NonCommercial 4.0 International (CC BY-NC 4.0)
Downloading isic2019.zip to process_BASE+MI_vit/data/datasets/sengenjih/isic2019

  [DOWNLOADED] process_BASE+MI_vit/data/datasets/sengenjih/isic2019

[CONVERT] Converting notebook to Python script...
[PATCH] Redirecting Kaggle paths → cluster paths...
  DATA_ROOT  → process_BASE+MI_vit/data/datasets
  WORK_ROOT  → process_BASE+MI_vit/outputs
  BB_CACHE   → process_BASE+MI_vit/backbone_cache
  Patch applied successfully.

[RUN] Starting training — Mon May 25 11:41:38 PM CEST 2026
=========================================
Device: cuda
CSV dir      : outputs/csvs
Checkpoints  : outputs/checkpoints_BASE+MI_vit
Results      : outputs/results_BASE+MI_vit
Image roots:
  hiba           : process_BASE+MI_vit/data/datasets/asosenge/hibaskinlesionsdataset-main/HIBASkinLesionsDataset-main/images
  fitzpatrick17k : process_BASE+MI_vit/data/datasets/asosenge/fitzpatrick17k/fitzpatrick17k/data/finalfitz17k
  ham10000       : process_BASE+MI_vit/data/datasets/asosenge/ham10000/HAM10000
  derm7pt        : process_BASE+MI_vit/data/datasets/asosenge/derm7pt/release_v0/images
  padufes20      : process_BASE+MI_vit/data/datasets/mahdavi1202/skin-cancer
  isic2019       : process_BASE+MI_vit/data/datasets/sengenjih/isic2019
Class weights: [0.645 0.19  0.887 1.601 1.678]
[INFO] Built image map for hiba: 1616 entries
[INFO] Built image map for fitzpatrick17k: 16577 entries
[INFO] Built image map for ham10000: 20030 entries
[INFO] Built image map for derm7pt: 2013 entries
[INFO] Built image map for padufes20: 2298 entries
[INFO] Built image map for isic2019: 33569 entries
[INFO] Loaded derm7pt paired eval set: 869 samples
[INFO] Loaded padufes20 unpaired eval set: 2063 samples
[INFO] Loaded isic2019 unpaired eval set: 27551 samples
Train batches: 273, Val batches: 59
Test batches: 59
Cross-eval loaders: ['derm7pt', 'padufes20', 'isic2019']
Running Validation...
Ep   1/500  total_loss=1.8685  tr_acc=0.2412  val_acc=0.1797  val_auroc=0.6276  val_f1=0.1449  lr=1.70e-06
Running Validation...
Ep   2/500  total_loss=1.8224  tr_acc=0.3017  val_acc=0.1216  val_auroc=0.6961  val_f1=0.1256  lr=2.55e-06
Running Validation...
Ep   3/500  total_loss=1.7579  tr_acc=0.3267  val_acc=0.1269  val_auroc=0.7226  val_f1=0.1335  lr=3.40e-06
Running Validation...
Ep   4/500  total_loss=1.6684  tr_acc=0.3562  val_acc=0.1451  val_auroc=0.7377  val_f1=0.1479  lr=4.25e-06
Running Validation...
Ep   5/500  total_loss=1.5629  tr_acc=0.3897  val_acc=0.1685  val_auroc=0.7933  val_f1=0.1813  lr=5.10e-06
Running Validation...
Ep   6/500  total_loss=1.4883  tr_acc=0.4290  val_acc=0.1947  val_auroc=0.8276  val_f1=0.2143  lr=5.95e-06
Running Validation...
Ep   7/500  total_loss=1.4273  tr_acc=0.4882  val_acc=0.2320  val_auroc=0.8543  val_f1=0.2615  lr=6.80e-06
Running Validation...
Ep   8/500  total_loss=1.3791  tr_acc=0.5436  val_acc=0.4923  val_auroc=0.8601  val_f1=0.4294  lr=7.65e-06
Running Validation...
Ep   9/500  total_loss=1.3143  tr_acc=0.6203  val_acc=0.5872  val_auroc=0.8951  val_f1=0.5038  lr=8.50e-06
Running Validation...
Ep  10/500  total_loss=1.2716  tr_acc=0.6743  val_acc=0.5701  val_auroc=0.8933  val_f1=0.5197  lr=9.35e-06
Running Validation...
Ep  11/500  total_loss=1.2373  tr_acc=0.7121  val_acc=0.6251  val_auroc=0.9051  val_f1=0.6042  lr=1.02e-05
Running Validation...
Ep  12/500  total_loss=1.1916  tr_acc=0.7363  val_acc=0.6261  val_auroc=0.8962  val_f1=0.5762  lr=1.11e-05
Running Validation...
Ep  13/500  total_loss=1.1495  tr_acc=0.7684  val_acc=0.6901  val_auroc=0.9149  val_f1=0.6493  lr=1.19e-05
Running Validation...
Ep  14/500  total_loss=1.1078  tr_acc=0.7851  val_acc=0.6661  val_auroc=0.9094  val_f1=0.6350  lr=1.27e-05
Running Validation...
Ep  15/500  total_loss=1.0747  tr_acc=0.7997  val_acc=0.6816  val_auroc=0.9023  val_f1=0.6436  lr=1.36e-05
Running Validation...
Ep  16/500  total_loss=1.0542  tr_acc=0.8039  val_acc=0.7019  val_auroc=0.9134  val_f1=0.6705  lr=1.45e-05
Running Validation...
Ep  17/500  total_loss=1.0038  tr_acc=0.8212  val_acc=0.7360  val_auroc=0.9064  val_f1=0.6739  lr=1.53e-05
Running Validation...
Ep  18/500  total_loss=0.9698  tr_acc=0.8294  val_acc=0.7392  val_auroc=0.9062  val_f1=0.6797  lr=1.62e-05
Running Validation...
Ep  19/500  total_loss=0.9083  tr_acc=0.8407  val_acc=0.6299  val_auroc=0.8981  val_f1=0.6193  lr=1.70e-05
Running Validation...
Ep  20/500  total_loss=0.8475  tr_acc=0.8524  val_acc=0.7568  val_auroc=0.8957  val_f1=0.6916  lr=1.79e-05
Running Validation...
Ep  21/500  total_loss=0.8423  tr_acc=0.8494  val_acc=0.7211  val_auroc=0.8848  val_f1=0.6459  lr=1.87e-05
Running Validation...
Ep  22/500  total_loss=0.7981  tr_acc=0.8597  val_acc=0.6000  val_auroc=0.8941  val_f1=0.6268  lr=1.96e-05
Running Validation...
Ep  23/500  total_loss=0.7572  tr_acc=0.8582  val_acc=0.6912  val_auroc=0.8978  val_f1=0.6644  lr=2.04e-05
Running Validation...
Ep  24/500  total_loss=0.7103  tr_acc=0.8681  val_acc=0.7211  val_auroc=0.8857  val_f1=0.6701  lr=2.13e-05
Running Validation...
Ep  25/500  total_loss=0.6803  tr_acc=0.8710  val_acc=0.6576  val_auroc=0.8932  val_f1=0.6517  lr=2.21e-05
Running Validation...
Ep  26/500  total_loss=0.6539  tr_acc=0.8782  val_acc=0.7339  val_auroc=0.9081  val_f1=0.6963  lr=2.30e-05
Running Validation...
Ep  27/500  total_loss=0.5996  tr_acc=0.8815  val_acc=0.6752  val_auroc=0.8783  val_f1=0.6327  lr=2.38e-05
Running Validation...
Ep  28/500  total_loss=0.5611  tr_acc=0.8905  val_acc=0.7371  val_auroc=0.8870  val_f1=0.6992  lr=2.46e-05
Running Validation...
Ep  29/500  total_loss=0.5490  tr_acc=0.8872  val_acc=0.7701  val_auroc=0.8898  val_f1=0.7077  lr=2.55e-05
Running Validation...
Ep  30/500  total_loss=0.5111  tr_acc=0.8979  val_acc=0.6939  val_auroc=0.9012  val_f1=0.6662  lr=2.64e-05
Running Validation...
Ep  31/500  total_loss=0.4797  tr_acc=0.9001  val_acc=0.7552  val_auroc=0.8973  val_f1=0.7011  lr=2.72e-05
Running Validation...
Ep  32/500  total_loss=0.4608  tr_acc=0.8984  val_acc=0.7781  val_auroc=0.8925  val_f1=0.7158  lr=2.81e-05
Running Validation...
Ep  33/500  total_loss=0.4374  tr_acc=0.9029  val_acc=0.7152  val_auroc=0.8868  val_f1=0.6873  lr=2.89e-05
Running Validation...
Ep  34/500  total_loss=0.3992  tr_acc=0.9143  val_acc=0.7760  val_auroc=0.9139  val_f1=0.7281  lr=2.98e-05
Running Validation...
Ep  35/500  total_loss=0.4118  tr_acc=0.9117  val_acc=0.8325  val_auroc=0.8955  val_f1=0.7508  lr=3.06e-05
Running Validation...
Ep  36/500  total_loss=0.3709  tr_acc=0.9235  val_acc=0.7691  val_auroc=0.8945  val_f1=0.7249  lr=3.14e-05
Running Validation...
Ep  37/500  total_loss=0.3311  tr_acc=0.9234  val_acc=0.7632  val_auroc=0.9031  val_f1=0.7213  lr=3.23e-05
Running Validation...
Ep  38/500  total_loss=0.3420  tr_acc=0.9239  val_acc=0.7931  val_auroc=0.8865  val_f1=0.7491  lr=3.32e-05
Running Validation...
Ep  39/500  total_loss=0.3047  tr_acc=0.9245  val_acc=0.8027  val_auroc=0.8817  val_f1=0.7278  lr=3.40e-05
Running Validation...
Ep  40/500  total_loss=0.2953  tr_acc=0.9304  val_acc=0.8400  val_auroc=0.8905  val_f1=0.7598  lr=3.49e-05
Running Validation...
Ep  41/500  total_loss=0.2970  tr_acc=0.9258  val_acc=0.7600  val_auroc=0.9028  val_f1=0.7247  lr=3.57e-05
Running Validation...
Ep  42/500  total_loss=0.2721  tr_acc=0.9365  val_acc=0.8475  val_auroc=0.9011  val_f1=0.7798  lr=3.66e-05
Running Validation...
Ep  43/500  total_loss=0.2486  tr_acc=0.9351  val_acc=0.8117  val_auroc=0.8977  val_f1=0.7512  lr=3.74e-05
Running Validation...
Ep  44/500  total_loss=0.2621  tr_acc=0.9352  val_acc=0.8277  val_auroc=0.8919  val_f1=0.7422  lr=3.83e-05
Running Validation...
Ep  45/500  total_loss=0.2400  tr_acc=0.9381  val_acc=0.7749  val_auroc=0.9067  val_f1=0.7460  lr=3.91e-05
Running Validation...
Ep  46/500  total_loss=0.2391  tr_acc=0.9367  val_acc=0.8155  val_auroc=0.8974  val_f1=0.7616  lr=4.00e-05
Running Validation...
Ep  47/500  total_loss=0.2281  tr_acc=0.9432  val_acc=0.8261  val_auroc=0.9029  val_f1=0.7632  lr=4.08e-05
Running Validation...
Ep  48/500  total_loss=0.2412  tr_acc=0.9334  val_acc=0.8528  val_auroc=0.8960  val_f1=0.7725  lr=4.17e-05
Running Validation...
Ep  49/500  total_loss=0.2178  tr_acc=0.9428  val_acc=0.8192  val_auroc=0.8901  val_f1=0.7346  lr=4.25e-05
Running Validation...
Ep  50/500  total_loss=0.2106  tr_acc=0.9406  val_acc=0.8587  val_auroc=0.8996  val_f1=0.7804  lr=4.34e-05
Running Validation...
Ep  51/500  total_loss=0.2194  tr_acc=0.9467  val_acc=0.8459  val_auroc=0.9023  val_f1=0.7622  lr=4.42e-05
Running Validation...
Ep  52/500  total_loss=0.1854  tr_acc=0.9476  val_acc=0.8395  val_auroc=0.8871  val_f1=0.7541  lr=4.51e-05
Running Validation...
Ep  53/500  total_loss=0.2028  tr_acc=0.9449  val_acc=0.8240  val_auroc=0.8914  val_f1=0.7459  lr=4.59e-05
Running Validation...
Ep  54/500  total_loss=0.2093  tr_acc=0.9413  val_acc=0.7984  val_auroc=0.8990  val_f1=0.7414  lr=4.68e-05
Running Validation...
Ep  55/500  total_loss=0.1897  tr_acc=0.9455  val_acc=0.8288  val_auroc=0.8952  val_f1=0.7524  lr=4.76e-05
Running Validation...
Ep  56/500  total_loss=0.1897  tr_acc=0.9483  val_acc=0.8112  val_auroc=0.8945  val_f1=0.7319  lr=4.84e-05
Running Validation...
Ep  57/500  total_loss=0.1908  tr_acc=0.9451  val_acc=0.8496  val_auroc=0.9061  val_f1=0.7747  lr=4.93e-05
Running Validation...
Ep  58/500  total_loss=0.1817  tr_acc=0.9499  val_acc=0.8555  val_auroc=0.9131  val_f1=0.7711  lr=5.01e-05
Running Validation...
Ep  59/500  total_loss=0.1789  tr_acc=0.9472  val_acc=0.8357  val_auroc=0.8942  val_f1=0.7488  lr=5.10e-05
Running Validation...
Ep  60/500  total_loss=0.1717  tr_acc=0.9532  val_acc=0.8373  val_auroc=0.9042  val_f1=0.7645  lr=5.18e-05
Running Validation...
Ep  61/500  total_loss=0.1633  tr_acc=0.9525  val_acc=0.7776  val_auroc=0.9042  val_f1=0.7244  lr=5.27e-05
Running Validation...
Ep  62/500  total_loss=0.1743  tr_acc=0.9480  val_acc=0.8491  val_auroc=0.9080  val_f1=0.7619  lr=5.36e-05
Running Validation...
Ep  63/500  total_loss=0.1686  tr_acc=0.9500  val_acc=0.8037  val_auroc=0.9139  val_f1=0.7245  lr=5.44e-05
Running Validation...
Ep  64/500  total_loss=0.1507  tr_acc=0.9550  val_acc=0.8560  val_auroc=0.9093  val_f1=0.7803  lr=5.53e-05
Running Validation...
Ep  65/500  total_loss=0.1626  tr_acc=0.9532  val_acc=0.8373  val_auroc=0.9130  val_f1=0.7664  lr=5.61e-05
Running Validation...
Ep  66/500  total_loss=0.1641  tr_acc=0.9539  val_acc=0.8096  val_auroc=0.9283  val_f1=0.7402  lr=5.70e-05
Running Validation...
Ep  67/500  total_loss=0.1474  tr_acc=0.9573  val_acc=0.8432  val_auroc=0.9169  val_f1=0.7573  lr=5.78e-05
Running Validation...
Ep  68/500  total_loss=0.1506  tr_acc=0.9557  val_acc=0.8448  val_auroc=0.9267  val_f1=0.7577  lr=5.87e-05
Running Validation...
Ep  69/500  total_loss=0.1630  tr_acc=0.9494  val_acc=0.7723  val_auroc=0.9037  val_f1=0.7120  lr=5.95e-05
Running Validation...
Ep  70/500  total_loss=0.1668  tr_acc=0.9520  val_acc=0.8363  val_auroc=0.9304  val_f1=0.7530  lr=6.04e-05
Running Validation...
Ep  71/500  total_loss=0.1391  tr_acc=0.9579  val_acc=0.7808  val_auroc=0.9143  val_f1=0.7265  lr=6.12e-05
Running Validation...
Ep  72/500  total_loss=0.1549  tr_acc=0.9581  val_acc=0.8539  val_auroc=0.9479  val_f1=0.7832  lr=6.21e-05
Running Validation...
Ep  73/500  total_loss=0.1402  tr_acc=0.9590  val_acc=0.2720  val_auroc=0.8977  val_f1=0.4426  lr=6.29e-05
Running Validation...
Ep  74/500  total_loss=0.1493  tr_acc=0.9562  val_acc=0.3019  val_auroc=0.8776  val_f1=0.4735  lr=6.38e-05
Running Validation...
Ep  75/500  total_loss=0.1537  tr_acc=0.9541  val_acc=0.8288  val_auroc=0.9300  val_f1=0.7512  lr=6.46e-05
Running Validation...
Ep  76/500  total_loss=0.1585  tr_acc=0.9524  val_acc=0.1717  val_auroc=0.8316  val_f1=0.2883  lr=6.55e-05
Running Validation...
Ep  77/500  total_loss=0.1551  tr_acc=0.9488  val_acc=0.1701  val_auroc=0.8248  val_f1=0.2388  lr=6.63e-05
Running Validation...
Ep  78/500  total_loss=0.1549  tr_acc=0.9445  val_acc=0.1792  val_auroc=0.7755  val_f1=0.3104  lr=6.72e-05
Running Validation...
Ep  79/500  total_loss=0.1514  tr_acc=0.9505  val_acc=0.1355  val_auroc=0.8238  val_f1=0.1765  lr=6.80e-05
Running Validation...
Ep  80/500  total_loss=0.1611  tr_acc=0.9480  val_acc=0.1787  val_auroc=0.8212  val_f1=0.2487  lr=6.89e-05
Running Validation...
Ep  81/500  total_loss=0.1536  tr_acc=0.9505  val_acc=0.1829  val_auroc=0.8282  val_f1=0.3094  lr=6.97e-05
Running Validation...
Ep  82/500  total_loss=0.1472  tr_acc=0.9499  val_acc=0.1691  val_auroc=0.8061  val_f1=0.3081  lr=7.06e-05
Running Validation...
Ep  83/500  total_loss=0.1416  tr_acc=0.9526  val_acc=0.1787  val_auroc=0.8097  val_f1=0.2501  lr=7.14e-05
Running Validation...
Ep  84/500  total_loss=0.1446  tr_acc=0.9522  val_acc=0.1451  val_auroc=0.8155  val_f1=0.1740  lr=7.23e-05
Running Validation...
Ep  85/500  total_loss=0.1387  tr_acc=0.9552  val_acc=0.1739  val_auroc=0.8109  val_f1=0.2549  lr=7.31e-05
Running Validation...
Ep  86/500  total_loss=0.1365  tr_acc=0.9565  val_acc=0.1765  val_auroc=0.8746  val_f1=0.3176  lr=7.40e-05
Running Validation...
Ep  87/500  total_loss=0.1412  tr_acc=0.9548  val_acc=0.1600  val_auroc=0.8609  val_f1=0.2879  lr=7.48e-05
Running Validation...
Ep  88/500  total_loss=0.1374  tr_acc=0.9575  val_acc=0.1259  val_auroc=0.8712  val_f1=0.1603  lr=7.57e-05
Running Validation...
Ep  89/500  total_loss=0.1270  tr_acc=0.9592  val_acc=0.1680  val_auroc=0.8253  val_f1=0.2996  lr=7.65e-05
Running Validation...
Ep  90/500  total_loss=0.1317  tr_acc=0.9578  val_acc=0.2571  val_auroc=0.8671  val_f1=0.4292  lr=7.74e-05
Running Validation...
Ep  91/500  total_loss=0.1297  tr_acc=0.9575  val_acc=0.1264  val_auroc=0.7991  val_f1=0.1646  lr=7.82e-05
Running Validation...
Ep  92/500  total_loss=0.1323  tr_acc=0.9568  val_acc=0.1744  val_auroc=0.8071  val_f1=0.2363  lr=7.91e-05
Running Validation...
Ep  93/500  total_loss=0.1425  tr_acc=0.9543  val_acc=0.1744  val_auroc=0.8223  val_f1=0.3212  lr=7.99e-05
Running Validation...
Ep  94/500  total_loss=0.1287  tr_acc=0.9571  val_acc=0.1659  val_auroc=0.8228  val_f1=0.2783  lr=8.07e-05
Running Validation...
Ep  95/500  total_loss=0.1495  tr_acc=0.9552  val_acc=0.1680  val_auroc=0.8138  val_f1=0.2915  lr=8.16e-05
Running Validation...
Ep  96/500  total_loss=0.1253  tr_acc=0.9554  val_acc=0.1589  val_auroc=0.8226  val_f1=0.2856  lr=8.24e-05
Running Validation...
Ep  97/500  total_loss=0.1273  tr_acc=0.9597  val_acc=0.1744  val_auroc=0.8296  val_f1=0.3090  lr=8.33e-05
Running Validation...
Ep  98/500  total_loss=0.1310  tr_acc=0.9586  val_acc=0.1749  val_auroc=0.8463  val_f1=0.3151  lr=8.41e-05
Running Validation...
Ep  99/500  total_loss=0.1367  tr_acc=0.9591  val_acc=0.1749  val_auroc=0.8648  val_f1=0.2693  lr=8.50e-05
Running Validation...
Ep 100/500  total_loss=0.1386  tr_acc=0.9519  val_acc=0.1861  val_auroc=0.8243  val_f1=0.2562  lr=8.50e-05
Running Validation...
Ep 101/500  total_loss=0.1442  tr_acc=0.9584  val_acc=0.1739  val_auroc=0.8481  val_f1=0.3225  lr=8.50e-05
Running Validation...
Ep 102/500  total_loss=0.1265  tr_acc=0.9580  val_acc=0.1781  val_auroc=0.8637  val_f1=0.2885  lr=8.50e-05
Running Validation...
Ep 103/500  total_loss=0.1296  tr_acc=0.9564  val_acc=0.1739  val_auroc=0.8835  val_f1=0.3049  lr=8.50e-05
Running Validation...
Ep 104/500  total_loss=0.1322  tr_acc=0.9566  val_acc=0.1813  val_auroc=0.8748  val_f1=0.3372  lr=8.50e-05
Running Validation...
Ep 105/500  total_loss=0.1233  tr_acc=0.9630  val_acc=0.2507  val_auroc=0.8793  val_f1=0.3725  lr=8.50e-05
Running Validation...
Ep 106/500  total_loss=0.1096  tr_acc=0.9639  val_acc=0.1717  val_auroc=0.8663  val_f1=0.3118  lr=8.50e-05
Running Validation...
Ep 107/500  total_loss=0.1205  tr_acc=0.9619  val_acc=0.1632  val_auroc=0.8695  val_f1=0.2869  lr=8.49e-05
Running Validation...
Ep 108/500  total_loss=0.1219  tr_acc=0.9642  val_acc=0.1685  val_auroc=0.8697  val_f1=0.3067  lr=8.49e-05
Running Validation...
Ep 109/500  total_loss=0.1117  tr_acc=0.9645  val_acc=0.1648  val_auroc=0.8581  val_f1=0.3199  lr=8.49e-05
Running Validation...
Ep 110/500  total_loss=0.1173  tr_acc=0.9666  val_acc=0.1712  val_auroc=0.8399  val_f1=0.2939  lr=8.49e-05
Running Validation...
Ep 111/500  total_loss=0.1236  tr_acc=0.9630  val_acc=0.1707  val_auroc=0.8580  val_f1=0.3108  lr=8.48e-05
Running Validation...
Ep 112/500  total_loss=0.1204  tr_acc=0.9639  val_acc=0.1195  val_auroc=0.8548  val_f1=0.1585  lr=8.48e-05
Running Validation...
Ep 113/500  total_loss=0.1163  tr_acc=0.9633  val_acc=0.1451  val_auroc=0.8520  val_f1=0.2480  lr=8.48e-05
Running Validation...
Ep 114/500  total_loss=0.1027  tr_acc=0.9688  val_acc=0.2277  val_auroc=0.8714  val_f1=0.4112  lr=8.47e-05
Running Validation...
Ep 115/500  total_loss=0.1195  tr_acc=0.9628  val_acc=0.1739  val_auroc=0.8651  val_f1=0.3108  lr=8.47e-05
Running Validation...
Ep 116/500  total_loss=0.1024  tr_acc=0.9705  val_acc=0.1760  val_auroc=0.8619  val_f1=0.3079  lr=8.47e-05
Running Validation...
Ep 117/500  total_loss=0.1176  tr_acc=0.9666  val_acc=0.1792  val_auroc=0.8619  val_f1=0.2956  lr=8.46e-05
Running Validation...
Ep 118/500  total_loss=0.1211  tr_acc=0.9645  val_acc=0.1792  val_auroc=0.8741  val_f1=0.3432  lr=8.46e-05
Running Validation...
Ep 119/500  total_loss=0.1002  tr_acc=0.9709  val_acc=0.1760  val_auroc=0.8692  val_f1=0.2761  lr=8.45e-05
Running Validation...
Ep 120/500  total_loss=0.1124  tr_acc=0.9653  val_acc=0.1696  val_auroc=0.8517  val_f1=0.2545  lr=8.45e-05
Running Validation...
Ep 121/500  total_loss=0.0984  tr_acc=0.9724  val_acc=0.1925  val_auroc=0.8588  val_f1=0.3080  lr=8.44e-05
Running Validation...
Ep 122/500  total_loss=0.1024  tr_acc=0.9681  val_acc=0.1776  val_auroc=0.8529  val_f1=0.2284  lr=8.44e-05
Running Validation...
Ep 123/500  total_loss=0.1042  tr_acc=0.9716  val_acc=0.1717  val_auroc=0.8450  val_f1=0.2405  lr=8.43e-05
Running Validation...
Ep 124/500  total_loss=0.1118  tr_acc=0.9682  val_acc=0.1760  val_auroc=0.8473  val_f1=0.3259  lr=8.42e-05
Running Validation...
Ep 125/500  total_loss=0.0944  tr_acc=0.9733  val_acc=0.1403  val_auroc=0.8057  val_f1=0.1751  lr=8.42e-05
Running Validation...
Ep 126/500  total_loss=0.1016  tr_acc=0.9737  val_acc=0.1733  val_auroc=0.8248  val_f1=0.2300  lr=8.41e-05
Running Validation...
Ep 127/500  total_loss=0.1014  tr_acc=0.9732  val_acc=0.1749  val_auroc=0.8362  val_f1=0.3157  lr=8.40e-05
Running Validation...
Ep 128/500  total_loss=0.0995  tr_acc=0.9726  val_acc=0.1664  val_auroc=0.8519  val_f1=0.2949  lr=8.40e-05
Running Validation...
Ep 129/500  total_loss=0.1095  tr_acc=0.9696  val_acc=0.1808  val_auroc=0.8554  val_f1=0.3339  lr=8.39e-05
Running Validation...
Ep 130/500  total_loss=0.0969  tr_acc=0.9745  val_acc=0.1755  val_auroc=0.8496  val_f1=0.3122  lr=8.38e-05
Running Validation...
Ep 131/500  total_loss=0.1000  tr_acc=0.9738  val_acc=0.1707  val_auroc=0.8591  val_f1=0.3227  lr=8.37e-05
Running Validation...
Ep 132/500  total_loss=0.0989  tr_acc=0.9734  val_acc=0.1707  val_auroc=0.8452  val_f1=0.2727  lr=8.37e-05
Running Validation...
Ep 133/500  total_loss=0.0960  tr_acc=0.9726  val_acc=0.1691  val_auroc=0.8350  val_f1=0.2332  lr=8.36e-05
Running Validation...
Ep 134/500  total_loss=0.0959  tr_acc=0.9738  val_acc=0.1760  val_auroc=0.8576  val_f1=0.2838  lr=8.35e-05
Running Validation...
Ep 135/500  total_loss=0.0975  tr_acc=0.9737  val_acc=0.1712  val_auroc=0.8400  val_f1=0.3162  lr=8.34e-05
Running Validation...
Ep 136/500  total_loss=0.0921  tr_acc=0.9725  val_acc=0.1776  val_auroc=0.8368  val_f1=0.3050  lr=8.33e-05
Running Validation...
Ep 137/500  total_loss=0.0986  tr_acc=0.9758  val_acc=0.2251  val_auroc=0.8607  val_f1=0.3241  lr=8.32e-05
Running Validation...
Ep 138/500  total_loss=0.0894  tr_acc=0.9779  val_acc=0.1755  val_auroc=0.8408  val_f1=0.3154  lr=8.31e-05
Running Validation...
Ep 139/500  total_loss=0.0985  tr_acc=0.9771  val_acc=0.1739  val_auroc=0.8140  val_f1=0.3153  lr=8.30e-05
Running Validation...
Ep 140/500  total_loss=0.0948  tr_acc=0.9744  val_acc=0.1797  val_auroc=0.8046  val_f1=0.3194  lr=8.29e-05
Running Validation...
Ep 141/500  total_loss=0.0912  tr_acc=0.9781  val_acc=0.2693  val_auroc=0.8522  val_f1=0.4147  lr=8.28e-05
Running Validation...
Ep 142/500  total_loss=0.0906  tr_acc=0.9781  val_acc=0.1419  val_auroc=0.8074  val_f1=0.1952  lr=8.27e-05
Running Validation...
Ep 143/500  total_loss=0.0909  tr_acc=0.9763  val_acc=0.2704  val_auroc=0.8451  val_f1=0.4563  lr=8.26e-05
Running Validation...
Ep 144/500  total_loss=0.0905  tr_acc=0.9773  val_acc=0.1765  val_auroc=0.8265  val_f1=0.3009  lr=8.25e-05
Running Validation...
Ep 145/500  total_loss=0.0907  tr_acc=0.9808  val_acc=0.1765  val_auroc=0.8288  val_f1=0.3057  lr=8.24e-05
Running Validation...
Ep 146/500  total_loss=0.0937  tr_acc=0.9792  val_acc=0.1776  val_auroc=0.8439  val_f1=0.2571  lr=8.23e-05
Running Validation...
Ep 147/500  total_loss=0.0993  tr_acc=0.9773  val_acc=0.1781  val_auroc=0.8484  val_f1=0.2941  lr=8.21e-05
Running Validation...
Ep 148/500  total_loss=0.0844  tr_acc=0.9810  val_acc=0.1792  val_auroc=0.8186  val_f1=0.3042  lr=8.20e-05
Running Validation...
Ep 149/500  total_loss=0.0816  tr_acc=0.9804  val_acc=0.1765  val_auroc=0.8188  val_f1=0.3136  lr=8.19e-05
Running Validation...
Ep 150/500  total_loss=0.0916  tr_acc=0.9773  val_acc=0.1888  val_auroc=0.8479  val_f1=0.3482  lr=8.18e-05
Running Validation...
Ep 151/500  total_loss=0.0852  tr_acc=0.9809  val_acc=0.1803  val_auroc=0.8427  val_f1=0.3297  lr=8.16e-05
Running Validation...
Ep 152/500  total_loss=0.0871  tr_acc=0.9793  val_acc=0.1733  val_auroc=0.8261  val_f1=0.3126  lr=8.15e-05
Running Validation...
Ep 153/500  total_loss=0.0916  tr_acc=0.9765  val_acc=0.2091  val_auroc=0.8487  val_f1=0.3909  lr=8.14e-05
Running Validation...
Ep 154/500  total_loss=0.0860  tr_acc=0.9785  val_acc=0.1749  val_auroc=0.8375  val_f1=0.2645  lr=8.12e-05
Running Validation...
Ep 155/500  total_loss=0.0880  tr_acc=0.9781  val_acc=0.1755  val_auroc=0.8509  val_f1=0.3082  lr=8.11e-05
Running Validation...
Ep 156/500  total_loss=0.0848  tr_acc=0.9800  val_acc=0.1749  val_auroc=0.8439  val_f1=0.3133  lr=8.10e-05
Running Validation...
Ep 157/500  total_loss=0.0831  tr_acc=0.9813  val_acc=0.1744  val_auroc=0.8328  val_f1=0.3146  lr=8.08e-05
Running Validation...
Ep 158/500  total_loss=0.0979  tr_acc=0.9748  val_acc=0.2432  val_auroc=0.8276  val_f1=0.4445  lr=8.07e-05
Running Validation...
Ep 159/500  total_loss=0.0790  tr_acc=0.9805  val_acc=0.1781  val_auroc=0.8375  val_f1=0.3337  lr=8.05e-05
Running Validation...
Ep 160/500  total_loss=0.0854  tr_acc=0.9773  val_acc=0.1749  val_auroc=0.8503  val_f1=0.3183  lr=8.04e-05
Running Validation...
Ep 161/500  total_loss=0.0808  tr_acc=0.9816  val_acc=0.1563  val_auroc=0.7932  val_f1=0.2657  lr=8.02e-05
Running Validation...
Ep 162/500  total_loss=0.0948  tr_acc=0.9773  val_acc=0.1781  val_auroc=0.8464  val_f1=0.3335  lr=8.01e-05
Running Validation...
Ep 163/500  total_loss=0.0807  tr_acc=0.9799  val_acc=0.1760  val_auroc=0.8504  val_f1=0.3292  lr=7.99e-05
Running Validation...
Ep 164/500  total_loss=0.0713  tr_acc=0.9834  val_acc=0.1845  val_auroc=0.8466  val_f1=0.3365  lr=7.97e-05
Running Validation...
Ep 165/500  total_loss=0.0713  tr_acc=0.9828  val_acc=0.1776  val_auroc=0.8561  val_f1=0.3280  lr=7.96e-05
Running Validation...
Ep 166/500  total_loss=0.0752  tr_acc=0.9826  val_acc=0.1733  val_auroc=0.8116  val_f1=0.3226  lr=7.94e-05
Running Validation...
Ep 167/500  total_loss=0.0805  tr_acc=0.9809  val_acc=0.1739  val_auroc=0.8312  val_f1=0.2219  lr=7.93e-05
Running Validation...
Ep 168/500  total_loss=0.0872  tr_acc=0.9794  val_acc=0.1824  val_auroc=0.8241  val_f1=0.3251  lr=7.91e-05
Running Validation...
Ep 169/500  total_loss=0.0820  tr_acc=0.9823  val_acc=0.1803  val_auroc=0.8307  val_f1=0.2433  lr=7.89e-05
Running Validation...
Ep 170/500  total_loss=0.0858  tr_acc=0.9797  val_acc=0.1803  val_auroc=0.8683  val_f1=0.2565  lr=7.87e-05
Running Validation...
Ep 171/500  total_loss=0.0880  tr_acc=0.9802  val_acc=0.1829  val_auroc=0.8288  val_f1=0.3306  lr=7.86e-05
Running Validation...
Ep 172/500  total_loss=0.0885  tr_acc=0.9787  val_acc=0.1792  val_auroc=0.8087  val_f1=0.3261  lr=7.84e-05
Running Validation...
Ep 173/500  total_loss=0.0718  tr_acc=0.9845  val_acc=0.1867  val_auroc=0.8064  val_f1=0.3446  lr=7.82e-05
Running Validation...
Ep 174/500  total_loss=0.0777  tr_acc=0.9820  val_acc=0.1803  val_auroc=0.8384  val_f1=0.3310  lr=7.80e-05
Running Validation...
Ep 175/500  total_loss=0.0790  tr_acc=0.9834  val_acc=0.1771  val_auroc=0.8475  val_f1=0.3245  lr=7.78e-05
Running Validation...
Ep 176/500  total_loss=0.0765  tr_acc=0.9825  val_acc=0.1845  val_auroc=0.8426  val_f1=0.3343  lr=7.77e-05
Running Validation...
Ep 177/500  total_loss=0.0805  tr_acc=0.9821  val_acc=0.1776  val_auroc=0.7838  val_f1=0.3277  lr=7.75e-05
Running Validation...
Ep 178/500  total_loss=0.0745  tr_acc=0.9831  val_acc=0.2704  val_auroc=0.8338  val_f1=0.4344  lr=7.73e-05
Running Validation...
Ep 179/500  total_loss=0.0822  tr_acc=0.9805  val_acc=0.2715  val_auroc=0.8411  val_f1=0.4464  lr=7.71e-05
Running Validation...
Ep 180/500  total_loss=0.0737  tr_acc=0.9853  val_acc=0.1771  val_auroc=0.8107  val_f1=0.2963  lr=7.69e-05
Running Validation...
Ep 181/500  total_loss=0.0823  tr_acc=0.9818  val_acc=0.1765  val_auroc=0.8630  val_f1=0.3124  lr=7.67e-05
Running Validation...
Ep 182/500  total_loss=0.0857  tr_acc=0.9818  val_acc=0.2651  val_auroc=0.8367  val_f1=0.4786  lr=7.65e-05
Running Validation...
Ep 183/500  total_loss=0.0749  tr_acc=0.9824  val_acc=0.2832  val_auroc=0.8517  val_f1=0.4651  lr=7.63e-05
Running Validation...
Ep 184/500  total_loss=0.0771  tr_acc=0.9836  val_acc=0.1899  val_auroc=0.8512  val_f1=0.3303  lr=7.61e-05
Running Validation...
Ep 185/500  total_loss=0.0710  tr_acc=0.9836  val_acc=0.2789  val_auroc=0.8368  val_f1=0.4596  lr=7.59e-05
Running Validation...
Ep 186/500  total_loss=0.0677  tr_acc=0.9871  val_acc=0.2523  val_auroc=0.8568  val_f1=0.4445  lr=7.57e-05
Running Validation...
Ep 187/500  total_loss=0.0703  tr_acc=0.9860  val_acc=0.1803  val_auroc=0.8423  val_f1=0.3344  lr=7.55e-05
Running Validation...
Ep 188/500  total_loss=0.0736  tr_acc=0.9852  val_acc=0.1829  val_auroc=0.8447  val_f1=0.3357  lr=7.52e-05
Running Validation...
Ep 189/500  total_loss=0.0826  tr_acc=0.9824  val_acc=0.1835  val_auroc=0.8571  val_f1=0.3118  lr=7.50e-05
Running Validation...
Ep 190/500  total_loss=0.0754  tr_acc=0.9824  val_acc=0.1989  val_auroc=0.8594  val_f1=0.3701  lr=7.48e-05
Running Validation...
Ep 191/500  total_loss=0.0740  tr_acc=0.9820  val_acc=0.1781  val_auroc=0.8456  val_f1=0.2976  lr=7.46e-05
Running Validation...
Ep 192/500  total_loss=0.0679  tr_acc=0.9860  val_acc=0.2736  val_auroc=0.8526  val_f1=0.4482  lr=7.44e-05
Running Validation...
Ep 193/500  total_loss=0.0730  tr_acc=0.9840  val_acc=0.1915  val_auroc=0.8424  val_f1=0.3437  lr=7.42e-05
Running Validation...
Ep 194/500  total_loss=0.0729  tr_acc=0.9864  val_acc=0.2965  val_auroc=0.8541  val_f1=0.4740  lr=7.39e-05
Running Validation...
Ep 195/500  total_loss=0.0769  tr_acc=0.9840  val_acc=0.1776  val_auroc=0.8415  val_f1=0.3192  lr=7.37e-05
Running Validation...
Ep 196/500  total_loss=0.0696  tr_acc=0.9851  val_acc=0.2768  val_auroc=0.8431  val_f1=0.4705  lr=7.35e-05
Running Validation...
Ep 197/500  total_loss=0.0711  tr_acc=0.9836  val_acc=0.1813  val_auroc=0.8179  val_f1=0.3167  lr=7.33e-05
Running Validation...
Ep 198/500  total_loss=0.0697  tr_acc=0.9863  val_acc=0.2811  val_auroc=0.8450  val_f1=0.4770  lr=7.30e-05
Running Validation...
Ep 199/500  total_loss=0.0681  tr_acc=0.9871  val_acc=0.1835  val_auroc=0.8485  val_f1=0.3363  lr=7.28e-05
Running Validation...
Ep 200/500  total_loss=0.0716  tr_acc=0.9852  val_acc=0.1712  val_auroc=0.8155  val_f1=0.2984  lr=7.26e-05
Running Validation...
Ep 201/500  total_loss=0.0656  tr_acc=0.9871  val_acc=0.2837  val_auroc=0.8438  val_f1=0.4446  lr=7.23e-05
Running Validation...
Ep 202/500  total_loss=0.0669  tr_acc=0.9883  val_acc=0.1851  val_auroc=0.8101  val_f1=0.2973  lr=7.21e-05
Running Validation...
Ep 203/500  total_loss=0.0670  tr_acc=0.9888  val_acc=0.1840  val_auroc=0.8021  val_f1=0.3354  lr=7.18e-05
Running Validation...
Ep 204/500  total_loss=0.0650  tr_acc=0.9890  val_acc=0.1792  val_auroc=0.7937  val_f1=0.3194  lr=7.16e-05
Running Validation...
Ep 205/500  total_loss=0.0703  tr_acc=0.9867  val_acc=0.1765  val_auroc=0.7967  val_f1=0.3125  lr=7.13e-05
Running Validation...
Ep 206/500  total_loss=0.0656  tr_acc=0.9879  val_acc=0.1797  val_auroc=0.7989  val_f1=0.3334  lr=7.11e-05
Running Validation...
Ep 207/500  total_loss=0.0754  tr_acc=0.9840  val_acc=0.1765  val_auroc=0.8091  val_f1=0.2805  lr=7.09e-05
Running Validation...
Ep 208/500  total_loss=0.0724  tr_acc=0.9852  val_acc=0.1989  val_auroc=0.8232  val_f1=0.3702  lr=7.06e-05
Running Validation...
Ep 209/500  total_loss=0.0677  tr_acc=0.9882  val_acc=0.1776  val_auroc=0.8145  val_f1=0.3258  lr=7.04e-05
Running Validation...
Ep 210/500  total_loss=0.0665  tr_acc=0.9858  val_acc=0.2645  val_auroc=0.8338  val_f1=0.4452  lr=7.01e-05
Running Validation...
Ep 211/500  total_loss=0.0601  tr_acc=0.9906  val_acc=0.2501  val_auroc=0.8330  val_f1=0.4533  lr=6.98e-05
Running Validation...
Ep 212/500  total_loss=0.0634  tr_acc=0.9883  val_acc=0.2763  val_auroc=0.8270  val_f1=0.4760  lr=6.96e-05
Running Validation...
Ep 213/500  total_loss=0.0714  tr_acc=0.9858  val_acc=0.1797  val_auroc=0.7958  val_f1=0.3266  lr=6.93e-05
Running Validation...
Ep 214/500  total_loss=0.0664  tr_acc=0.9872  val_acc=0.1829  val_auroc=0.8042  val_f1=0.3428  lr=6.91e-05
Running Validation...
Ep 215/500  total_loss=0.0623  tr_acc=0.9864  val_acc=0.2352  val_auroc=0.8060  val_f1=0.4385  lr=6.88e-05
Running Validation...
Ep 216/500  total_loss=0.0638  tr_acc=0.9872  val_acc=0.2907  val_auroc=0.8703  val_f1=0.4671  lr=6.85e-05
Running Validation...
Ep 217/500  total_loss=0.0638  tr_acc=0.9874  val_acc=0.2309  val_auroc=0.8306  val_f1=0.4276  lr=6.83e-05
Running Validation...
Ep 218/500  total_loss=0.0637  tr_acc=0.9875  val_acc=0.2827  val_auroc=0.8221  val_f1=0.4639  lr=6.80e-05
Running Validation...
Ep 219/500  total_loss=0.0676  tr_acc=0.9878  val_acc=0.2155  val_auroc=0.7909  val_f1=0.4008  lr=6.78e-05
Running Validation...
Ep 220/500  total_loss=0.0608  tr_acc=0.9881  val_acc=0.1776  val_auroc=0.8272  val_f1=0.3189  lr=6.75e-05
Running Validation...
Ep 221/500  total_loss=0.0719  tr_acc=0.9861  val_acc=0.1840  val_auroc=0.7712  val_f1=0.3070  lr=6.72e-05
Running Validation...
Ep 222/500  total_loss=0.0608  tr_acc=0.9891  val_acc=0.2779  val_auroc=0.8508  val_f1=0.4538  lr=6.69e-05
Running Validation...
Ep 223/500  total_loss=0.0618  tr_acc=0.9871  val_acc=0.2699  val_auroc=0.8405  val_f1=0.4599  lr=6.67e-05
Running Validation...
Ep 224/500  total_loss=0.0643  tr_acc=0.9882  val_acc=0.2203  val_auroc=0.8265  val_f1=0.4108  lr=6.64e-05
Running Validation...
Ep 225/500  total_loss=0.0638  tr_acc=0.9889  val_acc=0.2699  val_auroc=0.8377  val_f1=0.4609  lr=6.61e-05
Running Validation...
Ep 226/500  total_loss=0.0608  tr_acc=0.9894  val_acc=0.2827  val_auroc=0.8366  val_f1=0.4847  lr=6.58e-05
Running Validation...
Ep 227/500  total_loss=0.0619  tr_acc=0.9892  val_acc=0.2688  val_auroc=0.8187  val_f1=0.4376  lr=6.56e-05
Running Validation...
Ep 228/500  total_loss=0.0701  tr_acc=0.9842  val_acc=0.1771  val_auroc=0.7880  val_f1=0.3286  lr=6.53e-05
Running Validation...
Ep 229/500  total_loss=0.0695  tr_acc=0.9861  val_acc=0.2821  val_auroc=0.8448  val_f1=0.4887  lr=6.50e-05
Running Validation...
Ep 230/500  total_loss=0.0572  tr_acc=0.9882  val_acc=0.1776  val_auroc=0.8035  val_f1=0.2586  lr=6.47e-05
Running Validation...
Ep 231/500  total_loss=0.0640  tr_acc=0.9875  val_acc=0.1845  val_auroc=0.8004  val_f1=0.3442  lr=6.44e-05
Running Validation...
Ep 232/500  total_loss=0.0638  tr_acc=0.9881  val_acc=0.2752  val_auroc=0.8315  val_f1=0.4701  lr=6.41e-05
Running Validation...
Ep 233/500  total_loss=0.0683  tr_acc=0.9876  val_acc=0.2693  val_auroc=0.8318  val_f1=0.4710  lr=6.38e-05
Running Validation...
Ep 234/500  total_loss=0.0600  tr_acc=0.9892  val_acc=0.1813  val_auroc=0.8161  val_f1=0.3145  lr=6.36e-05
Running Validation...
Ep 235/500  total_loss=0.0676  tr_acc=0.9873  val_acc=0.2907  val_auroc=0.8637  val_f1=0.4857  lr=6.33e-05
Running Validation...
Ep 236/500  total_loss=0.0648  tr_acc=0.9875  val_acc=0.2720  val_auroc=0.8109  val_f1=0.4831  lr=6.30e-05
Running Validation...
Ep 237/500  total_loss=0.0631  tr_acc=0.9881  val_acc=0.2741  val_auroc=0.8387  val_f1=0.4773  lr=6.27e-05
Running Validation...
Ep 238/500  total_loss=0.0654  tr_acc=0.9873  val_acc=0.2693  val_auroc=0.8382  val_f1=0.4408  lr=6.24e-05
Running Validation...
Ep 239/500  total_loss=0.0602  tr_acc=0.9890  val_acc=0.2549  val_auroc=0.8464  val_f1=0.4552  lr=6.21e-05
Running Validation...
Ep 240/500  total_loss=0.0610  tr_acc=0.9890  val_acc=0.2752  val_auroc=0.8481  val_f1=0.4437  lr=6.18e-05
Running Validation...
Ep 241/500  total_loss=0.0619  tr_acc=0.9889  val_acc=0.2821  val_auroc=0.8520  val_f1=0.4454  lr=6.15e-05
Running Validation...
Ep 242/500  total_loss=0.0591  tr_acc=0.9902  val_acc=0.2811  val_auroc=0.8550  val_f1=0.4705  lr=6.12e-05
Running Validation...
Ep 243/500  total_loss=0.0665  tr_acc=0.9864  val_acc=0.2864  val_auroc=0.8565  val_f1=0.4797  lr=6.09e-05
Running Validation...
Ep 244/500  total_loss=0.0578  tr_acc=0.9902  val_acc=0.2789  val_auroc=0.8363  val_f1=0.4708  lr=6.06e-05
Running Validation...
Ep 245/500  total_loss=0.0635  tr_acc=0.9891  val_acc=0.1787  val_auroc=0.8006  val_f1=0.3349  lr=6.03e-05
Running Validation...
Ep 246/500  total_loss=0.0592  tr_acc=0.9886  val_acc=0.2901  val_auroc=0.8461  val_f1=0.4717  lr=6.00e-05
Running Validation...
Ep 247/500  total_loss=0.0663  tr_acc=0.9887  val_acc=0.2747  val_auroc=0.8395  val_f1=0.4623  lr=5.97e-05
Running Validation...
Ep 248/500  total_loss=0.0632  tr_acc=0.9905  val_acc=0.2811  val_auroc=0.8387  val_f1=0.3651  lr=5.94e-05
Running Validation...
Ep 249/500  total_loss=0.0566  tr_acc=0.9884  val_acc=0.2763  val_auroc=0.8400  val_f1=0.4693  lr=5.91e-05
Running Validation...
Ep 250/500  total_loss=0.0579  tr_acc=0.9899  val_acc=0.2859  val_auroc=0.8498  val_f1=0.4765  lr=5.88e-05
Running Validation...
Ep 251/500  total_loss=0.0626  tr_acc=0.9883  val_acc=0.2880  val_auroc=0.8509  val_f1=0.4711  lr=5.85e-05
Running Validation...
Ep 252/500  total_loss=0.0540  tr_acc=0.9914  val_acc=0.2795  val_auroc=0.8433  val_f1=0.4633  lr=5.81e-05
Running Validation...
Ep 253/500  total_loss=0.0574  tr_acc=0.9891  val_acc=0.1867  val_auroc=0.8405  val_f1=0.2792  lr=5.78e-05
Running Validation...
Ep 254/500  total_loss=0.0522  tr_acc=0.9923  val_acc=0.3104  val_auroc=0.8523  val_f1=0.4348  lr=5.75e-05
Running Validation...
Ep 255/500  total_loss=0.0572  tr_acc=0.9913  val_acc=0.3008  val_auroc=0.8486  val_f1=0.4885  lr=5.72e-05
Running Validation...
Ep 256/500  total_loss=0.0555  tr_acc=0.9908  val_acc=0.2901  val_auroc=0.8501  val_f1=0.4799  lr=5.69e-05
Running Validation...
Ep 257/500  total_loss=0.0577  tr_acc=0.9910  val_acc=0.2885  val_auroc=0.8362  val_f1=0.4347  lr=5.66e-05
Running Validation...
Ep 258/500  total_loss=0.0615  tr_acc=0.9899  val_acc=0.2853  val_auroc=0.8465  val_f1=0.4746  lr=5.63e-05
Running Validation...
Ep 259/500  total_loss=0.0558  tr_acc=0.9894  val_acc=0.3013  val_auroc=0.8547  val_f1=0.3944  lr=5.60e-05
Running Validation...
Ep 260/500  total_loss=0.0571  tr_acc=0.9899  val_acc=0.2581  val_auroc=0.8428  val_f1=0.4690  lr=5.56e-05
Running Validation...
Ep 261/500  total_loss=0.0622  tr_acc=0.9879  val_acc=0.2560  val_auroc=0.8369  val_f1=0.3784  lr=5.53e-05
Running Validation...
Ep 262/500  total_loss=0.0578  tr_acc=0.9898  val_acc=0.2512  val_auroc=0.7823  val_f1=0.4459  lr=5.50e-05
Running Validation...
Ep 263/500  total_loss=0.0603  tr_acc=0.9883  val_acc=0.2720  val_auroc=0.7881  val_f1=0.4597  lr=5.47e-05
Running Validation...
Ep 264/500  total_loss=0.0564  tr_acc=0.9897  val_acc=0.2859  val_auroc=0.8627  val_f1=0.4168  lr=5.44e-05
Running Validation...
Ep 265/500  total_loss=0.0571  tr_acc=0.9907  val_acc=0.2683  val_auroc=0.8463  val_f1=0.4618  lr=5.40e-05
Running Validation...
Ep 266/500  total_loss=0.0531  tr_acc=0.9899  val_acc=0.2901  val_auroc=0.8485  val_f1=0.4362  lr=5.37e-05
Running Validation...
Ep 267/500  total_loss=0.0559  tr_acc=0.9903  val_acc=0.2752  val_auroc=0.8254  val_f1=0.4464  lr=5.34e-05
Running Validation...
Ep 268/500  total_loss=0.0556  tr_acc=0.9912  val_acc=0.8565  val_auroc=0.9104  val_f1=0.7643  lr=5.31e-05
Running Validation...
Ep 269/500  total_loss=0.0581  tr_acc=0.9900  val_acc=0.2907  val_auroc=0.8501  val_f1=0.4143  lr=5.27e-05
Running Validation...
Ep 270/500  total_loss=0.0566  tr_acc=0.9899  val_acc=0.2837  val_auroc=0.8007  val_f1=0.4643  lr=5.24e-05
Running Validation...
Ep 271/500  total_loss=0.0531  tr_acc=0.9904  val_acc=0.2811  val_auroc=0.8351  val_f1=0.4005  lr=5.21e-05
Running Validation...
Ep 272/500  total_loss=0.0604  tr_acc=0.9910  val_acc=0.2837  val_auroc=0.8452  val_f1=0.4337  lr=5.18e-05
Running Validation...
Ep 273/500  total_loss=0.0607  tr_acc=0.9896  val_acc=0.2704  val_auroc=0.8071  val_f1=0.4544  lr=5.14e-05
Running Validation...
Ep 274/500  total_loss=0.0593  tr_acc=0.9926  val_acc=0.2693  val_auroc=0.8202  val_f1=0.4512  lr=5.11e-05
Running Validation...
Ep 275/500  total_loss=0.0489  tr_acc=0.9920  val_acc=0.2805  val_auroc=0.8346  val_f1=0.4677  lr=5.08e-05
Running Validation...
Ep 276/500  total_loss=0.0613  tr_acc=0.9887  val_acc=0.2795  val_auroc=0.8155  val_f1=0.4612  lr=5.05e-05
Running Validation...
Ep 277/500  total_loss=0.0545  tr_acc=0.9905  val_acc=0.2800  val_auroc=0.8319  val_f1=0.4501  lr=5.01e-05
Running Validation...
Ep 278/500  total_loss=0.0543  tr_acc=0.9918  val_acc=0.2784  val_auroc=0.8426  val_f1=0.4382  lr=4.98e-05
Running Validation...
Ep 279/500  total_loss=0.0566  tr_acc=0.9928  val_acc=0.2757  val_auroc=0.8366  val_f1=0.4640  lr=4.95e-05
Running Validation...
Ep 280/500  total_loss=0.0501  tr_acc=0.9943  val_acc=0.2784  val_auroc=0.8443  val_f1=0.4256  lr=4.91e-05
Running Validation...
Ep 281/500  total_loss=0.0540  tr_acc=0.9919  val_acc=0.2917  val_auroc=0.8597  val_f1=0.4527  lr=4.88e-05
Running Validation...
Ep 282/500  total_loss=0.0594  tr_acc=0.9903  val_acc=0.2869  val_auroc=0.8455  val_f1=0.4153  lr=4.85e-05
Running Validation...
Ep 283/500  total_loss=0.0482  tr_acc=0.9947  val_acc=0.2784  val_auroc=0.8315  val_f1=0.4492  lr=4.82e-05
Running Validation...
Ep 284/500  total_loss=0.0534  tr_acc=0.9906  val_acc=0.2827  val_auroc=0.8416  val_f1=0.4512  lr=4.78e-05
Running Validation...
Ep 285/500  total_loss=0.0560  tr_acc=0.9905  val_acc=0.2816  val_auroc=0.8415  val_f1=0.4582  lr=4.75e-05
Running Validation...
Ep 286/500  total_loss=0.0598  tr_acc=0.9895  val_acc=0.1776  val_auroc=0.7946  val_f1=0.3213  lr=4.72e-05
Running Validation...
Ep 287/500  total_loss=0.0561  tr_acc=0.9903  val_acc=0.2699  val_auroc=0.7974  val_f1=0.4322  lr=4.68e-05
Running Validation...
Ep 288/500  total_loss=0.0531  tr_acc=0.9905  val_acc=0.2688  val_auroc=0.7922  val_f1=0.4701  lr=4.65e-05
Running Validation...
Ep 289/500  total_loss=0.0532  tr_acc=0.9911  val_acc=0.2768  val_auroc=0.8280  val_f1=0.4670  lr=4.62e-05
Running Validation...
Ep 290/500  total_loss=0.0506  tr_acc=0.9927  val_acc=0.2923  val_auroc=0.8217  val_f1=0.4058  lr=4.58e-05
Running Validation...
Ep 291/500  total_loss=0.0492  tr_acc=0.9945  val_acc=0.2699  val_auroc=0.8220  val_f1=0.4573  lr=4.55e-05
Running Validation...
Ep 292/500  total_loss=0.0536  tr_acc=0.9908  val_acc=0.2843  val_auroc=0.8313  val_f1=0.4768  lr=4.52e-05
Running Validation...
Ep 293/500  total_loss=0.0533  tr_acc=0.9921  val_acc=0.2821  val_auroc=0.8365  val_f1=0.4700  lr=4.48e-05
Running Validation...
Ep 294/500  total_loss=0.0556  tr_acc=0.9894  val_acc=0.2709  val_auroc=0.8043  val_f1=0.4745  lr=4.45e-05
Running Validation...
Ep 295/500  total_loss=0.0548  tr_acc=0.9919  val_acc=0.2859  val_auroc=0.8358  val_f1=0.4855  lr=4.42e-05
Running Validation...
Ep 296/500  total_loss=0.0509  tr_acc=0.9920  val_acc=0.2768  val_auroc=0.8405  val_f1=0.4820  lr=4.38e-05
Running Validation...
Ep 297/500  total_loss=0.0502  tr_acc=0.9940  val_acc=0.2725  val_auroc=0.8144  val_f1=0.4678  lr=4.35e-05
Running Validation...
Ep 298/500  total_loss=0.0518  tr_acc=0.9916  val_acc=0.2757  val_auroc=0.8294  val_f1=0.4761  lr=4.32e-05
Running Validation...
Ep 299/500  total_loss=0.0542  tr_acc=0.9914  val_acc=0.2869  val_auroc=0.8402  val_f1=0.4739  lr=4.28e-05
Running Validation...
Ep 300/500  total_loss=0.0535  tr_acc=0.9916  val_acc=0.2853  val_auroc=0.8394  val_f1=0.4522  lr=4.25e-05
Running Validation...
Ep 301/500  total_loss=0.0557  tr_acc=0.9930  val_acc=0.2768  val_auroc=0.8384  val_f1=0.4651  lr=4.22e-05
Running Validation...
Ep 302/500  total_loss=0.0546  tr_acc=0.9924  val_acc=0.2725  val_auroc=0.8278  val_f1=0.4583  lr=4.18e-05
Running Validation...
Ep 303/500  total_loss=0.0519  tr_acc=0.9937  val_acc=0.2789  val_auroc=0.8302  val_f1=0.3943  lr=4.15e-05
Running Validation...
Ep 304/500  total_loss=0.0504  tr_acc=0.9940  val_acc=0.3045  val_auroc=0.8413  val_f1=0.4799  lr=4.12e-05
Running Validation...
Ep 305/500  total_loss=0.0494  tr_acc=0.9935  val_acc=0.2805  val_auroc=0.8366  val_f1=0.4436  lr=4.08e-05
Running Validation...
Ep 306/500  total_loss=0.0507  tr_acc=0.9934  val_acc=0.2784  val_auroc=0.8378  val_f1=0.4654  lr=4.05e-05
Running Validation...
Ep 307/500  total_loss=0.0598  tr_acc=0.9905  val_acc=0.2741  val_auroc=0.8269  val_f1=0.4536  lr=4.02e-05
Running Validation...
Ep 308/500  total_loss=0.0603  tr_acc=0.9902  val_acc=0.2859  val_auroc=0.8428  val_f1=0.4833  lr=3.98e-05
Running Validation...
Ep 309/500  total_loss=0.0542  tr_acc=0.9923  val_acc=0.2667  val_auroc=0.8055  val_f1=0.4618  lr=3.95e-05
Running Validation...
Ep 310/500  total_loss=0.0538  tr_acc=0.9906  val_acc=0.2848  val_auroc=0.8484  val_f1=0.4840  lr=3.92e-05
Running Validation...
Ep 311/500  total_loss=0.0445  tr_acc=0.9938  val_acc=0.2805  val_auroc=0.8288  val_f1=0.4829  lr=3.88e-05
Running Validation...
Ep 312/500  total_loss=0.0511  tr_acc=0.9921  val_acc=0.2704  val_auroc=0.8287  val_f1=0.4558  lr=3.85e-05
Running Validation...
Ep 313/500  total_loss=0.0510  tr_acc=0.9923  val_acc=0.2699  val_auroc=0.8263  val_f1=0.4721  lr=3.82e-05
Running Validation...
Ep 314/500  total_loss=0.0495  tr_acc=0.9913  val_acc=0.2784  val_auroc=0.8330  val_f1=0.4774  lr=3.78e-05
Running Validation...
Ep 315/500  total_loss=0.0472  tr_acc=0.9944  val_acc=0.2752  val_auroc=0.8353  val_f1=0.4666  lr=3.75e-05
Running Validation...
Ep 316/500  total_loss=0.0502  tr_acc=0.9924  val_acc=0.2715  val_auroc=0.8273  val_f1=0.4813  lr=3.72e-05
Running Validation...
Ep 317/500  total_loss=0.0482  tr_acc=0.9936  val_acc=0.2757  val_auroc=0.8278  val_f1=0.4035  lr=3.68e-05
Running Validation...
Ep 318/500  total_loss=0.0521  tr_acc=0.9920  val_acc=0.2800  val_auroc=0.8360  val_f1=0.4705  lr=3.65e-05
Running Validation...
Ep 319/500  total_loss=0.0543  tr_acc=0.9912  val_acc=0.2821  val_auroc=0.8340  val_f1=0.4329  lr=3.62e-05
Running Validation...
Ep 320/500  total_loss=0.0513  tr_acc=0.9923  val_acc=0.2805  val_auroc=0.8491  val_f1=0.4667  lr=3.59e-05
Running Validation...
Ep 321/500  total_loss=0.0485  tr_acc=0.9930  val_acc=0.2768  val_auroc=0.8307  val_f1=0.4672  lr=3.55e-05
Running Validation...
Ep 322/500  total_loss=0.0533  tr_acc=0.9910  val_acc=0.2533  val_auroc=0.8270  val_f1=0.4498  lr=3.52e-05
Running Validation...
Ep 323/500  total_loss=0.0479  tr_acc=0.9931  val_acc=0.2619  val_auroc=0.8163  val_f1=0.4649  lr=3.49e-05
Running Validation...
Ep 324/500  total_loss=0.0487  tr_acc=0.9929  val_acc=0.2816  val_auroc=0.8351  val_f1=0.4141  lr=3.45e-05
Running Validation...
Ep 325/500  total_loss=0.0465  tr_acc=0.9944  val_acc=0.1877  val_auroc=0.7877  val_f1=0.3588  lr=3.42e-05
Running Validation...
Ep 326/500  total_loss=0.0465  tr_acc=0.9940  val_acc=0.2773  val_auroc=0.8369  val_f1=0.4778  lr=3.39e-05
Running Validation...
Ep 327/500  total_loss=0.0455  tr_acc=0.9943  val_acc=0.2848  val_auroc=0.8440  val_f1=0.4828  lr=3.36e-05
Running Validation...
Ep 328/500  total_loss=0.0463  tr_acc=0.9938  val_acc=0.2821  val_auroc=0.8450  val_f1=0.4850  lr=3.32e-05
Running Validation...
Ep 329/500  total_loss=0.0495  tr_acc=0.9943  val_acc=0.2827  val_auroc=0.8479  val_f1=0.4830  lr=3.29e-05
Running Validation...
Ep 330/500  total_loss=0.0523  tr_acc=0.9931  val_acc=0.2853  val_auroc=0.8404  val_f1=0.4773  lr=3.26e-05
Running Validation...
Ep 331/500  total_loss=0.0527  tr_acc=0.9921  val_acc=0.2747  val_auroc=0.8295  val_f1=0.4609  lr=3.23e-05
Running Validation...
Ep 332/500  total_loss=0.0460  tr_acc=0.9944  val_acc=0.2768  val_auroc=0.8326  val_f1=0.4808  lr=3.19e-05
Running Validation...
Ep 333/500  total_loss=0.0476  tr_acc=0.9936  val_acc=0.2795  val_auroc=0.8341  val_f1=0.4649  lr=3.16e-05
Running Validation...
Ep 334/500  total_loss=0.0461  tr_acc=0.9945  val_acc=0.2789  val_auroc=0.8328  val_f1=0.4701  lr=3.13e-05
Running Validation...
Ep 335/500  total_loss=0.0506  tr_acc=0.9931  val_acc=0.2752  val_auroc=0.8385  val_f1=0.4410  lr=3.10e-05
Running Validation...
Ep 336/500  total_loss=0.0458  tr_acc=0.9953  val_acc=0.2837  val_auroc=0.8470  val_f1=0.4412  lr=3.06e-05
Running Validation...
Ep 337/500  total_loss=0.0514  tr_acc=0.9921  val_acc=0.2645  val_auroc=0.8300  val_f1=0.4085  lr=3.03e-05
Running Validation...
Ep 338/500  total_loss=0.0475  tr_acc=0.9930  val_acc=0.2715  val_auroc=0.8354  val_f1=0.4686  lr=3.00e-05
Running Validation...
Ep 339/500  total_loss=0.0465  tr_acc=0.9944  val_acc=0.2779  val_auroc=0.8445  val_f1=0.4697  lr=2.97e-05
Running Validation...
Ep 340/500  total_loss=0.0437  tr_acc=0.9950  val_acc=0.2800  val_auroc=0.8323  val_f1=0.4107  lr=2.94e-05
Running Validation...
Ep 341/500  total_loss=0.0445  tr_acc=0.9947  val_acc=0.2693  val_auroc=0.8217  val_f1=0.4440  lr=2.90e-05
Running Validation...
Ep 342/500  total_loss=0.0468  tr_acc=0.9945  val_acc=0.2784  val_auroc=0.8410  val_f1=0.4776  lr=2.87e-05
Running Validation...
Ep 343/500  total_loss=0.0472  tr_acc=0.9934  val_acc=0.2768  val_auroc=0.8326  val_f1=0.4729  lr=2.84e-05
Running Validation...
Ep 344/500  total_loss=0.0480  tr_acc=0.9934  val_acc=0.2699  val_auroc=0.8389  val_f1=0.4598  lr=2.81e-05
Running Validation...
Ep 345/500  total_loss=0.0460  tr_acc=0.9945  val_acc=0.2747  val_auroc=0.8337  val_f1=0.4668  lr=2.78e-05
Running Validation...
Ep 346/500  total_loss=0.0434  tr_acc=0.9951  val_acc=0.2768  val_auroc=0.8352  val_f1=0.4632  lr=2.75e-05
Running Validation...
Ep 347/500  total_loss=0.0452  tr_acc=0.9948  val_acc=0.2779  val_auroc=0.8406  val_f1=0.4793  lr=2.72e-05
Running Validation...
Ep 348/500  total_loss=0.0474  tr_acc=0.9937  val_acc=0.2869  val_auroc=0.8405  val_f1=0.4567  lr=2.69e-05
Running Validation...
Ep 349/500  total_loss=0.0473  tr_acc=0.9938  val_acc=0.2731  val_auroc=0.8303  val_f1=0.3701  lr=2.65e-05
Running Validation...
Ep 350/500  total_loss=0.0489  tr_acc=0.9938  val_acc=0.2805  val_auroc=0.8365  val_f1=0.4741  lr=2.62e-05
Running Validation...
Ep 351/500  total_loss=0.0477  tr_acc=0.9945  val_acc=0.2800  val_auroc=0.8363  val_f1=0.4214  lr=2.59e-05
Running Validation...
Ep 352/500  total_loss=0.0492  tr_acc=0.9935  val_acc=0.2725  val_auroc=0.8364  val_f1=0.4447  lr=2.56e-05
Running Validation...
Ep 353/500  total_loss=0.0458  tr_acc=0.9934  val_acc=0.2848  val_auroc=0.8374  val_f1=0.4767  lr=2.53e-05
Running Validation...
Ep 354/500  total_loss=0.0463  tr_acc=0.9942  val_acc=0.2768  val_auroc=0.8379  val_f1=0.4660  lr=2.50e-05
Running Validation...
Ep 355/500  total_loss=0.0431  tr_acc=0.9950  val_acc=0.2768  val_auroc=0.8304  val_f1=0.4748  lr=2.47e-05
Running Validation...
Ep 356/500  total_loss=0.0431  tr_acc=0.9953  val_acc=0.2731  val_auroc=0.8304  val_f1=0.3860  lr=2.44e-05
Running Validation...
Ep 357/500  total_loss=0.0455  tr_acc=0.9944  val_acc=0.2779  val_auroc=0.8365  val_f1=0.4445  lr=2.41e-05
Running Validation...
Ep 358/500  total_loss=0.0477  tr_acc=0.9934  val_acc=0.2795  val_auroc=0.8374  val_f1=0.4576  lr=2.38e-05
Running Validation...
Ep 359/500  total_loss=0.0408  tr_acc=0.9966  val_acc=0.2752  val_auroc=0.8518  val_f1=0.4308  lr=2.35e-05
Running Validation...
Ep 360/500  total_loss=0.0463  tr_acc=0.9934  val_acc=0.2853  val_auroc=0.8779  val_f1=0.4930  lr=2.32e-05
Running Validation...
Ep 361/500  total_loss=0.0426  tr_acc=0.9953  val_acc=0.2752  val_auroc=0.8684  val_f1=0.4825  lr=2.29e-05
Running Validation...
Ep 362/500  total_loss=0.0421  tr_acc=0.9958  val_acc=0.2859  val_auroc=0.8499  val_f1=0.4194  lr=2.26e-05
Running Validation...
Ep 363/500  total_loss=0.0418  tr_acc=0.9955  val_acc=0.2832  val_auroc=0.8557  val_f1=0.4429  lr=2.23e-05
Running Validation...
Ep 364/500  total_loss=0.0462  tr_acc=0.9937  val_acc=0.2731  val_auroc=0.8479  val_f1=0.4809  lr=2.20e-05
Running Validation...
Ep 365/500  total_loss=0.0434  tr_acc=0.9952  val_acc=0.2837  val_auroc=0.8541  val_f1=0.4695  lr=2.17e-05
Running Validation...
Ep 366/500  total_loss=0.0423  tr_acc=0.9954  val_acc=0.2923  val_auroc=0.8625  val_f1=0.4154  lr=2.14e-05
Running Validation...
Ep 367/500  total_loss=0.0425  tr_acc=0.9957  val_acc=0.2811  val_auroc=0.8553  val_f1=0.4556  lr=2.12e-05
Running Validation...
Ep 368/500  total_loss=0.0446  tr_acc=0.9953  val_acc=0.2848  val_auroc=0.8586  val_f1=0.4669  lr=2.09e-05
Running Validation...
Ep 369/500  total_loss=0.0447  tr_acc=0.9955  val_acc=0.2864  val_auroc=0.8540  val_f1=0.4950  lr=2.06e-05
Running Validation...
Ep 370/500  total_loss=0.0455  tr_acc=0.9948  val_acc=0.2779  val_auroc=0.8537  val_f1=0.4814  lr=2.03e-05
Running Validation...
Ep 371/500  total_loss=0.0475  tr_acc=0.9934  val_acc=0.2875  val_auroc=0.8484  val_f1=0.4775  lr=2.00e-05
Running Validation...
Ep 372/500  total_loss=0.0453  tr_acc=0.9936  val_acc=0.2688  val_auroc=0.8310  val_f1=0.3612  lr=1.97e-05
Running Validation...
Ep 373/500  total_loss=0.0428  tr_acc=0.9947  val_acc=0.2741  val_auroc=0.8373  val_f1=0.4647  lr=1.94e-05
Running Validation...
Ep 374/500  total_loss=0.0457  tr_acc=0.9936  val_acc=0.2864  val_auroc=0.8510  val_f1=0.4718  lr=1.92e-05
Running Validation...
Ep 375/500  total_loss=0.0430  tr_acc=0.9950  val_acc=0.2827  val_auroc=0.8564  val_f1=0.4588  lr=1.89e-05
Running Validation...
Ep 376/500  total_loss=0.0435  tr_acc=0.9955  val_acc=0.2821  val_auroc=0.8550  val_f1=0.4696  lr=1.86e-05
Running Validation...
Ep 377/500  total_loss=0.0412  tr_acc=0.9968  val_acc=0.2869  val_auroc=0.8561  val_f1=0.4789  lr=1.83e-05
Running Validation...
Ep 378/500  total_loss=0.0435  tr_acc=0.9957  val_acc=0.2827  val_auroc=0.8520  val_f1=0.4681  lr=1.81e-05
Running Validation...
Ep 379/500  total_loss=0.0435  tr_acc=0.9959  val_acc=0.2923  val_auroc=0.8578  val_f1=0.4798  lr=1.78e-05
Running Validation...
Ep 380/500  total_loss=0.0433  tr_acc=0.9943  val_acc=0.2891  val_auroc=0.8548  val_f1=0.4157  lr=1.75e-05
Running Validation...
Ep 381/500  total_loss=0.0464  tr_acc=0.9946  val_acc=0.2875  val_auroc=0.8495  val_f1=0.4353  lr=1.72e-05
Running Validation...
Ep 382/500  total_loss=0.0484  tr_acc=0.9942  val_acc=0.2795  val_auroc=0.8498  val_f1=0.4722  lr=1.70e-05
Running Validation...
Ep 383/500  total_loss=0.0466  tr_acc=0.9932  val_acc=0.2821  val_auroc=0.8495  val_f1=0.4472  lr=1.67e-05
Running Validation...
Ep 384/500  total_loss=0.0420  tr_acc=0.9965  val_acc=0.2837  val_auroc=0.8478  val_f1=0.4163  lr=1.65e-05
Running Validation...
Ep 385/500  total_loss=0.0464  tr_acc=0.9937  val_acc=0.2821  val_auroc=0.8422  val_f1=0.4800  lr=1.62e-05
Running Validation...
Ep 386/500  total_loss=0.0424  tr_acc=0.9954  val_acc=0.2875  val_auroc=0.8433  val_f1=0.4635  lr=1.59e-05
Running Validation...
Ep 387/500  total_loss=0.0427  tr_acc=0.9946  val_acc=0.2784  val_auroc=0.8367  val_f1=0.4381  lr=1.57e-05
Running Validation...
Ep 388/500  total_loss=0.0431  tr_acc=0.9957  val_acc=0.2853  val_auroc=0.8391  val_f1=0.4601  lr=1.54e-05
Running Validation...
Ep 389/500  total_loss=0.0442  tr_acc=0.9948  val_acc=0.2821  val_auroc=0.8417  val_f1=0.4848  lr=1.52e-05
Running Validation...
Ep 390/500  total_loss=0.0401  tr_acc=0.9965  val_acc=0.2869  val_auroc=0.8470  val_f1=0.4711  lr=1.49e-05
Running Validation...
Ep 391/500  total_loss=0.0447  tr_acc=0.9943  val_acc=0.2789  val_auroc=0.8433  val_f1=0.4821  lr=1.46e-05
Running Validation...
Ep 392/500  total_loss=0.0462  tr_acc=0.9943  val_acc=0.2853  val_auroc=0.8553  val_f1=0.4654  lr=1.44e-05
Running Validation...
Ep 393/500  total_loss=0.0438  tr_acc=0.9944  val_acc=0.2891  val_auroc=0.8536  val_f1=0.4458  lr=1.41e-05
Running Validation...
Ep 394/500  total_loss=0.0432  tr_acc=0.9952  val_acc=0.2859  val_auroc=0.8515  val_f1=0.4436  lr=1.39e-05
Running Validation...
Ep 395/500  total_loss=0.0414  tr_acc=0.9950  val_acc=0.2853  val_auroc=0.8444  val_f1=0.4762  lr=1.37e-05
Running Validation...
Ep 396/500  total_loss=0.0419  tr_acc=0.9962  val_acc=0.2875  val_auroc=0.8526  val_f1=0.4622  lr=1.34e-05
Running Validation...
Ep 397/500  total_loss=0.0430  tr_acc=0.9946  val_acc=0.2784  val_auroc=0.8420  val_f1=0.4469  lr=1.32e-05
Running Validation...
Ep 398/500  total_loss=0.0426  tr_acc=0.9954  val_acc=0.2789  val_auroc=0.8423  val_f1=0.4053  lr=1.29e-05
Running Validation...
Ep 399/500  total_loss=0.0422  tr_acc=0.9950  val_acc=0.2811  val_auroc=0.8393  val_f1=0.4654  lr=1.27e-05
Running Validation...
Ep 400/500  total_loss=0.0451  tr_acc=0.9951  val_acc=0.2859  val_auroc=0.8497  val_f1=0.4505  lr=1.24e-05
Running Validation...
Ep 401/500  total_loss=0.0411  tr_acc=0.9950  val_acc=0.2768  val_auroc=0.8457  val_f1=0.4573  lr=1.22e-05
Running Validation...
Ep 402/500  total_loss=0.0434  tr_acc=0.9953  val_acc=0.7835  val_auroc=0.8934  val_f1=0.7022  lr=1.20e-05
Running Validation...
Ep 403/500  total_loss=0.0442  tr_acc=0.9954  val_acc=0.2805  val_auroc=0.8441  val_f1=0.4365  lr=1.17e-05
Running Validation...
Ep 404/500  total_loss=0.0437  tr_acc=0.9955  val_acc=0.2917  val_auroc=0.8466  val_f1=0.4713  lr=1.15e-05
Running Validation...
Ep 405/500  total_loss=0.0425  tr_acc=0.9963  val_acc=0.2789  val_auroc=0.8371  val_f1=0.4464  lr=1.13e-05
Running Validation...
Ep 406/500  total_loss=0.0395  tr_acc=0.9961  val_acc=0.2843  val_auroc=0.8441  val_f1=0.4182  lr=1.11e-05
Running Validation...
Ep 407/500  total_loss=0.0458  tr_acc=0.9950  val_acc=0.2859  val_auroc=0.8577  val_f1=0.4780  lr=1.08e-05
Running Validation...
Ep 408/500  total_loss=0.0454  tr_acc=0.9942  val_acc=0.2795  val_auroc=0.8421  val_f1=0.4755  lr=1.06e-05
Running Validation...
Ep 409/500  total_loss=0.0429  tr_acc=0.9962  val_acc=0.2912  val_auroc=0.8483  val_f1=0.4078  lr=1.04e-05
Running Validation...
Ep 410/500  total_loss=0.0453  tr_acc=0.9955  val_acc=0.2885  val_auroc=0.8493  val_f1=0.4747  lr=1.02e-05
Running Validation...
Ep 411/500  total_loss=0.0426  tr_acc=0.9952  val_acc=0.2896  val_auroc=0.8516  val_f1=0.4696  lr=9.97e-06
Running Validation...
Ep 412/500  total_loss=0.0455  tr_acc=0.9943  val_acc=0.2901  val_auroc=0.8496  val_f1=0.4754  lr=9.75e-06
Running Validation...
Ep 413/500  total_loss=0.0397  tr_acc=0.9967  val_acc=0.2896  val_auroc=0.8775  val_f1=0.4817  lr=9.54e-06
Running Validation...
Ep 414/500  total_loss=0.0449  tr_acc=0.9947  val_acc=0.2816  val_auroc=0.8397  val_f1=0.4584  lr=9.33e-06
Running Validation...
Ep 415/500  total_loss=0.0450  tr_acc=0.9945  val_acc=0.2837  val_auroc=0.8429  val_f1=0.4456  lr=9.12e-06
Running Validation...
Ep 416/500  total_loss=0.0475  tr_acc=0.9938  val_acc=0.2859  val_auroc=0.8399  val_f1=0.4017  lr=8.92e-06
Running Validation...
Ep 417/500  total_loss=0.0441  tr_acc=0.9952  val_acc=0.2843  val_auroc=0.8471  val_f1=0.4718  lr=8.71e-06
Running Validation...
Ep 418/500  total_loss=0.0413  tr_acc=0.9966  val_acc=0.2827  val_auroc=0.8415  val_f1=0.4076  lr=8.51e-06
Running Validation...
Ep 419/500  total_loss=0.0446  tr_acc=0.9958  val_acc=0.2869  val_auroc=0.8523  val_f1=0.4751  lr=8.31e-06
Running Validation...
Ep 420/500  total_loss=0.0442  tr_acc=0.9947  val_acc=0.2875  val_auroc=0.8591  val_f1=0.4330  lr=8.12e-06
Running Validation...
Ep 421/500  total_loss=0.0426  tr_acc=0.9960  val_acc=0.2896  val_auroc=0.8492  val_f1=0.4511  lr=7.92e-06
Running Validation...
Ep 422/500  total_loss=0.0413  tr_acc=0.9960  val_acc=0.2843  val_auroc=0.8426  val_f1=0.3989  lr=7.73e-06
Running Validation...
Ep 423/500  total_loss=0.0430  tr_acc=0.9948  val_acc=0.2816  val_auroc=0.8373  val_f1=0.4786  lr=7.54e-06
Running Validation...
Ep 424/500  total_loss=0.0448  tr_acc=0.9934  val_acc=0.2832  val_auroc=0.8427  val_f1=0.4635  lr=7.35e-06
Running Validation...
Ep 425/500  total_loss=0.0421  tr_acc=0.9955  val_acc=0.2837  val_auroc=0.8474  val_f1=0.4625  lr=7.16e-06
Running Validation...
Ep 426/500  total_loss=0.0443  tr_acc=0.9953  val_acc=0.3088  val_auroc=0.8464  val_f1=0.4880  lr=6.98e-06
Running Validation...
Ep 427/500  total_loss=0.0431  tr_acc=0.9959  val_acc=0.2896  val_auroc=0.8493  val_f1=0.4890  lr=6.80e-06
Running Validation...
Ep 428/500  total_loss=0.0428  tr_acc=0.9953  val_acc=0.2843  val_auroc=0.8493  val_f1=0.4777  lr=6.62e-06
Running Validation...
Ep 429/500  total_loss=0.0406  tr_acc=0.9955  val_acc=0.2864  val_auroc=0.8492  val_f1=0.4795  lr=6.44e-06
Running Validation...
Ep 430/500  total_loss=0.0412  tr_acc=0.9967  val_acc=0.2885  val_auroc=0.8540  val_f1=0.4179  lr=6.26e-06
Running Validation...
Ep 431/500  total_loss=0.0433  tr_acc=0.9957  val_acc=0.2885  val_auroc=0.8501  val_f1=0.4650  lr=6.09e-06
Running Validation...
Ep 432/500  total_loss=0.0406  tr_acc=0.9955  val_acc=0.2864  val_auroc=0.8520  val_f1=0.4735  lr=5.92e-06
Running Validation...
Ep 433/500  total_loss=0.0431  tr_acc=0.9957  val_acc=0.2891  val_auroc=0.8524  val_f1=0.4376  lr=5.75e-06
Running Validation...
Ep 434/500  total_loss=0.0410  tr_acc=0.9965  val_acc=0.2928  val_auroc=0.8496  val_f1=0.3852  lr=5.58e-06
Running Validation...
Ep 435/500  total_loss=0.0446  tr_acc=0.9960  val_acc=0.2853  val_auroc=0.8488  val_f1=0.4796  lr=5.42e-06
Running Validation...
Ep 436/500  total_loss=0.0402  tr_acc=0.9967  val_acc=0.2864  val_auroc=0.8472  val_f1=0.4662  lr=5.26e-06
Running Validation...
Ep 437/500  total_loss=0.0427  tr_acc=0.9953  val_acc=0.2859  val_auroc=0.8442  val_f1=0.4627  lr=5.10e-06
Running Validation...
Ep 438/500  total_loss=0.0418  tr_acc=0.9955  val_acc=0.2843  val_auroc=0.8424  val_f1=0.4891  lr=4.94e-06
Running Validation...
Ep 439/500  total_loss=0.0413  tr_acc=0.9960  val_acc=0.2816  val_auroc=0.8454  val_f1=0.4730  lr=4.78e-06
Running Validation...
Ep 440/500  total_loss=0.0410  tr_acc=0.9963  val_acc=0.2848  val_auroc=0.8397  val_f1=0.4654  lr=4.63e-06
Running Validation...
Ep 441/500  total_loss=0.0420  tr_acc=0.9960  val_acc=0.2795  val_auroc=0.8408  val_f1=0.4595  lr=4.48e-06
Running Validation...
Ep 442/500  total_loss=0.0406  tr_acc=0.9954  val_acc=0.2773  val_auroc=0.8373  val_f1=0.4714  lr=4.33e-06
Running Validation...
Ep 443/500  total_loss=0.0455  tr_acc=0.9963  val_acc=0.2811  val_auroc=0.8433  val_f1=0.4571  lr=4.19e-06
Running Validation...
Ep 444/500  total_loss=0.0408  tr_acc=0.9963  val_acc=0.2880  val_auroc=0.8417  val_f1=0.4891  lr=4.04e-06
Running Validation...
Ep 445/500  total_loss=0.0417  tr_acc=0.9955  val_acc=0.2891  val_auroc=0.8463  val_f1=0.4744  lr=3.90e-06
Running Validation...
Ep 446/500  total_loss=0.0405  tr_acc=0.9961  val_acc=0.2832  val_auroc=0.8423  val_f1=0.4846  lr=3.77e-06
Running Validation...
Ep 447/500  total_loss=0.0417  tr_acc=0.9963  val_acc=0.2843  val_auroc=0.8424  val_f1=0.4886  lr=3.63e-06
Running Validation...
Ep 448/500  total_loss=0.0426  tr_acc=0.9948  val_acc=0.2885  val_auroc=0.8444  val_f1=0.4909  lr=3.50e-06
Running Validation...
Ep 449/500  total_loss=0.0402  tr_acc=0.9965  val_acc=0.2869  val_auroc=0.8423  val_f1=0.4268  lr=3.36e-06
Running Validation...
Ep 450/500  total_loss=0.0404  tr_acc=0.9968  val_acc=0.2875  val_auroc=0.8452  val_f1=0.4889  lr=3.24e-06
Running Validation...
Ep 451/500  total_loss=0.0417  tr_acc=0.9957  val_acc=0.2896  val_auroc=0.8480  val_f1=0.4873  lr=3.11e-06
Running Validation...
Ep 452/500  total_loss=0.0414  tr_acc=0.9962  val_acc=0.2891  val_auroc=0.8498  val_f1=0.4307  lr=2.98e-06
Running Validation...
Ep 453/500  total_loss=0.0410  tr_acc=0.9967  val_acc=0.2917  val_auroc=0.8499  val_f1=0.4971  lr=2.86e-06
Running Validation...
Ep 454/500  total_loss=0.0431  tr_acc=0.9965  val_acc=0.2997  val_auroc=0.8527  val_f1=0.4570  lr=2.74e-06
Running Validation...
Ep 455/500  total_loss=0.0423  tr_acc=0.9958  val_acc=0.2832  val_auroc=0.8564  val_f1=0.4704  lr=2.63e-06
Running Validation...
Ep 456/500  total_loss=0.0395  tr_acc=0.9965  val_acc=0.2848  val_auroc=0.8483  val_f1=0.4571  lr=2.51e-06
Running Validation...
Ep 457/500  total_loss=0.0428  tr_acc=0.9966  val_acc=0.2832  val_auroc=0.8468  val_f1=0.4587  lr=2.40e-06
Running Validation...
Ep 458/500  total_loss=0.0429  tr_acc=0.9957  val_acc=0.2848  val_auroc=0.8470  val_f1=0.4873  lr=2.29e-06
Running Validation...
Ep 459/500  total_loss=0.0395  tr_acc=0.9967  val_acc=0.2885  val_auroc=0.8520  val_f1=0.4908  lr=2.18e-06
Running Validation...
Ep 460/500  total_loss=0.0401  tr_acc=0.9968  val_acc=0.2864  val_auroc=0.8511  val_f1=0.4779  lr=2.08e-06
Running Validation...
Ep 461/500  total_loss=0.0421  tr_acc=0.9960  val_acc=0.2891  val_auroc=0.8497  val_f1=0.4713  lr=1.98e-06
Running Validation...
Ep 462/500  total_loss=0.0409  tr_acc=0.9968  val_acc=0.2859  val_auroc=0.8484  val_f1=0.4860  lr=1.88e-06
Running Validation...
Ep 463/500  total_loss=0.0398  tr_acc=0.9971  val_acc=0.2869  val_auroc=0.8469  val_f1=0.4896  lr=1.78e-06
Running Validation...
Ep 464/500  total_loss=0.0422  tr_acc=0.9962  val_acc=0.2880  val_auroc=0.8476  val_f1=0.4503  lr=1.69e-06
Running Validation...
Ep 465/500  total_loss=0.0402  tr_acc=0.9967  val_acc=0.2875  val_auroc=0.8612  val_f1=0.4521  lr=1.60e-06
Running Validation...
Ep 466/500  total_loss=0.0419  tr_acc=0.9958  val_acc=0.2832  val_auroc=0.8475  val_f1=0.4542  lr=1.51e-06
Running Validation...
Ep 467/500  total_loss=0.0408  tr_acc=0.9965  val_acc=0.2891  val_auroc=0.8494  val_f1=0.4929  lr=1.42e-06
Running Validation...
Ep 468/500  total_loss=0.0420  tr_acc=0.9958  val_acc=0.2939  val_auroc=0.8500  val_f1=0.4552  lr=1.34e-06
Running Validation...
Ep 469/500  total_loss=0.0430  tr_acc=0.9955  val_acc=0.3099  val_auroc=0.8509  val_f1=0.4827  lr=1.25e-06
Running Validation...
Ep 470/500  total_loss=0.0443  tr_acc=0.9955  val_acc=0.2869  val_auroc=0.8486  val_f1=0.4932  lr=1.17e-06
Running Validation...
Ep 471/500  total_loss=0.0450  tr_acc=0.9946  val_acc=0.2933  val_auroc=0.8480  val_f1=0.4537  lr=1.10e-06
Running Validation...
Ep 472/500  total_loss=0.0406  tr_acc=0.9966  val_acc=0.3035  val_auroc=0.8488  val_f1=0.4161  lr=1.02e-06
Running Validation...
Ep 473/500  total_loss=0.0384  tr_acc=0.9977  val_acc=0.2864  val_auroc=0.8475  val_f1=0.4959  lr=9.52e-07
Running Validation...
Ep 474/500  total_loss=0.0414  tr_acc=0.9955  val_acc=0.2912  val_auroc=0.8482  val_f1=0.4842  lr=8.83e-07
Running Validation...
Ep 475/500  total_loss=0.0425  tr_acc=0.9954  val_acc=0.2869  val_auroc=0.8476  val_f1=0.4969  lr=8.50e-07
Running Validation...
Ep 476/500  total_loss=0.0421  tr_acc=0.9960  val_acc=0.2880  val_auroc=0.8502  val_f1=0.4970  lr=8.50e-07
Running Validation...
Ep 477/500  total_loss=0.0405  tr_acc=0.9968  val_acc=0.2875  val_auroc=0.8445  val_f1=0.4995  lr=8.50e-07
Running Validation...
Ep 478/500  total_loss=0.0431  tr_acc=0.9963  val_acc=0.3104  val_auroc=0.8507  val_f1=0.4815  lr=8.50e-07
Running Validation...
Ep 479/500  total_loss=0.0417  tr_acc=0.9969  val_acc=0.8715  val_auroc=0.9077  val_f1=0.7849  lr=8.50e-07
Running Validation...
Ep 480/500  total_loss=0.0421  tr_acc=0.9963  val_acc=0.2875  val_auroc=0.8465  val_f1=0.4842  lr=8.50e-07
Running Validation...
Ep 481/500  total_loss=0.0425  tr_acc=0.9954  val_acc=0.2832  val_auroc=0.8446  val_f1=0.4912  lr=8.50e-07
Running Validation...
Ep 482/500  total_loss=0.0420  tr_acc=0.9963  val_acc=0.2837  val_auroc=0.8482  val_f1=0.4898  lr=8.50e-07
Running Validation...
Ep 483/500  total_loss=0.0404  tr_acc=0.9970  val_acc=0.2896  val_auroc=0.8495  val_f1=0.4644  lr=8.50e-07
Running Validation...
Ep 484/500  total_loss=0.0417  tr_acc=0.9961  val_acc=0.2885  val_auroc=0.8485  val_f1=0.4993  lr=8.50e-07
Running Validation...
Ep 485/500  total_loss=0.0377  tr_acc=0.9973  val_acc=0.2885  val_auroc=0.8488  val_f1=0.4905  lr=8.50e-07
Running Validation...
Ep 486/500  total_loss=0.0455  tr_acc=0.9952  val_acc=0.2885  val_auroc=0.8472  val_f1=0.4959  lr=8.50e-07
Running Validation...
Ep 487/500  total_loss=0.0422  tr_acc=0.9963  val_acc=0.2901  val_auroc=0.8499  val_f1=0.4302  lr=8.50e-07
Running Validation...
Ep 488/500  total_loss=0.0403  tr_acc=0.9962  val_acc=0.2896  val_auroc=0.8493  val_f1=0.4846  lr=8.50e-07
Running Validation...
Ep 489/500  total_loss=0.0409  tr_acc=0.9960  val_acc=0.2896  val_auroc=0.8469  val_f1=0.4962  lr=8.50e-07
Running Validation...
Ep 490/500  total_loss=0.0417  tr_acc=0.9955  val_acc=0.2875  val_auroc=0.8509  val_f1=0.4700  lr=8.50e-07
Running Validation...
Ep 491/500  total_loss=0.0404  tr_acc=0.9953  val_acc=0.8752  val_auroc=0.9028  val_f1=0.7889  lr=8.50e-07
Running Validation...
Ep 492/500  total_loss=0.0421  tr_acc=0.9959  val_acc=0.8715  val_auroc=0.9013  val_f1=0.7821  lr=8.50e-07
Running Validation...
Ep 493/500  total_loss=0.0424  tr_acc=0.9967  val_acc=0.2891  val_auroc=0.8496  val_f1=0.4896  lr=8.50e-07
Running Validation...
Ep 494/500  total_loss=0.0408  tr_acc=0.9954  val_acc=0.2891  val_auroc=0.8502  val_f1=0.4937  lr=8.50e-07
Running Validation...
Ep 495/500  total_loss=0.0421  tr_acc=0.9962  val_acc=0.2848  val_auroc=0.8452  val_f1=0.4927  lr=8.50e-07
Running Validation...
Ep 496/500  total_loss=0.0419  tr_acc=0.9953  val_acc=0.2880  val_auroc=0.8473  val_f1=0.4896  lr=8.50e-07
Running Validation...
Ep 497/500  total_loss=0.0418  tr_acc=0.9968  val_acc=0.2880  val_auroc=0.8585  val_f1=0.4326  lr=8.50e-07
Running Validation...
Ep 498/500  total_loss=0.0391  tr_acc=0.9978  val_acc=0.2891  val_auroc=0.8473  val_f1=0.4926  lr=8.50e-07
Running Validation...
Ep 499/500  total_loss=0.0399  tr_acc=0.9966  val_acc=0.2853  val_auroc=0.8520  val_f1=0.4133  lr=8.50e-07
Running Validation...
Ep 500/500  total_loss=0.0414  tr_acc=0.9958  val_acc=0.2875  val_auroc=0.8510  val_f1=0.4229  lr=8.50e-07
Training complete. Best AUROC: 0.9479, Best F1: 0.7889
Loaded best model from best_f1_model.pt (epoch 491)
Running Validation (final)...
Running Test...

Evaluating on derm7pt
Running Cross-eval: derm7pt...

Evaluating on padufes20
Running Cross-eval: padufes20...

Evaluating on isic2019
Running Cross-eval: isic2019...

Cross-dataset summary:
            accuracy  precision    recall  ...       EOM       PQD       DPM
derm7pt    0.476410   0.277647  0.285644  ...  0.219048  0.600000  0.127778
padufes20  0.445468   0.506565  0.440592  ...  0.268240  0.376263  0.289391
isic2019   0.744038   0.536988  0.524320  ...       NaN       NaN       NaN

[3 rows x 10 columns]

All results saved to outputs/results_BASE+MI_vit
Checkpoints saved to outputs/checkpoints_BASE+MI_vit
=========================================
Finished: Tue May 26 10:01:27 AM CEST 2026
Exit code: 0

[DONE] Training completed successfully.
Outputs:
  Checkpoints → process_BASE+MI_vit/outputs/checkpoints/
  Results     → process_BASE+MI_vit/outputs/results/
  CSVs        → process_BASE+MI_vit/outputs/csvs/
