=========================================
Job:       train_RESM_resnet18  (449206)
Node:      bigpu01
Started:   Wed Jun 24 08:07:23 PM CEST 2026
=========================================
[INFO] No HF token found at /users/jlacmou/.hf_token — downloads may be slow.
[INFO] No kaggle.json found in 20260623-process. Relying on ~/.kaggle/ or env vars.
[SETUP] Installing / verifying Python dependencies...

── GPU info ──────────────────────────────
Tesla V100-PCIE-32GB, 32768 MiB, 575.57.08
PyTorch : 2.12.1+cu126
CUDA    : 12.6
Devices : 1
GPU 0   : Tesla V100-PCIE-32GB
VRAM    : 34.1 GB
──────────────────────────────────────────

[CHECK] Validating dataset roots...
  [OK]      20260623-process/data/datasets/asosenge/hibaskinlesionsdataset-main
  [OK]      20260623-process/data/datasets/asosenge/fitzpatrick17k
  [OK]      20260623-process/data/datasets/asosenge/derm7pt
  [OK]      20260623-process/data/datasets/mahdavi1202/skin-cancer
  [OK]      20260623-process/data/datasets/sengenjih/isic2019

[CONVERT] Converting notebook to Python script...
[PATCH] Redirecting Kaggle paths → cluster paths...
  DATA_ROOT  → 20260623-process/data/datasets
  WORK_ROOT  → 20260623-process/outputs_RESM_resnet18
  BB_CACHE   → 20260623-process/backbone_cache
  Patch applied successfully.

[RUN] Starting training — Wed Jun 24 08:07:30 PM CEST 2026
=========================================
Device: cuda
CSV dir      : outputs_RESM_resnet18/csvs
Checkpoints  : outputs_RESM_resnet18/checkpoints_RESM_resnet18
Results      : outputs_RESM_resnet18/results_RESM_resnet18
Image roots:
  hiba           : 20260623-process/data/datasets/asosenge/hibaskinlesionsdataset-main/HIBASkinLesionsDataset-main/images
  fitzpatrick17k : 20260623-process/data/datasets/asosenge/fitzpatrick17k/fitzpatrick17k/data/finalfitz17k
  derm7pt        : 20260623-process/data/datasets/asosenge/derm7pt/release_v0/images
  padufes20      : 20260623-process/data/datasets/mahdavi1202/skin-cancer
  isic2019       : 20260623-process/data/datasets/sengenjih/isic2019
[INFO] Built image map for hiba: 1616 entries
[INFO] Built image map for fitzpatrick17k: 16577 entries
[INFO] Built image map for derm7pt: 2013 entries
[INFO] Built image map for padufes20: 2298 entries
[INFO] Built image map for isic2019: 33569 entries
[INFO] paired_train: loaded 738 ID-matched pairs from split clin/derm CSVs
[INFO] paired_val: loaded 106 ID-matched pairs from split clin/derm CSVs
[INFO] paired_test: loaded 211 ID-matched pairs from split clin/derm CSVs
[INFO] Loaded fitzpatrick17k eval set: 1727 samples
[INFO] Loaded padufes20 eval set: 1141 samples
[INFO] Loaded isic2019 eval set: 25517 samples
Train batches: 41, Val batches: 6
Test batches: 33
Cross-eval loaders: ['fitzpatrick17k', 'padufes20', 'isic2019']
Running Validation...
Ep   1/500  loss=1.2091  tr_acc=0.3377  val_acc=0.4444  val_auroc=0.5510  val_f1=0.3575  lr=3.40e-06
Running Validation...
Ep   2/500  loss=1.0988  tr_acc=0.4230  val_acc=0.5661  val_auroc=0.6795  val_f1=0.4997  lr=5.10e-06
Running Validation...
Ep   3/500  loss=0.9317  tr_acc=0.5412  val_acc=0.6349  val_auroc=0.7847  val_f1=0.5755  lr=6.80e-06
Running Validation...
Ep   4/500  loss=0.7694  tr_acc=0.6905  val_acc=0.7037  val_auroc=0.8457  val_f1=0.6718  lr=8.50e-06
Running Validation...
Ep   5/500  loss=0.6447  tr_acc=0.7607  val_acc=0.7037  val_auroc=0.8665  val_f1=0.6849  lr=1.02e-05
Running Validation...
Ep   6/500  loss=0.5328  tr_acc=0.8034  val_acc=0.6931  val_auroc=0.8809  val_f1=0.7002  lr=1.19e-05
Running Validation...
Ep   7/500  loss=0.4420  tr_acc=0.8430  val_acc=0.7143  val_auroc=0.8890  val_f1=0.7087  lr=1.36e-05
Running Validation...
Ep   8/500  loss=0.3991  tr_acc=0.8590  val_acc=0.6984  val_auroc=0.8959  val_f1=0.6873  lr=1.53e-05
Running Validation...
Ep   9/500  loss=0.3528  tr_acc=0.8666  val_acc=0.7725  val_auroc=0.9084  val_f1=0.7449  lr=1.70e-05
Running Validation...
Ep  10/500  loss=0.3132  tr_acc=0.8849  val_acc=0.7725  val_auroc=0.9127  val_f1=0.7462  lr=1.87e-05
Running Validation...
Ep  11/500  loss=0.2861  tr_acc=0.8994  val_acc=0.7989  val_auroc=0.9187  val_f1=0.7727  lr=2.04e-05
Running Validation...
Ep  12/500  loss=0.2516  tr_acc=0.9116  val_acc=0.7672  val_auroc=0.9188  val_f1=0.7224  lr=2.21e-05
Running Validation...
Ep  13/500  loss=0.2209  tr_acc=0.9200  val_acc=0.8042  val_auroc=0.9310  val_f1=0.7764  lr=2.38e-05
Running Validation...
Ep  14/500  loss=0.1897  tr_acc=0.9306  val_acc=0.8042  val_auroc=0.9362  val_f1=0.7685  lr=2.55e-05
Running Validation...
Ep  15/500  loss=0.1930  tr_acc=0.9276  val_acc=0.7989  val_auroc=0.9352  val_f1=0.7594  lr=2.72e-05
Running Validation...
Ep  16/500  loss=0.1816  tr_acc=0.9413  val_acc=0.8095  val_auroc=0.9356  val_f1=0.7743  lr=2.89e-05
Running Validation...
Ep  17/500  loss=0.1781  tr_acc=0.9421  val_acc=0.7884  val_auroc=0.9327  val_f1=0.7587  lr=3.06e-05
Running Validation...
Ep  18/500  loss=0.1580  tr_acc=0.9451  val_acc=0.7989  val_auroc=0.9273  val_f1=0.7481  lr=3.23e-05
Running Validation...
Ep  19/500  loss=0.1611  tr_acc=0.9482  val_acc=0.7884  val_auroc=0.9358  val_f1=0.7422  lr=3.40e-05
Running Validation...
Ep  20/500  loss=0.1229  tr_acc=0.9611  val_acc=0.7937  val_auroc=0.9421  val_f1=0.7575  lr=3.57e-05
Running Validation...
Ep  21/500  loss=0.1309  tr_acc=0.9588  val_acc=0.8095  val_auroc=0.9241  val_f1=0.7866  lr=3.74e-05
Running Validation...
Ep  22/500  loss=0.1321  tr_acc=0.9512  val_acc=0.7884  val_auroc=0.9273  val_f1=0.7469  lr=3.91e-05
Running Validation...
Ep  23/500  loss=0.1152  tr_acc=0.9588  val_acc=0.8307  val_auroc=0.9335  val_f1=0.7967  lr=4.08e-05
Running Validation...
Ep  24/500  loss=0.1232  tr_acc=0.9573  val_acc=0.8095  val_auroc=0.9372  val_f1=0.7660  lr=4.25e-05
Running Validation...
Ep  25/500  loss=0.0902  tr_acc=0.9726  val_acc=0.8201  val_auroc=0.9424  val_f1=0.7728  lr=4.42e-05
Running Validation...
Ep  26/500  loss=0.1344  tr_acc=0.9566  val_acc=0.8413  val_auroc=0.9438  val_f1=0.8094  lr=4.59e-05
Running Validation...
Ep  27/500  loss=0.1040  tr_acc=0.9672  val_acc=0.8307  val_auroc=0.9294  val_f1=0.7854  lr=4.76e-05
Running Validation...
Ep  28/500  loss=0.0926  tr_acc=0.9672  val_acc=0.8413  val_auroc=0.9325  val_f1=0.8031  lr=4.93e-05
Running Validation...
Ep  29/500  loss=0.0876  tr_acc=0.9657  val_acc=0.8095  val_auroc=0.9353  val_f1=0.7565  lr=5.10e-05
Running Validation...
Ep  30/500  loss=0.0941  tr_acc=0.9665  val_acc=0.8360  val_auroc=0.9404  val_f1=0.7829  lr=5.27e-05
Running Validation...
Ep  31/500  loss=0.0757  tr_acc=0.9688  val_acc=0.8360  val_auroc=0.9343  val_f1=0.7995  lr=5.44e-05
Running Validation...
Ep  32/500  loss=0.0881  tr_acc=0.9672  val_acc=0.7884  val_auroc=0.9303  val_f1=0.7499  lr=5.61e-05
Running Validation...
Ep  33/500  loss=0.0797  tr_acc=0.9748  val_acc=0.8413  val_auroc=0.9412  val_f1=0.8274  lr=5.78e-05
Running Validation...
Ep  34/500  loss=0.0793  tr_acc=0.9726  val_acc=0.8095  val_auroc=0.9348  val_f1=0.7492  lr=5.95e-05
Running Validation...
Ep  35/500  loss=0.0710  tr_acc=0.9779  val_acc=0.8677  val_auroc=0.9438  val_f1=0.8569  lr=6.12e-05
Running Validation...
Ep  36/500  loss=0.1070  tr_acc=0.9619  val_acc=0.8413  val_auroc=0.9405  val_f1=0.8284  lr=6.29e-05
Running Validation...
Ep  37/500  loss=0.0719  tr_acc=0.9787  val_acc=0.8519  val_auroc=0.9390  val_f1=0.8250  lr=6.46e-05
Running Validation...
Ep  38/500  loss=0.0838  tr_acc=0.9665  val_acc=0.8095  val_auroc=0.9264  val_f1=0.7724  lr=6.63e-05
Running Validation...
Ep  39/500  loss=0.0991  tr_acc=0.9695  val_acc=0.8519  val_auroc=0.9332  val_f1=0.8085  lr=6.80e-05
Running Validation...
Ep  40/500  loss=0.0671  tr_acc=0.9802  val_acc=0.8307  val_auroc=0.9386  val_f1=0.7836  lr=6.97e-05
Running Validation...
Ep  41/500  loss=0.0933  tr_acc=0.9665  val_acc=0.8254  val_auroc=0.9390  val_f1=0.7886  lr=7.14e-05
Running Validation...
Ep  42/500  loss=0.1094  tr_acc=0.9642  val_acc=0.8201  val_auroc=0.9474  val_f1=0.7779  lr=7.31e-05
Running Validation...
Ep  43/500  loss=0.0801  tr_acc=0.9733  val_acc=0.8360  val_auroc=0.9416  val_f1=0.7783  lr=7.48e-05
Running Validation...
Ep  44/500  loss=0.0819  tr_acc=0.9764  val_acc=0.8624  val_auroc=0.9402  val_f1=0.8224  lr=7.65e-05
Running Validation...
Ep  45/500  loss=0.0638  tr_acc=0.9771  val_acc=0.8201  val_auroc=0.9332  val_f1=0.7571  lr=7.82e-05
Running Validation...
Ep  46/500  loss=0.0590  tr_acc=0.9817  val_acc=0.8095  val_auroc=0.9262  val_f1=0.7713  lr=7.99e-05
Running Validation...
Ep  47/500  loss=0.0769  tr_acc=0.9748  val_acc=0.8201  val_auroc=0.9277  val_f1=0.7583  lr=8.16e-05
Running Validation...
Ep  48/500  loss=0.0520  tr_acc=0.9840  val_acc=0.8466  val_auroc=0.9451  val_f1=0.8032  lr=8.33e-05
Running Validation...
Ep  49/500  loss=0.1039  tr_acc=0.9733  val_acc=0.8624  val_auroc=0.9485  val_f1=0.8262  lr=8.50e-05
Running Validation...
Ep  50/500  loss=0.0547  tr_acc=0.9817  val_acc=0.8148  val_auroc=0.9278  val_f1=0.7465  lr=8.50e-05
Running Validation...
Ep  51/500  loss=0.0716  tr_acc=0.9764  val_acc=0.8466  val_auroc=0.9503  val_f1=0.7786  lr=8.50e-05
Running Validation...
Ep  52/500  loss=0.0723  tr_acc=0.9787  val_acc=0.8148  val_auroc=0.9410  val_f1=0.7546  lr=8.50e-05
Running Validation...
Ep  53/500  loss=0.0775  tr_acc=0.9695  val_acc=0.8254  val_auroc=0.9415  val_f1=0.7799  lr=8.50e-05
Running Validation...
Ep  54/500  loss=0.0630  tr_acc=0.9779  val_acc=0.8307  val_auroc=0.9321  val_f1=0.7852  lr=8.50e-05
Running Validation...
Ep  55/500  loss=0.0628  tr_acc=0.9764  val_acc=0.8360  val_auroc=0.9418  val_f1=0.8095  lr=8.50e-05
Running Validation...
Ep  56/500  loss=0.0464  tr_acc=0.9840  val_acc=0.8360  val_auroc=0.9402  val_f1=0.7810  lr=8.50e-05
Running Validation...
Ep  57/500  loss=0.0682  tr_acc=0.9809  val_acc=0.8519  val_auroc=0.9381  val_f1=0.8108  lr=8.49e-05
Running Validation...
Ep  58/500  loss=0.0730  tr_acc=0.9764  val_acc=0.8466  val_auroc=0.9225  val_f1=0.7821  lr=8.49e-05
Running Validation...
Ep  59/500  loss=0.0606  tr_acc=0.9817  val_acc=0.8307  val_auroc=0.9347  val_f1=0.7809  lr=8.49e-05
Running Validation...
Ep  60/500  loss=0.0453  tr_acc=0.9863  val_acc=0.8413  val_auroc=0.9376  val_f1=0.7903  lr=8.49e-05
Running Validation...
Ep  61/500  loss=0.0623  tr_acc=0.9848  val_acc=0.8466  val_auroc=0.9335  val_f1=0.7964  lr=8.49e-05
Running Validation...
Ep  62/500  loss=0.0346  tr_acc=0.9878  val_acc=0.8624  val_auroc=0.9516  val_f1=0.8298  lr=8.49e-05
Running Validation...
Ep  63/500  loss=0.0482  tr_acc=0.9802  val_acc=0.8413  val_auroc=0.9436  val_f1=0.7940  lr=8.48e-05
Running Validation...
Ep  64/500  loss=0.0511  tr_acc=0.9825  val_acc=0.8413  val_auroc=0.9483  val_f1=0.7902  lr=8.48e-05
Running Validation...
Ep  65/500  loss=0.0462  tr_acc=0.9840  val_acc=0.8307  val_auroc=0.9365  val_f1=0.7846  lr=8.48e-05
Running Validation...
Ep  66/500  loss=0.0594  tr_acc=0.9848  val_acc=0.8201  val_auroc=0.9430  val_f1=0.7614  lr=8.47e-05
Running Validation...
Ep  67/500  loss=0.0523  tr_acc=0.9840  val_acc=0.8360  val_auroc=0.9306  val_f1=0.8025  lr=8.47e-05
Running Validation...
Ep  68/500  loss=0.0351  tr_acc=0.9878  val_acc=0.8201  val_auroc=0.9159  val_f1=0.7524  lr=8.47e-05
Running Validation...
Ep  69/500  loss=0.0352  tr_acc=0.9863  val_acc=0.8466  val_auroc=0.9345  val_f1=0.8069  lr=8.46e-05
Running Validation...
Ep  70/500  loss=0.0264  tr_acc=0.9901  val_acc=0.8360  val_auroc=0.9400  val_f1=0.7966  lr=8.46e-05
Running Validation...
Ep  71/500  loss=0.0367  tr_acc=0.9878  val_acc=0.8307  val_auroc=0.9310  val_f1=0.8054  lr=8.45e-05
Running Validation...
Ep  72/500  loss=0.0465  tr_acc=0.9878  val_acc=0.7937  val_auroc=0.9257  val_f1=0.7366  lr=8.45e-05
Running Validation...
Ep  73/500  loss=0.0190  tr_acc=0.9962  val_acc=0.8519  val_auroc=0.9373  val_f1=0.8266  lr=8.45e-05
Running Validation...
Ep  74/500  loss=0.0332  tr_acc=0.9901  val_acc=0.8730  val_auroc=0.9353  val_f1=0.8532  lr=8.44e-05
Running Validation...
Ep  75/500  loss=0.0444  tr_acc=0.9855  val_acc=0.8148  val_auroc=0.9338  val_f1=0.7738  lr=8.44e-05
Running Validation...
Ep  76/500  loss=0.0388  tr_acc=0.9878  val_acc=0.8254  val_auroc=0.9361  val_f1=0.7923  lr=8.43e-05
Running Validation...
Ep  77/500  loss=0.0686  tr_acc=0.9802  val_acc=0.8254  val_auroc=0.9387  val_f1=0.7802  lr=8.42e-05
Running Validation...
Ep  78/500  loss=0.0324  tr_acc=0.9916  val_acc=0.8466  val_auroc=0.9398  val_f1=0.8134  lr=8.42e-05
Running Validation...
Ep  79/500  loss=0.1002  tr_acc=0.9802  val_acc=0.7989  val_auroc=0.9362  val_f1=0.7501  lr=8.41e-05
Running Validation...
Ep  80/500  loss=0.0241  tr_acc=0.9924  val_acc=0.8095  val_auroc=0.9403  val_f1=0.7612  lr=8.41e-05
Running Validation...
Ep  81/500  loss=0.0417  tr_acc=0.9893  val_acc=0.8201  val_auroc=0.9333  val_f1=0.7628  lr=8.40e-05
Running Validation...
Ep  82/500  loss=0.0274  tr_acc=0.9901  val_acc=0.8201  val_auroc=0.9325  val_f1=0.7806  lr=8.39e-05
Running Validation...
Ep  83/500  loss=0.0306  tr_acc=0.9886  val_acc=0.8360  val_auroc=0.9271  val_f1=0.7842  lr=8.39e-05
Running Validation...
Ep  84/500  loss=0.0624  tr_acc=0.9832  val_acc=0.7778  val_auroc=0.9161  val_f1=0.7125  lr=8.38e-05
Running Validation...
Ep  85/500  loss=0.0424  tr_acc=0.9855  val_acc=0.8519  val_auroc=0.9310  val_f1=0.8083  lr=8.37e-05
Running Validation...
Ep  86/500  loss=0.0289  tr_acc=0.9909  val_acc=0.8519  val_auroc=0.9429  val_f1=0.8234  lr=8.37e-05
Running Validation...
Ep  87/500  loss=0.0247  tr_acc=0.9931  val_acc=0.8307  val_auroc=0.9446  val_f1=0.7871  lr=8.36e-05
Running Validation...
Ep  88/500  loss=0.0256  tr_acc=0.9916  val_acc=0.8201  val_auroc=0.9358  val_f1=0.7845  lr=8.35e-05
Running Validation...
Ep  89/500  loss=0.0470  tr_acc=0.9901  val_acc=0.8042  val_auroc=0.9295  val_f1=0.7558  lr=8.34e-05
Running Validation...
Ep  90/500  loss=0.0236  tr_acc=0.9931  val_acc=0.7937  val_auroc=0.9250  val_f1=0.7432  lr=8.34e-05
Running Validation...
Ep  91/500  loss=0.0206  tr_acc=0.9924  val_acc=0.8519  val_auroc=0.9389  val_f1=0.8142  lr=8.33e-05
Running Validation...
Ep  92/500  loss=0.0232  tr_acc=0.9909  val_acc=0.8307  val_auroc=0.9320  val_f1=0.7782  lr=8.32e-05
Running Validation...
Ep  93/500  loss=0.0239  tr_acc=0.9916  val_acc=0.8254  val_auroc=0.9322  val_f1=0.7796  lr=8.31e-05
Running Validation...
Ep  94/500  loss=0.0340  tr_acc=0.9916  val_acc=0.8201  val_auroc=0.9336  val_f1=0.7631  lr=8.30e-05
Running Validation...
Ep  95/500  loss=0.0314  tr_acc=0.9924  val_acc=0.8571  val_auroc=0.9392  val_f1=0.8085  lr=8.29e-05
Running Validation...
Ep  96/500  loss=0.0555  tr_acc=0.9825  val_acc=0.8201  val_auroc=0.9259  val_f1=0.7672  lr=8.28e-05
Running Validation...
Ep  97/500  loss=0.0442  tr_acc=0.9863  val_acc=0.8042  val_auroc=0.9393  val_f1=0.7205  lr=8.27e-05
Running Validation...
Ep  98/500  loss=0.0309  tr_acc=0.9893  val_acc=0.8677  val_auroc=0.9391  val_f1=0.8238  lr=8.26e-05
Running Validation...
Ep  99/500  loss=0.0379  tr_acc=0.9893  val_acc=0.8519  val_auroc=0.9415  val_f1=0.7988  lr=8.25e-05
Running Validation...
Ep 100/500  loss=0.0325  tr_acc=0.9916  val_acc=0.8571  val_auroc=0.9434  val_f1=0.8050  lr=8.24e-05
Running Validation...
Ep 101/500  loss=0.0261  tr_acc=0.9947  val_acc=0.8624  val_auroc=0.9434  val_f1=0.8142  lr=8.23e-05
Running Validation...
Ep 102/500  loss=0.0263  tr_acc=0.9893  val_acc=0.8360  val_auroc=0.9380  val_f1=0.7982  lr=8.22e-05
Running Validation...
Ep 103/500  loss=0.0171  tr_acc=0.9954  val_acc=0.8360  val_auroc=0.9320  val_f1=0.7743  lr=8.21e-05
Running Validation...
Ep 104/500  loss=0.0158  tr_acc=0.9947  val_acc=0.8201  val_auroc=0.9389  val_f1=0.7553  lr=8.20e-05
Running Validation...
Ep 105/500  loss=0.0158  tr_acc=0.9947  val_acc=0.8307  val_auroc=0.9292  val_f1=0.8057  lr=8.19e-05
Running Validation...
Ep 106/500  loss=0.0144  tr_acc=0.9954  val_acc=0.8042  val_auroc=0.9237  val_f1=0.7619  lr=8.18e-05
Running Validation...
Ep 107/500  loss=0.0303  tr_acc=0.9931  val_acc=0.8360  val_auroc=0.9209  val_f1=0.7940  lr=8.17e-05
Running Validation...
Ep 108/500  loss=0.0329  tr_acc=0.9916  val_acc=0.8413  val_auroc=0.9343  val_f1=0.7885  lr=8.16e-05
Running Validation...
Ep 109/500  loss=0.0268  tr_acc=0.9954  val_acc=0.8466  val_auroc=0.9372  val_f1=0.8171  lr=8.14e-05
Running Validation...
Ep 110/500  loss=0.0610  tr_acc=0.9870  val_acc=0.8413  val_auroc=0.9363  val_f1=0.7841  lr=8.13e-05
Running Validation...
Ep 111/500  loss=0.0221  tr_acc=0.9924  val_acc=0.8413  val_auroc=0.9422  val_f1=0.7888  lr=8.12e-05
Running Validation...
Ep 112/500  loss=0.0096  tr_acc=0.9970  val_acc=0.8254  val_auroc=0.9367  val_f1=0.7733  lr=8.11e-05
Running Validation...
Ep 113/500  loss=0.0302  tr_acc=0.9886  val_acc=0.8360  val_auroc=0.9293  val_f1=0.7912  lr=8.10e-05
Running Validation...
Ep 114/500  loss=0.0278  tr_acc=0.9931  val_acc=0.8519  val_auroc=0.9455  val_f1=0.7973  lr=8.08e-05
Running Validation...
Ep 115/500  loss=0.0210  tr_acc=0.9931  val_acc=0.8466  val_auroc=0.9425  val_f1=0.7952  lr=8.07e-05
Running Validation...
Ep 116/500  loss=0.0294  tr_acc=0.9916  val_acc=0.8360  val_auroc=0.9319  val_f1=0.7739  lr=8.06e-05
Running Validation...
Ep 117/500  loss=0.0326  tr_acc=0.9924  val_acc=0.8413  val_auroc=0.9310  val_f1=0.7985  lr=8.04e-05
Running Validation...
Ep 118/500  loss=0.0473  tr_acc=0.9916  val_acc=0.8519  val_auroc=0.9348  val_f1=0.8031  lr=8.03e-05
Running Validation...
Ep 119/500  loss=0.0169  tr_acc=0.9947  val_acc=0.8624  val_auroc=0.9444  val_f1=0.8179  lr=8.02e-05
Running Validation...
Ep 120/500  loss=0.0063  tr_acc=0.9985  val_acc=0.8571  val_auroc=0.9353  val_f1=0.8036  lr=8.00e-05
Running Validation...
Ep 121/500  loss=0.0123  tr_acc=0.9954  val_acc=0.8201  val_auroc=0.9478  val_f1=0.8015  lr=7.99e-05
Running Validation...
Ep 122/500  loss=0.0131  tr_acc=0.9962  val_acc=0.8201  val_auroc=0.9399  val_f1=0.7930  lr=7.97e-05
Running Validation...
Ep 123/500  loss=0.0402  tr_acc=0.9916  val_acc=0.8571  val_auroc=0.9392  val_f1=0.8077  lr=7.96e-05
Running Validation...
Ep 124/500  loss=0.0116  tr_acc=0.9977  val_acc=0.8201  val_auroc=0.9395  val_f1=0.7684  lr=7.95e-05
Running Validation...
Ep 125/500  loss=0.0070  tr_acc=0.9970  val_acc=0.8360  val_auroc=0.9437  val_f1=0.7613  lr=7.93e-05
Running Validation...
Ep 126/500  loss=0.0154  tr_acc=0.9954  val_acc=0.8148  val_auroc=0.9367  val_f1=0.7508  lr=7.92e-05
Running Validation...
Ep 127/500  loss=0.0191  tr_acc=0.9970  val_acc=0.8519  val_auroc=0.9350  val_f1=0.8062  lr=7.90e-05
Running Validation...
Ep 128/500  loss=0.0280  tr_acc=0.9893  val_acc=0.8571  val_auroc=0.9329  val_f1=0.8085  lr=7.89e-05
Running Validation...
Ep 129/500  loss=0.0205  tr_acc=0.9931  val_acc=0.8360  val_auroc=0.9413  val_f1=0.7845  lr=7.87e-05
Running Validation...
Ep 130/500  loss=0.0252  tr_acc=0.9939  val_acc=0.8042  val_auroc=0.9362  val_f1=0.7331  lr=7.85e-05
Running Validation...
Ep 131/500  loss=0.0202  tr_acc=0.9947  val_acc=0.8466  val_auroc=0.9286  val_f1=0.8014  lr=7.84e-05
Running Validation...
Ep 132/500  loss=0.0207  tr_acc=0.9931  val_acc=0.7989  val_auroc=0.9265  val_f1=0.7265  lr=7.82e-05
Running Validation...
Ep 133/500  loss=0.0191  tr_acc=0.9947  val_acc=0.8307  val_auroc=0.9323  val_f1=0.7796  lr=7.81e-05
Running Validation...
Ep 134/500  loss=0.0288  tr_acc=0.9931  val_acc=0.8466  val_auroc=0.9443  val_f1=0.7952  lr=7.79e-05
Running Validation...
Ep 135/500  loss=0.0251  tr_acc=0.9939  val_acc=0.8466  val_auroc=0.9404  val_f1=0.7847  lr=7.77e-05
Running Validation...
Ep 136/500  loss=0.0131  tr_acc=0.9954  val_acc=0.8571  val_auroc=0.9411  val_f1=0.8090  lr=7.76e-05
Running Validation...
Ep 137/500  loss=0.0170  tr_acc=0.9947  val_acc=0.8148  val_auroc=0.9251  val_f1=0.7652  lr=7.74e-05
Running Validation...
Ep 138/500  loss=0.0185  tr_acc=0.9947  val_acc=0.8519  val_auroc=0.9369  val_f1=0.7966  lr=7.72e-05
Running Validation...
Ep 139/500  loss=0.0219  tr_acc=0.9924  val_acc=0.8254  val_auroc=0.9257  val_f1=0.7690  lr=7.71e-05
Running Validation...
Ep 140/500  loss=0.0136  tr_acc=0.9970  val_acc=0.8413  val_auroc=0.9398  val_f1=0.7938  lr=7.69e-05
Running Validation...
Ep 141/500  loss=0.0073  tr_acc=0.9962  val_acc=0.8095  val_auroc=0.9321  val_f1=0.7449  lr=7.67e-05
Running Validation...
Ep 142/500  loss=0.0232  tr_acc=0.9931  val_acc=0.8519  val_auroc=0.9365  val_f1=0.7966  lr=7.65e-05
Running Validation...
Ep 143/500  loss=0.0129  tr_acc=0.9970  val_acc=0.8413  val_auroc=0.9368  val_f1=0.7885  lr=7.64e-05
Running Validation...
Ep 144/500  loss=0.0066  tr_acc=0.9970  val_acc=0.8095  val_auroc=0.9206  val_f1=0.7406  lr=7.62e-05
Running Validation...
Ep 145/500  loss=0.0034  tr_acc=1.0000  val_acc=0.7989  val_auroc=0.9243  val_f1=0.7373  lr=7.60e-05
Running Validation...
Ep 146/500  loss=0.0219  tr_acc=0.9962  val_acc=0.8307  val_auroc=0.9360  val_f1=0.7801  lr=7.58e-05
Running Validation...
Ep 147/500  loss=0.0113  tr_acc=0.9954  val_acc=0.8466  val_auroc=0.9407  val_f1=0.7896  lr=7.56e-05
Running Validation...
Ep 148/500  loss=0.0130  tr_acc=0.9954  val_acc=0.8148  val_auroc=0.9257  val_f1=0.7643  lr=7.54e-05
Running Validation...
Ep 149/500  loss=0.0189  tr_acc=0.9931  val_acc=0.8148  val_auroc=0.9239  val_f1=0.7781  lr=7.52e-05
Running Validation...
Ep 150/500  loss=0.0234  tr_acc=0.9901  val_acc=0.7937  val_auroc=0.9178  val_f1=0.7446  lr=7.51e-05
Running Validation...
Ep 151/500  loss=0.0148  tr_acc=0.9954  val_acc=0.8254  val_auroc=0.9239  val_f1=0.7603  lr=7.49e-05
Running Validation...
Ep 152/500  loss=0.0155  tr_acc=0.9970  val_acc=0.7937  val_auroc=0.9261  val_f1=0.7157  lr=7.47e-05
Running Validation...
Ep 153/500  loss=0.0177  tr_acc=0.9947  val_acc=0.7831  val_auroc=0.9231  val_f1=0.7031  lr=7.45e-05
Running Validation...
Ep 154/500  loss=0.0208  tr_acc=0.9939  val_acc=0.8360  val_auroc=0.9482  val_f1=0.7798  lr=7.43e-05
Running Validation...
Ep 155/500  loss=0.0333  tr_acc=0.9924  val_acc=0.8519  val_auroc=0.9505  val_f1=0.7903  lr=7.41e-05
Running Validation...
Ep 156/500  loss=0.0312  tr_acc=0.9924  val_acc=0.8413  val_auroc=0.9321  val_f1=0.7826  lr=7.39e-05
Running Validation...
Ep 157/500  loss=0.0140  tr_acc=0.9970  val_acc=0.8730  val_auroc=0.9581  val_f1=0.8455  lr=7.37e-05
Running Validation...
Ep 158/500  loss=0.0202  tr_acc=0.9962  val_acc=0.8413  val_auroc=0.9349  val_f1=0.7982  lr=7.35e-05
Running Validation...
Ep 159/500  loss=0.0174  tr_acc=0.9939  val_acc=0.8148  val_auroc=0.9430  val_f1=0.7505  lr=7.33e-05
Running Validation...
Ep 160/500  loss=0.0443  tr_acc=0.9916  val_acc=0.8201  val_auroc=0.9444  val_f1=0.7611  lr=7.31e-05
Running Validation...
Ep 161/500  loss=0.0094  tr_acc=0.9962  val_acc=0.8148  val_auroc=0.9422  val_f1=0.7832  lr=7.29e-05
Running Validation...
Ep 162/500  loss=0.0136  tr_acc=0.9939  val_acc=0.8148  val_auroc=0.9451  val_f1=0.7554  lr=7.27e-05
Running Validation...
Ep 163/500  loss=0.0128  tr_acc=0.9954  val_acc=0.7989  val_auroc=0.9395  val_f1=0.7314  lr=7.24e-05
Running Validation...
Ep 164/500  loss=0.0091  tr_acc=0.9985  val_acc=0.8360  val_auroc=0.9424  val_f1=0.7821  lr=7.22e-05
Running Validation...
Ep 165/500  loss=0.0034  tr_acc=0.9985  val_acc=0.8413  val_auroc=0.9442  val_f1=0.7860  lr=7.20e-05
Running Validation...
Ep 166/500  loss=0.0126  tr_acc=0.9977  val_acc=0.8413  val_auroc=0.9433  val_f1=0.7863  lr=7.18e-05
Running Validation...
Ep 167/500  loss=0.0207  tr_acc=0.9954  val_acc=0.8148  val_auroc=0.9320  val_f1=0.7558  lr=7.16e-05
Running Validation...
Ep 168/500  loss=0.0048  tr_acc=0.9977  val_acc=0.8519  val_auroc=0.9378  val_f1=0.8084  lr=7.14e-05
Running Validation...
Ep 169/500  loss=0.0055  tr_acc=0.9977  val_acc=0.8095  val_auroc=0.9386  val_f1=0.7574  lr=7.12e-05
Running Validation...
Ep 170/500  loss=0.0134  tr_acc=0.9954  val_acc=0.8201  val_auroc=0.9361  val_f1=0.7687  lr=7.09e-05
Running Validation...
Ep 171/500  loss=0.0326  tr_acc=0.9931  val_acc=0.8466  val_auroc=0.9429  val_f1=0.7928  lr=7.07e-05
Running Validation...
Ep 172/500  loss=0.0079  tr_acc=0.9977  val_acc=0.8201  val_auroc=0.9459  val_f1=0.7779  lr=7.05e-05
Running Validation...
Ep 173/500  loss=0.0126  tr_acc=0.9962  val_acc=0.8254  val_auroc=0.9443  val_f1=0.7697  lr=7.03e-05
Running Validation...
Ep 174/500  loss=0.0070  tr_acc=0.9970  val_acc=0.8201  val_auroc=0.9447  val_f1=0.7692  lr=7.00e-05
Running Validation...
Ep 175/500  loss=0.0277  tr_acc=0.9970  val_acc=0.8307  val_auroc=0.9472  val_f1=0.7703  lr=6.98e-05
Running Validation...
Ep 176/500  loss=0.0064  tr_acc=0.9970  val_acc=0.8360  val_auroc=0.9460  val_f1=0.7925  lr=6.96e-05
Running Validation...
Ep 177/500  loss=0.0077  tr_acc=0.9970  val_acc=0.8466  val_auroc=0.9478  val_f1=0.8010  lr=6.94e-05
Running Validation...
Ep 178/500  loss=0.0054  tr_acc=0.9977  val_acc=0.8360  val_auroc=0.9546  val_f1=0.7816  lr=6.91e-05
Running Validation...
Ep 179/500  loss=0.0163  tr_acc=0.9962  val_acc=0.7989  val_auroc=0.9356  val_f1=0.7253  lr=6.89e-05
Running Validation...
Ep 180/500  loss=0.0084  tr_acc=0.9970  val_acc=0.8519  val_auroc=0.9538  val_f1=0.8072  lr=6.87e-05
Running Validation...
Ep 181/500  loss=0.0194  tr_acc=0.9962  val_acc=0.8519  val_auroc=0.9488  val_f1=0.8086  lr=6.84e-05
Running Validation...
Ep 182/500  loss=0.0058  tr_acc=0.9992  val_acc=0.8360  val_auroc=0.9460  val_f1=0.7804  lr=6.82e-05
Running Validation...
Ep 183/500  loss=0.0120  tr_acc=0.9977  val_acc=0.8466  val_auroc=0.9456  val_f1=0.8027  lr=6.80e-05
Running Validation...
Ep 184/500  loss=0.0121  tr_acc=0.9970  val_acc=0.8677  val_auroc=0.9517  val_f1=0.8204  lr=6.77e-05
Running Validation...
Ep 185/500  loss=0.0178  tr_acc=0.9947  val_acc=0.8677  val_auroc=0.9485  val_f1=0.8280  lr=6.75e-05
Running Validation...
Ep 186/500  loss=0.0145  tr_acc=0.9970  val_acc=0.8307  val_auroc=0.9269  val_f1=0.7782  lr=6.72e-05
Running Validation...
Ep 187/500  loss=0.0106  tr_acc=0.9962  val_acc=0.8624  val_auroc=0.9490  val_f1=0.8257  lr=6.70e-05
Running Validation...
Ep 188/500  loss=0.0150  tr_acc=0.9931  val_acc=0.8519  val_auroc=0.9444  val_f1=0.8029  lr=6.68e-05
Running Validation...
Ep 189/500  loss=0.0071  tr_acc=0.9970  val_acc=0.8624  val_auroc=0.9454  val_f1=0.8164  lr=6.65e-05
Running Validation...
Ep 190/500  loss=0.0086  tr_acc=0.9962  val_acc=0.8571  val_auroc=0.9504  val_f1=0.8047  lr=6.63e-05
Running Validation...
Ep 191/500  loss=0.0107  tr_acc=0.9977  val_acc=0.8413  val_auroc=0.9583  val_f1=0.7726  lr=6.60e-05
Running Validation...
Ep 192/500  loss=0.0290  tr_acc=0.9954  val_acc=0.8254  val_auroc=0.9535  val_f1=0.7574  lr=6.58e-05
Running Validation...
Ep 193/500  loss=0.0029  tr_acc=0.9992  val_acc=0.8360  val_auroc=0.9515  val_f1=0.7829  lr=6.55e-05
Running Validation...
Ep 194/500  loss=0.0096  tr_acc=0.9992  val_acc=0.8413  val_auroc=0.9493  val_f1=0.7853  lr=6.53e-05
Running Validation...
Ep 195/500  loss=0.0083  tr_acc=0.9977  val_acc=0.8201  val_auroc=0.9486  val_f1=0.7609  lr=6.50e-05
Running Validation...
Ep 196/500  loss=0.0060  tr_acc=0.9970  val_acc=0.8201  val_auroc=0.9513  val_f1=0.7394  lr=6.48e-05
Running Validation...
Ep 197/500  loss=0.0047  tr_acc=0.9992  val_acc=0.8466  val_auroc=0.9459  val_f1=0.7852  lr=6.45e-05
Running Validation...
Ep 198/500  loss=0.0030  tr_acc=0.9992  val_acc=0.8519  val_auroc=0.9447  val_f1=0.7975  lr=6.43e-05
Running Validation...
Ep 199/500  loss=0.0037  tr_acc=0.9977  val_acc=0.8571  val_auroc=0.9508  val_f1=0.8201  lr=6.40e-05
Running Validation...
Ep 200/500  loss=0.0082  tr_acc=0.9962  val_acc=0.8307  val_auroc=0.9475  val_f1=0.7836  lr=6.38e-05
Running Validation...
Ep 201/500  loss=0.0066  tr_acc=0.9985  val_acc=0.8466  val_auroc=0.9401  val_f1=0.8104  lr=6.35e-05
Running Validation...
Ep 202/500  loss=0.0120  tr_acc=0.9954  val_acc=0.8413  val_auroc=0.9534  val_f1=0.7829  lr=6.32e-05
Running Validation...
Ep 203/500  loss=0.0236  tr_acc=0.9977  val_acc=0.8148  val_auroc=0.9464  val_f1=0.7622  lr=6.30e-05
Running Validation...
Ep 204/500  loss=0.0061  tr_acc=0.9977  val_acc=0.8254  val_auroc=0.9381  val_f1=0.7623  lr=6.27e-05
Running Validation...
Ep 205/500  loss=0.0101  tr_acc=0.9977  val_acc=0.8413  val_auroc=0.9470  val_f1=0.7865  lr=6.25e-05
Running Validation...
Ep 206/500  loss=0.0029  tr_acc=0.9992  val_acc=0.8413  val_auroc=0.9532  val_f1=0.7990  lr=6.22e-05
Running Validation...
Ep 207/500  loss=0.0086  tr_acc=0.9962  val_acc=0.8730  val_auroc=0.9566  val_f1=0.8393  lr=6.19e-05
Running Validation...
Ep 208/500  loss=0.0028  tr_acc=0.9992  val_acc=0.8254  val_auroc=0.9410  val_f1=0.7616  lr=6.17e-05
Running Validation...
Ep 209/500  loss=0.0027  tr_acc=0.9992  val_acc=0.8519  val_auroc=0.9464  val_f1=0.8085  lr=6.14e-05
Running Validation...
Ep 210/500  loss=0.0043  tr_acc=0.9985  val_acc=0.7725  val_auroc=0.9263  val_f1=0.7356  lr=6.11e-05
Running Validation...
Ep 211/500  loss=0.0171  tr_acc=0.9962  val_acc=0.8307  val_auroc=0.9316  val_f1=0.7826  lr=6.09e-05
Running Validation...
Ep 212/500  loss=0.0065  tr_acc=0.9970  val_acc=0.8254  val_auroc=0.9426  val_f1=0.7710  lr=6.06e-05
Running Validation...
Ep 213/500  loss=0.0013  tr_acc=1.0000  val_acc=0.8201  val_auroc=0.9423  val_f1=0.7633  lr=6.03e-05
Running Validation...
Ep 214/500  loss=0.0016  tr_acc=0.9992  val_acc=0.8148  val_auroc=0.9442  val_f1=0.7616  lr=6.01e-05
Running Validation...
Ep 215/500  loss=0.0021  tr_acc=0.9985  val_acc=0.7989  val_auroc=0.9339  val_f1=0.7539  lr=5.98e-05
Running Validation...
Ep 216/500  loss=0.0125  tr_acc=0.9977  val_acc=0.8201  val_auroc=0.9411  val_f1=0.7572  lr=5.95e-05
Running Validation...
Ep 217/500  loss=0.0189  tr_acc=0.9954  val_acc=0.8466  val_auroc=0.9446  val_f1=0.8103  lr=5.92e-05
Running Validation...
Ep 218/500  loss=0.0036  tr_acc=0.9992  val_acc=0.8148  val_auroc=0.9553  val_f1=0.7550  lr=5.90e-05
Running Validation...
Ep 219/500  loss=0.0138  tr_acc=0.9970  val_acc=0.8307  val_auroc=0.9455  val_f1=0.7807  lr=5.87e-05
Running Validation...
Ep 220/500  loss=0.0062  tr_acc=0.9970  val_acc=0.8307  val_auroc=0.9451  val_f1=0.7896  lr=5.84e-05
Running Validation...
Ep 221/500  loss=0.0073  tr_acc=0.9992  val_acc=0.8201  val_auroc=0.9411  val_f1=0.7830  lr=5.81e-05
Running Validation...
Ep 222/500  loss=0.0036  tr_acc=0.9985  val_acc=0.8148  val_auroc=0.9474  val_f1=0.7576  lr=5.79e-05
Running Validation...
Ep 223/500  loss=0.0070  tr_acc=0.9977  val_acc=0.8360  val_auroc=0.9507  val_f1=0.8030  lr=5.76e-05
Running Validation...
Ep 224/500  loss=0.0124  tr_acc=0.9954  val_acc=0.8624  val_auroc=0.9521  val_f1=0.8245  lr=5.73e-05
Running Validation...
Ep 225/500  loss=0.0028  tr_acc=1.0000  val_acc=0.8413  val_auroc=0.9441  val_f1=0.7985  lr=5.70e-05
Running Validation...
Ep 226/500  loss=0.0047  tr_acc=0.9970  val_acc=0.8042  val_auroc=0.9386  val_f1=0.7215  lr=5.68e-05
Running Validation...
Ep 227/500  loss=0.0044  tr_acc=0.9992  val_acc=0.8201  val_auroc=0.9354  val_f1=0.7558  lr=5.65e-05
Running Validation...
Ep 228/500  loss=0.0023  tr_acc=0.9992  val_acc=0.8254  val_auroc=0.9233  val_f1=0.7682  lr=5.62e-05
Running Validation...
Ep 229/500  loss=0.0391  tr_acc=0.9954  val_acc=0.8307  val_auroc=0.9330  val_f1=0.7738  lr=5.59e-05
Running Validation...
Ep 230/500  loss=0.0037  tr_acc=0.9992  val_acc=0.8413  val_auroc=0.9333  val_f1=0.8010  lr=5.56e-05
Running Validation...
Ep 231/500  loss=0.0073  tr_acc=0.9985  val_acc=0.8254  val_auroc=0.9311  val_f1=0.7690  lr=5.54e-05
Running Validation...
Ep 232/500  loss=0.0068  tr_acc=0.9977  val_acc=0.8254  val_auroc=0.9302  val_f1=0.7763  lr=5.51e-05
Running Validation...
Ep 233/500  loss=0.0020  tr_acc=1.0000  val_acc=0.8307  val_auroc=0.9361  val_f1=0.7854  lr=5.48e-05
Running Validation...
Ep 234/500  loss=0.0055  tr_acc=0.9977  val_acc=0.7989  val_auroc=0.9355  val_f1=0.7329  lr=5.45e-05
Running Validation...
Ep 235/500  loss=0.0026  tr_acc=0.9985  val_acc=0.8254  val_auroc=0.9355  val_f1=0.7726  lr=5.42e-05
Running Validation...
Ep 236/500  loss=0.0142  tr_acc=0.9985  val_acc=0.7989  val_auroc=0.9387  val_f1=0.7448  lr=5.39e-05
Running Validation...
Ep 237/500  loss=0.0064  tr_acc=0.9985  val_acc=0.8095  val_auroc=0.9362  val_f1=0.7421  lr=5.36e-05
Running Validation...
Ep 238/500  loss=0.0021  tr_acc=0.9992  val_acc=0.8095  val_auroc=0.9405  val_f1=0.7384  lr=5.34e-05
Running Validation...
Ep 239/500  loss=0.0313  tr_acc=0.9939  val_acc=0.7989  val_auroc=0.9347  val_f1=0.7217  lr=5.31e-05
Running Validation...
Ep 240/500  loss=0.0285  tr_acc=0.9962  val_acc=0.7884  val_auroc=0.9203  val_f1=0.7278  lr=5.28e-05
Running Validation...
Ep 241/500  loss=0.0073  tr_acc=0.9970  val_acc=0.8201  val_auroc=0.9327  val_f1=0.7576  lr=5.25e-05
Running Validation...
Ep 242/500  loss=0.0038  tr_acc=0.9985  val_acc=0.7989  val_auroc=0.9324  val_f1=0.7357  lr=5.22e-05
Running Validation...
Ep 243/500  loss=0.0058  tr_acc=0.9985  val_acc=0.7989  val_auroc=0.9251  val_f1=0.7300  lr=5.19e-05
Running Validation...
Ep 244/500  loss=0.0076  tr_acc=0.9962  val_acc=0.8201  val_auroc=0.9298  val_f1=0.7694  lr=5.16e-05
Running Validation...
Ep 245/500  loss=0.0014  tr_acc=0.9992  val_acc=0.8201  val_auroc=0.9331  val_f1=0.7764  lr=5.13e-05
Running Validation...
Ep 246/500  loss=0.0105  tr_acc=0.9977  val_acc=0.8148  val_auroc=0.9334  val_f1=0.7619  lr=5.10e-05
Running Validation...
Ep 247/500  loss=0.0077  tr_acc=0.9977  val_acc=0.8148  val_auroc=0.9308  val_f1=0.7589  lr=5.08e-05
Running Validation...
Ep 248/500  loss=0.0235  tr_acc=0.9954  val_acc=0.8201  val_auroc=0.9294  val_f1=0.7612  lr=5.05e-05
Running Validation...
Ep 249/500  loss=0.0092  tr_acc=0.9970  val_acc=0.8624  val_auroc=0.9413  val_f1=0.8234  lr=5.02e-05
Running Validation...
Ep 250/500  loss=0.0038  tr_acc=0.9992  val_acc=0.8466  val_auroc=0.9512  val_f1=0.7907  lr=4.99e-05
Running Validation...
Ep 251/500  loss=0.0100  tr_acc=0.9977  val_acc=0.8730  val_auroc=0.9518  val_f1=0.8316  lr=4.96e-05
Running Validation...
Ep 252/500  loss=0.0012  tr_acc=1.0000  val_acc=0.8571  val_auroc=0.9473  val_f1=0.8155  lr=4.93e-05
Running Validation...
Ep 253/500  loss=0.0007  tr_acc=1.0000  val_acc=0.8677  val_auroc=0.9488  val_f1=0.8252  lr=4.90e-05
Running Validation...
Ep 254/500  loss=0.0028  tr_acc=0.9985  val_acc=0.8783  val_auroc=0.9432  val_f1=0.8363  lr=4.87e-05
Running Validation...
Ep 255/500  loss=0.0044  tr_acc=0.9992  val_acc=0.8307  val_auroc=0.9490  val_f1=0.7722  lr=4.84e-05
Running Validation...
Ep 256/500  loss=0.0013  tr_acc=1.0000  val_acc=0.8571  val_auroc=0.9382  val_f1=0.8090  lr=4.81e-05
Running Validation...
Ep 257/500  loss=0.0007  tr_acc=1.0000  val_acc=0.8730  val_auroc=0.9392  val_f1=0.8227  lr=4.78e-05
Running Validation...
Ep 258/500  loss=0.0292  tr_acc=0.9970  val_acc=0.8466  val_auroc=0.9441  val_f1=0.7969  lr=4.75e-05
Running Validation...
Ep 259/500  loss=0.0012  tr_acc=1.0000  val_acc=0.8413  val_auroc=0.9441  val_f1=0.7926  lr=4.72e-05
Running Validation...
Ep 260/500  loss=0.0062  tr_acc=0.9985  val_acc=0.8254  val_auroc=0.9396  val_f1=0.7648  lr=4.69e-05
Running Validation...
Ep 261/500  loss=0.0031  tr_acc=0.9985  val_acc=0.8307  val_auroc=0.9273  val_f1=0.7799  lr=4.66e-05
Running Validation...
Ep 262/500  loss=0.0041  tr_acc=0.9977  val_acc=0.8254  val_auroc=0.9372  val_f1=0.7721  lr=4.64e-05
Running Validation...
Ep 263/500  loss=0.0109  tr_acc=0.9985  val_acc=0.8201  val_auroc=0.9399  val_f1=0.7564  lr=4.61e-05
Running Validation...
Ep 264/500  loss=0.0017  tr_acc=0.9992  val_acc=0.8254  val_auroc=0.9363  val_f1=0.7606  lr=4.58e-05
Running Validation...
Ep 265/500  loss=0.0043  tr_acc=0.9985  val_acc=0.8307  val_auroc=0.9371  val_f1=0.7688  lr=4.55e-05
Running Validation...
Ep 266/500  loss=0.0005  tr_acc=1.0000  val_acc=0.8413  val_auroc=0.9388  val_f1=0.7801  lr=4.52e-05
Running Validation...
Ep 267/500  loss=0.0016  tr_acc=1.0000  val_acc=0.8201  val_auroc=0.9369  val_f1=0.7516  lr=4.49e-05
Running Validation...
Ep 268/500  loss=0.0019  tr_acc=0.9992  val_acc=0.8148  val_auroc=0.9297  val_f1=0.7369  lr=4.46e-05
Running Validation...
Ep 269/500  loss=0.0030  tr_acc=0.9985  val_acc=0.8095  val_auroc=0.9300  val_f1=0.7342  lr=4.43e-05
Running Validation...
Ep 270/500  loss=0.0126  tr_acc=0.9977  val_acc=0.8148  val_auroc=0.9325  val_f1=0.7413  lr=4.40e-05
Running Validation...
Ep 271/500  loss=0.0063  tr_acc=0.9977  val_acc=0.8095  val_auroc=0.9331  val_f1=0.7313  lr=4.37e-05
Running Validation...
Ep 272/500  loss=0.0014  tr_acc=0.9992  val_acc=0.8042  val_auroc=0.9361  val_f1=0.7307  lr=4.34e-05
Running Validation...
Ep 273/500  loss=0.0024  tr_acc=0.9992  val_acc=0.8254  val_auroc=0.9348  val_f1=0.7718  lr=4.31e-05
Running Validation...
Ep 274/500  loss=0.0055  tr_acc=0.9992  val_acc=0.8360  val_auroc=0.9455  val_f1=0.7754  lr=4.28e-05
Running Validation...
Ep 275/500  loss=0.0073  tr_acc=0.9992  val_acc=0.8571  val_auroc=0.9548  val_f1=0.8084  lr=4.25e-05
Running Validation...
Ep 276/500  loss=0.0006  tr_acc=1.0000  val_acc=0.8360  val_auroc=0.9447  val_f1=0.7676  lr=4.22e-05
Running Validation...
Ep 277/500  loss=0.0004  tr_acc=1.0000  val_acc=0.8730  val_auroc=0.9434  val_f1=0.8314  lr=4.19e-05
Running Validation...
Ep 278/500  loss=0.0005  tr_acc=1.0000  val_acc=0.8519  val_auroc=0.9414  val_f1=0.8071  lr=4.16e-05
Running Validation...
Ep 279/500  loss=0.0035  tr_acc=0.9985  val_acc=0.8254  val_auroc=0.9381  val_f1=0.7605  lr=4.13e-05
Running Validation...
Ep 280/500  loss=0.0003  tr_acc=1.0000  val_acc=0.8360  val_auroc=0.9392  val_f1=0.7791  lr=4.10e-05
Running Validation...
Ep 281/500  loss=0.0008  tr_acc=1.0000  val_acc=0.8307  val_auroc=0.9317  val_f1=0.7656  lr=4.07e-05
Running Validation...
Ep 282/500  loss=0.0250  tr_acc=0.9977  val_acc=0.8466  val_auroc=0.9443  val_f1=0.7944  lr=4.04e-05
Running Validation...
Ep 283/500  loss=0.0025  tr_acc=0.9985  val_acc=0.8201  val_auroc=0.9385  val_f1=0.7519  lr=4.01e-05
Running Validation...
Ep 284/500  loss=0.0003  tr_acc=1.0000  val_acc=0.8254  val_auroc=0.9399  val_f1=0.7664  lr=3.98e-05
Running Validation...
Ep 285/500  loss=0.0034  tr_acc=0.9985  val_acc=0.8201  val_auroc=0.9379  val_f1=0.7497  lr=3.95e-05
Running Validation...
Ep 286/500  loss=0.0011  tr_acc=1.0000  val_acc=0.8095  val_auroc=0.9399  val_f1=0.7471  lr=3.92e-05
Running Validation...
Ep 287/500  loss=0.0003  tr_acc=1.0000  val_acc=0.8307  val_auroc=0.9376  val_f1=0.7805  lr=3.89e-05
Running Validation...
Ep 288/500  loss=0.0177  tr_acc=0.9992  val_acc=0.8201  val_auroc=0.9383  val_f1=0.7579  lr=3.86e-05
Running Validation...
Ep 289/500  loss=0.0028  tr_acc=0.9985  val_acc=0.8360  val_auroc=0.9461  val_f1=0.7829  lr=3.84e-05
Running Validation...
Ep 290/500  loss=0.0055  tr_acc=0.9985  val_acc=0.8254  val_auroc=0.9415  val_f1=0.7523  lr=3.81e-05
Running Validation...
Ep 291/500  loss=0.0023  tr_acc=0.9985  val_acc=0.8201  val_auroc=0.9304  val_f1=0.7587  lr=3.78e-05
Running Validation...
Ep 292/500  loss=0.0002  tr_acc=1.0000  val_acc=0.8360  val_auroc=0.9327  val_f1=0.7785  lr=3.75e-05
Running Validation...
Ep 293/500  loss=0.0013  tr_acc=1.0000  val_acc=0.8095  val_auroc=0.9400  val_f1=0.7344  lr=3.72e-05
Running Validation...
Ep 294/500  loss=0.0004  tr_acc=1.0000  val_acc=0.8148  val_auroc=0.9358  val_f1=0.7315  lr=3.69e-05
Running Validation...
Ep 295/500  loss=0.0380  tr_acc=0.9962  val_acc=0.8413  val_auroc=0.9456  val_f1=0.7835  lr=3.66e-05
Running Validation...
Ep 296/500  loss=0.0015  tr_acc=0.9992  val_acc=0.8730  val_auroc=0.9526  val_f1=0.8304  lr=3.63e-05
Running Validation...
Ep 297/500  loss=0.0041  tr_acc=0.9985  val_acc=0.8624  val_auroc=0.9458  val_f1=0.8178  lr=3.60e-05
Running Validation...
Ep 298/500  loss=0.0013  tr_acc=1.0000  val_acc=0.8413  val_auroc=0.9465  val_f1=0.7812  lr=3.57e-05
Running Validation...
Ep 299/500  loss=0.0011  tr_acc=0.9992  val_acc=0.8519  val_auroc=0.9474  val_f1=0.7923  lr=3.54e-05
Running Validation...
Ep 300/500  loss=0.0005  tr_acc=1.0000  val_acc=0.8307  val_auroc=0.9473  val_f1=0.7526  lr=3.51e-05
Running Validation...
Ep 301/500  loss=0.0003  tr_acc=1.0000  val_acc=0.8307  val_auroc=0.9468  val_f1=0.7640  lr=3.48e-05
Running Validation...
Ep 302/500  loss=0.0107  tr_acc=0.9977  val_acc=0.8413  val_auroc=0.9454  val_f1=0.7739  lr=3.45e-05
Running Validation...
Ep 303/500  loss=0.0085  tr_acc=0.9977  val_acc=0.8360  val_auroc=0.9461  val_f1=0.7773  lr=3.42e-05
Running Validation...
Ep 304/500  loss=0.0166  tr_acc=0.9977  val_acc=0.8413  val_auroc=0.9485  val_f1=0.7771  lr=3.40e-05
Running Validation...
Ep 305/500  loss=0.0005  tr_acc=1.0000  val_acc=0.8466  val_auroc=0.9519  val_f1=0.7930  lr=3.37e-05
Running Validation...
Ep 306/500  loss=0.0183  tr_acc=0.9985  val_acc=0.8254  val_auroc=0.9444  val_f1=0.7681  lr=3.34e-05
Running Validation...
Ep 307/500  loss=0.0016  tr_acc=0.9992  val_acc=0.8201  val_auroc=0.9451  val_f1=0.7412  lr=3.31e-05
Running Validation...
Ep 308/500  loss=0.0100  tr_acc=0.9992  val_acc=0.8307  val_auroc=0.9461  val_f1=0.7536  lr=3.28e-05
Running Validation...
Ep 309/500  loss=0.0170  tr_acc=0.9985  val_acc=0.8254  val_auroc=0.9470  val_f1=0.7481  lr=3.25e-05
Running Validation...
Ep 310/500  loss=0.0047  tr_acc=0.9992  val_acc=0.8307  val_auroc=0.9500  val_f1=0.7617  lr=3.22e-05
Running Validation...
Ep 311/500  loss=0.0032  tr_acc=0.9985  val_acc=0.8466  val_auroc=0.9494  val_f1=0.7915  lr=3.19e-05
Running Validation...
Ep 312/500  loss=0.0039  tr_acc=0.9992  val_acc=0.8307  val_auroc=0.9450  val_f1=0.7616  lr=3.16e-05
Running Validation...
Ep 313/500  loss=0.0007  tr_acc=1.0000  val_acc=0.8201  val_auroc=0.9448  val_f1=0.7493  lr=3.14e-05
Running Validation...
Ep 314/500  loss=0.0006  tr_acc=1.0000  val_acc=0.8360  val_auroc=0.9441  val_f1=0.7775  lr=3.11e-05
Running Validation...
Ep 315/500  loss=0.0004  tr_acc=1.0000  val_acc=0.8254  val_auroc=0.9429  val_f1=0.7573  lr=3.08e-05
Running Validation...
Ep 316/500  loss=0.0004  tr_acc=1.0000  val_acc=0.8254  val_auroc=0.9445  val_f1=0.7545  lr=3.05e-05
Running Validation...
Ep 317/500  loss=0.0003  tr_acc=1.0000  val_acc=0.8307  val_auroc=0.9482  val_f1=0.7656  lr=3.02e-05
Running Validation...
Ep 318/500  loss=0.0008  tr_acc=1.0000  val_acc=0.8254  val_auroc=0.9458  val_f1=0.7593  lr=2.99e-05
Running Validation...
Ep 319/500  loss=0.0298  tr_acc=0.9962  val_acc=0.8254  val_auroc=0.9454  val_f1=0.7699  lr=2.96e-05
Running Validation...
Ep 320/500  loss=0.0004  tr_acc=1.0000  val_acc=0.8307  val_auroc=0.9457  val_f1=0.7821  lr=2.94e-05
Running Validation...
Ep 321/500  loss=0.0006  tr_acc=1.0000  val_acc=0.8307  val_auroc=0.9452  val_f1=0.7700  lr=2.91e-05
Running Validation...
Ep 322/500  loss=0.0012  tr_acc=0.9992  val_acc=0.8254  val_auroc=0.9434  val_f1=0.7671  lr=2.88e-05
Running Validation...
Ep 323/500  loss=0.0021  tr_acc=0.9992  val_acc=0.8201  val_auroc=0.9417  val_f1=0.7632  lr=2.85e-05
Running Validation...
Ep 324/500  loss=0.0011  tr_acc=1.0000  val_acc=0.8201  val_auroc=0.9395  val_f1=0.7573  lr=2.82e-05
Running Validation...
Ep 325/500  loss=0.0042  tr_acc=0.9985  val_acc=0.8466  val_auroc=0.9439  val_f1=0.7951  lr=2.80e-05
Running Validation...
Ep 326/500  loss=0.0016  tr_acc=0.9992  val_acc=0.8413  val_auroc=0.9478  val_f1=0.7977  lr=2.77e-05
Running Validation...
Ep 327/500  loss=0.0165  tr_acc=0.9977  val_acc=0.8254  val_auroc=0.9456  val_f1=0.7547  lr=2.74e-05
Running Validation...
Ep 328/500  loss=0.0010  tr_acc=0.9992  val_acc=0.8413  val_auroc=0.9489  val_f1=0.7832  lr=2.71e-05
Running Validation...
Ep 329/500  loss=0.0003  tr_acc=1.0000  val_acc=0.8148  val_auroc=0.9412  val_f1=0.7476  lr=2.69e-05
Running Validation...
Ep 330/500  loss=0.0009  tr_acc=1.0000  val_acc=0.8307  val_auroc=0.9464  val_f1=0.7619  lr=2.66e-05
Running Validation...
Ep 331/500  loss=0.0003  tr_acc=1.0000  val_acc=0.8519  val_auroc=0.9506  val_f1=0.7983  lr=2.63e-05
Running Validation...
Ep 332/500  loss=0.0007  tr_acc=1.0000  val_acc=0.8571  val_auroc=0.9487  val_f1=0.8104  lr=2.60e-05
Running Validation...
Ep 333/500  loss=0.0002  tr_acc=1.0000  val_acc=0.8413  val_auroc=0.9448  val_f1=0.7784  lr=2.58e-05
Running Validation...
Ep 334/500  loss=0.0004  tr_acc=1.0000  val_acc=0.8413  val_auroc=0.9501  val_f1=0.7930  lr=2.55e-05
Running Validation...
Ep 335/500  loss=0.0009  tr_acc=0.9992  val_acc=0.8519  val_auroc=0.9491  val_f1=0.8073  lr=2.52e-05
Running Validation...
Ep 336/500  loss=0.0001  tr_acc=1.0000  val_acc=0.8466  val_auroc=0.9456  val_f1=0.8052  lr=2.49e-05
Running Validation...
Ep 337/500  loss=0.0008  tr_acc=0.9992  val_acc=0.8624  val_auroc=0.9487  val_f1=0.8189  lr=2.47e-05
Running Validation...
Ep 338/500  loss=0.0002  tr_acc=1.0000  val_acc=0.8360  val_auroc=0.9435  val_f1=0.7830  lr=2.44e-05
Running Validation...
Ep 339/500  loss=0.0002  tr_acc=1.0000  val_acc=0.8360  val_auroc=0.9410  val_f1=0.7716  lr=2.41e-05
Running Validation...
Ep 340/500  loss=0.0247  tr_acc=0.9985  val_acc=0.8571  val_auroc=0.9415  val_f1=0.8093  lr=2.39e-05
Running Validation...
Ep 341/500  loss=0.0236  tr_acc=0.9977  val_acc=0.8571  val_auroc=0.9380  val_f1=0.8125  lr=2.36e-05
Running Validation...
Ep 342/500  loss=0.0003  tr_acc=1.0000  val_acc=0.8413  val_auroc=0.9397  val_f1=0.7817  lr=2.33e-05
Running Validation...
Ep 343/500  loss=0.0005  tr_acc=1.0000  val_acc=0.8201  val_auroc=0.9334  val_f1=0.7553  lr=2.31e-05
Running Validation...
Ep 344/500  loss=0.0001  tr_acc=1.0000  val_acc=0.8148  val_auroc=0.9370  val_f1=0.7422  lr=2.28e-05
Running Validation...
Ep 345/500  loss=0.0001  tr_acc=1.0000  val_acc=0.8254  val_auroc=0.9363  val_f1=0.7637  lr=2.25e-05
Running Validation...
Ep 346/500  loss=0.0033  tr_acc=0.9992  val_acc=0.8360  val_auroc=0.9397  val_f1=0.7797  lr=2.23e-05
Running Validation...
Ep 347/500  loss=0.0002  tr_acc=1.0000  val_acc=0.8413  val_auroc=0.9392  val_f1=0.7891  lr=2.20e-05
Running Validation...
Ep 348/500  loss=0.0004  tr_acc=1.0000  val_acc=0.8254  val_auroc=0.9387  val_f1=0.7578  lr=2.18e-05
Running Validation...
Ep 349/500  loss=0.0002  tr_acc=1.0000  val_acc=0.8413  val_auroc=0.9426  val_f1=0.7860  lr=2.15e-05
Running Validation...
Ep 350/500  loss=0.0001  tr_acc=1.0000  val_acc=0.8413  val_auroc=0.9406  val_f1=0.7898  lr=2.13e-05
Running Validation...
Ep 351/500  loss=0.0001  tr_acc=1.0000  val_acc=0.8413  val_auroc=0.9384  val_f1=0.7898  lr=2.10e-05
Running Validation...
Ep 352/500  loss=0.0001  tr_acc=1.0000  val_acc=0.8466  val_auroc=0.9408  val_f1=0.7993  lr=2.07e-05
Running Validation...
Ep 353/500  loss=0.0001  tr_acc=1.0000  val_acc=0.8519  val_auroc=0.9421  val_f1=0.8038  lr=2.05e-05
Running Validation...
Ep 354/500  loss=0.0002  tr_acc=1.0000  val_acc=0.8624  val_auroc=0.9386  val_f1=0.8234  lr=2.02e-05
Running Validation...
Ep 355/500  loss=0.0207  tr_acc=0.9970  val_acc=0.8360  val_auroc=0.9401  val_f1=0.7746  lr=2.00e-05
Running Validation...
Ep 356/500  loss=0.0011  tr_acc=0.9992  val_acc=0.8519  val_auroc=0.9418  val_f1=0.7994  lr=1.97e-05
Running Validation...
Ep 357/500  loss=0.0053  tr_acc=0.9992  val_acc=0.8254  val_auroc=0.9444  val_f1=0.7601  lr=1.95e-05
Running Validation...
Ep 358/500  loss=0.0165  tr_acc=0.9977  val_acc=0.8413  val_auroc=0.9452  val_f1=0.7969  lr=1.92e-05
Running Validation...
Ep 359/500  loss=0.0006  tr_acc=1.0000  val_acc=0.8254  val_auroc=0.9414  val_f1=0.7598  lr=1.90e-05
Running Validation...
Ep 360/500  loss=0.0002  tr_acc=1.0000  val_acc=0.8307  val_auroc=0.9417  val_f1=0.7720  lr=1.87e-05
Running Validation...
Ep 361/500  loss=0.0014  tr_acc=0.9992  val_acc=0.8201  val_auroc=0.9401  val_f1=0.7601  lr=1.85e-05
Running Validation...
Ep 362/500  loss=0.0176  tr_acc=0.9992  val_acc=0.8360  val_auroc=0.9451  val_f1=0.7883  lr=1.82e-05
Running Validation...
Ep 363/500  loss=0.0003  tr_acc=1.0000  val_acc=0.8360  val_auroc=0.9469  val_f1=0.7826  lr=1.80e-05
Running Validation...
Ep 364/500  loss=0.0004  tr_acc=1.0000  val_acc=0.8413  val_auroc=0.9417  val_f1=0.7934  lr=1.78e-05
Running Validation...
Ep 365/500  loss=0.0013  tr_acc=0.9992  val_acc=0.8413  val_auroc=0.9442  val_f1=0.7944  lr=1.75e-05
Running Validation...
Ep 366/500  loss=0.0011  tr_acc=0.9992  val_acc=0.8413  val_auroc=0.9437  val_f1=0.7924  lr=1.73e-05
Running Validation...
Ep 367/500  loss=0.0001  tr_acc=1.0000  val_acc=0.8360  val_auroc=0.9417  val_f1=0.7847  lr=1.70e-05
Running Validation...
Ep 368/500  loss=0.0010  tr_acc=0.9992  val_acc=0.8360  val_auroc=0.9425  val_f1=0.7862  lr=1.68e-05
Running Validation...
Ep 369/500  loss=0.0002  tr_acc=1.0000  val_acc=0.8254  val_auroc=0.9387  val_f1=0.7622  lr=1.66e-05
Running Validation...
Ep 370/500  loss=0.0019  tr_acc=0.9992  val_acc=0.8360  val_auroc=0.9405  val_f1=0.7738  lr=1.63e-05
Running Validation...
Ep 371/500  loss=0.0077  tr_acc=0.9992  val_acc=0.8201  val_auroc=0.9357  val_f1=0.7551  lr=1.61e-05
Running Validation...
Ep 372/500  loss=0.0002  tr_acc=1.0000  val_acc=0.8413  val_auroc=0.9390  val_f1=0.7837  lr=1.59e-05
Running Validation...
Ep 373/500  loss=0.0002  tr_acc=1.0000  val_acc=0.8413  val_auroc=0.9394  val_f1=0.7871  lr=1.56e-05
Running Validation...
Ep 374/500  loss=0.0003  tr_acc=1.0000  val_acc=0.8201  val_auroc=0.9397  val_f1=0.7587  lr=1.54e-05
Running Validation...
Ep 375/500  loss=0.0003  tr_acc=1.0000  val_acc=0.8307  val_auroc=0.9420  val_f1=0.7809  lr=1.52e-05
Running Validation...
Ep 376/500  loss=0.0011  tr_acc=0.9992  val_acc=0.8307  val_auroc=0.9425  val_f1=0.7735  lr=1.50e-05
Running Validation...
Ep 377/500  loss=0.0000  tr_acc=1.0000  val_acc=0.8307  val_auroc=0.9400  val_f1=0.7735  lr=1.47e-05
Running Validation...
Ep 378/500  loss=0.0173  tr_acc=0.9992  val_acc=0.8571  val_auroc=0.9393  val_f1=0.8161  lr=1.45e-05
Running Validation...
Ep 379/500  loss=0.0012  tr_acc=0.9992  val_acc=0.8519  val_auroc=0.9380  val_f1=0.8070  lr=1.43e-05
Running Validation...
Ep 380/500  loss=0.0184  tr_acc=0.9977  val_acc=0.8360  val_auroc=0.9388  val_f1=0.7799  lr=1.41e-05
Running Validation...
Ep 381/500  loss=0.0228  tr_acc=0.9985  val_acc=0.8360  val_auroc=0.9434  val_f1=0.7810  lr=1.38e-05
Running Validation...
Ep 382/500  loss=0.0006  tr_acc=1.0000  val_acc=0.8413  val_auroc=0.9379  val_f1=0.7777  lr=1.36e-05
Running Validation...
Ep 383/500  loss=0.0001  tr_acc=1.0000  val_acc=0.8307  val_auroc=0.9392  val_f1=0.7671  lr=1.34e-05
Running Validation...
Ep 384/500  loss=0.0001  tr_acc=1.0000  val_acc=0.8413  val_auroc=0.9406  val_f1=0.7855  lr=1.32e-05
Running Validation...
Ep 385/500  loss=0.0001  tr_acc=1.0000  val_acc=0.8254  val_auroc=0.9401  val_f1=0.7574  lr=1.30e-05
Running Validation...
Ep 386/500  loss=0.0073  tr_acc=0.9985  val_acc=0.8254  val_auroc=0.9412  val_f1=0.7687  lr=1.28e-05
Running Validation...
Ep 387/500  loss=0.0001  tr_acc=1.0000  val_acc=0.8307  val_auroc=0.9389  val_f1=0.7771  lr=1.26e-05
Running Validation...
Ep 388/500  loss=0.0003  tr_acc=1.0000  val_acc=0.8307  val_auroc=0.9399  val_f1=0.7791  lr=1.23e-05
Running Validation...
Ep 389/500  loss=0.0001  tr_acc=1.0000  val_acc=0.8254  val_auroc=0.9406  val_f1=0.7629  lr=1.21e-05
Running Validation...
Ep 390/500  loss=0.0004  tr_acc=1.0000  val_acc=0.8095  val_auroc=0.9400  val_f1=0.7443  lr=1.19e-05
Running Validation...
Ep 391/500  loss=0.0002  tr_acc=1.0000  val_acc=0.8201  val_auroc=0.9385  val_f1=0.7501  lr=1.17e-05
Running Validation...
Ep 392/500  loss=0.0005  tr_acc=1.0000  val_acc=0.8201  val_auroc=0.9415  val_f1=0.7604  lr=1.15e-05
Running Validation...
Ep 393/500  loss=0.0003  tr_acc=1.0000  val_acc=0.8042  val_auroc=0.9364  val_f1=0.7232  lr=1.13e-05
Running Validation...
Ep 394/500  loss=0.0001  tr_acc=1.0000  val_acc=0.8095  val_auroc=0.9413  val_f1=0.7400  lr=1.11e-05
Running Validation...
Ep 395/500  loss=0.0000  tr_acc=1.0000  val_acc=0.8254  val_auroc=0.9413  val_f1=0.7547  lr=1.09e-05
Running Validation...
Ep 396/500  loss=0.0001  tr_acc=1.0000  val_acc=0.8254  val_auroc=0.9395  val_f1=0.7642  lr=1.07e-05
Running Validation...
Ep 397/500  loss=0.0002  tr_acc=1.0000  val_acc=0.8201  val_auroc=0.9425  val_f1=0.7551  lr=1.05e-05
Running Validation...
Ep 398/500  loss=0.0074  tr_acc=0.9985  val_acc=0.8148  val_auroc=0.9414  val_f1=0.7459  lr=1.03e-05
Running Validation...
Ep 399/500  loss=0.0034  tr_acc=0.9992  val_acc=0.8254  val_auroc=0.9435  val_f1=0.7547  lr=1.01e-05
Running Validation...
Ep 400/500  loss=0.0029  tr_acc=0.9992  val_acc=0.8254  val_auroc=0.9404  val_f1=0.7593  lr=9.94e-06
Running Validation...
Ep 401/500  loss=0.0002  tr_acc=1.0000  val_acc=0.8413  val_auroc=0.9477  val_f1=0.7853  lr=9.75e-06
Running Validation...
Ep 402/500  loss=0.0001  tr_acc=1.0000  val_acc=0.8360  val_auroc=0.9426  val_f1=0.7838  lr=9.56e-06
Running Validation...
Ep 403/500  loss=0.0002  tr_acc=1.0000  val_acc=0.8148  val_auroc=0.9428  val_f1=0.7361  lr=9.38e-06
Running Validation...
Ep 404/500  loss=0.0002  tr_acc=1.0000  val_acc=0.8360  val_auroc=0.9462  val_f1=0.7792  lr=9.19e-06
Running Validation...
Ep 405/500  loss=0.0001  tr_acc=1.0000  val_acc=0.8307  val_auroc=0.9459  val_f1=0.7758  lr=9.01e-06
Running Validation...
Ep 406/500  loss=0.0003  tr_acc=1.0000  val_acc=0.8201  val_auroc=0.9419  val_f1=0.7561  lr=8.83e-06
Running Validation...
Ep 407/500  loss=0.0002  tr_acc=1.0000  val_acc=0.8095  val_auroc=0.9395  val_f1=0.7394  lr=8.65e-06
Running Validation...
Ep 408/500  loss=0.0006  tr_acc=1.0000  val_acc=0.8148  val_auroc=0.9390  val_f1=0.7378  lr=8.47e-06
Running Validation...
Ep 409/500  loss=0.0000  tr_acc=1.0000  val_acc=0.8254  val_auroc=0.9405  val_f1=0.7696  lr=8.29e-06
Running Validation...
Ep 410/500  loss=0.0001  tr_acc=1.0000  val_acc=0.8201  val_auroc=0.9394  val_f1=0.7529  lr=8.12e-06
Running Validation...
Ep 411/500  loss=0.0001  tr_acc=1.0000  val_acc=0.8201  val_auroc=0.9393  val_f1=0.7533  lr=7.94e-06
Running Validation...
Ep 412/500  loss=0.0002  tr_acc=1.0000  val_acc=0.8148  val_auroc=0.9389  val_f1=0.7378  lr=7.77e-06
Running Validation...
Ep 413/500  loss=0.0001  tr_acc=1.0000  val_acc=0.8148  val_auroc=0.9407  val_f1=0.7398  lr=7.60e-06
Running Validation...
Ep 414/500  loss=0.0130  tr_acc=0.9992  val_acc=0.8360  val_auroc=0.9406  val_f1=0.7714  lr=7.43e-06
Running Validation...
Ep 415/500  loss=0.0263  tr_acc=0.9970  val_acc=0.8307  val_auroc=0.9432  val_f1=0.7672  lr=7.27e-06
Running Validation...
Ep 416/500  loss=0.0001  tr_acc=1.0000  val_acc=0.8201  val_auroc=0.9401  val_f1=0.7502  lr=7.10e-06
Running Validation...
Ep 417/500  loss=0.0001  tr_acc=1.0000  val_acc=0.8254  val_auroc=0.9435  val_f1=0.7637  lr=6.94e-06
Running Validation...
Ep 418/500  loss=0.0128  tr_acc=0.9985  val_acc=0.8254  val_auroc=0.9377  val_f1=0.7619  lr=6.78e-06
Running Validation...
Ep 419/500  loss=0.0001  tr_acc=1.0000  val_acc=0.8201  val_auroc=0.9388  val_f1=0.7519  lr=6.62e-06
Running Validation...
Ep 420/500  loss=0.0008  tr_acc=0.9992  val_acc=0.8254  val_auroc=0.9430  val_f1=0.7607  lr=6.46e-06
Running Validation...
Ep 421/500  loss=0.0001  tr_acc=1.0000  val_acc=0.8307  val_auroc=0.9427  val_f1=0.7669  lr=6.30e-06
Running Validation...
Ep 422/500  loss=0.0165  tr_acc=0.9985  val_acc=0.8466  val_auroc=0.9396  val_f1=0.7972  lr=6.15e-06
Running Validation...
Ep 423/500  loss=0.0000  tr_acc=1.0000  val_acc=0.8307  val_auroc=0.9392  val_f1=0.7719  lr=5.99e-06
Running Validation...
Ep 424/500  loss=0.0001  tr_acc=1.0000  val_acc=0.8413  val_auroc=0.9426  val_f1=0.7902  lr=5.84e-06
Running Validation...
Ep 425/500  loss=0.0000  tr_acc=1.0000  val_acc=0.8307  val_auroc=0.9410  val_f1=0.7692  lr=5.69e-06
Running Validation...
Ep 426/500  loss=0.0112  tr_acc=0.9985  val_acc=0.8360  val_auroc=0.9427  val_f1=0.7806  lr=5.55e-06
Running Validation...
Ep 427/500  loss=0.0003  tr_acc=1.0000  val_acc=0.8254  val_auroc=0.9437  val_f1=0.7646  lr=5.40e-06
Running Validation...
Ep 428/500  loss=0.0001  tr_acc=1.0000  val_acc=0.8466  val_auroc=0.9454  val_f1=0.7985  lr=5.26e-06
Running Validation...
Ep 429/500  loss=0.0005  tr_acc=1.0000  val_acc=0.8360  val_auroc=0.9431  val_f1=0.7712  lr=5.11e-06
Running Validation...
Ep 430/500  loss=0.0002  tr_acc=1.0000  val_acc=0.8466  val_auroc=0.9451  val_f1=0.8003  lr=4.97e-06
Running Validation...
Ep 431/500  loss=0.0002  tr_acc=1.0000  val_acc=0.8360  val_auroc=0.9440  val_f1=0.7826  lr=4.84e-06
Running Validation...
Ep 432/500  loss=0.0001  tr_acc=1.0000  val_acc=0.8254  val_auroc=0.9438  val_f1=0.7650  lr=4.70e-06
Running Validation...
Ep 433/500  loss=0.0189  tr_acc=0.9954  val_acc=0.8254  val_auroc=0.9416  val_f1=0.7627  lr=4.57e-06
Running Validation...
Ep 434/500  loss=0.0001  tr_acc=1.0000  val_acc=0.8254  val_auroc=0.9415  val_f1=0.7608  lr=4.43e-06
Running Validation...
Ep 435/500  loss=0.0001  tr_acc=1.0000  val_acc=0.8201  val_auroc=0.9438  val_f1=0.7630  lr=4.30e-06
Running Validation...
Ep 436/500  loss=0.0003  tr_acc=1.0000  val_acc=0.8360  val_auroc=0.9434  val_f1=0.7753  lr=4.17e-06
Running Validation...
Ep 437/500  loss=0.0162  tr_acc=0.9962  val_acc=0.8307  val_auroc=0.9429  val_f1=0.7777  lr=4.04e-06
Running Validation...
Ep 438/500  loss=0.0001  tr_acc=1.0000  val_acc=0.8042  val_auroc=0.9417  val_f1=0.7372  lr=3.92e-06
Running Validation...
Ep 439/500  loss=0.0000  tr_acc=1.0000  val_acc=0.8360  val_auroc=0.9433  val_f1=0.7868  lr=3.80e-06
Running Validation...
Ep 440/500  loss=0.0074  tr_acc=0.9985  val_acc=0.8466  val_auroc=0.9460  val_f1=0.8010  lr=3.67e-06
Running Validation...
Ep 441/500  loss=0.0001  tr_acc=1.0000  val_acc=0.8466  val_auroc=0.9454  val_f1=0.8010  lr=3.55e-06
Running Validation...
Ep 442/500  loss=0.0001  tr_acc=1.0000  val_acc=0.8360  val_auroc=0.9453  val_f1=0.7868  lr=3.44e-06
Running Validation...
Ep 443/500  loss=0.0001  tr_acc=1.0000  val_acc=0.8254  val_auroc=0.9436  val_f1=0.7765  lr=3.32e-06
Running Validation...
Ep 444/500  loss=0.0003  tr_acc=1.0000  val_acc=0.8360  val_auroc=0.9419  val_f1=0.7900  lr=3.21e-06
Running Validation...
Ep 445/500  loss=0.0001  tr_acc=1.0000  val_acc=0.8360  val_auroc=0.9460  val_f1=0.7921  lr=3.09e-06
Running Validation...
Ep 446/500  loss=0.0000  tr_acc=1.0000  val_acc=0.8307  val_auroc=0.9431  val_f1=0.7880  lr=2.98e-06
Running Validation...
Ep 447/500  loss=0.0004  tr_acc=1.0000  val_acc=0.8360  val_auroc=0.9419  val_f1=0.7851  lr=2.88e-06
Running Validation...
Ep 448/500  loss=0.0001  tr_acc=1.0000  val_acc=0.8254  val_auroc=0.9460  val_f1=0.7735  lr=2.77e-06
Running Validation...
Ep 449/500  loss=0.0001  tr_acc=1.0000  val_acc=0.8360  val_auroc=0.9436  val_f1=0.7908  lr=2.67e-06
Running Validation...
Ep 450/500  loss=0.0000  tr_acc=1.0000  val_acc=0.8360  val_auroc=0.9440  val_f1=0.7868  lr=2.56e-06
Running Validation...
Ep 451/500  loss=0.0000  tr_acc=1.0000  val_acc=0.8360  val_auroc=0.9447  val_f1=0.7908  lr=2.46e-06
Running Validation...
Ep 452/500  loss=0.0000  tr_acc=1.0000  val_acc=0.8254  val_auroc=0.9388  val_f1=0.7678  lr=2.36e-06
Running Validation...
Ep 453/500  loss=0.0001  tr_acc=1.0000  val_acc=0.8254  val_auroc=0.9451  val_f1=0.7769  lr=2.27e-06
Running Validation...
Ep 454/500  loss=0.0001  tr_acc=1.0000  val_acc=0.8254  val_auroc=0.9435  val_f1=0.7723  lr=2.17e-06
Running Validation...
Ep 455/500  loss=0.0000  tr_acc=1.0000  val_acc=0.8360  val_auroc=0.9443  val_f1=0.7870  lr=2.08e-06
Running Validation...
Ep 456/500  loss=0.0001  tr_acc=1.0000  val_acc=0.8201  val_auroc=0.9420  val_f1=0.7625  lr=1.99e-06
Running Validation...
Ep 457/500  loss=0.0000  tr_acc=1.0000  val_acc=0.8466  val_auroc=0.9452  val_f1=0.8043  lr=1.90e-06
Running Validation...
Ep 458/500  loss=0.0001  tr_acc=1.0000  val_acc=0.8307  val_auroc=0.9426  val_f1=0.7806  lr=1.81e-06
Running Validation...
Ep 459/500  loss=0.0000  tr_acc=1.0000  val_acc=0.8360  val_auroc=0.9437  val_f1=0.7851  lr=1.73e-06
Running Validation...
Ep 460/500  loss=0.0173  tr_acc=0.9977  val_acc=0.8307  val_auroc=0.9411  val_f1=0.7790  lr=1.65e-06
Running Validation...
Ep 461/500  loss=0.0001  tr_acc=1.0000  val_acc=0.8307  val_auroc=0.9415  val_f1=0.7859  lr=1.57e-06
Running Validation...
Ep 462/500  loss=0.0000  tr_acc=1.0000  val_acc=0.8307  val_auroc=0.9425  val_f1=0.7799  lr=1.49e-06
Running Validation...
Ep 463/500  loss=0.0181  tr_acc=0.9970  val_acc=0.8201  val_auroc=0.9409  val_f1=0.7573  lr=1.41e-06
Running Validation...
Ep 464/500  loss=0.0001  tr_acc=1.0000  val_acc=0.8307  val_auroc=0.9396  val_f1=0.7814  lr=1.34e-06
Running Validation...
Ep 465/500  loss=0.0001  tr_acc=1.0000  val_acc=0.8307  val_auroc=0.9416  val_f1=0.7821  lr=1.26e-06
Running Validation...
Ep 466/500  loss=0.0000  tr_acc=1.0000  val_acc=0.8254  val_auroc=0.9411  val_f1=0.7651  lr=1.19e-06
Running Validation...
Ep 467/500  loss=0.0236  tr_acc=0.9970  val_acc=0.8148  val_auroc=0.9372  val_f1=0.7545  lr=1.12e-06
Running Validation...
Ep 468/500  loss=0.0001  tr_acc=1.0000  val_acc=0.8307  val_auroc=0.9417  val_f1=0.7814  lr=1.06e-06
Running Validation...
Ep 469/500  loss=0.0001  tr_acc=1.0000  val_acc=0.8360  val_auroc=0.9410  val_f1=0.7903  lr=9.91e-07
Running Validation...
Ep 470/500  loss=0.0077  tr_acc=0.9992  val_acc=0.8254  val_auroc=0.9423  val_f1=0.7765  lr=9.29e-07
Running Validation...
Ep 471/500  loss=0.0000  tr_acc=1.0000  val_acc=0.8307  val_auroc=0.9420  val_f1=0.7820  lr=8.68e-07
Running Validation...
Ep 472/500  loss=0.0000  tr_acc=1.0000  val_acc=0.8360  val_auroc=0.9437  val_f1=0.7907  lr=8.50e-07
Running Validation...
Ep 473/500  loss=0.0003  tr_acc=1.0000  val_acc=0.8201  val_auroc=0.9427  val_f1=0.7597  lr=8.50e-07
Running Validation...
Ep 474/500  loss=0.0132  tr_acc=0.9992  val_acc=0.8254  val_auroc=0.9418  val_f1=0.7753  lr=8.50e-07
Running Validation...
Ep 475/500  loss=0.0000  tr_acc=1.0000  val_acc=0.8201  val_auroc=0.9404  val_f1=0.7665  lr=8.50e-07
Running Validation...
Ep 476/500  loss=0.0001  tr_acc=1.0000  val_acc=0.8413  val_auroc=0.9441  val_f1=0.7910  lr=8.50e-07
Running Validation...
Ep 477/500  loss=0.0003  tr_acc=1.0000  val_acc=0.8307  val_auroc=0.9414  val_f1=0.7820  lr=8.50e-07
Running Validation...
Ep 478/500  loss=0.0001  tr_acc=1.0000  val_acc=0.8360  val_auroc=0.9431  val_f1=0.7866  lr=8.50e-07
Running Validation...
Ep 479/500  loss=0.0005  tr_acc=1.0000  val_acc=0.8307  val_auroc=0.9398  val_f1=0.7758  lr=8.50e-07
Running Validation...
Ep 480/500  loss=0.0001  tr_acc=1.0000  val_acc=0.8360  val_auroc=0.9426  val_f1=0.7847  lr=8.50e-07
Running Validation...
Ep 481/500  loss=0.0000  tr_acc=1.0000  val_acc=0.8201  val_auroc=0.9418  val_f1=0.7595  lr=8.50e-07
Running Validation...
Ep 482/500  loss=0.0001  tr_acc=1.0000  val_acc=0.8307  val_auroc=0.9421  val_f1=0.7751  lr=8.50e-07
Running Validation...
Ep 483/500  loss=0.0002  tr_acc=1.0000  val_acc=0.8254  val_auroc=0.9406  val_f1=0.7717  lr=8.50e-07
Running Validation...
Ep 484/500  loss=0.0007  tr_acc=0.9992  val_acc=0.8254  val_auroc=0.9414  val_f1=0.7684  lr=8.50e-07
Running Validation...
Ep 485/500  loss=0.0000  tr_acc=1.0000  val_acc=0.8254  val_auroc=0.9441  val_f1=0.7730  lr=8.50e-07
Running Validation...
Ep 486/500  loss=0.0000  tr_acc=1.0000  val_acc=0.8148  val_auroc=0.9411  val_f1=0.7545  lr=8.50e-07
Running Validation...
Ep 487/500  loss=0.0006  tr_acc=1.0000  val_acc=0.8360  val_auroc=0.9419  val_f1=0.7862  lr=8.50e-07
Running Validation...
Ep 488/500  loss=0.0034  tr_acc=0.9992  val_acc=0.8360  val_auroc=0.9425  val_f1=0.7875  lr=8.50e-07
Running Validation...
Ep 489/500  loss=0.0000  tr_acc=1.0000  val_acc=0.8201  val_auroc=0.9431  val_f1=0.7609  lr=8.50e-07
Running Validation...
Ep 490/500  loss=0.0000  tr_acc=1.0000  val_acc=0.8201  val_auroc=0.9384  val_f1=0.7597  lr=8.50e-07
Running Validation...
Ep 491/500  loss=0.0001  tr_acc=1.0000  val_acc=0.8307  val_auroc=0.9428  val_f1=0.7829  lr=8.50e-07
Running Validation...
Ep 492/500  loss=0.0000  tr_acc=1.0000  val_acc=0.8307  val_auroc=0.9438  val_f1=0.7820  lr=8.50e-07
Running Validation...
Ep 493/500  loss=0.0001  tr_acc=1.0000  val_acc=0.8307  val_auroc=0.9423  val_f1=0.7810  lr=8.50e-07
Running Validation...
Ep 494/500  loss=0.0001  tr_acc=1.0000  val_acc=0.8201  val_auroc=0.9422  val_f1=0.7668  lr=8.50e-07
Running Validation...
Ep 495/500  loss=0.0129  tr_acc=0.9970  val_acc=0.8360  val_auroc=0.9467  val_f1=0.7907  lr=8.50e-07
Running Validation...
Ep 496/500  loss=0.0001  tr_acc=1.0000  val_acc=0.8148  val_auroc=0.9404  val_f1=0.7524  lr=8.50e-07
Running Validation...
Ep 497/500  loss=0.0058  tr_acc=0.9992  val_acc=0.8360  val_auroc=0.9418  val_f1=0.7907  lr=8.50e-07
Running Validation...
Ep 498/500  loss=0.0001  tr_acc=1.0000  val_acc=0.8307  val_auroc=0.9427  val_f1=0.7820  lr=8.50e-07
Running Validation...
Ep 499/500  loss=0.0198  tr_acc=0.9970  val_acc=0.8254  val_auroc=0.9401  val_f1=0.7684  lr=8.50e-07
Running Validation...
Ep 500/500  loss=0.0001  tr_acc=1.0000  val_acc=0.8254  val_auroc=0.9422  val_f1=0.7723  lr=8.50e-07
Training complete. Best AUROC: 0.9583, Best F1: 0.8569
Loaded best model from best_f1_model.pt (epoch 35)
Running Validation (final)...

Binary fairness (Validation):
  Acc_light: 0.8820  (FST I–III)
  Acc_dark : 0.8000  (FST IV–VI)
  Acc_gap  : 0.0820
  DP_diff  : 0.1079
  EOpp0    : 0.3553
  EOpp1    : 0.0680
  EOdd     : 0.2117
Running Test...

[RESM ResNet-18] Test KNN (k=5) accuracy: 0.8791

Binary fairness (Test):
  Acc_light: 0.8804  (FST I–III)
  Acc_dark : 0.8627  (FST IV–VI)
  Acc_gap  : 0.0177
  DP_diff  : 0.0871
  EOpp0    : 0.1352
  EOpp1    : 0.0357
  EOdd     : 0.0854

Evaluating on fitzpatrick17k
Running Cross-eval: fitzpatrick17k...

Binary fairness (fitzpatrick17k):
  Acc_light: 0.4521  (FST I–III)
  Acc_dark : 0.4438  (FST IV–VI)
  Acc_gap  : 0.0083
  DP_diff  : 0.0449
  EOpp0    : 0.0542
  EOpp1    : 0.0506
  EOdd     : 0.0524

Evaluating on padufes20
Running Cross-eval: padufes20...

Binary fairness (padufes20):
  Acc_light: 0.5613  (FST I–III)
  Acc_dark : 0.5952  (FST IV–VI)
  Acc_gap  : 0.0339
  DP_diff  : 0.1576
  EOpp0    : 0.2488
  EOpp1    : 0.1111
  EOdd     : 0.1800

Evaluating on isic2019
Running Cross-eval: isic2019...

Binary fairness (isic2019):
  Acc_light: nan  (FST I–III)
  Acc_dark : nan  (FST IV–VI)
  Acc_gap  : nan
  DP_diff  : nan
  EOpp0    : nan
  EOpp1    : nan
  EOdd     : nan

Cross-dataset summary:
                 accuracy     auroc  precision  ...       EOM       PQD       DPM
fitzpatrick17k  0.451071  0.661116   0.487840  ...  0.534012  0.775087  0.549923
padufes20       0.511832  0.696916   0.517043  ...  0.401088  0.545817  0.227744
isic2019        0.760434  0.873831   0.705796  ...       NaN       NaN       NaN

[3 rows x 10 columns]

All results saved to outputs_RESM_resnet18/results_RESM_resnet18
Checkpoints saved to outputs_RESM_resnet18/checkpoints_RESM_resnet18
=========================================
Finished: Wed Jun 24 11:30:19 PM CEST 2026
Exit code: 0

[DONE] Training completed successfully.
Outputs:
  Checkpoints → 20260623-process/outputs_RESM_resnet18/checkpoints/
  Results     → 20260623-process/outputs_RESM_resnet18/results/
  CSVs        → 20260623-process/outputs_RESM_resnet18/csvs/
