=========================================
Job:       train_DisCo_vit  (449194)
Node:      bigpu06
Started:   Wed Jun 24 03:53:36 PM CEST 2026
=========================================
[INFO] No HF token found at /users/jlacmou/.hf_token — downloads may be slow.
[INFO] No kaggle.json found in 20260623-process. Relying on ~/.kaggle/ or env vars.
[SETUP] Installing / verifying Python dependencies...

── GPU info ──────────────────────────────
Tesla V100-PCIE-32GB, 32768 MiB, 575.57.08
PyTorch : 2.12.1+cu126
CUDA    : 12.6
Devices : 1
GPU 0   : Tesla V100-PCIE-32GB
VRAM    : 34.1 GB
──────────────────────────────────────────

[CHECK] Validating dataset roots...
  [OK]      20260623-process/data/datasets/asosenge/hibaskinlesionsdataset-main
  [OK]      20260623-process/data/datasets/asosenge/fitzpatrick17k
  [OK]      20260623-process/data/datasets/asosenge/derm7pt
  [OK]      20260623-process/data/datasets/mahdavi1202/skin-cancer
  [OK]      20260623-process/data/datasets/sengenjih/isic2019

[CONVERT] Converting notebook to Python script...
[PATCH] Redirecting Kaggle paths → cluster paths...
  DATA_ROOT  → 20260623-process/data/datasets
  WORK_ROOT  → 20260623-process/outputs_DisCo_vit
  BB_CACHE   → 20260623-process/backbone_cache
  Patch applied successfully.

[RUN] Starting training — Wed Jun 24 03:54:13 PM CEST 2026
=========================================
Device: cuda
Checking configured paths:
  WORK_ROOT : outputs_DisCo_vit  [OK]
  CSV_DIR   : outputs_DisCo_vit/csvs  [OK]
  hiba           : 20260623-process/data/datasets/asosenge/hibaskinlesionsdataset-main/HIBASkinLesionsDataset-main/images  [OK]
  fitzpatrick17k : 20260623-process/data/datasets/asosenge/fitzpatrick17k/fitzpatrick17k/data/finalfitz17k  [OK]
  derm7pt        : 20260623-process/data/datasets/asosenge/derm7pt/release_v0/images  [OK]
  padufes20      : 20260623-process/data/datasets/mahdavi1202/skin-cancer  [OK]
  isic2019       : 20260623-process/data/datasets/sengenjih/isic2019  [OK]
CSV dir      : outputs_DisCo_vit/csvs
Checkpoints  : outputs_DisCo_vit/checkpoints_DisCo_vit
Results      : outputs_DisCo_vit/results_DisCo_vit
Image roots:
  hiba           : 20260623-process/data/datasets/asosenge/hibaskinlesionsdataset-main/HIBASkinLesionsDataset-main/images
  fitzpatrick17k : 20260623-process/data/datasets/asosenge/fitzpatrick17k/fitzpatrick17k/data/finalfitz17k
  derm7pt        : 20260623-process/data/datasets/asosenge/derm7pt/release_v0/images
  padufes20      : 20260623-process/data/datasets/mahdavi1202/skin-cancer
  isic2019       : 20260623-process/data/datasets/sengenjih/isic2019
[INFO] Built image map for hiba: 1616 entries
[INFO] Built image map for fitzpatrick17k: 16577 entries
[INFO] Built image map for derm7pt: 2013 entries
[INFO] Built image map for padufes20: 2298 entries
[INFO] Built image map for isic2019: 33569 entries
[INFO] paired_train: loaded 738 ID-matched pairs from split clin/derm CSVs
[INFO] paired_val: loaded 106 ID-matched pairs from split clin/derm CSVs
[INFO] paired_test: loaded 211 ID-matched pairs from split clin/derm CSVs
[INFO] Loaded fitzpatrick17k eval set: 1727 samples
[INFO] Loaded padufes20 eval set: 1141 samples
[INFO] Loaded isic2019 eval set: 25517 samples
Train batches: 41, Val batches: 6
Test batches: 33
Cross-eval loaders: ['fitzpatrick17k', 'padufes20', 'isic2019']
Running Validation...
Ep   1/500  total_loss=7.1555  tr_acc=0.3430  val_acc=0.2646  val_auroc=0.5017  val_f1=0.2712  lr=3.40e-06
Running Validation...
Ep   2/500  total_loss=7.0936  tr_acc=0.3712  val_acc=0.3016  val_auroc=0.5448  val_f1=0.3082  lr=5.10e-06
Running Validation...
Ep   3/500  total_loss=6.9810  tr_acc=0.4238  val_acc=0.3386  val_auroc=0.6321  val_f1=0.3574  lr=6.80e-06
Running Validation...
Ep   4/500  total_loss=6.7969  tr_acc=0.4848  val_acc=0.4127  val_auroc=0.7153  val_f1=0.4392  lr=8.50e-06
Running Validation...
Ep   5/500  total_loss=6.5623  tr_acc=0.6014  val_acc=0.5185  val_auroc=0.7823  val_f1=0.5303  lr=1.02e-05
Running Validation...
Ep   6/500  total_loss=6.3312  tr_acc=0.6959  val_acc=0.6878  val_auroc=0.8385  val_f1=0.6631  lr=1.19e-05
Running Validation...
Ep   7/500  total_loss=6.1072  tr_acc=0.7706  val_acc=0.7672  val_auroc=0.8764  val_f1=0.7271  lr=1.36e-05
Running Validation...
Ep   8/500  total_loss=5.9843  tr_acc=0.8277  val_acc=0.7619  val_auroc=0.8948  val_f1=0.7303  lr=1.53e-05
Running Validation...
Ep   9/500  total_loss=5.6960  tr_acc=0.8720  val_acc=0.7937  val_auroc=0.8888  val_f1=0.7496  lr=1.70e-05
Running Validation...
Ep  10/500  total_loss=5.5667  tr_acc=0.8933  val_acc=0.8519  val_auroc=0.9475  val_f1=0.8114  lr=1.87e-05
Running Validation...
Ep  11/500  total_loss=5.4295  tr_acc=0.9131  val_acc=0.8677  val_auroc=0.9299  val_f1=0.8244  lr=2.04e-05
Running Validation...
Ep  12/500  total_loss=5.3409  tr_acc=0.9245  val_acc=0.8360  val_auroc=0.9423  val_f1=0.8068  lr=2.21e-05
Running Validation...
Ep  13/500  total_loss=5.1156  tr_acc=0.9383  val_acc=0.8571  val_auroc=0.9370  val_f1=0.7989  lr=2.38e-05
Running Validation...
Ep  14/500  total_loss=5.1106  tr_acc=0.9383  val_acc=0.8571  val_auroc=0.9141  val_f1=0.8023  lr=2.55e-05
Running Validation...
Ep  15/500  total_loss=5.0760  tr_acc=0.9352  val_acc=0.8571  val_auroc=0.9284  val_f1=0.7961  lr=2.72e-05
Running Validation...
Ep  16/500  total_loss=4.9031  tr_acc=0.9535  val_acc=0.8677  val_auroc=0.9336  val_f1=0.8373  lr=2.89e-05
Running Validation...
Ep  17/500  total_loss=4.8484  tr_acc=0.9505  val_acc=0.8677  val_auroc=0.9371  val_f1=0.8355  lr=3.06e-05
Running Validation...
Ep  18/500  total_loss=4.8537  tr_acc=0.9550  val_acc=0.7937  val_auroc=0.9328  val_f1=0.7962  lr=3.23e-05
Running Validation...
Ep  19/500  total_loss=4.7952  tr_acc=0.9497  val_acc=0.8730  val_auroc=0.9528  val_f1=0.8557  lr=3.40e-05
Running Validation...
Ep  20/500  total_loss=4.6936  tr_acc=0.9604  val_acc=0.8519  val_auroc=0.9509  val_f1=0.8188  lr=3.57e-05
Running Validation...
Ep  21/500  total_loss=4.6438  tr_acc=0.9642  val_acc=0.8677  val_auroc=0.9407  val_f1=0.8357  lr=3.74e-05
Running Validation...
Ep  22/500  total_loss=4.5359  tr_acc=0.9688  val_acc=0.8836  val_auroc=0.9529  val_f1=0.8775  lr=3.91e-05
Running Validation...
Ep  23/500  total_loss=4.6754  tr_acc=0.9604  val_acc=0.8307  val_auroc=0.9173  val_f1=0.7566  lr=4.08e-05
Running Validation...
Ep  24/500  total_loss=4.5566  tr_acc=0.9611  val_acc=0.8730  val_auroc=0.9480  val_f1=0.8380  lr=4.25e-05
Running Validation...
Ep  25/500  total_loss=4.4435  tr_acc=0.9680  val_acc=0.8624  val_auroc=0.9346  val_f1=0.8434  lr=4.42e-05
Running Validation...
Ep  26/500  total_loss=4.6331  tr_acc=0.9497  val_acc=0.7937  val_auroc=0.9290  val_f1=0.7533  lr=4.59e-05
Running Validation...
Ep  27/500  total_loss=4.4906  tr_acc=0.9672  val_acc=0.8413  val_auroc=0.9190  val_f1=0.8016  lr=4.76e-05
Running Validation...
Ep  28/500  total_loss=4.4073  tr_acc=0.9764  val_acc=0.8042  val_auroc=0.9271  val_f1=0.7991  lr=4.93e-05
Running Validation...
Ep  29/500  total_loss=4.3382  tr_acc=0.9718  val_acc=0.8571  val_auroc=0.9487  val_f1=0.8224  lr=5.10e-05
Running Validation...
Ep  30/500  total_loss=4.4210  tr_acc=0.9688  val_acc=0.8783  val_auroc=0.9498  val_f1=0.8646  lr=5.27e-05
Running Validation...
Ep  31/500  total_loss=4.3293  tr_acc=0.9733  val_acc=0.8466  val_auroc=0.9422  val_f1=0.8258  lr=5.44e-05
Running Validation...
Ep  32/500  total_loss=4.2688  tr_acc=0.9741  val_acc=0.8677  val_auroc=0.9436  val_f1=0.8519  lr=5.61e-05
Running Validation...
Ep  33/500  total_loss=4.2135  tr_acc=0.9779  val_acc=0.8519  val_auroc=0.9249  val_f1=0.8175  lr=5.78e-05
Running Validation...
Ep  34/500  total_loss=4.2407  tr_acc=0.9794  val_acc=0.8095  val_auroc=0.9222  val_f1=0.7746  lr=5.95e-05
Running Validation...
Ep  35/500  total_loss=4.2246  tr_acc=0.9764  val_acc=0.8836  val_auroc=0.9418  val_f1=0.8296  lr=6.12e-05
Running Validation...
Ep  36/500  total_loss=4.3144  tr_acc=0.9718  val_acc=0.8571  val_auroc=0.9344  val_f1=0.8354  lr=6.29e-05
Running Validation...
Ep  37/500  total_loss=4.2832  tr_acc=0.9741  val_acc=0.8730  val_auroc=0.9343  val_f1=0.8550  lr=6.46e-05
Running Validation...
Ep  38/500  total_loss=4.2491  tr_acc=0.9726  val_acc=0.8466  val_auroc=0.9466  val_f1=0.8190  lr=6.63e-05
Running Validation...
Ep  39/500  total_loss=4.1781  tr_acc=0.9718  val_acc=0.8677  val_auroc=0.9319  val_f1=0.8469  lr=6.80e-05
Running Validation...
Ep  40/500  total_loss=4.2030  tr_acc=0.9695  val_acc=0.8307  val_auroc=0.9036  val_f1=0.7768  lr=6.97e-05
Running Validation...
Ep  41/500  total_loss=4.2395  tr_acc=0.9726  val_acc=0.8254  val_auroc=0.8909  val_f1=0.7572  lr=7.14e-05
Running Validation...
Ep  42/500  total_loss=4.3192  tr_acc=0.9665  val_acc=0.8519  val_auroc=0.9238  val_f1=0.8140  lr=7.31e-05
Running Validation...
Ep  43/500  total_loss=4.2189  tr_acc=0.9695  val_acc=0.8360  val_auroc=0.9074  val_f1=0.7943  lr=7.48e-05
Running Validation...
Ep  44/500  total_loss=4.0708  tr_acc=0.9832  val_acc=0.8466  val_auroc=0.9047  val_f1=0.8053  lr=7.65e-05
Running Validation...
Ep  45/500  total_loss=4.2500  tr_acc=0.9634  val_acc=0.8466  val_auroc=0.9246  val_f1=0.8065  lr=7.82e-05
Running Validation...
Ep  46/500  total_loss=4.1890  tr_acc=0.9756  val_acc=0.8519  val_auroc=0.9473  val_f1=0.8347  lr=7.99e-05
Running Validation...
Ep  47/500  total_loss=4.2999  tr_acc=0.9665  val_acc=0.8730  val_auroc=0.9556  val_f1=0.8574  lr=8.16e-05
Running Validation...
Ep  48/500  total_loss=4.1791  tr_acc=0.9688  val_acc=0.8677  val_auroc=0.9503  val_f1=0.8400  lr=8.33e-05
Running Validation...
Ep  49/500  total_loss=4.1108  tr_acc=0.9756  val_acc=0.8413  val_auroc=0.9251  val_f1=0.8052  lr=8.50e-05
Running Validation...
Ep  50/500  total_loss=4.0898  tr_acc=0.9756  val_acc=0.8466  val_auroc=0.9283  val_f1=0.8234  lr=8.50e-05
Running Validation...
Ep  51/500  total_loss=4.0029  tr_acc=0.9817  val_acc=0.8677  val_auroc=0.9126  val_f1=0.8416  lr=8.50e-05
Running Validation...
Ep  52/500  total_loss=4.0666  tr_acc=0.9764  val_acc=0.8730  val_auroc=0.9447  val_f1=0.8533  lr=8.50e-05
Running Validation...
Ep  53/500  total_loss=4.1225  tr_acc=0.9710  val_acc=0.8201  val_auroc=0.9370  val_f1=0.7901  lr=8.50e-05
Running Validation...
Ep  54/500  total_loss=4.3465  tr_acc=0.9619  val_acc=0.8466  val_auroc=0.9332  val_f1=0.8138  lr=8.50e-05
Running Validation...
Ep  55/500  total_loss=3.9922  tr_acc=0.9794  val_acc=0.8677  val_auroc=0.9414  val_f1=0.8418  lr=8.50e-05
Running Validation...
Ep  56/500  total_loss=4.0355  tr_acc=0.9779  val_acc=0.8307  val_auroc=0.8944  val_f1=0.7901  lr=8.50e-05
Running Validation...
Ep  57/500  total_loss=3.9359  tr_acc=0.9832  val_acc=0.8519  val_auroc=0.9188  val_f1=0.8283  lr=8.49e-05
Running Validation...
Ep  58/500  total_loss=3.9260  tr_acc=0.9840  val_acc=0.8571  val_auroc=0.9085  val_f1=0.8201  lr=8.49e-05
Running Validation...
Ep  59/500  total_loss=4.1095  tr_acc=0.9703  val_acc=0.8201  val_auroc=0.9228  val_f1=0.7769  lr=8.49e-05
Running Validation...
Ep  60/500  total_loss=4.0004  tr_acc=0.9802  val_acc=0.8307  val_auroc=0.9183  val_f1=0.7803  lr=8.49e-05
Running Validation...
Ep  61/500  total_loss=3.9957  tr_acc=0.9787  val_acc=0.8360  val_auroc=0.9110  val_f1=0.7844  lr=8.49e-05
Running Validation...
Ep  62/500  total_loss=3.9018  tr_acc=0.9855  val_acc=0.8624  val_auroc=0.9279  val_f1=0.8364  lr=8.49e-05
Running Validation...
Ep  63/500  total_loss=3.9588  tr_acc=0.9817  val_acc=0.8730  val_auroc=0.9224  val_f1=0.8431  lr=8.48e-05
Running Validation...
Ep  64/500  total_loss=3.7531  tr_acc=0.9962  val_acc=0.8677  val_auroc=0.9283  val_f1=0.8345  lr=8.48e-05
Running Validation...
Ep  65/500  total_loss=3.8134  tr_acc=0.9901  val_acc=0.8783  val_auroc=0.9345  val_f1=0.8563  lr=8.48e-05
Running Validation...
Ep  66/500  total_loss=3.8732  tr_acc=0.9886  val_acc=0.8730  val_auroc=0.9255  val_f1=0.8418  lr=8.47e-05
Running Validation...
Ep  67/500  total_loss=3.7626  tr_acc=0.9924  val_acc=0.8783  val_auroc=0.9282  val_f1=0.8366  lr=8.47e-05
Running Validation...
Ep  68/500  total_loss=3.7813  tr_acc=0.9916  val_acc=0.8624  val_auroc=0.9412  val_f1=0.8207  lr=8.47e-05
Running Validation...
Ep  69/500  total_loss=3.8450  tr_acc=0.9878  val_acc=0.8307  val_auroc=0.9189  val_f1=0.7880  lr=8.46e-05
Running Validation...
Ep  70/500  total_loss=3.9397  tr_acc=0.9832  val_acc=0.8466  val_auroc=0.9294  val_f1=0.8154  lr=8.46e-05
Running Validation...
Ep  71/500  total_loss=3.7708  tr_acc=0.9886  val_acc=0.8571  val_auroc=0.9205  val_f1=0.8278  lr=8.45e-05
Running Validation...
Ep  72/500  total_loss=3.8940  tr_acc=0.9863  val_acc=0.8148  val_auroc=0.9344  val_f1=0.7989  lr=8.45e-05
Running Validation...
Ep  73/500  total_loss=3.8940  tr_acc=0.9817  val_acc=0.8413  val_auroc=0.9178  val_f1=0.8102  lr=8.45e-05
Running Validation...
Ep  74/500  total_loss=3.8040  tr_acc=0.9893  val_acc=0.8571  val_auroc=0.9272  val_f1=0.8307  lr=8.44e-05
Running Validation...
Ep  75/500  total_loss=3.8005  tr_acc=0.9886  val_acc=0.8571  val_auroc=0.9454  val_f1=0.8252  lr=8.44e-05
Running Validation...
Ep  76/500  total_loss=3.8991  tr_acc=0.9809  val_acc=0.8836  val_auroc=0.9290  val_f1=0.8592  lr=8.43e-05
Running Validation...
Ep  77/500  total_loss=3.8047  tr_acc=0.9886  val_acc=0.8677  val_auroc=0.9349  val_f1=0.8369  lr=8.42e-05
Running Validation...
Ep  78/500  total_loss=3.8994  tr_acc=0.9809  val_acc=0.8836  val_auroc=0.9459  val_f1=0.8658  lr=8.42e-05
Running Validation...
Ep  79/500  total_loss=3.8937  tr_acc=0.9802  val_acc=0.8413  val_auroc=0.9284  val_f1=0.7963  lr=8.41e-05
Running Validation...
Ep  80/500  total_loss=3.8109  tr_acc=0.9901  val_acc=0.8466  val_auroc=0.9411  val_f1=0.8050  lr=8.41e-05
Running Validation...
Ep  81/500  total_loss=3.7938  tr_acc=0.9909  val_acc=0.8571  val_auroc=0.9398  val_f1=0.8265  lr=8.40e-05
Running Validation...
Ep  82/500  total_loss=3.7045  tr_acc=0.9924  val_acc=0.8624  val_auroc=0.9406  val_f1=0.8180  lr=8.39e-05
Running Validation...
Ep  83/500  total_loss=3.7850  tr_acc=0.9886  val_acc=0.8466  val_auroc=0.9350  val_f1=0.7975  lr=8.39e-05
Running Validation...
Ep  84/500  total_loss=3.7527  tr_acc=0.9901  val_acc=0.8519  val_auroc=0.9198  val_f1=0.8135  lr=8.38e-05
Running Validation...
Ep  85/500  total_loss=3.7531  tr_acc=0.9909  val_acc=0.8624  val_auroc=0.9236  val_f1=0.8283  lr=8.37e-05
Running Validation...
Ep  86/500  total_loss=3.7765  tr_acc=0.9863  val_acc=0.8519  val_auroc=0.9290  val_f1=0.8183  lr=8.37e-05
Running Validation...
Ep  87/500  total_loss=3.8257  tr_acc=0.9886  val_acc=0.8466  val_auroc=0.9416  val_f1=0.8014  lr=8.36e-05
Running Validation...
Ep  88/500  total_loss=3.7614  tr_acc=0.9909  val_acc=0.8677  val_auroc=0.9370  val_f1=0.8316  lr=8.35e-05
Running Validation...
Ep  89/500  total_loss=3.7439  tr_acc=0.9893  val_acc=0.8624  val_auroc=0.9042  val_f1=0.8336  lr=8.34e-05
Running Validation...
Ep  90/500  total_loss=3.7653  tr_acc=0.9893  val_acc=0.8413  val_auroc=0.9114  val_f1=0.8032  lr=8.34e-05
Running Validation...
Ep  91/500  total_loss=3.6829  tr_acc=0.9954  val_acc=0.8624  val_auroc=0.9073  val_f1=0.8339  lr=8.33e-05
Running Validation...
Ep  92/500  total_loss=3.7124  tr_acc=0.9924  val_acc=0.8466  val_auroc=0.9179  val_f1=0.8160  lr=8.32e-05
Running Validation...
Ep  93/500  total_loss=3.6918  tr_acc=0.9947  val_acc=0.8519  val_auroc=0.9183  val_f1=0.8250  lr=8.31e-05
Running Validation...
Ep  94/500  total_loss=3.7601  tr_acc=0.9886  val_acc=0.8466  val_auroc=0.9128  val_f1=0.8077  lr=8.30e-05
Running Validation...
Ep  95/500  total_loss=3.7507  tr_acc=0.9901  val_acc=0.8360  val_auroc=0.9102  val_f1=0.7835  lr=8.29e-05
Running Validation...
Ep  96/500  total_loss=3.7104  tr_acc=0.9939  val_acc=0.8519  val_auroc=0.9174  val_f1=0.8104  lr=8.28e-05
Running Validation...
Ep  97/500  total_loss=3.7022  tr_acc=0.9909  val_acc=0.8254  val_auroc=0.9206  val_f1=0.7822  lr=8.27e-05
Running Validation...
Ep  98/500  total_loss=3.7277  tr_acc=0.9909  val_acc=0.8466  val_auroc=0.9087  val_f1=0.8095  lr=8.26e-05
Running Validation...
Ep  99/500  total_loss=3.8042  tr_acc=0.9863  val_acc=0.8783  val_auroc=0.9377  val_f1=0.8525  lr=8.25e-05
Running Validation...
Ep 100/500  total_loss=3.7052  tr_acc=0.9924  val_acc=0.8466  val_auroc=0.9223  val_f1=0.8027  lr=8.24e-05
Running Validation...
Ep 101/500  total_loss=3.7217  tr_acc=0.9916  val_acc=0.8413  val_auroc=0.9346  val_f1=0.8190  lr=8.23e-05
Running Validation...
Ep 102/500  total_loss=3.6413  tr_acc=0.9962  val_acc=0.8307  val_auroc=0.9186  val_f1=0.8041  lr=8.22e-05
Running Validation...
Ep 103/500  total_loss=3.7153  tr_acc=0.9916  val_acc=0.8466  val_auroc=0.9073  val_f1=0.8142  lr=8.21e-05
Running Validation...
Ep 104/500  total_loss=3.6813  tr_acc=0.9931  val_acc=0.8360  val_auroc=0.9188  val_f1=0.7994  lr=8.20e-05
Running Validation...
Ep 105/500  total_loss=3.6857  tr_acc=0.9939  val_acc=0.8254  val_auroc=0.9249  val_f1=0.7792  lr=8.19e-05
Running Validation...
Ep 106/500  total_loss=3.6528  tr_acc=0.9939  val_acc=0.8413  val_auroc=0.9053  val_f1=0.8090  lr=8.18e-05
Running Validation...
Ep 107/500  total_loss=3.6817  tr_acc=0.9939  val_acc=0.8307  val_auroc=0.9085  val_f1=0.7917  lr=8.17e-05
Running Validation...
Ep 108/500  total_loss=3.7303  tr_acc=0.9931  val_acc=0.8413  val_auroc=0.9144  val_f1=0.7981  lr=8.16e-05
Running Validation...
Ep 109/500  total_loss=3.7154  tr_acc=0.9924  val_acc=0.8360  val_auroc=0.9159  val_f1=0.8030  lr=8.14e-05
Running Validation...
Ep 110/500  total_loss=3.6716  tr_acc=0.9962  val_acc=0.8519  val_auroc=0.9126  val_f1=0.8312  lr=8.13e-05
Running Validation...
Ep 111/500  total_loss=3.6747  tr_acc=0.9954  val_acc=0.8466  val_auroc=0.9105  val_f1=0.8039  lr=8.12e-05
Running Validation...
Ep 112/500  total_loss=3.7527  tr_acc=0.9893  val_acc=0.8360  val_auroc=0.8998  val_f1=0.7838  lr=8.11e-05
Running Validation...
Ep 113/500  total_loss=3.7036  tr_acc=0.9893  val_acc=0.8095  val_auroc=0.9080  val_f1=0.7501  lr=8.10e-05
Running Validation...
Ep 114/500  total_loss=3.7501  tr_acc=0.9901  val_acc=0.8095  val_auroc=0.9005  val_f1=0.7519  lr=8.08e-05
Running Validation...
Ep 115/500  total_loss=3.6973  tr_acc=0.9916  val_acc=0.8677  val_auroc=0.9196  val_f1=0.8285  lr=8.07e-05
Running Validation...
Ep 116/500  total_loss=3.6899  tr_acc=0.9931  val_acc=0.8571  val_auroc=0.9165  val_f1=0.8307  lr=8.06e-05
Running Validation...
Ep 117/500  total_loss=3.7015  tr_acc=0.9939  val_acc=0.8466  val_auroc=0.9299  val_f1=0.8264  lr=8.04e-05
Running Validation...
Ep 118/500  total_loss=3.6832  tr_acc=0.9939  val_acc=0.8360  val_auroc=0.9031  val_f1=0.8007  lr=8.03e-05
Running Validation...
Ep 119/500  total_loss=3.6813  tr_acc=0.9939  val_acc=0.8624  val_auroc=0.9210  val_f1=0.8345  lr=8.02e-05
Running Validation...
Ep 120/500  total_loss=3.6928  tr_acc=0.9947  val_acc=0.8519  val_auroc=0.9037  val_f1=0.8157  lr=8.00e-05
Running Validation...
Ep 121/500  total_loss=3.6279  tr_acc=0.9977  val_acc=0.8730  val_auroc=0.9325  val_f1=0.8389  lr=7.99e-05
Running Validation...
Ep 122/500  total_loss=3.6770  tr_acc=0.9939  val_acc=0.8730  val_auroc=0.9213  val_f1=0.8360  lr=7.97e-05
Running Validation...
Ep 123/500  total_loss=3.7118  tr_acc=0.9909  val_acc=0.8519  val_auroc=0.9175  val_f1=0.8117  lr=7.96e-05
Running Validation...
Ep 124/500  total_loss=3.7784  tr_acc=0.9886  val_acc=0.8519  val_auroc=0.9002  val_f1=0.8238  lr=7.95e-05
Running Validation...
Ep 125/500  total_loss=3.7213  tr_acc=0.9901  val_acc=0.8571  val_auroc=0.9208  val_f1=0.8345  lr=7.93e-05
Running Validation...
Ep 126/500  total_loss=3.6749  tr_acc=0.9931  val_acc=0.8571  val_auroc=0.9310  val_f1=0.8027  lr=7.92e-05
Running Validation...
Ep 127/500  total_loss=3.6700  tr_acc=0.9954  val_acc=0.8519  val_auroc=0.9470  val_f1=0.8201  lr=7.90e-05
Running Validation...
Ep 128/500  total_loss=3.7069  tr_acc=0.9931  val_acc=0.8307  val_auroc=0.9232  val_f1=0.8046  lr=7.89e-05
Running Validation...
Ep 129/500  total_loss=3.6361  tr_acc=0.9977  val_acc=0.8466  val_auroc=0.9415  val_f1=0.8233  lr=7.87e-05
Running Validation...
Ep 130/500  total_loss=3.8149  tr_acc=0.9878  val_acc=0.8571  val_auroc=0.9323  val_f1=0.8217  lr=7.85e-05
Running Validation...
Ep 131/500  total_loss=3.6926  tr_acc=0.9947  val_acc=0.8413  val_auroc=0.9314  val_f1=0.7974  lr=7.84e-05
Running Validation...
Ep 132/500  total_loss=3.6722  tr_acc=0.9954  val_acc=0.8254  val_auroc=0.9096  val_f1=0.7898  lr=7.82e-05
Running Validation...
Ep 133/500  total_loss=3.6369  tr_acc=0.9962  val_acc=0.8466  val_auroc=0.9137  val_f1=0.8045  lr=7.81e-05
Running Validation...
Ep 134/500  total_loss=3.6697  tr_acc=0.9939  val_acc=0.8571  val_auroc=0.9360  val_f1=0.8220  lr=7.79e-05
Running Validation...
Ep 135/500  total_loss=3.6594  tr_acc=0.9947  val_acc=0.8360  val_auroc=0.9254  val_f1=0.7996  lr=7.77e-05
Running Validation...
Ep 136/500  total_loss=3.7384  tr_acc=0.9863  val_acc=0.8466  val_auroc=0.9067  val_f1=0.7995  lr=7.76e-05
Running Validation...
Ep 137/500  total_loss=3.6754  tr_acc=0.9947  val_acc=0.8254  val_auroc=0.9068  val_f1=0.7653  lr=7.74e-05
Running Validation...
Ep 138/500  total_loss=3.6687  tr_acc=0.9931  val_acc=0.8519  val_auroc=0.9155  val_f1=0.8070  lr=7.72e-05
Running Validation...
Ep 139/500  total_loss=3.6414  tr_acc=0.9962  val_acc=0.8624  val_auroc=0.9218  val_f1=0.8348  lr=7.71e-05
Running Validation...
Ep 140/500  total_loss=3.6356  tr_acc=0.9962  val_acc=0.8677  val_auroc=0.9386  val_f1=0.8407  lr=7.69e-05
Running Validation...
Ep 141/500  total_loss=3.6594  tr_acc=0.9954  val_acc=0.8413  val_auroc=0.9303  val_f1=0.7896  lr=7.67e-05
Running Validation...
Ep 142/500  total_loss=3.6788  tr_acc=0.9939  val_acc=0.8571  val_auroc=0.9177  val_f1=0.8270  lr=7.65e-05
Running Validation...
Ep 143/500  total_loss=3.6757  tr_acc=0.9939  val_acc=0.8730  val_auroc=0.9347  val_f1=0.8518  lr=7.64e-05
Running Validation...
Ep 144/500  total_loss=3.7256  tr_acc=0.9916  val_acc=0.8624  val_auroc=0.9379  val_f1=0.8328  lr=7.62e-05
Running Validation...
Ep 145/500  total_loss=3.6239  tr_acc=0.9977  val_acc=0.8624  val_auroc=0.9246  val_f1=0.8294  lr=7.60e-05
Running Validation...
Ep 146/500  total_loss=3.6551  tr_acc=0.9962  val_acc=0.8677  val_auroc=0.9290  val_f1=0.8393  lr=7.58e-05
Running Validation...
Ep 147/500  total_loss=3.6786  tr_acc=0.9947  val_acc=0.8571  val_auroc=0.9329  val_f1=0.8278  lr=7.56e-05
Running Validation...
Ep 148/500  total_loss=3.6807  tr_acc=0.9947  val_acc=0.8677  val_auroc=0.9297  val_f1=0.8333  lr=7.54e-05
Running Validation...
Ep 149/500  total_loss=3.6578  tr_acc=0.9947  val_acc=0.8519  val_auroc=0.9165  val_f1=0.8209  lr=7.52e-05
Running Validation...
Ep 150/500  total_loss=3.6590  tr_acc=0.9947  val_acc=0.8677  val_auroc=0.9298  val_f1=0.8407  lr=7.51e-05
Running Validation...
Ep 151/500  total_loss=3.7433  tr_acc=0.9893  val_acc=0.8519  val_auroc=0.9181  val_f1=0.8213  lr=7.49e-05
Running Validation...
Ep 152/500  total_loss=3.6533  tr_acc=0.9954  val_acc=0.8413  val_auroc=0.9328  val_f1=0.8134  lr=7.47e-05
Running Validation...
Ep 153/500  total_loss=3.5989  tr_acc=0.9992  val_acc=0.8519  val_auroc=0.9297  val_f1=0.8205  lr=7.45e-05
Running Validation...
Ep 154/500  total_loss=3.7099  tr_acc=0.9947  val_acc=0.8519  val_auroc=0.9352  val_f1=0.8362  lr=7.43e-05
Running Validation...
Ep 155/500  total_loss=3.6454  tr_acc=0.9970  val_acc=0.8836  val_auroc=0.9370  val_f1=0.8605  lr=7.41e-05
Running Validation...
Ep 156/500  total_loss=3.6365  tr_acc=0.9962  val_acc=0.8360  val_auroc=0.9244  val_f1=0.8020  lr=7.39e-05
Running Validation...
Ep 157/500  total_loss=3.7263  tr_acc=0.9947  val_acc=0.8730  val_auroc=0.9123  val_f1=0.8449  lr=7.37e-05
Running Validation...
Ep 158/500  total_loss=3.6065  tr_acc=0.9985  val_acc=0.8466  val_auroc=0.9155  val_f1=0.8120  lr=7.35e-05
Running Validation...
Ep 159/500  total_loss=3.6377  tr_acc=0.9977  val_acc=0.8677  val_auroc=0.9428  val_f1=0.8293  lr=7.33e-05
Running Validation...
Ep 160/500  total_loss=3.6445  tr_acc=0.9947  val_acc=0.8519  val_auroc=0.9300  val_f1=0.8117  lr=7.31e-05
Running Validation...
Ep 161/500  total_loss=3.6501  tr_acc=0.9962  val_acc=0.8519  val_auroc=0.9199  val_f1=0.8260  lr=7.29e-05
Running Validation...
Ep 162/500  total_loss=3.6766  tr_acc=0.9939  val_acc=0.8624  val_auroc=0.9098  val_f1=0.8256  lr=7.27e-05
Running Validation...
Ep 163/500  total_loss=3.6281  tr_acc=0.9977  val_acc=0.8148  val_auroc=0.9217  val_f1=0.7725  lr=7.24e-05
Running Validation...
Ep 164/500  total_loss=3.6229  tr_acc=0.9970  val_acc=0.8254  val_auroc=0.9285  val_f1=0.7786  lr=7.22e-05
Running Validation...
Ep 165/500  total_loss=3.6689  tr_acc=0.9962  val_acc=0.8254  val_auroc=0.9166  val_f1=0.7723  lr=7.20e-05
Running Validation...
Ep 166/500  total_loss=3.6327  tr_acc=0.9970  val_acc=0.8730  val_auroc=0.9166  val_f1=0.8390  lr=7.18e-05
Running Validation...
Ep 167/500  total_loss=3.6537  tr_acc=0.9970  val_acc=0.8730  val_auroc=0.9136  val_f1=0.8462  lr=7.16e-05
Running Validation...
Ep 168/500  total_loss=3.6114  tr_acc=0.9992  val_acc=0.8571  val_auroc=0.9172  val_f1=0.8277  lr=7.14e-05
Running Validation...
Ep 169/500  total_loss=3.6075  tr_acc=0.9977  val_acc=0.8413  val_auroc=0.9145  val_f1=0.8055  lr=7.12e-05
Running Validation...
Ep 170/500  total_loss=3.6445  tr_acc=0.9977  val_acc=0.8571  val_auroc=0.9285  val_f1=0.8311  lr=7.09e-05
Running Validation...
Ep 171/500  total_loss=3.6836  tr_acc=0.9924  val_acc=0.8466  val_auroc=0.9167  val_f1=0.8139  lr=7.07e-05
Running Validation...
Ep 172/500  total_loss=3.6783  tr_acc=0.9939  val_acc=0.8413  val_auroc=0.9110  val_f1=0.7929  lr=7.05e-05
Running Validation...
Ep 173/500  total_loss=3.6444  tr_acc=0.9970  val_acc=0.8519  val_auroc=0.9267  val_f1=0.8112  lr=7.03e-05
Running Validation...
Ep 174/500  total_loss=3.6131  tr_acc=0.9970  val_acc=0.8519  val_auroc=0.9186  val_f1=0.8160  lr=7.00e-05
Running Validation...
Ep 175/500  total_loss=3.6511  tr_acc=0.9962  val_acc=0.8571  val_auroc=0.9255  val_f1=0.8142  lr=6.98e-05
Running Validation...
Ep 176/500  total_loss=3.6422  tr_acc=0.9947  val_acc=0.8677  val_auroc=0.9379  val_f1=0.8236  lr=6.96e-05
Running Validation...
Ep 177/500  total_loss=3.6991  tr_acc=0.9931  val_acc=0.8519  val_auroc=0.9264  val_f1=0.8285  lr=6.94e-05
Running Validation...
Ep 178/500  total_loss=3.6224  tr_acc=0.9962  val_acc=0.8519  val_auroc=0.9289  val_f1=0.8277  lr=6.91e-05
Running Validation...
Ep 179/500  total_loss=3.5905  tr_acc=1.0000  val_acc=0.8677  val_auroc=0.9282  val_f1=0.8440  lr=6.89e-05
Running Validation...
Ep 180/500  total_loss=3.6285  tr_acc=0.9962  val_acc=0.8254  val_auroc=0.9146  val_f1=0.7965  lr=6.87e-05
Running Validation...
Ep 181/500  total_loss=3.6712  tr_acc=0.9947  val_acc=0.8571  val_auroc=0.9172  val_f1=0.8301  lr=6.84e-05
Running Validation...
Ep 182/500  total_loss=3.6391  tr_acc=0.9977  val_acc=0.8519  val_auroc=0.9288  val_f1=0.8151  lr=6.82e-05
Running Validation...
Ep 183/500  total_loss=3.6888  tr_acc=0.9954  val_acc=0.8783  val_auroc=0.9271  val_f1=0.8534  lr=6.80e-05
Running Validation...
Ep 184/500  total_loss=3.7031  tr_acc=0.9924  val_acc=0.8624  val_auroc=0.9357  val_f1=0.8392  lr=6.77e-05
Running Validation...
Ep 185/500  total_loss=3.6285  tr_acc=0.9970  val_acc=0.8571  val_auroc=0.9239  val_f1=0.8515  lr=6.75e-05
Running Validation...
Ep 186/500  total_loss=3.6723  tr_acc=0.9939  val_acc=0.8571  val_auroc=0.9082  val_f1=0.8345  lr=6.72e-05
Running Validation...
Ep 187/500  total_loss=3.6645  tr_acc=0.9947  val_acc=0.8783  val_auroc=0.9371  val_f1=0.8518  lr=6.70e-05
Running Validation...
Ep 188/500  total_loss=3.6993  tr_acc=0.9931  val_acc=0.8624  val_auroc=0.9240  val_f1=0.8388  lr=6.68e-05
Running Validation...
Ep 189/500  total_loss=3.6293  tr_acc=0.9954  val_acc=0.8519  val_auroc=0.9163  val_f1=0.8182  lr=6.65e-05
Running Validation...
Ep 190/500  total_loss=3.6092  tr_acc=0.9992  val_acc=0.8571  val_auroc=0.9220  val_f1=0.8234  lr=6.63e-05
Running Validation...
Ep 191/500  total_loss=3.6166  tr_acc=0.9985  val_acc=0.8519  val_auroc=0.9272  val_f1=0.8167  lr=6.60e-05
Running Validation...
Ep 192/500  total_loss=3.6500  tr_acc=0.9962  val_acc=0.8730  val_auroc=0.9260  val_f1=0.8415  lr=6.58e-05
Running Validation...
Ep 193/500  total_loss=3.6473  tr_acc=0.9947  val_acc=0.8730  val_auroc=0.9254  val_f1=0.8475  lr=6.55e-05
Running Validation...
Ep 194/500  total_loss=3.6254  tr_acc=0.9954  val_acc=0.8466  val_auroc=0.9254  val_f1=0.8103  lr=6.53e-05
Running Validation...
Ep 195/500  total_loss=3.6360  tr_acc=0.9947  val_acc=0.8307  val_auroc=0.9156  val_f1=0.7826  lr=6.50e-05
Running Validation...
Ep 196/500  total_loss=3.6635  tr_acc=0.9954  val_acc=0.8677  val_auroc=0.9372  val_f1=0.8517  lr=6.48e-05
Running Validation...
Ep 197/500  total_loss=3.6489  tr_acc=0.9947  val_acc=0.8519  val_auroc=0.9348  val_f1=0.8193  lr=6.45e-05
Running Validation...
Ep 198/500  total_loss=3.6069  tr_acc=0.9977  val_acc=0.8730  val_auroc=0.9316  val_f1=0.8396  lr=6.43e-05
Running Validation...
Ep 199/500  total_loss=3.5927  tr_acc=0.9992  val_acc=0.8571  val_auroc=0.9138  val_f1=0.8305  lr=6.40e-05
Running Validation...
Ep 200/500  total_loss=3.6585  tr_acc=0.9962  val_acc=0.8571  val_auroc=0.9302  val_f1=0.8236  lr=6.38e-05
Running Validation...
Ep 201/500  total_loss=3.6491  tr_acc=0.9939  val_acc=0.8466  val_auroc=0.9191  val_f1=0.8091  lr=6.35e-05
Running Validation...
Ep 202/500  total_loss=3.6345  tr_acc=0.9977  val_acc=0.8413  val_auroc=0.9204  val_f1=0.7940  lr=6.32e-05
Running Validation...
Ep 203/500  total_loss=3.6665  tr_acc=0.9954  val_acc=0.8466  val_auroc=0.9139  val_f1=0.8184  lr=6.30e-05
Running Validation...
Ep 204/500  total_loss=3.7814  tr_acc=0.9909  val_acc=0.8042  val_auroc=0.9209  val_f1=0.7384  lr=6.27e-05
Running Validation...
Ep 205/500  total_loss=3.6209  tr_acc=0.9954  val_acc=0.8413  val_auroc=0.9298  val_f1=0.8014  lr=6.25e-05
Running Validation...
Ep 206/500  total_loss=3.6743  tr_acc=0.9939  val_acc=0.8624  val_auroc=0.9301  val_f1=0.8326  lr=6.22e-05
Running Validation...
Ep 207/500  total_loss=3.6627  tr_acc=0.9931  val_acc=0.8519  val_auroc=0.9390  val_f1=0.8149  lr=6.19e-05
Running Validation...
Ep 208/500  total_loss=3.6361  tr_acc=0.9970  val_acc=0.8730  val_auroc=0.9555  val_f1=0.8387  lr=6.17e-05
Running Validation...
Ep 209/500  total_loss=3.6978  tr_acc=0.9931  val_acc=0.8783  val_auroc=0.9483  val_f1=0.8588  lr=6.14e-05
Running Validation...
Ep 210/500  total_loss=3.6309  tr_acc=0.9977  val_acc=0.8571  val_auroc=0.9389  val_f1=0.8312  lr=6.11e-05
Running Validation...
Ep 211/500  total_loss=3.6399  tr_acc=0.9970  val_acc=0.8095  val_auroc=0.9210  val_f1=0.7476  lr=6.09e-05
Running Validation...
Ep 212/500  total_loss=3.6726  tr_acc=0.9954  val_acc=0.8413  val_auroc=0.9367  val_f1=0.8107  lr=6.06e-05
Running Validation...
Ep 213/500  total_loss=3.6242  tr_acc=0.9977  val_acc=0.8254  val_auroc=0.9218  val_f1=0.7859  lr=6.03e-05
Running Validation...
Ep 214/500  total_loss=3.6425  tr_acc=0.9962  val_acc=0.8624  val_auroc=0.9129  val_f1=0.8350  lr=6.01e-05
Running Validation...
Ep 215/500  total_loss=3.7090  tr_acc=0.9909  val_acc=0.8519  val_auroc=0.9148  val_f1=0.8382  lr=5.98e-05
Running Validation...
Ep 216/500  total_loss=3.6435  tr_acc=0.9970  val_acc=0.8519  val_auroc=0.9268  val_f1=0.8274  lr=5.95e-05
Running Validation...
Ep 217/500  total_loss=3.6232  tr_acc=0.9970  val_acc=0.8624  val_auroc=0.9331  val_f1=0.8280  lr=5.92e-05
Running Validation...
Ep 218/500  total_loss=3.6833  tr_acc=0.9947  val_acc=0.8571  val_auroc=0.9374  val_f1=0.8185  lr=5.90e-05
Running Validation...
Ep 219/500  total_loss=3.6586  tr_acc=0.9939  val_acc=0.8730  val_auroc=0.9395  val_f1=0.8446  lr=5.87e-05
Running Validation...
Ep 220/500  total_loss=3.6402  tr_acc=0.9939  val_acc=0.8677  val_auroc=0.9264  val_f1=0.8388  lr=5.84e-05
Running Validation...
Ep 221/500  total_loss=3.6259  tr_acc=0.9962  val_acc=0.8254  val_auroc=0.9081  val_f1=0.8004  lr=5.81e-05
Running Validation...
Ep 222/500  total_loss=3.6492  tr_acc=0.9977  val_acc=0.8413  val_auroc=0.9227  val_f1=0.8092  lr=5.79e-05
Running Validation...
Ep 223/500  total_loss=3.6133  tr_acc=0.9985  val_acc=0.8571  val_auroc=0.9354  val_f1=0.8222  lr=5.76e-05
Running Validation...
Ep 224/500  total_loss=3.6289  tr_acc=0.9970  val_acc=0.8730  val_auroc=0.9266  val_f1=0.8473  lr=5.73e-05
Running Validation...
Ep 225/500  total_loss=3.5893  tr_acc=1.0000  val_acc=0.8624  val_auroc=0.9291  val_f1=0.8447  lr=5.70e-05
Running Validation...
Ep 226/500  total_loss=3.5882  tr_acc=1.0000  val_acc=0.8624  val_auroc=0.9357  val_f1=0.8363  lr=5.68e-05
Running Validation...
Ep 227/500  total_loss=3.6228  tr_acc=0.9985  val_acc=0.8783  val_auroc=0.9251  val_f1=0.8611  lr=5.65e-05
Running Validation...
Ep 228/500  total_loss=3.6145  tr_acc=0.9985  val_acc=0.8942  val_auroc=0.9356  val_f1=0.8743  lr=5.62e-05
Running Validation...
Ep 229/500  total_loss=3.6098  tr_acc=0.9992  val_acc=0.8995  val_auroc=0.9465  val_f1=0.8869  lr=5.59e-05
Running Validation...
Ep 230/500  total_loss=3.6032  tr_acc=0.9985  val_acc=0.8836  val_auroc=0.9427  val_f1=0.8688  lr=5.56e-05
Running Validation...
Ep 231/500  total_loss=3.6143  tr_acc=0.9962  val_acc=0.8942  val_auroc=0.9431  val_f1=0.8851  lr=5.54e-05
Running Validation...
Ep 232/500  total_loss=3.6233  tr_acc=0.9977  val_acc=0.8677  val_auroc=0.9335  val_f1=0.8426  lr=5.51e-05
Running Validation...
Ep 233/500  total_loss=3.6256  tr_acc=0.9962  val_acc=0.8942  val_auroc=0.9383  val_f1=0.8827  lr=5.48e-05
Running Validation...
Ep 234/500  total_loss=3.5995  tr_acc=0.9992  val_acc=0.8995  val_auroc=0.9471  val_f1=0.8920  lr=5.45e-05
Running Validation...
Ep 235/500  total_loss=3.6564  tr_acc=0.9954  val_acc=0.8677  val_auroc=0.9426  val_f1=0.8390  lr=5.42e-05
Running Validation...
Ep 236/500  total_loss=3.6798  tr_acc=0.9954  val_acc=0.8677  val_auroc=0.9314  val_f1=0.8481  lr=5.39e-05
Running Validation...
Ep 237/500  total_loss=3.6017  tr_acc=0.9985  val_acc=0.8836  val_auroc=0.9407  val_f1=0.8606  lr=5.36e-05
Running Validation...
Ep 238/500  total_loss=3.6441  tr_acc=0.9962  val_acc=0.8571  val_auroc=0.9323  val_f1=0.8324  lr=5.34e-05
Running Validation...
Ep 239/500  total_loss=3.6051  tr_acc=0.9977  val_acc=0.8942  val_auroc=0.9391  val_f1=0.8832  lr=5.31e-05
Running Validation...
Ep 240/500  total_loss=3.6410  tr_acc=0.9977  val_acc=0.8783  val_auroc=0.9305  val_f1=0.8517  lr=5.28e-05
Running Validation...
Ep 241/500  total_loss=3.6672  tr_acc=0.9939  val_acc=0.8571  val_auroc=0.9292  val_f1=0.8090  lr=5.25e-05
Running Validation...
Ep 242/500  total_loss=3.6511  tr_acc=0.9962  val_acc=0.8519  val_auroc=0.9428  val_f1=0.8189  lr=5.22e-05
Running Validation...
Ep 243/500  total_loss=3.6392  tr_acc=0.9947  val_acc=0.8571  val_auroc=0.9292  val_f1=0.8190  lr=5.19e-05
Running Validation...
Ep 244/500  total_loss=3.6239  tr_acc=0.9977  val_acc=0.8360  val_auroc=0.9188  val_f1=0.8081  lr=5.16e-05
Running Validation...
Ep 245/500  total_loss=3.6020  tr_acc=0.9992  val_acc=0.8519  val_auroc=0.9312  val_f1=0.8131  lr=5.13e-05
Running Validation...
Ep 246/500  total_loss=3.7405  tr_acc=0.9916  val_acc=0.8519  val_auroc=0.9300  val_f1=0.8149  lr=5.10e-05
Running Validation...
Ep 247/500  total_loss=3.6272  tr_acc=0.9985  val_acc=0.8677  val_auroc=0.9399  val_f1=0.8295  lr=5.08e-05
Running Validation...
Ep 248/500  total_loss=3.6755  tr_acc=0.9924  val_acc=0.8571  val_auroc=0.9388  val_f1=0.8239  lr=5.05e-05
Running Validation...
Ep 249/500  total_loss=3.6991  tr_acc=0.9947  val_acc=0.8730  val_auroc=0.9295  val_f1=0.8359  lr=5.02e-05
Running Validation...
Ep 250/500  total_loss=3.6493  tr_acc=0.9962  val_acc=0.8624  val_auroc=0.9262  val_f1=0.8415  lr=4.99e-05
Running Validation...
Ep 251/500  total_loss=3.6721  tr_acc=0.9924  val_acc=0.8519  val_auroc=0.9283  val_f1=0.8285  lr=4.96e-05
Running Validation...
Ep 252/500  total_loss=3.5919  tr_acc=0.9992  val_acc=0.8519  val_auroc=0.9447  val_f1=0.8245  lr=4.93e-05
Running Validation...
Ep 253/500  total_loss=3.6495  tr_acc=0.9954  val_acc=0.8783  val_auroc=0.9331  val_f1=0.8559  lr=4.90e-05
Running Validation...
Ep 254/500  total_loss=3.6408  tr_acc=0.9954  val_acc=0.8730  val_auroc=0.9346  val_f1=0.8431  lr=4.87e-05
Running Validation...
Ep 255/500  total_loss=3.6267  tr_acc=0.9962  val_acc=0.8624  val_auroc=0.9427  val_f1=0.8199  lr=4.84e-05
Running Validation...
Ep 256/500  total_loss=3.6352  tr_acc=0.9970  val_acc=0.8571  val_auroc=0.9484  val_f1=0.8232  lr=4.81e-05
Running Validation...
Ep 257/500  total_loss=3.6726  tr_acc=0.9939  val_acc=0.8519  val_auroc=0.9323  val_f1=0.8119  lr=4.78e-05
Running Validation...
Ep 258/500  total_loss=3.6226  tr_acc=0.9977  val_acc=0.8360  val_auroc=0.9349  val_f1=0.8075  lr=4.75e-05
Running Validation...
Ep 259/500  total_loss=3.6069  tr_acc=0.9992  val_acc=0.8571  val_auroc=0.9433  val_f1=0.8341  lr=4.72e-05
Running Validation...
Ep 260/500  total_loss=3.6135  tr_acc=0.9985  val_acc=0.8677  val_auroc=0.9330  val_f1=0.8390  lr=4.69e-05
Running Validation...
Ep 261/500  total_loss=3.6756  tr_acc=0.9931  val_acc=0.8836  val_auroc=0.9363  val_f1=0.8519  lr=4.66e-05
Running Validation...
Ep 262/500  total_loss=3.6330  tr_acc=0.9970  val_acc=0.8571  val_auroc=0.9322  val_f1=0.8211  lr=4.64e-05
Running Validation...
Ep 263/500  total_loss=3.6205  tr_acc=0.9985  val_acc=0.8466  val_auroc=0.9215  val_f1=0.8003  lr=4.61e-05
Running Validation...
Ep 264/500  total_loss=3.6081  tr_acc=0.9985  val_acc=0.8730  val_auroc=0.9314  val_f1=0.8345  lr=4.58e-05
Running Validation...
Ep 265/500  total_loss=3.6363  tr_acc=0.9962  val_acc=0.8677  val_auroc=0.9341  val_f1=0.8331  lr=4.55e-05
Running Validation...
Ep 266/500  total_loss=3.5998  tr_acc=0.9977  val_acc=0.8519  val_auroc=0.9322  val_f1=0.8153  lr=4.52e-05
Running Validation...
Ep 267/500  total_loss=3.6335  tr_acc=0.9977  val_acc=0.8360  val_auroc=0.9304  val_f1=0.8319  lr=4.49e-05
Running Validation...
Ep 268/500  total_loss=3.6753  tr_acc=0.9947  val_acc=0.8677  val_auroc=0.9338  val_f1=0.8418  lr=4.46e-05
Running Validation...
Ep 269/500  total_loss=3.6140  tr_acc=0.9985  val_acc=0.8730  val_auroc=0.9273  val_f1=0.8496  lr=4.43e-05
Running Validation...
Ep 270/500  total_loss=3.6073  tr_acc=0.9985  val_acc=0.8783  val_auroc=0.9418  val_f1=0.8574  lr=4.40e-05
Running Validation...
Ep 271/500  total_loss=3.6408  tr_acc=0.9962  val_acc=0.8624  val_auroc=0.9306  val_f1=0.8490  lr=4.37e-05
Running Validation...
Ep 272/500  total_loss=3.6627  tr_acc=0.9970  val_acc=0.8783  val_auroc=0.9467  val_f1=0.8552  lr=4.34e-05
Running Validation...
Ep 273/500  total_loss=3.6034  tr_acc=0.9985  val_acc=0.8942  val_auroc=0.9476  val_f1=0.8771  lr=4.31e-05
Running Validation...
Ep 274/500  total_loss=3.6062  tr_acc=0.9977  val_acc=0.8730  val_auroc=0.9431  val_f1=0.8461  lr=4.28e-05
Running Validation...
Ep 275/500  total_loss=3.6034  tr_acc=0.9992  val_acc=0.8571  val_auroc=0.9315  val_f1=0.8254  lr=4.25e-05
Running Validation...
Ep 276/500  total_loss=3.6458  tr_acc=0.9954  val_acc=0.8624  val_auroc=0.9411  val_f1=0.8260  lr=4.22e-05
Running Validation...
Ep 277/500  total_loss=3.6363  tr_acc=0.9962  val_acc=0.8571  val_auroc=0.9339  val_f1=0.8148  lr=4.19e-05
Running Validation...
Ep 278/500  total_loss=3.6268  tr_acc=0.9985  val_acc=0.8624  val_auroc=0.9481  val_f1=0.8366  lr=4.16e-05
Running Validation...
Ep 279/500  total_loss=3.6585  tr_acc=0.9947  val_acc=0.8677  val_auroc=0.9295  val_f1=0.8611  lr=4.13e-05
Running Validation...
Ep 280/500  total_loss=3.6402  tr_acc=0.9962  val_acc=0.8413  val_auroc=0.9450  val_f1=0.8174  lr=4.10e-05
Running Validation...
Ep 281/500  total_loss=3.6474  tr_acc=0.9962  val_acc=0.8466  val_auroc=0.9329  val_f1=0.8214  lr=4.07e-05
Running Validation...
Ep 282/500  total_loss=3.6183  tr_acc=0.9977  val_acc=0.8624  val_auroc=0.9349  val_f1=0.8185  lr=4.04e-05
Running Validation...
Ep 283/500  total_loss=3.6643  tr_acc=0.9947  val_acc=0.8624  val_auroc=0.9295  val_f1=0.8311  lr=4.01e-05
Running Validation...
Ep 284/500  total_loss=3.5865  tr_acc=1.0000  val_acc=0.8836  val_auroc=0.9343  val_f1=0.8697  lr=3.98e-05
Running Validation...
Ep 285/500  total_loss=3.6101  tr_acc=0.9992  val_acc=0.8836  val_auroc=0.9249  val_f1=0.8638  lr=3.95e-05
Running Validation...
Ep 286/500  total_loss=3.6003  tr_acc=0.9992  val_acc=0.8836  val_auroc=0.9439  val_f1=0.8647  lr=3.92e-05
Running Validation...
Ep 287/500  total_loss=3.5993  tr_acc=0.9992  val_acc=0.8783  val_auroc=0.9341  val_f1=0.8674  lr=3.89e-05
Running Validation...
Ep 288/500  total_loss=3.6230  tr_acc=0.9970  val_acc=0.8783  val_auroc=0.9334  val_f1=0.8645  lr=3.86e-05
Running Validation...
Ep 289/500  total_loss=3.6223  tr_acc=0.9970  val_acc=0.8677  val_auroc=0.9295  val_f1=0.8463  lr=3.84e-05
Running Validation...
Ep 290/500  total_loss=3.7109  tr_acc=0.9916  val_acc=0.8836  val_auroc=0.9370  val_f1=0.8591  lr=3.81e-05
Running Validation...
Ep 291/500  total_loss=3.5861  tr_acc=1.0000  val_acc=0.8624  val_auroc=0.9398  val_f1=0.8270  lr=3.78e-05
Running Validation...
Ep 292/500  total_loss=3.6023  tr_acc=0.9985  val_acc=0.8889  val_auroc=0.9512  val_f1=0.8684  lr=3.75e-05
Running Validation...
Ep 293/500  total_loss=3.5871  tr_acc=1.0000  val_acc=0.8889  val_auroc=0.9547  val_f1=0.8752  lr=3.72e-05
Running Validation...
Ep 294/500  total_loss=3.6351  tr_acc=0.9962  val_acc=0.8889  val_auroc=0.9510  val_f1=0.8728  lr=3.69e-05
Running Validation...
Ep 295/500  total_loss=3.6458  tr_acc=0.9962  val_acc=0.8624  val_auroc=0.9507  val_f1=0.8338  lr=3.66e-05
Running Validation...
Ep 296/500  total_loss=3.6825  tr_acc=0.9954  val_acc=0.8730  val_auroc=0.9495  val_f1=0.8423  lr=3.63e-05
Running Validation...
Ep 297/500  total_loss=3.6169  tr_acc=0.9977  val_acc=0.8677  val_auroc=0.9510  val_f1=0.8555  lr=3.60e-05
Running Validation...
Ep 298/500  total_loss=3.6021  tr_acc=0.9985  val_acc=0.8624  val_auroc=0.9406  val_f1=0.8540  lr=3.57e-05
Running Validation...
Ep 299/500  total_loss=3.6298  tr_acc=0.9970  val_acc=0.8730  val_auroc=0.9422  val_f1=0.8583  lr=3.54e-05
Running Validation...
Ep 300/500  total_loss=3.6275  tr_acc=0.9985  val_acc=0.8942  val_auroc=0.9396  val_f1=0.8764  lr=3.51e-05
Running Validation...
Ep 301/500  total_loss=3.6516  tr_acc=0.9954  val_acc=0.8836  val_auroc=0.9499  val_f1=0.8689  lr=3.48e-05
Running Validation...
Ep 302/500  total_loss=3.6497  tr_acc=0.9970  val_acc=0.8942  val_auroc=0.9517  val_f1=0.8778  lr=3.45e-05
Running Validation...
Ep 303/500  total_loss=3.6275  tr_acc=0.9970  val_acc=0.8836  val_auroc=0.9528  val_f1=0.8594  lr=3.42e-05
Running Validation...
Ep 304/500  total_loss=3.5896  tr_acc=0.9992  val_acc=0.8995  val_auroc=0.9540  val_f1=0.8767  lr=3.40e-05
Running Validation...
Ep 305/500  total_loss=3.6228  tr_acc=0.9985  val_acc=0.8942  val_auroc=0.9496  val_f1=0.8787  lr=3.37e-05
Running Validation...
Ep 306/500  total_loss=3.5910  tr_acc=0.9992  val_acc=0.8889  val_auroc=0.9446  val_f1=0.8639  lr=3.34e-05
Running Validation...
Ep 307/500  total_loss=3.6135  tr_acc=0.9985  val_acc=0.8889  val_auroc=0.9510  val_f1=0.8548  lr=3.31e-05
Running Validation...
Ep 308/500  total_loss=3.6108  tr_acc=0.9985  val_acc=0.8730  val_auroc=0.9471  val_f1=0.8413  lr=3.28e-05
Running Validation...
Ep 309/500  total_loss=3.5844  tr_acc=1.0000  val_acc=0.8730  val_auroc=0.9466  val_f1=0.8413  lr=3.25e-05
Running Validation...
Ep 310/500  total_loss=3.6290  tr_acc=0.9977  val_acc=0.8889  val_auroc=0.9496  val_f1=0.8639  lr=3.22e-05
Running Validation...
Ep 311/500  total_loss=3.5865  tr_acc=1.0000  val_acc=0.8836  val_auroc=0.9345  val_f1=0.8540  lr=3.19e-05
Running Validation...
Ep 312/500  total_loss=3.5854  tr_acc=1.0000  val_acc=0.8730  val_auroc=0.9413  val_f1=0.8396  lr=3.16e-05
Running Validation...
Ep 313/500  total_loss=3.6429  tr_acc=0.9962  val_acc=0.8783  val_auroc=0.9362  val_f1=0.8537  lr=3.14e-05
Running Validation...
Ep 314/500  total_loss=3.6537  tr_acc=0.9962  val_acc=0.8836  val_auroc=0.9431  val_f1=0.8524  lr=3.11e-05
Running Validation...
Ep 315/500  total_loss=3.7715  tr_acc=0.9893  val_acc=0.8624  val_auroc=0.9447  val_f1=0.8374  lr=3.08e-05
Running Validation...
Ep 316/500  total_loss=3.6125  tr_acc=0.9977  val_acc=0.8836  val_auroc=0.9489  val_f1=0.8574  lr=3.05e-05
Running Validation...
Ep 317/500  total_loss=3.6395  tr_acc=0.9970  val_acc=0.8307  val_auroc=0.9287  val_f1=0.7731  lr=3.02e-05
Running Validation...
Ep 318/500  total_loss=3.6729  tr_acc=0.9954  val_acc=0.8466  val_auroc=0.9300  val_f1=0.8052  lr=2.99e-05
Running Validation...
Ep 319/500  total_loss=3.6116  tr_acc=0.9992  val_acc=0.8624  val_auroc=0.9385  val_f1=0.8434  lr=2.96e-05
Running Validation...
Ep 320/500  total_loss=3.6055  tr_acc=0.9985  val_acc=0.8730  val_auroc=0.9356  val_f1=0.8460  lr=2.94e-05
Running Validation...
Ep 321/500  total_loss=3.6526  tr_acc=0.9954  val_acc=0.8889  val_auroc=0.9370  val_f1=0.8686  lr=2.91e-05
Running Validation...
Ep 322/500  total_loss=3.6395  tr_acc=0.9970  val_acc=0.8519  val_auroc=0.9329  val_f1=0.8291  lr=2.88e-05
Running Validation...
Ep 323/500  total_loss=3.6054  tr_acc=0.9985  val_acc=0.8571  val_auroc=0.9333  val_f1=0.8391  lr=2.85e-05
Running Validation...
Ep 324/500  total_loss=3.5855  tr_acc=1.0000  val_acc=0.8519  val_auroc=0.9246  val_f1=0.8253  lr=2.82e-05
Running Validation...
Ep 325/500  total_loss=3.5851  tr_acc=1.0000  val_acc=0.8571  val_auroc=0.9232  val_f1=0.8241  lr=2.80e-05
Running Validation...
Ep 326/500  total_loss=3.6043  tr_acc=0.9985  val_acc=0.8624  val_auroc=0.9252  val_f1=0.8305  lr=2.77e-05
Running Validation...
Ep 327/500  total_loss=3.6357  tr_acc=0.9962  val_acc=0.8624  val_auroc=0.9210  val_f1=0.8305  lr=2.74e-05
Running Validation...
Ep 328/500  total_loss=3.6894  tr_acc=0.9924  val_acc=0.8624  val_auroc=0.9389  val_f1=0.8293  lr=2.71e-05
Running Validation...
Ep 329/500  total_loss=3.6135  tr_acc=0.9992  val_acc=0.8730  val_auroc=0.9368  val_f1=0.8377  lr=2.69e-05
Running Validation...
Ep 330/500  total_loss=3.5855  tr_acc=1.0000  val_acc=0.8466  val_auroc=0.9149  val_f1=0.7985  lr=2.66e-05
Running Validation...
Ep 331/500  total_loss=3.6304  tr_acc=0.9970  val_acc=0.8624  val_auroc=0.9292  val_f1=0.8274  lr=2.63e-05
Running Validation...
Ep 332/500  total_loss=3.6174  tr_acc=0.9985  val_acc=0.8624  val_auroc=0.9251  val_f1=0.8330  lr=2.60e-05
Running Validation...
Ep 333/500  total_loss=3.6065  tr_acc=0.9985  val_acc=0.8571  val_auroc=0.9315  val_f1=0.8274  lr=2.58e-05
Running Validation...
Ep 334/500  total_loss=3.5863  tr_acc=1.0000  val_acc=0.8677  val_auroc=0.9318  val_f1=0.8416  lr=2.55e-05
Running Validation...
Ep 335/500  total_loss=3.6249  tr_acc=0.9977  val_acc=0.8413  val_auroc=0.9441  val_f1=0.8125  lr=2.52e-05
Running Validation...
Ep 336/500  total_loss=3.5928  tr_acc=0.9992  val_acc=0.8571  val_auroc=0.9363  val_f1=0.8173  lr=2.49e-05
Running Validation...
Ep 337/500  total_loss=3.5874  tr_acc=1.0000  val_acc=0.8624  val_auroc=0.9340  val_f1=0.8228  lr=2.47e-05
Running Validation...
Ep 338/500  total_loss=3.6054  tr_acc=0.9992  val_acc=0.8571  val_auroc=0.9168  val_f1=0.8207  lr=2.44e-05
Running Validation...
Ep 339/500  total_loss=3.6707  tr_acc=0.9954  val_acc=0.8624  val_auroc=0.9199  val_f1=0.8148  lr=2.41e-05
Running Validation...
Ep 340/500  total_loss=3.5845  tr_acc=1.0000  val_acc=0.8519  val_auroc=0.9234  val_f1=0.8013  lr=2.39e-05
Running Validation...
Ep 341/500  total_loss=3.6190  tr_acc=0.9977  val_acc=0.8571  val_auroc=0.9283  val_f1=0.8052  lr=2.36e-05
Running Validation...
Ep 342/500  total_loss=3.6126  tr_acc=0.9977  val_acc=0.8307  val_auroc=0.9161  val_f1=0.7958  lr=2.33e-05
Running Validation...
Ep 343/500  total_loss=3.6710  tr_acc=0.9954  val_acc=0.8624  val_auroc=0.9155  val_f1=0.8346  lr=2.31e-05
Running Validation...
Ep 344/500  total_loss=3.5853  tr_acc=1.0000  val_acc=0.8783  val_auroc=0.9302  val_f1=0.8497  lr=2.28e-05
Running Validation...
Ep 345/500  total_loss=3.5938  tr_acc=0.9992  val_acc=0.8730  val_auroc=0.9198  val_f1=0.8491  lr=2.25e-05
Running Validation...
Ep 346/500  total_loss=3.6112  tr_acc=0.9985  val_acc=0.8836  val_auroc=0.9183  val_f1=0.8579  lr=2.23e-05
Running Validation...
Ep 347/500  total_loss=3.5866  tr_acc=1.0000  val_acc=0.8783  val_auroc=0.9170  val_f1=0.8517  lr=2.20e-05
Running Validation...
Ep 348/500  total_loss=3.6116  tr_acc=0.9985  val_acc=0.8624  val_auroc=0.9148  val_f1=0.8190  lr=2.18e-05
Running Validation...
Ep 349/500  total_loss=3.5861  tr_acc=1.0000  val_acc=0.8624  val_auroc=0.9171  val_f1=0.8347  lr=2.15e-05
Running Validation...
Ep 350/500  total_loss=3.6301  tr_acc=0.9970  val_acc=0.8466  val_auroc=0.9121  val_f1=0.8065  lr=2.13e-05
Running Validation...
Ep 351/500  total_loss=3.6186  tr_acc=0.9985  val_acc=0.8519  val_auroc=0.9153  val_f1=0.8202  lr=2.10e-05
Running Validation...
Ep 352/500  total_loss=3.5861  tr_acc=1.0000  val_acc=0.8730  val_auroc=0.9101  val_f1=0.8418  lr=2.07e-05
Running Validation...
Ep 353/500  total_loss=3.6306  tr_acc=0.9970  val_acc=0.8677  val_auroc=0.9057  val_f1=0.8390  lr=2.05e-05
Running Validation...
Ep 354/500  total_loss=3.6469  tr_acc=0.9962  val_acc=0.8624  val_auroc=0.9098  val_f1=0.8290  lr=2.02e-05
Running Validation...
Ep 355/500  total_loss=3.6973  tr_acc=0.9939  val_acc=0.8466  val_auroc=0.9057  val_f1=0.8117  lr=2.00e-05
Running Validation...
Ep 356/500  total_loss=3.6306  tr_acc=0.9985  val_acc=0.8571  val_auroc=0.9085  val_f1=0.8304  lr=1.97e-05
Running Validation...
Ep 357/500  total_loss=3.5850  tr_acc=1.0000  val_acc=0.8624  val_auroc=0.9133  val_f1=0.8404  lr=1.95e-05
Running Validation...
Ep 358/500  total_loss=3.6138  tr_acc=0.9977  val_acc=0.8624  val_auroc=0.9048  val_f1=0.8347  lr=1.92e-05
Running Validation...
Ep 359/500  total_loss=3.6018  tr_acc=0.9985  val_acc=0.8571  val_auroc=0.9095  val_f1=0.8304  lr=1.90e-05
Running Validation...
Ep 360/500  total_loss=3.6265  tr_acc=0.9970  val_acc=0.8624  val_auroc=0.9070  val_f1=0.8347  lr=1.87e-05
Running Validation...
Ep 361/500  total_loss=3.6154  tr_acc=0.9970  val_acc=0.8571  val_auroc=0.9113  val_f1=0.8320  lr=1.85e-05
Running Validation...
Ep 362/500  total_loss=3.6175  tr_acc=0.9985  val_acc=0.8677  val_auroc=0.9047  val_f1=0.8374  lr=1.82e-05
Running Validation...
Ep 363/500  total_loss=3.6515  tr_acc=0.9970  val_acc=0.8730  val_auroc=0.9154  val_f1=0.8475  lr=1.80e-05
Running Validation...
Ep 364/500  total_loss=3.5887  tr_acc=1.0000  val_acc=0.8677  val_auroc=0.9127  val_f1=0.8431  lr=1.78e-05
Running Validation...
Ep 365/500  total_loss=3.6126  tr_acc=0.9985  val_acc=0.8677  val_auroc=0.9058  val_f1=0.8431  lr=1.75e-05
Running Validation...
Ep 366/500  total_loss=3.6638  tr_acc=0.9954  val_acc=0.8519  val_auroc=0.9081  val_f1=0.8245  lr=1.73e-05
Running Validation...
Ep 367/500  total_loss=3.5969  tr_acc=0.9985  val_acc=0.8519  val_auroc=0.9159  val_f1=0.8245  lr=1.70e-05
Running Validation...
Ep 368/500  total_loss=3.6299  tr_acc=0.9970  val_acc=0.8571  val_auroc=0.9187  val_f1=0.8406  lr=1.68e-05
Running Validation...
Ep 369/500  total_loss=3.6050  tr_acc=0.9985  val_acc=0.8624  val_auroc=0.9201  val_f1=0.8388  lr=1.66e-05
Running Validation...
Ep 370/500  total_loss=3.6024  tr_acc=0.9985  val_acc=0.8571  val_auroc=0.9174  val_f1=0.8345  lr=1.63e-05
Running Validation...
Ep 371/500  total_loss=3.5854  tr_acc=1.0000  val_acc=0.8466  val_auroc=0.9181  val_f1=0.8277  lr=1.61e-05
Running Validation...
Ep 372/500  total_loss=3.6224  tr_acc=0.9977  val_acc=0.8519  val_auroc=0.9214  val_f1=0.8350  lr=1.59e-05
Running Validation...
Ep 373/500  total_loss=3.6194  tr_acc=0.9977  val_acc=0.8466  val_auroc=0.9174  val_f1=0.8293  lr=1.56e-05
Running Validation...
Ep 374/500  total_loss=3.6410  tr_acc=0.9977  val_acc=0.8413  val_auroc=0.9212  val_f1=0.8208  lr=1.54e-05
Running Validation...
Ep 375/500  total_loss=3.5981  tr_acc=0.9992  val_acc=0.8413  val_auroc=0.9201  val_f1=0.8208  lr=1.52e-05
Running Validation...
Ep 376/500  total_loss=3.6040  tr_acc=0.9992  val_acc=0.8519  val_auroc=0.9198  val_f1=0.8335  lr=1.50e-05
Running Validation...
Ep 377/500  total_loss=3.6106  tr_acc=0.9992  val_acc=0.8624  val_auroc=0.9245  val_f1=0.8362  lr=1.47e-05
Running Validation...
Ep 378/500  total_loss=3.6019  tr_acc=0.9992  val_acc=0.8571  val_auroc=0.9272  val_f1=0.8218  lr=1.45e-05
Running Validation...
Ep 379/500  total_loss=3.6207  tr_acc=0.9970  val_acc=0.8571  val_auroc=0.9264  val_f1=0.8318  lr=1.43e-05
Running Validation...
Ep 380/500  total_loss=3.6316  tr_acc=0.9977  val_acc=0.8571  val_auroc=0.9247  val_f1=0.8318  lr=1.41e-05
Running Validation...
Ep 381/500  total_loss=3.5888  tr_acc=0.9992  val_acc=0.8571  val_auroc=0.9267  val_f1=0.8318  lr=1.38e-05
Running Validation...
Ep 382/500  total_loss=3.6685  tr_acc=0.9947  val_acc=0.8624  val_auroc=0.9233  val_f1=0.8404  lr=1.36e-05
Running Validation...
Ep 383/500  total_loss=3.5859  tr_acc=1.0000  val_acc=0.8677  val_auroc=0.9239  val_f1=0.8420  lr=1.34e-05
Running Validation...
Ep 384/500  total_loss=3.5846  tr_acc=1.0000  val_acc=0.8519  val_auroc=0.9271  val_f1=0.8201  lr=1.32e-05
Running Validation...
Ep 385/500  total_loss=3.6262  tr_acc=0.9977  val_acc=0.8519  val_auroc=0.9170  val_f1=0.8214  lr=1.30e-05
Running Validation...
Ep 386/500  total_loss=3.6071  tr_acc=0.9992  val_acc=0.8624  val_auroc=0.9263  val_f1=0.8332  lr=1.28e-05
Running Validation...
Ep 387/500  total_loss=3.5847  tr_acc=1.0000  val_acc=0.8677  val_auroc=0.9259  val_f1=0.8420  lr=1.26e-05
Running Validation...
Ep 388/500  total_loss=3.5848  tr_acc=1.0000  val_acc=0.8624  val_auroc=0.9241  val_f1=0.8321  lr=1.23e-05
Running Validation...
Ep 389/500  total_loss=3.6042  tr_acc=0.9985  val_acc=0.8624  val_auroc=0.9256  val_f1=0.8330  lr=1.21e-05
Running Validation...
Ep 390/500  total_loss=3.5888  tr_acc=0.9992  val_acc=0.8571  val_auroc=0.9248  val_f1=0.8262  lr=1.19e-05
Running Validation...
Ep 391/500  total_loss=3.5850  tr_acc=1.0000  val_acc=0.8413  val_auroc=0.9240  val_f1=0.8018  lr=1.17e-05
Running Validation...
Ep 392/500  total_loss=3.5856  tr_acc=1.0000  val_acc=0.8466  val_auroc=0.9239  val_f1=0.8024  lr=1.15e-05
Running Validation...
Ep 393/500  total_loss=3.7052  tr_acc=0.9916  val_acc=0.8519  val_auroc=0.9214  val_f1=0.8246  lr=1.13e-05
Running Validation...
Ep 394/500  total_loss=3.6018  tr_acc=0.9992  val_acc=0.8624  val_auroc=0.9238  val_f1=0.8377  lr=1.11e-05
Running Validation...
Ep 395/500  total_loss=3.5871  tr_acc=0.9992  val_acc=0.8413  val_auroc=0.9229  val_f1=0.7994  lr=1.09e-05
Running Validation...
Ep 396/500  total_loss=3.5881  tr_acc=0.9992  val_acc=0.8624  val_auroc=0.9234  val_f1=0.8277  lr=1.07e-05
Running Validation...
Ep 397/500  total_loss=3.6082  tr_acc=0.9985  val_acc=0.8624  val_auroc=0.9229  val_f1=0.8277  lr=1.05e-05
Running Validation...
Ep 398/500  total_loss=3.6024  tr_acc=0.9992  val_acc=0.8571  val_auroc=0.9247  val_f1=0.8145  lr=1.03e-05
Running Validation...
Ep 399/500  total_loss=3.6381  tr_acc=0.9970  val_acc=0.8571  val_auroc=0.9245  val_f1=0.8188  lr=1.01e-05
Running Validation...
Ep 400/500  total_loss=3.6009  tr_acc=0.9985  val_acc=0.8413  val_auroc=0.9266  val_f1=0.8014  lr=9.94e-06
Running Validation...
Ep 401/500  total_loss=3.5879  tr_acc=0.9992  val_acc=0.8519  val_auroc=0.9302  val_f1=0.8055  lr=9.75e-06
Running Validation...
Ep 402/500  total_loss=3.5847  tr_acc=1.0000  val_acc=0.8519  val_auroc=0.9280  val_f1=0.8055  lr=9.56e-06
Running Validation...
Ep 403/500  total_loss=3.6021  tr_acc=0.9985  val_acc=0.8466  val_auroc=0.9267  val_f1=0.8001  lr=9.38e-06
Running Validation...
Ep 404/500  total_loss=3.6041  tr_acc=0.9992  val_acc=0.8519  val_auroc=0.9274  val_f1=0.8101  lr=9.19e-06
Running Validation...
Ep 405/500  total_loss=3.6247  tr_acc=0.9977  val_acc=0.8466  val_auroc=0.9266  val_f1=0.8011  lr=9.01e-06
Running Validation...
Ep 406/500  total_loss=3.5847  tr_acc=1.0000  val_acc=0.8519  val_auroc=0.9269  val_f1=0.8055  lr=8.83e-06
Running Validation...
Ep 407/500  total_loss=3.6408  tr_acc=0.9970  val_acc=0.8519  val_auroc=0.9281  val_f1=0.8101  lr=8.65e-06
Running Validation...
Ep 408/500  total_loss=3.5843  tr_acc=1.0000  val_acc=0.8571  val_auroc=0.9289  val_f1=0.8188  lr=8.47e-06
Running Validation...
Ep 409/500  total_loss=3.6210  tr_acc=0.9977  val_acc=0.8466  val_auroc=0.9240  val_f1=0.8045  lr=8.29e-06
Running Validation...
Ep 410/500  total_loss=3.6039  tr_acc=0.9992  val_acc=0.8413  val_auroc=0.9253  val_f1=0.8051  lr=8.12e-06
Running Validation...
Ep 411/500  total_loss=3.6054  tr_acc=0.9985  val_acc=0.8466  val_auroc=0.9253  val_f1=0.8057  lr=7.94e-06
Running Validation...
Ep 412/500  total_loss=3.6420  tr_acc=0.9954  val_acc=0.8466  val_auroc=0.9256  val_f1=0.8066  lr=7.77e-06
Running Validation...
Ep 413/500  total_loss=3.6238  tr_acc=0.9970  val_acc=0.8360  val_auroc=0.9254  val_f1=0.7869  lr=7.60e-06
Running Validation...
Ep 414/500  total_loss=3.5845  tr_acc=1.0000  val_acc=0.8466  val_auroc=0.9255  val_f1=0.8011  lr=7.43e-06
Running Validation...
Ep 415/500  total_loss=3.6029  tr_acc=0.9985  val_acc=0.8413  val_auroc=0.9245  val_f1=0.8014  lr=7.27e-06
Running Validation...
Ep 416/500  total_loss=3.6043  tr_acc=0.9985  val_acc=0.8413  val_auroc=0.9250  val_f1=0.8041  lr=7.10e-06
Running Validation...
Ep 417/500  total_loss=3.6194  tr_acc=0.9985  val_acc=0.8466  val_auroc=0.9227  val_f1=0.8066  lr=6.94e-06
Running Validation...
Ep 418/500  total_loss=3.6209  tr_acc=0.9977  val_acc=0.8466  val_auroc=0.9222  val_f1=0.8101  lr=6.78e-06
Running Validation...
Ep 419/500  total_loss=3.6033  tr_acc=0.9985  val_acc=0.8519  val_auroc=0.9251  val_f1=0.8226  lr=6.62e-06
Running Validation...
Ep 420/500  total_loss=3.6213  tr_acc=0.9977  val_acc=0.8519  val_auroc=0.9246  val_f1=0.8219  lr=6.46e-06
Running Validation...
Ep 421/500  total_loss=3.6258  tr_acc=0.9977  val_acc=0.8571  val_auroc=0.9232  val_f1=0.8287  lr=6.30e-06
Running Validation...
Ep 422/500  total_loss=3.5843  tr_acc=1.0000  val_acc=0.8624  val_auroc=0.9237  val_f1=0.8308  lr=6.15e-06
Running Validation...
Ep 423/500  total_loss=3.6016  tr_acc=0.9992  val_acc=0.8466  val_auroc=0.9233  val_f1=0.8138  lr=5.99e-06
Running Validation...
Ep 424/500  total_loss=3.6224  tr_acc=0.9970  val_acc=0.8571  val_auroc=0.9241  val_f1=0.8287  lr=5.84e-06
Running Validation...
Ep 425/500  total_loss=3.6602  tr_acc=0.9947  val_acc=0.8571  val_auroc=0.9246  val_f1=0.8262  lr=5.69e-06
Running Validation...
Ep 426/500  total_loss=3.6210  tr_acc=0.9970  val_acc=0.8571  val_auroc=0.9214  val_f1=0.8231  lr=5.55e-06
Running Validation...
Ep 427/500  total_loss=3.6191  tr_acc=0.9977  val_acc=0.8571  val_auroc=0.9252  val_f1=0.8262  lr=5.40e-06
Running Validation...
Ep 428/500  total_loss=3.6204  tr_acc=0.9970  val_acc=0.8413  val_auroc=0.9245  val_f1=0.8078  lr=5.26e-06
Running Validation...
Ep 429/500  total_loss=3.6191  tr_acc=0.9977  val_acc=0.8571  val_auroc=0.9263  val_f1=0.8262  lr=5.11e-06
Running Validation...
Ep 430/500  total_loss=3.5844  tr_acc=1.0000  val_acc=0.8519  val_auroc=0.9244  val_f1=0.8205  lr=4.97e-06
Running Validation...
Ep 431/500  total_loss=3.6278  tr_acc=0.9977  val_acc=0.8571  val_auroc=0.9245  val_f1=0.8287  lr=4.84e-06
Running Validation...
Ep 432/500  total_loss=3.5845  tr_acc=1.0000  val_acc=0.8624  val_auroc=0.9252  val_f1=0.8308  lr=4.70e-06
Running Validation...
Ep 433/500  total_loss=3.6453  tr_acc=0.9954  val_acc=0.8571  val_auroc=0.9271  val_f1=0.8262  lr=4.57e-06
Running Validation...
Ep 434/500  total_loss=3.6010  tr_acc=0.9992  val_acc=0.8571  val_auroc=0.9262  val_f1=0.8248  lr=4.43e-06
Running Validation...
Ep 435/500  total_loss=3.6176  tr_acc=0.9977  val_acc=0.8571  val_auroc=0.9263  val_f1=0.8262  lr=4.30e-06
Running Validation...
Ep 436/500  total_loss=3.6210  tr_acc=0.9970  val_acc=0.8519  val_auroc=0.9258  val_f1=0.8245  lr=4.17e-06
Running Validation...
Ep 437/500  total_loss=3.6019  tr_acc=0.9985  val_acc=0.8730  val_auroc=0.9270  val_f1=0.8450  lr=4.04e-06
Running Validation...
Ep 438/500  total_loss=3.5847  tr_acc=1.0000  val_acc=0.8571  val_auroc=0.9273  val_f1=0.8336  lr=3.92e-06
Running Validation...
Ep 439/500  total_loss=3.5843  tr_acc=1.0000  val_acc=0.8571  val_auroc=0.9270  val_f1=0.8282  lr=3.80e-06
Running Validation...
Ep 440/500  total_loss=3.5845  tr_acc=1.0000  val_acc=0.8677  val_auroc=0.9274  val_f1=0.8422  lr=3.67e-06
Running Validation...
Ep 441/500  total_loss=3.6559  tr_acc=0.9954  val_acc=0.8677  val_auroc=0.9245  val_f1=0.8462  lr=3.55e-06
Running Validation...
Ep 442/500  total_loss=3.6194  tr_acc=0.9970  val_acc=0.8677  val_auroc=0.9244  val_f1=0.8373  lr=3.44e-06
Running Validation...
Ep 443/500  total_loss=3.5845  tr_acc=1.0000  val_acc=0.8783  val_auroc=0.9263  val_f1=0.8533  lr=3.32e-06
Running Validation...
Ep 444/500  total_loss=3.5842  tr_acc=1.0000  val_acc=0.8783  val_auroc=0.9283  val_f1=0.8509  lr=3.21e-06
Running Validation...
Ep 445/500  total_loss=3.5841  tr_acc=1.0000  val_acc=0.8783  val_auroc=0.9280  val_f1=0.8509  lr=3.09e-06
Running Validation...
Ep 446/500  total_loss=3.6018  tr_acc=0.9985  val_acc=0.8730  val_auroc=0.9287  val_f1=0.8424  lr=2.98e-06
Running Validation...
Ep 447/500  total_loss=3.5947  tr_acc=0.9985  val_acc=0.8783  val_auroc=0.9281  val_f1=0.8509  lr=2.88e-06
Running Validation...
Ep 448/500  total_loss=3.5843  tr_acc=1.0000  val_acc=0.8730  val_auroc=0.9285  val_f1=0.8465  lr=2.77e-06
Running Validation...
Ep 449/500  total_loss=3.6341  tr_acc=0.9970  val_acc=0.8836  val_auroc=0.9283  val_f1=0.8592  lr=2.67e-06
Running Validation...
Ep 450/500  total_loss=3.6707  tr_acc=0.9954  val_acc=0.8730  val_auroc=0.9273  val_f1=0.8424  lr=2.56e-06
Running Validation...
Ep 451/500  total_loss=3.6376  tr_acc=0.9954  val_acc=0.8836  val_auroc=0.9227  val_f1=0.8592  lr=2.46e-06
Running Validation...
Ep 452/500  total_loss=3.6013  tr_acc=0.9985  val_acc=0.8730  val_auroc=0.9269  val_f1=0.8520  lr=2.36e-06
Running Validation...
Ep 453/500  total_loss=3.5851  tr_acc=1.0000  val_acc=0.8624  val_auroc=0.9262  val_f1=0.8434  lr=2.27e-06
Running Validation...
Ep 454/500  total_loss=3.6345  tr_acc=0.9970  val_acc=0.8677  val_auroc=0.9270  val_f1=0.8477  lr=2.17e-06
Running Validation...
Ep 455/500  total_loss=3.5843  tr_acc=1.0000  val_acc=0.8677  val_auroc=0.9284  val_f1=0.8477  lr=2.08e-06
Running Validation...
Ep 456/500  total_loss=3.6374  tr_acc=0.9962  val_acc=0.8730  val_auroc=0.9265  val_f1=0.8560  lr=1.99e-06
Running Validation...
Ep 457/500  total_loss=3.6073  tr_acc=0.9985  val_acc=0.8677  val_auroc=0.9269  val_f1=0.8477  lr=1.90e-06
Running Validation...
Ep 458/500  total_loss=3.5846  tr_acc=1.0000  val_acc=0.8730  val_auroc=0.9266  val_f1=0.8520  lr=1.81e-06
Running Validation...
Ep 459/500  total_loss=3.6029  tr_acc=0.9992  val_acc=0.8677  val_auroc=0.9264  val_f1=0.8477  lr=1.73e-06
Running Validation...
Ep 460/500  total_loss=3.5853  tr_acc=1.0000  val_acc=0.8730  val_auroc=0.9252  val_f1=0.8560  lr=1.65e-06
Running Validation...
Ep 461/500  total_loss=3.6167  tr_acc=0.9970  val_acc=0.8730  val_auroc=0.9269  val_f1=0.8520  lr=1.57e-06
Running Validation...
Ep 462/500  total_loss=3.6008  tr_acc=0.9985  val_acc=0.8624  val_auroc=0.9259  val_f1=0.8434  lr=1.49e-06
Running Validation...
Ep 463/500  total_loss=3.6342  tr_acc=0.9970  val_acc=0.8624  val_auroc=0.9292  val_f1=0.8475  lr=1.41e-06
Running Validation...
Ep 464/500  total_loss=3.5844  tr_acc=1.0000  val_acc=0.8677  val_auroc=0.9264  val_f1=0.8477  lr=1.34e-06
Running Validation...
Ep 465/500  total_loss=3.6367  tr_acc=0.9962  val_acc=0.8624  val_auroc=0.9274  val_f1=0.8434  lr=1.26e-06
Running Validation...
Ep 466/500  total_loss=3.6184  tr_acc=0.9970  val_acc=0.8730  val_auroc=0.9266  val_f1=0.8520  lr=1.19e-06
Running Validation...
Ep 467/500  total_loss=3.6176  tr_acc=0.9977  val_acc=0.8624  val_auroc=0.9273  val_f1=0.8434  lr=1.12e-06
Running Validation...
Ep 468/500  total_loss=3.6148  tr_acc=0.9977  val_acc=0.8624  val_auroc=0.9264  val_f1=0.8331  lr=1.06e-06
Running Validation...
Ep 469/500  total_loss=3.6332  tr_acc=0.9977  val_acc=0.8783  val_auroc=0.9252  val_f1=0.8563  lr=9.91e-07
Running Validation...
Ep 470/500  total_loss=3.5994  tr_acc=0.9992  val_acc=0.8783  val_auroc=0.9256  val_f1=0.8563  lr=9.29e-07
Running Validation...
Ep 471/500  total_loss=3.6018  tr_acc=0.9985  val_acc=0.8783  val_auroc=0.9254  val_f1=0.8563  lr=8.68e-07
Running Validation...
Ep 472/500  total_loss=3.6458  tr_acc=0.9962  val_acc=0.8783  val_auroc=0.9237  val_f1=0.8548  lr=8.50e-07
Running Validation...
Ep 473/500  total_loss=3.6019  tr_acc=0.9985  val_acc=0.8836  val_auroc=0.9266  val_f1=0.8646  lr=8.50e-07
Running Validation...
Ep 474/500  total_loss=3.6390  tr_acc=0.9962  val_acc=0.8783  val_auroc=0.9246  val_f1=0.8563  lr=8.50e-07
Running Validation...
Ep 475/500  total_loss=3.6030  tr_acc=0.9985  val_acc=0.8783  val_auroc=0.9264  val_f1=0.8563  lr=8.50e-07
Running Validation...
Ep 476/500  total_loss=3.6006  tr_acc=0.9992  val_acc=0.8730  val_auroc=0.9272  val_f1=0.8520  lr=8.50e-07
Running Validation...
Ep 477/500  total_loss=3.6200  tr_acc=0.9977  val_acc=0.8836  val_auroc=0.9238  val_f1=0.8646  lr=8.50e-07
Running Validation...
Ep 478/500  total_loss=3.6089  tr_acc=0.9977  val_acc=0.8730  val_auroc=0.9275  val_f1=0.8520  lr=8.50e-07
Running Validation...
Ep 479/500  total_loss=3.5841  tr_acc=1.0000  val_acc=0.8783  val_auroc=0.9258  val_f1=0.8563  lr=8.50e-07
Running Validation...
Ep 480/500  total_loss=3.6378  tr_acc=0.9954  val_acc=0.8783  val_auroc=0.9259  val_f1=0.8563  lr=8.50e-07
Running Validation...
Ep 481/500  total_loss=3.6116  tr_acc=0.9977  val_acc=0.8783  val_auroc=0.9267  val_f1=0.8563  lr=8.50e-07
Running Validation...
Ep 482/500  total_loss=3.6185  tr_acc=0.9977  val_acc=0.8677  val_auroc=0.9273  val_f1=0.8477  lr=8.50e-07
Running Validation...
Ep 483/500  total_loss=3.5848  tr_acc=1.0000  val_acc=0.8730  val_auroc=0.9278  val_f1=0.8520  lr=8.50e-07
Running Validation...
Ep 484/500  total_loss=3.6154  tr_acc=0.9970  val_acc=0.8783  val_auroc=0.9257  val_f1=0.8563  lr=8.50e-07
Running Validation...
Ep 485/500  total_loss=3.6489  tr_acc=0.9962  val_acc=0.8783  val_auroc=0.9262  val_f1=0.8563  lr=8.50e-07
Running Validation...
Ep 486/500  total_loss=3.5846  tr_acc=1.0000  val_acc=0.8730  val_auroc=0.9279  val_f1=0.8520  lr=8.50e-07
Running Validation...
Ep 487/500  total_loss=3.6609  tr_acc=0.9954  val_acc=0.8783  val_auroc=0.9241  val_f1=0.8509  lr=8.50e-07
Running Validation...
Ep 488/500  total_loss=3.6635  tr_acc=0.9954  val_acc=0.8783  val_auroc=0.9248  val_f1=0.8524  lr=8.50e-07
Running Validation...
Ep 489/500  total_loss=3.6265  tr_acc=0.9977  val_acc=0.8783  val_auroc=0.9268  val_f1=0.8563  lr=8.50e-07
Running Validation...
Ep 490/500  total_loss=3.5996  tr_acc=0.9992  val_acc=0.8783  val_auroc=0.9272  val_f1=0.8563  lr=8.50e-07
Running Validation...
Ep 491/500  total_loss=3.6011  tr_acc=0.9992  val_acc=0.8783  val_auroc=0.9280  val_f1=0.8563  lr=8.50e-07
Running Validation...
Ep 492/500  total_loss=3.6027  tr_acc=0.9985  val_acc=0.8783  val_auroc=0.9269  val_f1=0.8563  lr=8.50e-07
Running Validation...
Ep 493/500  total_loss=3.6021  tr_acc=0.9992  val_acc=0.8783  val_auroc=0.9277  val_f1=0.8563  lr=8.50e-07
Running Validation...
Ep 494/500  total_loss=3.6082  tr_acc=0.9977  val_acc=0.8836  val_auroc=0.9269  val_f1=0.8646  lr=8.50e-07
Running Validation...
Ep 495/500  total_loss=3.6331  tr_acc=0.9962  val_acc=0.8836  val_auroc=0.9253  val_f1=0.8646  lr=8.50e-07
Running Validation...
Ep 496/500  total_loss=3.5843  tr_acc=1.0000  val_acc=0.8783  val_auroc=0.9286  val_f1=0.8563  lr=8.50e-07
Running Validation...
Ep 497/500  total_loss=3.6328  tr_acc=0.9977  val_acc=0.8836  val_auroc=0.9287  val_f1=0.8646  lr=8.50e-07
Running Validation...
Ep 498/500  total_loss=3.5973  tr_acc=0.9992  val_acc=0.8730  val_auroc=0.9281  val_f1=0.8520  lr=8.50e-07
Running Validation...
Ep 499/500  total_loss=3.5993  tr_acc=0.9992  val_acc=0.8783  val_auroc=0.9241  val_f1=0.8563  lr=8.50e-07
Running Validation...
Ep 500/500  total_loss=3.5841  tr_acc=1.0000  val_acc=0.8836  val_auroc=0.9256  val_f1=0.8646  lr=8.50e-07
Training complete. Best AUROC: 0.9556, Best F1: 0.8920
Loaded best model from best_f1_model.pt (epoch 234)
Running Validation (final)...

Binary fairness (Validation):
  Acc_light: 0.9130  (FST I–III)
  Acc_dark : 0.7333  (FST IV–VI)
  DP_diff  : 0.0911
  EOpp0    : 0.3969
  EOpp1    : 0.1612
  EOdd     : 0.2790
  Acc_gap  : 0.1797
Running Test...

[DisCo ViT] Test KNN (k=5) accuracy: 0.9362

Binary fairness (Test):
  Acc_light: 0.9397  (FST I–III)
  Acc_dark : 0.8627  (FST IV–VI)
  Acc_gap  : 0.0769
  DP_diff  : 0.1490
  EOpp0    : 0.2677
  EOpp1    : 0.1160
  EOdd     : 0.1919

Evaluating on fitzpatrick17k
Running Cross-eval: fitzpatrick17k...

Binary fairness (fitzpatrick17k):
  Acc_light: 0.5857  (FST I–III)
  Acc_dark : 0.5389  (FST IV–VI)
  Acc_gap  : 0.0468
  DP_diff  : 0.0145
  EOpp0    : 0.0311
  EOpp1    : 0.0372
  EOdd     : 0.0341

Evaluating on padufes20
Running Cross-eval: padufes20...

Binary fairness (padufes20):
  Acc_light: 0.8860  (FST I–III)
  Acc_dark : 0.7381  (FST IV–VI)
  Acc_gap  : 0.1479
  DP_diff  : 0.1406
  EOpp0    : 0.0798
  EOpp1    : 0.0618
  EOdd     : 0.0708

Evaluating on isic2019
Running Cross-eval: isic2019...

Binary fairness (isic2019):
  Acc_light: nan  (FST I–III)
  Acc_dark : nan  (FST IV–VI)
  Acc_gap  : nan
  DP_diff  : nan
  EOpp0    : nan
  EOpp1    : nan
  EOdd     : nan

Cross-dataset summary:
                 accuracy     auroc  precision  ...       EOM       PQD       DPM
fitzpatrick17k  0.573827  0.776329   0.598178  ...  0.569850  0.727273  0.490707
padufes20       0.783523  0.834376   0.622790  ...  0.388889  0.563116  0.262332
isic2019        0.756045  0.833540   0.701082  ...       NaN       NaN       NaN

[3 rows x 10 columns]

All results saved to outputs_DisCo_vit/results_DisCo_vit
Checkpoints saved to outputs_DisCo_vit/checkpoints_DisCo_vit
=========================================
Finished: Wed Jun 24 08:07:19 PM CEST 2026
Exit code: 0

[DONE] Training completed successfully.
Outputs:
  Checkpoints → 20260623-process/outputs_DisCo_vit/checkpoints/
  Results     → 20260623-process/outputs_DisCo_vit/results/
  CSVs        → 20260623-process/outputs_DisCo_vit/csvs/
