=========================================
Job:       train_RESM_resnet18  (412727)
Node:      bigpu01
Started:   Tue May 26 10:28:33 AM CEST 2026
=========================================
[INFO] No HF token found at /users/jlacmou/.hf_token — downloads may be slow.
[INFO] No kaggle.json found in process_RESM_resnet18. Relying on ~/.kaggle/ or env vars.
[SETUP] Creating virtual environment...
[SETUP] Installing / verifying Python dependencies...

── GPU info ──────────────────────────────
Tesla V100-PCIE-32GB, 32768 MiB, 575.57.08
PyTorch : 2.12.0+cu126
CUDA    : 12.6
Devices : 1
GPU 0   : Tesla V100-PCIE-32GB
VRAM    : 34.1 GB
──────────────────────────────────────────

[CHECK] Validating dataset roots...
  [MISSING] process_RESM_resnet18/data/datasets/asosenge/hibaskinlesionsdataset-main  ← Attempting to download via Kaggle CLI...
Dataset URL: https://www.kaggle.com/datasets/asosenge/hibaskinlesionsdataset-main
License(s): other
Downloading hibaskinlesionsdataset-main.zip to process_RESM_resnet18/data/datasets/asosenge/hibaskinlesionsdataset-main

  [DOWNLOADED] process_RESM_resnet18/data/datasets/asosenge/hibaskinlesionsdataset-main
  [MISSING] process_RESM_resnet18/data/datasets/asosenge/fitzpatrick17k  ← Attempting to download via Kaggle CLI...
Dataset URL: https://www.kaggle.com/datasets/asosenge/fitzpatrick17k
License(s): other
Downloading fitzpatrick17k.zip to process_RESM_resnet18/data/datasets/asosenge/fitzpatrick17k

  [DOWNLOADED] process_RESM_resnet18/data/datasets/asosenge/fitzpatrick17k
  [MISSING] process_RESM_resnet18/data/datasets/asosenge/ham10000  ← Attempting to download via Kaggle CLI...
Dataset URL: https://www.kaggle.com/datasets/asosenge/ham10000
License(s): Attribution-NonCommercial 4.0 International (CC BY-NC 4.0)
Downloading ham10000.zip to process_RESM_resnet18/data/datasets/asosenge/ham10000

  [DOWNLOADED] process_RESM_resnet18/data/datasets/asosenge/ham10000
  [MISSING] process_RESM_resnet18/data/datasets/asosenge/derm7pt  ← Attempting to download via Kaggle CLI...
Dataset URL: https://www.kaggle.com/datasets/asosenge/derm7pt
License(s): other
Downloading derm7pt.zip to process_RESM_resnet18/data/datasets/asosenge/derm7pt

  [DOWNLOADED] process_RESM_resnet18/data/datasets/asosenge/derm7pt
  [MISSING] process_RESM_resnet18/data/datasets/mahdavi1202/skin-cancer  ← Attempting to download via Kaggle CLI...
Dataset URL: https://www.kaggle.com/datasets/mahdavi1202/skin-cancer
License(s): Attribution 4.0 International (CC BY 4.0)
Downloading skin-cancer.zip to process_RESM_resnet18/data/datasets/mahdavi1202/skin-cancer

  [DOWNLOADED] process_RESM_resnet18/data/datasets/mahdavi1202/skin-cancer
  [MISSING] process_RESM_resnet18/data/datasets/sengenjih/isic2019  ← Attempting to download via Kaggle CLI...
Dataset URL: https://www.kaggle.com/datasets/sengenjih/isic2019
License(s): Attribution-NonCommercial 4.0 International (CC BY-NC 4.0)
Downloading isic2019.zip to process_RESM_resnet18/data/datasets/sengenjih/isic2019

  [DOWNLOADED] process_RESM_resnet18/data/datasets/sengenjih/isic2019

[CONVERT] Converting notebook to Python script...
[PATCH] Redirecting Kaggle paths → cluster paths...
  DATA_ROOT  → process_RESM_resnet18/data/datasets
  WORK_ROOT  → process_RESM_resnet18/outputs
  BB_CACHE   → process_RESM_resnet18/backbone_cache
  Patch applied successfully.

[RUN] Starting training — Tue May 26 10:47:34 AM CEST 2026
=========================================
Device: cuda
CSV dir      : outputs/csvs
Checkpoints  : outputs/checkpoints_RESM_resnet18
Results      : outputs/results_RESM_resnet18
Image roots:
  hiba           : process_RESM_resnet18/data/datasets/asosenge/hibaskinlesionsdataset-main/HIBASkinLesionsDataset-main/images
  fitzpatrick17k : process_RESM_resnet18/data/datasets/asosenge/fitzpatrick17k/fitzpatrick17k/data/finalfitz17k
  ham10000       : process_RESM_resnet18/data/datasets/asosenge/ham10000/HAM10000
  derm7pt        : process_RESM_resnet18/data/datasets/asosenge/derm7pt/release_v0/images
  padufes20      : process_RESM_resnet18/data/datasets/mahdavi1202/skin-cancer
  isic2019       : process_RESM_resnet18/data/datasets/sengenjih/isic2019
[INFO] Built image map for hiba: 1616 entries
[INFO] Built image map for fitzpatrick17k: 16577 entries
[INFO] Built image map for ham10000: 20030 entries
[INFO] Built image map for derm7pt: 2013 entries
[INFO] Built image map for padufes20: 2298 entries
[INFO] Built image map for isic2019: 33569 entries
[INFO] Loaded derm7pt paired eval set: 869 samples
[INFO] Loaded padufes20 unpaired eval set: 2063 samples
[INFO] Loaded isic2019 unpaired eval set: 27551 samples
Train batches: 273, Val batches: 59
Test batches: 59
Cross-eval loaders: ['derm7pt', 'padufes20', 'isic2019']
Downloading: "https://download.pytorch.org/models/resnet18-f37072fd.pth" to process_RESM_resnet18/backbone_cache/hub/checkpoints/resnet18-f37072fd.pth
Running Validation...
Ep   1/500  loss=1.8202  tr_acc=0.2199  val_acc=0.2453  val_auroc=0.6686  val_f1=0.1276  lr=1.70e-06
Running Validation...
Ep   2/500  loss=1.5713  tr_acc=0.3294  val_acc=0.5483  val_auroc=0.8064  val_f1=0.3021  lr=2.55e-06
Running Validation...
Ep   3/500  loss=1.3237  tr_acc=0.4455  val_acc=0.6939  val_auroc=0.8705  val_f1=0.4862  lr=3.40e-06
Running Validation...
Ep   4/500  loss=1.1262  tr_acc=0.5573  val_acc=0.7205  val_auroc=0.8903  val_f1=0.5495  lr=4.25e-06
Running Validation...
Ep   5/500  loss=0.9463  tr_acc=0.6456  val_acc=0.7227  val_auroc=0.9066  val_f1=0.5681  lr=5.10e-06
Running Validation...
Ep   6/500  loss=0.8383  tr_acc=0.6900  val_acc=0.7520  val_auroc=0.9173  val_f1=0.5960  lr=5.95e-06
Running Validation...
Ep   7/500  loss=0.7188  tr_acc=0.7381  val_acc=0.7387  val_auroc=0.9214  val_f1=0.5770  lr=6.80e-06
Running Validation...
Ep   8/500  loss=0.6325  tr_acc=0.7753  val_acc=0.7611  val_auroc=0.9245  val_f1=0.6134  lr=7.65e-06
Running Validation...
Ep   9/500  loss=0.5759  tr_acc=0.7928  val_acc=0.7664  val_auroc=0.9279  val_f1=0.6376  lr=8.50e-06
Running Validation...
Ep  10/500  loss=0.5218  tr_acc=0.8173  val_acc=0.7680  val_auroc=0.9347  val_f1=0.6424  lr=9.35e-06
Running Validation...
Ep  11/500  loss=0.4684  tr_acc=0.8381  val_acc=0.7573  val_auroc=0.9353  val_f1=0.6474  lr=1.02e-05
Running Validation...
Ep  12/500  loss=0.4269  tr_acc=0.8487  val_acc=0.7680  val_auroc=0.9335  val_f1=0.6539  lr=1.11e-05
Running Validation...
Ep  13/500  loss=0.3859  tr_acc=0.8648  val_acc=0.7813  val_auroc=0.9385  val_f1=0.6598  lr=1.19e-05
Running Validation...
Ep  14/500  loss=0.3561  tr_acc=0.8772  val_acc=0.7808  val_auroc=0.9345  val_f1=0.6523  lr=1.27e-05
Running Validation...
Ep  15/500  loss=0.3219  tr_acc=0.8871  val_acc=0.7808  val_auroc=0.9397  val_f1=0.6756  lr=1.36e-05
Running Validation...
Ep  16/500  loss=0.2858  tr_acc=0.9021  val_acc=0.7883  val_auroc=0.9429  val_f1=0.6634  lr=1.45e-05
Running Validation...
Ep  17/500  loss=0.2727  tr_acc=0.9048  val_acc=0.8043  val_auroc=0.9395  val_f1=0.6970  lr=1.53e-05
Running Validation...
Ep  18/500  loss=0.2518  tr_acc=0.9135  val_acc=0.7952  val_auroc=0.9346  val_f1=0.6645  lr=1.62e-05
Running Validation...
Ep  19/500  loss=0.2232  tr_acc=0.9241  val_acc=0.7792  val_auroc=0.9417  val_f1=0.6853  lr=1.70e-05
Running Validation...
Ep  20/500  loss=0.1988  tr_acc=0.9298  val_acc=0.7819  val_auroc=0.9388  val_f1=0.6778  lr=1.79e-05
Running Validation...
Ep  21/500  loss=0.1974  tr_acc=0.9335  val_acc=0.8043  val_auroc=0.9367  val_f1=0.6873  lr=1.87e-05
Running Validation...
Ep  22/500  loss=0.1759  tr_acc=0.9381  val_acc=0.8032  val_auroc=0.9444  val_f1=0.6928  lr=1.96e-05
Running Validation...
Ep  23/500  loss=0.1723  tr_acc=0.9409  val_acc=0.7909  val_auroc=0.9398  val_f1=0.6853  lr=2.04e-05
Running Validation...
Ep  24/500  loss=0.1640  tr_acc=0.9413  val_acc=0.7835  val_auroc=0.9365  val_f1=0.7118  lr=2.13e-05
Running Validation...
Ep  25/500  loss=0.1584  tr_acc=0.9453  val_acc=0.8155  val_auroc=0.9461  val_f1=0.7169  lr=2.21e-05
Running Validation...
Ep  26/500  loss=0.1468  tr_acc=0.9500  val_acc=0.7947  val_auroc=0.9362  val_f1=0.6782  lr=2.30e-05
Running Validation...
Ep  27/500  loss=0.1400  tr_acc=0.9501  val_acc=0.8139  val_auroc=0.9448  val_f1=0.7160  lr=2.38e-05
Running Validation...
Ep  28/500  loss=0.1297  tr_acc=0.9531  val_acc=0.8107  val_auroc=0.9422  val_f1=0.7153  lr=2.46e-05
Running Validation...
Ep  29/500  loss=0.1249  tr_acc=0.9541  val_acc=0.7915  val_auroc=0.9384  val_f1=0.6958  lr=2.55e-05
Running Validation...
Ep  30/500  loss=0.1210  tr_acc=0.9581  val_acc=0.8021  val_auroc=0.9388  val_f1=0.7105  lr=2.64e-05
Running Validation...
Ep  31/500  loss=0.1178  tr_acc=0.9583  val_acc=0.8000  val_auroc=0.9363  val_f1=0.7203  lr=2.72e-05
Running Validation...
Ep  32/500  loss=0.1133  tr_acc=0.9602  val_acc=0.7963  val_auroc=0.9368  val_f1=0.7097  lr=2.81e-05
Running Validation...
Ep  33/500  loss=0.1083  tr_acc=0.9627  val_acc=0.8064  val_auroc=0.9460  val_f1=0.7306  lr=2.89e-05
Running Validation...
Ep  34/500  loss=0.1090  tr_acc=0.9615  val_acc=0.8203  val_auroc=0.9386  val_f1=0.7204  lr=2.98e-05
Running Validation...
Ep  35/500  loss=0.1015  tr_acc=0.9626  val_acc=0.7845  val_auroc=0.9349  val_f1=0.7062  lr=3.06e-05
Running Validation...
Ep  36/500  loss=0.1065  tr_acc=0.9634  val_acc=0.7904  val_auroc=0.9488  val_f1=0.7158  lr=3.14e-05
Running Validation...
Ep  37/500  loss=0.1046  tr_acc=0.9637  val_acc=0.7808  val_auroc=0.9323  val_f1=0.6968  lr=3.23e-05
Running Validation...
Ep  38/500  loss=0.0994  tr_acc=0.9660  val_acc=0.7867  val_auroc=0.9379  val_f1=0.6991  lr=3.32e-05
Running Validation...
Ep  39/500  loss=0.0973  tr_acc=0.9642  val_acc=0.8117  val_auroc=0.9389  val_f1=0.7062  lr=3.40e-05
Running Validation...
Ep  40/500  loss=0.0924  tr_acc=0.9693  val_acc=0.8112  val_auroc=0.9401  val_f1=0.6906  lr=3.49e-05
Running Validation...
Ep  41/500  loss=0.0924  tr_acc=0.9686  val_acc=0.7787  val_auroc=0.9375  val_f1=0.7030  lr=3.57e-05
Running Validation...
Ep  42/500  loss=0.0774  tr_acc=0.9721  val_acc=0.8032  val_auroc=0.9450  val_f1=0.7267  lr=3.66e-05
Running Validation...
Ep  43/500  loss=0.0899  tr_acc=0.9699  val_acc=0.8187  val_auroc=0.9390  val_f1=0.7245  lr=3.74e-05
Running Validation...
Ep  44/500  loss=0.0862  tr_acc=0.9702  val_acc=0.8080  val_auroc=0.9353  val_f1=0.7178  lr=3.83e-05
Running Validation...
Ep  45/500  loss=0.0887  tr_acc=0.9702  val_acc=0.8405  val_auroc=0.9488  val_f1=0.7661  lr=3.91e-05
Running Validation...
Ep  46/500  loss=0.0808  tr_acc=0.9730  val_acc=0.8016  val_auroc=0.9435  val_f1=0.7136  lr=4.00e-05
Running Validation...
Ep  47/500  loss=0.0755  tr_acc=0.9728  val_acc=0.8235  val_auroc=0.9488  val_f1=0.7075  lr=4.08e-05
Running Validation...
Ep  48/500  loss=0.0730  tr_acc=0.9760  val_acc=0.8005  val_auroc=0.9429  val_f1=0.7157  lr=4.17e-05
Running Validation...
Ep  49/500  loss=0.0723  tr_acc=0.9753  val_acc=0.8043  val_auroc=0.9418  val_f1=0.7262  lr=4.25e-05
Running Validation...
Ep  50/500  loss=0.0767  tr_acc=0.9761  val_acc=0.8043  val_auroc=0.9236  val_f1=0.7134  lr=4.34e-05
Running Validation...
Ep  51/500  loss=0.0766  tr_acc=0.9755  val_acc=0.8133  val_auroc=0.9370  val_f1=0.7037  lr=4.42e-05
Running Validation...
Ep  52/500  loss=0.0746  tr_acc=0.9740  val_acc=0.8165  val_auroc=0.9500  val_f1=0.7077  lr=4.51e-05
Running Validation...
Ep  53/500  loss=0.0733  tr_acc=0.9757  val_acc=0.8245  val_auroc=0.9390  val_f1=0.7149  lr=4.59e-05
Running Validation...
Ep  54/500  loss=0.0688  tr_acc=0.9755  val_acc=0.8272  val_auroc=0.9391  val_f1=0.7426  lr=4.68e-05
Running Validation...
Ep  55/500  loss=0.0728  tr_acc=0.9761  val_acc=0.8064  val_auroc=0.9361  val_f1=0.7128  lr=4.76e-05
Running Validation...
Ep  56/500  loss=0.0689  tr_acc=0.9779  val_acc=0.8187  val_auroc=0.9420  val_f1=0.7187  lr=4.84e-05
Running Validation...
Ep  57/500  loss=0.0731  tr_acc=0.9758  val_acc=0.7925  val_auroc=0.9373  val_f1=0.6926  lr=4.93e-05
Running Validation...
Ep  58/500  loss=0.0719  tr_acc=0.9765  val_acc=0.8261  val_auroc=0.9469  val_f1=0.7205  lr=5.01e-05
Running Validation...
Ep  59/500  loss=0.0597  tr_acc=0.9807  val_acc=0.8043  val_auroc=0.9385  val_f1=0.7366  lr=5.10e-05
Running Validation...
Ep  60/500  loss=0.0662  tr_acc=0.9799  val_acc=0.8144  val_auroc=0.9309  val_f1=0.7090  lr=5.18e-05
Running Validation...
Ep  61/500  loss=0.0722  tr_acc=0.9776  val_acc=0.7504  val_auroc=0.9334  val_f1=0.6719  lr=5.27e-05
Running Validation...
Ep  62/500  loss=0.0689  tr_acc=0.9770  val_acc=0.8261  val_auroc=0.9385  val_f1=0.7240  lr=5.36e-05
Running Validation...
Ep  63/500  loss=0.0690  tr_acc=0.9769  val_acc=0.7707  val_auroc=0.9251  val_f1=0.6760  lr=5.44e-05
Running Validation...
Ep  64/500  loss=0.0692  tr_acc=0.9780  val_acc=0.8059  val_auroc=0.9389  val_f1=0.6914  lr=5.53e-05
Running Validation...
Ep  65/500  loss=0.0774  tr_acc=0.9749  val_acc=0.7701  val_auroc=0.9414  val_f1=0.7184  lr=5.61e-05
Running Validation...
Ep  66/500  loss=0.0604  tr_acc=0.9802  val_acc=0.8256  val_auroc=0.9437  val_f1=0.7370  lr=5.70e-05
Running Validation...
Ep  67/500  loss=0.0571  tr_acc=0.9817  val_acc=0.8272  val_auroc=0.9513  val_f1=0.7189  lr=5.78e-05
Running Validation...
Ep  68/500  loss=0.0654  tr_acc=0.9791  val_acc=0.8400  val_auroc=0.9507  val_f1=0.7376  lr=5.87e-05
Running Validation...
Ep  69/500  loss=0.0701  tr_acc=0.9778  val_acc=0.8144  val_auroc=0.9417  val_f1=0.7061  lr=5.95e-05
Running Validation...
Ep  70/500  loss=0.0639  tr_acc=0.9791  val_acc=0.8048  val_auroc=0.9397  val_f1=0.7238  lr=6.04e-05
Running Validation...
Ep  71/500  loss=0.0635  tr_acc=0.9801  val_acc=0.8219  val_auroc=0.9404  val_f1=0.7287  lr=6.12e-05
Running Validation...
Ep  72/500  loss=0.0641  tr_acc=0.9816  val_acc=0.8112  val_auroc=0.9311  val_f1=0.7120  lr=6.21e-05
Running Validation...
Ep  73/500  loss=0.0643  tr_acc=0.9801  val_acc=0.8107  val_auroc=0.9369  val_f1=0.6993  lr=6.29e-05
Running Validation...
Ep  74/500  loss=0.0689  tr_acc=0.9777  val_acc=0.7899  val_auroc=0.9396  val_f1=0.7136  lr=6.38e-05
Running Validation...
Ep  75/500  loss=0.0577  tr_acc=0.9835  val_acc=0.8085  val_auroc=0.9372  val_f1=0.7230  lr=6.46e-05
Running Validation...
Ep  76/500  loss=0.0578  tr_acc=0.9820  val_acc=0.8149  val_auroc=0.9293  val_f1=0.7088  lr=6.55e-05
Running Validation...
Ep  77/500  loss=0.0559  tr_acc=0.9817  val_acc=0.7909  val_auroc=0.9297  val_f1=0.6957  lr=6.63e-05
Running Validation...
Ep  78/500  loss=0.0614  tr_acc=0.9804  val_acc=0.7936  val_auroc=0.9188  val_f1=0.7209  lr=6.72e-05
Running Validation...
Ep  79/500  loss=0.0636  tr_acc=0.9796  val_acc=0.7696  val_auroc=0.9306  val_f1=0.6925  lr=6.80e-05
Running Validation...
Ep  80/500  loss=0.0693  tr_acc=0.9793  val_acc=0.8171  val_auroc=0.9450  val_f1=0.7383  lr=6.89e-05
Running Validation...
Ep  81/500  loss=0.0644  tr_acc=0.9792  val_acc=0.8133  val_auroc=0.9241  val_f1=0.7225  lr=6.97e-05
Running Validation...
Ep  82/500  loss=0.0643  tr_acc=0.9794  val_acc=0.8213  val_auroc=0.9427  val_f1=0.7425  lr=7.06e-05
Running Validation...
Ep  83/500  loss=0.0601  tr_acc=0.9824  val_acc=0.8043  val_auroc=0.9394  val_f1=0.7126  lr=7.14e-05
Running Validation...
Ep  84/500  loss=0.0576  tr_acc=0.9809  val_acc=0.8267  val_auroc=0.9365  val_f1=0.7404  lr=7.23e-05
Running Validation...
Ep  85/500  loss=0.0671  tr_acc=0.9813  val_acc=0.7936  val_auroc=0.9281  val_f1=0.6848  lr=7.31e-05
Running Validation...
Ep  86/500  loss=0.0599  tr_acc=0.9805  val_acc=0.8133  val_auroc=0.9378  val_f1=0.7237  lr=7.40e-05
Running Validation...
Ep  87/500  loss=0.0595  tr_acc=0.9810  val_acc=0.8101  val_auroc=0.9448  val_f1=0.7280  lr=7.48e-05
Running Validation...
Ep  88/500  loss=0.0568  tr_acc=0.9834  val_acc=0.8064  val_auroc=0.9411  val_f1=0.6992  lr=7.57e-05
Running Validation...
Ep  89/500  loss=0.0602  tr_acc=0.9811  val_acc=0.8171  val_auroc=0.9346  val_f1=0.7143  lr=7.65e-05
Running Validation...
Ep  90/500  loss=0.0531  tr_acc=0.9819  val_acc=0.8139  val_auroc=0.9447  val_f1=0.7124  lr=7.74e-05
Running Validation...
Ep  91/500  loss=0.0592  tr_acc=0.9807  val_acc=0.8176  val_auroc=0.9391  val_f1=0.7115  lr=7.82e-05
Running Validation...
Ep  92/500  loss=0.0634  tr_acc=0.9818  val_acc=0.8341  val_auroc=0.9438  val_f1=0.7516  lr=7.91e-05
Running Validation...
Ep  93/500  loss=0.0573  tr_acc=0.9819  val_acc=0.8075  val_auroc=0.9339  val_f1=0.7182  lr=7.99e-05
Running Validation...
Ep  94/500  loss=0.0600  tr_acc=0.9819  val_acc=0.8011  val_auroc=0.9352  val_f1=0.7204  lr=8.07e-05
Running Validation...
Ep  95/500  loss=0.0568  tr_acc=0.9826  val_acc=0.8229  val_auroc=0.9424  val_f1=0.7171  lr=8.16e-05
Running Validation...
Ep  96/500  loss=0.0671  tr_acc=0.9812  val_acc=0.8165  val_auroc=0.9442  val_f1=0.7423  lr=8.24e-05
Running Validation...
Ep  97/500  loss=0.0627  tr_acc=0.9820  val_acc=0.8256  val_auroc=0.9389  val_f1=0.7246  lr=8.33e-05
Running Validation...
Ep  98/500  loss=0.0655  tr_acc=0.9791  val_acc=0.8325  val_auroc=0.9389  val_f1=0.7482  lr=8.41e-05
Running Validation...
Ep  99/500  loss=0.0646  tr_acc=0.9800  val_acc=0.8219  val_auroc=0.9428  val_f1=0.7188  lr=8.50e-05
Running Validation...
Ep 100/500  loss=0.0583  tr_acc=0.9819  val_acc=0.8160  val_auroc=0.9374  val_f1=0.7352  lr=8.50e-05
Running Validation...
Ep 101/500  loss=0.0596  tr_acc=0.9805  val_acc=0.7829  val_auroc=0.9268  val_f1=0.6776  lr=8.50e-05
Running Validation...
Ep 102/500  loss=0.0559  tr_acc=0.9823  val_acc=0.8288  val_auroc=0.9426  val_f1=0.7316  lr=8.50e-05
Running Validation...
Ep 103/500  loss=0.0526  tr_acc=0.9831  val_acc=0.8053  val_auroc=0.9297  val_f1=0.7125  lr=8.50e-05
Running Validation...
Ep 104/500  loss=0.0587  tr_acc=0.9815  val_acc=0.8277  val_auroc=0.9411  val_f1=0.7391  lr=8.50e-05
Running Validation...
Ep 105/500  loss=0.0581  tr_acc=0.9826  val_acc=0.8000  val_auroc=0.9242  val_f1=0.7005  lr=8.50e-05
Running Validation...
Ep 106/500  loss=0.0537  tr_acc=0.9834  val_acc=0.8437  val_auroc=0.9464  val_f1=0.7660  lr=8.50e-05
Running Validation...
Ep 107/500  loss=0.0527  tr_acc=0.9837  val_acc=0.8368  val_auroc=0.9429  val_f1=0.7463  lr=8.49e-05
Running Validation...
Ep 108/500  loss=0.0613  tr_acc=0.9823  val_acc=0.8373  val_auroc=0.9451  val_f1=0.7456  lr=8.49e-05
Running Validation...
Ep 109/500  loss=0.0606  tr_acc=0.9820  val_acc=0.8245  val_auroc=0.9337  val_f1=0.7087  lr=8.49e-05
Running Validation...
Ep 110/500  loss=0.0490  tr_acc=0.9851  val_acc=0.8197  val_auroc=0.9413  val_f1=0.7235  lr=8.49e-05
Running Validation...
Ep 111/500  loss=0.0470  tr_acc=0.9856  val_acc=0.8085  val_auroc=0.9228  val_f1=0.7231  lr=8.48e-05
Running Validation...
Ep 112/500  loss=0.0521  tr_acc=0.9836  val_acc=0.8112  val_auroc=0.9331  val_f1=0.7084  lr=8.48e-05
Running Validation...
Ep 113/500  loss=0.0565  tr_acc=0.9827  val_acc=0.8069  val_auroc=0.9335  val_f1=0.7052  lr=8.48e-05
Running Validation...
Ep 114/500  loss=0.0489  tr_acc=0.9841  val_acc=0.8011  val_auroc=0.9334  val_f1=0.7019  lr=8.47e-05
Running Validation...
Ep 115/500  loss=0.0528  tr_acc=0.9842  val_acc=0.8096  val_auroc=0.9313  val_f1=0.7155  lr=8.47e-05
Running Validation...
Ep 116/500  loss=0.0410  tr_acc=0.9874  val_acc=0.8224  val_auroc=0.9427  val_f1=0.7118  lr=8.47e-05
Running Validation...
Ep 117/500  loss=0.0443  tr_acc=0.9861  val_acc=0.8171  val_auroc=0.9303  val_f1=0.7273  lr=8.46e-05
Running Validation...
Ep 118/500  loss=0.0389  tr_acc=0.9878  val_acc=0.8091  val_auroc=0.9425  val_f1=0.7313  lr=8.46e-05
Running Validation...
Ep 119/500  loss=0.0522  tr_acc=0.9848  val_acc=0.8245  val_auroc=0.9421  val_f1=0.7321  lr=8.45e-05
Running Validation...
Ep 120/500  loss=0.0459  tr_acc=0.9861  val_acc=0.8112  val_auroc=0.9374  val_f1=0.7100  lr=8.45e-05
Running Validation...
Ep 121/500  loss=0.0503  tr_acc=0.9840  val_acc=0.8288  val_auroc=0.9338  val_f1=0.7371  lr=8.44e-05
Running Validation...
Ep 122/500  loss=0.0481  tr_acc=0.9875  val_acc=0.8053  val_auroc=0.9355  val_f1=0.7186  lr=8.44e-05
Running Validation...
Ep 123/500  loss=0.0536  tr_acc=0.9837  val_acc=0.8347  val_auroc=0.9391  val_f1=0.7360  lr=8.43e-05
Running Validation...
Ep 124/500  loss=0.0483  tr_acc=0.9839  val_acc=0.8427  val_auroc=0.9349  val_f1=0.7540  lr=8.42e-05
Running Validation...
Ep 125/500  loss=0.0460  tr_acc=0.9858  val_acc=0.8336  val_auroc=0.9440  val_f1=0.7388  lr=8.42e-05
Running Validation...
Ep 126/500  loss=0.0450  tr_acc=0.9841  val_acc=0.8432  val_auroc=0.9432  val_f1=0.7576  lr=8.41e-05
Running Validation...
Ep 127/500  loss=0.0428  tr_acc=0.9857  val_acc=0.8139  val_auroc=0.9326  val_f1=0.7239  lr=8.40e-05
Running Validation...
Ep 128/500  loss=0.0370  tr_acc=0.9884  val_acc=0.8283  val_auroc=0.9355  val_f1=0.7356  lr=8.40e-05
Running Validation...
Ep 129/500  loss=0.0473  tr_acc=0.9865  val_acc=0.8288  val_auroc=0.9454  val_f1=0.7423  lr=8.39e-05
Running Validation...
Ep 130/500  loss=0.0492  tr_acc=0.9855  val_acc=0.8325  val_auroc=0.9476  val_f1=0.7385  lr=8.38e-05
Running Validation...
Ep 131/500  loss=0.0409  tr_acc=0.9880  val_acc=0.8107  val_auroc=0.9418  val_f1=0.7162  lr=8.37e-05
Running Validation...
Ep 132/500  loss=0.0360  tr_acc=0.9899  val_acc=0.8267  val_auroc=0.9389  val_f1=0.7354  lr=8.37e-05
Running Validation...
Ep 133/500  loss=0.0359  tr_acc=0.9891  val_acc=0.8443  val_auroc=0.9501  val_f1=0.7583  lr=8.36e-05
Running Validation...
Ep 134/500  loss=0.0417  tr_acc=0.9873  val_acc=0.8208  val_auroc=0.9290  val_f1=0.7228  lr=8.35e-05
Running Validation...
Ep 135/500  loss=0.0402  tr_acc=0.9859  val_acc=0.8411  val_auroc=0.9436  val_f1=0.7532  lr=8.34e-05
Running Validation...
Ep 136/500  loss=0.0320  tr_acc=0.9898  val_acc=0.8384  val_auroc=0.9452  val_f1=0.7563  lr=8.33e-05
Running Validation...
Ep 137/500  loss=0.0434  tr_acc=0.9871  val_acc=0.8224  val_auroc=0.9414  val_f1=0.7465  lr=8.32e-05
Running Validation...
Ep 138/500  loss=0.0431  tr_acc=0.9871  val_acc=0.8213  val_auroc=0.9424  val_f1=0.7319  lr=8.31e-05
Running Validation...
Ep 139/500  loss=0.0359  tr_acc=0.9898  val_acc=0.8277  val_auroc=0.9471  val_f1=0.7504  lr=8.30e-05
Running Validation...
Ep 140/500  loss=0.0389  tr_acc=0.9890  val_acc=0.8187  val_auroc=0.9383  val_f1=0.7212  lr=8.29e-05
Running Validation...
Ep 141/500  loss=0.0350  tr_acc=0.9887  val_acc=0.8224  val_auroc=0.9306  val_f1=0.7375  lr=8.28e-05
Running Validation...
Ep 142/500  loss=0.0396  tr_acc=0.9886  val_acc=0.8309  val_auroc=0.9485  val_f1=0.7481  lr=8.27e-05
Running Validation...
Ep 143/500  loss=0.0313  tr_acc=0.9897  val_acc=0.8101  val_auroc=0.9399  val_f1=0.7261  lr=8.26e-05
Running Validation...
Ep 144/500  loss=0.0349  tr_acc=0.9891  val_acc=0.8432  val_auroc=0.9467  val_f1=0.7669  lr=8.25e-05
Running Validation...
Ep 145/500  loss=0.0403  tr_acc=0.9880  val_acc=0.7963  val_auroc=0.9187  val_f1=0.7177  lr=8.24e-05
Running Validation...
Ep 146/500  loss=0.0336  tr_acc=0.9880  val_acc=0.8251  val_auroc=0.9295  val_f1=0.7394  lr=8.23e-05
Running Validation...
Ep 147/500  loss=0.0359  tr_acc=0.9882  val_acc=0.8416  val_auroc=0.9463  val_f1=0.7614  lr=8.21e-05
Running Validation...
Ep 148/500  loss=0.0375  tr_acc=0.9896  val_acc=0.8309  val_auroc=0.9364  val_f1=0.7309  lr=8.20e-05
Running Validation...
Ep 149/500  loss=0.0271  tr_acc=0.9906  val_acc=0.8352  val_auroc=0.9419  val_f1=0.7490  lr=8.19e-05
Running Validation...
Ep 150/500  loss=0.0364  tr_acc=0.9899  val_acc=0.8288  val_auroc=0.9264  val_f1=0.7295  lr=8.18e-05
Running Validation...
Ep 151/500  loss=0.0291  tr_acc=0.9899  val_acc=0.8075  val_auroc=0.9306  val_f1=0.7412  lr=8.16e-05
Running Validation...
Ep 152/500  loss=0.0399  tr_acc=0.9875  val_acc=0.8389  val_auroc=0.9409  val_f1=0.7546  lr=8.15e-05
Running Validation...
Ep 153/500  loss=0.0381  tr_acc=0.9898  val_acc=0.8277  val_auroc=0.9396  val_f1=0.7410  lr=8.14e-05
Running Validation...
Ep 154/500  loss=0.0315  tr_acc=0.9904  val_acc=0.8144  val_auroc=0.9283  val_f1=0.7271  lr=8.12e-05
