=========================================
Job:       train_DisCo_resnet18  (449193)
Node:      bigpu03
Started:   Wed Jun 24 12:28:29 PM CEST 2026
=========================================
[INFO] No HF token found at /users/jlacmou/.hf_token — downloads may be slow.
[INFO] No kaggle.json found in 20260623-process. Relying on ~/.kaggle/ or env vars.
[SETUP] Installing / verifying Python dependencies...

── GPU info ──────────────────────────────
Tesla V100-PCIE-32GB, 32768 MiB, 575.57.08
PyTorch : 2.12.1+cu126
CUDA    : 12.6
Devices : 1
GPU 0   : Tesla V100-PCIE-32GB
VRAM    : 34.1 GB
──────────────────────────────────────────

[CHECK] Validating dataset roots...
  [OK]      20260623-process/data/datasets/asosenge/hibaskinlesionsdataset-main
  [OK]      20260623-process/data/datasets/asosenge/fitzpatrick17k
  [OK]      20260623-process/data/datasets/asosenge/derm7pt
  [OK]      20260623-process/data/datasets/mahdavi1202/skin-cancer
  [OK]      20260623-process/data/datasets/sengenjih/isic2019

[CONVERT] Converting notebook to Python script...
[PATCH] Redirecting Kaggle paths → cluster paths...
  DATA_ROOT  → 20260623-process/data/datasets
  WORK_ROOT  → 20260623-process/outputs_DisCo_resnet18
  BB_CACHE   → 20260623-process/backbone_cache
  Patch applied successfully.

[RUN] Starting training — Wed Jun 24 12:28:35 PM CEST 2026
=========================================
Device: cuda
Checking configured paths:
  WORK_ROOT : outputs_DisCo_resnet18  [OK]
  CSV_DIR   : outputs_DisCo_resnet18/csvs  [OK]
  hiba           : 20260623-process/data/datasets/asosenge/hibaskinlesionsdataset-main/HIBASkinLesionsDataset-main/images  [OK]
  fitzpatrick17k : 20260623-process/data/datasets/asosenge/fitzpatrick17k/fitzpatrick17k/data/finalfitz17k  [OK]
  derm7pt        : 20260623-process/data/datasets/asosenge/derm7pt/release_v0/images  [OK]
  padufes20      : 20260623-process/data/datasets/mahdavi1202/skin-cancer  [OK]
  isic2019       : 20260623-process/data/datasets/sengenjih/isic2019  [OK]
CSV dir      : outputs_DisCo_resnet18/csvs
Checkpoints  : outputs_DisCo_resnet18/checkpoints_DisCo_resnet18
Results      : outputs_DisCo_resnet18/results_DisCo_resnet18
Image roots:
  hiba           : 20260623-process/data/datasets/asosenge/hibaskinlesionsdataset-main/HIBASkinLesionsDataset-main/images
  fitzpatrick17k : 20260623-process/data/datasets/asosenge/fitzpatrick17k/fitzpatrick17k/data/finalfitz17k
  derm7pt        : 20260623-process/data/datasets/asosenge/derm7pt/release_v0/images
  padufes20      : 20260623-process/data/datasets/mahdavi1202/skin-cancer
  isic2019       : 20260623-process/data/datasets/sengenjih/isic2019
[INFO] Built image map for hiba: 1616 entries
[INFO] Built image map for fitzpatrick17k: 16577 entries
[INFO] Built image map for derm7pt: 2013 entries
[INFO] Built image map for padufes20: 2298 entries
[INFO] Built image map for isic2019: 33569 entries
[INFO] paired_train: loaded 738 ID-matched pairs from split clin/derm CSVs
[INFO] paired_val: loaded 106 ID-matched pairs from split clin/derm CSVs
[INFO] paired_test: loaded 211 ID-matched pairs from split clin/derm CSVs
[INFO] Loaded fitzpatrick17k eval set: 1727 samples
[INFO] Loaded padufes20 eval set: 1141 samples
[INFO] Loaded isic2019 eval set: 25517 samples
Train batches: 41, Val batches: 6
Test batches: 33
Cross-eval loaders: ['fitzpatrick17k', 'padufes20', 'isic2019']
Running Validation...
Ep   1/500  total_loss=7.1778  tr_acc=0.3247  val_acc=0.1270  val_auroc=0.4721  val_f1=0.0762  lr=3.40e-06
Running Validation...
Ep   2/500  total_loss=7.1640  tr_acc=0.3415  val_acc=0.1429  val_auroc=0.5063  val_f1=0.0987  lr=5.10e-06
Running Validation...
Ep   3/500  total_loss=7.1187  tr_acc=0.3628  val_acc=0.1640  val_auroc=0.5462  val_f1=0.1188  lr=6.80e-06
Running Validation...
Ep   4/500  total_loss=7.0329  tr_acc=0.3720  val_acc=0.2487  val_auroc=0.6468  val_f1=0.2167  lr=8.50e-06
Running Validation...
Ep   5/500  total_loss=6.8930  tr_acc=0.4055  val_acc=0.3280  val_auroc=0.7388  val_f1=0.2741  lr=1.02e-05
Running Validation...
Ep   6/500  total_loss=6.7800  tr_acc=0.4916  val_acc=0.4974  val_auroc=0.8256  val_f1=0.4154  lr=1.19e-05
Running Validation...
Ep   7/500  total_loss=6.5691  tr_acc=0.5663  val_acc=0.5926  val_auroc=0.8551  val_f1=0.5197  lr=1.36e-05
Running Validation...
Ep   8/500  total_loss=6.5854  tr_acc=0.6189  val_acc=0.6720  val_auroc=0.8774  val_f1=0.6015  lr=1.53e-05
Running Validation...
Ep   9/500  total_loss=6.4075  tr_acc=0.7104  val_acc=0.7619  val_auroc=0.8970  val_f1=0.6994  lr=1.70e-05
Running Validation...
Ep  10/500  total_loss=6.2067  tr_acc=0.7691  val_acc=0.8095  val_auroc=0.9035  val_f1=0.7683  lr=1.87e-05
Running Validation...
Ep  11/500  total_loss=6.2460  tr_acc=0.7591  val_acc=0.8095  val_auroc=0.9113  val_f1=0.7740  lr=2.04e-05
Running Validation...
Ep  12/500  total_loss=5.9991  tr_acc=0.8064  val_acc=0.8042  val_auroc=0.9129  val_f1=0.7658  lr=2.21e-05
Running Validation...
Ep  13/500  total_loss=5.8918  tr_acc=0.8483  val_acc=0.8042  val_auroc=0.9196  val_f1=0.7658  lr=2.38e-05
Running Validation...
Ep  14/500  total_loss=5.7748  tr_acc=0.8620  val_acc=0.8466  val_auroc=0.9320  val_f1=0.8174  lr=2.55e-05
Running Validation...
Ep  15/500  total_loss=5.5951  tr_acc=0.8872  val_acc=0.8201  val_auroc=0.9367  val_f1=0.7991  lr=2.72e-05
Running Validation...
Ep  16/500  total_loss=5.5437  tr_acc=0.8780  val_acc=0.8360  val_auroc=0.9366  val_f1=0.8093  lr=2.89e-05
Running Validation...
Ep  17/500  total_loss=5.5151  tr_acc=0.8902  val_acc=0.8307  val_auroc=0.9349  val_f1=0.8032  lr=3.06e-05
Running Validation...
Ep  18/500  total_loss=5.4182  tr_acc=0.8971  val_acc=0.8201  val_auroc=0.9272  val_f1=0.7875  lr=3.23e-05
Running Validation...
Ep  19/500  total_loss=5.2632  tr_acc=0.9032  val_acc=0.8466  val_auroc=0.9358  val_f1=0.8229  lr=3.40e-05
Running Validation...
Ep  20/500  total_loss=5.1505  tr_acc=0.9215  val_acc=0.8148  val_auroc=0.9228  val_f1=0.7777  lr=3.57e-05
Running Validation...
Ep  21/500  total_loss=5.1437  tr_acc=0.9245  val_acc=0.8148  val_auroc=0.9166  val_f1=0.7693  lr=3.74e-05
Running Validation...
Ep  22/500  total_loss=5.0126  tr_acc=0.9383  val_acc=0.8360  val_auroc=0.9249  val_f1=0.8086  lr=3.91e-05
Running Validation...
Ep  23/500  total_loss=4.9651  tr_acc=0.9398  val_acc=0.8360  val_auroc=0.9336  val_f1=0.8120  lr=4.08e-05
Running Validation...
Ep  24/500  total_loss=5.0260  tr_acc=0.9360  val_acc=0.8201  val_auroc=0.9193  val_f1=0.7981  lr=4.25e-05
Running Validation...
Ep  25/500  total_loss=4.9390  tr_acc=0.9413  val_acc=0.8148  val_auroc=0.9069  val_f1=0.7754  lr=4.42e-05
Running Validation...
Ep  26/500  total_loss=4.8043  tr_acc=0.9451  val_acc=0.8148  val_auroc=0.9149  val_f1=0.7677  lr=4.59e-05
Running Validation...
Ep  27/500  total_loss=4.7730  tr_acc=0.9497  val_acc=0.8413  val_auroc=0.9201  val_f1=0.7980  lr=4.76e-05
Running Validation...
Ep  28/500  total_loss=4.7365  tr_acc=0.9520  val_acc=0.8254  val_auroc=0.8976  val_f1=0.7733  lr=4.93e-05
Running Validation...
Ep  29/500  total_loss=4.6597  tr_acc=0.9512  val_acc=0.8254  val_auroc=0.9041  val_f1=0.7801  lr=5.10e-05
Running Validation...
Ep  30/500  total_loss=4.6692  tr_acc=0.9444  val_acc=0.8148  val_auroc=0.9144  val_f1=0.7788  lr=5.27e-05
Running Validation...
Ep  31/500  total_loss=4.6574  tr_acc=0.9527  val_acc=0.7989  val_auroc=0.9109  val_f1=0.7400  lr=5.44e-05
Running Validation...
Ep  32/500  total_loss=4.5778  tr_acc=0.9512  val_acc=0.8466  val_auroc=0.9318  val_f1=0.8045  lr=5.61e-05
Running Validation...
Ep  33/500  total_loss=4.5460  tr_acc=0.9520  val_acc=0.8042  val_auroc=0.9033  val_f1=0.7675  lr=5.78e-05
Running Validation...
Ep  34/500  total_loss=4.5797  tr_acc=0.9527  val_acc=0.8095  val_auroc=0.9063  val_f1=0.7648  lr=5.95e-05
Running Validation...
Ep  35/500  total_loss=4.4222  tr_acc=0.9619  val_acc=0.7778  val_auroc=0.8926  val_f1=0.6943  lr=6.12e-05
Running Validation...
Ep  36/500  total_loss=4.5327  tr_acc=0.9573  val_acc=0.8095  val_auroc=0.9162  val_f1=0.7687  lr=6.29e-05
Running Validation...
Ep  37/500  total_loss=4.5536  tr_acc=0.9405  val_acc=0.8360  val_auroc=0.9384  val_f1=0.7892  lr=6.46e-05
Running Validation...
Ep  38/500  total_loss=4.4058  tr_acc=0.9566  val_acc=0.8042  val_auroc=0.8791  val_f1=0.7522  lr=6.63e-05
Running Validation...
Ep  39/500  total_loss=4.4611  tr_acc=0.9543  val_acc=0.7989  val_auroc=0.9176  val_f1=0.7760  lr=6.80e-05
Running Validation...
Ep  40/500  total_loss=4.3849  tr_acc=0.9665  val_acc=0.8360  val_auroc=0.9375  val_f1=0.7875  lr=6.97e-05
Running Validation...
Ep  41/500  total_loss=4.2859  tr_acc=0.9665  val_acc=0.8254  val_auroc=0.9278  val_f1=0.7907  lr=7.14e-05
Running Validation...
Ep  42/500  total_loss=4.4519  tr_acc=0.9520  val_acc=0.8254  val_auroc=0.9170  val_f1=0.7949  lr=7.31e-05
Running Validation...
Ep  43/500  total_loss=4.3474  tr_acc=0.9611  val_acc=0.7937  val_auroc=0.9074  val_f1=0.7541  lr=7.48e-05
Running Validation...
Ep  44/500  total_loss=4.3624  tr_acc=0.9527  val_acc=0.8307  val_auroc=0.9171  val_f1=0.7896  lr=7.65e-05
Running Validation...
Ep  45/500  total_loss=4.2675  tr_acc=0.9627  val_acc=0.8307  val_auroc=0.9286  val_f1=0.8012  lr=7.82e-05
Running Validation...
Ep  46/500  total_loss=4.3716  tr_acc=0.9520  val_acc=0.8413  val_auroc=0.9228  val_f1=0.8013  lr=7.99e-05
Running Validation...
Ep  47/500  total_loss=4.1965  tr_acc=0.9665  val_acc=0.8148  val_auroc=0.9191  val_f1=0.7831  lr=8.16e-05
Running Validation...
Ep  48/500  total_loss=4.3670  tr_acc=0.9535  val_acc=0.8095  val_auroc=0.9167  val_f1=0.7623  lr=8.33e-05
Running Validation...
Ep  49/500  total_loss=4.2901  tr_acc=0.9550  val_acc=0.8307  val_auroc=0.9093  val_f1=0.7884  lr=8.50e-05
Running Validation...
Ep  50/500  total_loss=4.3797  tr_acc=0.9512  val_acc=0.8148  val_auroc=0.9151  val_f1=0.7481  lr=8.50e-05
Running Validation...
Ep  51/500  total_loss=4.1315  tr_acc=0.9680  val_acc=0.8148  val_auroc=0.9086  val_f1=0.7422  lr=8.50e-05
Running Validation...
Ep  52/500  total_loss=4.2651  tr_acc=0.9558  val_acc=0.8677  val_auroc=0.9180  val_f1=0.8432  lr=8.50e-05
Running Validation...
Ep  53/500  total_loss=4.3708  tr_acc=0.9550  val_acc=0.8254  val_auroc=0.9131  val_f1=0.7679  lr=8.50e-05
Running Validation...
Ep  54/500  total_loss=4.1877  tr_acc=0.9649  val_acc=0.8201  val_auroc=0.9283  val_f1=0.8011  lr=8.50e-05
Running Validation...
Ep  55/500  total_loss=4.4563  tr_acc=0.9474  val_acc=0.8254  val_auroc=0.9191  val_f1=0.7745  lr=8.50e-05
Running Validation...
Ep  56/500  total_loss=4.2499  tr_acc=0.9657  val_acc=0.8413  val_auroc=0.9141  val_f1=0.8004  lr=8.50e-05
Running Validation...
Ep  57/500  total_loss=4.2009  tr_acc=0.9611  val_acc=0.8148  val_auroc=0.9145  val_f1=0.7826  lr=8.49e-05
Running Validation...
Ep  58/500  total_loss=4.1484  tr_acc=0.9649  val_acc=0.8148  val_auroc=0.9161  val_f1=0.7946  lr=8.49e-05
Running Validation...
Ep  59/500  total_loss=4.1657  tr_acc=0.9688  val_acc=0.8307  val_auroc=0.9241  val_f1=0.8118  lr=8.49e-05
Running Validation...
Ep  60/500  total_loss=4.0274  tr_acc=0.9741  val_acc=0.7831  val_auroc=0.8900  val_f1=0.7434  lr=8.49e-05
Running Validation...
Ep  61/500  total_loss=4.0592  tr_acc=0.9680  val_acc=0.7937  val_auroc=0.9007  val_f1=0.7764  lr=8.49e-05
Running Validation...
Ep  62/500  total_loss=4.4110  tr_acc=0.9459  val_acc=0.8413  val_auroc=0.9206  val_f1=0.8162  lr=8.49e-05
Running Validation...
Ep  63/500  total_loss=4.1412  tr_acc=0.9649  val_acc=0.8095  val_auroc=0.8973  val_f1=0.7800  lr=8.48e-05
Running Validation...
Ep  64/500  total_loss=4.0415  tr_acc=0.9703  val_acc=0.7884  val_auroc=0.8926  val_f1=0.7665  lr=8.48e-05
Running Validation...
Ep  65/500  total_loss=4.1147  tr_acc=0.9688  val_acc=0.8201  val_auroc=0.9059  val_f1=0.7952  lr=8.48e-05
Running Validation...
Ep  66/500  total_loss=4.0221  tr_acc=0.9726  val_acc=0.7884  val_auroc=0.9101  val_f1=0.7532  lr=8.47e-05
Running Validation...
Ep  67/500  total_loss=4.0855  tr_acc=0.9695  val_acc=0.8095  val_auroc=0.9048  val_f1=0.7509  lr=8.47e-05
Running Validation...
Ep  68/500  total_loss=4.0517  tr_acc=0.9748  val_acc=0.8307  val_auroc=0.9033  val_f1=0.7815  lr=8.47e-05
Running Validation...
Ep  69/500  total_loss=3.9902  tr_acc=0.9726  val_acc=0.7884  val_auroc=0.8989  val_f1=0.7412  lr=8.46e-05
Running Validation...
Ep  70/500  total_loss=3.8850  tr_acc=0.9809  val_acc=0.7937  val_auroc=0.8904  val_f1=0.7425  lr=8.46e-05
Running Validation...
Ep  71/500  total_loss=4.2345  tr_acc=0.9611  val_acc=0.8148  val_auroc=0.9179  val_f1=0.7495  lr=8.45e-05
Running Validation...
Ep  72/500  total_loss=3.9973  tr_acc=0.9802  val_acc=0.8148  val_auroc=0.8837  val_f1=0.7592  lr=8.45e-05
Running Validation...
Ep  73/500  total_loss=3.9135  tr_acc=0.9802  val_acc=0.8307  val_auroc=0.8904  val_f1=0.7819  lr=8.45e-05
Running Validation...
Ep  74/500  total_loss=3.9132  tr_acc=0.9825  val_acc=0.8466  val_auroc=0.9133  val_f1=0.8130  lr=8.44e-05
Running Validation...
Ep  75/500  total_loss=4.0685  tr_acc=0.9703  val_acc=0.8360  val_auroc=0.9262  val_f1=0.7996  lr=8.44e-05
Running Validation...
Ep  76/500  total_loss=4.0009  tr_acc=0.9764  val_acc=0.8519  val_auroc=0.9338  val_f1=0.8130  lr=8.43e-05
Running Validation...
Ep  77/500  total_loss=3.9022  tr_acc=0.9817  val_acc=0.7937  val_auroc=0.9235  val_f1=0.7165  lr=8.42e-05
Running Validation...
Ep  78/500  total_loss=3.9675  tr_acc=0.9710  val_acc=0.8254  val_auroc=0.9250  val_f1=0.7725  lr=8.42e-05
Running Validation...
Ep  79/500  total_loss=3.9063  tr_acc=0.9764  val_acc=0.8307  val_auroc=0.9285  val_f1=0.7863  lr=8.41e-05
Running Validation...
Ep  80/500  total_loss=3.8779  tr_acc=0.9817  val_acc=0.8201  val_auroc=0.9057  val_f1=0.7526  lr=8.41e-05
Running Validation...
Ep  81/500  total_loss=3.9538  tr_acc=0.9771  val_acc=0.8413  val_auroc=0.9154  val_f1=0.7913  lr=8.40e-05
Running Validation...
Ep  82/500  total_loss=3.8945  tr_acc=0.9771  val_acc=0.8042  val_auroc=0.9150  val_f1=0.7521  lr=8.39e-05
Running Validation...
Ep  83/500  total_loss=3.9309  tr_acc=0.9802  val_acc=0.8413  val_auroc=0.9227  val_f1=0.7983  lr=8.39e-05
Running Validation...
Ep  84/500  total_loss=3.9411  tr_acc=0.9825  val_acc=0.8042  val_auroc=0.9104  val_f1=0.7322  lr=8.38e-05
Running Validation...
Ep  85/500  total_loss=3.8184  tr_acc=0.9855  val_acc=0.8201  val_auroc=0.9254  val_f1=0.7673  lr=8.37e-05
Running Validation...
Ep  86/500  total_loss=3.7381  tr_acc=0.9909  val_acc=0.8360  val_auroc=0.9510  val_f1=0.7833  lr=8.37e-05
Running Validation...
Ep  87/500  total_loss=3.8125  tr_acc=0.9878  val_acc=0.8360  val_auroc=0.9431  val_f1=0.7719  lr=8.36e-05
Running Validation...
Ep  88/500  total_loss=3.8921  tr_acc=0.9832  val_acc=0.8519  val_auroc=0.9302  val_f1=0.8058  lr=8.35e-05
Running Validation...
Ep  89/500  total_loss=3.9270  tr_acc=0.9764  val_acc=0.8360  val_auroc=0.9109  val_f1=0.7829  lr=8.34e-05
Running Validation...
Ep  90/500  total_loss=3.9061  tr_acc=0.9832  val_acc=0.8042  val_auroc=0.9097  val_f1=0.7352  lr=8.34e-05
Running Validation...
Ep  91/500  total_loss=3.8890  tr_acc=0.9809  val_acc=0.8254  val_auroc=0.9034  val_f1=0.7687  lr=8.33e-05
Running Validation...
Ep  92/500  total_loss=3.8812  tr_acc=0.9840  val_acc=0.7989  val_auroc=0.8997  val_f1=0.7371  lr=8.32e-05
Running Validation...
Ep  93/500  total_loss=3.8533  tr_acc=0.9840  val_acc=0.7937  val_auroc=0.8978  val_f1=0.7230  lr=8.31e-05
Running Validation...
Ep  94/500  total_loss=3.9408  tr_acc=0.9779  val_acc=0.8095  val_auroc=0.9240  val_f1=0.7477  lr=8.30e-05
Running Validation...
Ep  95/500  total_loss=3.8337  tr_acc=0.9825  val_acc=0.8254  val_auroc=0.9088  val_f1=0.7587  lr=8.29e-05
Running Validation...
Ep  96/500  total_loss=3.8519  tr_acc=0.9855  val_acc=0.8466  val_auroc=0.9045  val_f1=0.8072  lr=8.28e-05
Running Validation...
Ep  97/500  total_loss=3.7682  tr_acc=0.9870  val_acc=0.8148  val_auroc=0.9136  val_f1=0.7566  lr=8.27e-05
Running Validation...
Ep  98/500  total_loss=3.7508  tr_acc=0.9909  val_acc=0.8307  val_auroc=0.8968  val_f1=0.7918  lr=8.26e-05
Running Validation...
Ep  99/500  total_loss=3.8909  tr_acc=0.9794  val_acc=0.8307  val_auroc=0.9245  val_f1=0.7810  lr=8.25e-05
Running Validation...
Ep 100/500  total_loss=3.7776  tr_acc=0.9886  val_acc=0.8148  val_auroc=0.9193  val_f1=0.7588  lr=8.24e-05
Running Validation...
Ep 101/500  total_loss=3.8210  tr_acc=0.9901  val_acc=0.8148  val_auroc=0.9075  val_f1=0.7703  lr=8.23e-05
Running Validation...
Ep 102/500  total_loss=3.8616  tr_acc=0.9817  val_acc=0.8201  val_auroc=0.9091  val_f1=0.7726  lr=8.22e-05
Running Validation...
Ep 103/500  total_loss=3.7035  tr_acc=0.9931  val_acc=0.8360  val_auroc=0.9222  val_f1=0.7876  lr=8.21e-05
Running Validation...
Ep 104/500  total_loss=3.7640  tr_acc=0.9848  val_acc=0.8307  val_auroc=0.9195  val_f1=0.7834  lr=8.20e-05
Running Validation...
Ep 105/500  total_loss=3.7643  tr_acc=0.9878  val_acc=0.8360  val_auroc=0.9368  val_f1=0.7845  lr=8.19e-05
Running Validation...
Ep 106/500  total_loss=3.6790  tr_acc=0.9947  val_acc=0.8360  val_auroc=0.9361  val_f1=0.7911  lr=8.18e-05
Running Validation...
Ep 107/500  total_loss=3.7910  tr_acc=0.9886  val_acc=0.8360  val_auroc=0.9385  val_f1=0.7935  lr=8.17e-05
Running Validation...
Ep 108/500  total_loss=3.8553  tr_acc=0.9855  val_acc=0.8095  val_auroc=0.9219  val_f1=0.7506  lr=8.16e-05
Running Validation...
Ep 109/500  total_loss=3.8026  tr_acc=0.9832  val_acc=0.8571  val_auroc=0.9369  val_f1=0.8212  lr=8.14e-05
Running Validation...
Ep 110/500  total_loss=3.7757  tr_acc=0.9886  val_acc=0.8307  val_auroc=0.9196  val_f1=0.7916  lr=8.13e-05
Running Validation...
Ep 111/500  total_loss=3.7544  tr_acc=0.9878  val_acc=0.8307  val_auroc=0.9251  val_f1=0.7662  lr=8.12e-05
Running Validation...
Ep 112/500  total_loss=3.8042  tr_acc=0.9863  val_acc=0.8148  val_auroc=0.9346  val_f1=0.7749  lr=8.11e-05
Running Validation...
Ep 113/500  total_loss=3.8065  tr_acc=0.9886  val_acc=0.8413  val_auroc=0.9246  val_f1=0.8042  lr=8.10e-05
Running Validation...
Ep 114/500  total_loss=3.8042  tr_acc=0.9863  val_acc=0.8466  val_auroc=0.9200  val_f1=0.8066  lr=8.08e-05
Running Validation...
Ep 115/500  total_loss=3.7051  tr_acc=0.9924  val_acc=0.8413  val_auroc=0.9239  val_f1=0.7995  lr=8.07e-05
Running Validation...
Ep 116/500  total_loss=3.7605  tr_acc=0.9886  val_acc=0.8466  val_auroc=0.9413  val_f1=0.8142  lr=8.06e-05
Running Validation...
Ep 117/500  total_loss=3.7351  tr_acc=0.9909  val_acc=0.8519  val_auroc=0.9341  val_f1=0.8087  lr=8.04e-05
Running Validation...
Ep 118/500  total_loss=3.8361  tr_acc=0.9863  val_acc=0.8148  val_auroc=0.9269  val_f1=0.7711  lr=8.03e-05
Running Validation...
Ep 119/500  total_loss=3.8639  tr_acc=0.9848  val_acc=0.8307  val_auroc=0.9263  val_f1=0.7915  lr=8.02e-05
Running Validation...
Ep 120/500  total_loss=3.7325  tr_acc=0.9916  val_acc=0.8254  val_auroc=0.9257  val_f1=0.7746  lr=8.00e-05
Running Validation...
Ep 121/500  total_loss=3.7165  tr_acc=0.9901  val_acc=0.8254  val_auroc=0.9190  val_f1=0.7762  lr=7.99e-05
Running Validation...
Ep 122/500  total_loss=3.7681  tr_acc=0.9893  val_acc=0.8413  val_auroc=0.9266  val_f1=0.8113  lr=7.97e-05
Running Validation...
Ep 123/500  total_loss=3.6984  tr_acc=0.9924  val_acc=0.8254  val_auroc=0.9231  val_f1=0.7959  lr=7.96e-05
Running Validation...
Ep 124/500  total_loss=3.7035  tr_acc=0.9924  val_acc=0.8360  val_auroc=0.9327  val_f1=0.8093  lr=7.95e-05
Running Validation...
Ep 125/500  total_loss=3.7452  tr_acc=0.9886  val_acc=0.8360  val_auroc=0.9296  val_f1=0.8083  lr=7.93e-05
Running Validation...
Ep 126/500  total_loss=3.9177  tr_acc=0.9817  val_acc=0.8519  val_auroc=0.9289  val_f1=0.8225  lr=7.92e-05
Running Validation...
Ep 127/500  total_loss=3.7408  tr_acc=0.9901  val_acc=0.8624  val_auroc=0.9399  val_f1=0.8257  lr=7.90e-05
Running Validation...
Ep 128/500  total_loss=3.7404  tr_acc=0.9878  val_acc=0.8307  val_auroc=0.9197  val_f1=0.7851  lr=7.89e-05
Running Validation...
Ep 129/500  total_loss=3.8417  tr_acc=0.9878  val_acc=0.8307  val_auroc=0.9309  val_f1=0.7934  lr=7.87e-05
Running Validation...
Ep 130/500  total_loss=3.7920  tr_acc=0.9863  val_acc=0.8571  val_auroc=0.9396  val_f1=0.8285  lr=7.85e-05
Running Validation...
Ep 131/500  total_loss=3.7276  tr_acc=0.9886  val_acc=0.8519  val_auroc=0.9313  val_f1=0.8166  lr=7.84e-05
Running Validation...
Ep 132/500  total_loss=3.7243  tr_acc=0.9893  val_acc=0.8466  val_auroc=0.9138  val_f1=0.8034  lr=7.82e-05
Running Validation...
Ep 133/500  total_loss=3.8221  tr_acc=0.9825  val_acc=0.8519  val_auroc=0.9190  val_f1=0.8168  lr=7.81e-05
Running Validation...
Ep 134/500  total_loss=3.7325  tr_acc=0.9878  val_acc=0.8413  val_auroc=0.9274  val_f1=0.8030  lr=7.79e-05
Running Validation...
Ep 135/500  total_loss=3.7158  tr_acc=0.9909  val_acc=0.8254  val_auroc=0.9146  val_f1=0.7818  lr=7.77e-05
Running Validation...
Ep 136/500  total_loss=3.7434  tr_acc=0.9901  val_acc=0.8413  val_auroc=0.9359  val_f1=0.8208  lr=7.76e-05
Running Validation...
Ep 137/500  total_loss=3.7951  tr_acc=0.9878  val_acc=0.8413  val_auroc=0.9330  val_f1=0.8144  lr=7.74e-05
Running Validation...
Ep 138/500  total_loss=3.8477  tr_acc=0.9840  val_acc=0.8519  val_auroc=0.9245  val_f1=0.8285  lr=7.72e-05
Running Validation...
Ep 139/500  total_loss=3.6686  tr_acc=0.9924  val_acc=0.8307  val_auroc=0.9130  val_f1=0.8025  lr=7.71e-05
Running Validation...
Ep 140/500  total_loss=3.6941  tr_acc=0.9916  val_acc=0.8148  val_auroc=0.9319  val_f1=0.7645  lr=7.69e-05
Running Validation...
Ep 141/500  total_loss=3.7494  tr_acc=0.9893  val_acc=0.8571  val_auroc=0.9275  val_f1=0.8326  lr=7.67e-05
Running Validation...
Ep 142/500  total_loss=3.7435  tr_acc=0.9886  val_acc=0.8307  val_auroc=0.9210  val_f1=0.7938  lr=7.65e-05
Running Validation...
Ep 143/500  total_loss=3.7535  tr_acc=0.9870  val_acc=0.8571  val_auroc=0.9300  val_f1=0.8309  lr=7.64e-05
Running Validation...
Ep 144/500  total_loss=3.7154  tr_acc=0.9878  val_acc=0.8413  val_auroc=0.9418  val_f1=0.8285  lr=7.62e-05
Running Validation...
Ep 145/500  total_loss=3.7807  tr_acc=0.9840  val_acc=0.8624  val_auroc=0.9338  val_f1=0.8364  lr=7.60e-05
Running Validation...
Ep 146/500  total_loss=3.7203  tr_acc=0.9893  val_acc=0.8466  val_auroc=0.9252  val_f1=0.8117  lr=7.58e-05
Running Validation...
Ep 147/500  total_loss=3.7119  tr_acc=0.9909  val_acc=0.8836  val_auroc=0.9311  val_f1=0.8537  lr=7.56e-05
Running Validation...
Ep 148/500  total_loss=3.6576  tr_acc=0.9970  val_acc=0.8571  val_auroc=0.9195  val_f1=0.8284  lr=7.54e-05
Running Validation...
Ep 149/500  total_loss=3.7436  tr_acc=0.9878  val_acc=0.8624  val_auroc=0.9257  val_f1=0.8319  lr=7.52e-05
Running Validation...
Ep 150/500  total_loss=3.6701  tr_acc=0.9931  val_acc=0.8148  val_auroc=0.9096  val_f1=0.7689  lr=7.51e-05
Running Validation...
Ep 151/500  total_loss=3.7090  tr_acc=0.9893  val_acc=0.8413  val_auroc=0.9288  val_f1=0.8047  lr=7.49e-05
Running Validation...
Ep 152/500  total_loss=3.6906  tr_acc=0.9916  val_acc=0.8571  val_auroc=0.9195  val_f1=0.8186  lr=7.47e-05
Running Validation...
Ep 153/500  total_loss=3.6559  tr_acc=0.9931  val_acc=0.8519  val_auroc=0.9249  val_f1=0.8120  lr=7.45e-05
Running Validation...
Ep 154/500  total_loss=3.6688  tr_acc=0.9954  val_acc=0.8201  val_auroc=0.9287  val_f1=0.7721  lr=7.43e-05
Running Validation...
Ep 155/500  total_loss=3.7170  tr_acc=0.9924  val_acc=0.8519  val_auroc=0.9041  val_f1=0.8327  lr=7.41e-05
Running Validation...
Ep 156/500  total_loss=3.6714  tr_acc=0.9931  val_acc=0.8466  val_auroc=0.9193  val_f1=0.8077  lr=7.39e-05
Running Validation...
Ep 157/500  total_loss=3.6798  tr_acc=0.9954  val_acc=0.8466  val_auroc=0.9186  val_f1=0.8139  lr=7.37e-05
Running Validation...
Ep 158/500  total_loss=3.6826  tr_acc=0.9924  val_acc=0.8730  val_auroc=0.9368  val_f1=0.8394  lr=7.35e-05
Running Validation...
Ep 159/500  total_loss=3.6787  tr_acc=0.9909  val_acc=0.8307  val_auroc=0.9193  val_f1=0.7947  lr=7.33e-05
Running Validation...
Ep 160/500  total_loss=3.6880  tr_acc=0.9947  val_acc=0.8254  val_auroc=0.9318  val_f1=0.7894  lr=7.31e-05
Running Validation...
Ep 161/500  total_loss=3.6839  tr_acc=0.9909  val_acc=0.8571  val_auroc=0.9378  val_f1=0.8405  lr=7.29e-05
Running Validation...
Ep 162/500  total_loss=3.6459  tr_acc=0.9954  val_acc=0.8624  val_auroc=0.9248  val_f1=0.8235  lr=7.27e-05
Running Validation...
Ep 163/500  total_loss=3.7248  tr_acc=0.9909  val_acc=0.8519  val_auroc=0.9273  val_f1=0.8305  lr=7.24e-05
Running Validation...
Ep 164/500  total_loss=3.6710  tr_acc=0.9909  val_acc=0.8466  val_auroc=0.9280  val_f1=0.8042  lr=7.22e-05
Running Validation...
Ep 165/500  total_loss=3.6502  tr_acc=0.9970  val_acc=0.8624  val_auroc=0.9422  val_f1=0.8346  lr=7.20e-05
Running Validation...
Ep 166/500  total_loss=3.7100  tr_acc=0.9931  val_acc=0.8466  val_auroc=0.9385  val_f1=0.8087  lr=7.18e-05
Running Validation...
Ep 167/500  total_loss=3.7386  tr_acc=0.9901  val_acc=0.8624  val_auroc=0.9342  val_f1=0.8316  lr=7.16e-05
Running Validation...
Ep 168/500  total_loss=3.7121  tr_acc=0.9901  val_acc=0.8095  val_auroc=0.9097  val_f1=0.7697  lr=7.14e-05
Running Validation...
Ep 169/500  total_loss=3.6499  tr_acc=0.9954  val_acc=0.8307  val_auroc=0.9371  val_f1=0.7929  lr=7.12e-05
Running Validation...
Ep 170/500  total_loss=3.6955  tr_acc=0.9924  val_acc=0.8201  val_auroc=0.9218  val_f1=0.7673  lr=7.09e-05
Running Validation...
Ep 171/500  total_loss=3.6699  tr_acc=0.9939  val_acc=0.8413  val_auroc=0.9037  val_f1=0.8045  lr=7.07e-05
Running Validation...
Ep 172/500  total_loss=3.6919  tr_acc=0.9924  val_acc=0.8307  val_auroc=0.9371  val_f1=0.7841  lr=7.05e-05
Running Validation...
Ep 173/500  total_loss=3.6476  tr_acc=0.9954  val_acc=0.8413  val_auroc=0.9463  val_f1=0.7957  lr=7.03e-05
Running Validation...
Ep 174/500  total_loss=3.7129  tr_acc=0.9931  val_acc=0.8730  val_auroc=0.9413  val_f1=0.8534  lr=7.00e-05
Running Validation...
Ep 175/500  total_loss=3.6635  tr_acc=0.9954  val_acc=0.8360  val_auroc=0.9291  val_f1=0.7882  lr=6.98e-05
Running Validation...
Ep 176/500  total_loss=3.8028  tr_acc=0.9863  val_acc=0.8571  val_auroc=0.9391  val_f1=0.8285  lr=6.96e-05
Running Validation...
Ep 177/500  total_loss=3.7331  tr_acc=0.9901  val_acc=0.8042  val_auroc=0.8978  val_f1=0.7508  lr=6.94e-05
Running Validation...
Ep 178/500  total_loss=3.6568  tr_acc=0.9939  val_acc=0.8307  val_auroc=0.9280  val_f1=0.7901  lr=6.91e-05
Running Validation...
Ep 179/500  total_loss=3.7519  tr_acc=0.9886  val_acc=0.8201  val_auroc=0.9136  val_f1=0.7708  lr=6.89e-05
Running Validation...
Ep 180/500  total_loss=3.7391  tr_acc=0.9909  val_acc=0.8360  val_auroc=0.9173  val_f1=0.7946  lr=6.87e-05
Running Validation...
Ep 181/500  total_loss=3.6538  tr_acc=0.9962  val_acc=0.8360  val_auroc=0.9295  val_f1=0.7890  lr=6.84e-05
Running Validation...
Ep 182/500  total_loss=3.8011  tr_acc=0.9878  val_acc=0.8677  val_auroc=0.9217  val_f1=0.8297  lr=6.82e-05
Running Validation...
Ep 183/500  total_loss=3.6521  tr_acc=0.9954  val_acc=0.8201  val_auroc=0.9327  val_f1=0.7878  lr=6.80e-05
Running Validation...
Ep 184/500  total_loss=3.6577  tr_acc=0.9954  val_acc=0.8307  val_auroc=0.9350  val_f1=0.7804  lr=6.77e-05
Running Validation...
Ep 185/500  total_loss=3.7265  tr_acc=0.9909  val_acc=0.8571  val_auroc=0.9271  val_f1=0.8247  lr=6.75e-05
Running Validation...
Ep 186/500  total_loss=3.7043  tr_acc=0.9916  val_acc=0.8519  val_auroc=0.9167  val_f1=0.8115  lr=6.72e-05
Running Validation...
Ep 187/500  total_loss=3.6667  tr_acc=0.9939  val_acc=0.8466  val_auroc=0.9191  val_f1=0.8088  lr=6.70e-05
Running Validation...
Ep 188/500  total_loss=3.6738  tr_acc=0.9939  val_acc=0.8148  val_auroc=0.9179  val_f1=0.7745  lr=6.68e-05
Running Validation...
Ep 189/500  total_loss=3.6421  tr_acc=0.9962  val_acc=0.8466  val_auroc=0.9331  val_f1=0.8171  lr=6.65e-05
Running Validation...
Ep 190/500  total_loss=3.7361  tr_acc=0.9893  val_acc=0.8254  val_auroc=0.9184  val_f1=0.7809  lr=6.63e-05
Running Validation...
Ep 191/500  total_loss=3.6715  tr_acc=0.9939  val_acc=0.8360  val_auroc=0.9054  val_f1=0.7958  lr=6.60e-05
Running Validation...
Ep 192/500  total_loss=3.6656  tr_acc=0.9931  val_acc=0.8519  val_auroc=0.9268  val_f1=0.8283  lr=6.58e-05
Running Validation...
Ep 193/500  total_loss=3.7086  tr_acc=0.9916  val_acc=0.8360  val_auroc=0.9191  val_f1=0.7948  lr=6.55e-05
Running Validation...
Ep 194/500  total_loss=3.6445  tr_acc=0.9931  val_acc=0.8624  val_auroc=0.9213  val_f1=0.8270  lr=6.53e-05
Running Validation...
Ep 195/500  total_loss=3.6467  tr_acc=0.9939  val_acc=0.8307  val_auroc=0.8841  val_f1=0.7936  lr=6.50e-05
Running Validation...
Ep 196/500  total_loss=3.8133  tr_acc=0.9863  val_acc=0.8360  val_auroc=0.9228  val_f1=0.7983  lr=6.48e-05
Running Validation...
Ep 197/500  total_loss=3.7314  tr_acc=0.9893  val_acc=0.8360  val_auroc=0.9348  val_f1=0.7901  lr=6.45e-05
Running Validation...
Ep 198/500  total_loss=3.6446  tr_acc=0.9954  val_acc=0.8360  val_auroc=0.9301  val_f1=0.7993  lr=6.43e-05
Running Validation...
Ep 199/500  total_loss=3.6990  tr_acc=0.9916  val_acc=0.8360  val_auroc=0.9202  val_f1=0.7936  lr=6.40e-05
Running Validation...
Ep 200/500  total_loss=3.6500  tr_acc=0.9931  val_acc=0.8413  val_auroc=0.9393  val_f1=0.7937  lr=6.38e-05
Running Validation...
Ep 201/500  total_loss=3.6664  tr_acc=0.9954  val_acc=0.8307  val_auroc=0.9314  val_f1=0.7783  lr=6.35e-05
Running Validation...
Ep 202/500  total_loss=3.6486  tr_acc=0.9939  val_acc=0.8466  val_auroc=0.9298  val_f1=0.8018  lr=6.32e-05
Running Validation...
Ep 203/500  total_loss=3.6011  tr_acc=0.9985  val_acc=0.8254  val_auroc=0.9216  val_f1=0.7769  lr=6.30e-05
Running Validation...
Ep 204/500  total_loss=3.6503  tr_acc=0.9947  val_acc=0.8201  val_auroc=0.9240  val_f1=0.7841  lr=6.27e-05
Running Validation...
Ep 205/500  total_loss=3.6586  tr_acc=0.9954  val_acc=0.8519  val_auroc=0.9304  val_f1=0.8237  lr=6.25e-05
Running Validation...
Ep 206/500  total_loss=3.6673  tr_acc=0.9962  val_acc=0.8413  val_auroc=0.9233  val_f1=0.8119  lr=6.22e-05
Running Validation...
Ep 207/500  total_loss=3.6964  tr_acc=0.9931  val_acc=0.8254  val_auroc=0.9253  val_f1=0.7855  lr=6.19e-05
Running Validation...
Ep 208/500  total_loss=3.6707  tr_acc=0.9924  val_acc=0.8466  val_auroc=0.9402  val_f1=0.8086  lr=6.17e-05
Running Validation...
Ep 209/500  total_loss=3.6723  tr_acc=0.9909  val_acc=0.8307  val_auroc=0.9260  val_f1=0.7911  lr=6.14e-05
Running Validation...
Ep 210/500  total_loss=3.7307  tr_acc=0.9886  val_acc=0.8148  val_auroc=0.9163  val_f1=0.7728  lr=6.11e-05
Running Validation...
Ep 211/500  total_loss=3.7406  tr_acc=0.9916  val_acc=0.8254  val_auroc=0.9246  val_f1=0.7890  lr=6.09e-05
Running Validation...
Ep 212/500  total_loss=3.6288  tr_acc=0.9977  val_acc=0.8307  val_auroc=0.9325  val_f1=0.7907  lr=6.06e-05
Running Validation...
Ep 213/500  total_loss=3.6806  tr_acc=0.9924  val_acc=0.8307  val_auroc=0.9271  val_f1=0.7825  lr=6.03e-05
Running Validation...
Ep 214/500  total_loss=3.6182  tr_acc=0.9970  val_acc=0.8360  val_auroc=0.9362  val_f1=0.7916  lr=6.01e-05
Running Validation...
Ep 215/500  total_loss=3.6256  tr_acc=0.9954  val_acc=0.8519  val_auroc=0.9258  val_f1=0.8191  lr=5.98e-05
Running Validation...
Ep 216/500  total_loss=3.6879  tr_acc=0.9909  val_acc=0.8254  val_auroc=0.9253  val_f1=0.7952  lr=5.95e-05
Running Validation...
Ep 217/500  total_loss=3.6236  tr_acc=0.9970  val_acc=0.8201  val_auroc=0.9250  val_f1=0.7760  lr=5.92e-05
Running Validation...
Ep 218/500  total_loss=3.6595  tr_acc=0.9939  val_acc=0.8466  val_auroc=0.9141  val_f1=0.8080  lr=5.90e-05
Running Validation...
Ep 219/500  total_loss=3.6567  tr_acc=0.9931  val_acc=0.8254  val_auroc=0.9151  val_f1=0.7701  lr=5.87e-05
Running Validation...
Ep 220/500  total_loss=3.6212  tr_acc=0.9962  val_acc=0.8466  val_auroc=0.9208  val_f1=0.8166  lr=5.84e-05
Running Validation...
Ep 221/500  total_loss=3.6461  tr_acc=0.9970  val_acc=0.8307  val_auroc=0.9239  val_f1=0.7859  lr=5.81e-05
Running Validation...
Ep 222/500  total_loss=3.6093  tr_acc=0.9970  val_acc=0.8254  val_auroc=0.9307  val_f1=0.7726  lr=5.79e-05
Running Validation...
Ep 223/500  total_loss=3.6673  tr_acc=0.9954  val_acc=0.8519  val_auroc=0.9285  val_f1=0.8038  lr=5.76e-05
Running Validation...
Ep 224/500  total_loss=3.6745  tr_acc=0.9954  val_acc=0.8307  val_auroc=0.9379  val_f1=0.7805  lr=5.73e-05
Running Validation...
Ep 225/500  total_loss=3.6344  tr_acc=0.9970  val_acc=0.8466  val_auroc=0.9370  val_f1=0.7986  lr=5.70e-05
Running Validation...
Ep 226/500  total_loss=3.6499  tr_acc=0.9931  val_acc=0.8360  val_auroc=0.9286  val_f1=0.7866  lr=5.68e-05
Running Validation...
Ep 227/500  total_loss=3.6924  tr_acc=0.9893  val_acc=0.8307  val_auroc=0.9327  val_f1=0.7893  lr=5.65e-05
Running Validation...
Ep 228/500  total_loss=3.6255  tr_acc=0.9977  val_acc=0.8783  val_auroc=0.9575  val_f1=0.8406  lr=5.62e-05
Running Validation...
Ep 229/500  total_loss=3.7541  tr_acc=0.9893  val_acc=0.8466  val_auroc=0.9381  val_f1=0.8025  lr=5.59e-05
Running Validation...
Ep 230/500  total_loss=3.6297  tr_acc=0.9970  val_acc=0.8148  val_auroc=0.9302  val_f1=0.7753  lr=5.56e-05
Running Validation...
Ep 231/500  total_loss=3.6433  tr_acc=0.9954  val_acc=0.8466  val_auroc=0.9321  val_f1=0.8038  lr=5.54e-05
Running Validation...
Ep 232/500  total_loss=3.5978  tr_acc=0.9992  val_acc=0.8148  val_auroc=0.9337  val_f1=0.7507  lr=5.51e-05
Running Validation...
Ep 233/500  total_loss=3.6708  tr_acc=0.9947  val_acc=0.8519  val_auroc=0.9295  val_f1=0.8073  lr=5.48e-05
Running Validation...
Ep 234/500  total_loss=3.6366  tr_acc=0.9947  val_acc=0.8413  val_auroc=0.9238  val_f1=0.7982  lr=5.45e-05
Running Validation...
Ep 235/500  total_loss=3.6840  tr_acc=0.9901  val_acc=0.8413  val_auroc=0.9424  val_f1=0.8075  lr=5.42e-05
Running Validation...
Ep 236/500  total_loss=3.6787  tr_acc=0.9939  val_acc=0.8466  val_auroc=0.9375  val_f1=0.7999  lr=5.39e-05
Running Validation...
Ep 237/500  total_loss=3.7201  tr_acc=0.9840  val_acc=0.8519  val_auroc=0.9406  val_f1=0.8099  lr=5.36e-05
Running Validation...
Ep 238/500  total_loss=3.6205  tr_acc=0.9970  val_acc=0.8519  val_auroc=0.9495  val_f1=0.8073  lr=5.34e-05
Running Validation...
Ep 239/500  total_loss=3.6038  tr_acc=0.9985  val_acc=0.8571  val_auroc=0.9375  val_f1=0.8218  lr=5.31e-05
Running Validation...
Ep 240/500  total_loss=3.6572  tr_acc=0.9962  val_acc=0.8624  val_auroc=0.9605  val_f1=0.8167  lr=5.28e-05
Running Validation...
Ep 241/500  total_loss=3.6710  tr_acc=0.9924  val_acc=0.8466  val_auroc=0.9515  val_f1=0.8025  lr=5.25e-05
Running Validation...
Ep 242/500  total_loss=3.6070  tr_acc=0.9985  val_acc=0.8519  val_auroc=0.9506  val_f1=0.8123  lr=5.22e-05
Running Validation...
Ep 243/500  total_loss=3.6372  tr_acc=0.9962  val_acc=0.8413  val_auroc=0.9486  val_f1=0.7989  lr=5.19e-05
Running Validation...
Ep 244/500  total_loss=3.7175  tr_acc=0.9924  val_acc=0.8624  val_auroc=0.9442  val_f1=0.8272  lr=5.16e-05
Running Validation...
Ep 245/500  total_loss=3.6238  tr_acc=0.9977  val_acc=0.8519  val_auroc=0.9358  val_f1=0.8194  lr=5.13e-05
Running Validation...
Ep 246/500  total_loss=3.7238  tr_acc=0.9909  val_acc=0.8571  val_auroc=0.9352  val_f1=0.8241  lr=5.10e-05
Running Validation...
Ep 247/500  total_loss=3.6818  tr_acc=0.9924  val_acc=0.8042  val_auroc=0.9354  val_f1=0.7527  lr=5.08e-05
Running Validation...
Ep 248/500  total_loss=3.6972  tr_acc=0.9924  val_acc=0.8148  val_auroc=0.9352  val_f1=0.7578  lr=5.05e-05
Running Validation...
Ep 249/500  total_loss=3.6157  tr_acc=0.9977  val_acc=0.8360  val_auroc=0.9398  val_f1=0.7954  lr=5.02e-05
Running Validation...
Ep 250/500  total_loss=3.6253  tr_acc=0.9970  val_acc=0.8519  val_auroc=0.9348  val_f1=0.8166  lr=4.99e-05
Running Validation...
Ep 251/500  total_loss=3.6513  tr_acc=0.9939  val_acc=0.8307  val_auroc=0.9249  val_f1=0.7783  lr=4.96e-05
Running Validation...
Ep 252/500  total_loss=3.6726  tr_acc=0.9939  val_acc=0.8413  val_auroc=0.9148  val_f1=0.7916  lr=4.93e-05
Running Validation...
Ep 253/500  total_loss=3.6283  tr_acc=0.9970  val_acc=0.8466  val_auroc=0.9183  val_f1=0.7948  lr=4.90e-05
Running Validation...
Ep 254/500  total_loss=3.6503  tr_acc=0.9962  val_acc=0.8201  val_auroc=0.9205  val_f1=0.7630  lr=4.87e-05
Running Validation...
Ep 255/500  total_loss=3.6539  tr_acc=0.9947  val_acc=0.8360  val_auroc=0.9152  val_f1=0.7866  lr=4.84e-05
Running Validation...
Ep 256/500  total_loss=3.6798  tr_acc=0.9901  val_acc=0.8254  val_auroc=0.9207  val_f1=0.7642  lr=4.81e-05
Running Validation...
Ep 257/500  total_loss=3.6826  tr_acc=0.9939  val_acc=0.8095  val_auroc=0.9006  val_f1=0.7609  lr=4.78e-05
Running Validation...
Ep 258/500  total_loss=3.6175  tr_acc=0.9985  val_acc=0.8095  val_auroc=0.8998  val_f1=0.7507  lr=4.75e-05
Running Validation...
Ep 259/500  total_loss=3.6264  tr_acc=0.9970  val_acc=0.8254  val_auroc=0.9199  val_f1=0.7804  lr=4.72e-05
Running Validation...
Ep 260/500  total_loss=3.7095  tr_acc=0.9893  val_acc=0.8307  val_auroc=0.9253  val_f1=0.7728  lr=4.69e-05
Running Validation...
Ep 261/500  total_loss=3.6126  tr_acc=0.9970  val_acc=0.8148  val_auroc=0.9198  val_f1=0.7504  lr=4.66e-05
Running Validation...
Ep 262/500  total_loss=3.6052  tr_acc=0.9985  val_acc=0.8307  val_auroc=0.9168  val_f1=0.7784  lr=4.64e-05
Running Validation...
Ep 263/500  total_loss=3.6508  tr_acc=0.9962  val_acc=0.8148  val_auroc=0.9062  val_f1=0.7692  lr=4.61e-05
Running Validation...
Ep 264/500  total_loss=3.6416  tr_acc=0.9954  val_acc=0.8519  val_auroc=0.9169  val_f1=0.8052  lr=4.58e-05
Running Validation...
Ep 265/500  total_loss=3.6052  tr_acc=0.9977  val_acc=0.8413  val_auroc=0.9158  val_f1=0.7971  lr=4.55e-05
Running Validation...
Ep 266/500  total_loss=3.6394  tr_acc=0.9954  val_acc=0.8413  val_auroc=0.9100  val_f1=0.7855  lr=4.52e-05
Running Validation...
Ep 267/500  total_loss=3.6427  tr_acc=0.9947  val_acc=0.8413  val_auroc=0.9201  val_f1=0.7908  lr=4.49e-05
Running Validation...
Ep 268/500  total_loss=3.6452  tr_acc=0.9962  val_acc=0.8624  val_auroc=0.9358  val_f1=0.8213  lr=4.46e-05
Running Validation...
Ep 269/500  total_loss=3.6168  tr_acc=0.9977  val_acc=0.8254  val_auroc=0.9279  val_f1=0.7712  lr=4.43e-05
Running Validation...
Ep 270/500  total_loss=3.6711  tr_acc=0.9939  val_acc=0.8413  val_auroc=0.9325  val_f1=0.7974  lr=4.40e-05
Running Validation...
Ep 271/500  total_loss=3.6555  tr_acc=0.9954  val_acc=0.8519  val_auroc=0.9349  val_f1=0.8145  lr=4.37e-05
Running Validation...
Ep 272/500  total_loss=3.6175  tr_acc=0.9970  val_acc=0.8571  val_auroc=0.9364  val_f1=0.8187  lr=4.34e-05
Running Validation...
Ep 273/500  total_loss=3.6359  tr_acc=0.9962  val_acc=0.8677  val_auroc=0.9231  val_f1=0.8271  lr=4.31e-05
Running Validation...
Ep 274/500  total_loss=3.6083  tr_acc=0.9985  val_acc=0.8677  val_auroc=0.9356  val_f1=0.8373  lr=4.28e-05
Running Validation...
Ep 275/500  total_loss=3.6618  tr_acc=0.9954  val_acc=0.8624  val_auroc=0.9382  val_f1=0.8337  lr=4.25e-05
Running Validation...
Ep 276/500  total_loss=3.7116  tr_acc=0.9893  val_acc=0.8783  val_auroc=0.9318  val_f1=0.8494  lr=4.22e-05
Running Validation...
Ep 277/500  total_loss=3.6968  tr_acc=0.9947  val_acc=0.8413  val_auroc=0.9315  val_f1=0.7914  lr=4.19e-05
Running Validation...
Ep 278/500  total_loss=3.6538  tr_acc=0.9947  val_acc=0.8307  val_auroc=0.9384  val_f1=0.7753  lr=4.16e-05
Running Validation...
Ep 279/500  total_loss=3.6616  tr_acc=0.9962  val_acc=0.8519  val_auroc=0.9420  val_f1=0.8122  lr=4.13e-05
Running Validation...
Ep 280/500  total_loss=3.6677  tr_acc=0.9939  val_acc=0.8571  val_auroc=0.9371  val_f1=0.8141  lr=4.10e-05
Running Validation...
Ep 281/500  total_loss=3.6657  tr_acc=0.9931  val_acc=0.8519  val_auroc=0.9276  val_f1=0.8038  lr=4.07e-05
Running Validation...
Ep 282/500  total_loss=3.6968  tr_acc=0.9924  val_acc=0.8307  val_auroc=0.9098  val_f1=0.7805  lr=4.04e-05
Running Validation...
Ep 283/500  total_loss=3.6133  tr_acc=0.9970  val_acc=0.8360  val_auroc=0.9178  val_f1=0.7855  lr=4.01e-05
Running Validation...
Ep 284/500  total_loss=3.6314  tr_acc=0.9970  val_acc=0.8466  val_auroc=0.9300  val_f1=0.7899  lr=3.98e-05
Running Validation...
Ep 285/500  total_loss=3.7022  tr_acc=0.9893  val_acc=0.8360  val_auroc=0.9159  val_f1=0.7912  lr=3.95e-05
Running Validation...
Ep 286/500  total_loss=3.6874  tr_acc=0.9924  val_acc=0.8783  val_auroc=0.9365  val_f1=0.8410  lr=3.92e-05
Running Validation...
Ep 287/500  total_loss=3.6479  tr_acc=0.9954  val_acc=0.8519  val_auroc=0.9444  val_f1=0.8186  lr=3.89e-05
Running Validation...
Ep 288/500  total_loss=3.6729  tr_acc=0.9931  val_acc=0.8624  val_auroc=0.9479  val_f1=0.8134  lr=3.86e-05
Running Validation...
Ep 289/500  total_loss=3.7268  tr_acc=0.9916  val_acc=0.8466  val_auroc=0.9381  val_f1=0.8126  lr=3.84e-05
Running Validation...
Ep 290/500  total_loss=3.6430  tr_acc=0.9954  val_acc=0.8413  val_auroc=0.9112  val_f1=0.7879  lr=3.81e-05
Running Validation...
Ep 291/500  total_loss=3.6288  tr_acc=0.9954  val_acc=0.8413  val_auroc=0.9281  val_f1=0.7819  lr=3.78e-05
Running Validation...
Ep 292/500  total_loss=3.6167  tr_acc=0.9970  val_acc=0.8307  val_auroc=0.9259  val_f1=0.7826  lr=3.75e-05
Running Validation...
Ep 293/500  total_loss=3.6502  tr_acc=0.9947  val_acc=0.8466  val_auroc=0.9356  val_f1=0.7846  lr=3.72e-05
Running Validation...
Ep 294/500  total_loss=3.6782  tr_acc=0.9939  val_acc=0.8466  val_auroc=0.9077  val_f1=0.7823  lr=3.69e-05
Running Validation...
Ep 295/500  total_loss=3.6416  tr_acc=0.9947  val_acc=0.8360  val_auroc=0.9235  val_f1=0.7922  lr=3.66e-05
Running Validation...
Ep 296/500  total_loss=3.6729  tr_acc=0.9939  val_acc=0.8413  val_auroc=0.9252  val_f1=0.7949  lr=3.63e-05
Running Validation...
Ep 297/500  total_loss=3.6545  tr_acc=0.9947  val_acc=0.8307  val_auroc=0.9123  val_f1=0.7860  lr=3.60e-05
Running Validation...
Ep 298/500  total_loss=3.6283  tr_acc=0.9962  val_acc=0.8413  val_auroc=0.9010  val_f1=0.7943  lr=3.57e-05
Running Validation...
Ep 299/500  total_loss=3.6084  tr_acc=0.9992  val_acc=0.8413  val_auroc=0.9241  val_f1=0.8031  lr=3.54e-05
Running Validation...
Ep 300/500  total_loss=3.6267  tr_acc=0.9977  val_acc=0.8360  val_auroc=0.9253  val_f1=0.7776  lr=3.51e-05
Running Validation...
Ep 301/500  total_loss=3.5882  tr_acc=1.0000  val_acc=0.8466  val_auroc=0.9318  val_f1=0.7936  lr=3.48e-05
Running Validation...
Ep 302/500  total_loss=3.6180  tr_acc=0.9977  val_acc=0.8466  val_auroc=0.9348  val_f1=0.7930  lr=3.45e-05
Running Validation...
Ep 303/500  total_loss=3.6396  tr_acc=0.9962  val_acc=0.8413  val_auroc=0.9204  val_f1=0.7939  lr=3.42e-05
Running Validation...
Ep 304/500  total_loss=3.6358  tr_acc=0.9947  val_acc=0.8519  val_auroc=0.9251  val_f1=0.8123  lr=3.40e-05
Running Validation...
Ep 305/500  total_loss=3.6149  tr_acc=0.9977  val_acc=0.8519  val_auroc=0.9383  val_f1=0.8189  lr=3.37e-05
Running Validation...
Ep 306/500  total_loss=3.6106  tr_acc=0.9970  val_acc=0.8624  val_auroc=0.9390  val_f1=0.8216  lr=3.34e-05
Running Validation...
Ep 307/500  total_loss=3.6127  tr_acc=0.9962  val_acc=0.8624  val_auroc=0.9436  val_f1=0.8273  lr=3.31e-05
Running Validation...
Ep 308/500  total_loss=3.6517  tr_acc=0.9970  val_acc=0.8360  val_auroc=0.9295  val_f1=0.7806  lr=3.28e-05
Running Validation...
Ep 309/500  total_loss=3.6398  tr_acc=0.9954  val_acc=0.8254  val_auroc=0.9381  val_f1=0.7703  lr=3.25e-05
Running Validation...
Ep 310/500  total_loss=3.6343  tr_acc=0.9954  val_acc=0.8466  val_auroc=0.9351  val_f1=0.7999  lr=3.22e-05
Running Validation...
Ep 311/500  total_loss=3.6278  tr_acc=0.9970  val_acc=0.8519  val_auroc=0.9333  val_f1=0.8064  lr=3.19e-05
Running Validation...
Ep 312/500  total_loss=3.6353  tr_acc=0.9985  val_acc=0.8519  val_auroc=0.9359  val_f1=0.8172  lr=3.16e-05
Running Validation...
Ep 313/500  total_loss=3.6738  tr_acc=0.9931  val_acc=0.8519  val_auroc=0.9391  val_f1=0.8104  lr=3.14e-05
Running Validation...
Ep 314/500  total_loss=3.6237  tr_acc=0.9970  val_acc=0.8466  val_auroc=0.9340  val_f1=0.8003  lr=3.11e-05
Running Validation...
Ep 315/500  total_loss=3.6515  tr_acc=0.9954  val_acc=0.8571  val_auroc=0.9332  val_f1=0.8182  lr=3.08e-05
Running Validation...
Ep 316/500  total_loss=3.6411  tr_acc=0.9962  val_acc=0.8466  val_auroc=0.9360  val_f1=0.8003  lr=3.05e-05
Running Validation...
Ep 317/500  total_loss=3.6084  tr_acc=0.9985  val_acc=0.8360  val_auroc=0.9346  val_f1=0.7906  lr=3.02e-05
Running Validation...
Ep 318/500  total_loss=3.6241  tr_acc=0.9970  val_acc=0.8360  val_auroc=0.9381  val_f1=0.7864  lr=2.99e-05
Running Validation...
Ep 319/500  total_loss=3.6429  tr_acc=0.9962  val_acc=0.8466  val_auroc=0.9344  val_f1=0.7999  lr=2.96e-05
Running Validation...
Ep 320/500  total_loss=3.5936  tr_acc=0.9992  val_acc=0.8360  val_auroc=0.9347  val_f1=0.7864  lr=2.94e-05
Running Validation...
Ep 321/500  total_loss=3.5943  tr_acc=0.9985  val_acc=0.8413  val_auroc=0.9398  val_f1=0.8096  lr=2.91e-05
Running Validation...
Ep 322/500  total_loss=3.6156  tr_acc=0.9962  val_acc=0.8413  val_auroc=0.9300  val_f1=0.7958  lr=2.88e-05
Running Validation...
Ep 323/500  total_loss=3.6668  tr_acc=0.9954  val_acc=0.8413  val_auroc=0.9374  val_f1=0.7932  lr=2.85e-05
Running Validation...
Ep 324/500  total_loss=3.6584  tr_acc=0.9947  val_acc=0.8571  val_auroc=0.9287  val_f1=0.8212  lr=2.82e-05
Running Validation...
Ep 325/500  total_loss=3.6363  tr_acc=0.9954  val_acc=0.8466  val_auroc=0.9407  val_f1=0.8149  lr=2.80e-05
Running Validation...
Ep 326/500  total_loss=3.7288  tr_acc=0.9924  val_acc=0.8307  val_auroc=0.9322  val_f1=0.7769  lr=2.77e-05
Running Validation...
Ep 327/500  total_loss=3.6191  tr_acc=0.9985  val_acc=0.8307  val_auroc=0.9300  val_f1=0.7812  lr=2.74e-05
Running Validation...
Ep 328/500  total_loss=3.6360  tr_acc=0.9954  val_acc=0.8307  val_auroc=0.9268  val_f1=0.7715  lr=2.71e-05
Running Validation...
Ep 329/500  total_loss=3.6562  tr_acc=0.9931  val_acc=0.8624  val_auroc=0.9409  val_f1=0.8239  lr=2.69e-05
Running Validation...
Ep 330/500  total_loss=3.6072  tr_acc=0.9985  val_acc=0.8571  val_auroc=0.9485  val_f1=0.8205  lr=2.66e-05
Running Validation...
Ep 331/500  total_loss=3.6227  tr_acc=0.9962  val_acc=0.8307  val_auroc=0.9439  val_f1=0.8051  lr=2.63e-05
Running Validation...
Ep 332/500  total_loss=3.6404  tr_acc=0.9962  val_acc=0.8307  val_auroc=0.9448  val_f1=0.7783  lr=2.60e-05
Running Validation...
Ep 333/500  total_loss=3.6358  tr_acc=0.9977  val_acc=0.8254  val_auroc=0.9425  val_f1=0.7793  lr=2.58e-05
Running Validation...
Ep 334/500  total_loss=3.5899  tr_acc=0.9992  val_acc=0.8413  val_auroc=0.9400  val_f1=0.7917  lr=2.55e-05
Running Validation...
Ep 335/500  total_loss=3.6471  tr_acc=0.9954  val_acc=0.8413  val_auroc=0.9394  val_f1=0.8127  lr=2.52e-05
Running Validation...
Ep 336/500  total_loss=3.6512  tr_acc=0.9954  val_acc=0.8571  val_auroc=0.9390  val_f1=0.8274  lr=2.49e-05
Running Validation...
Ep 337/500  total_loss=3.6060  tr_acc=0.9977  val_acc=0.8624  val_auroc=0.9232  val_f1=0.8329  lr=2.47e-05
Running Validation...
Ep 338/500  total_loss=3.5902  tr_acc=1.0000  val_acc=0.8360  val_auroc=0.9442  val_f1=0.7953  lr=2.44e-05
Running Validation...
Ep 339/500  total_loss=3.5885  tr_acc=1.0000  val_acc=0.8466  val_auroc=0.9370  val_f1=0.8037  lr=2.41e-05
Running Validation...
Ep 340/500  total_loss=3.6288  tr_acc=0.9970  val_acc=0.8466  val_auroc=0.9384  val_f1=0.8018  lr=2.39e-05
Running Validation...
Ep 341/500  total_loss=3.6248  tr_acc=0.9962  val_acc=0.8571  val_auroc=0.9364  val_f1=0.8211  lr=2.36e-05
Running Validation...
Ep 342/500  total_loss=3.6277  tr_acc=0.9970  val_acc=0.8571  val_auroc=0.9316  val_f1=0.8214  lr=2.33e-05
Running Validation...
Ep 343/500  total_loss=3.6168  tr_acc=0.9977  val_acc=0.8519  val_auroc=0.9375  val_f1=0.8177  lr=2.31e-05
Running Validation...
Ep 344/500  total_loss=3.6188  tr_acc=0.9977  val_acc=0.8466  val_auroc=0.9380  val_f1=0.8032  lr=2.28e-05
Running Validation...
Ep 345/500  total_loss=3.6265  tr_acc=0.9977  val_acc=0.8783  val_auroc=0.9403  val_f1=0.8487  lr=2.25e-05
Running Validation...
Ep 346/500  total_loss=3.6046  tr_acc=0.9970  val_acc=0.8624  val_auroc=0.9329  val_f1=0.8253  lr=2.23e-05
Running Validation...
Ep 347/500  total_loss=3.6389  tr_acc=0.9947  val_acc=0.8571  val_auroc=0.9377  val_f1=0.8172  lr=2.20e-05
Running Validation...
Ep 348/500  total_loss=3.6394  tr_acc=0.9962  val_acc=0.8466  val_auroc=0.9348  val_f1=0.8217  lr=2.18e-05
Running Validation...
Ep 349/500  total_loss=3.6789  tr_acc=0.9939  val_acc=0.8360  val_auroc=0.9414  val_f1=0.7883  lr=2.15e-05
Running Validation...
Ep 350/500  total_loss=3.6492  tr_acc=0.9954  val_acc=0.8624  val_auroc=0.9467  val_f1=0.8255  lr=2.13e-05
Running Validation...
Ep 351/500  total_loss=3.6422  tr_acc=0.9962  val_acc=0.8413  val_auroc=0.9408  val_f1=0.7989  lr=2.10e-05
Running Validation...
Ep 352/500  total_loss=3.6069  tr_acc=0.9977  val_acc=0.8413  val_auroc=0.9418  val_f1=0.7958  lr=2.07e-05
Running Validation...
Ep 353/500  total_loss=3.6482  tr_acc=0.9970  val_acc=0.8360  val_auroc=0.9388  val_f1=0.7824  lr=2.05e-05
Running Validation...
Ep 354/500  total_loss=3.6177  tr_acc=0.9962  val_acc=0.8519  val_auroc=0.9387  val_f1=0.8037  lr=2.02e-05
Running Validation...
Ep 355/500  total_loss=3.6526  tr_acc=0.9947  val_acc=0.8413  val_auroc=0.9374  val_f1=0.7860  lr=2.00e-05
Running Validation...
Ep 356/500  total_loss=3.6363  tr_acc=0.9970  val_acc=0.8466  val_auroc=0.9367  val_f1=0.8008  lr=1.97e-05
Running Validation...
Ep 357/500  total_loss=3.6690  tr_acc=0.9931  val_acc=0.8360  val_auroc=0.9350  val_f1=0.7827  lr=1.95e-05
Running Validation...
Ep 358/500  total_loss=3.6137  tr_acc=0.9985  val_acc=0.8519  val_auroc=0.9422  val_f1=0.8065  lr=1.92e-05
Running Validation...
Ep 359/500  total_loss=3.6901  tr_acc=0.9931  val_acc=0.8571  val_auroc=0.9450  val_f1=0.8200  lr=1.90e-05
Running Validation...
Ep 360/500  total_loss=3.6430  tr_acc=0.9954  val_acc=0.8783  val_auroc=0.9430  val_f1=0.8484  lr=1.87e-05
Running Validation...
Ep 361/500  total_loss=3.5856  tr_acc=1.0000  val_acc=0.8624  val_auroc=0.9361  val_f1=0.8228  lr=1.85e-05
Running Validation...
Ep 362/500  total_loss=3.6227  tr_acc=0.9977  val_acc=0.8519  val_auroc=0.9413  val_f1=0.8123  lr=1.82e-05
Running Validation...
Ep 363/500  total_loss=3.6218  tr_acc=0.9962  val_acc=0.8466  val_auroc=0.9394  val_f1=0.8043  lr=1.80e-05
Running Validation...
Ep 364/500  total_loss=3.6449  tr_acc=0.9962  val_acc=0.8360  val_auroc=0.9417  val_f1=0.7901  lr=1.78e-05
Running Validation...
Ep 365/500  total_loss=3.6013  tr_acc=0.9985  val_acc=0.8360  val_auroc=0.9393  val_f1=0.7916  lr=1.75e-05
Running Validation...
Ep 366/500  total_loss=3.6270  tr_acc=0.9970  val_acc=0.8413  val_auroc=0.9450  val_f1=0.7995  lr=1.73e-05
Running Validation...
Ep 367/500  total_loss=3.6922  tr_acc=0.9916  val_acc=0.8413  val_auroc=0.9386  val_f1=0.7943  lr=1.70e-05
Running Validation...
Ep 368/500  total_loss=3.5876  tr_acc=0.9992  val_acc=0.8571  val_auroc=0.9425  val_f1=0.8225  lr=1.68e-05
Running Validation...
Ep 369/500  total_loss=3.6317  tr_acc=0.9970  val_acc=0.8571  val_auroc=0.9411  val_f1=0.8212  lr=1.66e-05
Running Validation...
Ep 370/500  total_loss=3.6271  tr_acc=0.9970  val_acc=0.8413  val_auroc=0.9434  val_f1=0.7912  lr=1.63e-05
Running Validation...
Ep 371/500  total_loss=3.6575  tr_acc=0.9970  val_acc=0.8677  val_auroc=0.9437  val_f1=0.8373  lr=1.61e-05
Running Validation...
Ep 372/500  total_loss=3.6201  tr_acc=0.9962  val_acc=0.8519  val_auroc=0.9438  val_f1=0.8225  lr=1.59e-05
Running Validation...
Ep 373/500  total_loss=3.6302  tr_acc=0.9954  val_acc=0.8413  val_auroc=0.9384  val_f1=0.8084  lr=1.56e-05
Running Validation...
Ep 374/500  total_loss=3.6854  tr_acc=0.9924  val_acc=0.8466  val_auroc=0.9351  val_f1=0.8140  lr=1.54e-05
Running Validation...
Ep 375/500  total_loss=3.5929  tr_acc=0.9992  val_acc=0.8519  val_auroc=0.9381  val_f1=0.8153  lr=1.52e-05
Running Validation...
Ep 376/500  total_loss=3.6066  tr_acc=0.9985  val_acc=0.8519  val_auroc=0.9433  val_f1=0.8231  lr=1.50e-05
Running Validation...
Ep 377/500  total_loss=3.6172  tr_acc=0.9977  val_acc=0.8624  val_auroc=0.9413  val_f1=0.8239  lr=1.47e-05
Running Validation...
Ep 378/500  total_loss=3.6523  tr_acc=0.9962  val_acc=0.8360  val_auroc=0.9400  val_f1=0.7889  lr=1.45e-05
Running Validation...
Ep 379/500  total_loss=3.6673  tr_acc=0.9939  val_acc=0.8571  val_auroc=0.9417  val_f1=0.8129  lr=1.43e-05
Running Validation...
Ep 380/500  total_loss=3.6200  tr_acc=0.9985  val_acc=0.8413  val_auroc=0.9455  val_f1=0.8030  lr=1.41e-05
Running Validation...
Ep 381/500  total_loss=3.5900  tr_acc=1.0000  val_acc=0.8624  val_auroc=0.9472  val_f1=0.8258  lr=1.38e-05
Running Validation...
Ep 382/500  total_loss=3.6007  tr_acc=0.9985  val_acc=0.8677  val_auroc=0.9416  val_f1=0.8341  lr=1.36e-05
Running Validation...
Ep 383/500  total_loss=3.5956  tr_acc=0.9985  val_acc=0.8677  val_auroc=0.9433  val_f1=0.8399  lr=1.34e-05
Running Validation...
Ep 384/500  total_loss=3.6168  tr_acc=0.9985  val_acc=0.8624  val_auroc=0.9426  val_f1=0.8295  lr=1.32e-05
Running Validation...
Ep 385/500  total_loss=3.6165  tr_acc=0.9970  val_acc=0.8413  val_auroc=0.9415  val_f1=0.7965  lr=1.30e-05
Running Validation...
Ep 386/500  total_loss=3.6179  tr_acc=0.9970  val_acc=0.8466  val_auroc=0.9414  val_f1=0.7960  lr=1.28e-05
Running Validation...
Ep 387/500  total_loss=3.6803  tr_acc=0.9931  val_acc=0.8624  val_auroc=0.9503  val_f1=0.8254  lr=1.26e-05
Running Validation...
Ep 388/500  total_loss=3.6620  tr_acc=0.9954  val_acc=0.8836  val_auroc=0.9436  val_f1=0.8621  lr=1.23e-05
Running Validation...
Ep 389/500  total_loss=3.6333  tr_acc=0.9977  val_acc=0.8624  val_auroc=0.9476  val_f1=0.8258  lr=1.21e-05
Running Validation...
Ep 390/500  total_loss=3.6520  tr_acc=0.9954  val_acc=0.8571  val_auroc=0.9479  val_f1=0.8175  lr=1.19e-05
Running Validation...
Ep 391/500  total_loss=3.6054  tr_acc=0.9985  val_acc=0.8519  val_auroc=0.9516  val_f1=0.8073  lr=1.17e-05
Running Validation...
Ep 392/500  total_loss=3.6246  tr_acc=0.9970  val_acc=0.8413  val_auroc=0.9451  val_f1=0.7836  lr=1.15e-05
Running Validation...
Ep 393/500  total_loss=3.6262  tr_acc=0.9970  val_acc=0.8677  val_auroc=0.9467  val_f1=0.8344  lr=1.13e-05
Running Validation...
Ep 394/500  total_loss=3.5845  tr_acc=1.0000  val_acc=0.8571  val_auroc=0.9459  val_f1=0.8107  lr=1.11e-05
Running Validation...
Ep 395/500  total_loss=3.6253  tr_acc=0.9962  val_acc=0.8413  val_auroc=0.9469  val_f1=0.7868  lr=1.09e-05
Running Validation...
Ep 396/500  total_loss=3.5874  tr_acc=1.0000  val_acc=0.8413  val_auroc=0.9455  val_f1=0.7966  lr=1.07e-05
Running Validation...
Ep 397/500  total_loss=3.5870  tr_acc=1.0000  val_acc=0.8466  val_auroc=0.9475  val_f1=0.8030  lr=1.05e-05
Running Validation...
Ep 398/500  total_loss=3.5861  tr_acc=1.0000  val_acc=0.8413  val_auroc=0.9422  val_f1=0.7873  lr=1.03e-05
Running Validation...
Ep 399/500  total_loss=3.6029  tr_acc=0.9992  val_acc=0.8466  val_auroc=0.9466  val_f1=0.8003  lr=1.01e-05
Running Validation...
Ep 400/500  total_loss=3.6363  tr_acc=0.9970  val_acc=0.8519  val_auroc=0.9471  val_f1=0.8097  lr=9.94e-06
Running Validation...
Ep 401/500  total_loss=3.6923  tr_acc=0.9931  val_acc=0.8307  val_auroc=0.9404  val_f1=0.7756  lr=9.75e-06
Running Validation...
Ep 402/500  total_loss=3.5931  tr_acc=0.9985  val_acc=0.8413  val_auroc=0.9400  val_f1=0.7950  lr=9.56e-06
Running Validation...
Ep 403/500  total_loss=3.6336  tr_acc=0.9970  val_acc=0.8677  val_auroc=0.9421  val_f1=0.8298  lr=9.38e-06
Running Validation...
Ep 404/500  total_loss=3.6101  tr_acc=0.9977  val_acc=0.8783  val_auroc=0.9419  val_f1=0.8551  lr=9.19e-06
Running Validation...
Ep 405/500  total_loss=3.6146  tr_acc=0.9977  val_acc=0.8624  val_auroc=0.9402  val_f1=0.8298  lr=9.01e-06
Running Validation...
Ep 406/500  total_loss=3.6330  tr_acc=0.9947  val_acc=0.8730  val_auroc=0.9411  val_f1=0.8444  lr=8.83e-06
Running Validation...
Ep 407/500  total_loss=3.6363  tr_acc=0.9954  val_acc=0.8624  val_auroc=0.9476  val_f1=0.8316  lr=8.65e-06
Running Validation...
Ep 408/500  total_loss=3.5918  tr_acc=0.9992  val_acc=0.8624  val_auroc=0.9398  val_f1=0.8298  lr=8.47e-06
Running Validation...
Ep 409/500  total_loss=3.6172  tr_acc=0.9977  val_acc=0.8677  val_auroc=0.9424  val_f1=0.8359  lr=8.29e-06
Running Validation...
Ep 410/500  total_loss=3.6218  tr_acc=0.9977  val_acc=0.8783  val_auroc=0.9468  val_f1=0.8500  lr=8.12e-06
Running Validation...
Ep 411/500  total_loss=3.6079  tr_acc=0.9985  val_acc=0.8677  val_auroc=0.9485  val_f1=0.8333  lr=7.94e-06
Running Validation...
Ep 412/500  total_loss=3.6722  tr_acc=0.9954  val_acc=0.8677  val_auroc=0.9453  val_f1=0.8355  lr=7.77e-06
Running Validation...
Ep 413/500  total_loss=3.6447  tr_acc=0.9954  val_acc=0.8571  val_auroc=0.9456  val_f1=0.8229  lr=7.60e-06
Running Validation...
Ep 414/500  total_loss=3.6084  tr_acc=0.9970  val_acc=0.8519  val_auroc=0.9396  val_f1=0.8056  lr=7.43e-06
Running Validation...
Ep 415/500  total_loss=3.6242  tr_acc=0.9962  val_acc=0.8466  val_auroc=0.9428  val_f1=0.8042  lr=7.27e-06
Running Validation...
Ep 416/500  total_loss=3.6029  tr_acc=0.9985  val_acc=0.8466  val_auroc=0.9407  val_f1=0.8011  lr=7.10e-06
Running Validation...
Ep 417/500  total_loss=3.6266  tr_acc=0.9970  val_acc=0.8466  val_auroc=0.9381  val_f1=0.8040  lr=6.94e-06
Running Validation...
Ep 418/500  total_loss=3.5910  tr_acc=0.9992  val_acc=0.8519  val_auroc=0.9410  val_f1=0.8162  lr=6.78e-06
Running Validation...
Ep 419/500  total_loss=3.6099  tr_acc=0.9970  val_acc=0.8413  val_auroc=0.9432  val_f1=0.7896  lr=6.62e-06
Running Validation...
Ep 420/500  total_loss=3.6085  tr_acc=0.9977  val_acc=0.8519  val_auroc=0.9423  val_f1=0.8032  lr=6.46e-06
Running Validation...
Ep 421/500  total_loss=3.6078  tr_acc=0.9970  val_acc=0.8677  val_auroc=0.9417  val_f1=0.8294  lr=6.30e-06
Running Validation...
Ep 422/500  total_loss=3.6283  tr_acc=0.9970  val_acc=0.8730  val_auroc=0.9388  val_f1=0.8455  lr=6.15e-06
Running Validation...
Ep 423/500  total_loss=3.6058  tr_acc=0.9977  val_acc=0.8624  val_auroc=0.9452  val_f1=0.8270  lr=5.99e-06
Running Validation...
Ep 424/500  total_loss=3.6869  tr_acc=0.9931  val_acc=0.8519  val_auroc=0.9426  val_f1=0.8088  lr=5.84e-06
Running Validation...
Ep 425/500  total_loss=3.6149  tr_acc=0.9977  val_acc=0.8519  val_auroc=0.9378  val_f1=0.8076  lr=5.69e-06
Running Validation...
Ep 426/500  total_loss=3.6205  tr_acc=0.9970  val_acc=0.8677  val_auroc=0.9445  val_f1=0.8374  lr=5.55e-06
Running Validation...
Ep 427/500  total_loss=3.5942  tr_acc=0.9992  val_acc=0.8730  val_auroc=0.9469  val_f1=0.8497  lr=5.40e-06
Running Validation...
Ep 428/500  total_loss=3.5918  tr_acc=0.9992  val_acc=0.8730  val_auroc=0.9427  val_f1=0.8434  lr=5.26e-06
Running Validation...
Ep 429/500  total_loss=3.6291  tr_acc=0.9970  val_acc=0.8624  val_auroc=0.9433  val_f1=0.8313  lr=5.11e-06
Running Validation...
Ep 430/500  total_loss=3.6125  tr_acc=0.9985  val_acc=0.8571  val_auroc=0.9447  val_f1=0.8225  lr=4.97e-06
Running Validation...
Ep 431/500  total_loss=3.6043  tr_acc=0.9992  val_acc=0.8677  val_auroc=0.9446  val_f1=0.8390  lr=4.84e-06
Running Validation...
Ep 432/500  total_loss=3.6080  tr_acc=0.9985  val_acc=0.8783  val_auroc=0.9479  val_f1=0.8558  lr=4.70e-06
Running Validation...
Ep 433/500  total_loss=3.5843  tr_acc=1.0000  val_acc=0.8571  val_auroc=0.9469  val_f1=0.8241  lr=4.57e-06
Running Validation...
Ep 434/500  total_loss=3.6464  tr_acc=0.9947  val_acc=0.8677  val_auroc=0.9445  val_f1=0.8419  lr=4.43e-06
Running Validation...
Ep 435/500  total_loss=3.6221  tr_acc=0.9970  val_acc=0.8571  val_auroc=0.9440  val_f1=0.8251  lr=4.30e-06
Running Validation...
Ep 436/500  total_loss=3.5847  tr_acc=1.0000  val_acc=0.8519  val_auroc=0.9412  val_f1=0.8150  lr=4.17e-06
Running Validation...
Ep 437/500  total_loss=3.6296  tr_acc=0.9977  val_acc=0.8571  val_auroc=0.9433  val_f1=0.8194  lr=4.04e-06
Running Validation...
Ep 438/500  total_loss=3.6265  tr_acc=0.9947  val_acc=0.8624  val_auroc=0.9464  val_f1=0.8352  lr=3.92e-06
Running Validation...
Ep 439/500  total_loss=3.6375  tr_acc=0.9954  val_acc=0.8730  val_auroc=0.9498  val_f1=0.8459  lr=3.80e-06
Running Validation...
Ep 440/500  total_loss=3.6575  tr_acc=0.9962  val_acc=0.8730  val_auroc=0.9492  val_f1=0.8459  lr=3.67e-06
Running Validation...
Ep 441/500  total_loss=3.6524  tr_acc=0.9931  val_acc=0.8677  val_auroc=0.9443  val_f1=0.8350  lr=3.55e-06
Running Validation...
Ep 442/500  total_loss=3.6134  tr_acc=0.9977  val_acc=0.8677  val_auroc=0.9529  val_f1=0.8390  lr=3.44e-06
Running Validation...
Ep 443/500  total_loss=3.6702  tr_acc=0.9909  val_acc=0.8677  val_auroc=0.9483  val_f1=0.8390  lr=3.32e-06
Running Validation...
Ep 444/500  total_loss=3.6110  tr_acc=0.9977  val_acc=0.8730  val_auroc=0.9501  val_f1=0.8491  lr=3.21e-06
Running Validation...
Ep 445/500  total_loss=3.6001  tr_acc=0.9985  val_acc=0.8730  val_auroc=0.9503  val_f1=0.8459  lr=3.09e-06
Running Validation...
Ep 446/500  total_loss=3.6367  tr_acc=0.9970  val_acc=0.8783  val_auroc=0.9496  val_f1=0.8519  lr=2.98e-06
Running Validation...
Ep 447/500  total_loss=3.6033  tr_acc=0.9985  val_acc=0.8677  val_auroc=0.9465  val_f1=0.8374  lr=2.88e-06
Running Validation...
Ep 448/500  total_loss=3.6025  tr_acc=0.9985  val_acc=0.8783  val_auroc=0.9473  val_f1=0.8520  lr=2.77e-06
Running Validation...
Ep 449/500  total_loss=3.5844  tr_acc=1.0000  val_acc=0.8624  val_auroc=0.9460  val_f1=0.8313  lr=2.67e-06
Running Validation...
Ep 450/500  total_loss=3.5858  tr_acc=1.0000  val_acc=0.8466  val_auroc=0.9501  val_f1=0.8188  lr=2.56e-06
Running Validation...
Ep 451/500  total_loss=3.5855  tr_acc=1.0000  val_acc=0.8677  val_auroc=0.9462  val_f1=0.8435  lr=2.46e-06
Running Validation...
Ep 452/500  total_loss=3.6578  tr_acc=0.9962  val_acc=0.8519  val_auroc=0.9462  val_f1=0.8134  lr=2.36e-06
Running Validation...
Ep 453/500  total_loss=3.6346  tr_acc=0.9962  val_acc=0.8677  val_auroc=0.9471  val_f1=0.8435  lr=2.27e-06
Running Validation...
Ep 454/500  total_loss=3.6094  tr_acc=0.9985  val_acc=0.8730  val_auroc=0.9472  val_f1=0.8497  lr=2.17e-06
Running Validation...
Ep 455/500  total_loss=3.6016  tr_acc=0.9985  val_acc=0.8624  val_auroc=0.9476  val_f1=0.8298  lr=2.08e-06
Running Validation...
Ep 456/500  total_loss=3.5978  tr_acc=0.9992  val_acc=0.8783  val_auroc=0.9521  val_f1=0.8535  lr=1.99e-06
Running Validation...
Ep 457/500  total_loss=3.6444  tr_acc=0.9962  val_acc=0.8624  val_auroc=0.9477  val_f1=0.8245  lr=1.90e-06
Running Validation...
Ep 458/500  total_loss=3.5999  tr_acc=0.9985  val_acc=0.8677  val_auroc=0.9481  val_f1=0.8394  lr=1.81e-06
Running Validation...
Ep 459/500  total_loss=3.6938  tr_acc=0.9947  val_acc=0.8571  val_auroc=0.9452  val_f1=0.8194  lr=1.73e-06
Running Validation...
Ep 460/500  total_loss=3.6552  tr_acc=0.9947  val_acc=0.8571  val_auroc=0.9499  val_f1=0.8194  lr=1.65e-06
Running Validation...
Ep 461/500  total_loss=3.6468  tr_acc=0.9947  val_acc=0.8677  val_auroc=0.9485  val_f1=0.8374  lr=1.57e-06
Running Validation...
Ep 462/500  total_loss=3.6512  tr_acc=0.9954  val_acc=0.8730  val_auroc=0.9520  val_f1=0.8459  lr=1.49e-06
Running Validation...
Ep 463/500  total_loss=3.6219  tr_acc=0.9962  val_acc=0.8519  val_auroc=0.9404  val_f1=0.8163  lr=1.41e-06
Running Validation...
Ep 464/500  total_loss=3.6190  tr_acc=0.9970  val_acc=0.8677  val_auroc=0.9510  val_f1=0.8373  lr=1.34e-06
Running Validation...
Ep 465/500  total_loss=3.6211  tr_acc=0.9977  val_acc=0.8571  val_auroc=0.9477  val_f1=0.8225  lr=1.26e-06
Running Validation...
Ep 466/500  total_loss=3.5952  tr_acc=0.9970  val_acc=0.8624  val_auroc=0.9525  val_f1=0.8313  lr=1.19e-06
Running Validation...
Ep 467/500  total_loss=3.6067  tr_acc=0.9977  val_acc=0.8730  val_auroc=0.9523  val_f1=0.8475  lr=1.12e-06
Running Validation...
Ep 468/500  total_loss=3.6345  tr_acc=0.9970  val_acc=0.8519  val_auroc=0.9505  val_f1=0.8163  lr=1.06e-06
Running Validation...
Ep 469/500  total_loss=3.6022  tr_acc=0.9985  val_acc=0.8624  val_auroc=0.9504  val_f1=0.8330  lr=9.91e-07
Running Validation...
Ep 470/500  total_loss=3.6571  tr_acc=0.9954  val_acc=0.8677  val_auroc=0.9527  val_f1=0.8435  lr=9.29e-07
Running Validation...
Ep 471/500  total_loss=3.5848  tr_acc=1.0000  val_acc=0.8677  val_auroc=0.9510  val_f1=0.8361  lr=8.68e-07
Running Validation...
Ep 472/500  total_loss=3.5869  tr_acc=1.0000  val_acc=0.8730  val_auroc=0.9482  val_f1=0.8475  lr=8.50e-07
Running Validation...
Ep 473/500  total_loss=3.6008  tr_acc=0.9992  val_acc=0.8519  val_auroc=0.9464  val_f1=0.8123  lr=8.50e-07
Running Validation...
Ep 474/500  total_loss=3.5989  tr_acc=0.9985  val_acc=0.8624  val_auroc=0.9525  val_f1=0.8330  lr=8.50e-07
Running Validation...
Ep 475/500  total_loss=3.5872  tr_acc=0.9992  val_acc=0.8519  val_auroc=0.9493  val_f1=0.8134  lr=8.50e-07
Running Validation...
Ep 476/500  total_loss=3.6612  tr_acc=0.9939  val_acc=0.8677  val_auroc=0.9514  val_f1=0.8414  lr=8.50e-07
Running Validation...
Ep 477/500  total_loss=3.6058  tr_acc=0.9992  val_acc=0.8677  val_auroc=0.9497  val_f1=0.8349  lr=8.50e-07
Running Validation...
Ep 478/500  total_loss=3.6055  tr_acc=0.9970  val_acc=0.8571  val_auroc=0.9463  val_f1=0.8248  lr=8.50e-07
Running Validation...
Ep 479/500  total_loss=3.6513  tr_acc=0.9954  val_acc=0.8730  val_auroc=0.9514  val_f1=0.8475  lr=8.50e-07
Running Validation...
Ep 480/500  total_loss=3.6435  tr_acc=0.9977  val_acc=0.8730  val_auroc=0.9479  val_f1=0.8459  lr=8.50e-07
Running Validation...
Ep 481/500  total_loss=3.6082  tr_acc=0.9985  val_acc=0.8624  val_auroc=0.9502  val_f1=0.8302  lr=8.50e-07
Running Validation...
Ep 482/500  total_loss=3.6762  tr_acc=0.9939  val_acc=0.8624  val_auroc=0.9484  val_f1=0.8270  lr=8.50e-07
Running Validation...
Ep 483/500  total_loss=3.6473  tr_acc=0.9947  val_acc=0.8624  val_auroc=0.9514  val_f1=0.8330  lr=8.50e-07
Running Validation...
Ep 484/500  total_loss=3.6149  tr_acc=0.9970  val_acc=0.8624  val_auroc=0.9545  val_f1=0.8346  lr=8.50e-07
Running Validation...
Ep 485/500  total_loss=3.6235  tr_acc=0.9970  val_acc=0.8624  val_auroc=0.9446  val_f1=0.8313  lr=8.50e-07
Running Validation...
Ep 486/500  total_loss=3.6625  tr_acc=0.9947  val_acc=0.8519  val_auroc=0.9470  val_f1=0.8163  lr=8.50e-07
Running Validation...
Ep 487/500  total_loss=3.6507  tr_acc=0.9947  val_acc=0.8730  val_auroc=0.9503  val_f1=0.8475  lr=8.50e-07
Running Validation...
Ep 488/500  total_loss=3.6163  tr_acc=0.9970  val_acc=0.8624  val_auroc=0.9461  val_f1=0.8313  lr=8.50e-07
Running Validation...
Ep 489/500  total_loss=3.5888  tr_acc=0.9992  val_acc=0.8624  val_auroc=0.9533  val_f1=0.8286  lr=8.50e-07
Running Validation...
Ep 490/500  total_loss=3.6146  tr_acc=0.9977  val_acc=0.8730  val_auroc=0.9479  val_f1=0.8490  lr=8.50e-07
Running Validation...
Ep 491/500  total_loss=3.5977  tr_acc=0.9992  val_acc=0.8730  val_auroc=0.9537  val_f1=0.8491  lr=8.50e-07
Running Validation...
Ep 492/500  total_loss=3.6330  tr_acc=0.9954  val_acc=0.8571  val_auroc=0.9485  val_f1=0.8251  lr=8.50e-07
Running Validation...
Ep 493/500  total_loss=3.6236  tr_acc=0.9962  val_acc=0.8677  val_auroc=0.9508  val_f1=0.8390  lr=8.50e-07
Running Validation...
Ep 494/500  total_loss=3.6451  tr_acc=0.9947  val_acc=0.8571  val_auroc=0.9483  val_f1=0.8225  lr=8.50e-07
Running Validation...
Ep 495/500  total_loss=3.5846  tr_acc=1.0000  val_acc=0.8571  val_auroc=0.9516  val_f1=0.8242  lr=8.50e-07
Running Validation...
Ep 496/500  total_loss=3.6170  tr_acc=0.9977  val_acc=0.8730  val_auroc=0.9483  val_f1=0.8497  lr=8.50e-07
Running Validation...
Ep 497/500  total_loss=3.5963  tr_acc=0.9992  val_acc=0.8624  val_auroc=0.9521  val_f1=0.8238  lr=8.50e-07
Running Validation...
Ep 498/500  total_loss=3.6270  tr_acc=0.9970  val_acc=0.8677  val_auroc=0.9487  val_f1=0.8426  lr=8.50e-07
Running Validation...
Ep 499/500  total_loss=3.6146  tr_acc=0.9977  val_acc=0.8677  val_auroc=0.9488  val_f1=0.8447  lr=8.50e-07
Running Validation...
Ep 500/500  total_loss=3.6034  tr_acc=0.9985  val_acc=0.8677  val_auroc=0.9488  val_f1=0.8431  lr=8.50e-07
Training complete. Best AUROC: 0.9605, Best F1: 0.8621
Loaded best model from best_f1_model.pt (epoch 388)
Running Validation (final)...

Binary fairness (Validation):
  Acc_light: 0.8882  (FST I–III)
  Acc_dark : 0.8667  (FST IV–VI)
  Acc_gap  : 0.0215
  DP_diff  : 0.0665
  EOpp0    : 0.0578
  EOpp1    : 0.0471
  EOdd     : 0.0525
Running Test...

[DisCo ResNet-18] Test KNN (k=5) accuracy: 0.9139

Binary fairness (Test):
  Acc_light: 0.9240  (FST I–III)
  Acc_dark : 0.8431  (FST IV–VI)
  DP_diff  : 0.1442
  EOpp0    : 0.2568
  EOpp1    : 0.1292
  EOdd     : 0.1930
  Acc_gap  : 0.0809

Evaluating on fitzpatrick17k
Running Cross-eval: fitzpatrick17k...

Binary fairness (fitzpatrick17k):
  Acc_light: 0.5909  (FST I–III)
  Acc_dark : 0.5303  (FST IV–VI)
  DP_diff  : 0.0241
  EOpp0    : 0.0556
  EOpp1    : 0.0620
  EOdd     : 0.0588
  Acc_gap  : 0.0607

Evaluating on padufes20
Running Cross-eval: padufes20...

Binary fairness (padufes20):
  Acc_light: 0.9215  (FST I–III)
  Acc_dark : 0.8571  (FST IV–VI)
  DP_diff  : 0.1757
  EOpp0    : 0.1162
  EOpp1    : 0.0748
  EOdd     : 0.0955
  Acc_gap  : 0.0644

Evaluating on isic2019
Running Cross-eval: isic2019...

Binary fairness (isic2019):
  Acc_light: nan  (FST I–III)
  Acc_dark : nan  (FST IV–VI)
  DP_diff  : nan
  EOpp0    : nan
  EOpp1    : nan
  EOdd     : nan
  Acc_gap  : nan

Cross-dataset summary:
                 accuracy     auroc  precision  ...       EOM       PQD       DPM
fitzpatrick17k  0.574986  0.750888   0.597483  ...  0.745186  0.781714  0.688288
padufes20       0.848379  0.840338   0.693353  ...  0.657071  0.842105  0.254897
isic2019        0.757769  0.843956   0.698246  ...       NaN       NaN       NaN

[3 rows x 10 columns]

All results saved to outputs_DisCo_resnet18/results_DisCo_resnet18
Checkpoints saved to outputs_DisCo_resnet18/checkpoints_DisCo_resnet18
=========================================
Finished: Wed Jun 24 04:35:13 PM CEST 2026
Exit code: 0

[DONE] Training completed successfully.
Outputs:
  Checkpoints → 20260623-process/outputs_DisCo_resnet18/checkpoints/
  Results     → 20260623-process/outputs_DisCo_resnet18/results/
  CSVs        → 20260623-process/outputs_DisCo_resnet18/csvs/
