=========================================
Job:       train_Modality_Invariance_vit  (412723)
Node:      bigpu06
Started:   Tue May 26 10:01:27 AM CEST 2026
=========================================
[INFO] No HF token found at /users/jlacmou/.hf_token — downloads may be slow.
[INFO] No kaggle.json found in process_Modality_Invariance_vit. Relying on ~/.kaggle/ or env vars.
[SETUP] Creating virtual environment...
[SETUP] Installing / verifying Python dependencies...

── GPU info ──────────────────────────────
Tesla V100-PCIE-32GB, 32768 MiB, 575.57.08
PyTorch : 2.12.0+cu126
CUDA    : 12.6
Devices : 1
GPU 0   : Tesla V100-PCIE-32GB
VRAM    : 34.1 GB
──────────────────────────────────────────

[CHECK] Validating dataset roots...
  [MISSING] process_Modality_Invariance_vit/data/datasets/asosenge/hibaskinlesionsdataset-main  ← Attempting to download via Kaggle CLI...
Dataset URL: https://www.kaggle.com/datasets/asosenge/hibaskinlesionsdataset-main
License(s): other
Downloading hibaskinlesionsdataset-main.zip to process_Modality_Invariance_vit/data/datasets/asosenge/hibaskinlesionsdataset-main

  [DOWNLOADED] process_Modality_Invariance_vit/data/datasets/asosenge/hibaskinlesionsdataset-main
  [MISSING] process_Modality_Invariance_vit/data/datasets/asosenge/fitzpatrick17k  ← Attempting to download via Kaggle CLI...
Dataset URL: https://www.kaggle.com/datasets/asosenge/fitzpatrick17k
License(s): other
Downloading fitzpatrick17k.zip to process_Modality_Invariance_vit/data/datasets/asosenge/fitzpatrick17k

  [DOWNLOADED] process_Modality_Invariance_vit/data/datasets/asosenge/fitzpatrick17k
  [MISSING] process_Modality_Invariance_vit/data/datasets/asosenge/ham10000  ← Attempting to download via Kaggle CLI...
Dataset URL: https://www.kaggle.com/datasets/asosenge/ham10000
License(s): Attribution-NonCommercial 4.0 International (CC BY-NC 4.0)
Downloading ham10000.zip to process_Modality_Invariance_vit/data/datasets/asosenge/ham10000

  [DOWNLOADED] process_Modality_Invariance_vit/data/datasets/asosenge/ham10000
  [MISSING] process_Modality_Invariance_vit/data/datasets/asosenge/derm7pt  ← Attempting to download via Kaggle CLI...
Dataset URL: https://www.kaggle.com/datasets/asosenge/derm7pt
License(s): other
Downloading derm7pt.zip to process_Modality_Invariance_vit/data/datasets/asosenge/derm7pt

  [DOWNLOADED] process_Modality_Invariance_vit/data/datasets/asosenge/derm7pt
  [MISSING] process_Modality_Invariance_vit/data/datasets/mahdavi1202/skin-cancer  ← Attempting to download via Kaggle CLI...
Dataset URL: https://www.kaggle.com/datasets/mahdavi1202/skin-cancer
License(s): Attribution 4.0 International (CC BY 4.0)
Downloading skin-cancer.zip to process_Modality_Invariance_vit/data/datasets/mahdavi1202/skin-cancer

  [DOWNLOADED] process_Modality_Invariance_vit/data/datasets/mahdavi1202/skin-cancer
  [MISSING] process_Modality_Invariance_vit/data/datasets/sengenjih/isic2019  ← Attempting to download via Kaggle CLI...
Dataset URL: https://www.kaggle.com/datasets/sengenjih/isic2019
License(s): Attribution-NonCommercial 4.0 International (CC BY-NC 4.0)
Downloading isic2019.zip to process_Modality_Invariance_vit/data/datasets/sengenjih/isic2019

  [DOWNLOADED] process_Modality_Invariance_vit/data/datasets/sengenjih/isic2019

[CONVERT] Converting notebook to Python script...
[PATCH] Redirecting Kaggle paths → cluster paths...
  DATA_ROOT  → process_Modality_Invariance_vit/data/datasets
  WORK_ROOT  → process_Modality_Invariance_vit/outputs
  BB_CACHE   → process_Modality_Invariance_vit/backbone_cache
  Patch applied successfully.

[RUN] Starting training — Tue May 26 10:22:41 AM CEST 2026
=========================================
Device: cuda
Checking configured paths:
  WORK_ROOT : outputs  [OK]
  CSV_DIR   : outputs/csvs  [OK]
  hiba           : process_Modality_Invariance_vit/data/datasets/asosenge/hibaskinlesionsdataset-main/HIBASkinLesionsDataset-main/images  [OK]
  fitzpatrick17k : process_Modality_Invariance_vit/data/datasets/asosenge/fitzpatrick17k/fitzpatrick17k/data/finalfitz17k  [OK]
  ham10000       : process_Modality_Invariance_vit/data/datasets/asosenge/ham10000/HAM10000  [OK]
  derm7pt        : process_Modality_Invariance_vit/data/datasets/asosenge/derm7pt/release_v0/images  [OK]
  padufes20      : process_Modality_Invariance_vit/data/datasets/mahdavi1202/skin-cancer  [OK]
  isic2019       : process_Modality_Invariance_vit/data/datasets/sengenjih/isic2019  [OK]
CSV dir      : outputs/csvs
Checkpoints  : outputs/checkpoints_Modality_Invariance_vit
Results      : outputs/results_Modality_Invariance_vit
Dataset roots:
  hiba           : process_Modality_Invariance_vit/data/datasets/asosenge/hibaskinlesionsdataset-main/HIBASkinLesionsDataset-main/images
  fitzpatrick17k : process_Modality_Invariance_vit/data/datasets/asosenge/fitzpatrick17k/fitzpatrick17k/data/finalfitz17k
  ham10000       : process_Modality_Invariance_vit/data/datasets/asosenge/ham10000/HAM10000
  derm7pt        : process_Modality_Invariance_vit/data/datasets/asosenge/derm7pt/release_v0/images
  padufes20      : process_Modality_Invariance_vit/data/datasets/mahdavi1202/skin-cancer
  isic2019       : process_Modality_Invariance_vit/data/datasets/sengenjih/isic2019
[INFO] Built image map for hiba: 1616 entries
[INFO] Built image map for fitzpatrick17k: 16577 entries
[INFO] Built image map for ham10000: 20030 entries
[INFO] Built image map for derm7pt: 2013 entries
[INFO] Built image map for padufes20: 2298 entries
[INFO] Built image map for isic2019: 33569 entries
[INFO] Loaded derm7pt paired eval set: 869 samples
[INFO] Loaded padufes20 unpaired eval set: 2063 samples
[INFO] Loaded isic2019 unpaired eval set: 27551 samples
Train batches: 273, Val batches: 59
Test batches: 59
Cross-eval loaders: ['derm7pt', 'padufes20', 'isic2019']
Class weights: [0.645 0.19  0.887 1.601 1.678]
Running Validation...
Ep   1/500  loss=6.6095  tr_acc=0.2038  val_acc=0.2197  val_auroc=0.4995  val_f1=0.1348  lr=5.10e-07
Running Validation...
Ep   2/500  loss=6.4596  tr_acc=0.2141  val_acc=0.1797  val_auroc=0.5155  val_f1=0.1197  lr=7.65e-07
Running Validation...
Ep   3/500  loss=6.2841  tr_acc=0.2190  val_acc=0.1328  val_auroc=0.5380  val_f1=0.1018  lr=1.02e-06
Running Validation...
Ep   4/500  loss=6.1346  tr_acc=0.2427  val_acc=0.1195  val_auroc=0.5844  val_f1=0.0938  lr=1.28e-06
Running Validation...
Ep   5/500  loss=6.0121  tr_acc=0.2508  val_acc=0.1013  val_auroc=0.6347  val_f1=0.0979  lr=1.53e-06
Running Validation...
Ep   6/500  loss=5.9087  tr_acc=0.2687  val_acc=0.0907  val_auroc=0.6734  val_f1=0.0914  lr=1.79e-06
Running Validation...
Ep   7/500  loss=5.8477  tr_acc=0.2929  val_acc=0.0885  val_auroc=0.7210  val_f1=0.0973  lr=2.04e-06
Running Validation...
Ep   8/500  loss=5.7317  tr_acc=0.3289  val_acc=0.0981  val_auroc=0.7573  val_f1=0.1094  lr=2.30e-06
Running Validation...
Ep   9/500  loss=5.6445  tr_acc=0.3306  val_acc=0.0992  val_auroc=0.7860  val_f1=0.1167  lr=2.55e-06
Running Validation...
Ep  10/500  loss=5.5414  tr_acc=0.3397  val_acc=0.0992  val_auroc=0.8005  val_f1=0.1043  lr=2.80e-06
Running Validation...
Ep  11/500  loss=5.4573  tr_acc=0.3423  val_acc=0.0997  val_auroc=0.8430  val_f1=0.1145  lr=3.06e-06
Running Validation...
Ep  12/500  loss=5.3636  tr_acc=0.3641  val_acc=0.1008  val_auroc=0.8596  val_f1=0.1117  lr=3.32e-06
Running Validation...
Ep  13/500  loss=5.2448  tr_acc=0.3631  val_acc=0.1013  val_auroc=0.8701  val_f1=0.0965  lr=3.57e-06
Running Validation...
Ep  14/500  loss=5.1517  tr_acc=0.3715  val_acc=0.1035  val_auroc=0.8832  val_f1=0.1139  lr=3.82e-06
Running Validation...
Ep  15/500  loss=5.0650  tr_acc=0.3734  val_acc=0.1035  val_auroc=0.8979  val_f1=0.0938  lr=4.08e-06
Running Validation...
Ep  16/500  loss=4.9739  tr_acc=0.3724  val_acc=0.1072  val_auroc=0.9012  val_f1=0.0963  lr=4.33e-06
Running Validation...
Ep  17/500  loss=4.8751  tr_acc=0.3939  val_acc=0.1072  val_auroc=0.9074  val_f1=0.0850  lr=4.59e-06
Running Validation...
Ep  18/500  loss=4.7742  tr_acc=0.4065  val_acc=0.1291  val_auroc=0.9162  val_f1=0.1451  lr=4.85e-06
Running Validation...
Ep  19/500  loss=4.6511  tr_acc=0.4323  val_acc=0.1637  val_auroc=0.9245  val_f1=0.2127  lr=5.10e-06
Running Validation...
Ep  20/500  loss=4.5626  tr_acc=0.4843  val_acc=0.1963  val_auroc=0.9223  val_f1=0.2648  lr=5.35e-06
Running Validation...
Ep  21/500  loss=4.4795  tr_acc=0.5272  val_acc=0.2224  val_auroc=0.9245  val_f1=0.3063  lr=5.61e-06
Running Validation...
Ep  22/500  loss=4.4272  tr_acc=0.5722  val_acc=0.2203  val_auroc=0.9259  val_f1=0.3119  lr=5.87e-06
Running Validation...
Ep  23/500  loss=4.3189  tr_acc=0.6133  val_acc=0.2784  val_auroc=0.9403  val_f1=0.3609  lr=6.12e-06
Running Validation...
Ep  24/500  loss=4.2515  tr_acc=0.6715  val_acc=0.2635  val_auroc=0.9331  val_f1=0.3721  lr=6.37e-06
Running Validation...
Ep  25/500  loss=4.1758  tr_acc=0.6933  val_acc=0.2784  val_auroc=0.9320  val_f1=0.3726  lr=6.63e-06
Running Validation...
Ep  26/500  loss=4.1369  tr_acc=0.7250  val_acc=0.2779  val_auroc=0.9218  val_f1=0.3477  lr=6.89e-06
Running Validation...
Ep  27/500  loss=4.0866  tr_acc=0.7421  val_acc=0.3755  val_auroc=0.9317  val_f1=0.4406  lr=7.14e-06
Running Validation...
Ep  28/500  loss=4.0267  tr_acc=0.7848  val_acc=0.4603  val_auroc=0.9309  val_f1=0.4905  lr=7.39e-06
Running Validation...
Ep  29/500  loss=3.9647  tr_acc=0.8106  val_acc=0.5392  val_auroc=0.9241  val_f1=0.5502  lr=7.65e-06
Running Validation...
Ep  30/500  loss=3.9585  tr_acc=0.8359  val_acc=0.6240  val_auroc=0.9354  val_f1=0.6037  lr=7.90e-06
Running Validation...
Ep  31/500  loss=3.9156  tr_acc=0.8640  val_acc=0.6672  val_auroc=0.9348  val_f1=0.6853  lr=8.16e-06
Running Validation...
Ep  32/500  loss=3.8843  tr_acc=0.8933  val_acc=0.7499  val_auroc=0.9238  val_f1=0.6984  lr=8.41e-06
Running Validation...
Ep  33/500  loss=3.8394  tr_acc=0.9190  val_acc=0.7755  val_auroc=0.9239  val_f1=0.7235  lr=8.67e-06
Running Validation...
Ep  34/500  loss=3.7943  tr_acc=0.9287  val_acc=0.7621  val_auroc=0.9297  val_f1=0.7261  lr=8.93e-06
Running Validation...
Ep  35/500  loss=3.8227  tr_acc=0.9311  val_acc=0.8283  val_auroc=0.9305  val_f1=0.7679  lr=9.18e-06
Running Validation...
Ep  36/500  loss=3.7909  tr_acc=0.9415  val_acc=0.7669  val_auroc=0.9222  val_f1=0.7070  lr=9.44e-06
Running Validation...
Ep  37/500  loss=3.7600  tr_acc=0.9472  val_acc=0.8448  val_auroc=0.9226  val_f1=0.7765  lr=9.69e-06
Running Validation...
Ep  38/500  loss=3.7629  tr_acc=0.9447  val_acc=0.8421  val_auroc=0.9186  val_f1=0.7709  lr=9.95e-06
Running Validation...
Ep  39/500  loss=3.7353  tr_acc=0.9532  val_acc=0.8299  val_auroc=0.9220  val_f1=0.7717  lr=1.02e-05
Running Validation...
Ep  40/500  loss=3.7216  tr_acc=0.9525  val_acc=0.8379  val_auroc=0.9147  val_f1=0.7652  lr=1.05e-05
Running Validation...
Ep  41/500  loss=3.7077  tr_acc=0.9522  val_acc=0.8363  val_auroc=0.9157  val_f1=0.7771  lr=1.07e-05
Running Validation...
Ep  42/500  loss=3.6850  tr_acc=0.9559  val_acc=0.8528  val_auroc=0.9164  val_f1=0.7720  lr=1.10e-05
Running Validation...
Ep  43/500  loss=3.6227  tr_acc=0.9629  val_acc=0.8405  val_auroc=0.9236  val_f1=0.7707  lr=1.12e-05
Running Validation...
Ep  44/500  loss=3.6402  tr_acc=0.9605  val_acc=0.8464  val_auroc=0.9097  val_f1=0.7787  lr=1.15e-05
Running Validation...
Ep  45/500  loss=3.6088  tr_acc=0.9686  val_acc=0.8379  val_auroc=0.9088  val_f1=0.7840  lr=1.17e-05
Running Validation...
Ep  46/500  loss=3.6178  tr_acc=0.9651  val_acc=0.8677  val_auroc=0.9202  val_f1=0.8030  lr=1.20e-05
Running Validation...
Ep  47/500  loss=3.5445  tr_acc=0.9689  val_acc=0.8619  val_auroc=0.9109  val_f1=0.7740  lr=1.22e-05
Running Validation...
Ep  48/500  loss=3.5560  tr_acc=0.9696  val_acc=0.8747  val_auroc=0.9196  val_f1=0.8091  lr=1.25e-05
Running Validation...
Ep  49/500  loss=3.5200  tr_acc=0.9681  val_acc=0.8427  val_auroc=0.9148  val_f1=0.7725  lr=1.27e-05
Running Validation...
Ep  50/500  loss=3.4744  tr_acc=0.9712  val_acc=0.8832  val_auroc=0.9173  val_f1=0.8169  lr=1.30e-05
Running Validation...
Ep  51/500  loss=3.5154  tr_acc=0.9701  val_acc=0.8597  val_auroc=0.9110  val_f1=0.7852  lr=1.33e-05
Running Validation...
Ep  52/500  loss=3.4353  tr_acc=0.9745  val_acc=0.8715  val_auroc=0.9027  val_f1=0.7966  lr=1.35e-05
Running Validation...
Ep  53/500  loss=3.4256  tr_acc=0.9729  val_acc=0.8779  val_auroc=0.9109  val_f1=0.8006  lr=1.38e-05
Running Validation...
Ep  54/500  loss=3.4409  tr_acc=0.9705  val_acc=0.8128  val_auroc=0.9035  val_f1=0.7673  lr=1.40e-05
Running Validation...
Ep  55/500  loss=3.4404  tr_acc=0.9716  val_acc=0.8811  val_auroc=0.9108  val_f1=0.8153  lr=1.43e-05
Running Validation...
Ep  56/500  loss=3.3556  tr_acc=0.9787  val_acc=0.8741  val_auroc=0.9047  val_f1=0.8146  lr=1.45e-05
Running Validation...
Ep  57/500  loss=3.4142  tr_acc=0.9731  val_acc=0.8768  val_auroc=0.9062  val_f1=0.8089  lr=1.48e-05
Running Validation...
Ep  58/500  loss=3.3564  tr_acc=0.9733  val_acc=0.8608  val_auroc=0.8870  val_f1=0.7805  lr=1.50e-05
Running Validation...
Ep  59/500  loss=3.3257  tr_acc=0.9755  val_acc=0.8325  val_auroc=0.8987  val_f1=0.7714  lr=1.53e-05
Running Validation...
Ep  60/500  loss=3.2997  tr_acc=0.9776  val_acc=0.8581  val_auroc=0.8922  val_f1=0.7844  lr=1.56e-05
Running Validation...
Ep  61/500  loss=3.3216  tr_acc=0.9768  val_acc=0.8661  val_auroc=0.9008  val_f1=0.7962  lr=1.58e-05
Running Validation...
Ep  62/500  loss=3.2437  tr_acc=0.9796  val_acc=0.8800  val_auroc=0.8895  val_f1=0.8037  lr=1.61e-05
Running Validation...
Ep  63/500  loss=3.2448  tr_acc=0.9783  val_acc=0.8752  val_auroc=0.8920  val_f1=0.8042  lr=1.63e-05
Running Validation...
Ep  64/500  loss=3.2053  tr_acc=0.9815  val_acc=0.8800  val_auroc=0.9019  val_f1=0.8102  lr=1.66e-05
Running Validation...
Ep  65/500  loss=3.2077  tr_acc=0.9783  val_acc=0.8757  val_auroc=0.8999  val_f1=0.8054  lr=1.68e-05
Running Validation...
Ep  66/500  loss=3.2130  tr_acc=0.9799  val_acc=0.8533  val_auroc=0.8840  val_f1=0.7924  lr=1.71e-05
Running Validation...
Ep  67/500  loss=3.2155  tr_acc=0.9783  val_acc=0.8768  val_auroc=0.8909  val_f1=0.8139  lr=1.73e-05
Running Validation...
Ep  68/500  loss=3.1315  tr_acc=0.9792  val_acc=0.8693  val_auroc=0.8873  val_f1=0.7964  lr=1.76e-05
Running Validation...
Ep  69/500  loss=3.1343  tr_acc=0.9789  val_acc=0.8741  val_auroc=0.8763  val_f1=0.7987  lr=1.79e-05
Running Validation...
Ep  70/500  loss=3.1581  tr_acc=0.9784  val_acc=0.8661  val_auroc=0.8878  val_f1=0.7932  lr=1.81e-05
Running Validation...
Ep  71/500  loss=3.0656  tr_acc=0.9829  val_acc=0.8763  val_auroc=0.8768  val_f1=0.8034  lr=1.84e-05
Running Validation...
Ep  72/500  loss=3.0989  tr_acc=0.9788  val_acc=0.8763  val_auroc=0.8922  val_f1=0.8140  lr=1.86e-05
Running Validation...
Ep  73/500  loss=3.0894  tr_acc=0.9783  val_acc=0.8741  val_auroc=0.8762  val_f1=0.7982  lr=1.89e-05
Running Validation...
Ep  74/500  loss=3.0548  tr_acc=0.9770  val_acc=0.8763  val_auroc=0.8855  val_f1=0.8014  lr=1.91e-05
Running Validation...
Ep  75/500  loss=3.0822  tr_acc=0.9799  val_acc=0.8704  val_auroc=0.8845  val_f1=0.7918  lr=1.94e-05
Running Validation...
Ep  76/500  loss=3.0950  tr_acc=0.9781  val_acc=0.8821  val_auroc=0.8861  val_f1=0.8101  lr=1.96e-05
Running Validation...
Ep  77/500  loss=3.0723  tr_acc=0.9794  val_acc=0.8715  val_auroc=0.8871  val_f1=0.8084  lr=1.99e-05
Running Validation...
Ep  78/500  loss=3.0152  tr_acc=0.9810  val_acc=0.8725  val_auroc=0.8934  val_f1=0.7978  lr=2.01e-05
Running Validation...
Ep  79/500  loss=3.0842  tr_acc=0.9784  val_acc=0.8741  val_auroc=0.8893  val_f1=0.8023  lr=2.04e-05
Running Validation...
Ep  80/500  loss=3.0433  tr_acc=0.9785  val_acc=0.8267  val_auroc=0.8788  val_f1=0.7528  lr=2.07e-05
Running Validation...
Ep  81/500  loss=3.0494  tr_acc=0.9813  val_acc=0.8795  val_auroc=0.8782  val_f1=0.7986  lr=2.09e-05
Running Validation...
Ep  82/500  loss=3.0121  tr_acc=0.9812  val_acc=0.8661  val_auroc=0.8877  val_f1=0.7981  lr=2.12e-05
Running Validation...
Ep  83/500  loss=3.0302  tr_acc=0.9795  val_acc=0.8725  val_auroc=0.8871  val_f1=0.8072  lr=2.14e-05
Running Validation...
Ep  84/500  loss=3.0122  tr_acc=0.9818  val_acc=0.8501  val_auroc=0.8736  val_f1=0.7780  lr=2.17e-05
Running Validation...
Ep  85/500  loss=3.0028  tr_acc=0.9813  val_acc=0.8720  val_auroc=0.8898  val_f1=0.8013  lr=2.19e-05
Running Validation...
Ep  86/500  loss=3.0124  tr_acc=0.9826  val_acc=0.8693  val_auroc=0.8839  val_f1=0.7955  lr=2.22e-05
Running Validation...
Ep  87/500  loss=3.0148  tr_acc=0.9823  val_acc=0.8677  val_auroc=0.8827  val_f1=0.7877  lr=2.24e-05
Running Validation...
Ep  88/500  loss=2.9520  tr_acc=0.9825  val_acc=0.8896  val_auroc=0.8955  val_f1=0.8252  lr=2.27e-05
Running Validation...
Ep  89/500  loss=2.9585  tr_acc=0.9844  val_acc=0.8667  val_auroc=0.8889  val_f1=0.8047  lr=2.29e-05
Running Validation...
Ep  90/500  loss=2.9911  tr_acc=0.9811  val_acc=0.8725  val_auroc=0.8879  val_f1=0.7953  lr=2.32e-05
Running Validation...
Ep  91/500  loss=2.9595  tr_acc=0.9817  val_acc=0.8816  val_auroc=0.8879  val_f1=0.8139  lr=2.35e-05
Running Validation...
Ep  92/500  loss=2.9897  tr_acc=0.9859  val_acc=0.8779  val_auroc=0.8949  val_f1=0.8210  lr=2.37e-05
Running Validation...
Ep  93/500  loss=2.9409  tr_acc=0.9831  val_acc=0.8395  val_auroc=0.8896  val_f1=0.7876  lr=2.40e-05
Running Validation...
Ep  94/500  loss=3.0260  tr_acc=0.9789  val_acc=0.8736  val_auroc=0.8790  val_f1=0.7918  lr=2.42e-05
Running Validation...
Ep  95/500  loss=3.0050  tr_acc=0.9793  val_acc=0.8837  val_auroc=0.8992  val_f1=0.8128  lr=2.45e-05
Running Validation...
Ep  96/500  loss=2.9954  tr_acc=0.9813  val_acc=0.8667  val_auroc=0.8616  val_f1=0.7845  lr=2.47e-05
Running Validation...
Ep  97/500  loss=2.9456  tr_acc=0.9827  val_acc=0.8757  val_auroc=0.8850  val_f1=0.7953  lr=2.50e-05
Running Validation...
Ep  98/500  loss=2.9229  tr_acc=0.9871  val_acc=0.8677  val_auroc=0.8874  val_f1=0.8108  lr=2.52e-05
Running Validation...
Ep  99/500  loss=2.9534  tr_acc=0.9833  val_acc=0.8757  val_auroc=0.8840  val_f1=0.7956  lr=2.55e-05
Running Validation...
Ep 100/500  loss=2.9469  tr_acc=0.9824  val_acc=0.8800  val_auroc=0.8900  val_f1=0.8062  lr=2.55e-05
Running Validation...
Ep 101/500  loss=2.9895  tr_acc=0.9784  val_acc=0.8715  val_auroc=0.8912  val_f1=0.7923  lr=2.55e-05
Running Validation...
Ep 102/500  loss=2.9471  tr_acc=0.9841  val_acc=0.8501  val_auroc=0.8857  val_f1=0.7794  lr=2.55e-05
Running Validation...
Ep 103/500  loss=2.9498  tr_acc=0.9813  val_acc=0.8656  val_auroc=0.8827  val_f1=0.8006  lr=2.55e-05
Running Validation...
Ep 104/500  loss=2.9286  tr_acc=0.9848  val_acc=0.8597  val_auroc=0.8955  val_f1=0.7965  lr=2.55e-05
Running Validation...
Ep 105/500  loss=2.9468  tr_acc=0.9848  val_acc=0.8768  val_auroc=0.8907  val_f1=0.8077  lr=2.55e-05
Running Validation...
Ep 106/500  loss=2.9179  tr_acc=0.9858  val_acc=0.8779  val_auroc=0.8871  val_f1=0.8064  lr=2.55e-05
Running Validation...
Ep 107/500  loss=2.9437  tr_acc=0.9816  val_acc=0.8688  val_auroc=0.8952  val_f1=0.8067  lr=2.55e-05
Running Validation...
Ep 108/500  loss=2.9541  tr_acc=0.9845  val_acc=0.8821  val_auroc=0.8889  val_f1=0.8112  lr=2.55e-05
Running Validation...
Ep 109/500  loss=2.9243  tr_acc=0.9860  val_acc=0.8773  val_auroc=0.8785  val_f1=0.7985  lr=2.55e-05
Running Validation...
Ep 110/500  loss=2.9750  tr_acc=0.9845  val_acc=0.8880  val_auroc=0.8971  val_f1=0.8176  lr=2.55e-05
Running Validation...
Ep 111/500  loss=2.9435  tr_acc=0.9841  val_acc=0.8768  val_auroc=0.8959  val_f1=0.8068  lr=2.55e-05
Running Validation...
Ep 112/500  loss=2.9338  tr_acc=0.9871  val_acc=0.8555  val_auroc=0.8846  val_f1=0.7875  lr=2.54e-05
Running Validation...
Ep 113/500  loss=2.9656  tr_acc=0.9841  val_acc=0.8789  val_auroc=0.8850  val_f1=0.8073  lr=2.54e-05
Running Validation...
Ep 114/500  loss=2.9223  tr_acc=0.9859  val_acc=0.8704  val_auroc=0.8854  val_f1=0.8045  lr=2.54e-05
Running Validation...
Ep 115/500  loss=2.9213  tr_acc=0.9857  val_acc=0.8747  val_auroc=0.8780  val_f1=0.8001  lr=2.54e-05
Running Validation...
Ep 116/500  loss=2.8964  tr_acc=0.9886  val_acc=0.8811  val_auroc=0.8930  val_f1=0.8156  lr=2.54e-05
Running Validation...
Ep 117/500  loss=2.9070  tr_acc=0.9876  val_acc=0.8699  val_auroc=0.8831  val_f1=0.7918  lr=2.54e-05
Running Validation...
Ep 118/500  loss=2.9131  tr_acc=0.9865  val_acc=0.8565  val_auroc=0.8769  val_f1=0.7842  lr=2.54e-05
Running Validation...
Ep 119/500  loss=2.9200  tr_acc=0.9858  val_acc=0.8549  val_auroc=0.8872  val_f1=0.7899  lr=2.54e-05
Running Validation...
Ep 120/500  loss=2.9146  tr_acc=0.9871  val_acc=0.8672  val_auroc=0.8844  val_f1=0.7959  lr=2.53e-05
Running Validation...
Ep 121/500  loss=2.9306  tr_acc=0.9880  val_acc=0.8731  val_auroc=0.8891  val_f1=0.7996  lr=2.53e-05
Running Validation...
Ep 122/500  loss=2.9108  tr_acc=0.9874  val_acc=0.8773  val_auroc=0.8915  val_f1=0.8066  lr=2.53e-05
Running Validation...
Ep 123/500  loss=2.9272  tr_acc=0.9887  val_acc=0.8784  val_auroc=0.8958  val_f1=0.8061  lr=2.53e-05
Running Validation...
Ep 124/500  loss=2.8893  tr_acc=0.9896  val_acc=0.8715  val_auroc=0.8869  val_f1=0.8097  lr=2.53e-05
Running Validation...
Ep 125/500  loss=2.9161  tr_acc=0.9884  val_acc=0.8720  val_auroc=0.8845  val_f1=0.8037  lr=2.53e-05
Running Validation...
Ep 126/500  loss=2.8863  tr_acc=0.9888  val_acc=0.8587  val_auroc=0.8783  val_f1=0.7781  lr=2.52e-05
Running Validation...
Ep 127/500  loss=2.9058  tr_acc=0.9884  val_acc=0.8720  val_auroc=0.9022  val_f1=0.8026  lr=2.52e-05
Running Validation...
Ep 128/500  loss=2.9032  tr_acc=0.9890  val_acc=0.8869  val_auroc=0.8917  val_f1=0.8155  lr=2.52e-05
Running Validation...
Ep 129/500  loss=2.8889  tr_acc=0.9892  val_acc=0.8672  val_auroc=0.8825  val_f1=0.7949  lr=2.52e-05
Running Validation...
Ep 130/500  loss=2.9106  tr_acc=0.9863  val_acc=0.8747  val_auroc=0.8872  val_f1=0.7990  lr=2.51e-05
Running Validation...
Ep 131/500  loss=2.8688  tr_acc=0.9898  val_acc=0.8731  val_auroc=0.8899  val_f1=0.7970  lr=2.51e-05
Running Validation...
Ep 132/500  loss=2.8752  tr_acc=0.9912  val_acc=0.8752  val_auroc=0.8880  val_f1=0.8045  lr=2.51e-05
Running Validation...
Ep 133/500  loss=2.8871  tr_acc=0.9857  val_acc=0.8853  val_auroc=0.8786  val_f1=0.8148  lr=2.51e-05
Running Validation...
Ep 134/500  loss=2.8797  tr_acc=0.9905  val_acc=0.8677  val_auroc=0.8924  val_f1=0.7994  lr=2.50e-05
Running Validation...
Ep 135/500  loss=2.8594  tr_acc=0.9903  val_acc=0.8640  val_auroc=0.8838  val_f1=0.7881  lr=2.50e-05
Running Validation...
Ep 136/500  loss=2.9034  tr_acc=0.9882  val_acc=0.8720  val_auroc=0.8903  val_f1=0.7983  lr=2.50e-05
Running Validation...
Ep 137/500  loss=2.9041  tr_acc=0.9891  val_acc=0.8763  val_auroc=0.8925  val_f1=0.8055  lr=2.50e-05
Running Validation...
Ep 138/500  loss=2.8834  tr_acc=0.9881  val_acc=0.8656  val_auroc=0.8832  val_f1=0.7759  lr=2.49e-05
Running Validation...
Ep 139/500  loss=2.8802  tr_acc=0.9899  val_acc=0.8784  val_auroc=0.8787  val_f1=0.7988  lr=2.49e-05
Running Validation...
Ep 140/500  loss=2.8989  tr_acc=0.9891  val_acc=0.8747  val_auroc=0.8801  val_f1=0.7917  lr=2.49e-05
Running Validation...
Ep 141/500  loss=2.8931  tr_acc=0.9890  val_acc=0.8795  val_auroc=0.8906  val_f1=0.8112  lr=2.48e-05
Running Validation...
Ep 142/500  loss=2.8549  tr_acc=0.9904  val_acc=0.8821  val_auroc=0.8850  val_f1=0.8119  lr=2.48e-05
Running Validation...
Ep 143/500  loss=2.9060  tr_acc=0.9883  val_acc=0.8592  val_auroc=0.8857  val_f1=0.7834  lr=2.48e-05
Running Validation...
Ep 144/500  loss=2.9195  tr_acc=0.9879  val_acc=0.8683  val_auroc=0.8873  val_f1=0.7969  lr=2.47e-05
Running Validation...
Ep 145/500  loss=2.9144  tr_acc=0.9899  val_acc=0.8731  val_auroc=0.8802  val_f1=0.8084  lr=2.47e-05
Running Validation...
Ep 146/500  loss=2.9139  tr_acc=0.9876  val_acc=0.8800  val_auroc=0.8917  val_f1=0.8078  lr=2.47e-05
Running Validation...
Ep 147/500  loss=2.8616  tr_acc=0.9900  val_acc=0.8805  val_auroc=0.8850  val_f1=0.8071  lr=2.46e-05
Running Validation...
Ep 148/500  loss=2.8711  tr_acc=0.9931  val_acc=0.8736  val_auroc=0.8701  val_f1=0.7876  lr=2.46e-05
Running Validation...
Ep 149/500  loss=2.8391  tr_acc=0.9918  val_acc=0.8816  val_auroc=0.8788  val_f1=0.8008  lr=2.46e-05
Running Validation...
Ep 150/500  loss=2.8824  tr_acc=0.9903  val_acc=0.8693  val_auroc=0.8875  val_f1=0.8035  lr=2.45e-05
Running Validation...
Ep 151/500  loss=2.8734  tr_acc=0.9921  val_acc=0.8907  val_auroc=0.8911  val_f1=0.8230  lr=2.45e-05
Running Validation...
Ep 152/500  loss=2.8957  tr_acc=0.9913  val_acc=0.8661  val_auroc=0.8713  val_f1=0.7802  lr=2.45e-05
Running Validation...
Ep 153/500  loss=2.8778  tr_acc=0.9910  val_acc=0.8699  val_auroc=0.8788  val_f1=0.7875  lr=2.44e-05
Running Validation...
Ep 154/500  loss=2.9296  tr_acc=0.9892  val_acc=0.8805  val_auroc=0.8864  val_f1=0.8138  lr=2.44e-05
Running Validation...
Ep 155/500  loss=2.8733  tr_acc=0.9900  val_acc=0.8715  val_auroc=0.8816  val_f1=0.7894  lr=2.43e-05
Running Validation...
Ep 156/500  loss=2.8839  tr_acc=0.9902  val_acc=0.8789  val_auroc=0.8920  val_f1=0.8173  lr=2.43e-05
Running Validation...
Ep 157/500  loss=2.8523  tr_acc=0.9943  val_acc=0.8811  val_auroc=0.8946  val_f1=0.8157  lr=2.42e-05
Running Validation...
Ep 158/500  loss=2.8998  tr_acc=0.9904  val_acc=0.8880  val_auroc=0.8999  val_f1=0.8167  lr=2.42e-05
Running Validation...
Ep 159/500  loss=2.8821  tr_acc=0.9886  val_acc=0.8827  val_auroc=0.8814  val_f1=0.8069  lr=2.42e-05
Running Validation...
Ep 160/500  loss=2.8961  tr_acc=0.9898  val_acc=0.8533  val_auroc=0.8903  val_f1=0.7765  lr=2.41e-05
Running Validation...
Ep 161/500  loss=2.9156  tr_acc=0.9884  val_acc=0.8779  val_auroc=0.8754  val_f1=0.8049  lr=2.41e-05
Running Validation...
Ep 162/500  loss=2.9173  tr_acc=0.9896  val_acc=0.8800  val_auroc=0.8935  val_f1=0.8044  lr=2.40e-05
Running Validation...
Ep 163/500  loss=2.8752  tr_acc=0.9915  val_acc=0.8704  val_auroc=0.8800  val_f1=0.7926  lr=2.40e-05
Running Validation...
