=========================================
Job:       train_Modality_Invariance_resnet18  (412722)
Node:      bigpu06
Started:   Tue May 26 06:22:06 AM CEST 2026
=========================================
[INFO] No HF token found at /users/jlacmou/.hf_token — downloads may be slow.
[INFO] No kaggle.json found in process_Modality_Invariance_resnet18. Relying on ~/.kaggle/ or env vars.
[SETUP] Creating virtual environment...
[SETUP] Installing / verifying Python dependencies...

── GPU info ──────────────────────────────
Tesla V100-PCIE-32GB, 32768 MiB, 575.57.08
PyTorch : 2.12.0+cu126
CUDA    : 12.6
Devices : 1
GPU 0   : Tesla V100-PCIE-32GB
VRAM    : 34.1 GB
──────────────────────────────────────────

[CHECK] Validating dataset roots...
  [MISSING] process_Modality_Invariance_resnet18/data/datasets/asosenge/hibaskinlesionsdataset-main  ← Attempting to download via Kaggle CLI...
Dataset URL: https://www.kaggle.com/datasets/asosenge/hibaskinlesionsdataset-main
License(s): other
Downloading hibaskinlesionsdataset-main.zip to process_Modality_Invariance_resnet18/data/datasets/asosenge/hibaskinlesionsdataset-main

  [DOWNLOADED] process_Modality_Invariance_resnet18/data/datasets/asosenge/hibaskinlesionsdataset-main
  [MISSING] process_Modality_Invariance_resnet18/data/datasets/asosenge/fitzpatrick17k  ← Attempting to download via Kaggle CLI...
Dataset URL: https://www.kaggle.com/datasets/asosenge/fitzpatrick17k
License(s): other
Downloading fitzpatrick17k.zip to process_Modality_Invariance_resnet18/data/datasets/asosenge/fitzpatrick17k

  [DOWNLOADED] process_Modality_Invariance_resnet18/data/datasets/asosenge/fitzpatrick17k
  [MISSING] process_Modality_Invariance_resnet18/data/datasets/asosenge/ham10000  ← Attempting to download via Kaggle CLI...
Dataset URL: https://www.kaggle.com/datasets/asosenge/ham10000
License(s): Attribution-NonCommercial 4.0 International (CC BY-NC 4.0)
Downloading ham10000.zip to process_Modality_Invariance_resnet18/data/datasets/asosenge/ham10000

  [DOWNLOADED] process_Modality_Invariance_resnet18/data/datasets/asosenge/ham10000
  [MISSING] process_Modality_Invariance_resnet18/data/datasets/asosenge/derm7pt  ← Attempting to download via Kaggle CLI...
Dataset URL: https://www.kaggle.com/datasets/asosenge/derm7pt
License(s): other
Downloading derm7pt.zip to process_Modality_Invariance_resnet18/data/datasets/asosenge/derm7pt

  [DOWNLOADED] process_Modality_Invariance_resnet18/data/datasets/asosenge/derm7pt
  [MISSING] process_Modality_Invariance_resnet18/data/datasets/mahdavi1202/skin-cancer  ← Attempting to download via Kaggle CLI...
Dataset URL: https://www.kaggle.com/datasets/mahdavi1202/skin-cancer
License(s): Attribution 4.0 International (CC BY 4.0)
Downloading skin-cancer.zip to process_Modality_Invariance_resnet18/data/datasets/mahdavi1202/skin-cancer

  [DOWNLOADED] process_Modality_Invariance_resnet18/data/datasets/mahdavi1202/skin-cancer
  [MISSING] process_Modality_Invariance_resnet18/data/datasets/sengenjih/isic2019  ← Attempting to download via Kaggle CLI...
Dataset URL: https://www.kaggle.com/datasets/sengenjih/isic2019
License(s): Attribution-NonCommercial 4.0 International (CC BY-NC 4.0)
Downloading isic2019.zip to process_Modality_Invariance_resnet18/data/datasets/sengenjih/isic2019

  [DOWNLOADED] process_Modality_Invariance_resnet18/data/datasets/sengenjih/isic2019

[CONVERT] Converting notebook to Python script...
[PATCH] Redirecting Kaggle paths → cluster paths...
  DATA_ROOT  → process_Modality_Invariance_resnet18/data/datasets
  WORK_ROOT  → process_Modality_Invariance_resnet18/outputs
  BB_CACHE   → process_Modality_Invariance_resnet18/backbone_cache
  Patch applied successfully.

[RUN] Starting training — Tue May 26 06:42:31 AM CEST 2026
=========================================
Device: cuda
Checking configured paths:
  WORK_ROOT : outputs  [OK]
  CSV_DIR   : outputs/csvs  [OK]
  hiba           : process_Modality_Invariance_resnet18/data/datasets/asosenge/hibaskinlesionsdataset-main/HIBASkinLesionsDataset-main/images  [OK]
  fitzpatrick17k : process_Modality_Invariance_resnet18/data/datasets/asosenge/fitzpatrick17k/fitzpatrick17k/data/finalfitz17k  [OK]
  ham10000       : process_Modality_Invariance_resnet18/data/datasets/asosenge/ham10000/HAM10000  [OK]
  derm7pt        : process_Modality_Invariance_resnet18/data/datasets/asosenge/derm7pt/release_v0/images  [OK]
  padufes20      : process_Modality_Invariance_resnet18/data/datasets/mahdavi1202/skin-cancer  [OK]
  isic2019       : process_Modality_Invariance_resnet18/data/datasets/sengenjih/isic2019  [OK]
CSV dir: outputs/csvs
Checkpoints dir: outputs/checkpoints_Modality_Invariance_resnet18
Results dir: outputs/results_Modality_Invariance_resnet18
[INFO] Built image map for hiba: 1616 entries
[INFO] Built image map for fitzpatrick17k: 16577 entries
[INFO] Built image map for ham10000: 20030 entries
[INFO] Built image map for derm7pt: 2013 entries
[INFO] Built image map for padufes20: 2298 entries
[INFO] Built image map for isic2019: 33569 entries
[INFO] Loaded derm7pt paired eval set: 869 samples
[INFO] Loaded padufes20 unpaired eval set: 2063 samples
[INFO] Loaded isic2019 unpaired eval set: 27551 samples
Train batches: 273, Val batches: 59
Test batches: 59
Cross-eval loaders: ['derm7pt', 'padufes20', 'isic2019']
Class weights: [0.645 0.19  0.887 1.601 1.678]
Downloading: "https://download.pytorch.org/models/resnet18-f37072fd.pth" to process_Modality_Invariance_resnet18/backbone_cache/hub/checkpoints/resnet18-f37072fd.pth
Running Validation...
Ep   1/500  loss=6.3233  tr_acc=0.2111  val_acc=0.0987  val_auroc=0.5172  val_f1=0.0890  lr=1.70e-06
Running Validation...
Ep   2/500  loss=6.0986  tr_acc=0.2207  val_acc=0.0875  val_auroc=0.5423  val_f1=0.0868  lr=2.55e-06
Running Validation...
Ep   3/500  loss=5.9421  tr_acc=0.2408  val_acc=0.0928  val_auroc=0.6165  val_f1=0.1059  lr=3.40e-06
Running Validation...
Ep   4/500  loss=5.8083  tr_acc=0.2660  val_acc=0.0853  val_auroc=0.6851  val_f1=0.0868  lr=4.25e-06
Running Validation...
Ep   5/500  loss=5.7164  tr_acc=0.3055  val_acc=0.0912  val_auroc=0.7305  val_f1=0.0869  lr=5.10e-06
Running Validation...
Ep   6/500  loss=5.6190  tr_acc=0.3322  val_acc=0.0928  val_auroc=0.7593  val_f1=0.0913  lr=5.95e-06
Running Validation...
Ep   7/500  loss=5.4909  tr_acc=0.3368  val_acc=0.0939  val_auroc=0.7896  val_f1=0.0955  lr=6.80e-06
Running Validation...
Ep   8/500  loss=5.4099  tr_acc=0.3439  val_acc=0.0923  val_auroc=0.8054  val_f1=0.0811  lr=7.65e-06
Running Validation...
Ep   9/500  loss=5.3114  tr_acc=0.3527  val_acc=0.0955  val_auroc=0.8373  val_f1=0.0887  lr=8.50e-06
Running Validation...
Ep  10/500  loss=5.2080  tr_acc=0.3629  val_acc=0.0955  val_auroc=0.8519  val_f1=0.0928  lr=9.35e-06
Running Validation...
Ep  11/500  loss=5.0835  tr_acc=0.3658  val_acc=0.0981  val_auroc=0.8559  val_f1=0.0861  lr=1.02e-05
Running Validation...
Ep  12/500  loss=5.0350  tr_acc=0.3668  val_acc=0.1003  val_auroc=0.8707  val_f1=0.0951  lr=1.11e-05
Running Validation...
Ep  13/500  loss=4.9234  tr_acc=0.3850  val_acc=0.1125  val_auroc=0.8725  val_f1=0.1119  lr=1.19e-05
Running Validation...
Ep  14/500  loss=4.8250  tr_acc=0.3947  val_acc=0.1195  val_auroc=0.8764  val_f1=0.1312  lr=1.27e-05
Running Validation...
Ep  15/500  loss=4.7383  tr_acc=0.4393  val_acc=0.1541  val_auroc=0.8813  val_f1=0.1878  lr=1.36e-05
Running Validation...
Ep  16/500  loss=4.6257  tr_acc=0.4929  val_acc=0.1883  val_auroc=0.8845  val_f1=0.2381  lr=1.45e-05
Running Validation...
Ep  17/500  loss=4.5473  tr_acc=0.5279  val_acc=0.1989  val_auroc=0.8882  val_f1=0.2746  lr=1.53e-05
Running Validation...
Ep  18/500  loss=4.4679  tr_acc=0.5786  val_acc=0.2256  val_auroc=0.8877  val_f1=0.2812  lr=1.62e-05
Running Validation...
Ep  19/500  loss=4.3976  tr_acc=0.6179  val_acc=0.2283  val_auroc=0.8844  val_f1=0.2842  lr=1.70e-05
Running Validation...
Ep  20/500  loss=4.3136  tr_acc=0.6551  val_acc=0.2379  val_auroc=0.8901  val_f1=0.3005  lr=1.79e-05
Running Validation...
Ep  21/500  loss=4.2357  tr_acc=0.6862  val_acc=0.2485  val_auroc=0.8861  val_f1=0.3186  lr=1.87e-05
Running Validation...
Ep  22/500  loss=4.1828  tr_acc=0.7066  val_acc=0.2699  val_auroc=0.8911  val_f1=0.3498  lr=1.96e-05
Running Validation...
Ep  23/500  loss=4.0351  tr_acc=0.7428  val_acc=0.6448  val_auroc=0.8908  val_f1=0.5689  lr=2.04e-05
Running Validation...
Ep  24/500  loss=4.0166  tr_acc=0.7924  val_acc=0.6880  val_auroc=0.8947  val_f1=0.6095  lr=2.13e-05
Running Validation...
Ep  25/500  loss=3.9606  tr_acc=0.8160  val_acc=0.6944  val_auroc=0.8787  val_f1=0.5944  lr=2.21e-05
Running Validation...
Ep  26/500  loss=3.9135  tr_acc=0.8434  val_acc=0.7445  val_auroc=0.8989  val_f1=0.6616  lr=2.30e-05
Running Validation...
Ep  27/500  loss=3.8805  tr_acc=0.8687  val_acc=0.7691  val_auroc=0.8954  val_f1=0.6762  lr=2.38e-05
Running Validation...
Ep  28/500  loss=3.8139  tr_acc=0.8760  val_acc=0.7819  val_auroc=0.8990  val_f1=0.6823  lr=2.46e-05
Running Validation...
Ep  29/500  loss=3.7539  tr_acc=0.8915  val_acc=0.7712  val_auroc=0.8925  val_f1=0.6740  lr=2.55e-05
Running Validation...
Ep  30/500  loss=3.7104  tr_acc=0.9003  val_acc=0.7963  val_auroc=0.8780  val_f1=0.6733  lr=2.64e-05
Running Validation...
Ep  31/500  loss=3.7375  tr_acc=0.8972  val_acc=0.7781  val_auroc=0.8824  val_f1=0.6588  lr=2.72e-05
Running Validation...
Ep  32/500  loss=3.6317  tr_acc=0.9115  val_acc=0.7797  val_auroc=0.8706  val_f1=0.6466  lr=2.81e-05
Running Validation...
Ep  33/500  loss=3.6013  tr_acc=0.9125  val_acc=0.7995  val_auroc=0.8842  val_f1=0.6919  lr=2.89e-05
Running Validation...
Ep  34/500  loss=3.5701  tr_acc=0.9155  val_acc=0.7941  val_auroc=0.8767  val_f1=0.6727  lr=2.98e-05
Running Validation...
Ep  35/500  loss=3.5497  tr_acc=0.9194  val_acc=0.8187  val_auroc=0.8955  val_f1=0.7189  lr=3.06e-05
Running Validation...
Ep  36/500  loss=3.5045  tr_acc=0.9240  val_acc=0.8149  val_auroc=0.8844  val_f1=0.7129  lr=3.14e-05
Running Validation...
Ep  37/500  loss=3.4761  tr_acc=0.9218  val_acc=0.8181  val_auroc=0.8833  val_f1=0.7035  lr=3.23e-05
Running Validation...
Ep  38/500  loss=3.4607  tr_acc=0.9200  val_acc=0.8021  val_auroc=0.8788  val_f1=0.7040  lr=3.32e-05
Running Validation...
Ep  39/500  loss=3.4392  tr_acc=0.9217  val_acc=0.8021  val_auroc=0.8900  val_f1=0.6972  lr=3.40e-05
Running Validation...
Ep  40/500  loss=3.4052  tr_acc=0.9238  val_acc=0.8139  val_auroc=0.8911  val_f1=0.7151  lr=3.49e-05
Running Validation...
Ep  41/500  loss=3.3794  tr_acc=0.9281  val_acc=0.8229  val_auroc=0.8926  val_f1=0.7326  lr=3.57e-05
Running Validation...
Ep  42/500  loss=3.3280  tr_acc=0.9265  val_acc=0.7925  val_auroc=0.8852  val_f1=0.7001  lr=3.66e-05
Running Validation...
Ep  43/500  loss=3.2891  tr_acc=0.9285  val_acc=0.8075  val_auroc=0.8762  val_f1=0.6949  lr=3.74e-05
Running Validation...
Ep  44/500  loss=3.3275  tr_acc=0.9314  val_acc=0.7899  val_auroc=0.8874  val_f1=0.7026  lr=3.83e-05
Running Validation...
Ep  45/500  loss=3.3305  tr_acc=0.9290  val_acc=0.8085  val_auroc=0.8811  val_f1=0.6913  lr=3.91e-05
Running Validation...
Ep  46/500  loss=3.2785  tr_acc=0.9310  val_acc=0.7877  val_auroc=0.8627  val_f1=0.6617  lr=4.00e-05
Running Validation...
Ep  47/500  loss=3.2633  tr_acc=0.9345  val_acc=0.8187  val_auroc=0.8908  val_f1=0.7232  lr=4.08e-05
Running Validation...
Ep  48/500  loss=3.2554  tr_acc=0.9322  val_acc=0.8096  val_auroc=0.8817  val_f1=0.7181  lr=4.17e-05
Running Validation...
Ep  49/500  loss=3.1805  tr_acc=0.9401  val_acc=0.8091  val_auroc=0.8723  val_f1=0.7091  lr=4.25e-05
Running Validation...
Ep  50/500  loss=3.2038  tr_acc=0.9329  val_acc=0.7813  val_auroc=0.8740  val_f1=0.6881  lr=4.34e-05
Running Validation...
Ep  51/500  loss=3.2319  tr_acc=0.9337  val_acc=0.8288  val_auroc=0.8733  val_f1=0.7273  lr=4.42e-05
Running Validation...
Ep  52/500  loss=3.2053  tr_acc=0.9360  val_acc=0.8261  val_auroc=0.8693  val_f1=0.7201  lr=4.51e-05
Running Validation...
Ep  53/500  loss=3.2444  tr_acc=0.9297  val_acc=0.7904  val_auroc=0.8781  val_f1=0.6859  lr=4.59e-05
Running Validation...
Ep  54/500  loss=3.2027  tr_acc=0.9375  val_acc=0.8144  val_auroc=0.8842  val_f1=0.7288  lr=4.68e-05
Running Validation...
Ep  55/500  loss=3.1831  tr_acc=0.9405  val_acc=0.8224  val_auroc=0.8869  val_f1=0.7158  lr=4.76e-05
Running Validation...
Ep  56/500  loss=3.1829  tr_acc=0.9370  val_acc=0.7557  val_auroc=0.8758  val_f1=0.6747  lr=4.84e-05
Running Validation...
Ep  57/500  loss=3.1717  tr_acc=0.9392  val_acc=0.8224  val_auroc=0.8772  val_f1=0.7195  lr=4.93e-05
Running Validation...
Ep  58/500  loss=3.1827  tr_acc=0.9378  val_acc=0.8016  val_auroc=0.8697  val_f1=0.6958  lr=5.01e-05
Running Validation...
Ep  59/500  loss=3.1645  tr_acc=0.9396  val_acc=0.8245  val_auroc=0.8804  val_f1=0.7180  lr=5.10e-05
Running Validation...
Ep  60/500  loss=3.1439  tr_acc=0.9445  val_acc=0.8117  val_auroc=0.8598  val_f1=0.6911  lr=5.18e-05
Running Validation...
Ep  61/500  loss=3.1482  tr_acc=0.9444  val_acc=0.8021  val_auroc=0.8734  val_f1=0.7037  lr=5.27e-05
Running Validation...
Ep  62/500  loss=3.1143  tr_acc=0.9444  val_acc=0.8144  val_auroc=0.8630  val_f1=0.7125  lr=5.36e-05
Running Validation...
Ep  63/500  loss=3.1463  tr_acc=0.9433  val_acc=0.8155  val_auroc=0.8793  val_f1=0.7170  lr=5.44e-05
Running Validation...
Ep  64/500  loss=3.1291  tr_acc=0.9445  val_acc=0.8229  val_auroc=0.8707  val_f1=0.7234  lr=5.53e-05
Running Validation...
Ep  65/500  loss=3.1392  tr_acc=0.9439  val_acc=0.8117  val_auroc=0.8678  val_f1=0.7034  lr=5.61e-05
Running Validation...
Ep  66/500  loss=3.1230  tr_acc=0.9494  val_acc=0.8267  val_auroc=0.8834  val_f1=0.7279  lr=5.70e-05
Running Validation...
Ep  67/500  loss=3.1574  tr_acc=0.9441  val_acc=0.8283  val_auroc=0.8792  val_f1=0.7306  lr=5.78e-05
Running Validation...
Ep  68/500  loss=3.0947  tr_acc=0.9485  val_acc=0.8459  val_auroc=0.8861  val_f1=0.7549  lr=5.87e-05
Running Validation...
Ep  69/500  loss=3.1292  tr_acc=0.9464  val_acc=0.7947  val_auroc=0.8957  val_f1=0.7058  lr=5.95e-05
Running Validation...
Ep  70/500  loss=3.1107  tr_acc=0.9518  val_acc=0.8101  val_auroc=0.8781  val_f1=0.6972  lr=6.04e-05
Running Validation...
Ep  71/500  loss=3.1290  tr_acc=0.9447  val_acc=0.8043  val_auroc=0.8842  val_f1=0.6781  lr=6.12e-05
Running Validation...
Ep  72/500  loss=3.1097  tr_acc=0.9471  val_acc=0.8245  val_auroc=0.8844  val_f1=0.7288  lr=6.21e-05
Running Validation...
Ep  73/500  loss=3.1038  tr_acc=0.9487  val_acc=0.8245  val_auroc=0.8906  val_f1=0.7240  lr=6.29e-05
Running Validation...
Ep  74/500  loss=3.0642  tr_acc=0.9511  val_acc=0.8379  val_auroc=0.9024  val_f1=0.7418  lr=6.38e-05
Running Validation...
Ep  75/500  loss=3.0742  tr_acc=0.9497  val_acc=0.8203  val_auroc=0.8821  val_f1=0.7098  lr=6.46e-05
Running Validation...
Ep  76/500  loss=3.0963  tr_acc=0.9522  val_acc=0.8112  val_auroc=0.8790  val_f1=0.7113  lr=6.55e-05
Running Validation...
Ep  77/500  loss=3.1067  tr_acc=0.9508  val_acc=0.8325  val_auroc=0.8811  val_f1=0.7260  lr=6.63e-05
Running Validation...
Ep  78/500  loss=3.1174  tr_acc=0.9492  val_acc=0.8331  val_auroc=0.8961  val_f1=0.7355  lr=6.72e-05
Running Validation...
Ep  79/500  loss=3.1200  tr_acc=0.9486  val_acc=0.8240  val_auroc=0.8924  val_f1=0.7220  lr=6.80e-05
Running Validation...
Ep  80/500  loss=3.1014  tr_acc=0.9487  val_acc=0.8245  val_auroc=0.8832  val_f1=0.7372  lr=6.89e-05
Running Validation...
Ep  81/500  loss=3.1599  tr_acc=0.9440  val_acc=0.8379  val_auroc=0.9061  val_f1=0.7471  lr=6.97e-05
Running Validation...
Ep  82/500  loss=3.1208  tr_acc=0.9462  val_acc=0.8043  val_auroc=0.8713  val_f1=0.6820  lr=7.06e-05
Running Validation...
Ep  83/500  loss=3.0892  tr_acc=0.9539  val_acc=0.8197  val_auroc=0.8854  val_f1=0.7214  lr=7.14e-05
Running Validation...
Ep  84/500  loss=3.1178  tr_acc=0.9488  val_acc=0.8149  val_auroc=0.8793  val_f1=0.7190  lr=7.23e-05
Running Validation...
Ep  85/500  loss=3.1064  tr_acc=0.9516  val_acc=0.8309  val_auroc=0.8764  val_f1=0.7290  lr=7.31e-05
Running Validation...
Ep  86/500  loss=3.1583  tr_acc=0.9512  val_acc=0.8091  val_auroc=0.8833  val_f1=0.7184  lr=7.40e-05
Running Validation...
Ep  87/500  loss=3.1268  tr_acc=0.9510  val_acc=0.8283  val_auroc=0.8888  val_f1=0.7290  lr=7.48e-05
Running Validation...
Ep  88/500  loss=3.0949  tr_acc=0.9491  val_acc=0.8272  val_auroc=0.8937  val_f1=0.7512  lr=7.57e-05
Running Validation...
Ep  89/500  loss=3.0820  tr_acc=0.9517  val_acc=0.8043  val_auroc=0.8854  val_f1=0.6917  lr=7.65e-05
Running Validation...
Ep  90/500  loss=3.0921  tr_acc=0.9533  val_acc=0.8283  val_auroc=0.8721  val_f1=0.7213  lr=7.74e-05
Running Validation...
Ep  91/500  loss=3.0909  tr_acc=0.9518  val_acc=0.8261  val_auroc=0.8843  val_f1=0.7113  lr=7.82e-05
Running Validation...
Ep  92/500  loss=3.0838  tr_acc=0.9533  val_acc=0.8267  val_auroc=0.8840  val_f1=0.7267  lr=7.91e-05
Running Validation...
Ep  93/500  loss=3.0774  tr_acc=0.9544  val_acc=0.8187  val_auroc=0.8781  val_f1=0.7100  lr=7.99e-05
Running Validation...
Ep  94/500  loss=3.1311  tr_acc=0.9504  val_acc=0.8251  val_auroc=0.8808  val_f1=0.7363  lr=8.07e-05
Running Validation...
Ep  95/500  loss=3.1334  tr_acc=0.9464  val_acc=0.8213  val_auroc=0.8744  val_f1=0.7220  lr=8.16e-05
Running Validation...
Ep  96/500  loss=3.0978  tr_acc=0.9549  val_acc=0.8272  val_auroc=0.8823  val_f1=0.7397  lr=8.24e-05
Running Validation...
Ep  97/500  loss=3.0827  tr_acc=0.9555  val_acc=0.8197  val_auroc=0.8817  val_f1=0.7090  lr=8.33e-05
Running Validation...
Ep  98/500  loss=3.1198  tr_acc=0.9493  val_acc=0.8229  val_auroc=0.8802  val_f1=0.7172  lr=8.41e-05
Running Validation...
Ep  99/500  loss=3.1108  tr_acc=0.9469  val_acc=0.8107  val_auroc=0.8884  val_f1=0.7210  lr=8.50e-05
Running Validation...
Ep 100/500  loss=3.0814  tr_acc=0.9523  val_acc=0.8187  val_auroc=0.8990  val_f1=0.7264  lr=8.50e-05
Running Validation...
Ep 101/500  loss=3.0766  tr_acc=0.9501  val_acc=0.8149  val_auroc=0.8702  val_f1=0.7216  lr=8.50e-05
Running Validation...
Ep 102/500  loss=3.0971  tr_acc=0.9542  val_acc=0.8347  val_auroc=0.8926  val_f1=0.7332  lr=8.50e-05
Running Validation...
Ep 103/500  loss=3.0924  tr_acc=0.9547  val_acc=0.8336  val_auroc=0.8779  val_f1=0.7315  lr=8.50e-05
Running Validation...
Ep 104/500  loss=3.0835  tr_acc=0.9548  val_acc=0.8208  val_auroc=0.8822  val_f1=0.7178  lr=8.50e-05
Running Validation...
Ep 105/500  loss=3.0934  tr_acc=0.9531  val_acc=0.8171  val_auroc=0.8775  val_f1=0.7129  lr=8.50e-05
Running Validation...
Ep 106/500  loss=3.0450  tr_acc=0.9591  val_acc=0.8064  val_auroc=0.8760  val_f1=0.6946  lr=8.50e-05
Running Validation...
Ep 107/500  loss=3.0621  tr_acc=0.9598  val_acc=0.8309  val_auroc=0.8779  val_f1=0.7306  lr=8.49e-05
Running Validation...
Ep 108/500  loss=3.0645  tr_acc=0.9581  val_acc=0.8187  val_auroc=0.8923  val_f1=0.7073  lr=8.49e-05
Running Validation...
Ep 109/500  loss=3.0839  tr_acc=0.9539  val_acc=0.8139  val_auroc=0.8598  val_f1=0.6985  lr=8.49e-05
Running Validation...
Ep 110/500  loss=3.0758  tr_acc=0.9595  val_acc=0.8267  val_auroc=0.8833  val_f1=0.7332  lr=8.49e-05
Running Validation...
Ep 111/500  loss=3.0465  tr_acc=0.9635  val_acc=0.8197  val_auroc=0.8935  val_f1=0.7245  lr=8.48e-05
Running Validation...
Ep 112/500  loss=3.0867  tr_acc=0.9550  val_acc=0.8299  val_auroc=0.8895  val_f1=0.7335  lr=8.48e-05
Running Validation...
Ep 113/500  loss=3.0572  tr_acc=0.9611  val_acc=0.8149  val_auroc=0.8825  val_f1=0.7304  lr=8.48e-05
Running Validation...
Ep 114/500  loss=3.0566  tr_acc=0.9601  val_acc=0.8267  val_auroc=0.8861  val_f1=0.7247  lr=8.47e-05
Running Validation...
Ep 115/500  loss=3.0380  tr_acc=0.9574  val_acc=0.8171  val_auroc=0.8789  val_f1=0.7020  lr=8.47e-05
Running Validation...
Ep 116/500  loss=3.0400  tr_acc=0.9594  val_acc=0.8315  val_auroc=0.8956  val_f1=0.7309  lr=8.47e-05
Running Validation...
Ep 117/500  loss=3.0580  tr_acc=0.9599  val_acc=0.8288  val_auroc=0.8893  val_f1=0.7250  lr=8.46e-05
Running Validation...
Ep 118/500  loss=3.0650  tr_acc=0.9586  val_acc=0.8293  val_auroc=0.8784  val_f1=0.7263  lr=8.46e-05
Running Validation...
Ep 119/500  loss=3.0382  tr_acc=0.9602  val_acc=0.8139  val_auroc=0.8749  val_f1=0.7039  lr=8.45e-05
Running Validation...
Ep 120/500  loss=3.0535  tr_acc=0.9644  val_acc=0.8187  val_auroc=0.8684  val_f1=0.7068  lr=8.45e-05
Running Validation...
Ep 121/500  loss=3.0601  tr_acc=0.9630  val_acc=0.8256  val_auroc=0.8806  val_f1=0.7226  lr=8.44e-05
Running Validation...
Ep 122/500  loss=3.0482  tr_acc=0.9639  val_acc=0.8283  val_auroc=0.8808  val_f1=0.7317  lr=8.44e-05
Running Validation...
Ep 123/500  loss=3.0238  tr_acc=0.9683  val_acc=0.8299  val_auroc=0.8765  val_f1=0.7302  lr=8.43e-05
Running Validation...
Ep 124/500  loss=3.0111  tr_acc=0.9675  val_acc=0.8459  val_auroc=0.8943  val_f1=0.7553  lr=8.42e-05
Running Validation...
Ep 125/500  loss=3.0345  tr_acc=0.9604  val_acc=0.8309  val_auroc=0.8896  val_f1=0.7299  lr=8.42e-05
Running Validation...
Ep 126/500  loss=3.0143  tr_acc=0.9681  val_acc=0.8384  val_auroc=0.8711  val_f1=0.7420  lr=8.41e-05
Running Validation...
Ep 127/500  loss=3.0216  tr_acc=0.9663  val_acc=0.8144  val_auroc=0.8617  val_f1=0.7076  lr=8.40e-05
Running Validation...
Ep 128/500  loss=3.0037  tr_acc=0.9697  val_acc=0.8384  val_auroc=0.9043  val_f1=0.7444  lr=8.40e-05
Running Validation...
Ep 129/500  loss=2.9995  tr_acc=0.9697  val_acc=0.8181  val_auroc=0.8789  val_f1=0.7089  lr=8.39e-05
Running Validation...
Ep 130/500  loss=3.0077  tr_acc=0.9675  val_acc=0.8331  val_auroc=0.8915  val_f1=0.7420  lr=8.38e-05
Running Validation...
Ep 131/500  loss=2.9918  tr_acc=0.9716  val_acc=0.8336  val_auroc=0.8836  val_f1=0.7420  lr=8.37e-05
Running Validation...
Ep 132/500  loss=3.0043  tr_acc=0.9694  val_acc=0.8267  val_auroc=0.8781  val_f1=0.7367  lr=8.37e-05
Running Validation...
Ep 133/500  loss=2.9801  tr_acc=0.9675  val_acc=0.8293  val_auroc=0.8843  val_f1=0.7355  lr=8.36e-05
Running Validation...
Ep 134/500  loss=3.0260  tr_acc=0.9662  val_acc=0.8331  val_auroc=0.8635  val_f1=0.7260  lr=8.35e-05
Running Validation...
Ep 135/500  loss=2.9835  tr_acc=0.9712  val_acc=0.8325  val_auroc=0.8792  val_f1=0.7326  lr=8.34e-05
Running Validation...
Ep 136/500  loss=3.0220  tr_acc=0.9669  val_acc=0.8336  val_auroc=0.8804  val_f1=0.7370  lr=8.33e-05
Running Validation...
Ep 137/500  loss=2.9996  tr_acc=0.9698  val_acc=0.8331  val_auroc=0.8874  val_f1=0.7396  lr=8.32e-05
Running Validation...
Ep 138/500  loss=2.9950  tr_acc=0.9652  val_acc=0.8405  val_auroc=0.8924  val_f1=0.7451  lr=8.31e-05
Running Validation...
Ep 139/500  loss=3.0055  tr_acc=0.9676  val_acc=0.8368  val_auroc=0.8626  val_f1=0.7413  lr=8.30e-05
Running Validation...
Ep 140/500  loss=3.0128  tr_acc=0.9689  val_acc=0.8389  val_auroc=0.8869  val_f1=0.7465  lr=8.29e-05
Running Validation...
Ep 141/500  loss=2.9961  tr_acc=0.9706  val_acc=0.8299  val_auroc=0.8951  val_f1=0.7296  lr=8.28e-05
Running Validation...
Ep 142/500  loss=2.9754  tr_acc=0.9713  val_acc=0.8437  val_auroc=0.8805  val_f1=0.7437  lr=8.27e-05
Running Validation...
Ep 143/500  loss=2.9683  tr_acc=0.9690  val_acc=0.8400  val_auroc=0.8845  val_f1=0.7421  lr=8.26e-05
Running Validation...
Ep 144/500  loss=3.0150  tr_acc=0.9710  val_acc=0.8352  val_auroc=0.8730  val_f1=0.7367  lr=8.25e-05
Running Validation...
Ep 145/500  loss=2.9973  tr_acc=0.9746  val_acc=0.8261  val_auroc=0.8703  val_f1=0.7317  lr=8.24e-05
Running Validation...
Ep 146/500  loss=2.9935  tr_acc=0.9739  val_acc=0.8389  val_auroc=0.8879  val_f1=0.7378  lr=8.23e-05
Running Validation...
Ep 147/500  loss=2.9578  tr_acc=0.9723  val_acc=0.8288  val_auroc=0.8825  val_f1=0.7456  lr=8.21e-05
Running Validation...
Ep 148/500  loss=2.9967  tr_acc=0.9705  val_acc=0.8384  val_auroc=0.8757  val_f1=0.7408  lr=8.20e-05
Running Validation...
Ep 149/500  loss=2.9375  tr_acc=0.9739  val_acc=0.8464  val_auroc=0.8858  val_f1=0.7481  lr=8.19e-05
Running Validation...
Ep 150/500  loss=2.9707  tr_acc=0.9710  val_acc=0.8405  val_auroc=0.8884  val_f1=0.7510  lr=8.18e-05
Running Validation...
Ep 151/500  loss=2.9774  tr_acc=0.9712  val_acc=0.8245  val_auroc=0.8752  val_f1=0.7407  lr=8.16e-05
Running Validation...
Ep 152/500  loss=3.0163  tr_acc=0.9722  val_acc=0.8427  val_auroc=0.8720  val_f1=0.7462  lr=8.15e-05
Running Validation...
Ep 153/500  loss=2.9774  tr_acc=0.9732  val_acc=0.8416  val_auroc=0.8734  val_f1=0.7452  lr=8.14e-05
Running Validation...
Ep 154/500  loss=2.9949  tr_acc=0.9734  val_acc=0.8411  val_auroc=0.8737  val_f1=0.7435  lr=8.12e-05
Running Validation...
Ep 155/500  loss=2.9750  tr_acc=0.9734  val_acc=0.8272  val_auroc=0.8678  val_f1=0.7265  lr=8.11e-05
Running Validation...
Ep 156/500  loss=2.9842  tr_acc=0.9769  val_acc=0.8384  val_auroc=0.8761  val_f1=0.7441  lr=8.10e-05
Running Validation...
Ep 157/500  loss=2.9575  tr_acc=0.9744  val_acc=0.8405  val_auroc=0.8751  val_f1=0.7501  lr=8.08e-05
Running Validation...
Ep 158/500  loss=2.9856  tr_acc=0.9739  val_acc=0.8464  val_auroc=0.8889  val_f1=0.7566  lr=8.07e-05
Running Validation...
Ep 159/500  loss=2.9737  tr_acc=0.9730  val_acc=0.8304  val_auroc=0.8741  val_f1=0.7344  lr=8.05e-05
Running Validation...
Ep 160/500  loss=2.9979  tr_acc=0.9726  val_acc=0.8459  val_auroc=0.8856  val_f1=0.7548  lr=8.04e-05
Running Validation...
Ep 161/500  loss=2.9770  tr_acc=0.9746  val_acc=0.8405  val_auroc=0.8880  val_f1=0.7479  lr=8.02e-05
Running Validation...
Ep 162/500  loss=2.9922  tr_acc=0.9732  val_acc=0.8400  val_auroc=0.8696  val_f1=0.7444  lr=8.01e-05
Running Validation...
Ep 163/500  loss=2.9798  tr_acc=0.9749  val_acc=0.8272  val_auroc=0.8695  val_f1=0.7156  lr=7.99e-05
Running Validation...
Ep 164/500  loss=2.9730  tr_acc=0.9741  val_acc=0.8352  val_auroc=0.8836  val_f1=0.7396  lr=7.97e-05
Running Validation...
Ep 165/500  loss=3.0002  tr_acc=0.9755  val_acc=0.8416  val_auroc=0.8775  val_f1=0.7473  lr=7.96e-05
Running Validation...
Ep 166/500  loss=2.9958  tr_acc=0.9739  val_acc=0.8336  val_auroc=0.8710  val_f1=0.7320  lr=7.94e-05
Running Validation...
Ep 167/500  loss=3.0061  tr_acc=0.9737  val_acc=0.8395  val_auroc=0.8606  val_f1=0.7507  lr=7.93e-05
Running Validation...
Ep 168/500  loss=2.9630  tr_acc=0.9758  val_acc=0.8443  val_auroc=0.8706  val_f1=0.7660  lr=7.91e-05
Running Validation...
Ep 169/500  loss=2.9779  tr_acc=0.9739  val_acc=0.8475  val_auroc=0.8789  val_f1=0.7579  lr=7.89e-05
Running Validation...
Ep 170/500  loss=2.9717  tr_acc=0.9737  val_acc=0.8432  val_auroc=0.8817  val_f1=0.7400  lr=7.87e-05
Running Validation...
Ep 171/500  loss=2.9571  tr_acc=0.9773  val_acc=0.8336  val_auroc=0.8584  val_f1=0.7382  lr=7.86e-05
Running Validation...
Ep 172/500  loss=2.9805  tr_acc=0.9772  val_acc=0.8517  val_auroc=0.8842  val_f1=0.7675  lr=7.84e-05
Running Validation...
Ep 173/500  loss=2.9756  tr_acc=0.9746  val_acc=0.8512  val_auroc=0.8772  val_f1=0.7641  lr=7.82e-05
Running Validation...
Ep 174/500  loss=2.9546  tr_acc=0.9747  val_acc=0.8416  val_auroc=0.8727  val_f1=0.7428  lr=7.80e-05
Running Validation...
Ep 175/500  loss=2.9625  tr_acc=0.9756  val_acc=0.8373  val_auroc=0.8575  val_f1=0.7389  lr=7.78e-05
Running Validation...
Ep 176/500  loss=2.9875  tr_acc=0.9792  val_acc=0.8331  val_auroc=0.8679  val_f1=0.7392  lr=7.77e-05
Running Validation...
Ep 177/500  loss=2.9902  tr_acc=0.9758  val_acc=0.8432  val_auroc=0.8741  val_f1=0.7490  lr=7.75e-05
Running Validation...
Ep 178/500  loss=2.9745  tr_acc=0.9774  val_acc=0.8475  val_auroc=0.8954  val_f1=0.7599  lr=7.73e-05
Running Validation...
Ep 179/500  loss=2.9908  tr_acc=0.9792  val_acc=0.8379  val_auroc=0.8832  val_f1=0.7370  lr=7.71e-05
Running Validation...
Ep 180/500  loss=2.9772  tr_acc=0.9770  val_acc=0.8491  val_auroc=0.8796  val_f1=0.7585  lr=7.69e-05
Running Validation...
Ep 181/500  loss=2.9953  tr_acc=0.9772  val_acc=0.8453  val_auroc=0.8906  val_f1=0.7507  lr=7.67e-05
Running Validation...
Ep 182/500  loss=2.9650  tr_acc=0.9780  val_acc=0.8384  val_auroc=0.8711  val_f1=0.7417  lr=7.65e-05
Running Validation...
Ep 183/500  loss=2.9639  tr_acc=0.9793  val_acc=0.8389  val_auroc=0.8708  val_f1=0.7371  lr=7.63e-05
Running Validation...
Ep 184/500  loss=2.9879  tr_acc=0.9803  val_acc=0.8395  val_auroc=0.8625  val_f1=0.7376  lr=7.61e-05
Running Validation...
Ep 185/500  loss=3.0241  tr_acc=0.9773  val_acc=0.8331  val_auroc=0.8735  val_f1=0.7443  lr=7.59e-05
Running Validation...
Ep 186/500  loss=2.9632  tr_acc=0.9795  val_acc=0.8549  val_auroc=0.8810  val_f1=0.7696  lr=7.57e-05
Running Validation...
Ep 187/500  loss=2.9756  tr_acc=0.9788  val_acc=0.8373  val_auroc=0.8650  val_f1=0.7380  lr=7.55e-05
Running Validation...
Ep 188/500  loss=2.9826  tr_acc=0.9823  val_acc=0.8219  val_auroc=0.8563  val_f1=0.7184  lr=7.52e-05
Running Validation...
Ep 189/500  loss=2.9784  tr_acc=0.9820  val_acc=0.8347  val_auroc=0.8432  val_f1=0.7218  lr=7.50e-05
Running Validation...
Ep 190/500  loss=2.9731  tr_acc=0.9812  val_acc=0.8549  val_auroc=0.8769  val_f1=0.7719  lr=7.48e-05
Running Validation...
Ep 191/500  loss=2.9531  tr_acc=0.9819  val_acc=0.8571  val_auroc=0.8914  val_f1=0.7665  lr=7.46e-05
Running Validation...
Ep 192/500  loss=2.9929  tr_acc=0.9795  val_acc=0.8448  val_auroc=0.8762  val_f1=0.7618  lr=7.44e-05
Running Validation...
Ep 193/500  loss=2.9514  tr_acc=0.9819  val_acc=0.8411  val_auroc=0.8671  val_f1=0.7491  lr=7.42e-05
Running Validation...
Ep 194/500  loss=2.9500  tr_acc=0.9826  val_acc=0.8379  val_auroc=0.8652  val_f1=0.7405  lr=7.39e-05
Running Validation...
Ep 195/500  loss=2.9675  tr_acc=0.9840  val_acc=0.8469  val_auroc=0.8574  val_f1=0.7476  lr=7.37e-05
Running Validation...
Ep 196/500  loss=3.0136  tr_acc=0.9779  val_acc=0.8448  val_auroc=0.8655  val_f1=0.7511  lr=7.35e-05
Running Validation...
Ep 197/500  loss=2.9783  tr_acc=0.9797  val_acc=0.8352  val_auroc=0.8724  val_f1=0.7404  lr=7.33e-05
Running Validation...
Ep 198/500  loss=2.9525  tr_acc=0.9803  val_acc=0.8448  val_auroc=0.8591  val_f1=0.7448  lr=7.30e-05
Running Validation...
Ep 199/500  loss=2.9432  tr_acc=0.9831  val_acc=0.8331  val_auroc=0.8586  val_f1=0.7412  lr=7.28e-05
Running Validation...
Ep 200/500  loss=2.9768  tr_acc=0.9824  val_acc=0.8400  val_auroc=0.8535  val_f1=0.7432  lr=7.26e-05
Running Validation...
Ep 201/500  loss=2.9521  tr_acc=0.9834  val_acc=0.8453  val_auroc=0.8699  val_f1=0.7532  lr=7.23e-05
Running Validation...
Ep 202/500  loss=2.9806  tr_acc=0.9811  val_acc=0.8299  val_auroc=0.8567  val_f1=0.7359  lr=7.21e-05
Running Validation...
Ep 203/500  loss=2.9553  tr_acc=0.9845  val_acc=0.8427  val_auroc=0.8620  val_f1=0.7578  lr=7.18e-05
Running Validation...
Ep 204/500  loss=2.9748  tr_acc=0.9804  val_acc=0.8080  val_auroc=0.8554  val_f1=0.7260  lr=7.16e-05
Running Validation...
Ep 205/500  loss=2.9566  tr_acc=0.9815  val_acc=0.8485  val_auroc=0.8660  val_f1=0.7548  lr=7.13e-05
Running Validation...
Ep 206/500  loss=2.9383  tr_acc=0.9841  val_acc=0.8427  val_auroc=0.8614  val_f1=0.7389  lr=7.11e-05
Running Validation...
Ep 207/500  loss=2.9777  tr_acc=0.9837  val_acc=0.8373  val_auroc=0.8541  val_f1=0.7354  lr=7.09e-05
Running Validation...
Ep 208/500  loss=2.9253  tr_acc=0.9861  val_acc=0.8421  val_auroc=0.8622  val_f1=0.7390  lr=7.06e-05
Running Validation...
Ep 209/500  loss=2.9767  tr_acc=0.9809  val_acc=0.8379  val_auroc=0.8634  val_f1=0.7361  lr=7.04e-05
Running Validation...
Ep 210/500  loss=2.9652  tr_acc=0.9833  val_acc=0.8325  val_auroc=0.8544  val_f1=0.7381  lr=7.01e-05
Running Validation...
Ep 211/500  loss=2.9397  tr_acc=0.9858  val_acc=0.8352  val_auroc=0.8626  val_f1=0.7334  lr=6.98e-05
Running Validation...
Ep 212/500  loss=2.9742  tr_acc=0.9849  val_acc=0.8416  val_auroc=0.8634  val_f1=0.7449  lr=6.96e-05
Running Validation...
Ep 213/500  loss=2.9673  tr_acc=0.9831  val_acc=0.8464  val_auroc=0.8563  val_f1=0.7535  lr=6.93e-05
Running Validation...
Ep 214/500  loss=2.9580  tr_acc=0.9818  val_acc=0.8501  val_auroc=0.8729  val_f1=0.7623  lr=6.91e-05
Running Validation...
Ep 215/500  loss=2.9056  tr_acc=0.9847  val_acc=0.8453  val_auroc=0.8641  val_f1=0.7532  lr=6.88e-05
Running Validation...
Ep 216/500  loss=2.9448  tr_acc=0.9845  val_acc=0.8587  val_auroc=0.8673  val_f1=0.7728  lr=6.85e-05
Running Validation...
Ep 217/500  loss=2.9498  tr_acc=0.9820  val_acc=0.8416  val_auroc=0.8581  val_f1=0.7440  lr=6.83e-05
Running Validation...
Ep 218/500  loss=2.9466  tr_acc=0.9852  val_acc=0.8448  val_auroc=0.8636  val_f1=0.7488  lr=6.80e-05
Running Validation...
Ep 219/500  loss=2.9407  tr_acc=0.9868  val_acc=0.8411  val_auroc=0.8675  val_f1=0.7490  lr=6.78e-05
Running Validation...
Ep 220/500  loss=2.9453  tr_acc=0.9848  val_acc=0.8480  val_auroc=0.8666  val_f1=0.7678  lr=6.75e-05
Running Validation...
Ep 221/500  loss=2.9562  tr_acc=0.9889  val_acc=0.8464  val_auroc=0.8640  val_f1=0.7528  lr=6.72e-05
Running Validation...
Ep 222/500  loss=2.9650  tr_acc=0.9842  val_acc=0.8427  val_auroc=0.8540  val_f1=0.7433  lr=6.69e-05
Running Validation...
Ep 223/500  loss=2.9284  tr_acc=0.9843  val_acc=0.8443  val_auroc=0.8663  val_f1=0.7586  lr=6.67e-05
Running Validation...
Ep 224/500  loss=2.9330  tr_acc=0.9807  val_acc=0.8400  val_auroc=0.8494  val_f1=0.7479  lr=6.64e-05
Running Validation...
Ep 225/500  loss=2.9241  tr_acc=0.9868  val_acc=0.8427  val_auroc=0.8654  val_f1=0.7496  lr=6.61e-05
Running Validation...
Ep 226/500  loss=2.9489  tr_acc=0.9872  val_acc=0.8427  val_auroc=0.8750  val_f1=0.7540  lr=6.58e-05
Running Validation...
Ep 227/500  loss=2.9165  tr_acc=0.9870  val_acc=0.8549  val_auroc=0.8701  val_f1=0.7712  lr=6.56e-05
Running Validation...
Ep 228/500  loss=2.9009  tr_acc=0.9881  val_acc=0.8379  val_auroc=0.8684  val_f1=0.7357  lr=6.53e-05
Running Validation...
Ep 229/500  loss=2.9330  tr_acc=0.9865  val_acc=0.8475  val_auroc=0.8568  val_f1=0.7567  lr=6.50e-05
Running Validation...
Ep 230/500  loss=2.9301  tr_acc=0.9876  val_acc=0.8384  val_auroc=0.8668  val_f1=0.7399  lr=6.47e-05
Running Validation...
Ep 231/500  loss=2.9555  tr_acc=0.9849  val_acc=0.8443  val_auroc=0.8513  val_f1=0.7608  lr=6.44e-05
Running Validation...
Ep 232/500  loss=2.9469  tr_acc=0.9855  val_acc=0.8400  val_auroc=0.8515  val_f1=0.7476  lr=6.41e-05
Running Validation...
Ep 233/500  loss=2.9277  tr_acc=0.9867  val_acc=0.8352  val_auroc=0.8346  val_f1=0.7396  lr=6.38e-05
Running Validation...
Ep 234/500  loss=2.9321  tr_acc=0.9860  val_acc=0.8331  val_auroc=0.8429  val_f1=0.7327  lr=6.36e-05
Running Validation...
Ep 235/500  loss=2.9676  tr_acc=0.9868  val_acc=0.8373  val_auroc=0.8670  val_f1=0.7362  lr=6.33e-05
Running Validation...
Ep 236/500  loss=2.8956  tr_acc=0.9881  val_acc=0.8288  val_auroc=0.8574  val_f1=0.7285  lr=6.30e-05
Running Validation...
Ep 237/500  loss=2.8841  tr_acc=0.9905  val_acc=0.8475  val_auroc=0.8695  val_f1=0.7552  lr=6.27e-05
Running Validation...
Ep 238/500  loss=2.9399  tr_acc=0.9872  val_acc=0.8459  val_auroc=0.8670  val_f1=0.7572  lr=6.24e-05
Running Validation...
Ep 239/500  loss=2.9421  tr_acc=0.9868  val_acc=0.8384  val_auroc=0.8545  val_f1=0.7370  lr=6.21e-05
Running Validation...
Ep 240/500  loss=2.9167  tr_acc=0.9860  val_acc=0.8491  val_auroc=0.8683  val_f1=0.7650  lr=6.18e-05
Running Validation...
Ep 241/500  loss=2.8823  tr_acc=0.9886  val_acc=0.8491  val_auroc=0.8560  val_f1=0.7506  lr=6.15e-05
Running Validation...
Ep 242/500  loss=2.9313  tr_acc=0.9879  val_acc=0.8475  val_auroc=0.8609  val_f1=0.7482  lr=6.12e-05
Running Validation...
Ep 243/500  loss=2.9237  tr_acc=0.9853  val_acc=0.8523  val_auroc=0.8569  val_f1=0.7549  lr=6.09e-05
Running Validation...
Ep 244/500  loss=2.9321  tr_acc=0.9864  val_acc=0.8384  val_auroc=0.8543  val_f1=0.7426  lr=6.06e-05
Running Validation...
Ep 245/500  loss=2.9380  tr_acc=0.9880  val_acc=0.8469  val_auroc=0.8690  val_f1=0.7604  lr=6.03e-05
Running Validation...
Ep 246/500  loss=2.9293  tr_acc=0.9863  val_acc=0.8389  val_auroc=0.8683  val_f1=0.7482  lr=6.00e-05
Running Validation...
Ep 247/500  loss=2.9403  tr_acc=0.9873  val_acc=0.8384  val_auroc=0.8502  val_f1=0.7428  lr=5.97e-05
Running Validation...
Ep 248/500  loss=2.9177  tr_acc=0.9886  val_acc=0.8411  val_auroc=0.8440  val_f1=0.7447  lr=5.94e-05
Running Validation...
Ep 249/500  loss=2.8926  tr_acc=0.9897  val_acc=0.8384  val_auroc=0.8570  val_f1=0.7363  lr=5.91e-05
Running Validation...
Ep 250/500  loss=2.9150  tr_acc=0.9888  val_acc=0.8475  val_auroc=0.8427  val_f1=0.7506  lr=5.88e-05
Running Validation...
Ep 251/500  loss=2.9327  tr_acc=0.9875  val_acc=0.8405  val_auroc=0.8567  val_f1=0.7367  lr=5.85e-05
Running Validation...
Ep 252/500  loss=2.9300  tr_acc=0.9866  val_acc=0.8299  val_auroc=0.8463  val_f1=0.7292  lr=5.81e-05
Running Validation...
Ep 253/500  loss=2.9223  tr_acc=0.9875  val_acc=0.8453  val_auroc=0.8712  val_f1=0.7488  lr=5.78e-05
Running Validation...
Ep 254/500  loss=2.9323  tr_acc=0.9876  val_acc=0.8464  val_auroc=0.8718  val_f1=0.7485  lr=5.75e-05
Running Validation...
Ep 255/500  loss=2.9024  tr_acc=0.9890  val_acc=0.8352  val_auroc=0.8430  val_f1=0.7358  lr=5.72e-05
Running Validation...
Ep 256/500  loss=2.9089  tr_acc=0.9878  val_acc=0.8448  val_auroc=0.8573  val_f1=0.7485  lr=5.69e-05
Running Validation...
Ep 257/500  loss=2.9271  tr_acc=0.9888  val_acc=0.8325  val_auroc=0.8450  val_f1=0.7271  lr=5.66e-05
Running Validation...
Ep 258/500  loss=2.9353  tr_acc=0.9894  val_acc=0.8517  val_auroc=0.8515  val_f1=0.7555  lr=5.63e-05
Running Validation...
Ep 259/500  loss=2.9084  tr_acc=0.9873  val_acc=0.8427  val_auroc=0.8614  val_f1=0.7467  lr=5.60e-05
Running Validation...
Ep 260/500  loss=2.9207  tr_acc=0.9891  val_acc=0.8507  val_auroc=0.8542  val_f1=0.7639  lr=5.56e-05
Running Validation...
Ep 261/500  loss=2.9355  tr_acc=0.9895  val_acc=0.8416  val_auroc=0.8610  val_f1=0.7448  lr=5.53e-05
Running Validation...
Ep 262/500  loss=2.9189  tr_acc=0.9891  val_acc=0.8565  val_auroc=0.8595  val_f1=0.7623  lr=5.50e-05
Running Validation...
Ep 263/500  loss=2.9017  tr_acc=0.9873  val_acc=0.8453  val_auroc=0.8581  val_f1=0.7497  lr=5.47e-05
Running Validation...
Ep 264/500  loss=2.9134  tr_acc=0.9902  val_acc=0.8448  val_auroc=0.8631  val_f1=0.7562  lr=5.44e-05
Running Validation...
Ep 265/500  loss=2.9413  tr_acc=0.9861  val_acc=0.8363  val_auroc=0.8611  val_f1=0.7493  lr=5.40e-05
Running Validation...
Ep 266/500  loss=2.9086  tr_acc=0.9892  val_acc=0.8603  val_auroc=0.8553  val_f1=0.7706  lr=5.37e-05
Running Validation...
Ep 267/500  loss=2.8865  tr_acc=0.9900  val_acc=0.8389  val_auroc=0.8615  val_f1=0.7440  lr=5.34e-05
Running Validation...
Ep 268/500  loss=2.9005  tr_acc=0.9879  val_acc=0.8443  val_auroc=0.8623  val_f1=0.7519  lr=5.31e-05
Running Validation...
Ep 269/500  loss=2.9012  tr_acc=0.9874  val_acc=0.8507  val_auroc=0.8689  val_f1=0.7633  lr=5.27e-05
Running Validation...
Ep 270/500  loss=2.9131  tr_acc=0.9903  val_acc=0.8480  val_auroc=0.8622  val_f1=0.7487  lr=5.24e-05
Running Validation...
Ep 271/500  loss=2.8979  tr_acc=0.9887  val_acc=0.8443  val_auroc=0.8666  val_f1=0.7509  lr=5.21e-05
Running Validation...
Ep 272/500  loss=2.9412  tr_acc=0.9894  val_acc=0.8459  val_auroc=0.8625  val_f1=0.7542  lr=5.18e-05
Running Validation...
Ep 273/500  loss=2.8926  tr_acc=0.9907  val_acc=0.8613  val_auroc=0.8595  val_f1=0.7766  lr=5.14e-05
Running Validation...
Ep 274/500  loss=2.8850  tr_acc=0.9913  val_acc=0.8549  val_auroc=0.8582  val_f1=0.7688  lr=5.11e-05
Running Validation...
Ep 275/500  loss=2.8927  tr_acc=0.9899  val_acc=0.8528  val_auroc=0.8516  val_f1=0.7610  lr=5.08e-05
Running Validation...
Ep 276/500  loss=2.9213  tr_acc=0.9912  val_acc=0.8293  val_auroc=0.8640  val_f1=0.7330  lr=5.05e-05
Running Validation...
Ep 277/500  loss=2.9057  tr_acc=0.9870  val_acc=0.8357  val_auroc=0.8645  val_f1=0.7474  lr=5.01e-05
Running Validation...
Ep 278/500  loss=2.9007  tr_acc=0.9895  val_acc=0.8523  val_auroc=0.8651  val_f1=0.7590  lr=4.98e-05
Running Validation...
Ep 279/500  loss=2.8932  tr_acc=0.9896  val_acc=0.8485  val_auroc=0.8701  val_f1=0.7574  lr=4.95e-05
Running Validation...
Ep 280/500  loss=2.9313  tr_acc=0.9896  val_acc=0.8501  val_auroc=0.8569  val_f1=0.7627  lr=4.91e-05
Running Validation...
Ep 281/500  loss=2.9014  tr_acc=0.9899  val_acc=0.8480  val_auroc=0.8577  val_f1=0.7533  lr=4.88e-05
Running Validation...
Ep 282/500  loss=2.8826  tr_acc=0.9918  val_acc=0.8528  val_auroc=0.8723  val_f1=0.7594  lr=4.85e-05
Running Validation...
Ep 283/500  loss=2.9069  tr_acc=0.9887  val_acc=0.8437  val_auroc=0.8729  val_f1=0.7382  lr=4.82e-05
Running Validation...
Ep 284/500  loss=2.9063  tr_acc=0.9900  val_acc=0.8560  val_auroc=0.8674  val_f1=0.7711  lr=4.78e-05
Running Validation...
Ep 285/500  loss=2.9144  tr_acc=0.9903  val_acc=0.8469  val_auroc=0.8707  val_f1=0.7561  lr=4.75e-05
Running Validation...
Ep 286/500  loss=2.8852  tr_acc=0.9922  val_acc=0.8512  val_auroc=0.8585  val_f1=0.7589  lr=4.72e-05
Running Validation...
Ep 287/500  loss=2.8739  tr_acc=0.9913  val_acc=0.8592  val_auroc=0.8735  val_f1=0.7780  lr=4.68e-05
Running Validation...
Ep 288/500  loss=2.8718  tr_acc=0.9914  val_acc=0.8523  val_auroc=0.8746  val_f1=0.7564  lr=4.65e-05
Running Validation...
Ep 289/500  loss=2.8901  tr_acc=0.9902  val_acc=0.8405  val_auroc=0.8681  val_f1=0.7361  lr=4.62e-05
Running Validation...
Ep 290/500  loss=2.9023  tr_acc=0.9896  val_acc=0.8576  val_auroc=0.8666  val_f1=0.7642  lr=4.58e-05
Running Validation...
Ep 291/500  loss=2.9034  tr_acc=0.9908  val_acc=0.8475  val_auroc=0.8710  val_f1=0.7625  lr=4.55e-05
Running Validation...
Ep 292/500  loss=2.9023  tr_acc=0.9914  val_acc=0.8507  val_auroc=0.8561  val_f1=0.7580  lr=4.52e-05
Running Validation...
Ep 293/500  loss=2.8944  tr_acc=0.9910  val_acc=0.8469  val_auroc=0.8802  val_f1=0.7591  lr=4.48e-05
Running Validation...
Ep 294/500  loss=2.8648  tr_acc=0.9932  val_acc=0.8539  val_auroc=0.8679  val_f1=0.7650  lr=4.45e-05
Running Validation...
Ep 295/500  loss=2.8869  tr_acc=0.9898  val_acc=0.8576  val_auroc=0.8741  val_f1=0.7742  lr=4.42e-05
Running Validation...
Ep 296/500  loss=2.8900  tr_acc=0.9927  val_acc=0.8645  val_auroc=0.8676  val_f1=0.7806  lr=4.38e-05
Running Validation...
Ep 297/500  loss=2.8840  tr_acc=0.9896  val_acc=0.8565  val_auroc=0.8476  val_f1=0.7686  lr=4.35e-05
Running Validation...
Ep 298/500  loss=2.8925  tr_acc=0.9904  val_acc=0.8517  val_auroc=0.8610  val_f1=0.7661  lr=4.32e-05
Running Validation...
Ep 299/500  loss=2.8836  tr_acc=0.9912  val_acc=0.8517  val_auroc=0.8685  val_f1=0.7691  lr=4.28e-05
Running Validation...
Ep 300/500  loss=2.8997  tr_acc=0.9894  val_acc=0.8459  val_auroc=0.8584  val_f1=0.7499  lr=4.25e-05
Running Validation...
Ep 301/500  loss=2.8708  tr_acc=0.9914  val_acc=0.8507  val_auroc=0.8525  val_f1=0.7589  lr=4.22e-05
Running Validation...
Ep 302/500  loss=2.8896  tr_acc=0.9916  val_acc=0.8539  val_auroc=0.8696  val_f1=0.7632  lr=4.18e-05
Running Validation...
Ep 303/500  loss=2.9039  tr_acc=0.9919  val_acc=0.8453  val_auroc=0.8585  val_f1=0.7419  lr=4.15e-05
Running Validation...
Ep 304/500  loss=2.8872  tr_acc=0.9913  val_acc=0.8485  val_auroc=0.8666  val_f1=0.7510  lr=4.12e-05
Running Validation...
Ep 305/500  loss=2.8768  tr_acc=0.9906  val_acc=0.8539  val_auroc=0.8638  val_f1=0.7661  lr=4.08e-05
Running Validation...
Ep 306/500  loss=2.8813  tr_acc=0.9920  val_acc=0.8373  val_auroc=0.8513  val_f1=0.7413  lr=4.05e-05
Running Validation...
Ep 307/500  loss=2.8944  tr_acc=0.9906  val_acc=0.8432  val_auroc=0.8696  val_f1=0.7494  lr=4.02e-05
Running Validation...
Ep 308/500  loss=2.8951  tr_acc=0.9897  val_acc=0.8485  val_auroc=0.8726  val_f1=0.7625  lr=3.98e-05
Running Validation...
Ep 309/500  loss=2.8754  tr_acc=0.9924  val_acc=0.8480  val_auroc=0.8682  val_f1=0.7524  lr=3.95e-05
Running Validation...
Ep 310/500  loss=2.8962  tr_acc=0.9924  val_acc=0.8544  val_auroc=0.8723  val_f1=0.7640  lr=3.92e-05
Running Validation...
Ep 311/500  loss=2.9050  tr_acc=0.9892  val_acc=0.8549  val_auroc=0.8610  val_f1=0.7687  lr=3.88e-05
Running Validation...
Ep 312/500  loss=2.8606  tr_acc=0.9931  val_acc=0.8501  val_auroc=0.8763  val_f1=0.7591  lr=3.85e-05
Running Validation...
Ep 313/500  loss=2.8786  tr_acc=0.9912  val_acc=0.8539  val_auroc=0.8706  val_f1=0.7682  lr=3.82e-05
Running Validation...
Ep 314/500  loss=2.8486  tr_acc=0.9912  val_acc=0.8576  val_auroc=0.8703  val_f1=0.7718  lr=3.78e-05
Running Validation...
Ep 315/500  loss=2.9086  tr_acc=0.9894  val_acc=0.8491  val_auroc=0.8715  val_f1=0.7534  lr=3.75e-05
Running Validation...
Ep 316/500  loss=2.8676  tr_acc=0.9908  val_acc=0.8635  val_auroc=0.8637  val_f1=0.7798  lr=3.72e-05
Running Validation...
Ep 317/500  loss=2.8744  tr_acc=0.9922  val_acc=0.8464  val_auroc=0.8725  val_f1=0.7586  lr=3.68e-05
Running Validation...
Ep 318/500  loss=2.8597  tr_acc=0.9922  val_acc=0.8480  val_auroc=0.8671  val_f1=0.7470  lr=3.65e-05
Running Validation...
Ep 319/500  loss=2.8668  tr_acc=0.9926  val_acc=0.8475  val_auroc=0.8736  val_f1=0.7612  lr=3.62e-05
Running Validation...
Ep 320/500  loss=2.9056  tr_acc=0.9916  val_acc=0.8539  val_auroc=0.8793  val_f1=0.7742  lr=3.59e-05
Running Validation...
Ep 321/500  loss=2.9299  tr_acc=0.9913  val_acc=0.8523  val_auroc=0.8827  val_f1=0.7714  lr=3.55e-05
Running Validation...
Ep 322/500  loss=2.8675  tr_acc=0.9928  val_acc=0.8459  val_auroc=0.8879  val_f1=0.7496  lr=3.52e-05
Running Validation...
Ep 323/500  loss=2.8659  tr_acc=0.9924  val_acc=0.8453  val_auroc=0.8589  val_f1=0.7469  lr=3.49e-05
Running Validation...
Ep 324/500  loss=2.9139  tr_acc=0.9914  val_acc=0.8459  val_auroc=0.8636  val_f1=0.7582  lr=3.45e-05
Running Validation...
Ep 325/500  loss=2.9050  tr_acc=0.9914  val_acc=0.8277  val_auroc=0.8535  val_f1=0.7140  lr=3.42e-05
Running Validation...
Ep 326/500  loss=2.8709  tr_acc=0.9934  val_acc=0.8123  val_auroc=0.8587  val_f1=0.6981  lr=3.39e-05
Running Validation...
Ep 327/500  loss=2.8644  tr_acc=0.9926  val_acc=0.8496  val_auroc=0.8795  val_f1=0.7527  lr=3.36e-05
Running Validation...
Ep 328/500  loss=2.8752  tr_acc=0.9913  val_acc=0.8395  val_auroc=0.8625  val_f1=0.7454  lr=3.32e-05
Running Validation...
Ep 329/500  loss=2.8808  tr_acc=0.9931  val_acc=0.8464  val_auroc=0.8713  val_f1=0.7508  lr=3.29e-05
Running Validation...
Ep 330/500  loss=2.8548  tr_acc=0.9929  val_acc=0.8453  val_auroc=0.8625  val_f1=0.7467  lr=3.26e-05
Running Validation...
Ep 331/500  loss=2.8762  tr_acc=0.9920  val_acc=0.8459  val_auroc=0.8623  val_f1=0.7468  lr=3.23e-05
Running Validation...
Ep 332/500  loss=2.8887  tr_acc=0.9902  val_acc=0.8517  val_auroc=0.8513  val_f1=0.7584  lr=3.19e-05
Running Validation...
Ep 333/500  loss=2.8908  tr_acc=0.9935  val_acc=0.8400  val_auroc=0.8672  val_f1=0.7402  lr=3.16e-05
Running Validation...
Ep 334/500  loss=2.9122  tr_acc=0.9922  val_acc=0.8539  val_auroc=0.8788  val_f1=0.7709  lr=3.13e-05
Running Validation...
Ep 335/500  loss=2.8899  tr_acc=0.9937  val_acc=0.8533  val_auroc=0.8698  val_f1=0.7621  lr=3.10e-05
Running Validation...
Ep 336/500  loss=2.8781  tr_acc=0.9932  val_acc=0.8459  val_auroc=0.8565  val_f1=0.7537  lr=3.06e-05
Running Validation...
Ep 337/500  loss=2.8483  tr_acc=0.9950  val_acc=0.8368  val_auroc=0.8562  val_f1=0.7527  lr=3.03e-05
Running Validation...
Ep 338/500  loss=2.8611  tr_acc=0.9934  val_acc=0.8427  val_auroc=0.8704  val_f1=0.7535  lr=3.00e-05
Running Validation...
Ep 339/500  loss=2.8502  tr_acc=0.9930  val_acc=0.8475  val_auroc=0.8673  val_f1=0.7567  lr=2.97e-05
Running Validation...
Ep 340/500  loss=2.8582  tr_acc=0.9934  val_acc=0.8539  val_auroc=0.8666  val_f1=0.7640  lr=2.94e-05
Running Validation...
Ep 341/500  loss=2.8837  tr_acc=0.9945  val_acc=0.8528  val_auroc=0.8742  val_f1=0.7631  lr=2.90e-05
Running Validation...
Ep 342/500  loss=2.8655  tr_acc=0.9939  val_acc=0.8523  val_auroc=0.8756  val_f1=0.7603  lr=2.87e-05
Running Validation...
Ep 343/500  loss=2.8512  tr_acc=0.9961  val_acc=0.8421  val_auroc=0.8596  val_f1=0.7425  lr=2.84e-05
Running Validation...
Ep 344/500  loss=2.8573  tr_acc=0.9939  val_acc=0.8480  val_auroc=0.8732  val_f1=0.7541  lr=2.81e-05
Running Validation...
Ep 345/500  loss=2.8920  tr_acc=0.9947  val_acc=0.8496  val_auroc=0.8675  val_f1=0.7587  lr=2.78e-05
Running Validation...
Ep 346/500  loss=2.9072  tr_acc=0.9915  val_acc=0.8363  val_auroc=0.8637  val_f1=0.7298  lr=2.75e-05
Running Validation...
Ep 347/500  loss=2.8548  tr_acc=0.9932  val_acc=0.8533  val_auroc=0.8588  val_f1=0.7669  lr=2.72e-05
Running Validation...
Ep 348/500  loss=2.8895  tr_acc=0.9928  val_acc=0.8608  val_auroc=0.8871  val_f1=0.7829  lr=2.69e-05
Running Validation...
Ep 349/500  loss=2.8678  tr_acc=0.9958  val_acc=0.8555  val_auroc=0.8770  val_f1=0.7768  lr=2.65e-05
Running Validation...
Ep 350/500  loss=2.8502  tr_acc=0.9929  val_acc=0.8320  val_auroc=0.8562  val_f1=0.7293  lr=2.62e-05
Running Validation...
Ep 351/500  loss=2.8600  tr_acc=0.9936  val_acc=0.8427  val_auroc=0.8731  val_f1=0.7458  lr=2.59e-05
Running Validation...
Ep 352/500  loss=2.8941  tr_acc=0.9934  val_acc=0.8464  val_auroc=0.8626  val_f1=0.7474  lr=2.56e-05
Running Validation...
Ep 353/500  loss=2.8694  tr_acc=0.9932  val_acc=0.8469  val_auroc=0.8629  val_f1=0.7560  lr=2.53e-05
Running Validation...
Ep 354/500  loss=2.8783  tr_acc=0.9943  val_acc=0.8261  val_auroc=0.8590  val_f1=0.7107  lr=2.50e-05
Running Validation...
Ep 355/500  loss=2.8953  tr_acc=0.9923  val_acc=0.8539  val_auroc=0.8779  val_f1=0.7565  lr=2.47e-05
Running Validation...
Ep 356/500  loss=2.8543  tr_acc=0.9940  val_acc=0.8485  val_auroc=0.8650  val_f1=0.7540  lr=2.44e-05
Running Validation...
Ep 357/500  loss=2.8421  tr_acc=0.9931  val_acc=0.8459  val_auroc=0.8743  val_f1=0.7547  lr=2.41e-05
Running Validation...
Ep 358/500  loss=2.8331  tr_acc=0.9957  val_acc=0.8437  val_auroc=0.8522  val_f1=0.7451  lr=2.38e-05
Running Validation...
Ep 359/500  loss=2.8594  tr_acc=0.9942  val_acc=0.8475  val_auroc=0.8565  val_f1=0.7487  lr=2.35e-05
Running Validation...
Ep 360/500  loss=2.8754  tr_acc=0.9951  val_acc=0.8453  val_auroc=0.8513  val_f1=0.7471  lr=2.32e-05
Running Validation...
Ep 361/500  loss=2.8601  tr_acc=0.9958  val_acc=0.8475  val_auroc=0.8628  val_f1=0.7476  lr=2.29e-05
Running Validation...
Ep 362/500  loss=2.8763  tr_acc=0.9944  val_acc=0.8523  val_auroc=0.8765  val_f1=0.7571  lr=2.26e-05
Running Validation...
Ep 363/500  loss=2.8626  tr_acc=0.9946  val_acc=0.8555  val_auroc=0.8726  val_f1=0.7613  lr=2.23e-05
Running Validation...
Ep 364/500  loss=2.8491  tr_acc=0.9946  val_acc=0.8400  val_auroc=0.8673  val_f1=0.7365  lr=2.20e-05
Running Validation...
Ep 365/500  loss=2.8982  tr_acc=0.9916  val_acc=0.8432  val_auroc=0.8654  val_f1=0.7439  lr=2.17e-05
Running Validation...
Ep 366/500  loss=2.8522  tr_acc=0.9958  val_acc=0.8523  val_auroc=0.8801  val_f1=0.7632  lr=2.14e-05
Running Validation...
Ep 367/500  loss=2.8652  tr_acc=0.9926  val_acc=0.8421  val_auroc=0.8607  val_f1=0.7453  lr=2.12e-05
Running Validation...
Ep 368/500  loss=2.8719  tr_acc=0.9938  val_acc=0.8480  val_auroc=0.8706  val_f1=0.7550  lr=2.09e-05
Running Validation...
Ep 369/500  loss=2.8715  tr_acc=0.9950  val_acc=0.8555  val_auroc=0.8744  val_f1=0.7738  lr=2.06e-05
Running Validation...
Ep 370/500  loss=2.8388  tr_acc=0.9950  val_acc=0.8432  val_auroc=0.8545  val_f1=0.7413  lr=2.03e-05
Running Validation...
Ep 371/500  loss=2.8261  tr_acc=0.9946  val_acc=0.8464  val_auroc=0.8663  val_f1=0.7559  lr=2.00e-05
Running Validation...
Ep 372/500  loss=2.8632  tr_acc=0.9930  val_acc=0.8539  val_auroc=0.8663  val_f1=0.7760  lr=1.97e-05
Running Validation...
Ep 373/500  loss=2.8684  tr_acc=0.9931  val_acc=0.8587  val_auroc=0.8648  val_f1=0.7675  lr=1.94e-05
Running Validation...
Ep 374/500  loss=2.8625  tr_acc=0.9945  val_acc=0.8544  val_auroc=0.8619  val_f1=0.7608  lr=1.92e-05
Running Validation...
Ep 375/500  loss=2.8799  tr_acc=0.9948  val_acc=0.8576  val_auroc=0.8687  val_f1=0.7724  lr=1.89e-05
Running Validation...
Ep 376/500  loss=2.8694  tr_acc=0.9953  val_acc=0.8533  val_auroc=0.8641  val_f1=0.7565  lr=1.86e-05
Running Validation...
Ep 377/500  loss=2.8660  tr_acc=0.9921  val_acc=0.8421  val_auroc=0.8589  val_f1=0.7410  lr=1.83e-05
Running Validation...
Ep 378/500  loss=2.8529  tr_acc=0.9939  val_acc=0.8469  val_auroc=0.8731  val_f1=0.7502  lr=1.81e-05
Running Validation...
Ep 379/500  loss=2.8523  tr_acc=0.9930  val_acc=0.8517  val_auroc=0.8759  val_f1=0.7593  lr=1.78e-05
Running Validation...
Ep 380/500  loss=2.8577  tr_acc=0.9940  val_acc=0.8571  val_auroc=0.8718  val_f1=0.7721  lr=1.75e-05
Running Validation...
Ep 381/500  loss=2.8624  tr_acc=0.9935  val_acc=0.8379  val_auroc=0.8730  val_f1=0.7355  lr=1.72e-05
Running Validation...
Ep 382/500  loss=2.8789  tr_acc=0.9926  val_acc=0.8517  val_auroc=0.8566  val_f1=0.7647  lr=1.70e-05
Running Validation...
Ep 383/500  loss=2.8709  tr_acc=0.9940  val_acc=0.8475  val_auroc=0.8702  val_f1=0.7566  lr=1.67e-05
Running Validation...
Ep 384/500  loss=2.8551  tr_acc=0.9948  val_acc=0.8416  val_auroc=0.8672  val_f1=0.7461  lr=1.65e-05
Running Validation...
Ep 385/500  loss=2.8383  tr_acc=0.9954  val_acc=0.8539  val_auroc=0.8604  val_f1=0.7602  lr=1.62e-05
Running Validation...
Ep 386/500  loss=2.8610  tr_acc=0.9943  val_acc=0.8480  val_auroc=0.8677  val_f1=0.7501  lr=1.59e-05
Running Validation...
Ep 387/500  loss=2.8588  tr_acc=0.9950  val_acc=0.8432  val_auroc=0.8681  val_f1=0.7541  lr=1.57e-05
Running Validation...
Ep 388/500  loss=2.8771  tr_acc=0.9931  val_acc=0.8507  val_auroc=0.8677  val_f1=0.7560  lr=1.54e-05
Running Validation...
Ep 389/500  loss=2.8296  tr_acc=0.9963  val_acc=0.8453  val_auroc=0.8776  val_f1=0.7565  lr=1.52e-05
Running Validation...
Ep 390/500  loss=2.8716  tr_acc=0.9947  val_acc=0.8512  val_auroc=0.8698  val_f1=0.7543  lr=1.49e-05
Running Validation...
Ep 391/500  loss=2.8524  tr_acc=0.9942  val_acc=0.8480  val_auroc=0.8736  val_f1=0.7558  lr=1.46e-05
Running Validation...
Ep 392/500  loss=2.8746  tr_acc=0.9951  val_acc=0.8576  val_auroc=0.8666  val_f1=0.7736  lr=1.44e-05
Running Validation...
Ep 393/500  loss=2.8574  tr_acc=0.9953  val_acc=0.8539  val_auroc=0.8716  val_f1=0.7620  lr=1.41e-05
Running Validation...
Ep 394/500  loss=2.8810  tr_acc=0.9961  val_acc=0.8501  val_auroc=0.8773  val_f1=0.7584  lr=1.39e-05
Running Validation...
Ep 395/500  loss=2.8550  tr_acc=0.9955  val_acc=0.8523  val_auroc=0.8550  val_f1=0.7662  lr=1.37e-05
Running Validation...
Ep 396/500  loss=2.8724  tr_acc=0.9953  val_acc=0.8517  val_auroc=0.8696  val_f1=0.7617  lr=1.34e-05
Running Validation...
Ep 397/500  loss=2.8404  tr_acc=0.9940  val_acc=0.8539  val_auroc=0.8783  val_f1=0.7659  lr=1.32e-05
Running Validation...
Ep 398/500  loss=2.8670  tr_acc=0.9937  val_acc=0.8533  val_auroc=0.8752  val_f1=0.7666  lr=1.29e-05
Running Validation...
Ep 399/500  loss=2.8289  tr_acc=0.9939  val_acc=0.8560  val_auroc=0.8810  val_f1=0.7682  lr=1.27e-05
Running Validation...
Ep 400/500  loss=2.8388  tr_acc=0.9959  val_acc=0.8501  val_auroc=0.8695  val_f1=0.7562  lr=1.24e-05
Running Validation...
Ep 401/500  loss=2.8568  tr_acc=0.9950  val_acc=0.8512  val_auroc=0.8674  val_f1=0.7568  lr=1.22e-05
Running Validation...
Ep 402/500  loss=2.8774  tr_acc=0.9945  val_acc=0.8571  val_auroc=0.8734  val_f1=0.7665  lr=1.20e-05
Running Validation...
Ep 403/500  loss=2.8413  tr_acc=0.9950  val_acc=0.8309  val_auroc=0.8580  val_f1=0.7166  lr=1.17e-05
Running Validation...
Ep 404/500  loss=2.8508  tr_acc=0.9946  val_acc=0.8464  val_auroc=0.8650  val_f1=0.7493  lr=1.15e-05
Running Validation...
Ep 405/500  loss=2.8700  tr_acc=0.9953  val_acc=0.8469  val_auroc=0.8655  val_f1=0.7427  lr=1.13e-05
Running Validation...
Ep 406/500  loss=2.8431  tr_acc=0.9948  val_acc=0.8475  val_auroc=0.8689  val_f1=0.7448  lr=1.11e-05
Running Validation...
Ep 407/500  loss=2.8775  tr_acc=0.9950  val_acc=0.8395  val_auroc=0.8715  val_f1=0.7375  lr=1.08e-05
Running Validation...
Ep 408/500  loss=2.8309  tr_acc=0.9950  val_acc=0.8555  val_auroc=0.8687  val_f1=0.7669  lr=1.06e-05
Running Validation...
Ep 409/500  loss=2.8488  tr_acc=0.9946  val_acc=0.8496  val_auroc=0.8503  val_f1=0.7589  lr=1.04e-05
Running Validation...
Ep 410/500  loss=2.8609  tr_acc=0.9957  val_acc=0.8528  val_auroc=0.8645  val_f1=0.7630  lr=1.02e-05
Running Validation...
Ep 411/500  loss=2.8204  tr_acc=0.9958  val_acc=0.8576  val_auroc=0.8581  val_f1=0.7686  lr=9.97e-06
Running Validation...
Ep 412/500  loss=2.8831  tr_acc=0.9953  val_acc=0.8549  val_auroc=0.8638  val_f1=0.7740  lr=9.75e-06
Running Validation...
Ep 413/500  loss=2.8275  tr_acc=0.9948  val_acc=0.8576  val_auroc=0.8673  val_f1=0.7679  lr=9.54e-06
Running Validation...
Ep 414/500  loss=2.8555  tr_acc=0.9948  val_acc=0.8581  val_auroc=0.8583  val_f1=0.7644  lr=9.33e-06
Running Validation...
Ep 415/500  loss=2.8562  tr_acc=0.9954  val_acc=0.8587  val_auroc=0.8717  val_f1=0.7725  lr=9.12e-06
Running Validation...
Ep 416/500  loss=2.8552  tr_acc=0.9957  val_acc=0.8571  val_auroc=0.8600  val_f1=0.7655  lr=8.92e-06
Running Validation...
Ep 417/500  loss=2.8446  tr_acc=0.9947  val_acc=0.8539  val_auroc=0.8715  val_f1=0.7637  lr=8.71e-06
Running Validation...
Ep 418/500  loss=2.8548  tr_acc=0.9952  val_acc=0.8587  val_auroc=0.8783  val_f1=0.7675  lr=8.51e-06
Running Validation...
Ep 419/500  loss=2.8478  tr_acc=0.9957  val_acc=0.8448  val_auroc=0.8670  val_f1=0.7426  lr=8.31e-06
Running Validation...
Ep 420/500  loss=2.8566  tr_acc=0.9958  val_acc=0.8533  val_auroc=0.8651  val_f1=0.7604  lr=8.12e-06
Running Validation...
Ep 421/500  loss=2.8551  tr_acc=0.9955  val_acc=0.8517  val_auroc=0.8762  val_f1=0.7549  lr=7.92e-06
Running Validation...
Ep 422/500  loss=2.8408  tr_acc=0.9950  val_acc=0.8512  val_auroc=0.8674  val_f1=0.7574  lr=7.73e-06
Running Validation...
Ep 423/500  loss=2.8618  tr_acc=0.9947  val_acc=0.8496  val_auroc=0.8670  val_f1=0.7504  lr=7.54e-06
Running Validation...
Ep 424/500  loss=2.8715  tr_acc=0.9932  val_acc=0.8560  val_auroc=0.8657  val_f1=0.7667  lr=7.35e-06
Running Validation...
Ep 425/500  loss=2.8690  tr_acc=0.9950  val_acc=0.8427  val_auroc=0.8584  val_f1=0.7386  lr=7.16e-06
Running Validation...
Ep 426/500  loss=2.8969  tr_acc=0.9961  val_acc=0.8528  val_auroc=0.8667  val_f1=0.7561  lr=6.98e-06
Running Validation...
Ep 427/500  loss=2.8680  tr_acc=0.9971  val_acc=0.8533  val_auroc=0.8607  val_f1=0.7616  lr=6.80e-06
Running Validation...
Ep 428/500  loss=2.8642  tr_acc=0.9945  val_acc=0.8523  val_auroc=0.8720  val_f1=0.7568  lr=6.62e-06
Running Validation...
Ep 429/500  loss=2.8363  tr_acc=0.9947  val_acc=0.8555  val_auroc=0.8765  val_f1=0.7639  lr=6.44e-06
Running Validation...
Ep 430/500  loss=2.8299  tr_acc=0.9958  val_acc=0.8544  val_auroc=0.8713  val_f1=0.7533  lr=6.26e-06
Running Validation...
Ep 431/500  loss=2.8597  tr_acc=0.9955  val_acc=0.8507  val_auroc=0.8707  val_f1=0.7579  lr=6.09e-06
Running Validation...
Ep 432/500  loss=2.8436  tr_acc=0.9955  val_acc=0.8533  val_auroc=0.8757  val_f1=0.7632  lr=5.92e-06
Running Validation...
Ep 433/500  loss=2.8482  tr_acc=0.9946  val_acc=0.8565  val_auroc=0.8722  val_f1=0.7696  lr=5.75e-06
Running Validation...
Ep 434/500  loss=2.8185  tr_acc=0.9968  val_acc=0.8507  val_auroc=0.8662  val_f1=0.7516  lr=5.58e-06
Running Validation...
Ep 435/500  loss=2.8449  tr_acc=0.9960  val_acc=0.8608  val_auroc=0.8764  val_f1=0.7734  lr=5.42e-06
Running Validation...
Ep 436/500  loss=2.8419  tr_acc=0.9962  val_acc=0.8560  val_auroc=0.8783  val_f1=0.7638  lr=5.26e-06
Running Validation...
Ep 437/500  loss=2.8521  tr_acc=0.9962  val_acc=0.8565  val_auroc=0.8778  val_f1=0.7622  lr=5.10e-06
Running Validation...
Ep 438/500  loss=2.8343  tr_acc=0.9950  val_acc=0.8496  val_auroc=0.8777  val_f1=0.7526  lr=4.94e-06
Running Validation...
Ep 439/500  loss=2.8455  tr_acc=0.9944  val_acc=0.8576  val_auroc=0.8608  val_f1=0.7659  lr=4.78e-06
Running Validation...
Ep 440/500  loss=2.8619  tr_acc=0.9942  val_acc=0.8549  val_auroc=0.8717  val_f1=0.7595  lr=4.63e-06
Running Validation...
Ep 441/500  loss=2.8895  tr_acc=0.9950  val_acc=0.8555  val_auroc=0.8730  val_f1=0.7620  lr=4.48e-06
Running Validation...
Ep 442/500  loss=2.8638  tr_acc=0.9944  val_acc=0.8539  val_auroc=0.8661  val_f1=0.7640  lr=4.33e-06
Running Validation...
Ep 443/500  loss=2.8153  tr_acc=0.9944  val_acc=0.8560  val_auroc=0.8742  val_f1=0.7625  lr=4.19e-06
Running Validation...
Ep 444/500  loss=2.8776  tr_acc=0.9945  val_acc=0.8437  val_auroc=0.8739  val_f1=0.7431  lr=4.04e-06
Running Validation...
Ep 445/500  loss=2.8706  tr_acc=0.9950  val_acc=0.8507  val_auroc=0.8682  val_f1=0.7562  lr=3.90e-06
Running Validation...
Ep 446/500  loss=2.8573  tr_acc=0.9948  val_acc=0.8501  val_auroc=0.8746  val_f1=0.7519  lr=3.77e-06
Running Validation...
Ep 447/500  loss=2.8276  tr_acc=0.9967  val_acc=0.8571  val_auroc=0.8750  val_f1=0.7634  lr=3.63e-06
Running Validation...
Ep 448/500  loss=2.8477  tr_acc=0.9946  val_acc=0.8491  val_auroc=0.8692  val_f1=0.7527  lr=3.50e-06
Running Validation...
Ep 449/500  loss=2.8600  tr_acc=0.9943  val_acc=0.8565  val_auroc=0.8823  val_f1=0.7672  lr=3.36e-06
Running Validation...
Ep 450/500  loss=2.8608  tr_acc=0.9953  val_acc=0.8480  val_auroc=0.8668  val_f1=0.7487  lr=3.24e-06
Running Validation...
Ep 451/500  loss=2.8631  tr_acc=0.9951  val_acc=0.8528  val_auroc=0.8584  val_f1=0.7488  lr=3.11e-06
Running Validation...
Ep 452/500  loss=2.8113  tr_acc=0.9954  val_acc=0.8613  val_auroc=0.8757  val_f1=0.7731  lr=2.98e-06
Running Validation...
Ep 453/500  loss=2.8659  tr_acc=0.9950  val_acc=0.8517  val_auroc=0.8680  val_f1=0.7584  lr=2.86e-06
Running Validation...
Ep 454/500  loss=2.8580  tr_acc=0.9955  val_acc=0.8416  val_auroc=0.8628  val_f1=0.7350  lr=2.74e-06
Running Validation...
Ep 455/500  loss=2.8402  tr_acc=0.9952  val_acc=0.8512  val_auroc=0.8703  val_f1=0.7590  lr=2.63e-06
Running Validation...
Ep 456/500  loss=2.8399  tr_acc=0.9966  val_acc=0.8475  val_auroc=0.8677  val_f1=0.7476  lr=2.51e-06
Running Validation...
Ep 457/500  loss=2.8420  tr_acc=0.9965  val_acc=0.8512  val_auroc=0.8618  val_f1=0.7589  lr=2.40e-06
Running Validation...
Ep 458/500  loss=2.8804  tr_acc=0.9929  val_acc=0.8555  val_auroc=0.8681  val_f1=0.7586  lr=2.29e-06
Running Validation...
Ep 459/500  loss=2.8373  tr_acc=0.9940  val_acc=0.8592  val_auroc=0.8791  val_f1=0.7732  lr=2.18e-06
Running Validation...
Ep 460/500  loss=2.8249  tr_acc=0.9947  val_acc=0.8560  val_auroc=0.8750  val_f1=0.7623  lr=2.08e-06
Running Validation...
Ep 461/500  loss=2.8424  tr_acc=0.9945  val_acc=0.8549  val_auroc=0.8768  val_f1=0.7648  lr=1.98e-06
Running Validation...
Ep 462/500  loss=2.8357  tr_acc=0.9971  val_acc=0.8421  val_auroc=0.8730  val_f1=0.7403  lr=1.88e-06
Running Validation...
Ep 463/500  loss=2.8734  tr_acc=0.9963  val_acc=0.8539  val_auroc=0.8720  val_f1=0.7559  lr=1.78e-06
Running Validation...
Ep 464/500  loss=2.8331  tr_acc=0.9954  val_acc=0.8485  val_auroc=0.8708  val_f1=0.7526  lr=1.69e-06
Running Validation...
Ep 465/500  loss=2.8395  tr_acc=0.9948  val_acc=0.8523  val_auroc=0.8721  val_f1=0.7594  lr=1.60e-06
Running Validation...
Ep 466/500  loss=2.8642  tr_acc=0.9951  val_acc=0.8512  val_auroc=0.8758  val_f1=0.7562  lr=1.51e-06
Running Validation...
Ep 467/500  loss=2.8445  tr_acc=0.9953  val_acc=0.8555  val_auroc=0.8697  val_f1=0.7645  lr=1.42e-06
Running Validation...
Ep 468/500  loss=2.8511  tr_acc=0.9950  val_acc=0.8528  val_auroc=0.8764  val_f1=0.7537  lr=1.34e-06
Running Validation...
Ep 469/500  loss=2.8521  tr_acc=0.9940  val_acc=0.8544  val_auroc=0.8825  val_f1=0.7658  lr=1.25e-06
Running Validation...
Ep 470/500  loss=2.8227  tr_acc=0.9952  val_acc=0.8501  val_auroc=0.8801  val_f1=0.7559  lr=1.17e-06
Running Validation...
Ep 471/500  loss=2.8598  tr_acc=0.9942  val_acc=0.8544  val_auroc=0.8675  val_f1=0.7669  lr=1.10e-06
Running Validation...
Ep 472/500  loss=2.8419  tr_acc=0.9942  val_acc=0.8496  val_auroc=0.8728  val_f1=0.7491  lr=1.02e-06
Running Validation...
Ep 473/500  loss=2.8380  tr_acc=0.9963  val_acc=0.8619  val_auroc=0.8743  val_f1=0.7758  lr=9.52e-07
Running Validation...
Ep 474/500  loss=2.8348  tr_acc=0.9960  val_acc=0.8539  val_auroc=0.8718  val_f1=0.7588  lr=8.83e-07
Running Validation...
Ep 475/500  loss=2.8480  tr_acc=0.9955  val_acc=0.8539  val_auroc=0.8848  val_f1=0.7636  lr=8.50e-07
Running Validation...
Ep 476/500  loss=2.8403  tr_acc=0.9954  val_acc=0.8469  val_auroc=0.8663  val_f1=0.7434  lr=8.50e-07
Running Validation...
Ep 477/500  loss=2.8549  tr_acc=0.9935  val_acc=0.8635  val_auroc=0.8775  val_f1=0.7815  lr=8.50e-07
Running Validation...
Ep 478/500  loss=2.8697  tr_acc=0.9950  val_acc=0.8603  val_auroc=0.8766  val_f1=0.7703  lr=8.50e-07
Running Validation...
Ep 479/500  loss=2.8588  tr_acc=0.9968  val_acc=0.8587  val_auroc=0.8645  val_f1=0.7662  lr=8.50e-07
Running Validation...
Ep 480/500  loss=2.8535  tr_acc=0.9948  val_acc=0.8571  val_auroc=0.8772  val_f1=0.7649  lr=8.50e-07
Running Validation...
Ep 481/500  loss=2.8366  tr_acc=0.9952  val_acc=0.8453  val_auroc=0.8647  val_f1=0.7410  lr=8.50e-07
Running Validation...
Ep 482/500  loss=2.8193  tr_acc=0.9957  val_acc=0.8571  val_auroc=0.8753  val_f1=0.7669  lr=8.50e-07
Running Validation...
Ep 483/500  loss=2.8491  tr_acc=0.9942  val_acc=0.8629  val_auroc=0.8804  val_f1=0.7775  lr=8.50e-07
Running Validation...
Ep 484/500  loss=2.8322  tr_acc=0.9948  val_acc=0.8549  val_auroc=0.8818  val_f1=0.7625  lr=8.50e-07
Running Validation...
Ep 485/500  loss=2.8510  tr_acc=0.9962  val_acc=0.8555  val_auroc=0.8704  val_f1=0.7683  lr=8.50e-07
Running Validation...
Ep 486/500  loss=2.8997  tr_acc=0.9945  val_acc=0.8571  val_auroc=0.8769  val_f1=0.7682  lr=8.50e-07
Running Validation...
Ep 487/500  loss=2.8358  tr_acc=0.9943  val_acc=0.8608  val_auroc=0.8710  val_f1=0.7721  lr=8.50e-07
Running Validation...
Ep 488/500  loss=2.8560  tr_acc=0.9962  val_acc=0.8571  val_auroc=0.8762  val_f1=0.7671  lr=8.50e-07
Running Validation...
Ep 489/500  loss=2.8754  tr_acc=0.9940  val_acc=0.8501  val_auroc=0.8753  val_f1=0.7506  lr=8.50e-07
Running Validation...
Ep 490/500  loss=2.8208  tr_acc=0.9947  val_acc=0.8528  val_auroc=0.8729  val_f1=0.7548  lr=8.50e-07
Running Validation...
Ep 491/500  loss=2.8554  tr_acc=0.9938  val_acc=0.8528  val_auroc=0.8784  val_f1=0.7616  lr=8.50e-07
Running Validation...
Ep 492/500  loss=2.8606  tr_acc=0.9938  val_acc=0.8544  val_auroc=0.8719  val_f1=0.7547  lr=8.50e-07
Running Validation...
Ep 493/500  loss=2.8684  tr_acc=0.9954  val_acc=0.8587  val_auroc=0.8715  val_f1=0.7699  lr=8.50e-07
Running Validation...
Ep 494/500  loss=2.8613  tr_acc=0.9944  val_acc=0.8581  val_auroc=0.8667  val_f1=0.7673  lr=8.50e-07
Running Validation...
Ep 495/500  loss=2.8616  tr_acc=0.9960  val_acc=0.8592  val_auroc=0.8751  val_f1=0.7714  lr=8.50e-07
Running Validation...
Ep 496/500  loss=2.8542  tr_acc=0.9955  val_acc=0.8565  val_auroc=0.8764  val_f1=0.7641  lr=8.50e-07
Running Validation...
Ep 497/500  loss=2.8446  tr_acc=0.9958  val_acc=0.8576  val_auroc=0.8760  val_f1=0.7616  lr=8.50e-07
Running Validation...
Ep 498/500  loss=2.8591  tr_acc=0.9957  val_acc=0.8555  val_auroc=0.8726  val_f1=0.7664  lr=8.50e-07
Running Validation...
Ep 499/500  loss=2.8410  tr_acc=0.9960  val_acc=0.8528  val_auroc=0.8680  val_f1=0.7652  lr=8.50e-07
Running Validation...
Ep 500/500  loss=2.8616  tr_acc=0.9947  val_acc=0.8539  val_auroc=0.8704  val_f1=0.7608  lr=8.50e-07
Training complete. Best AUROC: 0.9061, Best F1: 0.7829
Loaded best model from best_f1_model.pt (epoch 348)
Running Validation (final)...
Running Test...

Evaluating on derm7pt
Running Cross-eval: derm7pt...

Evaluating on padufes20
Running Cross-eval: padufes20...

Evaluating on isic2019
Running Cross-eval: isic2019...

Cross-dataset summary:
            accuracy  precision    recall  ...       EOM       PQD       DPM
derm7pt    0.298044   0.287360  0.248182  ...  0.166667  0.303249  0.205128
padufes20  0.521086   0.427202  0.496966  ...  0.374868  0.558052  0.321854
isic2019   0.735364   0.561591  0.497674  ...       NaN       NaN       NaN

[3 rows x 10 columns]

All results saved to outputs/results_Modality_Invariance_resnet18
Checkpoints saved to outputs/checkpoints_Modality_Invariance_resnet18
=========================================
Finished: Tue May 26 04:52:07 PM CEST 2026
Exit code: 0

[DONE] Training completed successfully.
Outputs:
  Checkpoints → process_Modality_Invariance_resnet18/outputs/checkpoints/
  Results     → process_Modality_Invariance_resnet18/outputs/results/
  CSVs        → process_Modality_Invariance_resnet18/outputs/csvs/
