=========================================
Job:       train_BASE_resnet18  (449191)
Node:      bigpu06
Started:   Wed Jun 24 11:50:30 AM CEST 2026
=========================================
[INFO] No HF token found at /users/jlacmou/.hf_token — downloads may be slow.
[INFO] No kaggle.json found in 20260623-process. Relying on ~/.kaggle/ or env vars.
[SETUP] Installing / verifying Python dependencies...

── GPU info ──────────────────────────────
Tesla V100-PCIE-32GB, 32768 MiB, 575.57.08
PyTorch : 2.12.1+cu126
CUDA    : 12.6
Devices : 1
GPU 0   : Tesla V100-PCIE-32GB
VRAM    : 34.1 GB
──────────────────────────────────────────

[CHECK] Validating dataset roots...
  [OK]      20260623-process/data/datasets/asosenge/hibaskinlesionsdataset-main
  [OK]      20260623-process/data/datasets/asosenge/fitzpatrick17k
  [OK]      20260623-process/data/datasets/asosenge/derm7pt
  [OK]      20260623-process/data/datasets/mahdavi1202/skin-cancer
  [OK]      20260623-process/data/datasets/sengenjih/isic2019

[CONVERT] Converting notebook to Python script...
[PATCH] Redirecting Kaggle paths → cluster paths...
  DATA_ROOT  → 20260623-process/data/datasets
  WORK_ROOT  → 20260623-process/outputs_BASE_resnet18
  BB_CACHE   → 20260623-process/backbone_cache
  Patch applied successfully.

[RUN] Starting training — Wed Jun 24 11:51:03 AM CEST 2026
=========================================
Device: cuda
Checking configured paths:
  WORK_ROOT : outputs_BASE_resnet18  [OK]
  CSV_DIR   : outputs_BASE_resnet18/csvs  [OK]
  hiba           : 20260623-process/data/datasets/asosenge/hibaskinlesionsdataset-main/HIBASkinLesionsDataset-main/images  [OK]
  fitzpatrick17k : 20260623-process/data/datasets/asosenge/fitzpatrick17k/fitzpatrick17k/data/finalfitz17k  [OK]
  derm7pt        : 20260623-process/data/datasets/asosenge/derm7pt/release_v0/images  [OK]
  padufes20      : 20260623-process/data/datasets/mahdavi1202/skin-cancer  [OK]
  isic2019       : 20260623-process/data/datasets/sengenjih/isic2019  [OK]
CSV dir      : outputs_BASE_resnet18/csvs
Checkpoints  : outputs_BASE_resnet18/checkpoints_BASE_resnet18_weighted
Results      : outputs_BASE_resnet18/results_BASE_resnet18_weighted
Image roots:
  hiba           : 20260623-process/data/datasets/asosenge/hibaskinlesionsdataset-main/HIBASkinLesionsDataset-main/images
  fitzpatrick17k : 20260623-process/data/datasets/asosenge/fitzpatrick17k/fitzpatrick17k/data/finalfitz17k
  derm7pt        : 20260623-process/data/datasets/asosenge/derm7pt/release_v0/images
  padufes20      : 20260623-process/data/datasets/mahdavi1202/skin-cancer
  isic2019       : 20260623-process/data/datasets/sengenjih/isic2019
[INFO] Built image map for hiba: 1616 entries
[INFO] Built image map for fitzpatrick17k: 16577 entries
[INFO] Built image map for derm7pt: 2013 entries
[INFO] Built image map for padufes20: 2298 entries
[INFO] Built image map for isic2019: 33569 entries
[INFO] paired_train: loaded 738 ID-matched pairs from split clin/derm CSVs
[INFO] paired_val: loaded 106 ID-matched pairs from split clin/derm CSVs
[INFO] paired_test: loaded 211 ID-matched pairs from split clin/derm CSVs
[INFO] Loaded fitzpatrick17k eval set: 1727 samples
[INFO] Loaded padufes20 eval set: 1141 samples
[INFO] Loaded isic2019 eval set: 25517 samples
Train batches: 41, Val batches: 6
Test batches: 33
Cross-eval loaders: ['fitzpatrick17k', 'padufes20', 'isic2019']
Computed class weights: [1.0538152  0.95072466 1.0007628 ]
Running Validation...
Ep   1/500  loss=1.2772  tr_acc=0.3438  val_acc=0.5661  val_auroc=0.6074  val_f1=0.3597  lr=3.40e-06
Running Validation...
Ep   2/500  loss=1.1434  tr_acc=0.4573  val_acc=0.6402  val_auroc=0.7261  val_f1=0.4789  lr=5.10e-06
Running Validation...
Ep   3/500  loss=0.9780  tr_acc=0.5503  val_acc=0.6825  val_auroc=0.8192  val_f1=0.5465  lr=6.80e-06
Running Validation...
Ep   4/500  loss=0.8882  tr_acc=0.6151  val_acc=0.7196  val_auroc=0.8575  val_f1=0.6046  lr=8.50e-06
Running Validation...
Ep   5/500  loss=0.7614  tr_acc=0.6814  val_acc=0.7196  val_auroc=0.8743  val_f1=0.6455  lr=1.02e-05
Running Validation...
Ep   6/500  loss=0.6912  tr_acc=0.7050  val_acc=0.6984  val_auroc=0.8757  val_f1=0.6329  lr=1.19e-05
Running Validation...
Ep   7/500  loss=0.6064  tr_acc=0.7576  val_acc=0.7460  val_auroc=0.8987  val_f1=0.6901  lr=1.36e-05
Running Validation...
Ep   8/500  loss=0.5225  tr_acc=0.7973  val_acc=0.7619  val_auroc=0.9048  val_f1=0.7211  lr=1.53e-05
Running Validation...
Ep   9/500  loss=0.5216  tr_acc=0.7957  val_acc=0.7619  val_auroc=0.9126  val_f1=0.7165  lr=1.70e-05
Running Validation...
Ep  10/500  loss=0.4686  tr_acc=0.8041  val_acc=0.7831  val_auroc=0.9274  val_f1=0.7435  lr=1.87e-05
Running Validation...
Ep  11/500  loss=0.4095  tr_acc=0.8483  val_acc=0.7884  val_auroc=0.9383  val_f1=0.7373  lr=2.04e-05
Running Validation...
Ep  12/500  loss=0.3697  tr_acc=0.8537  val_acc=0.8095  val_auroc=0.9346  val_f1=0.7747  lr=2.21e-05
Running Validation...
Ep  13/500  loss=0.3295  tr_acc=0.8750  val_acc=0.7884  val_auroc=0.9458  val_f1=0.7322  lr=2.38e-05
Running Validation...
Ep  14/500  loss=0.3205  tr_acc=0.8735  val_acc=0.8254  val_auroc=0.9443  val_f1=0.7911  lr=2.55e-05
Running Validation...
Ep  15/500  loss=0.2742  tr_acc=0.9062  val_acc=0.8413  val_auroc=0.9460  val_f1=0.8039  lr=2.72e-05
Running Validation...
Ep  16/500  loss=0.2375  tr_acc=0.9184  val_acc=0.8201  val_auroc=0.9514  val_f1=0.7852  lr=2.89e-05
Running Validation...
Ep  17/500  loss=0.2261  tr_acc=0.9192  val_acc=0.8201  val_auroc=0.9477  val_f1=0.7842  lr=3.06e-05
Running Validation...
Ep  18/500  loss=0.2139  tr_acc=0.9230  val_acc=0.8095  val_auroc=0.9521  val_f1=0.7614  lr=3.23e-05
Running Validation...
Ep  19/500  loss=0.1983  tr_acc=0.9352  val_acc=0.8254  val_auroc=0.9580  val_f1=0.7801  lr=3.40e-05
Running Validation...
Ep  20/500  loss=0.1719  tr_acc=0.9383  val_acc=0.8413  val_auroc=0.9598  val_f1=0.7960  lr=3.57e-05
Running Validation...
Ep  21/500  loss=0.1630  tr_acc=0.9459  val_acc=0.8519  val_auroc=0.9516  val_f1=0.8102  lr=3.74e-05
Running Validation...
Ep  22/500  loss=0.1565  tr_acc=0.9512  val_acc=0.8254  val_auroc=0.9446  val_f1=0.7613  lr=3.91e-05
Running Validation...
Ep  23/500  loss=0.1509  tr_acc=0.9459  val_acc=0.8360  val_auroc=0.9619  val_f1=0.7896  lr=4.08e-05
Running Validation...
Ep  24/500  loss=0.1390  tr_acc=0.9527  val_acc=0.7937  val_auroc=0.9499  val_f1=0.7243  lr=4.25e-05
Running Validation...
Ep  25/500  loss=0.1286  tr_acc=0.9543  val_acc=0.8201  val_auroc=0.9417  val_f1=0.7558  lr=4.42e-05
Running Validation...
Ep  26/500  loss=0.1326  tr_acc=0.9512  val_acc=0.8360  val_auroc=0.9526  val_f1=0.7927  lr=4.59e-05
Running Validation...
Ep  27/500  loss=0.1109  tr_acc=0.9604  val_acc=0.8360  val_auroc=0.9378  val_f1=0.7852  lr=4.76e-05
Running Validation...
Ep  28/500  loss=0.1314  tr_acc=0.9512  val_acc=0.8201  val_auroc=0.9415  val_f1=0.7585  lr=4.93e-05
Running Validation...
Ep  29/500  loss=0.1078  tr_acc=0.9642  val_acc=0.8201  val_auroc=0.9605  val_f1=0.7532  lr=5.10e-05
Running Validation...
Ep  30/500  loss=0.0941  tr_acc=0.9634  val_acc=0.8466  val_auroc=0.9607  val_f1=0.8114  lr=5.27e-05
Running Validation...
Ep  31/500  loss=0.0956  tr_acc=0.9657  val_acc=0.8042  val_auroc=0.9331  val_f1=0.7637  lr=5.44e-05
Running Validation...
Ep  32/500  loss=0.0984  tr_acc=0.9695  val_acc=0.8307  val_auroc=0.9427  val_f1=0.7764  lr=5.61e-05
Running Validation...
Ep  33/500  loss=0.1012  tr_acc=0.9657  val_acc=0.8095  val_auroc=0.9471  val_f1=0.7504  lr=5.78e-05
Running Validation...
Ep  34/500  loss=0.1013  tr_acc=0.9680  val_acc=0.8307  val_auroc=0.9360  val_f1=0.7605  lr=5.95e-05
Running Validation...
Ep  35/500  loss=0.1005  tr_acc=0.9573  val_acc=0.8466  val_auroc=0.9446  val_f1=0.8070  lr=6.12e-05
Running Validation...
Ep  36/500  loss=0.0909  tr_acc=0.9665  val_acc=0.8201  val_auroc=0.9530  val_f1=0.7577  lr=6.29e-05
Running Validation...
Ep  37/500  loss=0.0842  tr_acc=0.9649  val_acc=0.8360  val_auroc=0.9502  val_f1=0.7768  lr=6.46e-05
Running Validation...
Ep  38/500  loss=0.0880  tr_acc=0.9726  val_acc=0.8360  val_auroc=0.9491  val_f1=0.8193  lr=6.63e-05
Running Validation...
Ep  39/500  loss=0.1205  tr_acc=0.9657  val_acc=0.8201  val_auroc=0.9451  val_f1=0.7609  lr=6.80e-05
Running Validation...
Ep  40/500  loss=0.0847  tr_acc=0.9680  val_acc=0.8201  val_auroc=0.9516  val_f1=0.7558  lr=6.97e-05
Running Validation...
Ep  41/500  loss=0.0736  tr_acc=0.9748  val_acc=0.8466  val_auroc=0.9569  val_f1=0.7945  lr=7.14e-05
Running Validation...
Ep  42/500  loss=0.0821  tr_acc=0.9710  val_acc=0.8148  val_auroc=0.9386  val_f1=0.7776  lr=7.31e-05
Running Validation...
Ep  43/500  loss=0.0689  tr_acc=0.9787  val_acc=0.8148  val_auroc=0.9393  val_f1=0.7689  lr=7.48e-05
Running Validation...
Ep  44/500  loss=0.0557  tr_acc=0.9809  val_acc=0.8254  val_auroc=0.9394  val_f1=0.7715  lr=7.65e-05
Running Validation...
Ep  45/500  loss=0.0673  tr_acc=0.9794  val_acc=0.8042  val_auroc=0.9287  val_f1=0.7389  lr=7.82e-05
Running Validation...
Ep  46/500  loss=0.0990  tr_acc=0.9695  val_acc=0.8148  val_auroc=0.9203  val_f1=0.7733  lr=7.99e-05
Running Validation...
Ep  47/500  loss=0.0819  tr_acc=0.9733  val_acc=0.7619  val_auroc=0.9234  val_f1=0.7235  lr=8.16e-05
Running Validation...
Ep  48/500  loss=0.0663  tr_acc=0.9764  val_acc=0.7989  val_auroc=0.9300  val_f1=0.7519  lr=8.33e-05
Running Validation...
Ep  49/500  loss=0.0960  tr_acc=0.9748  val_acc=0.8201  val_auroc=0.9186  val_f1=0.7711  lr=8.50e-05
Running Validation...
Ep  50/500  loss=0.0656  tr_acc=0.9756  val_acc=0.8519  val_auroc=0.9522  val_f1=0.8085  lr=8.50e-05
Running Validation...
Ep  51/500  loss=0.0820  tr_acc=0.9726  val_acc=0.8466  val_auroc=0.9444  val_f1=0.7971  lr=8.50e-05
Running Validation...
Ep  52/500  loss=0.0719  tr_acc=0.9695  val_acc=0.8201  val_auroc=0.9415  val_f1=0.7610  lr=8.50e-05
Running Validation...
Ep  53/500  loss=0.0650  tr_acc=0.9764  val_acc=0.8042  val_auroc=0.9364  val_f1=0.7426  lr=8.50e-05
Running Validation...
Ep  54/500  loss=0.0725  tr_acc=0.9748  val_acc=0.8201  val_auroc=0.9534  val_f1=0.7678  lr=8.50e-05
Running Validation...
Ep  55/500  loss=0.0522  tr_acc=0.9825  val_acc=0.8201  val_auroc=0.9270  val_f1=0.7692  lr=8.50e-05
Running Validation...
Ep  56/500  loss=0.0629  tr_acc=0.9748  val_acc=0.8148  val_auroc=0.9443  val_f1=0.7689  lr=8.50e-05
Running Validation...
Ep  57/500  loss=0.0748  tr_acc=0.9794  val_acc=0.8466  val_auroc=0.9513  val_f1=0.7998  lr=8.49e-05
Running Validation...
Ep  58/500  loss=0.0604  tr_acc=0.9802  val_acc=0.8413  val_auroc=0.9436  val_f1=0.7896  lr=8.49e-05
Running Validation...
Ep  59/500  loss=0.0575  tr_acc=0.9840  val_acc=0.8307  val_auroc=0.9395  val_f1=0.7722  lr=8.49e-05
Running Validation...
Ep  60/500  loss=0.0534  tr_acc=0.9802  val_acc=0.8201  val_auroc=0.9381  val_f1=0.7562  lr=8.49e-05
Running Validation...
Ep  61/500  loss=0.0833  tr_acc=0.9825  val_acc=0.8413  val_auroc=0.9486  val_f1=0.8030  lr=8.49e-05
Running Validation...
Ep  62/500  loss=0.0593  tr_acc=0.9771  val_acc=0.8148  val_auroc=0.9249  val_f1=0.7416  lr=8.49e-05
Running Validation...
Ep  63/500  loss=0.0765  tr_acc=0.9771  val_acc=0.8201  val_auroc=0.9404  val_f1=0.7814  lr=8.48e-05
Running Validation...
Ep  64/500  loss=0.0373  tr_acc=0.9855  val_acc=0.8254  val_auroc=0.9369  val_f1=0.7793  lr=8.48e-05
Running Validation...
Ep  65/500  loss=0.0671  tr_acc=0.9802  val_acc=0.8571  val_auroc=0.9495  val_f1=0.8105  lr=8.48e-05
Running Validation...
Ep  66/500  loss=0.0357  tr_acc=0.9893  val_acc=0.8571  val_auroc=0.9588  val_f1=0.8242  lr=8.47e-05
Running Validation...
Ep  67/500  loss=0.0375  tr_acc=0.9909  val_acc=0.8148  val_auroc=0.9485  val_f1=0.7695  lr=8.47e-05
Running Validation...
Ep  68/500  loss=0.0617  tr_acc=0.9794  val_acc=0.8466  val_auroc=0.9565  val_f1=0.7863  lr=8.47e-05
Running Validation...
Ep  69/500  loss=0.0380  tr_acc=0.9863  val_acc=0.8413  val_auroc=0.9396  val_f1=0.8001  lr=8.46e-05
Running Validation...
Ep  70/500  loss=0.0454  tr_acc=0.9893  val_acc=0.8413  val_auroc=0.9486  val_f1=0.8015  lr=8.46e-05
Running Validation...
Ep  71/500  loss=0.0448  tr_acc=0.9848  val_acc=0.8519  val_auroc=0.9453  val_f1=0.8139  lr=8.45e-05
Running Validation...
Ep  72/500  loss=0.0287  tr_acc=0.9901  val_acc=0.8360  val_auroc=0.9406  val_f1=0.7900  lr=8.45e-05
Running Validation...
Ep  73/500  loss=0.0277  tr_acc=0.9893  val_acc=0.8201  val_auroc=0.9308  val_f1=0.7740  lr=8.45e-05
Running Validation...
Ep  74/500  loss=0.0486  tr_acc=0.9901  val_acc=0.8413  val_auroc=0.9468  val_f1=0.7831  lr=8.44e-05
Running Validation...
Ep  75/500  loss=0.0454  tr_acc=0.9878  val_acc=0.8571  val_auroc=0.9539  val_f1=0.8173  lr=8.44e-05
Running Validation...
Ep  76/500  loss=0.0488  tr_acc=0.9809  val_acc=0.8201  val_auroc=0.9496  val_f1=0.7745  lr=8.43e-05
Running Validation...
Ep  77/500  loss=0.0637  tr_acc=0.9817  val_acc=0.8201  val_auroc=0.9416  val_f1=0.7657  lr=8.42e-05
Running Validation...
Ep  78/500  loss=0.0307  tr_acc=0.9886  val_acc=0.8148  val_auroc=0.9393  val_f1=0.7676  lr=8.42e-05
Running Validation...
Ep  79/500  loss=0.0282  tr_acc=0.9924  val_acc=0.8148  val_auroc=0.9398  val_f1=0.7548  lr=8.41e-05
Running Validation...
Ep  80/500  loss=0.0494  tr_acc=0.9848  val_acc=0.8042  val_auroc=0.9290  val_f1=0.7380  lr=8.41e-05
Running Validation...
Ep  81/500  loss=0.0351  tr_acc=0.9901  val_acc=0.8042  val_auroc=0.9406  val_f1=0.7412  lr=8.40e-05
Running Validation...
Ep  82/500  loss=0.0393  tr_acc=0.9886  val_acc=0.8413  val_auroc=0.9416  val_f1=0.8015  lr=8.39e-05
Running Validation...
Ep  83/500  loss=0.0294  tr_acc=0.9924  val_acc=0.8519  val_auroc=0.9557  val_f1=0.8197  lr=8.39e-05
Running Validation...
Ep  84/500  loss=0.0310  tr_acc=0.9886  val_acc=0.8519  val_auroc=0.9569  val_f1=0.8090  lr=8.38e-05
Running Validation...
Ep  85/500  loss=0.0236  tr_acc=0.9924  val_acc=0.8571  val_auroc=0.9551  val_f1=0.8119  lr=8.37e-05
Running Validation...
Ep  86/500  loss=0.0299  tr_acc=0.9901  val_acc=0.8519  val_auroc=0.9436  val_f1=0.8116  lr=8.37e-05
Running Validation...
Ep  87/500  loss=0.0300  tr_acc=0.9924  val_acc=0.8307  val_auroc=0.9390  val_f1=0.7839  lr=8.36e-05
Running Validation...
Ep  88/500  loss=0.0389  tr_acc=0.9855  val_acc=0.8254  val_auroc=0.9432  val_f1=0.7836  lr=8.35e-05
Running Validation...
Ep  89/500  loss=0.0311  tr_acc=0.9893  val_acc=0.8148  val_auroc=0.9309  val_f1=0.7543  lr=8.34e-05
Running Validation...
Ep  90/500  loss=0.0265  tr_acc=0.9909  val_acc=0.8254  val_auroc=0.9360  val_f1=0.7785  lr=8.34e-05
Running Validation...
Ep  91/500  loss=0.0216  tr_acc=0.9916  val_acc=0.8148  val_auroc=0.9296  val_f1=0.7532  lr=8.33e-05
Running Validation...
Ep  92/500  loss=0.0342  tr_acc=0.9886  val_acc=0.8201  val_auroc=0.9383  val_f1=0.7511  lr=8.32e-05
Running Validation...
Ep  93/500  loss=0.0354  tr_acc=0.9901  val_acc=0.7989  val_auroc=0.9186  val_f1=0.7225  lr=8.31e-05
Running Validation...
Ep  94/500  loss=0.0390  tr_acc=0.9870  val_acc=0.8413  val_auroc=0.9504  val_f1=0.7705  lr=8.30e-05
Running Validation...
Ep  95/500  loss=0.0333  tr_acc=0.9886  val_acc=0.8148  val_auroc=0.9364  val_f1=0.7447  lr=8.29e-05
Running Validation...
Ep  96/500  loss=0.0435  tr_acc=0.9848  val_acc=0.8413  val_auroc=0.9425  val_f1=0.7909  lr=8.28e-05
Running Validation...
Ep  97/500  loss=0.0209  tr_acc=0.9962  val_acc=0.8571  val_auroc=0.9573  val_f1=0.8201  lr=8.27e-05
Running Validation...
Ep  98/500  loss=0.0339  tr_acc=0.9878  val_acc=0.8413  val_auroc=0.9455  val_f1=0.7847  lr=8.26e-05
Running Validation...
Ep  99/500  loss=0.0300  tr_acc=0.9886  val_acc=0.8677  val_auroc=0.9605  val_f1=0.8390  lr=8.25e-05
Running Validation...
Ep 100/500  loss=0.0385  tr_acc=0.9870  val_acc=0.8148  val_auroc=0.9409  val_f1=0.7574  lr=8.24e-05
Running Validation...
Ep 101/500  loss=0.0190  tr_acc=0.9947  val_acc=0.8624  val_auroc=0.9446  val_f1=0.8307  lr=8.23e-05
Running Validation...
Ep 102/500  loss=0.0265  tr_acc=0.9939  val_acc=0.8413  val_auroc=0.9441  val_f1=0.7929  lr=8.22e-05
Running Validation...
Ep 103/500  loss=0.0290  tr_acc=0.9924  val_acc=0.8254  val_auroc=0.9445  val_f1=0.7717  lr=8.21e-05
Running Validation...
Ep 104/500  loss=0.0323  tr_acc=0.9886  val_acc=0.8413  val_auroc=0.9452  val_f1=0.7963  lr=8.20e-05
Running Validation...
Ep 105/500  loss=0.0121  tr_acc=0.9947  val_acc=0.8201  val_auroc=0.9394  val_f1=0.7842  lr=8.19e-05
Running Validation...
Ep 106/500  loss=0.0235  tr_acc=0.9909  val_acc=0.8360  val_auroc=0.9442  val_f1=0.7958  lr=8.18e-05
Running Validation...
Ep 107/500  loss=0.0128  tr_acc=0.9962  val_acc=0.8201  val_auroc=0.9344  val_f1=0.7553  lr=8.17e-05
Running Validation...
Ep 108/500  loss=0.0197  tr_acc=0.9931  val_acc=0.8254  val_auroc=0.9292  val_f1=0.7781  lr=8.16e-05
Running Validation...
Ep 109/500  loss=0.0207  tr_acc=0.9939  val_acc=0.8360  val_auroc=0.9418  val_f1=0.7884  lr=8.14e-05
Running Validation...
Ep 110/500  loss=0.0141  tr_acc=0.9962  val_acc=0.8466  val_auroc=0.9480  val_f1=0.8022  lr=8.13e-05
Running Validation...
Ep 111/500  loss=0.0112  tr_acc=0.9970  val_acc=0.8254  val_auroc=0.9306  val_f1=0.7652  lr=8.12e-05
Running Validation...
Ep 112/500  loss=0.0760  tr_acc=0.9863  val_acc=0.8307  val_auroc=0.9268  val_f1=0.7820  lr=8.11e-05
Running Validation...
Ep 113/500  loss=0.0195  tr_acc=0.9947  val_acc=0.8307  val_auroc=0.9192  val_f1=0.7731  lr=8.10e-05
Running Validation...
Ep 114/500  loss=0.0138  tr_acc=0.9970  val_acc=0.8307  val_auroc=0.9438  val_f1=0.7852  lr=8.08e-05
Running Validation...
Ep 115/500  loss=0.0125  tr_acc=0.9970  val_acc=0.8413  val_auroc=0.9432  val_f1=0.7937  lr=8.07e-05
Running Validation...
Ep 116/500  loss=0.0141  tr_acc=0.9954  val_acc=0.8201  val_auroc=0.9465  val_f1=0.7824  lr=8.06e-05
Running Validation...
Ep 117/500  loss=0.0290  tr_acc=0.9893  val_acc=0.8519  val_auroc=0.9546  val_f1=0.8047  lr=8.04e-05
Running Validation...
Ep 118/500  loss=0.0397  tr_acc=0.9893  val_acc=0.8095  val_auroc=0.9468  val_f1=0.7537  lr=8.03e-05
Running Validation...
Ep 119/500  loss=0.0103  tr_acc=0.9977  val_acc=0.8466  val_auroc=0.9524  val_f1=0.8125  lr=8.02e-05
Running Validation...
Ep 120/500  loss=0.0144  tr_acc=0.9947  val_acc=0.8307  val_auroc=0.9528  val_f1=0.7657  lr=8.00e-05
Running Validation...
Ep 121/500  loss=0.0158  tr_acc=0.9931  val_acc=0.8360  val_auroc=0.9464  val_f1=0.7904  lr=7.99e-05
Running Validation...
Ep 122/500  loss=0.0078  tr_acc=0.9977  val_acc=0.8413  val_auroc=0.9320  val_f1=0.7952  lr=7.97e-05
Running Validation...
Ep 123/500  loss=0.0159  tr_acc=0.9939  val_acc=0.8466  val_auroc=0.9583  val_f1=0.8137  lr=7.96e-05
Running Validation...
Ep 124/500  loss=0.0134  tr_acc=0.9954  val_acc=0.8519  val_auroc=0.9529  val_f1=0.8241  lr=7.95e-05
Running Validation...
Ep 125/500  loss=0.0168  tr_acc=0.9931  val_acc=0.8360  val_auroc=0.9477  val_f1=0.7761  lr=7.93e-05
Running Validation...
Ep 126/500  loss=0.0222  tr_acc=0.9931  val_acc=0.8571  val_auroc=0.9440  val_f1=0.8211  lr=7.92e-05
Running Validation...
Ep 127/500  loss=0.0146  tr_acc=0.9954  val_acc=0.8466  val_auroc=0.9444  val_f1=0.8091  lr=7.90e-05
Running Validation...
Ep 128/500  loss=0.0100  tr_acc=0.9970  val_acc=0.8360  val_auroc=0.9473  val_f1=0.7795  lr=7.89e-05
Running Validation...
Ep 129/500  loss=0.0076  tr_acc=0.9970  val_acc=0.8571  val_auroc=0.9532  val_f1=0.8171  lr=7.87e-05
Running Validation...
Ep 130/500  loss=0.0211  tr_acc=0.9947  val_acc=0.8466  val_auroc=0.9471  val_f1=0.8018  lr=7.85e-05
Running Validation...
Ep 131/500  loss=0.0111  tr_acc=0.9954  val_acc=0.8730  val_auroc=0.9447  val_f1=0.8310  lr=7.84e-05
Running Validation...
Ep 132/500  loss=0.0154  tr_acc=0.9954  val_acc=0.8836  val_auroc=0.9571  val_f1=0.8649  lr=7.82e-05
Running Validation...
Ep 133/500  loss=0.0164  tr_acc=0.9947  val_acc=0.8624  val_auroc=0.9604  val_f1=0.8339  lr=7.81e-05
Running Validation...
Ep 134/500  loss=0.0152  tr_acc=0.9962  val_acc=0.8677  val_auroc=0.9496  val_f1=0.8329  lr=7.79e-05
Running Validation...
Ep 135/500  loss=0.0133  tr_acc=0.9954  val_acc=0.8677  val_auroc=0.9456  val_f1=0.8432  lr=7.77e-05
Running Validation...
Ep 136/500  loss=0.0187  tr_acc=0.9947  val_acc=0.8307  val_auroc=0.9479  val_f1=0.7910  lr=7.76e-05
Running Validation...
Ep 137/500  loss=0.0097  tr_acc=0.9962  val_acc=0.8307  val_auroc=0.9383  val_f1=0.7834  lr=7.74e-05
Running Validation...
Ep 138/500  loss=0.0205  tr_acc=0.9939  val_acc=0.8466  val_auroc=0.9541  val_f1=0.7987  lr=7.72e-05
Running Validation...
Ep 139/500  loss=0.0179  tr_acc=0.9931  val_acc=0.8677  val_auroc=0.9513  val_f1=0.8241  lr=7.71e-05
Running Validation...
Ep 140/500  loss=0.0209  tr_acc=0.9954  val_acc=0.8519  val_auroc=0.9478  val_f1=0.8100  lr=7.69e-05
Running Validation...
Ep 141/500  loss=0.0199  tr_acc=0.9939  val_acc=0.8360  val_auroc=0.9277  val_f1=0.7759  lr=7.67e-05
Running Validation...
Ep 142/500  loss=0.0230  tr_acc=0.9962  val_acc=0.8413  val_auroc=0.9330  val_f1=0.8006  lr=7.65e-05
Running Validation...
Ep 143/500  loss=0.0171  tr_acc=0.9954  val_acc=0.8360  val_auroc=0.9431  val_f1=0.7795  lr=7.64e-05
Running Validation...
Ep 144/500  loss=0.0063  tr_acc=0.9977  val_acc=0.8413  val_auroc=0.9379  val_f1=0.7835  lr=7.62e-05
Running Validation...
Ep 145/500  loss=0.0139  tr_acc=0.9954  val_acc=0.8519  val_auroc=0.9428  val_f1=0.8105  lr=7.60e-05
Running Validation...
Ep 146/500  loss=0.0108  tr_acc=0.9962  val_acc=0.8254  val_auroc=0.9369  val_f1=0.7871  lr=7.58e-05
Running Validation...
Ep 147/500  loss=0.0105  tr_acc=0.9962  val_acc=0.8360  val_auroc=0.9418  val_f1=0.7888  lr=7.56e-05
Running Validation...
Ep 148/500  loss=0.0101  tr_acc=0.9954  val_acc=0.8413  val_auroc=0.9423  val_f1=0.7896  lr=7.54e-05
Running Validation...
Ep 149/500  loss=0.0103  tr_acc=0.9962  val_acc=0.8466  val_auroc=0.9388  val_f1=0.8024  lr=7.52e-05
Running Validation...
Ep 150/500  loss=0.0153  tr_acc=0.9962  val_acc=0.8677  val_auroc=0.9522  val_f1=0.8329  lr=7.51e-05
Running Validation...
Ep 151/500  loss=0.0123  tr_acc=0.9939  val_acc=0.8201  val_auroc=0.9354  val_f1=0.7542  lr=7.49e-05
Running Validation...
Ep 152/500  loss=0.0127  tr_acc=0.9947  val_acc=0.8413  val_auroc=0.9363  val_f1=0.8024  lr=7.47e-05
Running Validation...
Ep 153/500  loss=0.0048  tr_acc=0.9977  val_acc=0.8466  val_auroc=0.9424  val_f1=0.8010  lr=7.45e-05
Running Validation...
Ep 154/500  loss=0.0144  tr_acc=0.9970  val_acc=0.8413  val_auroc=0.9381  val_f1=0.8117  lr=7.43e-05
Running Validation...
Ep 155/500  loss=0.0058  tr_acc=0.9977  val_acc=0.8413  val_auroc=0.9478  val_f1=0.7981  lr=7.41e-05
Running Validation...
Ep 156/500  loss=0.0087  tr_acc=0.9985  val_acc=0.8360  val_auroc=0.9460  val_f1=0.8020  lr=7.39e-05
Running Validation...
Ep 157/500  loss=0.0146  tr_acc=0.9939  val_acc=0.8095  val_auroc=0.9258  val_f1=0.7572  lr=7.37e-05
Running Validation...
Ep 158/500  loss=0.0064  tr_acc=0.9977  val_acc=0.8307  val_auroc=0.9317  val_f1=0.7724  lr=7.35e-05
Running Validation...
Ep 159/500  loss=0.0066  tr_acc=0.9970  val_acc=0.8254  val_auroc=0.9410  val_f1=0.7693  lr=7.33e-05
Running Validation...
Ep 160/500  loss=0.0118  tr_acc=0.9977  val_acc=0.8148  val_auroc=0.9246  val_f1=0.7608  lr=7.31e-05
Running Validation...
Ep 161/500  loss=0.0054  tr_acc=0.9985  val_acc=0.8201  val_auroc=0.9347  val_f1=0.7606  lr=7.29e-05
Running Validation...
Ep 162/500  loss=0.0176  tr_acc=0.9954  val_acc=0.8571  val_auroc=0.9433  val_f1=0.8174  lr=7.27e-05
Running Validation...
Ep 163/500  loss=0.0090  tr_acc=0.9970  val_acc=0.8571  val_auroc=0.9415  val_f1=0.8161  lr=7.24e-05
Running Validation...
Ep 164/500  loss=0.0090  tr_acc=0.9970  val_acc=0.8519  val_auroc=0.9324  val_f1=0.7966  lr=7.22e-05
Running Validation...
Ep 165/500  loss=0.0094  tr_acc=0.9977  val_acc=0.8624  val_auroc=0.9323  val_f1=0.8098  lr=7.20e-05
Running Validation...
Ep 166/500  loss=0.0102  tr_acc=0.9977  val_acc=0.8307  val_auroc=0.9300  val_f1=0.7709  lr=7.18e-05
Running Validation...
Ep 167/500  loss=0.0072  tr_acc=0.9970  val_acc=0.8466  val_auroc=0.9535  val_f1=0.8061  lr=7.16e-05
Running Validation...
Ep 168/500  loss=0.0180  tr_acc=0.9954  val_acc=0.8519  val_auroc=0.9483  val_f1=0.8204  lr=7.14e-05
Running Validation...
Ep 169/500  loss=0.0252  tr_acc=0.9893  val_acc=0.8201  val_auroc=0.9469  val_f1=0.7904  lr=7.12e-05
Running Validation...
Ep 170/500  loss=0.0138  tr_acc=0.9954  val_acc=0.8360  val_auroc=0.9400  val_f1=0.7838  lr=7.09e-05
Running Validation...
Ep 171/500  loss=0.0142  tr_acc=0.9954  val_acc=0.8148  val_auroc=0.9278  val_f1=0.7578  lr=7.07e-05
Running Validation...
Ep 172/500  loss=0.0226  tr_acc=0.9954  val_acc=0.8466  val_auroc=0.9404  val_f1=0.8003  lr=7.05e-05
Running Validation...
Ep 173/500  loss=0.0153  tr_acc=0.9954  val_acc=0.8042  val_auroc=0.9284  val_f1=0.7173  lr=7.03e-05
Running Validation...
Ep 174/500  loss=0.0174  tr_acc=0.9939  val_acc=0.8413  val_auroc=0.9405  val_f1=0.7757  lr=7.00e-05
Running Validation...
Ep 175/500  loss=0.0050  tr_acc=0.9970  val_acc=0.8254  val_auroc=0.9295  val_f1=0.7798  lr=6.98e-05
Running Validation...
Ep 176/500  loss=0.0192  tr_acc=0.9962  val_acc=0.8307  val_auroc=0.9404  val_f1=0.7594  lr=6.96e-05
Running Validation...
Ep 177/500  loss=0.0065  tr_acc=0.9962  val_acc=0.8095  val_auroc=0.9322  val_f1=0.7589  lr=6.94e-05
Running Validation...
Ep 178/500  loss=0.0159  tr_acc=0.9954  val_acc=0.8360  val_auroc=0.9417  val_f1=0.7790  lr=6.91e-05
Running Validation...
Ep 179/500  loss=0.0054  tr_acc=0.9977  val_acc=0.8519  val_auroc=0.9405  val_f1=0.8116  lr=6.89e-05
Running Validation...
Ep 180/500  loss=0.0097  tr_acc=0.9954  val_acc=0.8624  val_auroc=0.9530  val_f1=0.8079  lr=6.87e-05
Running Validation...
Ep 181/500  loss=0.0010  tr_acc=1.0000  val_acc=0.8254  val_auroc=0.9582  val_f1=0.7538  lr=6.84e-05
Running Validation...
Ep 182/500  loss=0.0175  tr_acc=0.9931  val_acc=0.8360  val_auroc=0.9483  val_f1=0.7795  lr=6.82e-05
Running Validation...
Ep 183/500  loss=0.0174  tr_acc=0.9954  val_acc=0.8360  val_auroc=0.9417  val_f1=0.7907  lr=6.80e-05
Running Validation...
Ep 184/500  loss=0.0068  tr_acc=0.9970  val_acc=0.8519  val_auroc=0.9352  val_f1=0.8089  lr=6.77e-05
Running Validation...
Ep 185/500  loss=0.0080  tr_acc=0.9977  val_acc=0.8519  val_auroc=0.9458  val_f1=0.8090  lr=6.75e-05
Running Validation...
Ep 186/500  loss=0.0146  tr_acc=0.9954  val_acc=0.8571  val_auroc=0.9560  val_f1=0.8170  lr=6.72e-05
Running Validation...
Ep 187/500  loss=0.0156  tr_acc=0.9962  val_acc=0.8413  val_auroc=0.9368  val_f1=0.7911  lr=6.70e-05
Running Validation...
Ep 188/500  loss=0.0079  tr_acc=0.9977  val_acc=0.8360  val_auroc=0.9375  val_f1=0.7726  lr=6.68e-05
Running Validation...
Ep 189/500  loss=0.0051  tr_acc=0.9977  val_acc=0.8201  val_auroc=0.9383  val_f1=0.7496  lr=6.65e-05
Running Validation...
Ep 190/500  loss=0.0083  tr_acc=0.9985  val_acc=0.7989  val_auroc=0.9296  val_f1=0.7372  lr=6.63e-05
Running Validation...
Ep 191/500  loss=0.0070  tr_acc=0.9970  val_acc=0.8095  val_auroc=0.9293  val_f1=0.7426  lr=6.60e-05
Running Validation...
Ep 192/500  loss=0.0254  tr_acc=0.9962  val_acc=0.8307  val_auroc=0.9334  val_f1=0.7714  lr=6.58e-05
Running Validation...
Ep 193/500  loss=0.0037  tr_acc=0.9992  val_acc=0.8095  val_auroc=0.9282  val_f1=0.7351  lr=6.55e-05
Running Validation...
Ep 194/500  loss=0.0041  tr_acc=0.9977  val_acc=0.8413  val_auroc=0.9413  val_f1=0.7914  lr=6.53e-05
Running Validation...
Ep 195/500  loss=0.0029  tr_acc=0.9992  val_acc=0.8254  val_auroc=0.9373  val_f1=0.7812  lr=6.50e-05
Running Validation...
Ep 196/500  loss=0.0060  tr_acc=0.9977  val_acc=0.8042  val_auroc=0.9403  val_f1=0.7384  lr=6.48e-05
Running Validation...
Ep 197/500  loss=0.0027  tr_acc=0.9992  val_acc=0.8148  val_auroc=0.9308  val_f1=0.7495  lr=6.45e-05
Running Validation...
Ep 198/500  loss=0.0021  tr_acc=1.0000  val_acc=0.8201  val_auroc=0.9214  val_f1=0.7550  lr=6.43e-05
Running Validation...
Ep 199/500  loss=0.0109  tr_acc=0.9970  val_acc=0.8148  val_auroc=0.9287  val_f1=0.7271  lr=6.40e-05
Running Validation...
Ep 200/500  loss=0.0102  tr_acc=0.9977  val_acc=0.8307  val_auroc=0.9373  val_f1=0.7640  lr=6.38e-05
Running Validation...
Ep 201/500  loss=0.0364  tr_acc=0.9939  val_acc=0.8466  val_auroc=0.9464  val_f1=0.7969  lr=6.35e-05
Running Validation...
Ep 202/500  loss=0.0056  tr_acc=0.9970  val_acc=0.8254  val_auroc=0.9532  val_f1=0.7593  lr=6.32e-05
Running Validation...
Ep 203/500  loss=0.0088  tr_acc=0.9977  val_acc=0.8360  val_auroc=0.9474  val_f1=0.7689  lr=6.30e-05
Running Validation...
Ep 204/500  loss=0.0073  tr_acc=0.9985  val_acc=0.8466  val_auroc=0.9428  val_f1=0.7983  lr=6.27e-05
Running Validation...
Ep 205/500  loss=0.0025  tr_acc=1.0000  val_acc=0.8360  val_auroc=0.9436  val_f1=0.7676  lr=6.25e-05
Running Validation...
Ep 206/500  loss=0.0102  tr_acc=0.9962  val_acc=0.8624  val_auroc=0.9404  val_f1=0.8155  lr=6.22e-05
Running Validation...
Ep 207/500  loss=0.0124  tr_acc=0.9977  val_acc=0.8677  val_auroc=0.9483  val_f1=0.8286  lr=6.19e-05
Running Validation...
Ep 208/500  loss=0.0094  tr_acc=0.9977  val_acc=0.8519  val_auroc=0.9492  val_f1=0.7994  lr=6.17e-05
Running Validation...
Ep 209/500  loss=0.0042  tr_acc=0.9985  val_acc=0.8571  val_auroc=0.9428  val_f1=0.8085  lr=6.14e-05
Running Validation...
Ep 210/500  loss=0.0030  tr_acc=1.0000  val_acc=0.8519  val_auroc=0.9509  val_f1=0.8013  lr=6.11e-05
Running Validation...
Ep 211/500  loss=0.0052  tr_acc=0.9985  val_acc=0.8677  val_auroc=0.9465  val_f1=0.8305  lr=6.09e-05
Running Validation...
Ep 212/500  loss=0.0042  tr_acc=0.9977  val_acc=0.8783  val_auroc=0.9509  val_f1=0.8329  lr=6.06e-05
Running Validation...
Ep 213/500  loss=0.0138  tr_acc=0.9977  val_acc=0.8730  val_auroc=0.9508  val_f1=0.8438  lr=6.03e-05
Running Validation...
Ep 214/500  loss=0.0075  tr_acc=0.9985  val_acc=0.8466  val_auroc=0.9505  val_f1=0.7989  lr=6.01e-05
Running Validation...
Ep 215/500  loss=0.0018  tr_acc=0.9992  val_acc=0.8466  val_auroc=0.9539  val_f1=0.7883  lr=5.98e-05
Running Validation...
Ep 216/500  loss=0.0038  tr_acc=0.9992  val_acc=0.8730  val_auroc=0.9560  val_f1=0.8366  lr=5.95e-05
Running Validation...
Ep 217/500  loss=0.0012  tr_acc=0.9992  val_acc=0.8466  val_auroc=0.9471  val_f1=0.7918  lr=5.92e-05
Running Validation...
Ep 218/500  loss=0.0131  tr_acc=0.9962  val_acc=0.8624  val_auroc=0.9345  val_f1=0.8336  lr=5.90e-05
Running Validation...
Ep 219/500  loss=0.0036  tr_acc=0.9985  val_acc=0.8677  val_auroc=0.9403  val_f1=0.8372  lr=5.87e-05
Running Validation...
Ep 220/500  loss=0.0058  tr_acc=0.9977  val_acc=0.8466  val_auroc=0.9348  val_f1=0.8117  lr=5.84e-05
Running Validation...
Ep 221/500  loss=0.0046  tr_acc=0.9977  val_acc=0.8360  val_auroc=0.9300  val_f1=0.7836  lr=5.81e-05
Running Validation...
Ep 222/500  loss=0.0058  tr_acc=0.9977  val_acc=0.8571  val_auroc=0.9344  val_f1=0.8229  lr=5.79e-05
Running Validation...
Ep 223/500  loss=0.0032  tr_acc=0.9992  val_acc=0.8413  val_auroc=0.9296  val_f1=0.7886  lr=5.76e-05
Running Validation...
Ep 224/500  loss=0.0011  tr_acc=1.0000  val_acc=0.8466  val_auroc=0.9348  val_f1=0.8177  lr=5.73e-05
Running Validation...
Ep 225/500  loss=0.0116  tr_acc=0.9970  val_acc=0.8413  val_auroc=0.9353  val_f1=0.8075  lr=5.70e-05
Running Validation...
Ep 226/500  loss=0.0112  tr_acc=0.9947  val_acc=0.8413  val_auroc=0.9486  val_f1=0.7898  lr=5.68e-05
Running Validation...
Ep 227/500  loss=0.0104  tr_acc=0.9962  val_acc=0.8307  val_auroc=0.9400  val_f1=0.7866  lr=5.65e-05
Running Validation...
Ep 228/500  loss=0.0128  tr_acc=0.9970  val_acc=0.8466  val_auroc=0.9444  val_f1=0.8048  lr=5.62e-05
Running Validation...
Ep 229/500  loss=0.0080  tr_acc=0.9970  val_acc=0.8466  val_auroc=0.9368  val_f1=0.8086  lr=5.59e-05
Running Validation...
Ep 230/500  loss=0.0041  tr_acc=0.9985  val_acc=0.8254  val_auroc=0.9156  val_f1=0.7708  lr=5.56e-05
Running Validation...
Ep 231/500  loss=0.0038  tr_acc=0.9977  val_acc=0.8360  val_auroc=0.9174  val_f1=0.7771  lr=5.54e-05
Running Validation...
Ep 232/500  loss=0.0018  tr_acc=0.9992  val_acc=0.8413  val_auroc=0.9278  val_f1=0.8008  lr=5.51e-05
Running Validation...
Ep 233/500  loss=0.0047  tr_acc=0.9992  val_acc=0.8360  val_auroc=0.9267  val_f1=0.7898  lr=5.48e-05
Running Validation...
Ep 234/500  loss=0.0087  tr_acc=0.9985  val_acc=0.8201  val_auroc=0.9180  val_f1=0.7622  lr=5.45e-05
Running Validation...
Ep 235/500  loss=0.0009  tr_acc=1.0000  val_acc=0.8254  val_auroc=0.9094  val_f1=0.7751  lr=5.42e-05
Running Validation...
Ep 236/500  loss=0.0018  tr_acc=0.9992  val_acc=0.8148  val_auroc=0.9143  val_f1=0.7634  lr=5.39e-05
Running Validation...
Ep 237/500  loss=0.0055  tr_acc=0.9977  val_acc=0.8360  val_auroc=0.9279  val_f1=0.7898  lr=5.36e-05
Running Validation...
Ep 238/500  loss=0.0015  tr_acc=0.9992  val_acc=0.8466  val_auroc=0.9315  val_f1=0.7906  lr=5.34e-05
Running Validation...
Ep 239/500  loss=0.0007  tr_acc=1.0000  val_acc=0.8360  val_auroc=0.9309  val_f1=0.7719  lr=5.31e-05
Running Validation...
Ep 240/500  loss=0.0043  tr_acc=0.9985  val_acc=0.8307  val_auroc=0.9145  val_f1=0.7926  lr=5.28e-05
Running Validation...
Ep 241/500  loss=0.0034  tr_acc=0.9992  val_acc=0.8307  val_auroc=0.9326  val_f1=0.7769  lr=5.25e-05
Running Validation...
Ep 242/500  loss=0.0031  tr_acc=0.9977  val_acc=0.8360  val_auroc=0.9281  val_f1=0.7893  lr=5.22e-05
Running Validation...
Ep 243/500  loss=0.0073  tr_acc=0.9992  val_acc=0.8360  val_auroc=0.9299  val_f1=0.7919  lr=5.19e-05
Running Validation...
Ep 244/500  loss=0.0024  tr_acc=0.9992  val_acc=0.8148  val_auroc=0.9331  val_f1=0.7628  lr=5.16e-05
Running Validation...
Ep 245/500  loss=0.0016  tr_acc=0.9992  val_acc=0.8042  val_auroc=0.9322  val_f1=0.7417  lr=5.13e-05
Running Validation...
Ep 246/500  loss=0.0005  tr_acc=1.0000  val_acc=0.8201  val_auroc=0.9338  val_f1=0.7708  lr=5.10e-05
Running Validation...
Ep 247/500  loss=0.0032  tr_acc=0.9992  val_acc=0.8360  val_auroc=0.9334  val_f1=0.7959  lr=5.08e-05
Running Validation...
Ep 248/500  loss=0.0039  tr_acc=0.9985  val_acc=0.8413  val_auroc=0.9311  val_f1=0.8023  lr=5.05e-05
Running Validation...
Ep 249/500  loss=0.0027  tr_acc=0.9992  val_acc=0.8307  val_auroc=0.9271  val_f1=0.7944  lr=5.02e-05
Running Validation...
Ep 250/500  loss=0.0041  tr_acc=0.9985  val_acc=0.8201  val_auroc=0.9428  val_f1=0.7810  lr=4.99e-05
Running Validation...
Ep 251/500  loss=0.0004  tr_acc=1.0000  val_acc=0.8519  val_auroc=0.9303  val_f1=0.8158  lr=4.96e-05
Running Validation...
Ep 252/500  loss=0.0030  tr_acc=0.9992  val_acc=0.8148  val_auroc=0.9188  val_f1=0.7646  lr=4.93e-05
Running Validation...
Ep 253/500  loss=0.0016  tr_acc=1.0000  val_acc=0.8466  val_auroc=0.9208  val_f1=0.8114  lr=4.90e-05
Running Validation...
Ep 254/500  loss=0.0006  tr_acc=1.0000  val_acc=0.8201  val_auroc=0.9172  val_f1=0.7790  lr=4.87e-05
Running Validation...
Ep 255/500  loss=0.0004  tr_acc=1.0000  val_acc=0.8413  val_auroc=0.9196  val_f1=0.7997  lr=4.84e-05
Running Validation...
Ep 256/500  loss=0.0016  tr_acc=0.9985  val_acc=0.8413  val_auroc=0.9223  val_f1=0.7979  lr=4.81e-05
Running Validation...
Ep 257/500  loss=0.0019  tr_acc=0.9992  val_acc=0.8307  val_auroc=0.9174  val_f1=0.7860  lr=4.78e-05
Running Validation...
Ep 258/500  loss=0.0046  tr_acc=0.9985  val_acc=0.8095  val_auroc=0.9051  val_f1=0.7584  lr=4.75e-05
Running Validation...
Ep 259/500  loss=0.0009  tr_acc=1.0000  val_acc=0.8201  val_auroc=0.9075  val_f1=0.7668  lr=4.72e-05
Running Validation...
Ep 260/500  loss=0.0031  tr_acc=0.9992  val_acc=0.8201  val_auroc=0.9224  val_f1=0.7643  lr=4.69e-05
Running Validation...
Ep 261/500  loss=0.0058  tr_acc=0.9985  val_acc=0.8307  val_auroc=0.9262  val_f1=0.7852  lr=4.66e-05
Running Validation...
Ep 262/500  loss=0.0017  tr_acc=0.9992  val_acc=0.8307  val_auroc=0.9396  val_f1=0.7918  lr=4.64e-05
Running Validation...
Ep 263/500  loss=0.0025  tr_acc=0.9992  val_acc=0.8201  val_auroc=0.9291  val_f1=0.7775  lr=4.61e-05
Running Validation...
Ep 264/500  loss=0.0045  tr_acc=0.9992  val_acc=0.8254  val_auroc=0.9240  val_f1=0.7749  lr=4.58e-05
Running Validation...
Ep 265/500  loss=0.0051  tr_acc=0.9985  val_acc=0.8519  val_auroc=0.9328  val_f1=0.8075  lr=4.55e-05
Running Validation...
Ep 266/500  loss=0.0031  tr_acc=0.9992  val_acc=0.8307  val_auroc=0.9342  val_f1=0.7719  lr=4.52e-05
Running Validation...
Ep 267/500  loss=0.0023  tr_acc=0.9985  val_acc=0.8254  val_auroc=0.9327  val_f1=0.7697  lr=4.49e-05
Running Validation...
Ep 268/500  loss=0.0008  tr_acc=1.0000  val_acc=0.8254  val_auroc=0.9325  val_f1=0.7676  lr=4.46e-05
Running Validation...
Ep 269/500  loss=0.0378  tr_acc=0.9977  val_acc=0.8254  val_auroc=0.9354  val_f1=0.7889  lr=4.43e-05
Running Validation...
Ep 270/500  loss=0.0022  tr_acc=0.9992  val_acc=0.8148  val_auroc=0.9299  val_f1=0.7641  lr=4.40e-05
Running Validation...
Ep 271/500  loss=0.0082  tr_acc=0.9977  val_acc=0.7937  val_auroc=0.9236  val_f1=0.7160  lr=4.37e-05
Running Validation...
Ep 272/500  loss=0.0029  tr_acc=0.9985  val_acc=0.8254  val_auroc=0.9255  val_f1=0.7667  lr=4.34e-05
Running Validation...
Ep 273/500  loss=0.0016  tr_acc=0.9992  val_acc=0.8148  val_auroc=0.9145  val_f1=0.7666  lr=4.31e-05
Running Validation...
Ep 274/500  loss=0.0035  tr_acc=0.9985  val_acc=0.8254  val_auroc=0.9231  val_f1=0.7743  lr=4.28e-05
Running Validation...
Ep 275/500  loss=0.0008  tr_acc=1.0000  val_acc=0.8201  val_auroc=0.9264  val_f1=0.7702  lr=4.25e-05
Running Validation...
Ep 276/500  loss=0.0022  tr_acc=1.0000  val_acc=0.8042  val_auroc=0.9195  val_f1=0.7476  lr=4.22e-05
Running Validation...
Ep 277/500  loss=0.0030  tr_acc=0.9985  val_acc=0.8201  val_auroc=0.9184  val_f1=0.7603  lr=4.19e-05
Running Validation...
Ep 278/500  loss=0.0013  tr_acc=1.0000  val_acc=0.8360  val_auroc=0.9257  val_f1=0.7805  lr=4.16e-05
Running Validation...
Ep 279/500  loss=0.0013  tr_acc=1.0000  val_acc=0.8360  val_auroc=0.9268  val_f1=0.7944  lr=4.13e-05
Running Validation...
Ep 280/500  loss=0.0010  tr_acc=1.0000  val_acc=0.8307  val_auroc=0.9336  val_f1=0.7810  lr=4.10e-05
Running Validation...
Ep 281/500  loss=0.0020  tr_acc=0.9985  val_acc=0.8360  val_auroc=0.9311  val_f1=0.7979  lr=4.07e-05
Running Validation...
Ep 282/500  loss=0.0024  tr_acc=0.9985  val_acc=0.8095  val_auroc=0.9277  val_f1=0.7562  lr=4.04e-05
Running Validation...
Ep 283/500  loss=0.0018  tr_acc=0.9992  val_acc=0.8148  val_auroc=0.9307  val_f1=0.7680  lr=4.01e-05
Running Validation...
Ep 284/500  loss=0.0004  tr_acc=1.0000  val_acc=0.8201  val_auroc=0.9347  val_f1=0.7630  lr=3.98e-05
Running Validation...
Ep 285/500  loss=0.0034  tr_acc=0.9985  val_acc=0.8201  val_auroc=0.9260  val_f1=0.7808  lr=3.95e-05
Running Validation...
Ep 286/500  loss=0.0064  tr_acc=0.9992  val_acc=0.8148  val_auroc=0.9289  val_f1=0.7659  lr=3.92e-05
Running Validation...
Ep 287/500  loss=0.0031  tr_acc=0.9992  val_acc=0.8254  val_auroc=0.9378  val_f1=0.7701  lr=3.89e-05
Running Validation...
Ep 288/500  loss=0.0022  tr_acc=0.9985  val_acc=0.8201  val_auroc=0.9384  val_f1=0.7561  lr=3.86e-05
Running Validation...
Ep 289/500  loss=0.0009  tr_acc=0.9992  val_acc=0.8307  val_auroc=0.9407  val_f1=0.7821  lr=3.84e-05
Running Validation...
Ep 290/500  loss=0.0006  tr_acc=1.0000  val_acc=0.8360  val_auroc=0.9414  val_f1=0.7862  lr=3.81e-05
Running Validation...
Ep 291/500  loss=0.0010  tr_acc=1.0000  val_acc=0.8360  val_auroc=0.9340  val_f1=0.7885  lr=3.78e-05
Running Validation...
Ep 292/500  loss=0.0004  tr_acc=1.0000  val_acc=0.8201  val_auroc=0.9288  val_f1=0.7561  lr=3.75e-05
Running Validation...
Ep 293/500  loss=0.0021  tr_acc=0.9992  val_acc=0.8307  val_auroc=0.9395  val_f1=0.7824  lr=3.72e-05
Running Validation...
Ep 294/500  loss=0.0008  tr_acc=1.0000  val_acc=0.8201  val_auroc=0.9332  val_f1=0.7630  lr=3.69e-05
Running Validation...
Ep 295/500  loss=0.0003  tr_acc=1.0000  val_acc=0.8307  val_auroc=0.9342  val_f1=0.7843  lr=3.66e-05
Running Validation...
Ep 296/500  loss=0.0044  tr_acc=0.9992  val_acc=0.8148  val_auroc=0.9350  val_f1=0.7563  lr=3.63e-05
Running Validation...
Ep 297/500  loss=0.0006  tr_acc=1.0000  val_acc=0.8307  val_auroc=0.9348  val_f1=0.7821  lr=3.60e-05
Running Validation...
Ep 298/500  loss=0.0031  tr_acc=0.9992  val_acc=0.8201  val_auroc=0.9322  val_f1=0.7643  lr=3.57e-05
Running Validation...
Ep 299/500  loss=0.0001  tr_acc=1.0000  val_acc=0.8201  val_auroc=0.9344  val_f1=0.7721  lr=3.54e-05
Running Validation...
Ep 300/500  loss=0.0028  tr_acc=0.9992  val_acc=0.8042  val_auroc=0.9360  val_f1=0.7402  lr=3.51e-05
Running Validation...
Ep 301/500  loss=0.0038  tr_acc=0.9985  val_acc=0.8254  val_auroc=0.9332  val_f1=0.7801  lr=3.48e-05
Running Validation...
Ep 302/500  loss=0.0006  tr_acc=1.0000  val_acc=0.8254  val_auroc=0.9401  val_f1=0.7670  lr=3.45e-05
Running Validation...
Ep 303/500  loss=0.0264  tr_acc=0.9970  val_acc=0.8095  val_auroc=0.9364  val_f1=0.7328  lr=3.42e-05
Running Validation...
Ep 304/500  loss=0.0004  tr_acc=1.0000  val_acc=0.8201  val_auroc=0.9394  val_f1=0.7676  lr=3.40e-05
Running Validation...
Ep 305/500  loss=0.0058  tr_acc=0.9992  val_acc=0.8254  val_auroc=0.9396  val_f1=0.7786  lr=3.37e-05
Running Validation...
Ep 306/500  loss=0.0020  tr_acc=0.9985  val_acc=0.8201  val_auroc=0.9364  val_f1=0.7668  lr=3.34e-05
Running Validation...
Ep 307/500  loss=0.0001  tr_acc=1.0000  val_acc=0.8148  val_auroc=0.9363  val_f1=0.7739  lr=3.31e-05
Running Validation...
Ep 308/500  loss=0.0010  tr_acc=0.9992  val_acc=0.8201  val_auroc=0.9403  val_f1=0.7625  lr=3.28e-05
Running Validation...
Ep 309/500  loss=0.0039  tr_acc=0.9992  val_acc=0.8148  val_auroc=0.9414  val_f1=0.7490  lr=3.25e-05
Running Validation...
Ep 310/500  loss=0.0003  tr_acc=1.0000  val_acc=0.8148  val_auroc=0.9413  val_f1=0.7428  lr=3.22e-05
Running Validation...
Ep 311/500  loss=0.0017  tr_acc=0.9992  val_acc=0.8254  val_auroc=0.9383  val_f1=0.7733  lr=3.19e-05
Running Validation...
Ep 312/500  loss=0.0002  tr_acc=1.0000  val_acc=0.8360  val_auroc=0.9378  val_f1=0.7845  lr=3.16e-05
Running Validation...
Ep 313/500  loss=0.0014  tr_acc=0.9992  val_acc=0.8307  val_auroc=0.9406  val_f1=0.7821  lr=3.14e-05
Running Validation...
Ep 314/500  loss=0.0002  tr_acc=1.0000  val_acc=0.8254  val_auroc=0.9460  val_f1=0.7852  lr=3.11e-05
Running Validation...
Ep 315/500  loss=0.0008  tr_acc=0.9992  val_acc=0.8254  val_auroc=0.9440  val_f1=0.7782  lr=3.08e-05
Running Validation...
Ep 316/500  loss=0.0004  tr_acc=1.0000  val_acc=0.8307  val_auroc=0.9398  val_f1=0.7888  lr=3.05e-05
Running Validation...
Ep 317/500  loss=0.0116  tr_acc=0.9970  val_acc=0.8519  val_auroc=0.9400  val_f1=0.8071  lr=3.02e-05
Running Validation...
Ep 318/500  loss=0.0025  tr_acc=0.9985  val_acc=0.8254  val_auroc=0.9349  val_f1=0.7641  lr=2.99e-05
Running Validation...
Ep 319/500  loss=0.0004  tr_acc=1.0000  val_acc=0.8201  val_auroc=0.9384  val_f1=0.7745  lr=2.96e-05
Running Validation...
Ep 320/500  loss=0.0115  tr_acc=0.9992  val_acc=0.8201  val_auroc=0.9361  val_f1=0.7551  lr=2.94e-05
Running Validation...
Ep 321/500  loss=0.0052  tr_acc=0.9992  val_acc=0.8413  val_auroc=0.9402  val_f1=0.7947  lr=2.91e-05
Running Validation...
Ep 322/500  loss=0.0008  tr_acc=1.0000  val_acc=0.8307  val_auroc=0.9457  val_f1=0.7890  lr=2.88e-05
Running Validation...
Ep 323/500  loss=0.0007  tr_acc=1.0000  val_acc=0.8360  val_auroc=0.9431  val_f1=0.7851  lr=2.85e-05
Running Validation...
Ep 324/500  loss=0.0006  tr_acc=1.0000  val_acc=0.8148  val_auroc=0.9440  val_f1=0.7558  lr=2.82e-05
Running Validation...
Ep 325/500  loss=0.0002  tr_acc=1.0000  val_acc=0.8254  val_auroc=0.9458  val_f1=0.7685  lr=2.80e-05
Running Validation...
Ep 326/500  loss=0.0036  tr_acc=0.9985  val_acc=0.8042  val_auroc=0.9406  val_f1=0.7323  lr=2.77e-05
Running Validation...
Ep 327/500  loss=0.0011  tr_acc=0.9992  val_acc=0.8042  val_auroc=0.9418  val_f1=0.7301  lr=2.74e-05
Running Validation...
Ep 328/500  loss=0.0003  tr_acc=1.0000  val_acc=0.8042  val_auroc=0.9378  val_f1=0.7479  lr=2.71e-05
Running Validation...
Ep 329/500  loss=0.0001  tr_acc=1.0000  val_acc=0.8307  val_auroc=0.9394  val_f1=0.7875  lr=2.69e-05
Running Validation...
Ep 330/500  loss=0.0007  tr_acc=1.0000  val_acc=0.8148  val_auroc=0.9399  val_f1=0.7616  lr=2.66e-05
Running Validation...
Ep 331/500  loss=0.0004  tr_acc=1.0000  val_acc=0.8307  val_auroc=0.9384  val_f1=0.7673  lr=2.63e-05
Running Validation...
Ep 332/500  loss=0.0019  tr_acc=0.9992  val_acc=0.8201  val_auroc=0.9389  val_f1=0.7561  lr=2.60e-05
Running Validation...
Ep 333/500  loss=0.0004  tr_acc=1.0000  val_acc=0.8201  val_auroc=0.9350  val_f1=0.7616  lr=2.58e-05
Running Validation...
Ep 334/500  loss=0.0003  tr_acc=1.0000  val_acc=0.8201  val_auroc=0.9368  val_f1=0.7547  lr=2.55e-05
Running Validation...
Ep 335/500  loss=0.0085  tr_acc=0.9992  val_acc=0.8148  val_auroc=0.9389  val_f1=0.7531  lr=2.52e-05
Running Validation...
Ep 336/500  loss=0.0001  tr_acc=1.0000  val_acc=0.8148  val_auroc=0.9368  val_f1=0.7468  lr=2.49e-05
Running Validation...
Ep 337/500  loss=0.0026  tr_acc=0.9985  val_acc=0.8095  val_auroc=0.9345  val_f1=0.7265  lr=2.47e-05
Running Validation...
Ep 338/500  loss=0.0048  tr_acc=0.9992  val_acc=0.8360  val_auroc=0.9335  val_f1=0.7794  lr=2.44e-05
Running Validation...
Ep 339/500  loss=0.0004  tr_acc=1.0000  val_acc=0.8307  val_auroc=0.9316  val_f1=0.7736  lr=2.41e-05
Running Validation...
Ep 340/500  loss=0.0012  tr_acc=0.9992  val_acc=0.8413  val_auroc=0.9343  val_f1=0.7858  lr=2.39e-05
Running Validation...
Ep 341/500  loss=0.0011  tr_acc=1.0000  val_acc=0.8254  val_auroc=0.9359  val_f1=0.7529  lr=2.36e-05
Running Validation...
Ep 342/500  loss=0.0004  tr_acc=1.0000  val_acc=0.8360  val_auroc=0.9394  val_f1=0.7759  lr=2.33e-05
Running Validation...
Ep 343/500  loss=0.0001  tr_acc=1.0000  val_acc=0.8095  val_auroc=0.9384  val_f1=0.7537  lr=2.31e-05
Running Validation...
Ep 344/500  loss=0.0001  tr_acc=1.0000  val_acc=0.8254  val_auroc=0.9408  val_f1=0.7589  lr=2.28e-05
Running Validation...
Ep 345/500  loss=0.0001  tr_acc=1.0000  val_acc=0.8201  val_auroc=0.9393  val_f1=0.7617  lr=2.25e-05
Running Validation...
Ep 346/500  loss=0.0002  tr_acc=1.0000  val_acc=0.8254  val_auroc=0.9405  val_f1=0.7722  lr=2.23e-05
Running Validation...
Ep 347/500  loss=0.0004  tr_acc=1.0000  val_acc=0.8201  val_auroc=0.9430  val_f1=0.7481  lr=2.20e-05
Running Validation...
Ep 348/500  loss=0.0007  tr_acc=1.0000  val_acc=0.8254  val_auroc=0.9424  val_f1=0.7702  lr=2.18e-05
Running Validation...
Ep 349/500  loss=0.0003  tr_acc=1.0000  val_acc=0.8466  val_auroc=0.9435  val_f1=0.8008  lr=2.15e-05
Running Validation...
Ep 350/500  loss=0.0025  tr_acc=0.9992  val_acc=0.8254  val_auroc=0.9426  val_f1=0.7715  lr=2.13e-05
Running Validation...
Ep 351/500  loss=0.0003  tr_acc=1.0000  val_acc=0.8148  val_auroc=0.9430  val_f1=0.7500  lr=2.10e-05
Running Validation...
Ep 352/500  loss=0.0004  tr_acc=1.0000  val_acc=0.8201  val_auroc=0.9392  val_f1=0.7720  lr=2.07e-05
Running Validation...
Ep 353/500  loss=0.0017  tr_acc=0.9992  val_acc=0.8307  val_auroc=0.9423  val_f1=0.7826  lr=2.05e-05
Running Validation...
Ep 354/500  loss=0.0003  tr_acc=1.0000  val_acc=0.8148  val_auroc=0.9407  val_f1=0.7542  lr=2.02e-05
Running Validation...
Ep 355/500  loss=0.0146  tr_acc=0.9985  val_acc=0.8307  val_auroc=0.9411  val_f1=0.7874  lr=2.00e-05
Running Validation...
Ep 356/500  loss=0.0012  tr_acc=0.9992  val_acc=0.8254  val_auroc=0.9417  val_f1=0.7730  lr=1.97e-05
Running Validation...
Ep 357/500  loss=0.0004  tr_acc=1.0000  val_acc=0.8360  val_auroc=0.9433  val_f1=0.7875  lr=1.95e-05
Running Validation...
Ep 358/500  loss=0.0017  tr_acc=0.9992  val_acc=0.8254  val_auroc=0.9379  val_f1=0.7771  lr=1.92e-05
Running Validation...
Ep 359/500  loss=0.0002  tr_acc=1.0000  val_acc=0.8413  val_auroc=0.9439  val_f1=0.7955  lr=1.90e-05
Running Validation...
Ep 360/500  loss=0.0001  tr_acc=1.0000  val_acc=0.8413  val_auroc=0.9454  val_f1=0.7986  lr=1.87e-05
Running Validation...
Ep 361/500  loss=0.0381  tr_acc=0.9977  val_acc=0.8466  val_auroc=0.9457  val_f1=0.8055  lr=1.85e-05
Running Validation...
Ep 362/500  loss=0.0001  tr_acc=1.0000  val_acc=0.8466  val_auroc=0.9454  val_f1=0.8042  lr=1.82e-05
Running Validation...
Ep 363/500  loss=0.0000  tr_acc=1.0000  val_acc=0.8413  val_auroc=0.9434  val_f1=0.7944  lr=1.80e-05
Running Validation...
Ep 364/500  loss=0.0000  tr_acc=1.0000  val_acc=0.8360  val_auroc=0.9457  val_f1=0.7855  lr=1.78e-05
Running Validation...
Ep 365/500  loss=0.0199  tr_acc=0.9985  val_acc=0.8201  val_auroc=0.9407  val_f1=0.7581  lr=1.75e-05
Running Validation...
Ep 366/500  loss=0.0013  tr_acc=0.9992  val_acc=0.8413  val_auroc=0.9429  val_f1=0.7939  lr=1.73e-05
Running Validation...
Ep 367/500  loss=0.0001  tr_acc=1.0000  val_acc=0.8466  val_auroc=0.9411  val_f1=0.7939  lr=1.70e-05
Running Validation...
Ep 368/500  loss=0.0018  tr_acc=0.9985  val_acc=0.8360  val_auroc=0.9411  val_f1=0.7791  lr=1.68e-05
Running Validation...
Ep 369/500  loss=0.0001  tr_acc=1.0000  val_acc=0.8307  val_auroc=0.9409  val_f1=0.7720  lr=1.66e-05
Running Validation...
Ep 370/500  loss=0.0005  tr_acc=1.0000  val_acc=0.8360  val_auroc=0.9416  val_f1=0.7721  lr=1.63e-05
Running Validation...
Ep 371/500  loss=0.0003  tr_acc=1.0000  val_acc=0.8519  val_auroc=0.9471  val_f1=0.8070  lr=1.61e-05
Running Validation...
Ep 372/500  loss=0.0008  tr_acc=1.0000  val_acc=0.8413  val_auroc=0.9448  val_f1=0.7904  lr=1.59e-05
Running Validation...
Ep 373/500  loss=0.0001  tr_acc=1.0000  val_acc=0.8413  val_auroc=0.9437  val_f1=0.7953  lr=1.56e-05
Running Validation...
Ep 374/500  loss=0.0002  tr_acc=1.0000  val_acc=0.8519  val_auroc=0.9451  val_f1=0.8028  lr=1.54e-05
Running Validation...
Ep 375/500  loss=0.0006  tr_acc=1.0000  val_acc=0.8466  val_auroc=0.9478  val_f1=0.7930  lr=1.52e-05
Running Validation...
Ep 376/500  loss=0.0001  tr_acc=1.0000  val_acc=0.8466  val_auroc=0.9466  val_f1=0.7941  lr=1.50e-05
Running Validation...
Ep 377/500  loss=0.0001  tr_acc=1.0000  val_acc=0.8413  val_auroc=0.9472  val_f1=0.7871  lr=1.47e-05
Running Validation...
Ep 378/500  loss=0.0001  tr_acc=1.0000  val_acc=0.8307  val_auroc=0.9448  val_f1=0.7736  lr=1.45e-05
Running Validation...
Ep 379/500  loss=0.0029  tr_acc=0.9992  val_acc=0.8466  val_auroc=0.9451  val_f1=0.8030  lr=1.43e-05
Running Validation...
Ep 380/500  loss=0.0004  tr_acc=1.0000  val_acc=0.8307  val_auroc=0.9410  val_f1=0.7844  lr=1.41e-05
Running Validation...
Ep 381/500  loss=0.0006  tr_acc=0.9992  val_acc=0.8413  val_auroc=0.9403  val_f1=0.8004  lr=1.38e-05
Running Validation...
Ep 382/500  loss=0.0006  tr_acc=1.0000  val_acc=0.8307  val_auroc=0.9422  val_f1=0.7814  lr=1.36e-05
Running Validation...
Ep 383/500  loss=0.0002  tr_acc=1.0000  val_acc=0.8307  val_auroc=0.9448  val_f1=0.7627  lr=1.34e-05
Running Validation...
Ep 384/500  loss=0.0001  tr_acc=1.0000  val_acc=0.8466  val_auroc=0.9451  val_f1=0.7955  lr=1.32e-05
Running Validation...
Ep 385/500  loss=0.0000  tr_acc=1.0000  val_acc=0.8413  val_auroc=0.9463  val_f1=0.7879  lr=1.30e-05
Running Validation...
Ep 386/500  loss=0.0001  tr_acc=1.0000  val_acc=0.8519  val_auroc=0.9468  val_f1=0.8128  lr=1.28e-05
Running Validation...
Ep 387/500  loss=0.0001  tr_acc=1.0000  val_acc=0.8360  val_auroc=0.9465  val_f1=0.7829  lr=1.26e-05
Running Validation...
Ep 388/500  loss=0.0000  tr_acc=1.0000  val_acc=0.8307  val_auroc=0.9445  val_f1=0.7796  lr=1.23e-05
Running Validation...
Ep 389/500  loss=0.0001  tr_acc=1.0000  val_acc=0.8360  val_auroc=0.9438  val_f1=0.7837  lr=1.21e-05
Running Validation...
Ep 390/500  loss=0.0001  tr_acc=1.0000  val_acc=0.8519  val_auroc=0.9462  val_f1=0.8038  lr=1.19e-05
Running Validation...
Ep 391/500  loss=0.0001  tr_acc=1.0000  val_acc=0.8360  val_auroc=0.9461  val_f1=0.7911  lr=1.17e-05
Running Validation...
Ep 392/500  loss=0.0000  tr_acc=1.0000  val_acc=0.8360  val_auroc=0.9453  val_f1=0.7851  lr=1.15e-05
Running Validation...
Ep 393/500  loss=0.0003  tr_acc=1.0000  val_acc=0.8466  val_auroc=0.9446  val_f1=0.8030  lr=1.13e-05
Running Validation...
Ep 394/500  loss=0.0001  tr_acc=1.0000  val_acc=0.8360  val_auroc=0.9445  val_f1=0.7843  lr=1.11e-05
Running Validation...
Ep 395/500  loss=0.0056  tr_acc=0.9992  val_acc=0.8360  val_auroc=0.9458  val_f1=0.7872  lr=1.09e-05
Running Validation...
Ep 396/500  loss=0.0005  tr_acc=1.0000  val_acc=0.8307  val_auroc=0.9466  val_f1=0.7814  lr=1.07e-05
Running Validation...
Ep 397/500  loss=0.0001  tr_acc=1.0000  val_acc=0.8307  val_auroc=0.9453  val_f1=0.7790  lr=1.05e-05
Running Validation...
Ep 398/500  loss=0.0001  tr_acc=1.0000  val_acc=0.8254  val_auroc=0.9459  val_f1=0.7671  lr=1.03e-05
Running Validation...
Ep 399/500  loss=0.0002  tr_acc=1.0000  val_acc=0.8413  val_auroc=0.9455  val_f1=0.7939  lr=1.01e-05
Running Validation...
Ep 400/500  loss=0.0001  tr_acc=1.0000  val_acc=0.8254  val_auroc=0.9436  val_f1=0.7677  lr=9.94e-06
Running Validation...
Ep 401/500  loss=0.0001  tr_acc=1.0000  val_acc=0.8519  val_auroc=0.9419  val_f1=0.8126  lr=9.75e-06
Running Validation...
Ep 402/500  loss=0.0006  tr_acc=1.0000  val_acc=0.8413  val_auroc=0.9428  val_f1=0.7883  lr=9.56e-06
Running Validation...
Ep 403/500  loss=0.0000  tr_acc=1.0000  val_acc=0.8413  val_auroc=0.9459  val_f1=0.7883  lr=9.38e-06
Running Validation...
Ep 404/500  loss=0.0001  tr_acc=1.0000  val_acc=0.8466  val_auroc=0.9458  val_f1=0.8051  lr=9.19e-06
Running Validation...
Ep 405/500  loss=0.0000  tr_acc=1.0000  val_acc=0.8466  val_auroc=0.9468  val_f1=0.7954  lr=9.01e-06
Running Validation...
Ep 406/500  loss=0.0015  tr_acc=0.9992  val_acc=0.8519  val_auroc=0.9432  val_f1=0.8097  lr=8.83e-06
Running Validation...
Ep 407/500  loss=0.0000  tr_acc=1.0000  val_acc=0.8519  val_auroc=0.9428  val_f1=0.8057  lr=8.65e-06
Running Validation...
Ep 408/500  loss=0.0001  tr_acc=1.0000  val_acc=0.8413  val_auroc=0.9436  val_f1=0.7953  lr=8.47e-06
Running Validation...
Ep 409/500  loss=0.0041  tr_acc=0.9992  val_acc=0.8360  val_auroc=0.9464  val_f1=0.7851  lr=8.29e-06
Running Validation...
Ep 410/500  loss=0.0001  tr_acc=1.0000  val_acc=0.8571  val_auroc=0.9439  val_f1=0.8206  lr=8.12e-06
Running Validation...
Ep 411/500  loss=0.0001  tr_acc=1.0000  val_acc=0.8519  val_auroc=0.9456  val_f1=0.8164  lr=7.94e-06
Running Validation...
Ep 412/500  loss=0.0015  tr_acc=0.9992  val_acc=0.8519  val_auroc=0.9471  val_f1=0.8097  lr=7.77e-06
Running Validation...
Ep 413/500  loss=0.0001  tr_acc=1.0000  val_acc=0.8466  val_auroc=0.9470  val_f1=0.7980  lr=7.60e-06
Running Validation...
Ep 414/500  loss=0.0002  tr_acc=1.0000  val_acc=0.8571  val_auroc=0.9467  val_f1=0.8237  lr=7.43e-06
Running Validation...
Ep 415/500  loss=0.0002  tr_acc=1.0000  val_acc=0.8466  val_auroc=0.9461  val_f1=0.8032  lr=7.27e-06
Running Validation...
Ep 416/500  loss=0.0001  tr_acc=1.0000  val_acc=0.8413  val_auroc=0.9476  val_f1=0.7939  lr=7.10e-06
Running Validation...
Ep 417/500  loss=0.0000  tr_acc=1.0000  val_acc=0.8466  val_auroc=0.9479  val_f1=0.8051  lr=6.94e-06
Running Validation...
Ep 418/500  loss=0.0001  tr_acc=1.0000  val_acc=0.8519  val_auroc=0.9464  val_f1=0.8041  lr=6.78e-06
Running Validation...
Ep 419/500  loss=0.0001  tr_acc=1.0000  val_acc=0.8466  val_auroc=0.9488  val_f1=0.7999  lr=6.62e-06
Running Validation...
Ep 420/500  loss=0.0001  tr_acc=1.0000  val_acc=0.8519  val_auroc=0.9441  val_f1=0.8100  lr=6.46e-06
Running Validation...
Ep 421/500  loss=0.0000  tr_acc=1.0000  val_acc=0.8571  val_auroc=0.9494  val_f1=0.8221  lr=6.30e-06
Running Validation...
Ep 422/500  loss=0.0034  tr_acc=0.9992  val_acc=0.8519  val_auroc=0.9475  val_f1=0.8119  lr=6.15e-06
Running Validation...
Ep 423/500  loss=0.0001  tr_acc=1.0000  val_acc=0.8519  val_auroc=0.9468  val_f1=0.8093  lr=5.99e-06
Running Validation...
Ep 424/500  loss=0.0001  tr_acc=1.0000  val_acc=0.8254  val_auroc=0.9436  val_f1=0.7742  lr=5.84e-06
Running Validation...
Ep 425/500  loss=0.0000  tr_acc=1.0000  val_acc=0.8466  val_auroc=0.9448  val_f1=0.8032  lr=5.69e-06
Running Validation...
Ep 426/500  loss=0.0001  tr_acc=1.0000  val_acc=0.8466  val_auroc=0.9453  val_f1=0.7980  lr=5.55e-06
Running Validation...
Ep 427/500  loss=0.0001  tr_acc=1.0000  val_acc=0.8466  val_auroc=0.9469  val_f1=0.7999  lr=5.40e-06
Running Validation...
Ep 428/500  loss=0.0000  tr_acc=1.0000  val_acc=0.8413  val_auroc=0.9458  val_f1=0.7939  lr=5.26e-06
Running Validation...
Ep 429/500  loss=0.0001  tr_acc=1.0000  val_acc=0.8360  val_auroc=0.9435  val_f1=0.7837  lr=5.11e-06
Running Validation...
Ep 430/500  loss=0.0001  tr_acc=1.0000  val_acc=0.8413  val_auroc=0.9448  val_f1=0.7939  lr=4.97e-06
Running Validation...
Ep 431/500  loss=0.0008  tr_acc=1.0000  val_acc=0.8413  val_auroc=0.9424  val_f1=0.7939  lr=4.84e-06
Running Validation...
Ep 432/500  loss=0.0000  tr_acc=1.0000  val_acc=0.8571  val_auroc=0.9447  val_f1=0.8203  lr=4.70e-06
Running Validation...
Ep 433/500  loss=0.0005  tr_acc=1.0000  val_acc=0.8519  val_auroc=0.9446  val_f1=0.8057  lr=4.57e-06
Running Validation...
Ep 434/500  loss=0.0005  tr_acc=1.0000  val_acc=0.8360  val_auroc=0.9415  val_f1=0.7916  lr=4.43e-06
Running Validation...
Ep 435/500  loss=0.0000  tr_acc=1.0000  val_acc=0.8466  val_auroc=0.9447  val_f1=0.7999  lr=4.30e-06
Running Validation...
Ep 436/500  loss=0.0002  tr_acc=1.0000  val_acc=0.8413  val_auroc=0.9411  val_f1=0.7957  lr=4.17e-06
Running Validation...
Ep 437/500  loss=0.0001  tr_acc=1.0000  val_acc=0.8413  val_auroc=0.9446  val_f1=0.7939  lr=4.04e-06
Running Validation...
Ep 438/500  loss=0.0000  tr_acc=1.0000  val_acc=0.8413  val_auroc=0.9440  val_f1=0.7957  lr=3.92e-06
Running Validation...
Ep 439/500  loss=0.0001  tr_acc=1.0000  val_acc=0.8466  val_auroc=0.9429  val_f1=0.8099  lr=3.80e-06
Running Validation...
Ep 440/500  loss=0.0001  tr_acc=1.0000  val_acc=0.8466  val_auroc=0.9431  val_f1=0.7980  lr=3.67e-06
Running Validation...
Ep 441/500  loss=0.0000  tr_acc=1.0000  val_acc=0.8413  val_auroc=0.9442  val_f1=0.7920  lr=3.55e-06
Running Validation...
Ep 442/500  loss=0.0001  tr_acc=1.0000  val_acc=0.8466  val_auroc=0.9454  val_f1=0.7980  lr=3.44e-06
Running Validation...
Ep 443/500  loss=0.0006  tr_acc=1.0000  val_acc=0.8466  val_auroc=0.9432  val_f1=0.7921  lr=3.32e-06
Running Validation...
Ep 444/500  loss=0.0000  tr_acc=1.0000  val_acc=0.8519  val_auroc=0.9453  val_f1=0.8023  lr=3.21e-06
Running Validation...
Ep 445/500  loss=0.0000  tr_acc=1.0000  val_acc=0.8466  val_auroc=0.9453  val_f1=0.7961  lr=3.09e-06
Running Validation...
Ep 446/500  loss=0.0001  tr_acc=1.0000  val_acc=0.8519  val_auroc=0.9467  val_f1=0.8080  lr=2.98e-06
Running Validation...
Ep 447/500  loss=0.0001  tr_acc=1.0000  val_acc=0.8466  val_auroc=0.9458  val_f1=0.7980  lr=2.88e-06
Running Validation...
Ep 448/500  loss=0.0018  tr_acc=0.9992  val_acc=0.8519  val_auroc=0.9476  val_f1=0.8038  lr=2.77e-06
Running Validation...
Ep 449/500  loss=0.0001  tr_acc=1.0000  val_acc=0.8624  val_auroc=0.9460  val_f1=0.8197  lr=2.67e-06
Running Validation...
Ep 450/500  loss=0.0002  tr_acc=1.0000  val_acc=0.8519  val_auroc=0.9444  val_f1=0.8052  lr=2.56e-06
Running Validation...
Ep 451/500  loss=0.0001  tr_acc=1.0000  val_acc=0.8413  val_auroc=0.9466  val_f1=0.7879  lr=2.46e-06
Running Validation...
Ep 452/500  loss=0.0000  tr_acc=1.0000  val_acc=0.8466  val_auroc=0.9464  val_f1=0.7980  lr=2.36e-06
Running Validation...
Ep 453/500  loss=0.0000  tr_acc=1.0000  val_acc=0.8466  val_auroc=0.9436  val_f1=0.7999  lr=2.27e-06
Running Validation...
Ep 454/500  loss=0.0002  tr_acc=1.0000  val_acc=0.8466  val_auroc=0.9482  val_f1=0.7924  lr=2.17e-06
Running Validation...
Ep 455/500  loss=0.0001  tr_acc=1.0000  val_acc=0.8466  val_auroc=0.9470  val_f1=0.7980  lr=2.08e-06
Running Validation...
Ep 456/500  loss=0.0000  tr_acc=1.0000  val_acc=0.8466  val_auroc=0.9462  val_f1=0.7924  lr=1.99e-06
Running Validation...
Ep 457/500  loss=0.0012  tr_acc=0.9992  val_acc=0.8360  val_auroc=0.9463  val_f1=0.7823  lr=1.90e-06
Running Validation...
Ep 458/500  loss=0.0000  tr_acc=1.0000  val_acc=0.8360  val_auroc=0.9462  val_f1=0.7690  lr=1.81e-06
Running Validation...
Ep 459/500  loss=0.0001  tr_acc=1.0000  val_acc=0.8466  val_auroc=0.9460  val_f1=0.8010  lr=1.73e-06
Running Validation...
Ep 460/500  loss=0.0001  tr_acc=1.0000  val_acc=0.8519  val_auroc=0.9423  val_f1=0.8111  lr=1.65e-06
Running Validation...
Ep 461/500  loss=0.0010  tr_acc=0.9992  val_acc=0.8519  val_auroc=0.9484  val_f1=0.7981  lr=1.57e-06
Running Validation...
Ep 462/500  loss=0.0000  tr_acc=1.0000  val_acc=0.8413  val_auroc=0.9463  val_f1=0.7845  lr=1.49e-06
Running Validation...
Ep 463/500  loss=0.0001  tr_acc=1.0000  val_acc=0.8466  val_auroc=0.9448  val_f1=0.7999  lr=1.41e-06
Running Validation...
Ep 464/500  loss=0.0000  tr_acc=1.0000  val_acc=0.8466  val_auroc=0.9472  val_f1=0.7906  lr=1.34e-06
Running Validation...
Ep 465/500  loss=0.0000  tr_acc=1.0000  val_acc=0.8571  val_auroc=0.9493  val_f1=0.8136  lr=1.26e-06
Running Validation...
Ep 466/500  loss=0.0002  tr_acc=1.0000  val_acc=0.8519  val_auroc=0.9464  val_f1=0.8023  lr=1.19e-06
Running Validation...
Ep 467/500  loss=0.0002  tr_acc=1.0000  val_acc=0.8519  val_auroc=0.9481  val_f1=0.8041  lr=1.12e-06
Running Validation...
Ep 468/500  loss=0.0000  tr_acc=1.0000  val_acc=0.8466  val_auroc=0.9478  val_f1=0.7906  lr=1.06e-06
Running Validation...
Ep 469/500  loss=0.0000  tr_acc=1.0000  val_acc=0.8519  val_auroc=0.9485  val_f1=0.8041  lr=9.91e-07
Running Validation...
Ep 470/500  loss=0.0000  tr_acc=1.0000  val_acc=0.8466  val_auroc=0.9463  val_f1=0.7999  lr=9.29e-07
Running Validation...
Ep 471/500  loss=0.0001  tr_acc=1.0000  val_acc=0.8519  val_auroc=0.9476  val_f1=0.8041  lr=8.68e-07
Running Validation...
Ep 472/500  loss=0.0000  tr_acc=1.0000  val_acc=0.8519  val_auroc=0.9466  val_f1=0.8093  lr=8.50e-07
Running Validation...
Ep 473/500  loss=0.0000  tr_acc=1.0000  val_acc=0.8466  val_auroc=0.9449  val_f1=0.7924  lr=8.50e-07
Running Validation...
Ep 474/500  loss=0.0000  tr_acc=1.0000  val_acc=0.8466  val_auroc=0.9439  val_f1=0.7924  lr=8.50e-07
Running Validation...
Ep 475/500  loss=0.0000  tr_acc=1.0000  val_acc=0.8519  val_auroc=0.9449  val_f1=0.8111  lr=8.50e-07
Running Validation...
Ep 476/500  loss=0.0003  tr_acc=1.0000  val_acc=0.8466  val_auroc=0.9458  val_f1=0.7999  lr=8.50e-07
Running Validation...
Ep 477/500  loss=0.0001  tr_acc=1.0000  val_acc=0.8466  val_auroc=0.9462  val_f1=0.7924  lr=8.50e-07
Running Validation...
Ep 478/500  loss=0.0000  tr_acc=1.0000  val_acc=0.8466  val_auroc=0.9478  val_f1=0.7999  lr=8.50e-07
Running Validation...
Ep 479/500  loss=0.0000  tr_acc=1.0000  val_acc=0.8466  val_auroc=0.9483  val_f1=0.7999  lr=8.50e-07
Running Validation...
Ep 480/500  loss=0.0000  tr_acc=1.0000  val_acc=0.8307  val_auroc=0.9461  val_f1=0.7783  lr=8.50e-07
Running Validation...
Ep 481/500  loss=0.0001  tr_acc=1.0000  val_acc=0.8466  val_auroc=0.9457  val_f1=0.7980  lr=8.50e-07
Running Validation...
Ep 482/500  loss=0.0004  tr_acc=1.0000  val_acc=0.8466  val_auroc=0.9478  val_f1=0.7999  lr=8.50e-07
Running Validation...
Ep 483/500  loss=0.0000  tr_acc=1.0000  val_acc=0.8466  val_auroc=0.9438  val_f1=0.7906  lr=8.50e-07
Running Validation...
Ep 484/500  loss=0.0000  tr_acc=1.0000  val_acc=0.8519  val_auroc=0.9465  val_f1=0.8038  lr=8.50e-07
Running Validation...
Ep 485/500  loss=0.0001  tr_acc=1.0000  val_acc=0.8571  val_auroc=0.9474  val_f1=0.8154  lr=8.50e-07
Running Validation...
Ep 486/500  loss=0.0001  tr_acc=1.0000  val_acc=0.8360  val_auroc=0.9491  val_f1=0.7878  lr=8.50e-07
Running Validation...
Ep 487/500  loss=0.0008  tr_acc=0.9992  val_acc=0.8519  val_auroc=0.9458  val_f1=0.8052  lr=8.50e-07
Running Validation...
Ep 488/500  loss=0.0000  tr_acc=1.0000  val_acc=0.8466  val_auroc=0.9442  val_f1=0.7842  lr=8.50e-07
Running Validation...
Ep 489/500  loss=0.0000  tr_acc=1.0000  val_acc=0.8413  val_auroc=0.9470  val_f1=0.7893  lr=8.50e-07
Running Validation...
Ep 490/500  loss=0.0000  tr_acc=1.0000  val_acc=0.8413  val_auroc=0.9464  val_f1=0.7939  lr=8.50e-07
Running Validation...
Ep 491/500  loss=0.0000  tr_acc=1.0000  val_acc=0.8413  val_auroc=0.9464  val_f1=0.7957  lr=8.50e-07
Running Validation...
Ep 492/500  loss=0.0000  tr_acc=1.0000  val_acc=0.8466  val_auroc=0.9476  val_f1=0.7954  lr=8.50e-07
Running Validation...
Ep 493/500  loss=0.0000  tr_acc=1.0000  val_acc=0.8571  val_auroc=0.9481  val_f1=0.8065  lr=8.50e-07
Running Validation...
Ep 494/500  loss=0.0000  tr_acc=1.0000  val_acc=0.8519  val_auroc=0.9471  val_f1=0.8052  lr=8.50e-07
Running Validation...
Ep 495/500  loss=0.0000  tr_acc=1.0000  val_acc=0.8413  val_auroc=0.9477  val_f1=0.7883  lr=8.50e-07
Running Validation...
Ep 496/500  loss=0.0000  tr_acc=1.0000  val_acc=0.8466  val_auroc=0.9463  val_f1=0.7906  lr=8.50e-07
Running Validation...
Ep 497/500  loss=0.0001  tr_acc=1.0000  val_acc=0.8519  val_auroc=0.9493  val_f1=0.8041  lr=8.50e-07
Running Validation...
Ep 498/500  loss=0.0000  tr_acc=1.0000  val_acc=0.8466  val_auroc=0.9453  val_f1=0.7921  lr=8.50e-07
Running Validation...
Ep 499/500  loss=0.0000  tr_acc=1.0000  val_acc=0.8466  val_auroc=0.9476  val_f1=0.7980  lr=8.50e-07
Running Validation...
Ep 500/500  loss=0.0000  tr_acc=1.0000  val_acc=0.8413  val_auroc=0.9477  val_f1=0.7864  lr=8.50e-07
Training complete. Best AUROC: 0.9619, Best F1: 0.8649
Loaded best model from best_f1_model.pt (epoch 132)
Running Validation (final)...

Binary fairness (Validation):
  Acc_light: 0.8882  (FST I–III)
  Acc_dark : 0.8667  (FST IV–VI)
  Acc_gap  : 0.0215
  DP_diff  : 0.0790
  EOpp0    : 0.0878
  EOpp1    : 0.0493
  EOdd     : 0.0686
Running Test...

[Baseline ResNet-18] Test KNN (k=3) accuracy: 0.9101

Binary fairness (Test):
  Acc_light: 0.9184  (FST I–III)
  Acc_dark : 0.8431  (FST IV–VI)
  Acc_gap  : 0.0753
  DP_diff  : 0.1468
  EOpp0    : 0.4138
  EOpp1    : 0.1158
  EOdd     : 0.2648

Evaluating on fitzpatrick17k
Running Cross-eval: fitzpatrick17k...

Binary fairness (fitzpatrick17k):
  Acc_light: 0.5683  (FST I–III)
  Acc_dark : 0.5331  (FST IV–VI)
  Acc_gap  : 0.0352
  DP_diff  : 0.0638
  EOpp0    : 0.0775
  EOpp1    : 0.0728
  EOdd     : 0.0752

Evaluating on padufes20
Running Cross-eval: padufes20...

Binary fairness (padufes20):
  Acc_light: 0.8677  (FST I–III)
  Acc_dark : 0.7619  (FST IV–VI)
  Acc_gap  : 0.1058
  DP_diff  : 0.2337
  EOpp0    : 0.2453
  EOpp1    : 0.1237
  EOdd     : 0.1845

Evaluating on isic2019
Running Cross-eval: isic2019...

Binary fairness (isic2019):
  Acc_light: nan  (FST I–III)
  Acc_dark : nan  (FST IV–VI)
  Acc_gap  : nan
  DP_diff  : nan
  EOpp0    : nan
  EOpp1    : nan
  EOdd     : nan

Cross-dataset summary:
                 accuracy     auroc  precision  ...       EOM       PQD       DPM
fitzpatrick17k  0.557614  0.742355   0.556202  ...  0.587075  0.562092  0.420107
padufes20       0.788782  0.838100   0.582373  ...  0.527744  0.859589  0.344010
isic2019        0.748442  0.868276   0.698579  ...       NaN       NaN       NaN

[3 rows x 10 columns]

All results saved to outputs_BASE_resnet18/results_BASE_resnet18_weighted
Checkpoints saved to outputs_BASE_resnet18/checkpoints_BASE_resnet18_weighted
=========================================
Finished: Wed Jun 24 03:53:28 PM CEST 2026
Exit code: 0

[DONE] Training completed successfully.
Outputs:
  Checkpoints → 20260623-process/outputs_BASE_resnet18/checkpoints/
  Results     → 20260623-process/outputs_BASE_resnet18/results/
  CSVs        → 20260623-process/outputs_BASE_resnet18/csvs/
