=========================================
Job:       train_No_MI_vit  (449201)
Node:      bigpu03
Started:   Wed Jun 24 05:53:52 PM CEST 2026
=========================================
[INFO] No HF token found at /users/jlacmou/.hf_token — downloads may be slow.
[INFO] No kaggle.json found in 20260623-process. Relying on ~/.kaggle/ or env vars.
[SETUP] Installing / verifying Python dependencies...

── GPU info ──────────────────────────────
Tesla V100-PCIE-32GB, 32768 MiB, 575.57.08
PyTorch : 2.12.1+cu126
CUDA    : 12.6
Devices : 1
GPU 0   : Tesla V100-PCIE-32GB
VRAM    : 34.1 GB
──────────────────────────────────────────

[CHECK] Validating dataset roots...
  [OK]      20260623-process/data/datasets/asosenge/hibaskinlesionsdataset-main
  [OK]      20260623-process/data/datasets/asosenge/fitzpatrick17k
  [OK]      20260623-process/data/datasets/asosenge/derm7pt
  [OK]      20260623-process/data/datasets/mahdavi1202/skin-cancer
  [OK]      20260623-process/data/datasets/sengenjih/isic2019

[CONVERT] Converting notebook to Python script...
[PATCH] Redirecting Kaggle paths → cluster paths...
  DATA_ROOT  → 20260623-process/data/datasets
  WORK_ROOT  → 20260623-process/outputs_No_MI_vit
  BB_CACHE   → 20260623-process/backbone_cache
  Patch applied successfully.

[RUN] Starting training — Wed Jun 24 05:54:08 PM CEST 2026
=========================================
Device: cuda
CSV dir      : outputs_No_MI_vit/csvs
Checkpoints  : outputs_No_MI_vit/checkpoints_No_MI_vit
Results      : outputs_No_MI_vit/results_No_MI_vit
Image roots:
  hiba           : 20260623-process/data/datasets/asosenge/hibaskinlesionsdataset-main/HIBASkinLesionsDataset-main/images
  fitzpatrick17k : 20260623-process/data/datasets/asosenge/fitzpatrick17k/fitzpatrick17k/data/finalfitz17k
  derm7pt        : 20260623-process/data/datasets/asosenge/derm7pt/release_v0/images
  padufes20      : 20260623-process/data/datasets/mahdavi1202/skin-cancer
  isic2019       : 20260623-process/data/datasets/sengenjih/isic2019
Class weights: [0.819 0.385 1.796]
[INFO] Built image map for hiba: 1616 entries
[INFO] Built image map for fitzpatrick17k: 16577 entries
[INFO] Built image map for derm7pt: 2013 entries
[INFO] Built image map for padufes20: 2298 entries
[INFO] Built image map for isic2019: 33569 entries
[INFO] paired_train: loaded 738 ID-matched pairs from split clin/derm CSVs
[INFO] paired_val: loaded 106 ID-matched pairs from split clin/derm CSVs
[INFO] paired_test: loaded 211 ID-matched pairs from split clin/derm CSVs
[INFO] Loaded fitzpatrick17k eval set: 1727 samples
[INFO] Loaded padufes20 eval set: 1141 samples
[INFO] Loaded isic2019 eval set: 25517 samples
Train batches: 41, Val batches: 6
Test batches: 33
Cross-eval loaders: ['fitzpatrick17k', 'padufes20', 'isic2019']
Running Validation...
Ep   1/500  total_loss=6.1451  tr_acc=0.3407  val_acc=0.2698  val_auroc=0.5064  val_f1=0.2730  lr=3.40e-06
Running Validation...
Ep   2/500  total_loss=5.8761  tr_acc=0.3720  val_acc=0.2963  val_auroc=0.5331  val_f1=0.2996  lr=5.10e-06
Running Validation...
Ep   3/500  total_loss=5.6686  tr_acc=0.3841  val_acc=0.2751  val_auroc=0.5826  val_f1=0.2750  lr=6.80e-06
Running Validation...
Ep   4/500  total_loss=5.5083  tr_acc=0.4101  val_acc=0.2910  val_auroc=0.6481  val_f1=0.2951  lr=8.50e-06
Running Validation...
Ep   5/500  total_loss=5.2300  tr_acc=0.4695  val_acc=0.2963  val_auroc=0.6776  val_f1=0.3002  lr=1.02e-05
Running Validation...
Ep   6/500  total_loss=4.8820  tr_acc=0.4870  val_acc=0.3069  val_auroc=0.7234  val_f1=0.3137  lr=1.19e-05
Running Validation...
Ep   7/500  total_loss=4.7393  tr_acc=0.5229  val_acc=0.3439  val_auroc=0.7555  val_f1=0.3756  lr=1.36e-05
Running Validation...
Ep   8/500  total_loss=4.4617  tr_acc=0.5945  val_acc=0.3704  val_auroc=0.7900  val_f1=0.3952  lr=1.53e-05
Running Validation...
Ep   9/500  total_loss=4.0284  tr_acc=0.6037  val_acc=0.4233  val_auroc=0.8067  val_f1=0.4462  lr=1.70e-05
Running Validation...
Ep  10/500  total_loss=3.7585  tr_acc=0.6806  val_acc=0.5661  val_auroc=0.8422  val_f1=0.5702  lr=1.87e-05
Running Validation...
Ep  11/500  total_loss=3.5481  tr_acc=0.7264  val_acc=0.6243  val_auroc=0.8577  val_f1=0.6150  lr=2.04e-05
Running Validation...
Ep  12/500  total_loss=3.3473  tr_acc=0.7515  val_acc=0.6825  val_auroc=0.8739  val_f1=0.6606  lr=2.21e-05
Running Validation...
Ep  13/500  total_loss=3.0778  tr_acc=0.8140  val_acc=0.7619  val_auroc=0.8831  val_f1=0.7372  lr=2.38e-05
Running Validation...
Ep  14/500  total_loss=3.1187  tr_acc=0.8331  val_acc=0.6720  val_auroc=0.8558  val_f1=0.6315  lr=2.55e-05
Running Validation...
Ep  15/500  total_loss=2.9359  tr_acc=0.8666  val_acc=0.7460  val_auroc=0.8727  val_f1=0.6920  lr=2.72e-05
Running Validation...
Ep  16/500  total_loss=2.8980  tr_acc=0.8598  val_acc=0.7566  val_auroc=0.8879  val_f1=0.7258  lr=2.89e-05
Running Validation...
Ep  17/500  total_loss=2.8169  tr_acc=0.8918  val_acc=0.7513  val_auroc=0.8834  val_f1=0.7370  lr=3.06e-05
Running Validation...
Ep  18/500  total_loss=2.6768  tr_acc=0.8605  val_acc=0.7989  val_auroc=0.8931  val_f1=0.7376  lr=3.23e-05
Running Validation...
Ep  19/500  total_loss=2.7129  tr_acc=0.8849  val_acc=0.7937  val_auroc=0.8930  val_f1=0.7726  lr=3.40e-05
Running Validation...
Ep  20/500  total_loss=2.5026  tr_acc=0.9146  val_acc=0.8095  val_auroc=0.8946  val_f1=0.7597  lr=3.57e-05
Running Validation...
Ep  21/500  total_loss=2.4678  tr_acc=0.9375  val_acc=0.8042  val_auroc=0.9050  val_f1=0.7556  lr=3.74e-05
Running Validation...
Ep  22/500  total_loss=2.4451  tr_acc=0.9268  val_acc=0.8413  val_auroc=0.9434  val_f1=0.8219  lr=3.91e-05
Running Validation...
Ep  23/500  total_loss=2.5800  tr_acc=0.9062  val_acc=0.8730  val_auroc=0.9325  val_f1=0.8434  lr=4.08e-05
Running Validation...
Ep  24/500  total_loss=2.5242  tr_acc=0.9009  val_acc=0.7778  val_auroc=0.9198  val_f1=0.7654  lr=4.25e-05
Running Validation...
Ep  25/500  total_loss=2.4088  tr_acc=0.9215  val_acc=0.8201  val_auroc=0.8968  val_f1=0.7750  lr=4.42e-05
Running Validation...
Ep  26/500  total_loss=2.3856  tr_acc=0.9177  val_acc=0.8466  val_auroc=0.9078  val_f1=0.7890  lr=4.59e-05
Running Validation...
Ep  27/500  total_loss=2.4190  tr_acc=0.9284  val_acc=0.8201  val_auroc=0.9075  val_f1=0.7863  lr=4.76e-05
Running Validation...
Ep  28/500  total_loss=2.3814  tr_acc=0.9352  val_acc=0.7302  val_auroc=0.8955  val_f1=0.7136  lr=4.93e-05
Running Validation...
Ep  29/500  total_loss=2.3541  tr_acc=0.9444  val_acc=0.8571  val_auroc=0.9287  val_f1=0.8344  lr=5.10e-05
Running Validation...
Ep  30/500  total_loss=2.3351  tr_acc=0.9390  val_acc=0.8677  val_auroc=0.9455  val_f1=0.8390  lr=5.27e-05
Running Validation...
Ep  31/500  total_loss=2.3190  tr_acc=0.9383  val_acc=0.8201  val_auroc=0.9079  val_f1=0.7774  lr=5.44e-05
Running Validation...
Ep  32/500  total_loss=2.3023  tr_acc=0.9360  val_acc=0.7989  val_auroc=0.9127  val_f1=0.7757  lr=5.61e-05
Running Validation...
Ep  33/500  total_loss=2.4239  tr_acc=0.9284  val_acc=0.8307  val_auroc=0.9357  val_f1=0.7777  lr=5.78e-05
Running Validation...
Ep  34/500  total_loss=2.2407  tr_acc=0.9512  val_acc=0.8042  val_auroc=0.9196  val_f1=0.7670  lr=5.95e-05
Running Validation...
Ep  35/500  total_loss=2.1926  tr_acc=0.9505  val_acc=0.8413  val_auroc=0.9370  val_f1=0.8217  lr=6.12e-05
Running Validation...
Ep  36/500  total_loss=2.3440  tr_acc=0.9398  val_acc=0.8360  val_auroc=0.9266  val_f1=0.8188  lr=6.29e-05
Running Validation...
Ep  37/500  total_loss=2.2756  tr_acc=0.9306  val_acc=0.8148  val_auroc=0.8896  val_f1=0.7708  lr=6.46e-05
Running Validation...
Ep  38/500  total_loss=2.0214  tr_acc=0.9451  val_acc=0.8730  val_auroc=0.9324  val_f1=0.8466  lr=6.63e-05
Running Validation...
Ep  39/500  total_loss=2.1049  tr_acc=0.9596  val_acc=0.8360  val_auroc=0.9229  val_f1=0.7906  lr=6.80e-05
Running Validation...
Ep  40/500  total_loss=2.2223  tr_acc=0.9474  val_acc=0.8413  val_auroc=0.9294  val_f1=0.7799  lr=6.97e-05
Running Validation...
Ep  41/500  total_loss=2.1233  tr_acc=0.9497  val_acc=0.8148  val_auroc=0.9010  val_f1=0.7885  lr=7.14e-05
Running Validation...
Ep  42/500  total_loss=2.3101  tr_acc=0.9497  val_acc=0.8360  val_auroc=0.9457  val_f1=0.7994  lr=7.31e-05
Running Validation...
Ep  43/500  total_loss=2.2159  tr_acc=0.9535  val_acc=0.7778  val_auroc=0.9219  val_f1=0.7873  lr=7.48e-05
Running Validation...
Ep  44/500  total_loss=2.2011  tr_acc=0.9611  val_acc=0.8148  val_auroc=0.9272  val_f1=0.7927  lr=7.65e-05
Running Validation...
Ep  45/500  total_loss=2.1873  tr_acc=0.9489  val_acc=0.7407  val_auroc=0.9084  val_f1=0.6969  lr=7.82e-05
Running Validation...
Ep  46/500  total_loss=2.2342  tr_acc=0.9474  val_acc=0.8783  val_auroc=0.9602  val_f1=0.8454  lr=7.99e-05
Running Validation...
Ep  47/500  total_loss=2.1725  tr_acc=0.9367  val_acc=0.8254  val_auroc=0.9169  val_f1=0.8060  lr=8.16e-05
Running Validation...
Ep  48/500  total_loss=2.1889  tr_acc=0.9474  val_acc=0.8360  val_auroc=0.9465  val_f1=0.8014  lr=8.33e-05
Running Validation...
Ep  49/500  total_loss=2.0417  tr_acc=0.9649  val_acc=0.8413  val_auroc=0.9586  val_f1=0.7965  lr=8.50e-05
Running Validation...
Ep  50/500  total_loss=2.1209  tr_acc=0.9573  val_acc=0.8254  val_auroc=0.9524  val_f1=0.8126  lr=8.50e-05
Running Validation...
Ep  51/500  total_loss=2.1643  tr_acc=0.9611  val_acc=0.8307  val_auroc=0.9210  val_f1=0.7767  lr=8.50e-05
Running Validation...
Ep  52/500  total_loss=2.1880  tr_acc=0.9581  val_acc=0.8466  val_auroc=0.9362  val_f1=0.8373  lr=8.50e-05
Running Validation...
Ep  53/500  total_loss=2.0282  tr_acc=0.9657  val_acc=0.8360  val_auroc=0.9573  val_f1=0.8238  lr=8.50e-05
Running Validation...
Ep  54/500  total_loss=1.9937  tr_acc=0.9627  val_acc=0.7884  val_auroc=0.9383  val_f1=0.7730  lr=8.50e-05
Running Validation...
Ep  55/500  total_loss=1.8708  tr_acc=0.9619  val_acc=0.8413  val_auroc=0.9305  val_f1=0.8183  lr=8.50e-05
Running Validation...
Ep  56/500  total_loss=1.9165  tr_acc=0.9642  val_acc=0.8254  val_auroc=0.8873  val_f1=0.7563  lr=8.50e-05
Running Validation...
Ep  57/500  total_loss=2.1122  tr_acc=0.9680  val_acc=0.8519  val_auroc=0.9437  val_f1=0.8456  lr=8.49e-05
Running Validation...
Ep  58/500  total_loss=2.0862  tr_acc=0.9634  val_acc=0.8571  val_auroc=0.9270  val_f1=0.8394  lr=8.49e-05
Running Validation...
Ep  59/500  total_loss=1.8620  tr_acc=0.9588  val_acc=0.8360  val_auroc=0.9125  val_f1=0.7971  lr=8.49e-05
Running Validation...
Ep  60/500  total_loss=1.9453  tr_acc=0.9665  val_acc=0.8730  val_auroc=0.9402  val_f1=0.8449  lr=8.49e-05
Running Validation...
Ep  61/500  total_loss=1.8973  tr_acc=0.9619  val_acc=0.8624  val_auroc=0.9648  val_f1=0.8504  lr=8.49e-05
Running Validation...
Ep  62/500  total_loss=1.9748  tr_acc=0.9680  val_acc=0.8730  val_auroc=0.9528  val_f1=0.8510  lr=8.49e-05
Running Validation...
Ep  63/500  total_loss=1.8412  tr_acc=0.9596  val_acc=0.8466  val_auroc=0.9064  val_f1=0.8191  lr=8.48e-05
Running Validation...
Ep  64/500  total_loss=1.7619  tr_acc=0.9771  val_acc=0.8836  val_auroc=0.9468  val_f1=0.8517  lr=8.48e-05
Running Validation...
Ep  65/500  total_loss=1.9633  tr_acc=0.9680  val_acc=0.7937  val_auroc=0.9284  val_f1=0.7624  lr=8.48e-05
Running Validation...
Ep  66/500  total_loss=1.9772  tr_acc=0.9710  val_acc=0.8466  val_auroc=0.9366  val_f1=0.8036  lr=8.47e-05
Running Validation...
Ep  67/500  total_loss=1.8942  tr_acc=0.9726  val_acc=0.8307  val_auroc=0.9141  val_f1=0.7975  lr=8.47e-05
Running Validation...
Ep  68/500  total_loss=1.8483  tr_acc=0.9718  val_acc=0.8466  val_auroc=0.9318  val_f1=0.8166  lr=8.47e-05
Running Validation...
Ep  69/500  total_loss=1.7838  tr_acc=0.9726  val_acc=0.8360  val_auroc=0.9377  val_f1=0.7970  lr=8.46e-05
Running Validation...
Ep  70/500  total_loss=1.9021  tr_acc=0.9726  val_acc=0.8466  val_auroc=0.9172  val_f1=0.7890  lr=8.46e-05
Running Validation...
Ep  71/500  total_loss=1.8277  tr_acc=0.9733  val_acc=0.8571  val_auroc=0.9173  val_f1=0.8340  lr=8.45e-05
Running Validation...
Ep  72/500  total_loss=1.7447  tr_acc=0.9748  val_acc=0.8360  val_auroc=0.9142  val_f1=0.7972  lr=8.45e-05
Running Validation...
Ep  73/500  total_loss=2.0216  tr_acc=0.9649  val_acc=0.8413  val_auroc=0.9153  val_f1=0.8079  lr=8.45e-05
Running Validation...
Ep  74/500  total_loss=1.7855  tr_acc=0.9832  val_acc=0.8677  val_auroc=0.9112  val_f1=0.8489  lr=8.44e-05
Running Validation...
Ep  75/500  total_loss=1.8191  tr_acc=0.9756  val_acc=0.8519  val_auroc=0.9367  val_f1=0.8301  lr=8.44e-05
Running Validation...
Ep  76/500  total_loss=1.8080  tr_acc=0.9573  val_acc=0.8201  val_auroc=0.9276  val_f1=0.7681  lr=8.43e-05
Running Validation...
Ep  77/500  total_loss=1.9434  tr_acc=0.9718  val_acc=0.8413  val_auroc=0.9176  val_f1=0.8108  lr=8.42e-05
Running Validation...
Ep  78/500  total_loss=1.7383  tr_acc=0.9817  val_acc=0.8360  val_auroc=0.9152  val_f1=0.7917  lr=8.42e-05
Running Validation...
Ep  79/500  total_loss=1.8169  tr_acc=0.9756  val_acc=0.8519  val_auroc=0.9343  val_f1=0.8019  lr=8.41e-05
Running Validation...
Ep  80/500  total_loss=1.7066  tr_acc=0.9787  val_acc=0.8730  val_auroc=0.9441  val_f1=0.8434  lr=8.41e-05
Running Validation...
Ep  81/500  total_loss=1.8170  tr_acc=0.9741  val_acc=0.8571  val_auroc=0.9246  val_f1=0.8229  lr=8.40e-05
Running Validation...
Ep  82/500  total_loss=1.8574  tr_acc=0.9741  val_acc=0.8677  val_auroc=0.9147  val_f1=0.8196  lr=8.39e-05
Running Validation...
Ep  83/500  total_loss=1.8491  tr_acc=0.9756  val_acc=0.8624  val_auroc=0.9266  val_f1=0.8276  lr=8.39e-05
Running Validation...
Ep  84/500  total_loss=1.6776  tr_acc=0.9817  val_acc=0.8677  val_auroc=0.9319  val_f1=0.8354  lr=8.38e-05
Running Validation...
Ep  85/500  total_loss=1.7042  tr_acc=0.9825  val_acc=0.8624  val_auroc=0.9313  val_f1=0.8318  lr=8.37e-05
Running Validation...
Ep  86/500  total_loss=1.8220  tr_acc=0.9817  val_acc=0.8624  val_auroc=0.9302  val_f1=0.8309  lr=8.37e-05
Running Validation...
Ep  87/500  total_loss=1.8408  tr_acc=0.9764  val_acc=0.8201  val_auroc=0.9321  val_f1=0.7724  lr=8.36e-05
Running Validation...
Ep  88/500  total_loss=1.6949  tr_acc=0.9809  val_acc=0.8677  val_auroc=0.9349  val_f1=0.8251  lr=8.35e-05
Running Validation...
Ep  89/500  total_loss=1.7084  tr_acc=0.9794  val_acc=0.8254  val_auroc=0.9228  val_f1=0.8126  lr=8.34e-05
Running Validation...
Ep  90/500  total_loss=1.6989  tr_acc=0.9710  val_acc=0.8624  val_auroc=0.9429  val_f1=0.8457  lr=8.34e-05
Running Validation...
Ep  91/500  total_loss=1.6139  tr_acc=0.9893  val_acc=0.8571  val_auroc=0.9295  val_f1=0.8199  lr=8.33e-05
Running Validation...
Ep  92/500  total_loss=1.6531  tr_acc=0.9870  val_acc=0.8466  val_auroc=0.9134  val_f1=0.7988  lr=8.32e-05
Running Validation...
Ep  93/500  total_loss=1.6636  tr_acc=0.9863  val_acc=0.8042  val_auroc=0.9398  val_f1=0.8254  lr=8.31e-05
Running Validation...
Ep  94/500  total_loss=1.7322  tr_acc=0.9748  val_acc=0.8571  val_auroc=0.9236  val_f1=0.8178  lr=8.30e-05
Running Validation...
Ep  95/500  total_loss=1.6153  tr_acc=0.9855  val_acc=0.8730  val_auroc=0.9470  val_f1=0.8503  lr=8.29e-05
Running Validation...
Ep  96/500  total_loss=1.7120  tr_acc=0.9870  val_acc=0.8783  val_auroc=0.9394  val_f1=0.8474  lr=8.28e-05
Running Validation...
Ep  97/500  total_loss=1.6310  tr_acc=0.9893  val_acc=0.8360  val_auroc=0.9139  val_f1=0.7792  lr=8.27e-05
Running Validation...
Ep  98/500  total_loss=1.7488  tr_acc=0.9870  val_acc=0.8836  val_auroc=0.9716  val_f1=0.8563  lr=8.26e-05
Running Validation...
Ep  99/500  total_loss=1.6837  tr_acc=0.9909  val_acc=0.8836  val_auroc=0.9608  val_f1=0.8517  lr=8.25e-05
Running Validation...
Ep 100/500  total_loss=1.6651  tr_acc=0.9893  val_acc=0.8730  val_auroc=0.9459  val_f1=0.8394  lr=8.24e-05
Running Validation...
Ep 101/500  total_loss=1.7172  tr_acc=0.9878  val_acc=0.8836  val_auroc=0.9531  val_f1=0.8577  lr=8.23e-05
Running Validation...
Ep 102/500  total_loss=1.6319  tr_acc=0.9924  val_acc=0.8360  val_auroc=0.9246  val_f1=0.7987  lr=8.22e-05
Running Validation...
Ep 103/500  total_loss=1.6697  tr_acc=0.9832  val_acc=0.8254  val_auroc=0.9258  val_f1=0.7855  lr=8.21e-05
Running Validation...
Ep 104/500  total_loss=1.7005  tr_acc=0.9855  val_acc=0.8466  val_auroc=0.9138  val_f1=0.8006  lr=8.20e-05
Running Validation...
Ep 105/500  total_loss=1.6808  tr_acc=0.9901  val_acc=0.8571  val_auroc=0.9356  val_f1=0.8191  lr=8.19e-05
Running Validation...
Ep 106/500  total_loss=1.7274  tr_acc=0.9870  val_acc=0.8519  val_auroc=0.9247  val_f1=0.8009  lr=8.18e-05
Running Validation...
Ep 107/500  total_loss=1.6605  tr_acc=0.9878  val_acc=0.8677  val_auroc=0.9290  val_f1=0.8423  lr=8.17e-05
Running Validation...
Ep 108/500  total_loss=1.6292  tr_acc=0.9909  val_acc=0.8730  val_auroc=0.9382  val_f1=0.8497  lr=8.16e-05
Running Validation...
Ep 109/500  total_loss=1.5528  tr_acc=0.9878  val_acc=0.8413  val_auroc=0.9489  val_f1=0.8245  lr=8.14e-05
Running Validation...
Ep 110/500  total_loss=1.6487  tr_acc=0.9893  val_acc=0.8307  val_auroc=0.9308  val_f1=0.7835  lr=8.13e-05
Running Validation...
Ep 111/500  total_loss=1.6820  tr_acc=0.9878  val_acc=0.8677  val_auroc=0.9580  val_f1=0.8406  lr=8.12e-05
Running Validation...
Ep 112/500  total_loss=1.5490  tr_acc=0.9832  val_acc=0.8624  val_auroc=0.9412  val_f1=0.8254  lr=8.11e-05
Running Validation...
Ep 113/500  total_loss=1.5651  tr_acc=0.9901  val_acc=0.8360  val_auroc=0.9125  val_f1=0.7996  lr=8.10e-05
Running Validation...
Ep 114/500  total_loss=1.5873  tr_acc=0.9901  val_acc=0.8783  val_auroc=0.9319  val_f1=0.8516  lr=8.08e-05
Running Validation...
Ep 115/500  total_loss=1.6337  tr_acc=0.9886  val_acc=0.8677  val_auroc=0.9587  val_f1=0.8535  lr=8.07e-05
Running Validation...
Ep 116/500  total_loss=1.6044  tr_acc=0.9916  val_acc=0.8413  val_auroc=0.9127  val_f1=0.7920  lr=8.06e-05
Running Validation...
Ep 117/500  total_loss=1.5681  tr_acc=0.9931  val_acc=0.8307  val_auroc=0.9379  val_f1=0.8212  lr=8.04e-05
Running Validation...
Ep 118/500  total_loss=1.5832  tr_acc=0.9916  val_acc=0.8413  val_auroc=0.9394  val_f1=0.7931  lr=8.03e-05
Running Validation...
Ep 119/500  total_loss=1.5807  tr_acc=0.9916  val_acc=0.8730  val_auroc=0.9624  val_f1=0.8528  lr=8.02e-05
Running Validation...
Ep 120/500  total_loss=1.6193  tr_acc=0.9901  val_acc=0.8571  val_auroc=0.9337  val_f1=0.8285  lr=8.00e-05
Running Validation...
Ep 121/500  total_loss=1.5143  tr_acc=0.9931  val_acc=0.8571  val_auroc=0.9434  val_f1=0.8138  lr=7.99e-05
Running Validation...
Ep 122/500  total_loss=1.7225  tr_acc=0.9848  val_acc=0.8677  val_auroc=0.9381  val_f1=0.8437  lr=7.97e-05
Running Validation...
Ep 123/500  total_loss=1.5895  tr_acc=0.9832  val_acc=0.8571  val_auroc=0.9460  val_f1=0.8175  lr=7.96e-05
Running Validation...
Ep 124/500  total_loss=1.5818  tr_acc=0.9809  val_acc=0.8413  val_auroc=0.9210  val_f1=0.7861  lr=7.95e-05
Running Validation...
Ep 125/500  total_loss=1.7158  tr_acc=0.9878  val_acc=0.8148  val_auroc=0.9318  val_f1=0.8133  lr=7.93e-05
Running Validation...
Ep 126/500  total_loss=1.6530  tr_acc=0.9817  val_acc=0.8413  val_auroc=0.9248  val_f1=0.7841  lr=7.92e-05
Running Validation...
Ep 127/500  total_loss=1.6203  tr_acc=0.9893  val_acc=0.8571  val_auroc=0.9252  val_f1=0.8227  lr=7.90e-05
Running Validation...
Ep 128/500  total_loss=1.5661  tr_acc=0.9924  val_acc=0.8519  val_auroc=0.9235  val_f1=0.8104  lr=7.89e-05
Running Validation...
Ep 129/500  total_loss=1.5018  tr_acc=0.9954  val_acc=0.8360  val_auroc=0.9115  val_f1=0.8050  lr=7.87e-05
Running Validation...
Ep 130/500  total_loss=1.6445  tr_acc=0.9901  val_acc=0.8254  val_auroc=0.9009  val_f1=0.7810  lr=7.85e-05
Running Validation...
Ep 131/500  total_loss=1.5758  tr_acc=0.9909  val_acc=0.8677  val_auroc=0.9341  val_f1=0.8447  lr=7.84e-05
Running Validation...
Ep 132/500  total_loss=1.5915  tr_acc=0.9916  val_acc=0.8519  val_auroc=0.9397  val_f1=0.8271  lr=7.82e-05
Running Validation...
Ep 133/500  total_loss=1.5948  tr_acc=0.9947  val_acc=0.7989  val_auroc=0.9404  val_f1=0.7711  lr=7.81e-05
Running Validation...
Ep 134/500  total_loss=1.5664  tr_acc=0.9924  val_acc=0.8730  val_auroc=0.9373  val_f1=0.8468  lr=7.79e-05
Running Validation...
Ep 135/500  total_loss=1.6044  tr_acc=0.9924  val_acc=0.8571  val_auroc=0.9351  val_f1=0.8364  lr=7.77e-05
Running Validation...
Ep 136/500  total_loss=1.6518  tr_acc=0.9886  val_acc=0.8466  val_auroc=0.9392  val_f1=0.7866  lr=7.76e-05
Running Validation...
Ep 137/500  total_loss=1.5480  tr_acc=0.9954  val_acc=0.8677  val_auroc=0.9456  val_f1=0.8356  lr=7.74e-05
Running Validation...
Ep 138/500  total_loss=1.5052  tr_acc=0.9924  val_acc=0.8519  val_auroc=0.9374  val_f1=0.8100  lr=7.72e-05
Running Validation...
Ep 139/500  total_loss=1.5323  tr_acc=0.9954  val_acc=0.8413  val_auroc=0.9321  val_f1=0.7859  lr=7.71e-05
Running Validation...
Ep 140/500  total_loss=1.6101  tr_acc=0.9954  val_acc=0.8413  val_auroc=0.9243  val_f1=0.7954  lr=7.69e-05
Running Validation...
Ep 141/500  total_loss=1.5311  tr_acc=0.9924  val_acc=0.8413  val_auroc=0.9261  val_f1=0.7892  lr=7.67e-05
Running Validation...
Ep 142/500  total_loss=1.6152  tr_acc=0.9893  val_acc=0.8201  val_auroc=0.8887  val_f1=0.7736  lr=7.65e-05
Running Validation...
Ep 143/500  total_loss=1.6306  tr_acc=0.9916  val_acc=0.8571  val_auroc=0.9360  val_f1=0.8125  lr=7.64e-05
Running Validation...
Ep 144/500  total_loss=1.5074  tr_acc=0.9916  val_acc=0.8571  val_auroc=0.9251  val_f1=0.8144  lr=7.62e-05
Running Validation...
Ep 145/500  total_loss=1.5696  tr_acc=0.9939  val_acc=0.8519  val_auroc=0.9383  val_f1=0.8174  lr=7.60e-05
Running Validation...
Ep 146/500  total_loss=1.5404  tr_acc=0.9886  val_acc=0.8360  val_auroc=0.9303  val_f1=0.8120  lr=7.58e-05
Running Validation...
Ep 147/500  total_loss=1.5640  tr_acc=0.9870  val_acc=0.8360  val_auroc=0.9252  val_f1=0.7979  lr=7.56e-05
Running Validation...
Ep 148/500  total_loss=1.6071  tr_acc=0.9909  val_acc=0.8519  val_auroc=0.9370  val_f1=0.8136  lr=7.54e-05
Running Validation...
Ep 149/500  total_loss=1.5400  tr_acc=0.9947  val_acc=0.8836  val_auroc=0.9454  val_f1=0.8678  lr=7.52e-05
Running Validation...
Ep 150/500  total_loss=1.5892  tr_acc=0.9916  val_acc=0.8571  val_auroc=0.9427  val_f1=0.8175  lr=7.51e-05
Running Validation...
Ep 151/500  total_loss=1.5609  tr_acc=0.9916  val_acc=0.8307  val_auroc=0.9323  val_f1=0.7758  lr=7.49e-05
Running Validation...
Ep 152/500  total_loss=1.5885  tr_acc=0.9924  val_acc=0.8254  val_auroc=0.9128  val_f1=0.7893  lr=7.47e-05
Running Validation...
Ep 153/500  total_loss=1.5548  tr_acc=0.9947  val_acc=0.8730  val_auroc=0.9291  val_f1=0.8588  lr=7.45e-05
Running Validation...
Ep 154/500  total_loss=1.4818  tr_acc=0.9939  val_acc=0.8413  val_auroc=0.9188  val_f1=0.8012  lr=7.43e-05
Running Validation...
Ep 155/500  total_loss=1.5479  tr_acc=0.9916  val_acc=0.8254  val_auroc=0.9219  val_f1=0.7886  lr=7.41e-05
Running Validation...
Ep 156/500  total_loss=1.5425  tr_acc=0.9939  val_acc=0.8783  val_auroc=0.9529  val_f1=0.8439  lr=7.39e-05
Running Validation...
Ep 157/500  total_loss=1.5567  tr_acc=0.9901  val_acc=0.8730  val_auroc=0.9488  val_f1=0.8456  lr=7.37e-05
Running Validation...
Ep 158/500  total_loss=1.5226  tr_acc=0.9962  val_acc=0.8571  val_auroc=0.9429  val_f1=0.8226  lr=7.35e-05
Running Validation...
Ep 159/500  total_loss=1.5496  tr_acc=0.9970  val_acc=0.8730  val_auroc=0.9503  val_f1=0.8573  lr=7.33e-05
Running Validation...
Ep 160/500  total_loss=1.5128  tr_acc=0.9909  val_acc=0.8413  val_auroc=0.9306  val_f1=0.7988  lr=7.31e-05
Running Validation...
Ep 161/500  total_loss=1.5494  tr_acc=0.9977  val_acc=0.8624  val_auroc=0.9468  val_f1=0.8356  lr=7.29e-05
Running Validation...
Ep 162/500  total_loss=1.6350  tr_acc=0.9924  val_acc=0.8836  val_auroc=0.9579  val_f1=0.8713  lr=7.27e-05
Running Validation...
Ep 163/500  total_loss=1.4877  tr_acc=0.9916  val_acc=0.8466  val_auroc=0.9309  val_f1=0.8030  lr=7.24e-05
Running Validation...
Ep 164/500  total_loss=1.5309  tr_acc=0.9947  val_acc=0.8466  val_auroc=0.9498  val_f1=0.8186  lr=7.22e-05
Running Validation...
Ep 165/500  total_loss=1.5093  tr_acc=0.9970  val_acc=0.8360  val_auroc=0.9397  val_f1=0.7939  lr=7.20e-05
Running Validation...
Ep 166/500  total_loss=1.5380  tr_acc=0.9947  val_acc=0.8254  val_auroc=0.9241  val_f1=0.7948  lr=7.18e-05
Running Validation...
Ep 167/500  total_loss=1.5031  tr_acc=0.9931  val_acc=0.8254  val_auroc=0.9341  val_f1=0.7947  lr=7.16e-05
Running Validation...
Ep 168/500  total_loss=1.5060  tr_acc=0.9985  val_acc=0.8201  val_auroc=0.9288  val_f1=0.7753  lr=7.14e-05
Running Validation...
Ep 169/500  total_loss=1.4970  tr_acc=0.9970  val_acc=0.8571  val_auroc=0.9442  val_f1=0.8225  lr=7.12e-05
Running Validation...
Ep 170/500  total_loss=1.5195  tr_acc=0.9939  val_acc=0.8466  val_auroc=0.9148  val_f1=0.7961  lr=7.09e-05
Running Validation...
Ep 171/500  total_loss=1.5443  tr_acc=0.9962  val_acc=0.8360  val_auroc=0.9209  val_f1=0.7877  lr=7.07e-05
Running Validation...
Ep 172/500  total_loss=1.5160  tr_acc=0.9947  val_acc=0.8519  val_auroc=0.9179  val_f1=0.8137  lr=7.05e-05
Running Validation...
Ep 173/500  total_loss=1.5664  tr_acc=0.9931  val_acc=0.8413  val_auroc=0.9270  val_f1=0.8092  lr=7.03e-05
Running Validation...
Ep 174/500  total_loss=1.4660  tr_acc=0.9962  val_acc=0.8730  val_auroc=0.9298  val_f1=0.8307  lr=7.00e-05
Running Validation...
Ep 175/500  total_loss=1.5221  tr_acc=0.9970  val_acc=0.8466  val_auroc=0.9176  val_f1=0.8031  lr=6.98e-05
Running Validation...
Ep 176/500  total_loss=1.5221  tr_acc=0.9962  val_acc=0.8148  val_auroc=0.9020  val_f1=0.7623  lr=6.96e-05
Running Validation...
Ep 177/500  total_loss=1.5331  tr_acc=0.9909  val_acc=0.8466  val_auroc=0.9072  val_f1=0.7906  lr=6.94e-05
Running Validation...
Ep 178/500  total_loss=1.5580  tr_acc=0.9962  val_acc=0.8360  val_auroc=0.9332  val_f1=0.7877  lr=6.91e-05
Running Validation...
Ep 179/500  total_loss=1.5015  tr_acc=0.9977  val_acc=0.8836  val_auroc=0.9359  val_f1=0.8577  lr=6.89e-05
Running Validation...
Ep 180/500  total_loss=1.5176  tr_acc=0.9947  val_acc=0.8148  val_auroc=0.9096  val_f1=0.7745  lr=6.87e-05
Running Validation...
Ep 181/500  total_loss=1.6136  tr_acc=0.9909  val_acc=0.8201  val_auroc=0.9112  val_f1=0.7722  lr=6.84e-05
Running Validation...
Ep 182/500  total_loss=1.5174  tr_acc=0.9962  val_acc=0.8571  val_auroc=0.9292  val_f1=0.8293  lr=6.82e-05
Running Validation...
Ep 183/500  total_loss=1.5732  tr_acc=0.9970  val_acc=0.8148  val_auroc=0.9117  val_f1=0.7791  lr=6.80e-05
Running Validation...
Ep 184/500  total_loss=1.5624  tr_acc=0.9947  val_acc=0.8889  val_auroc=0.9432  val_f1=0.8710  lr=6.77e-05
Running Validation...
Ep 185/500  total_loss=1.5304  tr_acc=0.9916  val_acc=0.8677  val_auroc=0.9259  val_f1=0.8333  lr=6.75e-05
Running Validation...
Ep 186/500  total_loss=1.5201  tr_acc=0.9931  val_acc=0.8571  val_auroc=0.9419  val_f1=0.8319  lr=6.72e-05
Running Validation...
Ep 187/500  total_loss=1.5152  tr_acc=0.9954  val_acc=0.8519  val_auroc=0.9392  val_f1=0.8116  lr=6.70e-05
Running Validation...
Ep 188/500  total_loss=1.5295  tr_acc=0.9924  val_acc=0.8730  val_auroc=0.9412  val_f1=0.8524  lr=6.68e-05
Running Validation...
Ep 189/500  total_loss=1.5210  tr_acc=0.9924  val_acc=0.8201  val_auroc=0.9265  val_f1=0.7978  lr=6.65e-05
Running Validation...
Ep 190/500  total_loss=1.5124  tr_acc=0.9970  val_acc=0.8201  val_auroc=0.9278  val_f1=0.8056  lr=6.63e-05
Running Validation...
Ep 191/500  total_loss=1.5268  tr_acc=0.9962  val_acc=0.8677  val_auroc=0.9466  val_f1=0.8495  lr=6.60e-05
Running Validation...
Ep 192/500  total_loss=1.5229  tr_acc=0.9962  val_acc=0.8624  val_auroc=0.9233  val_f1=0.8422  lr=6.58e-05
Running Validation...
Ep 193/500  total_loss=1.5083  tr_acc=0.9924  val_acc=0.8677  val_auroc=0.9235  val_f1=0.8366  lr=6.55e-05
Running Validation...
Ep 194/500  total_loss=1.5259  tr_acc=0.9962  val_acc=0.8571  val_auroc=0.9405  val_f1=0.8327  lr=6.53e-05
Running Validation...
Ep 195/500  total_loss=1.6585  tr_acc=0.9909  val_acc=0.8571  val_auroc=0.9206  val_f1=0.8380  lr=6.50e-05
Running Validation...
Ep 196/500  total_loss=1.4958  tr_acc=0.9992  val_acc=0.8889  val_auroc=0.9542  val_f1=0.8776  lr=6.48e-05
Running Validation...
Ep 197/500  total_loss=1.4794  tr_acc=0.9962  val_acc=0.8571  val_auroc=0.9424  val_f1=0.8311  lr=6.45e-05
Running Validation...
Ep 198/500  total_loss=1.4812  tr_acc=0.9954  val_acc=0.8360  val_auroc=0.9319  val_f1=0.7881  lr=6.43e-05
Running Validation...
Ep 199/500  total_loss=1.4507  tr_acc=0.9977  val_acc=0.8677  val_auroc=0.9399  val_f1=0.8415  lr=6.40e-05
Running Validation...
Ep 200/500  total_loss=1.4922  tr_acc=0.9954  val_acc=0.8677  val_auroc=0.9366  val_f1=0.8342  lr=6.38e-05
Running Validation...
Ep 201/500  total_loss=1.5002  tr_acc=0.9924  val_acc=0.8413  val_auroc=0.9299  val_f1=0.7970  lr=6.35e-05
Running Validation...
Ep 202/500  total_loss=1.4728  tr_acc=0.9992  val_acc=0.8677  val_auroc=0.9417  val_f1=0.8349  lr=6.32e-05
Running Validation...
Ep 203/500  total_loss=1.4996  tr_acc=0.9970  val_acc=0.8413  val_auroc=0.9008  val_f1=0.8010  lr=6.30e-05
Running Validation...
Ep 204/500  total_loss=1.5155  tr_acc=0.9954  val_acc=0.8783  val_auroc=0.9458  val_f1=0.8524  lr=6.27e-05
Running Validation...
Ep 205/500  total_loss=1.4700  tr_acc=0.9970  val_acc=0.8519  val_auroc=0.9378  val_f1=0.8230  lr=6.25e-05
Running Validation...
Ep 206/500  total_loss=1.4675  tr_acc=0.9954  val_acc=0.8624  val_auroc=0.9303  val_f1=0.8238  lr=6.22e-05
Running Validation...
Ep 207/500  total_loss=1.5369  tr_acc=0.9939  val_acc=0.8360  val_auroc=0.9247  val_f1=0.7966  lr=6.19e-05
Running Validation...
Ep 208/500  total_loss=1.5545  tr_acc=0.9977  val_acc=0.8360  val_auroc=0.9224  val_f1=0.7929  lr=6.17e-05
Running Validation...
Ep 209/500  total_loss=1.5657  tr_acc=0.9924  val_acc=0.8571  val_auroc=0.9216  val_f1=0.8140  lr=6.14e-05
Running Validation...
Ep 210/500  total_loss=1.5116  tr_acc=0.9962  val_acc=0.8466  val_auroc=0.9362  val_f1=0.8105  lr=6.11e-05
Running Validation...
Ep 211/500  total_loss=1.4754  tr_acc=0.9985  val_acc=0.8624  val_auroc=0.9286  val_f1=0.8302  lr=6.09e-05
Running Validation...
Ep 212/500  total_loss=1.4925  tr_acc=0.9977  val_acc=0.8624  val_auroc=0.9360  val_f1=0.8202  lr=6.06e-05
Running Validation...
Ep 213/500  total_loss=1.4794  tr_acc=0.9970  val_acc=0.8519  val_auroc=0.9426  val_f1=0.8223  lr=6.03e-05
Running Validation...
Ep 214/500  total_loss=1.4660  tr_acc=0.9962  val_acc=0.8042  val_auroc=0.9302  val_f1=0.7523  lr=6.01e-05
Running Validation...
Ep 215/500  total_loss=1.5060  tr_acc=0.9916  val_acc=0.8624  val_auroc=0.9333  val_f1=0.8407  lr=5.98e-05
Running Validation...
Ep 216/500  total_loss=1.5276  tr_acc=0.9947  val_acc=0.8307  val_auroc=0.9330  val_f1=0.8165  lr=5.95e-05
Running Validation...
Ep 217/500  total_loss=1.4905  tr_acc=0.9962  val_acc=0.8730  val_auroc=0.9497  val_f1=0.8566  lr=5.92e-05
Running Validation...
Ep 218/500  total_loss=1.4953  tr_acc=0.9954  val_acc=0.8624  val_auroc=0.9155  val_f1=0.8340  lr=5.90e-05
Running Validation...
Ep 219/500  total_loss=1.4810  tr_acc=0.9947  val_acc=0.8413  val_auroc=0.9357  val_f1=0.8111  lr=5.87e-05
Running Validation...
Ep 220/500  total_loss=1.4971  tr_acc=0.9954  val_acc=0.8571  val_auroc=0.9086  val_f1=0.8210  lr=5.84e-05
Running Validation...
Ep 221/500  total_loss=1.4795  tr_acc=0.9954  val_acc=0.8413  val_auroc=0.9383  val_f1=0.8279  lr=5.81e-05
Running Validation...
Ep 222/500  total_loss=1.5184  tr_acc=0.9931  val_acc=0.8730  val_auroc=0.9399  val_f1=0.8588  lr=5.79e-05
Running Validation...
Ep 223/500  total_loss=1.4942  tr_acc=0.9985  val_acc=0.8889  val_auroc=0.9397  val_f1=0.8756  lr=5.76e-05
Running Validation...
Ep 224/500  total_loss=1.5449  tr_acc=0.9931  val_acc=0.8677  val_auroc=0.9336  val_f1=0.8611  lr=5.73e-05
Running Validation...
Ep 225/500  total_loss=1.4725  tr_acc=0.9985  val_acc=0.8889  val_auroc=0.9398  val_f1=0.8683  lr=5.70e-05
Running Validation...
Ep 226/500  total_loss=1.4860  tr_acc=0.9985  val_acc=0.8360  val_auroc=0.9263  val_f1=0.7839  lr=5.68e-05
Running Validation...
Ep 227/500  total_loss=1.4756  tr_acc=0.9962  val_acc=0.8519  val_auroc=0.9197  val_f1=0.8031  lr=5.65e-05
Running Validation...
Ep 228/500  total_loss=1.5024  tr_acc=0.9970  val_acc=0.8677  val_auroc=0.9242  val_f1=0.8415  lr=5.62e-05
Running Validation...
Ep 229/500  total_loss=1.4859  tr_acc=0.9977  val_acc=0.8571  val_auroc=0.9231  val_f1=0.8298  lr=5.59e-05
Running Validation...
Ep 230/500  total_loss=1.5146  tr_acc=0.9954  val_acc=0.8413  val_auroc=0.9163  val_f1=0.7952  lr=5.56e-05
Running Validation...
Ep 231/500  total_loss=1.4682  tr_acc=0.9992  val_acc=0.8571  val_auroc=0.9179  val_f1=0.8129  lr=5.54e-05
Running Validation...
Ep 232/500  total_loss=1.5105  tr_acc=0.9970  val_acc=0.8519  val_auroc=0.9208  val_f1=0.8186  lr=5.51e-05
Running Validation...
Ep 233/500  total_loss=1.4776  tr_acc=0.9947  val_acc=0.8571  val_auroc=0.9317  val_f1=0.8286  lr=5.48e-05
Running Validation...
Ep 234/500  total_loss=1.5107  tr_acc=0.9985  val_acc=0.8571  val_auroc=0.9198  val_f1=0.8227  lr=5.45e-05
Running Validation...
Ep 235/500  total_loss=1.4735  tr_acc=0.9954  val_acc=0.8677  val_auroc=0.9206  val_f1=0.8560  lr=5.42e-05
Running Validation...
Ep 236/500  total_loss=1.5118  tr_acc=0.9970  val_acc=0.8571  val_auroc=0.9317  val_f1=0.8345  lr=5.39e-05
Running Validation...
Ep 237/500  total_loss=1.4729  tr_acc=0.9985  val_acc=0.8571  val_auroc=0.9368  val_f1=0.8256  lr=5.36e-05
Running Validation...
Ep 238/500  total_loss=1.4519  tr_acc=0.9970  val_acc=0.8571  val_auroc=0.9283  val_f1=0.8240  lr=5.34e-05
Running Validation...
Ep 239/500  total_loss=1.4451  tr_acc=0.9970  val_acc=0.8730  val_auroc=0.9468  val_f1=0.8518  lr=5.31e-05
Running Validation...
Ep 240/500  total_loss=1.4889  tr_acc=0.9962  val_acc=0.8466  val_auroc=0.9318  val_f1=0.8194  lr=5.28e-05
Running Validation...
Ep 241/500  total_loss=1.4981  tr_acc=0.9939  val_acc=0.8571  val_auroc=0.9415  val_f1=0.8263  lr=5.25e-05
Running Validation...
Ep 242/500  total_loss=1.5140  tr_acc=0.9962  val_acc=0.8307  val_auroc=0.9386  val_f1=0.8079  lr=5.22e-05
Running Validation...
Ep 243/500  total_loss=1.4637  tr_acc=0.9962  val_acc=0.8519  val_auroc=0.9413  val_f1=0.8119  lr=5.19e-05
Running Validation...
Ep 244/500  total_loss=1.5001  tr_acc=0.9977  val_acc=0.8677  val_auroc=0.9487  val_f1=0.8366  lr=5.16e-05
Running Validation...
Ep 245/500  total_loss=1.4437  tr_acc=1.0000  val_acc=0.8519  val_auroc=0.9437  val_f1=0.8105  lr=5.13e-05
Running Validation...
Ep 246/500  total_loss=1.4647  tr_acc=0.9954  val_acc=0.8624  val_auroc=0.9325  val_f1=0.8286  lr=5.10e-05
Running Validation...
Ep 247/500  total_loss=1.4975  tr_acc=0.9947  val_acc=0.8307  val_auroc=0.9370  val_f1=0.8019  lr=5.08e-05
Running Validation...
Ep 248/500  total_loss=1.5318  tr_acc=0.9901  val_acc=0.8307  val_auroc=0.9361  val_f1=0.7878  lr=5.05e-05
Running Validation...
Ep 249/500  total_loss=1.4924  tr_acc=0.9954  val_acc=0.8360  val_auroc=0.9305  val_f1=0.7878  lr=5.02e-05
Running Validation...
Ep 250/500  total_loss=1.4444  tr_acc=0.9992  val_acc=0.8413  val_auroc=0.9453  val_f1=0.8115  lr=4.99e-05
Running Validation...
Ep 251/500  total_loss=1.4790  tr_acc=0.9954  val_acc=0.8360  val_auroc=0.9354  val_f1=0.8069  lr=4.96e-05
Running Validation...
Ep 252/500  total_loss=1.4431  tr_acc=0.9985  val_acc=0.8360  val_auroc=0.9468  val_f1=0.8037  lr=4.93e-05
Running Validation...
Ep 253/500  total_loss=1.4939  tr_acc=0.9954  val_acc=0.8571  val_auroc=0.9467  val_f1=0.8301  lr=4.90e-05
Running Validation...
Ep 254/500  total_loss=1.4968  tr_acc=0.9970  val_acc=0.8413  val_auroc=0.9346  val_f1=0.8104  lr=4.87e-05
Running Validation...
Ep 255/500  total_loss=1.4564  tr_acc=0.9962  val_acc=0.8413  val_auroc=0.9366  val_f1=0.8125  lr=4.84e-05
Running Validation...
Ep 256/500  total_loss=1.4785  tr_acc=0.9962  val_acc=0.8783  val_auroc=0.9441  val_f1=0.8575  lr=4.81e-05
Running Validation...
Ep 257/500  total_loss=1.4706  tr_acc=0.9954  val_acc=0.8624  val_auroc=0.9313  val_f1=0.8443  lr=4.78e-05
Running Validation...
Ep 258/500  total_loss=1.4910  tr_acc=0.9962  val_acc=0.8624  val_auroc=0.9319  val_f1=0.8334  lr=4.75e-05
Running Validation...
Ep 259/500  total_loss=1.4734  tr_acc=0.9970  val_acc=0.8624  val_auroc=0.9403  val_f1=0.8371  lr=4.72e-05
Running Validation...
Ep 260/500  total_loss=1.4915  tr_acc=0.9970  val_acc=0.8466  val_auroc=0.9318  val_f1=0.8342  lr=4.69e-05
Running Validation...
Ep 261/500  total_loss=1.4707  tr_acc=0.9947  val_acc=0.8466  val_auroc=0.9221  val_f1=0.8243  lr=4.66e-05
Running Validation...
Ep 262/500  total_loss=1.4889  tr_acc=0.9954  val_acc=0.8677  val_auroc=0.9352  val_f1=0.8497  lr=4.64e-05
Running Validation...
Ep 263/500  total_loss=1.4841  tr_acc=0.9970  val_acc=0.8466  val_auroc=0.9346  val_f1=0.8301  lr=4.61e-05
Running Validation...
Ep 264/500  total_loss=1.4781  tr_acc=0.9985  val_acc=0.8519  val_auroc=0.9271  val_f1=0.8149  lr=4.58e-05
Running Validation...
Ep 265/500  total_loss=1.4667  tr_acc=0.9970  val_acc=0.8360  val_auroc=0.9310  val_f1=0.7874  lr=4.55e-05
Running Validation...
Ep 266/500  total_loss=1.4625  tr_acc=0.9992  val_acc=0.8519  val_auroc=0.9321  val_f1=0.8120  lr=4.52e-05
Running Validation...
Ep 267/500  total_loss=1.4595  tr_acc=0.9992  val_acc=0.8836  val_auroc=0.9382  val_f1=0.8669  lr=4.49e-05
Running Validation...
Ep 268/500  total_loss=1.4914  tr_acc=0.9977  val_acc=0.8783  val_auroc=0.9316  val_f1=0.8546  lr=4.46e-05
Running Validation...
Ep 269/500  total_loss=1.4533  tr_acc=0.9970  val_acc=0.8519  val_auroc=0.9071  val_f1=0.8129  lr=4.43e-05
Running Validation...
Ep 270/500  total_loss=1.5167  tr_acc=0.9977  val_acc=0.8413  val_auroc=0.9162  val_f1=0.7954  lr=4.40e-05
Running Validation...
Ep 271/500  total_loss=1.4932  tr_acc=0.9970  val_acc=0.8413  val_auroc=0.9024  val_f1=0.8039  lr=4.37e-05
Running Validation...
Ep 272/500  total_loss=1.4615  tr_acc=0.9970  val_acc=0.8677  val_auroc=0.9177  val_f1=0.8506  lr=4.34e-05
Running Validation...
Ep 273/500  total_loss=1.5205  tr_acc=0.9977  val_acc=0.8624  val_auroc=0.9155  val_f1=0.8369  lr=4.31e-05
Running Validation...
Ep 274/500  total_loss=1.5038  tr_acc=0.9962  val_acc=0.8571  val_auroc=0.9215  val_f1=0.8101  lr=4.28e-05
Running Validation...
Ep 275/500  total_loss=1.4564  tr_acc=0.9985  val_acc=0.8571  val_auroc=0.9146  val_f1=0.8264  lr=4.25e-05
Running Validation...
Ep 276/500  total_loss=1.4637  tr_acc=0.9962  val_acc=0.8995  val_auroc=0.9438  val_f1=0.8853  lr=4.22e-05
Running Validation...
Ep 277/500  total_loss=1.5002  tr_acc=0.9954  val_acc=0.8254  val_auroc=0.9195  val_f1=0.7846  lr=4.19e-05
Running Validation...
Ep 278/500  total_loss=1.4624  tr_acc=0.9970  val_acc=0.8730  val_auroc=0.9425  val_f1=0.8591  lr=4.16e-05
Running Validation...
Ep 279/500  total_loss=1.4645  tr_acc=0.9947  val_acc=0.8466  val_auroc=0.9285  val_f1=0.8087  lr=4.13e-05
Running Validation...
Ep 280/500  total_loss=1.4772  tr_acc=0.9962  val_acc=0.8624  val_auroc=0.9274  val_f1=0.8516  lr=4.10e-05
Running Validation...
Ep 281/500  total_loss=1.4872  tr_acc=0.9970  val_acc=0.8677  val_auroc=0.9383  val_f1=0.8544  lr=4.07e-05
Running Validation...
Ep 282/500  total_loss=1.4483  tr_acc=0.9985  val_acc=0.8783  val_auroc=0.9397  val_f1=0.8577  lr=4.04e-05
Running Validation...
Ep 283/500  total_loss=1.4636  tr_acc=0.9947  val_acc=0.8730  val_auroc=0.9370  val_f1=0.8497  lr=4.01e-05
Running Validation...
Ep 284/500  total_loss=1.4503  tr_acc=0.9992  val_acc=0.8677  val_auroc=0.9197  val_f1=0.8435  lr=3.98e-05
Running Validation...
Ep 285/500  total_loss=1.4569  tr_acc=1.0000  val_acc=0.8624  val_auroc=0.9293  val_f1=0.8373  lr=3.95e-05
Running Validation...
Ep 286/500  total_loss=1.4908  tr_acc=0.9970  val_acc=0.8783  val_auroc=0.9419  val_f1=0.8542  lr=3.92e-05
Running Validation...
Ep 287/500  total_loss=1.4735  tr_acc=0.9954  val_acc=0.8677  val_auroc=0.9329  val_f1=0.8519  lr=3.89e-05
Running Validation...
Ep 288/500  total_loss=1.4709  tr_acc=0.9939  val_acc=0.8624  val_auroc=0.9317  val_f1=0.8312  lr=3.86e-05
Running Validation...
Ep 289/500  total_loss=1.4591  tr_acc=0.9985  val_acc=0.8519  val_auroc=0.9204  val_f1=0.8437  lr=3.84e-05
Running Validation...
Ep 290/500  total_loss=1.4723  tr_acc=0.9947  val_acc=0.8571  val_auroc=0.9217  val_f1=0.8459  lr=3.81e-05
Running Validation...
Ep 291/500  total_loss=1.4371  tr_acc=1.0000  val_acc=0.8571  val_auroc=0.9248  val_f1=0.8325  lr=3.78e-05
Running Validation...
Ep 292/500  total_loss=1.4604  tr_acc=0.9977  val_acc=0.8466  val_auroc=0.9121  val_f1=0.8117  lr=3.75e-05
Running Validation...
Ep 293/500  total_loss=1.4579  tr_acc=0.9977  val_acc=0.8466  val_auroc=0.9314  val_f1=0.8318  lr=3.72e-05
Running Validation...
Ep 294/500  total_loss=1.4551  tr_acc=0.9954  val_acc=0.8519  val_auroc=0.9400  val_f1=0.8321  lr=3.69e-05
Running Validation...
Ep 295/500  total_loss=1.4597  tr_acc=0.9962  val_acc=0.8730  val_auroc=0.9387  val_f1=0.8562  lr=3.66e-05
Running Validation...
Ep 296/500  total_loss=1.5012  tr_acc=0.9939  val_acc=0.8730  val_auroc=0.9401  val_f1=0.8562  lr=3.63e-05
Running Validation...
Ep 297/500  total_loss=1.4415  tr_acc=0.9992  val_acc=0.8730  val_auroc=0.9374  val_f1=0.8535  lr=3.60e-05
Running Validation...
Ep 298/500  total_loss=1.4528  tr_acc=0.9977  val_acc=0.8730  val_auroc=0.9295  val_f1=0.8539  lr=3.57e-05
Running Validation...
Ep 299/500  total_loss=1.4510  tr_acc=0.9970  val_acc=0.8783  val_auroc=0.9330  val_f1=0.8706  lr=3.54e-05
Running Validation...
Ep 300/500  total_loss=1.4563  tr_acc=0.9970  val_acc=0.8836  val_auroc=0.9383  val_f1=0.8678  lr=3.51e-05
Running Validation...
Ep 301/500  total_loss=1.4463  tr_acc=0.9977  val_acc=0.8677  val_auroc=0.9430  val_f1=0.8401  lr=3.48e-05
Running Validation...
Ep 302/500  total_loss=1.4477  tr_acc=0.9977  val_acc=0.8624  val_auroc=0.9281  val_f1=0.8408  lr=3.45e-05
Running Validation...
Ep 303/500  total_loss=1.4453  tr_acc=0.9977  val_acc=0.8677  val_auroc=0.9293  val_f1=0.8477  lr=3.42e-05
Running Validation...
Ep 304/500  total_loss=1.4505  tr_acc=0.9992  val_acc=0.8624  val_auroc=0.9394  val_f1=0.8459  lr=3.40e-05
Running Validation...
Ep 305/500  total_loss=1.4880  tr_acc=0.9977  val_acc=0.8677  val_auroc=0.9387  val_f1=0.8476  lr=3.37e-05
Running Validation...
Ep 306/500  total_loss=1.4362  tr_acc=0.9992  val_acc=0.8783  val_auroc=0.9410  val_f1=0.8503  lr=3.34e-05
Running Validation...
Ep 307/500  total_loss=1.4400  tr_acc=0.9992  val_acc=0.8677  val_auroc=0.9405  val_f1=0.8463  lr=3.31e-05
Running Validation...
Ep 308/500  total_loss=1.4556  tr_acc=0.9977  val_acc=0.8466  val_auroc=0.9424  val_f1=0.8247  lr=3.28e-05
Running Validation...
Ep 309/500  total_loss=1.4354  tr_acc=1.0000  val_acc=0.8571  val_auroc=0.9437  val_f1=0.8370  lr=3.25e-05
Running Validation...
Ep 310/500  total_loss=1.4543  tr_acc=0.9970  val_acc=0.8519  val_auroc=0.9101  val_f1=0.8169  lr=3.22e-05
Running Validation...
Ep 311/500  total_loss=1.4356  tr_acc=1.0000  val_acc=0.8413  val_auroc=0.9261  val_f1=0.7904  lr=3.19e-05
Running Validation...
Ep 312/500  total_loss=1.4417  tr_acc=0.9992  val_acc=0.8519  val_auroc=0.9319  val_f1=0.8089  lr=3.16e-05
Running Validation...
Ep 313/500  total_loss=1.4554  tr_acc=0.9962  val_acc=0.8360  val_auroc=0.9331  val_f1=0.7945  lr=3.14e-05
Running Validation...
Ep 314/500  total_loss=1.4796  tr_acc=0.9954  val_acc=0.8466  val_auroc=0.9328  val_f1=0.8057  lr=3.11e-05
Running Validation...
Ep 315/500  total_loss=1.4729  tr_acc=0.9886  val_acc=0.8677  val_auroc=0.9334  val_f1=0.8420  lr=3.08e-05
Running Validation...
Ep 316/500  total_loss=1.4616  tr_acc=1.0000  val_acc=0.8730  val_auroc=0.9302  val_f1=0.8491  lr=3.05e-05
Running Validation...
Ep 317/500  total_loss=1.4597  tr_acc=0.9992  val_acc=0.8836  val_auroc=0.9369  val_f1=0.8659  lr=3.02e-05
Running Validation...
Ep 318/500  total_loss=1.4535  tr_acc=0.9954  val_acc=0.8836  val_auroc=0.9362  val_f1=0.8659  lr=2.99e-05
Running Validation...
Ep 319/500  total_loss=1.4380  tr_acc=1.0000  val_acc=0.8836  val_auroc=0.9496  val_f1=0.8704  lr=2.96e-05
Running Validation...
Ep 320/500  total_loss=1.4470  tr_acc=0.9977  val_acc=0.8783  val_auroc=0.9336  val_f1=0.8689  lr=2.94e-05
Running Validation...
Ep 321/500  total_loss=1.4472  tr_acc=0.9962  val_acc=0.8519  val_auroc=0.9254  val_f1=0.8258  lr=2.91e-05
Running Validation...
Ep 322/500  total_loss=1.4618  tr_acc=0.9970  val_acc=0.8466  val_auroc=0.9204  val_f1=0.8216  lr=2.88e-05
Running Validation...
Ep 323/500  total_loss=1.4510  tr_acc=0.9977  val_acc=0.8677  val_auroc=0.9276  val_f1=0.8524  lr=2.85e-05
Running Validation...
Ep 324/500  total_loss=1.4357  tr_acc=1.0000  val_acc=0.8466  val_auroc=0.9236  val_f1=0.8201  lr=2.82e-05
Running Validation...
Ep 325/500  total_loss=1.4467  tr_acc=0.9992  val_acc=0.8519  val_auroc=0.9270  val_f1=0.8284  lr=2.80e-05
Running Validation...
Ep 326/500  total_loss=1.4413  tr_acc=0.9992  val_acc=0.8571  val_auroc=0.9212  val_f1=0.8374  lr=2.77e-05
Running Validation...
Ep 327/500  total_loss=1.4625  tr_acc=0.9947  val_acc=0.8413  val_auroc=0.9238  val_f1=0.8140  lr=2.74e-05
Running Validation...
Ep 328/500  total_loss=1.5077  tr_acc=0.9924  val_acc=0.8413  val_auroc=0.9331  val_f1=0.8101  lr=2.71e-05
Running Validation...
Ep 329/500  total_loss=1.4720  tr_acc=0.9939  val_acc=0.8519  val_auroc=0.9307  val_f1=0.8151  lr=2.69e-05
Running Validation...
Ep 330/500  total_loss=1.4591  tr_acc=1.0000  val_acc=0.8413  val_auroc=0.9256  val_f1=0.8048  lr=2.66e-05
Running Validation...
Ep 331/500  total_loss=1.4803  tr_acc=0.9977  val_acc=0.8466  val_auroc=0.9296  val_f1=0.8188  lr=2.63e-05
Running Validation...
Ep 332/500  total_loss=1.4612  tr_acc=0.9985  val_acc=0.8571  val_auroc=0.9365  val_f1=0.8407  lr=2.60e-05
Running Validation...
Ep 333/500  total_loss=1.4541  tr_acc=0.9992  val_acc=0.8624  val_auroc=0.9345  val_f1=0.8289  lr=2.58e-05
Running Validation...
Ep 334/500  total_loss=1.4577  tr_acc=1.0000  val_acc=0.8571  val_auroc=0.9323  val_f1=0.8260  lr=2.55e-05
Running Validation...
Ep 335/500  total_loss=1.4684  tr_acc=0.9977  val_acc=0.8624  val_auroc=0.9342  val_f1=0.8325  lr=2.52e-05
Running Validation...
Ep 336/500  total_loss=1.4404  tr_acc=1.0000  val_acc=0.8677  val_auroc=0.9368  val_f1=0.8405  lr=2.49e-05
Running Validation...
Ep 337/500  total_loss=1.4363  tr_acc=1.0000  val_acc=0.8677  val_auroc=0.9345  val_f1=0.8406  lr=2.47e-05
Running Validation...
Ep 338/500  total_loss=1.4358  tr_acc=0.9992  val_acc=0.8730  val_auroc=0.9304  val_f1=0.8478  lr=2.44e-05
Running Validation...
Ep 339/500  total_loss=1.4501  tr_acc=0.9954  val_acc=0.8624  val_auroc=0.9323  val_f1=0.8343  lr=2.41e-05
Running Validation...
Ep 340/500  total_loss=1.4355  tr_acc=1.0000  val_acc=0.8677  val_auroc=0.9373  val_f1=0.8389  lr=2.39e-05
Running Validation...
Ep 341/500  total_loss=1.4413  tr_acc=0.9992  val_acc=0.8624  val_auroc=0.9373  val_f1=0.8289  lr=2.36e-05
Running Validation...
Ep 342/500  total_loss=1.4695  tr_acc=0.9970  val_acc=0.8519  val_auroc=0.9386  val_f1=0.8148  lr=2.33e-05
Running Validation...
Ep 343/500  total_loss=1.4665  tr_acc=0.9954  val_acc=0.8466  val_auroc=0.9370  val_f1=0.8053  lr=2.31e-05
Running Validation...
Ep 344/500  total_loss=1.4409  tr_acc=0.9992  val_acc=0.8571  val_auroc=0.9363  val_f1=0.8277  lr=2.28e-05
Running Validation...
Ep 345/500  total_loss=1.4612  tr_acc=0.9985  val_acc=0.8624  val_auroc=0.9409  val_f1=0.8323  lr=2.25e-05
Running Validation...
Ep 346/500  total_loss=1.4405  tr_acc=0.9992  val_acc=0.8571  val_auroc=0.9397  val_f1=0.8226  lr=2.23e-05
Running Validation...
Ep 347/500  total_loss=1.4369  tr_acc=0.9992  val_acc=0.8624  val_auroc=0.9400  val_f1=0.8291  lr=2.20e-05
Running Validation...
Ep 348/500  total_loss=1.4398  tr_acc=0.9985  val_acc=0.8571  val_auroc=0.9412  val_f1=0.8211  lr=2.18e-05
Running Validation...
Ep 349/500  total_loss=1.4555  tr_acc=0.9992  val_acc=0.8571  val_auroc=0.9323  val_f1=0.8247  lr=2.15e-05
Running Validation...
Ep 350/500  total_loss=1.4634  tr_acc=0.9970  val_acc=0.8730  val_auroc=0.9390  val_f1=0.8343  lr=2.13e-05
Running Validation...
Ep 351/500  total_loss=1.4441  tr_acc=1.0000  val_acc=0.8519  val_auroc=0.9330  val_f1=0.8184  lr=2.10e-05
Running Validation...
Ep 352/500  total_loss=1.4368  tr_acc=0.9992  val_acc=0.8730  val_auroc=0.9402  val_f1=0.8387  lr=2.07e-05
Running Validation...
Ep 353/500  total_loss=1.4609  tr_acc=0.9962  val_acc=0.8571  val_auroc=0.9343  val_f1=0.8140  lr=2.05e-05
Running Validation...
Ep 354/500  total_loss=1.4773  tr_acc=0.9954  val_acc=0.8783  val_auroc=0.9398  val_f1=0.8454  lr=2.02e-05
Running Validation...
Ep 355/500  total_loss=1.4700  tr_acc=0.9931  val_acc=0.8571  val_auroc=0.9390  val_f1=0.8142  lr=2.00e-05
Running Validation...
Ep 356/500  total_loss=1.4463  tr_acc=0.9977  val_acc=0.8519  val_auroc=0.9336  val_f1=0.8063  lr=1.97e-05
Running Validation...
Ep 357/500  total_loss=1.4519  tr_acc=0.9977  val_acc=0.8730  val_auroc=0.9266  val_f1=0.8518  lr=1.95e-05
Running Validation...
Ep 358/500  total_loss=1.4438  tr_acc=0.9985  val_acc=0.8519  val_auroc=0.9202  val_f1=0.8122  lr=1.92e-05
Running Validation...
Ep 359/500  total_loss=1.4409  tr_acc=0.9992  val_acc=0.8783  val_auroc=0.9285  val_f1=0.8461  lr=1.90e-05
Running Validation...
Ep 360/500  total_loss=1.4471  tr_acc=0.9970  val_acc=0.8677  val_auroc=0.9283  val_f1=0.8391  lr=1.87e-05
Running Validation...
Ep 361/500  total_loss=1.4445  tr_acc=0.9977  val_acc=0.8730  val_auroc=0.9285  val_f1=0.8397  lr=1.85e-05
Running Validation...
Ep 362/500  total_loss=1.4450  tr_acc=0.9970  val_acc=0.8571  val_auroc=0.9281  val_f1=0.8190  lr=1.82e-05
Running Validation...
Ep 363/500  total_loss=1.4632  tr_acc=0.9947  val_acc=0.8836  val_auroc=0.9317  val_f1=0.8561  lr=1.80e-05
Running Validation...
Ep 364/500  total_loss=1.4363  tr_acc=1.0000  val_acc=0.8624  val_auroc=0.9261  val_f1=0.8272  lr=1.78e-05
Running Validation...
Ep 365/500  total_loss=1.4386  tr_acc=0.9985  val_acc=0.8466  val_auroc=0.9224  val_f1=0.8091  lr=1.75e-05
Running Validation...
Ep 366/500  total_loss=1.4643  tr_acc=0.9916  val_acc=0.8624  val_auroc=0.9268  val_f1=0.8201  lr=1.73e-05
Running Validation...
Ep 367/500  total_loss=1.4401  tr_acc=0.9985  val_acc=0.8677  val_auroc=0.9283  val_f1=0.8279  lr=1.70e-05
Running Validation...
Ep 368/500  total_loss=1.4418  tr_acc=0.9977  val_acc=0.8836  val_auroc=0.9300  val_f1=0.8545  lr=1.68e-05
Running Validation...
Ep 369/500  total_loss=1.4466  tr_acc=0.9985  val_acc=0.8836  val_auroc=0.9312  val_f1=0.8586  lr=1.66e-05
Running Validation...
Ep 370/500  total_loss=1.4401  tr_acc=0.9985  val_acc=0.8889  val_auroc=0.9285  val_f1=0.8663  lr=1.63e-05
Running Validation...
Ep 371/500  total_loss=1.4357  tr_acc=1.0000  val_acc=0.8677  val_auroc=0.9280  val_f1=0.8330  lr=1.61e-05
Running Validation...
Ep 372/500  total_loss=1.4455  tr_acc=0.9985  val_acc=0.8889  val_auroc=0.9284  val_f1=0.8636  lr=1.59e-05
Running Validation...
Ep 373/500  total_loss=1.4447  tr_acc=0.9977  val_acc=0.8783  val_auroc=0.9294  val_f1=0.8461  lr=1.56e-05
Running Validation...
Ep 374/500  total_loss=1.4529  tr_acc=0.9977  val_acc=0.8783  val_auroc=0.9269  val_f1=0.8562  lr=1.54e-05
Running Validation...
Ep 375/500  total_loss=1.4382  tr_acc=0.9985  val_acc=0.8677  val_auroc=0.9297  val_f1=0.8436  lr=1.52e-05
Running Validation...
Ep 376/500  total_loss=1.4390  tr_acc=0.9992  val_acc=0.8783  val_auroc=0.9317  val_f1=0.8523  lr=1.50e-05
Running Validation...
Ep 377/500  total_loss=1.4363  tr_acc=0.9992  val_acc=0.8783  val_auroc=0.9329  val_f1=0.8509  lr=1.47e-05
Running Validation...
Ep 378/500  total_loss=1.4409  tr_acc=0.9985  val_acc=0.8677  val_auroc=0.9321  val_f1=0.8315  lr=1.45e-05
Running Validation...
Ep 379/500  total_loss=1.4454  tr_acc=0.9977  val_acc=0.8783  val_auroc=0.9328  val_f1=0.8494  lr=1.43e-05
Running Validation...
Ep 380/500  total_loss=1.4525  tr_acc=0.9985  val_acc=0.8942  val_auroc=0.9331  val_f1=0.8698  lr=1.41e-05
Running Validation...
Ep 381/500  total_loss=1.4443  tr_acc=0.9985  val_acc=0.8783  val_auroc=0.9229  val_f1=0.8538  lr=1.38e-05
Running Validation...
Ep 382/500  total_loss=1.4567  tr_acc=0.9947  val_acc=0.8624  val_auroc=0.9242  val_f1=0.8290  lr=1.36e-05
Running Validation...
Ep 383/500  total_loss=1.4354  tr_acc=1.0000  val_acc=0.8677  val_auroc=0.9255  val_f1=0.8385  lr=1.34e-05
Running Validation...
Ep 384/500  total_loss=1.4354  tr_acc=1.0000  val_acc=0.8677  val_auroc=0.9262  val_f1=0.8361  lr=1.32e-05
Running Validation...
Ep 385/500  total_loss=1.4442  tr_acc=0.9977  val_acc=0.8624  val_auroc=0.9284  val_f1=0.8303  lr=1.30e-05
Running Validation...
Ep 386/500  total_loss=1.4410  tr_acc=0.9977  val_acc=0.8677  val_auroc=0.9271  val_f1=0.8390  lr=1.28e-05
Running Validation...
Ep 387/500  total_loss=1.4386  tr_acc=0.9985  val_acc=0.8730  val_auroc=0.9258  val_f1=0.8456  lr=1.26e-05
Running Validation...
Ep 388/500  total_loss=1.4352  tr_acc=1.0000  val_acc=0.8730  val_auroc=0.9250  val_f1=0.8456  lr=1.23e-05
Running Validation...
Ep 389/500  total_loss=1.4394  tr_acc=0.9985  val_acc=0.8730  val_auroc=0.9295  val_f1=0.8456  lr=1.21e-05
Running Validation...
Ep 390/500  total_loss=1.4361  tr_acc=1.0000  val_acc=0.8730  val_auroc=0.9273  val_f1=0.8456  lr=1.19e-05
Running Validation...
Ep 391/500  total_loss=1.4375  tr_acc=1.0000  val_acc=0.8783  val_auroc=0.9271  val_f1=0.8498  lr=1.17e-05
Running Validation...
Ep 392/500  total_loss=1.4351  tr_acc=1.0000  val_acc=0.8783  val_auroc=0.9283  val_f1=0.8498  lr=1.15e-05
Running Validation...
Ep 393/500  total_loss=1.4801  tr_acc=0.9924  val_acc=0.8624  val_auroc=0.9282  val_f1=0.8311  lr=1.13e-05
Running Validation...
Ep 394/500  total_loss=1.4561  tr_acc=0.9985  val_acc=0.8677  val_auroc=0.9218  val_f1=0.8368  lr=1.11e-05
Running Validation...
Ep 395/500  total_loss=1.4354  tr_acc=1.0000  val_acc=0.8519  val_auroc=0.9218  val_f1=0.8164  lr=1.09e-05
Running Validation...
Ep 396/500  total_loss=1.4378  tr_acc=1.0000  val_acc=0.8624  val_auroc=0.9301  val_f1=0.8252  lr=1.07e-05
Running Validation...
Ep 397/500  total_loss=1.4535  tr_acc=0.9985  val_acc=0.8677  val_auroc=0.9295  val_f1=0.8390  lr=1.05e-05
Running Validation...
Ep 398/500  total_loss=1.4397  tr_acc=0.9992  val_acc=0.8677  val_auroc=0.9301  val_f1=0.8390  lr=1.03e-05
Running Validation...
Ep 399/500  total_loss=1.4487  tr_acc=0.9962  val_acc=0.8836  val_auroc=0.9298  val_f1=0.8607  lr=1.01e-05
Running Validation...
Ep 400/500  total_loss=1.4432  tr_acc=0.9992  val_acc=0.8624  val_auroc=0.9297  val_f1=0.8362  lr=9.94e-06
Running Validation...
Ep 401/500  total_loss=1.4504  tr_acc=1.0000  val_acc=0.8571  val_auroc=0.9323  val_f1=0.8313  lr=9.75e-06
Running Validation...
Ep 402/500  total_loss=1.4358  tr_acc=1.0000  val_acc=0.8624  val_auroc=0.9304  val_f1=0.8389  lr=9.56e-06
Running Validation...
Ep 403/500  total_loss=1.4395  tr_acc=0.9985  val_acc=0.8571  val_auroc=0.9322  val_f1=0.8327  lr=9.38e-06
Running Validation...
Ep 404/500  total_loss=1.4408  tr_acc=0.9992  val_acc=0.8624  val_auroc=0.9313  val_f1=0.8388  lr=9.19e-06
Running Validation...
Ep 405/500  total_loss=1.4451  tr_acc=0.9977  val_acc=0.8624  val_auroc=0.9347  val_f1=0.8370  lr=9.01e-06
Running Validation...
Ep 406/500  total_loss=1.4440  tr_acc=0.9992  val_acc=0.8677  val_auroc=0.9280  val_f1=0.8405  lr=8.83e-06
Running Validation...
Ep 407/500  total_loss=1.4506  tr_acc=0.9970  val_acc=0.8730  val_auroc=0.9300  val_f1=0.8489  lr=8.65e-06
Running Validation...
Ep 408/500  total_loss=1.4367  tr_acc=0.9992  val_acc=0.8677  val_auroc=0.9313  val_f1=0.8369  lr=8.47e-06
Running Validation...
Ep 409/500  total_loss=1.4439  tr_acc=0.9970  val_acc=0.8624  val_auroc=0.9280  val_f1=0.8287  lr=8.29e-06
Running Validation...
Ep 410/500  total_loss=1.4407  tr_acc=0.9977  val_acc=0.8730  val_auroc=0.9293  val_f1=0.8465  lr=8.12e-06
Running Validation...
Ep 411/500  total_loss=1.4424  tr_acc=0.9985  val_acc=0.8624  val_auroc=0.9240  val_f1=0.8323  lr=7.94e-06
Running Validation...
Ep 412/500  total_loss=1.4559  tr_acc=0.9954  val_acc=0.8677  val_auroc=0.9234  val_f1=0.8346  lr=7.77e-06
Running Validation...
Ep 413/500  total_loss=1.4424  tr_acc=0.9977  val_acc=0.8571  val_auroc=0.9238  val_f1=0.8191  lr=7.60e-06
Running Validation...
Ep 414/500  total_loss=1.4358  tr_acc=1.0000  val_acc=0.8624  val_auroc=0.9235  val_f1=0.8323  lr=7.43e-06
Running Validation...
Ep 415/500  total_loss=1.4384  tr_acc=0.9985  val_acc=0.8624  val_auroc=0.9223  val_f1=0.8323  lr=7.27e-06
Running Validation...
Ep 416/500  total_loss=1.4422  tr_acc=0.9992  val_acc=0.8677  val_auroc=0.9237  val_f1=0.8383  lr=7.10e-06
Running Validation...
Ep 417/500  total_loss=1.4434  tr_acc=0.9970  val_acc=0.8624  val_auroc=0.9235  val_f1=0.8323  lr=6.94e-06
Running Validation...
Ep 418/500  total_loss=1.4451  tr_acc=0.9977  val_acc=0.8571  val_auroc=0.9228  val_f1=0.8226  lr=6.78e-06
Running Validation...
Ep 419/500  total_loss=1.4395  tr_acc=0.9992  val_acc=0.8571  val_auroc=0.9218  val_f1=0.8226  lr=6.62e-06
Running Validation...
Ep 420/500  total_loss=1.4449  tr_acc=0.9970  val_acc=0.8730  val_auroc=0.9224  val_f1=0.8408  lr=6.46e-06
Running Validation...
Ep 421/500  total_loss=1.4476  tr_acc=0.9970  val_acc=0.8624  val_auroc=0.9191  val_f1=0.8347  lr=6.30e-06
Running Validation...
Ep 422/500  total_loss=1.4574  tr_acc=0.9992  val_acc=0.8624  val_auroc=0.9186  val_f1=0.8277  lr=6.15e-06
Running Validation...
Ep 423/500  total_loss=1.4409  tr_acc=0.9985  val_acc=0.8624  val_auroc=0.9185  val_f1=0.8263  lr=5.99e-06
Running Validation...
Ep 424/500  total_loss=1.4447  tr_acc=0.9970  val_acc=0.8624  val_auroc=0.9193  val_f1=0.8263  lr=5.84e-06
Running Validation...
Ep 425/500  total_loss=1.4520  tr_acc=0.9947  val_acc=0.8519  val_auroc=0.9199  val_f1=0.8167  lr=5.69e-06
Running Validation...
Ep 426/500  total_loss=1.4447  tr_acc=0.9985  val_acc=0.8466  val_auroc=0.9182  val_f1=0.8061  lr=5.55e-06
Running Validation...
Ep 427/500  total_loss=1.4446  tr_acc=0.9977  val_acc=0.8466  val_auroc=0.9247  val_f1=0.8051  lr=5.40e-06
Running Validation...
Ep 428/500  total_loss=1.4418  tr_acc=0.9970  val_acc=0.8519  val_auroc=0.9192  val_f1=0.8153  lr=5.26e-06
Running Validation...
Ep 429/500  total_loss=1.4438  tr_acc=0.9970  val_acc=0.8466  val_auroc=0.9214  val_f1=0.8045  lr=5.11e-06
Running Validation...
Ep 430/500  total_loss=1.4353  tr_acc=1.0000  val_acc=0.8519  val_auroc=0.9186  val_f1=0.8169  lr=4.97e-06
Running Validation...
Ep 431/500  total_loss=1.4447  tr_acc=0.9985  val_acc=0.8571  val_auroc=0.9183  val_f1=0.8226  lr=4.84e-06
Running Validation...
Ep 432/500  total_loss=1.4355  tr_acc=1.0000  val_acc=0.8519  val_auroc=0.9173  val_f1=0.8114  lr=4.70e-06
Running Validation...
Ep 433/500  total_loss=1.4496  tr_acc=0.9962  val_acc=0.8571  val_auroc=0.9185  val_f1=0.8205  lr=4.57e-06
Running Validation...
Ep 434/500  total_loss=1.4645  tr_acc=0.9977  val_acc=0.8677  val_auroc=0.9333  val_f1=0.8353  lr=4.43e-06
Running Validation...
Ep 435/500  total_loss=1.4426  tr_acc=0.9977  val_acc=0.8624  val_auroc=0.9328  val_f1=0.8268  lr=4.30e-06
Running Validation...
Ep 436/500  total_loss=1.4435  tr_acc=0.9970  val_acc=0.8677  val_auroc=0.9317  val_f1=0.8317  lr=4.17e-06
Running Validation...
Ep 437/500  total_loss=1.4384  tr_acc=0.9985  val_acc=0.8677  val_auroc=0.9334  val_f1=0.8340  lr=4.04e-06
Running Validation...
Ep 438/500  total_loss=1.4366  tr_acc=0.9992  val_acc=0.8624  val_auroc=0.9312  val_f1=0.8271  lr=3.92e-06
Running Validation...
Ep 439/500  total_loss=1.4351  tr_acc=1.0000  val_acc=0.8624  val_auroc=0.9324  val_f1=0.8271  lr=3.80e-06
Running Validation...
Ep 440/500  total_loss=1.4389  tr_acc=1.0000  val_acc=0.8624  val_auroc=0.9291  val_f1=0.8225  lr=3.67e-06
Running Validation...
Ep 441/500  total_loss=1.4527  tr_acc=0.9954  val_acc=0.8571  val_auroc=0.9284  val_f1=0.8203  lr=3.55e-06
Running Validation...
Ep 442/500  total_loss=1.4461  tr_acc=0.9970  val_acc=0.8519  val_auroc=0.9287  val_f1=0.8108  lr=3.44e-06
Running Validation...
Ep 443/500  total_loss=1.4356  tr_acc=1.0000  val_acc=0.8624  val_auroc=0.9285  val_f1=0.8298  lr=3.32e-06
Running Validation...
Ep 444/500  total_loss=1.4351  tr_acc=1.0000  val_acc=0.8624  val_auroc=0.9285  val_f1=0.8298  lr=3.21e-06
Running Validation...
Ep 445/500  total_loss=1.4351  tr_acc=1.0000  val_acc=0.8624  val_auroc=0.9285  val_f1=0.8298  lr=3.09e-06
Running Validation...
Ep 446/500  total_loss=1.4443  tr_acc=0.9992  val_acc=0.8624  val_auroc=0.9276  val_f1=0.8278  lr=2.98e-06
Running Validation...
Ep 447/500  total_loss=1.4354  tr_acc=1.0000  val_acc=0.8624  val_auroc=0.9280  val_f1=0.8322  lr=2.88e-06
Running Validation...
Ep 448/500  total_loss=1.4373  tr_acc=1.0000  val_acc=0.8624  val_auroc=0.9283  val_f1=0.8298  lr=2.77e-06
Running Validation...
Ep 449/500  total_loss=1.4488  tr_acc=0.9962  val_acc=0.8624  val_auroc=0.9290  val_f1=0.8283  lr=2.67e-06
Running Validation...
Ep 450/500  total_loss=1.4528  tr_acc=0.9962  val_acc=0.8466  val_auroc=0.9297  val_f1=0.8065  lr=2.56e-06
Running Validation...
Ep 451/500  total_loss=1.4460  tr_acc=0.9962  val_acc=0.8519  val_auroc=0.9289  val_f1=0.8108  lr=2.46e-06
Running Validation...
Ep 452/500  total_loss=1.4383  tr_acc=0.9985  val_acc=0.8571  val_auroc=0.9283  val_f1=0.8240  lr=2.36e-06
Running Validation...
Ep 453/500  total_loss=1.4358  tr_acc=1.0000  val_acc=0.8571  val_auroc=0.9283  val_f1=0.8240  lr=2.27e-06
Running Validation...
Ep 454/500  total_loss=1.4411  tr_acc=0.9977  val_acc=0.8519  val_auroc=0.9303  val_f1=0.8163  lr=2.17e-06
Running Validation...
Ep 455/500  total_loss=1.4354  tr_acc=1.0000  val_acc=0.8677  val_auroc=0.9292  val_f1=0.8342  lr=2.08e-06
Running Validation...
Ep 456/500  total_loss=1.4451  tr_acc=0.9962  val_acc=0.8677  val_auroc=0.9286  val_f1=0.8342  lr=1.99e-06
Running Validation...
Ep 457/500  total_loss=1.4436  tr_acc=0.9977  val_acc=0.8677  val_auroc=0.9276  val_f1=0.8311  lr=1.90e-06
Running Validation...
Ep 458/500  total_loss=1.4355  tr_acc=1.0000  val_acc=0.8677  val_auroc=0.9271  val_f1=0.8365  lr=1.81e-06
Running Validation...
Ep 459/500  total_loss=1.4390  tr_acc=0.9992  val_acc=0.8677  val_auroc=0.9271  val_f1=0.8311  lr=1.73e-06
Running Validation...
Ep 460/500  total_loss=1.4358  tr_acc=1.0000  val_acc=0.8677  val_auroc=0.9284  val_f1=0.8342  lr=1.65e-06
Running Validation...
Ep 461/500  total_loss=1.4417  tr_acc=0.9985  val_acc=0.8624  val_auroc=0.9280  val_f1=0.8247  lr=1.57e-06
Running Validation...
Ep 462/500  total_loss=1.4404  tr_acc=0.9992  val_acc=0.8677  val_auroc=0.9276  val_f1=0.8350  lr=1.49e-06
Running Validation...
Ep 463/500  total_loss=1.4432  tr_acc=0.9977  val_acc=0.8624  val_auroc=0.9309  val_f1=0.8322  lr=1.41e-06
Running Validation...
Ep 464/500  total_loss=1.4417  tr_acc=1.0000  val_acc=0.8571  val_auroc=0.9284  val_f1=0.8202  lr=1.34e-06
Running Validation...
Ep 465/500  total_loss=1.4478  tr_acc=0.9954  val_acc=0.8519  val_auroc=0.9282  val_f1=0.8176  lr=1.26e-06
Running Validation...
Ep 466/500  total_loss=1.4430  tr_acc=0.9970  val_acc=0.8571  val_auroc=0.9284  val_f1=0.8264  lr=1.19e-06
Running Validation...
Ep 467/500  total_loss=1.4436  tr_acc=0.9970  val_acc=0.8413  val_auroc=0.9285  val_f1=0.8019  lr=1.12e-06
Running Validation...
Ep 468/500  total_loss=1.4494  tr_acc=0.9977  val_acc=0.8519  val_auroc=0.9293  val_f1=0.8142  lr=1.06e-06
Running Validation...
Ep 469/500  total_loss=1.4386  tr_acc=0.9985  val_acc=0.8571  val_auroc=0.9289  val_f1=0.8187  lr=9.91e-07
Running Validation...
Ep 470/500  total_loss=1.4387  tr_acc=0.9985  val_acc=0.8519  val_auroc=0.9299  val_f1=0.8108  lr=9.29e-07
Running Validation...
Ep 471/500  total_loss=1.4557  tr_acc=0.9992  val_acc=0.8571  val_auroc=0.9292  val_f1=0.8206  lr=8.68e-07
Running Validation...
Ep 472/500  total_loss=1.4505  tr_acc=0.9962  val_acc=0.8466  val_auroc=0.9282  val_f1=0.8065  lr=8.50e-07
Running Validation...
Ep 473/500  total_loss=1.4409  tr_acc=0.9985  val_acc=0.8571  val_auroc=0.9278  val_f1=0.8230  lr=8.50e-07
Running Validation...
Ep 474/500  total_loss=1.4481  tr_acc=0.9970  val_acc=0.8571  val_auroc=0.9288  val_f1=0.8191  lr=8.50e-07
Running Validation...
Ep 475/500  total_loss=1.4402  tr_acc=0.9992  val_acc=0.8571  val_auroc=0.9278  val_f1=0.8202  lr=8.50e-07
Running Validation...
Ep 476/500  total_loss=1.4396  tr_acc=0.9985  val_acc=0.8519  val_auroc=0.9281  val_f1=0.8159  lr=8.50e-07
Running Validation...
Ep 477/500  total_loss=1.4429  tr_acc=0.9977  val_acc=0.8466  val_auroc=0.9282  val_f1=0.8039  lr=8.50e-07
Running Validation...
Ep 478/500  total_loss=1.4391  tr_acc=0.9985  val_acc=0.8519  val_auroc=0.9281  val_f1=0.8144  lr=8.50e-07
Running Validation...
Ep 479/500  total_loss=1.4351  tr_acc=1.0000  val_acc=0.8571  val_auroc=0.9287  val_f1=0.8223  lr=8.50e-07
Running Validation...
Ep 480/500  total_loss=1.4501  tr_acc=0.9954  val_acc=0.8571  val_auroc=0.9298  val_f1=0.8170  lr=8.50e-07
Running Validation...
Ep 481/500  total_loss=1.4426  tr_acc=0.9970  val_acc=0.8519  val_auroc=0.9273  val_f1=0.8136  lr=8.50e-07
Running Validation...
Ep 482/500  total_loss=1.4429  tr_acc=0.9985  val_acc=0.8466  val_auroc=0.9273  val_f1=0.8061  lr=8.50e-07
Running Validation...
Ep 483/500  total_loss=1.4353  tr_acc=1.0000  val_acc=0.8466  val_auroc=0.9261  val_f1=0.8117  lr=8.50e-07
Running Validation...
Ep 484/500  total_loss=1.4424  tr_acc=0.9970  val_acc=0.8519  val_auroc=0.9261  val_f1=0.8159  lr=8.50e-07
Running Validation...
Ep 485/500  total_loss=1.4475  tr_acc=0.9962  val_acc=0.8466  val_auroc=0.9266  val_f1=0.8093  lr=8.50e-07
Running Validation...
Ep 486/500  total_loss=1.4354  tr_acc=1.0000  val_acc=0.8519  val_auroc=0.9283  val_f1=0.8159  lr=8.50e-07
Running Validation...
Ep 487/500  total_loss=1.4522  tr_acc=0.9954  val_acc=0.8466  val_auroc=0.9267  val_f1=0.8039  lr=8.50e-07
Running Validation...
Ep 488/500  total_loss=1.4530  tr_acc=0.9939  val_acc=0.8466  val_auroc=0.9275  val_f1=0.8021  lr=8.50e-07
Running Validation...
Ep 489/500  total_loss=1.4466  tr_acc=0.9970  val_acc=0.8466  val_auroc=0.9284  val_f1=0.8021  lr=8.50e-07
Running Validation...
Ep 490/500  total_loss=1.4387  tr_acc=0.9985  val_acc=0.8466  val_auroc=0.9260  val_f1=0.8061  lr=8.50e-07
Running Validation...
Ep 491/500  total_loss=1.4404  tr_acc=0.9992  val_acc=0.8571  val_auroc=0.9273  val_f1=0.8202  lr=8.50e-07
Running Validation...
Ep 492/500  total_loss=1.4403  tr_acc=0.9992  val_acc=0.8571  val_auroc=0.9265  val_f1=0.8185  lr=8.50e-07
Running Validation...
Ep 493/500  total_loss=1.4398  tr_acc=0.9992  val_acc=0.8571  val_auroc=0.9277  val_f1=0.8185  lr=8.50e-07
Running Validation...
Ep 494/500  total_loss=1.4412  tr_acc=0.9985  val_acc=0.8571  val_auroc=0.9267  val_f1=0.8202  lr=8.50e-07
Running Validation...
Ep 495/500  total_loss=1.4477  tr_acc=0.9970  val_acc=0.8466  val_auroc=0.9274  val_f1=0.8021  lr=8.50e-07
Running Validation...
Ep 496/500  total_loss=1.4352  tr_acc=1.0000  val_acc=0.8519  val_auroc=0.9265  val_f1=0.8159  lr=8.50e-07
Running Validation...
Ep 497/500  total_loss=1.4504  tr_acc=0.9947  val_acc=0.8571  val_auroc=0.9271  val_f1=0.8202  lr=8.50e-07
Running Validation...
Ep 498/500  total_loss=1.4415  tr_acc=0.9985  val_acc=0.8466  val_auroc=0.9263  val_f1=0.8117  lr=8.50e-07
Running Validation...
Ep 499/500  total_loss=1.4385  tr_acc=0.9992  val_acc=0.8466  val_auroc=0.9273  val_f1=0.8021  lr=8.50e-07
Running Validation...
Ep 500/500  total_loss=1.4351  tr_acc=1.0000  val_acc=0.8519  val_auroc=0.9271  val_f1=0.8119  lr=8.50e-07
Training complete. Best AUROC: 0.9716, Best F1: 0.8853
Loaded best model from best_f1_model.pt (epoch 276)
Running Validation (final)...

Binary fairness (Validation):
  Acc_light: 0.9068  (FST I–III)
  Acc_dark : 0.8667  (FST IV–VI)
  Acc_gap  : 0.0402
  DP_diff  : 0.0997
  EOpp0    : 0.0720
  EOpp1    : 0.0716
  EOdd     : 0.0718
Running Test...

[No_MI ViT] Test KNN (k=5) accuracy: 0.9217

Binary fairness (Test):
  Acc_light: 0.9374  (FST I–III)
  Acc_dark : 0.8627  (FST IV–VI)
  Acc_gap  : 0.0747
  DP_diff  : 0.1490
  EOpp0    : 0.2619
  EOpp1    : 0.1160
  EOdd     : 0.1889

Evaluating on fitzpatrick17k
Running Cross-eval: fitzpatrick17k...

Binary fairness (fitzpatrick17k):
  Acc_light: 0.5940  (FST I–III)
  Acc_dark : 0.5331  (FST IV–VI)
  Acc_gap  : 0.0608
  DP_diff  : 0.0514
  EOpp0    : 0.0592
  EOpp1    : 0.0483
  EOdd     : 0.0537

Evaluating on padufes20
Running Cross-eval: padufes20...

Binary fairness (padufes20):
  Acc_light: 0.8860  (FST I–III)
  Acc_dark : 0.7381  (FST IV–VI)
  Acc_gap  : 0.1479
  DP_diff  : 0.2142
  EOpp0    : 0.1200
  EOpp1    : 0.0773
  EOdd     : 0.0986

Evaluating on isic2019
Running Cross-eval: isic2019...

Binary fairness (isic2019):
  Acc_light: nan  (FST I–III)
  Acc_dark : nan  (FST IV–VI)
  Acc_gap  : nan
  DP_diff  : nan
  EOpp0    : nan
  EOpp1    : nan
  EOdd     : nan

Cross-dataset summary:
                 accuracy     auroc  precision  ...       EOM       PQD       DPM
fitzpatrick17k  0.580776  0.781801   0.611232  ...  0.514818  0.717087  0.385243
padufes20       0.801928  0.874118   0.665756  ...  0.448376  0.551020  0.192515
isic2019        0.767645  0.848305   0.717637  ...       NaN       NaN       NaN

[3 rows x 10 columns]

All results saved to outputs_No_MI_vit/results_No_MI_vit
Checkpoints saved to outputs_No_MI_vit/checkpoints_No_MI_vit
=========================================
Finished: Wed Jun 24 10:11:49 PM CEST 2026
Exit code: 0

[DONE] Training completed successfully.
Outputs:
  Checkpoints → 20260623-process/outputs_No_MI_vit/checkpoints/
  Results     → 20260623-process/outputs_No_MI_vit/results/
  CSVs        → 20260623-process/outputs_No_MI_vit/csvs/
