=========================================
Job:       train_REWT_resnet18  (412728)
Node:      bigpu02
Started:   Tue May 26 10:46:26 AM CEST 2026
=========================================
[INFO] No HF token found at /users/jlacmou/.hf_token — downloads may be slow.
[INFO] No kaggle.json found in process_REWT_resnet18. Relying on ~/.kaggle/ or env vars.
[SETUP] Creating virtual environment...
[SETUP] Installing / verifying Python dependencies...

── GPU info ──────────────────────────────
Tesla V100-PCIE-32GB, 32768 MiB, 575.57.08
PyTorch : 2.12.0+cu126
CUDA    : 12.6
Devices : 1
GPU 0   : Tesla V100-PCIE-32GB
VRAM    : 34.1 GB
──────────────────────────────────────────

[CHECK] Validating dataset roots...
  [MISSING] process_REWT_resnet18/data/datasets/asosenge/hibaskinlesionsdataset-main  ← Attempting to download via Kaggle CLI...
Dataset URL: https://www.kaggle.com/datasets/asosenge/hibaskinlesionsdataset-main
License(s): other
Downloading hibaskinlesionsdataset-main.zip to process_REWT_resnet18/data/datasets/asosenge/hibaskinlesionsdataset-main

  [DOWNLOADED] process_REWT_resnet18/data/datasets/asosenge/hibaskinlesionsdataset-main
  [MISSING] process_REWT_resnet18/data/datasets/asosenge/fitzpatrick17k  ← Attempting to download via Kaggle CLI...
Dataset URL: https://www.kaggle.com/datasets/asosenge/fitzpatrick17k
License(s): other
Downloading fitzpatrick17k.zip to process_REWT_resnet18/data/datasets/asosenge/fitzpatrick17k

  [DOWNLOADED] process_REWT_resnet18/data/datasets/asosenge/fitzpatrick17k
  [MISSING] process_REWT_resnet18/data/datasets/asosenge/ham10000  ← Attempting to download via Kaggle CLI...
Dataset URL: https://www.kaggle.com/datasets/asosenge/ham10000
License(s): Attribution-NonCommercial 4.0 International (CC BY-NC 4.0)
Downloading ham10000.zip to process_REWT_resnet18/data/datasets/asosenge/ham10000

  [DOWNLOADED] process_REWT_resnet18/data/datasets/asosenge/ham10000
  [MISSING] process_REWT_resnet18/data/datasets/asosenge/derm7pt  ← Attempting to download via Kaggle CLI...
Dataset URL: https://www.kaggle.com/datasets/asosenge/derm7pt
License(s): other
Downloading derm7pt.zip to process_REWT_resnet18/data/datasets/asosenge/derm7pt

  [DOWNLOADED] process_REWT_resnet18/data/datasets/asosenge/derm7pt
  [MISSING] process_REWT_resnet18/data/datasets/mahdavi1202/skin-cancer  ← Attempting to download via Kaggle CLI...
Dataset URL: https://www.kaggle.com/datasets/mahdavi1202/skin-cancer
License(s): Attribution 4.0 International (CC BY 4.0)
Downloading skin-cancer.zip to process_REWT_resnet18/data/datasets/mahdavi1202/skin-cancer

  [DOWNLOADED] process_REWT_resnet18/data/datasets/mahdavi1202/skin-cancer
  [MISSING] process_REWT_resnet18/data/datasets/sengenjih/isic2019  ← Attempting to download via Kaggle CLI...
Dataset URL: https://www.kaggle.com/datasets/sengenjih/isic2019
License(s): Attribution-NonCommercial 4.0 International (CC BY-NC 4.0)
Downloading isic2019.zip to process_REWT_resnet18/data/datasets/sengenjih/isic2019

  [DOWNLOADED] process_REWT_resnet18/data/datasets/sengenjih/isic2019

[CONVERT] Converting notebook to Python script...
[PATCH] Redirecting Kaggle paths → cluster paths...
  DATA_ROOT  → process_REWT_resnet18/data/datasets
  WORK_ROOT  → process_REWT_resnet18/outputs
  BB_CACHE   → process_REWT_resnet18/backbone_cache
  Patch applied successfully.

[RUN] Starting training — Tue May 26 11:06:55 AM CEST 2026
=========================================
Device: cuda
CSV dir      : outputs/csvs
Checkpoints  : outputs/checkpoints_REWT_resnet18
Results      : outputs/results_REWT_resnet18
Image roots:
  hiba           : process_REWT_resnet18/data/datasets/asosenge/hibaskinlesionsdataset-main/HIBASkinLesionsDataset-main/images
  fitzpatrick17k : process_REWT_resnet18/data/datasets/asosenge/fitzpatrick17k/fitzpatrick17k/data/finalfitz17k
  ham10000       : process_REWT_resnet18/data/datasets/asosenge/ham10000/HAM10000
  derm7pt        : process_REWT_resnet18/data/datasets/asosenge/derm7pt/release_v0/images
  padufes20      : process_REWT_resnet18/data/datasets/mahdavi1202/skin-cancer
  isic2019       : process_REWT_resnet18/data/datasets/sengenjih/isic2019
[INFO] Built image map for hiba: 1616 entries
[INFO] Built image map for fitzpatrick17k: 16577 entries
[INFO] Built image map for ham10000: 20030 entries
[INFO] Built image map for derm7pt: 2013 entries
[INFO] Built image map for padufes20: 2298 entries
[INFO] Built image map for isic2019: 33569 entries
[INFO] Loaded derm7pt paired eval set: 869 samples
[INFO] Loaded padufes20 unpaired eval set: 2063 samples
[INFO] Loaded isic2019 unpaired eval set: 27551 samples
Train batches: 273, Val batches: 59
Test batches: 59
Cross-eval loaders: ['derm7pt', 'padufes20', 'isic2019']
Computed weights for 35 (skin_type, label) groups
Downloading: "https://download.pytorch.org/models/resnet18-f37072fd.pth" to process_REWT_resnet18/backbone_cache/hub/checkpoints/resnet18-f37072fd.pth
Running Validation...
Ep   1/500  loss=1.3100  tr_acc=0.2026  val_acc=0.2645  val_auroc=0.6608  val_f1=0.2282  lr=1.70e-06
Running Validation...
Ep   2/500  loss=1.1534  tr_acc=0.3341  val_acc=0.6005  val_auroc=0.8091  val_f1=0.4166  lr=2.55e-06
Running Validation...
Ep   3/500  loss=0.9768  tr_acc=0.4531  val_acc=0.6821  val_auroc=0.8716  val_f1=0.4872  lr=3.40e-06
Running Validation...
Ep   4/500  loss=0.8571  tr_acc=0.5076  val_acc=0.6773  val_auroc=0.8897  val_f1=0.5246  lr=4.25e-06
Running Validation...
Ep   5/500  loss=0.7451  tr_acc=0.5628  val_acc=0.7253  val_auroc=0.9028  val_f1=0.5630  lr=5.10e-06
Running Validation...
Ep   6/500  loss=0.6694  tr_acc=0.5905  val_acc=0.7157  val_auroc=0.9153  val_f1=0.5837  lr=5.95e-06
Running Validation...
Ep   7/500  loss=0.6146  tr_acc=0.6166  val_acc=0.7429  val_auroc=0.9204  val_f1=0.5878  lr=6.80e-06
Running Validation...
Ep   8/500  loss=0.5695  tr_acc=0.6383  val_acc=0.7477  val_auroc=0.9298  val_f1=0.6241  lr=7.65e-06
Running Validation...
Ep   9/500  loss=0.5287  tr_acc=0.6584  val_acc=0.7787  val_auroc=0.9339  val_f1=0.6174  lr=8.50e-06
Running Validation...
Ep  10/500  loss=0.4857  tr_acc=0.6785  val_acc=0.7328  val_auroc=0.9346  val_f1=0.6162  lr=9.35e-06
Running Validation...
Ep  11/500  loss=0.4507  tr_acc=0.7023  val_acc=0.7733  val_auroc=0.9400  val_f1=0.6427  lr=1.02e-05
Running Validation...
Ep  12/500  loss=0.4209  tr_acc=0.7218  val_acc=0.7525  val_auroc=0.9404  val_f1=0.6420  lr=1.11e-05
Running Validation...
Ep  13/500  loss=0.4060  tr_acc=0.7258  val_acc=0.7701  val_auroc=0.9416  val_f1=0.6540  lr=1.19e-05
Running Validation...
Ep  14/500  loss=0.3672  tr_acc=0.7485  val_acc=0.7952  val_auroc=0.9501  val_f1=0.6773  lr=1.27e-05
Running Validation...
Ep  15/500  loss=0.3436  tr_acc=0.7685  val_acc=0.8123  val_auroc=0.9530  val_f1=0.6829  lr=1.36e-05
Running Validation...
Ep  16/500  loss=0.3201  tr_acc=0.7815  val_acc=0.7851  val_auroc=0.9450  val_f1=0.6438  lr=1.45e-05
Running Validation...
Ep  17/500  loss=0.2984  tr_acc=0.7938  val_acc=0.8032  val_auroc=0.9545  val_f1=0.6834  lr=1.53e-05
Running Validation...
Ep  18/500  loss=0.2807  tr_acc=0.8108  val_acc=0.8160  val_auroc=0.9533  val_f1=0.7126  lr=1.62e-05
Running Validation...
Ep  19/500  loss=0.2670  tr_acc=0.8219  val_acc=0.8112  val_auroc=0.9536  val_f1=0.6930  lr=1.70e-05
Running Validation...
Ep  20/500  loss=0.2380  tr_acc=0.8426  val_acc=0.7952  val_auroc=0.9508  val_f1=0.6902  lr=1.79e-05
Running Validation...
Ep  21/500  loss=0.2192  tr_acc=0.8591  val_acc=0.8219  val_auroc=0.9553  val_f1=0.7065  lr=1.87e-05
Running Validation...
Ep  22/500  loss=0.2182  tr_acc=0.8622  val_acc=0.8208  val_auroc=0.9566  val_f1=0.7071  lr=1.96e-05
Running Validation...
Ep  23/500  loss=0.2000  tr_acc=0.8704  val_acc=0.8203  val_auroc=0.9549  val_f1=0.7070  lr=2.04e-05
Running Validation...
Ep  24/500  loss=0.1808  tr_acc=0.8800  val_acc=0.8101  val_auroc=0.9569  val_f1=0.7167  lr=2.13e-05
Running Validation...
Ep  25/500  loss=0.1673  tr_acc=0.9002  val_acc=0.8197  val_auroc=0.9504  val_f1=0.7087  lr=2.21e-05
Running Validation...
Ep  26/500  loss=0.1553  tr_acc=0.9028  val_acc=0.8101  val_auroc=0.9466  val_f1=0.7053  lr=2.30e-05
Running Validation...
Ep  27/500  loss=0.1492  tr_acc=0.9082  val_acc=0.8096  val_auroc=0.9500  val_f1=0.6857  lr=2.38e-05
Running Validation...
Ep  28/500  loss=0.1421  tr_acc=0.9148  val_acc=0.8053  val_auroc=0.9487  val_f1=0.7074  lr=2.46e-05
Running Validation...
Ep  29/500  loss=0.1259  tr_acc=0.9209  val_acc=0.8181  val_auroc=0.9526  val_f1=0.7145  lr=2.55e-05
Running Validation...
Ep  30/500  loss=0.1262  tr_acc=0.9241  val_acc=0.8208  val_auroc=0.9539  val_f1=0.6974  lr=2.64e-05
Running Validation...
Ep  31/500  loss=0.1237  tr_acc=0.9280  val_acc=0.8288  val_auroc=0.9568  val_f1=0.7208  lr=2.72e-05
Running Validation...
Ep  32/500  loss=0.1124  tr_acc=0.9345  val_acc=0.8272  val_auroc=0.9509  val_f1=0.7366  lr=2.81e-05
Running Validation...
Ep  33/500  loss=0.1157  tr_acc=0.9343  val_acc=0.8389  val_auroc=0.9577  val_f1=0.7396  lr=2.89e-05
Running Validation...
Ep  34/500  loss=0.1068  tr_acc=0.9374  val_acc=0.8299  val_auroc=0.9550  val_f1=0.7418  lr=2.98e-05
Running Validation...
Ep  35/500  loss=0.0997  tr_acc=0.9414  val_acc=0.8272  val_auroc=0.9507  val_f1=0.7384  lr=3.06e-05
Running Validation...
Ep  36/500  loss=0.0915  tr_acc=0.9431  val_acc=0.8267  val_auroc=0.9462  val_f1=0.7149  lr=3.14e-05
Running Validation...
Ep  37/500  loss=0.0952  tr_acc=0.9449  val_acc=0.8245  val_auroc=0.9490  val_f1=0.7102  lr=3.23e-05
Running Validation...
Ep  38/500  loss=0.0896  tr_acc=0.9499  val_acc=0.8315  val_auroc=0.9519  val_f1=0.7321  lr=3.32e-05
Running Validation...
Ep  39/500  loss=0.0857  tr_acc=0.9495  val_acc=0.8384  val_auroc=0.9527  val_f1=0.7381  lr=3.40e-05
Running Validation...
Ep  40/500  loss=0.0934  tr_acc=0.9469  val_acc=0.8256  val_auroc=0.9538  val_f1=0.7162  lr=3.49e-05
Running Validation...
Ep  41/500  loss=0.0745  tr_acc=0.9558  val_acc=0.8224  val_auroc=0.9534  val_f1=0.7150  lr=3.57e-05
Running Validation...
Ep  42/500  loss=0.0886  tr_acc=0.9509  val_acc=0.8416  val_auroc=0.9535  val_f1=0.7455  lr=3.66e-05
Running Validation...
Ep  43/500  loss=0.0828  tr_acc=0.9560  val_acc=0.8203  val_auroc=0.9524  val_f1=0.7018  lr=3.74e-05
Running Validation...
Ep  44/500  loss=0.0825  tr_acc=0.9522  val_acc=0.8123  val_auroc=0.9351  val_f1=0.6907  lr=3.83e-05
Running Validation...
Ep  45/500  loss=0.0747  tr_acc=0.9583  val_acc=0.8304  val_auroc=0.9521  val_f1=0.7137  lr=3.91e-05
Running Validation...
Ep  46/500  loss=0.0680  tr_acc=0.9607  val_acc=0.8437  val_auroc=0.9502  val_f1=0.7499  lr=4.00e-05
Running Validation...
Ep  47/500  loss=0.0765  tr_acc=0.9584  val_acc=0.8357  val_auroc=0.9467  val_f1=0.7279  lr=4.08e-05
Running Validation...
Ep  48/500  loss=0.0712  tr_acc=0.9607  val_acc=0.8405  val_auroc=0.9513  val_f1=0.7381  lr=4.17e-05
Running Validation...
Ep  49/500  loss=0.0737  tr_acc=0.9580  val_acc=0.8389  val_auroc=0.9443  val_f1=0.7291  lr=4.25e-05
Running Validation...
Ep  50/500  loss=0.0710  tr_acc=0.9596  val_acc=0.8395  val_auroc=0.9481  val_f1=0.7346  lr=4.34e-05
Running Validation...
Ep  51/500  loss=0.0716  tr_acc=0.9604  val_acc=0.8320  val_auroc=0.9492  val_f1=0.7187  lr=4.42e-05
Running Validation...
Ep  52/500  loss=0.0697  tr_acc=0.9638  val_acc=0.8448  val_auroc=0.9503  val_f1=0.7471  lr=4.51e-05
Running Validation...
Ep  53/500  loss=0.0596  tr_acc=0.9653  val_acc=0.8101  val_auroc=0.9392  val_f1=0.6879  lr=4.59e-05
Running Validation...
Ep  54/500  loss=0.0717  tr_acc=0.9604  val_acc=0.8261  val_auroc=0.9506  val_f1=0.7079  lr=4.68e-05
Running Validation...
Ep  55/500  loss=0.0660  tr_acc=0.9657  val_acc=0.8245  val_auroc=0.9419  val_f1=0.7243  lr=4.76e-05
Running Validation...
Ep  56/500  loss=0.0732  tr_acc=0.9631  val_acc=0.8267  val_auroc=0.9521  val_f1=0.7112  lr=4.84e-05
Running Validation...
Ep  57/500  loss=0.0562  tr_acc=0.9692  val_acc=0.8283  val_auroc=0.9468  val_f1=0.7152  lr=4.93e-05
Running Validation...
Ep  58/500  loss=0.0708  tr_acc=0.9639  val_acc=0.8341  val_auroc=0.9478  val_f1=0.7349  lr=5.01e-05
Running Validation...
Ep  59/500  loss=0.0569  tr_acc=0.9690  val_acc=0.8341  val_auroc=0.9501  val_f1=0.7375  lr=5.10e-05
Running Validation...
Ep  60/500  loss=0.0586  tr_acc=0.9697  val_acc=0.8325  val_auroc=0.9517  val_f1=0.7389  lr=5.18e-05
Running Validation...
Ep  61/500  loss=0.0592  tr_acc=0.9693  val_acc=0.8293  val_auroc=0.9464  val_f1=0.7314  lr=5.27e-05
Running Validation...
Ep  62/500  loss=0.0631  tr_acc=0.9668  val_acc=0.8293  val_auroc=0.9465  val_f1=0.7291  lr=5.36e-05
Running Validation...
Ep  63/500  loss=0.0539  tr_acc=0.9705  val_acc=0.8197  val_auroc=0.9439  val_f1=0.7181  lr=5.44e-05
Running Validation...
Ep  64/500  loss=0.0616  tr_acc=0.9683  val_acc=0.8368  val_auroc=0.9519  val_f1=0.7398  lr=5.53e-05
Running Validation...
Ep  65/500  loss=0.0577  tr_acc=0.9686  val_acc=0.8443  val_auroc=0.9486  val_f1=0.7492  lr=5.61e-05
Running Validation...
Ep  66/500  loss=0.0545  tr_acc=0.9705  val_acc=0.8203  val_auroc=0.9474  val_f1=0.7070  lr=5.70e-05
Running Validation...
Ep  67/500  loss=0.0689  tr_acc=0.9647  val_acc=0.8261  val_auroc=0.9453  val_f1=0.7316  lr=5.78e-05
Running Validation...
Ep  68/500  loss=0.0561  tr_acc=0.9702  val_acc=0.8357  val_auroc=0.9469  val_f1=0.7393  lr=5.87e-05
Running Validation...
Ep  69/500  loss=0.0572  tr_acc=0.9716  val_acc=0.8112  val_auroc=0.9420  val_f1=0.6923  lr=5.95e-05
Running Validation...
Ep  70/500  loss=0.0616  tr_acc=0.9682  val_acc=0.8421  val_auroc=0.9462  val_f1=0.7480  lr=6.04e-05
Running Validation...
Ep  71/500  loss=0.0544  tr_acc=0.9699  val_acc=0.8373  val_auroc=0.9533  val_f1=0.7404  lr=6.12e-05
Running Validation...
Ep  72/500  loss=0.0501  tr_acc=0.9732  val_acc=0.8416  val_auroc=0.9514  val_f1=0.7524  lr=6.21e-05
Running Validation...
Ep  73/500  loss=0.0526  tr_acc=0.9747  val_acc=0.8320  val_auroc=0.9445  val_f1=0.7235  lr=6.29e-05
Running Validation...
Ep  74/500  loss=0.0443  tr_acc=0.9736  val_acc=0.8427  val_auroc=0.9538  val_f1=0.7629  lr=6.38e-05
Running Validation...
Ep  75/500  loss=0.0611  tr_acc=0.9713  val_acc=0.8501  val_auroc=0.9539  val_f1=0.7532  lr=6.46e-05
Running Validation...
Ep  76/500  loss=0.0591  tr_acc=0.9682  val_acc=0.8261  val_auroc=0.9469  val_f1=0.7171  lr=6.55e-05
Running Validation...
Ep  77/500  loss=0.0543  tr_acc=0.9723  val_acc=0.8277  val_auroc=0.9411  val_f1=0.7168  lr=6.63e-05
Running Validation...
Ep  78/500  loss=0.0546  tr_acc=0.9742  val_acc=0.8304  val_auroc=0.9455  val_f1=0.7430  lr=6.72e-05
Running Validation...
Ep  79/500  loss=0.0593  tr_acc=0.9723  val_acc=0.8309  val_auroc=0.9434  val_f1=0.7314  lr=6.80e-05
Running Validation...
Ep  80/500  loss=0.0533  tr_acc=0.9731  val_acc=0.8427  val_auroc=0.9489  val_f1=0.7479  lr=6.89e-05
Running Validation...
Ep  81/500  loss=0.0582  tr_acc=0.9722  val_acc=0.8437  val_auroc=0.9511  val_f1=0.7497  lr=6.97e-05
Running Validation...
Ep  82/500  loss=0.0563  tr_acc=0.9722  val_acc=0.8405  val_auroc=0.9461  val_f1=0.7550  lr=7.06e-05
Running Validation...
Ep  83/500  loss=0.0608  tr_acc=0.9728  val_acc=0.8395  val_auroc=0.9546  val_f1=0.7440  lr=7.14e-05
Running Validation...
Ep  84/500  loss=0.0592  tr_acc=0.9740  val_acc=0.8320  val_auroc=0.9454  val_f1=0.7286  lr=7.23e-05
Running Validation...
Ep  85/500  loss=0.0587  tr_acc=0.9713  val_acc=0.8320  val_auroc=0.9534  val_f1=0.7267  lr=7.31e-05
Running Validation...
Ep  86/500  loss=0.0529  tr_acc=0.9708  val_acc=0.8299  val_auroc=0.9553  val_f1=0.7162  lr=7.40e-05
Running Validation...
Ep  87/500  loss=0.0484  tr_acc=0.9760  val_acc=0.8384  val_auroc=0.9552  val_f1=0.7472  lr=7.48e-05
Running Validation...
Ep  88/500  loss=0.0550  tr_acc=0.9752  val_acc=0.8464  val_auroc=0.9560  val_f1=0.7547  lr=7.57e-05
Running Validation...
Ep  89/500  loss=0.0516  tr_acc=0.9764  val_acc=0.8347  val_auroc=0.9504  val_f1=0.7222  lr=7.65e-05
Running Validation...
Ep  90/500  loss=0.0453  tr_acc=0.9761  val_acc=0.8373  val_auroc=0.9430  val_f1=0.7427  lr=7.74e-05
Running Validation...
Ep  91/500  loss=0.0554  tr_acc=0.9755  val_acc=0.8437  val_auroc=0.9476  val_f1=0.7534  lr=7.82e-05
Running Validation...
Ep  92/500  loss=0.0492  tr_acc=0.9747  val_acc=0.8517  val_auroc=0.9547  val_f1=0.7694  lr=7.91e-05
Running Validation...
Ep  93/500  loss=0.0511  tr_acc=0.9753  val_acc=0.8251  val_auroc=0.9479  val_f1=0.7208  lr=7.99e-05
Running Validation...
Ep  94/500  loss=0.0504  tr_acc=0.9753  val_acc=0.8400  val_auroc=0.9501  val_f1=0.7354  lr=8.07e-05
Running Validation...
Ep  95/500  loss=0.0459  tr_acc=0.9792  val_acc=0.8219  val_auroc=0.9344  val_f1=0.7127  lr=8.16e-05
Running Validation...
Ep  96/500  loss=0.0439  tr_acc=0.9779  val_acc=0.8336  val_auroc=0.9429  val_f1=0.7375  lr=8.24e-05
Running Validation...
Ep  97/500  loss=0.0512  tr_acc=0.9760  val_acc=0.8363  val_auroc=0.9510  val_f1=0.7355  lr=8.33e-05
Running Validation...
Ep  98/500  loss=0.0590  tr_acc=0.9740  val_acc=0.8432  val_auroc=0.9527  val_f1=0.7467  lr=8.41e-05
Running Validation...
Ep  99/500  loss=0.0559  tr_acc=0.9745  val_acc=0.8277  val_auroc=0.9470  val_f1=0.7224  lr=8.50e-05
Running Validation...
Ep 100/500  loss=0.0477  tr_acc=0.9772  val_acc=0.8208  val_auroc=0.9494  val_f1=0.7024  lr=8.50e-05
Running Validation...
Ep 101/500  loss=0.0463  tr_acc=0.9771  val_acc=0.8171  val_auroc=0.9423  val_f1=0.7286  lr=8.50e-05
Running Validation...
Ep 102/500  loss=0.0501  tr_acc=0.9749  val_acc=0.8336  val_auroc=0.9545  val_f1=0.7209  lr=8.50e-05
Running Validation...
Ep 103/500  loss=0.0468  tr_acc=0.9789  val_acc=0.8395  val_auroc=0.9523  val_f1=0.7379  lr=8.50e-05
Running Validation...
Ep 104/500  loss=0.0537  tr_acc=0.9760  val_acc=0.8165  val_auroc=0.9407  val_f1=0.7099  lr=8.50e-05
Running Validation...
Ep 105/500  loss=0.0598  tr_acc=0.9756  val_acc=0.8427  val_auroc=0.9509  val_f1=0.7474  lr=8.50e-05
Running Validation...
Ep 106/500  loss=0.0409  tr_acc=0.9793  val_acc=0.8331  val_auroc=0.9428  val_f1=0.7284  lr=8.50e-05
Running Validation...
Ep 107/500  loss=0.0429  tr_acc=0.9791  val_acc=0.8165  val_auroc=0.9462  val_f1=0.7019  lr=8.49e-05
Running Validation...
Ep 108/500  loss=0.0476  tr_acc=0.9771  val_acc=0.8245  val_auroc=0.9484  val_f1=0.7159  lr=8.49e-05
Running Validation...
Ep 109/500  loss=0.0491  tr_acc=0.9772  val_acc=0.8261  val_auroc=0.9493  val_f1=0.7248  lr=8.49e-05
Running Validation...
Ep 110/500  loss=0.0418  tr_acc=0.9821  val_acc=0.8368  val_auroc=0.9530  val_f1=0.7356  lr=8.49e-05
Running Validation...
Ep 111/500  loss=0.0488  tr_acc=0.9760  val_acc=0.8421  val_auroc=0.9519  val_f1=0.7550  lr=8.48e-05
Running Validation...
Ep 112/500  loss=0.0490  tr_acc=0.9792  val_acc=0.8299  val_auroc=0.9503  val_f1=0.7246  lr=8.48e-05
Running Validation...
Ep 113/500  loss=0.0408  tr_acc=0.9809  val_acc=0.8293  val_auroc=0.9490  val_f1=0.7324  lr=8.48e-05
Running Validation...
Ep 114/500  loss=0.0360  tr_acc=0.9825  val_acc=0.8437  val_auroc=0.9492  val_f1=0.7460  lr=8.47e-05
Running Validation...
Ep 115/500  loss=0.0457  tr_acc=0.9793  val_acc=0.8475  val_auroc=0.9585  val_f1=0.7541  lr=8.47e-05
Running Validation...
Ep 116/500  loss=0.0414  tr_acc=0.9796  val_acc=0.8501  val_auroc=0.9577  val_f1=0.7621  lr=8.47e-05
Running Validation...
Ep 117/500  loss=0.0439  tr_acc=0.9826  val_acc=0.8347  val_auroc=0.9490  val_f1=0.7367  lr=8.46e-05
Running Validation...
Ep 118/500  loss=0.0319  tr_acc=0.9837  val_acc=0.8347  val_auroc=0.9513  val_f1=0.7393  lr=8.46e-05
Running Validation...
Ep 119/500  loss=0.0372  tr_acc=0.9832  val_acc=0.8309  val_auroc=0.9526  val_f1=0.7292  lr=8.45e-05
Running Validation...
Ep 120/500  loss=0.0358  tr_acc=0.9857  val_acc=0.8379  val_auroc=0.9480  val_f1=0.7458  lr=8.45e-05
Running Validation...
Ep 121/500  loss=0.0331  tr_acc=0.9861  val_acc=0.8427  val_auroc=0.9498  val_f1=0.7544  lr=8.44e-05
Running Validation...
Ep 122/500  loss=0.0327  tr_acc=0.9836  val_acc=0.8507  val_auroc=0.9478  val_f1=0.7581  lr=8.44e-05
Running Validation...
Ep 123/500  loss=0.0412  tr_acc=0.9802  val_acc=0.8251  val_auroc=0.9508  val_f1=0.7171  lr=8.43e-05
Running Validation...
Ep 124/500  loss=0.0346  tr_acc=0.9845  val_acc=0.8448  val_auroc=0.9528  val_f1=0.7543  lr=8.42e-05
Running Validation...
Ep 125/500  loss=0.0342  tr_acc=0.9845  val_acc=0.8357  val_auroc=0.9539  val_f1=0.7383  lr=8.42e-05
Running Validation...
Ep 126/500  loss=0.0322  tr_acc=0.9861  val_acc=0.8149  val_auroc=0.9384  val_f1=0.7084  lr=8.41e-05
Running Validation...
Ep 127/500  loss=0.0393  tr_acc=0.9840  val_acc=0.8416  val_auroc=0.9561  val_f1=0.7433  lr=8.40e-05
Running Validation...
Ep 128/500  loss=0.0322  tr_acc=0.9855  val_acc=0.8347  val_auroc=0.9477  val_f1=0.7368  lr=8.40e-05
Running Validation...
Ep 129/500  loss=0.0306  tr_acc=0.9859  val_acc=0.8309  val_auroc=0.9511  val_f1=0.7210  lr=8.39e-05
Running Validation...
Ep 130/500  loss=0.0310  tr_acc=0.9858  val_acc=0.8421  val_auroc=0.9486  val_f1=0.7417  lr=8.38e-05
Running Validation...
Ep 131/500  loss=0.0331  tr_acc=0.9867  val_acc=0.8405  val_auroc=0.9567  val_f1=0.7494  lr=8.37e-05
Running Validation...
Ep 132/500  loss=0.0282  tr_acc=0.9875  val_acc=0.8427  val_auroc=0.9541  val_f1=0.7498  lr=8.37e-05
Running Validation...
Ep 133/500  loss=0.0279  tr_acc=0.9852  val_acc=0.8261  val_auroc=0.9431  val_f1=0.7173  lr=8.36e-05
Running Validation...
Ep 134/500  loss=0.0333  tr_acc=0.9858  val_acc=0.8379  val_auroc=0.9483  val_f1=0.7440  lr=8.35e-05
Running Validation...
Ep 135/500  loss=0.0329  tr_acc=0.9853  val_acc=0.8379  val_auroc=0.9469  val_f1=0.7534  lr=8.34e-05
Running Validation...
Ep 136/500  loss=0.0380  tr_acc=0.9856  val_acc=0.8427  val_auroc=0.9525  val_f1=0.7573  lr=8.33e-05
Running Validation...
Ep 137/500  loss=0.0380  tr_acc=0.9861  val_acc=0.8400  val_auroc=0.9480  val_f1=0.7449  lr=8.32e-05
Running Validation...
Ep 138/500  loss=0.0241  tr_acc=0.9873  val_acc=0.8357  val_auroc=0.9555  val_f1=0.7429  lr=8.31e-05
Running Validation...
Ep 139/500  loss=0.0292  tr_acc=0.9873  val_acc=0.8331  val_auroc=0.9490  val_f1=0.7410  lr=8.30e-05
Running Validation...
Ep 140/500  loss=0.0264  tr_acc=0.9879  val_acc=0.8224  val_auroc=0.9407  val_f1=0.7205  lr=8.29e-05
Running Validation...
Ep 141/500  loss=0.0271  tr_acc=0.9879  val_acc=0.8293  val_auroc=0.9480  val_f1=0.7246  lr=8.28e-05
Running Validation...
Ep 142/500  loss=0.0213  tr_acc=0.9892  val_acc=0.8384  val_auroc=0.9557  val_f1=0.7407  lr=8.27e-05
Running Validation...
Ep 143/500  loss=0.0264  tr_acc=0.9878  val_acc=0.8331  val_auroc=0.9518  val_f1=0.7316  lr=8.26e-05
Running Validation...
Ep 144/500  loss=0.0337  tr_acc=0.9861  val_acc=0.8192  val_auroc=0.9436  val_f1=0.7147  lr=8.25e-05
Running Validation...
Ep 145/500  loss=0.0255  tr_acc=0.9900  val_acc=0.8448  val_auroc=0.9543  val_f1=0.7584  lr=8.24e-05
Running Validation...
Ep 146/500  loss=0.0286  tr_acc=0.9876  val_acc=0.8389  val_auroc=0.9419  val_f1=0.7483  lr=8.23e-05
Running Validation...
Ep 147/500  loss=0.0257  tr_acc=0.9891  val_acc=0.8315  val_auroc=0.9354  val_f1=0.7408  lr=8.21e-05
Running Validation...
Ep 148/500  loss=0.0273  tr_acc=0.9884  val_acc=0.8304  val_auroc=0.9431  val_f1=0.7386  lr=8.20e-05
Running Validation...
Ep 149/500  loss=0.0227  tr_acc=0.9888  val_acc=0.8539  val_auroc=0.9569  val_f1=0.7784  lr=8.19e-05
Running Validation...
Ep 150/500  loss=0.0257  tr_acc=0.9907  val_acc=0.8368  val_auroc=0.9532  val_f1=0.7461  lr=8.18e-05
Running Validation...
Ep 151/500  loss=0.0254  tr_acc=0.9888  val_acc=0.8320  val_auroc=0.9478  val_f1=0.7246  lr=8.16e-05
Running Validation...
Ep 152/500  loss=0.0265  tr_acc=0.9882  val_acc=0.8331  val_auroc=0.9445  val_f1=0.7417  lr=8.15e-05
Running Validation...
Ep 153/500  loss=0.0237  tr_acc=0.9898  val_acc=0.8331  val_auroc=0.9492  val_f1=0.7333  lr=8.14e-05
Running Validation...
Ep 154/500  loss=0.0233  tr_acc=0.9891  val_acc=0.8325  val_auroc=0.9521  val_f1=0.7242  lr=8.12e-05
Running Validation...
Ep 155/500  loss=0.0215  tr_acc=0.9900  val_acc=0.8443  val_auroc=0.9588  val_f1=0.7461  lr=8.11e-05
Running Validation...
Ep 156/500  loss=0.0308  tr_acc=0.9879  val_acc=0.8267  val_auroc=0.9517  val_f1=0.7124  lr=8.10e-05
Running Validation...
Ep 157/500  loss=0.0270  tr_acc=0.9895  val_acc=0.8405  val_auroc=0.9515  val_f1=0.7464  lr=8.08e-05
Running Validation...
Ep 158/500  loss=0.0248  tr_acc=0.9895  val_acc=0.8421  val_auroc=0.9549  val_f1=0.7550  lr=8.07e-05
Running Validation...
Ep 159/500  loss=0.0237  tr_acc=0.9897  val_acc=0.8437  val_auroc=0.9601  val_f1=0.7559  lr=8.05e-05
Running Validation...
Ep 160/500  loss=0.0244  tr_acc=0.9898  val_acc=0.8432  val_auroc=0.9548  val_f1=0.7490  lr=8.04e-05
Running Validation...
Ep 161/500  loss=0.0189  tr_acc=0.9916  val_acc=0.8501  val_auroc=0.9602  val_f1=0.7599  lr=8.02e-05
Running Validation...
Ep 162/500  loss=0.0239  tr_acc=0.9908  val_acc=0.8341  val_auroc=0.9558  val_f1=0.7303  lr=8.01e-05
Running Validation...
Ep 163/500  loss=0.0247  tr_acc=0.9902  val_acc=0.8357  val_auroc=0.9530  val_f1=0.7388  lr=7.99e-05
Running Validation...
Ep 164/500  loss=0.0238  tr_acc=0.9900  val_acc=0.8475  val_auroc=0.9549  val_f1=0.7487  lr=7.97e-05
Running Validation...
Ep 165/500  loss=0.0219  tr_acc=0.9907  val_acc=0.8475  val_auroc=0.9537  val_f1=0.7565  lr=7.96e-05
Running Validation...
Ep 166/500  loss=0.0276  tr_acc=0.9918  val_acc=0.8373  val_auroc=0.9521  val_f1=0.7585  lr=7.94e-05
Running Validation...
Ep 167/500  loss=0.0207  tr_acc=0.9918  val_acc=0.8517  val_auroc=0.9576  val_f1=0.7656  lr=7.93e-05
Running Validation...
Ep 168/500  loss=0.0211  tr_acc=0.9914  val_acc=0.8405  val_auroc=0.9556  val_f1=0.7501  lr=7.91e-05
Running Validation...
Ep 169/500  loss=0.0193  tr_acc=0.9924  val_acc=0.8320  val_auroc=0.9523  val_f1=0.7380  lr=7.89e-05
Running Validation...
Ep 170/500  loss=0.0206  tr_acc=0.9910  val_acc=0.8443  val_auroc=0.9549  val_f1=0.7495  lr=7.87e-05
Running Validation...
Ep 171/500  loss=0.0192  tr_acc=0.9919  val_acc=0.8379  val_auroc=0.9538  val_f1=0.7472  lr=7.86e-05
Running Validation...
Ep 172/500  loss=0.0169  tr_acc=0.9932  val_acc=0.8475  val_auroc=0.9554  val_f1=0.7530  lr=7.84e-05
Running Validation...
Ep 173/500  loss=0.0180  tr_acc=0.9922  val_acc=0.8485  val_auroc=0.9575  val_f1=0.7494  lr=7.82e-05
Running Validation...
Ep 174/500  loss=0.0188  tr_acc=0.9919  val_acc=0.8469  val_auroc=0.9524  val_f1=0.7488  lr=7.80e-05
Running Validation...
Ep 175/500  loss=0.0214  tr_acc=0.9897  val_acc=0.8421  val_auroc=0.9518  val_f1=0.7433  lr=7.78e-05
Running Validation...
Ep 176/500  loss=0.0203  tr_acc=0.9923  val_acc=0.8395  val_auroc=0.9495  val_f1=0.7489  lr=7.77e-05
Running Validation...
Ep 177/500  loss=0.0163  tr_acc=0.9921  val_acc=0.8373  val_auroc=0.9538  val_f1=0.7397  lr=7.75e-05
Running Validation...
Ep 178/500  loss=0.0204  tr_acc=0.9911  val_acc=0.8411  val_auroc=0.9515  val_f1=0.7483  lr=7.73e-05
Running Validation...
Ep 179/500  loss=0.0159  tr_acc=0.9927  val_acc=0.8405  val_auroc=0.9515  val_f1=0.7481  lr=7.71e-05
Running Validation...
Ep 180/500  loss=0.0176  tr_acc=0.9930  val_acc=0.8325  val_auroc=0.9506  val_f1=0.7361  lr=7.69e-05
Running Validation...
Ep 181/500  loss=0.0156  tr_acc=0.9930  val_acc=0.8240  val_auroc=0.9432  val_f1=0.7283  lr=7.67e-05
Running Validation...
Ep 182/500  loss=0.0209  tr_acc=0.9928  val_acc=0.8443  val_auroc=0.9490  val_f1=0.7493  lr=7.65e-05
Running Validation...
Ep 183/500  loss=0.0207  tr_acc=0.9915  val_acc=0.8517  val_auroc=0.9560  val_f1=0.7627  lr=7.63e-05
Running Validation...
Ep 184/500  loss=0.0166  tr_acc=0.9914  val_acc=0.8512  val_auroc=0.9558  val_f1=0.7690  lr=7.61e-05
Running Validation...
Ep 185/500  loss=0.0173  tr_acc=0.9931  val_acc=0.8421  val_auroc=0.9550  val_f1=0.7446  lr=7.59e-05
Running Validation...
Ep 186/500  loss=0.0190  tr_acc=0.9931  val_acc=0.8491  val_auroc=0.9560  val_f1=0.7623  lr=7.57e-05
Running Validation...
Ep 187/500  loss=0.0199  tr_acc=0.9910  val_acc=0.8544  val_auroc=0.9544  val_f1=0.7687  lr=7.55e-05
Running Validation...
Ep 188/500  loss=0.0196  tr_acc=0.9931  val_acc=0.8459  val_auroc=0.9504  val_f1=0.7525  lr=7.52e-05
Running Validation...
Ep 189/500  loss=0.0139  tr_acc=0.9959  val_acc=0.8517  val_auroc=0.9498  val_f1=0.7665  lr=7.50e-05
Running Validation...
Ep 190/500  loss=0.0162  tr_acc=0.9939  val_acc=0.8459  val_auroc=0.9503  val_f1=0.7548  lr=7.48e-05
Running Validation...
Ep 191/500  loss=0.0204  tr_acc=0.9922  val_acc=0.8459  val_auroc=0.9497  val_f1=0.7523  lr=7.46e-05
Running Validation...
Ep 192/500  loss=0.0142  tr_acc=0.9940  val_acc=0.8448  val_auroc=0.9475  val_f1=0.7554  lr=7.44e-05
Running Validation...
Ep 193/500  loss=0.0124  tr_acc=0.9946  val_acc=0.8475  val_auroc=0.9482  val_f1=0.7637  lr=7.42e-05
Running Validation...
Ep 194/500  loss=0.0189  tr_acc=0.9919  val_acc=0.8405  val_auroc=0.9467  val_f1=0.7555  lr=7.39e-05
Running Validation...
Ep 195/500  loss=0.0226  tr_acc=0.9918  val_acc=0.8421  val_auroc=0.9477  val_f1=0.7543  lr=7.37e-05
Running Validation...
Ep 196/500  loss=0.0185  tr_acc=0.9918  val_acc=0.8416  val_auroc=0.9457  val_f1=0.7388  lr=7.35e-05
Running Validation...
Ep 197/500  loss=0.0132  tr_acc=0.9936  val_acc=0.8512  val_auroc=0.9544  val_f1=0.7588  lr=7.33e-05
Running Validation...
Ep 198/500  loss=0.0097  tr_acc=0.9951  val_acc=0.8560  val_auroc=0.9553  val_f1=0.7587  lr=7.30e-05
Running Validation...
Ep 199/500  loss=0.0118  tr_acc=0.9938  val_acc=0.8416  val_auroc=0.9504  val_f1=0.7521  lr=7.28e-05
Running Validation...
Ep 200/500  loss=0.0123  tr_acc=0.9935  val_acc=0.8411  val_auroc=0.9485  val_f1=0.7474  lr=7.26e-05
Running Validation...
Ep 201/500  loss=0.0109  tr_acc=0.9951  val_acc=0.8432  val_auroc=0.9498  val_f1=0.7507  lr=7.23e-05
Running Validation...
Ep 202/500  loss=0.0112  tr_acc=0.9943  val_acc=0.8421  val_auroc=0.9418  val_f1=0.7586  lr=7.21e-05
Running Validation...
Ep 203/500  loss=0.0240  tr_acc=0.9939  val_acc=0.8363  val_auroc=0.9494  val_f1=0.7563  lr=7.18e-05
Running Validation...
Ep 204/500  loss=0.0133  tr_acc=0.9945  val_acc=0.8555  val_auroc=0.9512  val_f1=0.7642  lr=7.16e-05
Running Validation...
Ep 205/500  loss=0.0141  tr_acc=0.9942  val_acc=0.8405  val_auroc=0.9541  val_f1=0.7481  lr=7.13e-05
Running Validation...
Ep 206/500  loss=0.0138  tr_acc=0.9940  val_acc=0.8405  val_auroc=0.9489  val_f1=0.7445  lr=7.11e-05
Running Validation...
Ep 207/500  loss=0.0163  tr_acc=0.9930  val_acc=0.8512  val_auroc=0.9528  val_f1=0.7682  lr=7.09e-05
Running Validation...
Ep 208/500  loss=0.0135  tr_acc=0.9950  val_acc=0.8549  val_auroc=0.9532  val_f1=0.7756  lr=7.06e-05
Running Validation...
Ep 209/500  loss=0.0182  tr_acc=0.9932  val_acc=0.8379  val_auroc=0.9475  val_f1=0.7496  lr=7.04e-05
Running Validation...
Ep 210/500  loss=0.0090  tr_acc=0.9954  val_acc=0.8389  val_auroc=0.9489  val_f1=0.7417  lr=7.01e-05
Running Validation...
Ep 211/500  loss=0.0184  tr_acc=0.9931  val_acc=0.8373  val_auroc=0.9505  val_f1=0.7372  lr=6.98e-05
Running Validation...
Ep 212/500  loss=0.0155  tr_acc=0.9939  val_acc=0.8533  val_auroc=0.9548  val_f1=0.7730  lr=6.96e-05
Running Validation...
Ep 213/500  loss=0.0165  tr_acc=0.9927  val_acc=0.8453  val_auroc=0.9499  val_f1=0.7529  lr=6.93e-05
Running Validation...
Ep 214/500  loss=0.0146  tr_acc=0.9946  val_acc=0.8485  val_auroc=0.9538  val_f1=0.7640  lr=6.91e-05
Running Validation...
Ep 215/500  loss=0.0110  tr_acc=0.9945  val_acc=0.8496  val_auroc=0.9470  val_f1=0.7617  lr=6.88e-05
Running Validation...
Ep 216/500  loss=0.0122  tr_acc=0.9954  val_acc=0.8491  val_auroc=0.9474  val_f1=0.7640  lr=6.85e-05
Running Validation...
Ep 217/500  loss=0.0105  tr_acc=0.9959  val_acc=0.8517  val_auroc=0.9515  val_f1=0.7628  lr=6.83e-05
Running Validation...
Ep 218/500  loss=0.0142  tr_acc=0.9947  val_acc=0.8491  val_auroc=0.9504  val_f1=0.7580  lr=6.80e-05
Running Validation...
Ep 219/500  loss=0.0123  tr_acc=0.9959  val_acc=0.8512  val_auroc=0.9536  val_f1=0.7624  lr=6.78e-05
Running Validation...
Ep 220/500  loss=0.0129  tr_acc=0.9946  val_acc=0.8512  val_auroc=0.9520  val_f1=0.7762  lr=6.75e-05
Running Validation...
Ep 221/500  loss=0.0086  tr_acc=0.9961  val_acc=0.8480  val_auroc=0.9492  val_f1=0.7470  lr=6.72e-05
Running Validation...
Ep 222/500  loss=0.0105  tr_acc=0.9962  val_acc=0.8453  val_auroc=0.9500  val_f1=0.7646  lr=6.69e-05
Running Validation...
Ep 223/500  loss=0.0120  tr_acc=0.9940  val_acc=0.8549  val_auroc=0.9532  val_f1=0.7678  lr=6.67e-05
Running Validation...
Ep 224/500  loss=0.0133  tr_acc=0.9954  val_acc=0.8453  val_auroc=0.9479  val_f1=0.7530  lr=6.64e-05
Running Validation...
Ep 225/500  loss=0.0095  tr_acc=0.9955  val_acc=0.8485  val_auroc=0.9466  val_f1=0.7585  lr=6.61e-05
Running Validation...
Ep 226/500  loss=0.0090  tr_acc=0.9960  val_acc=0.8379  val_auroc=0.9524  val_f1=0.7448  lr=6.58e-05
Running Validation...
Ep 227/500  loss=0.0085  tr_acc=0.9959  val_acc=0.8507  val_auroc=0.9497  val_f1=0.7683  lr=6.56e-05
Running Validation...
Ep 228/500  loss=0.0080  tr_acc=0.9963  val_acc=0.8459  val_auroc=0.9523  val_f1=0.7518  lr=6.53e-05
Running Validation...
Ep 229/500  loss=0.0151  tr_acc=0.9946  val_acc=0.8587  val_auroc=0.9582  val_f1=0.7745  lr=6.50e-05
Running Validation...
Ep 230/500  loss=0.0151  tr_acc=0.9944  val_acc=0.8581  val_auroc=0.9570  val_f1=0.7689  lr=6.47e-05
Running Validation...
Ep 231/500  loss=0.0105  tr_acc=0.9948  val_acc=0.8448  val_auroc=0.9543  val_f1=0.7543  lr=6.44e-05
Running Validation...
Ep 232/500  loss=0.0064  tr_acc=0.9970  val_acc=0.8565  val_auroc=0.9559  val_f1=0.7624  lr=6.41e-05
Running Validation...
Ep 233/500  loss=0.0096  tr_acc=0.9969  val_acc=0.8571  val_auroc=0.9508  val_f1=0.7738  lr=6.38e-05
Running Validation...
Ep 234/500  loss=0.0096  tr_acc=0.9953  val_acc=0.8331  val_auroc=0.9487  val_f1=0.7248  lr=6.36e-05
Running Validation...
Ep 235/500  loss=0.0102  tr_acc=0.9954  val_acc=0.8384  val_auroc=0.9489  val_f1=0.7346  lr=6.33e-05
Running Validation...
Ep 236/500  loss=0.0098  tr_acc=0.9948  val_acc=0.8512  val_auroc=0.9532  val_f1=0.7536  lr=6.30e-05
Running Validation...
Ep 237/500  loss=0.0091  tr_acc=0.9957  val_acc=0.8491  val_auroc=0.9570  val_f1=0.7635  lr=6.27e-05
Running Validation...
Ep 238/500  loss=0.0081  tr_acc=0.9967  val_acc=0.8576  val_auroc=0.9529  val_f1=0.7704  lr=6.24e-05
Running Validation...
Ep 239/500  loss=0.0067  tr_acc=0.9962  val_acc=0.8368  val_auroc=0.9438  val_f1=0.7368  lr=6.21e-05
Running Validation...
Ep 240/500  loss=0.0043  tr_acc=0.9977  val_acc=0.8512  val_auroc=0.9540  val_f1=0.7536  lr=6.18e-05
Running Validation...
Ep 241/500  loss=0.0105  tr_acc=0.9966  val_acc=0.8352  val_auroc=0.9452  val_f1=0.7364  lr=6.15e-05
Running Validation...
Ep 242/500  loss=0.0144  tr_acc=0.9940  val_acc=0.8459  val_auroc=0.9491  val_f1=0.7468  lr=6.12e-05
Running Validation...
Ep 243/500  loss=0.0100  tr_acc=0.9952  val_acc=0.8325  val_auroc=0.9458  val_f1=0.7314  lr=6.09e-05
Running Validation...
Ep 244/500  loss=0.0058  tr_acc=0.9966  val_acc=0.8496  val_auroc=0.9520  val_f1=0.7623  lr=6.06e-05
Running Validation...
Ep 245/500  loss=0.0058  tr_acc=0.9971  val_acc=0.8533  val_auroc=0.9549  val_f1=0.7674  lr=6.03e-05
Running Validation...
Ep 246/500  loss=0.0060  tr_acc=0.9973  val_acc=0.8501  val_auroc=0.9554  val_f1=0.7545  lr=6.00e-05
Running Validation...
Ep 247/500  loss=0.0108  tr_acc=0.9962  val_acc=0.8421  val_auroc=0.9521  val_f1=0.7429  lr=5.97e-05
Running Validation...
Ep 248/500  loss=0.0068  tr_acc=0.9969  val_acc=0.8523  val_auroc=0.9570  val_f1=0.7594  lr=5.94e-05
Running Validation...
Ep 249/500  loss=0.0085  tr_acc=0.9971  val_acc=0.8469  val_auroc=0.9534  val_f1=0.7590  lr=5.91e-05
Running Validation...
Ep 250/500  loss=0.0066  tr_acc=0.9971  val_acc=0.8549  val_auroc=0.9534  val_f1=0.7644  lr=5.88e-05
Running Validation...
Ep 251/500  loss=0.0110  tr_acc=0.9958  val_acc=0.8507  val_auroc=0.9564  val_f1=0.7540  lr=5.85e-05
Running Validation...
Ep 252/500  loss=0.0088  tr_acc=0.9970  val_acc=0.8437  val_auroc=0.9556  val_f1=0.7469  lr=5.81e-05
Running Validation...
Ep 253/500  loss=0.0101  tr_acc=0.9958  val_acc=0.8384  val_auroc=0.9519  val_f1=0.7429  lr=5.78e-05
Running Validation...
Ep 254/500  loss=0.0100  tr_acc=0.9959  val_acc=0.8592  val_auroc=0.9581  val_f1=0.7701  lr=5.75e-05
Running Validation...
Ep 255/500  loss=0.0072  tr_acc=0.9969  val_acc=0.8475  val_auroc=0.9546  val_f1=0.7547  lr=5.72e-05
Running Validation...
Ep 256/500  loss=0.0060  tr_acc=0.9971  val_acc=0.8459  val_auroc=0.9536  val_f1=0.7525  lr=5.69e-05
Running Validation...
Ep 257/500  loss=0.0048  tr_acc=0.9978  val_acc=0.8645  val_auroc=0.9574  val_f1=0.7814  lr=5.66e-05
Running Validation...
Ep 258/500  loss=0.0041  tr_acc=0.9978  val_acc=0.8496  val_auroc=0.9540  val_f1=0.7597  lr=5.63e-05
Running Validation...
Ep 259/500  loss=0.0055  tr_acc=0.9981  val_acc=0.8507  val_auroc=0.9534  val_f1=0.7594  lr=5.60e-05
Running Validation...
Ep 260/500  loss=0.0094  tr_acc=0.9957  val_acc=0.8459  val_auroc=0.9557  val_f1=0.7449  lr=5.56e-05
Running Validation...
Ep 261/500  loss=0.0057  tr_acc=0.9970  val_acc=0.8416  val_auroc=0.9514  val_f1=0.7384  lr=5.53e-05
Running Validation...
Ep 262/500  loss=0.0057  tr_acc=0.9973  val_acc=0.8437  val_auroc=0.9551  val_f1=0.7471  lr=5.50e-05
Running Validation...
Ep 263/500  loss=0.0097  tr_acc=0.9965  val_acc=0.8507  val_auroc=0.9569  val_f1=0.7666  lr=5.47e-05
Running Validation...
Ep 264/500  loss=0.0080  tr_acc=0.9969  val_acc=0.8480  val_auroc=0.9534  val_f1=0.7493  lr=5.44e-05
Running Validation...
Ep 265/500  loss=0.0100  tr_acc=0.9962  val_acc=0.8517  val_auroc=0.9560  val_f1=0.7608  lr=5.40e-05
Running Validation...
Ep 266/500  loss=0.0074  tr_acc=0.9960  val_acc=0.8320  val_auroc=0.9494  val_f1=0.7225  lr=5.37e-05
Running Validation...
Ep 267/500  loss=0.0055  tr_acc=0.9971  val_acc=0.8464  val_auroc=0.9551  val_f1=0.7544  lr=5.34e-05
Running Validation...
Ep 268/500  loss=0.0076  tr_acc=0.9973  val_acc=0.8533  val_auroc=0.9531  val_f1=0.7580  lr=5.31e-05
Running Validation...
Ep 269/500  loss=0.0058  tr_acc=0.9974  val_acc=0.8560  val_auroc=0.9544  val_f1=0.7621  lr=5.27e-05
Running Validation...
Ep 270/500  loss=0.0030  tr_acc=0.9979  val_acc=0.8405  val_auroc=0.9534  val_f1=0.7343  lr=5.24e-05
Running Validation...
Ep 271/500  loss=0.0054  tr_acc=0.9982  val_acc=0.8400  val_auroc=0.9506  val_f1=0.7354  lr=5.21e-05
Running Validation...
Ep 272/500  loss=0.0058  tr_acc=0.9976  val_acc=0.8453  val_auroc=0.9540  val_f1=0.7500  lr=5.18e-05
Running Validation...
Ep 273/500  loss=0.0061  tr_acc=0.9974  val_acc=0.8421  val_auroc=0.9530  val_f1=0.7454  lr=5.14e-05
Running Validation...
Ep 274/500  loss=0.0088  tr_acc=0.9971  val_acc=0.8501  val_auroc=0.9521  val_f1=0.7558  lr=5.11e-05
Running Validation...
Ep 275/500  loss=0.0057  tr_acc=0.9978  val_acc=0.8512  val_auroc=0.9553  val_f1=0.7573  lr=5.08e-05
Running Validation...
Ep 276/500  loss=0.0067  tr_acc=0.9978  val_acc=0.8352  val_auroc=0.9510  val_f1=0.7273  lr=5.05e-05
Running Validation...
Ep 277/500  loss=0.0042  tr_acc=0.9974  val_acc=0.8437  val_auroc=0.9579  val_f1=0.7443  lr=5.01e-05
Running Validation...
Ep 278/500  loss=0.0082  tr_acc=0.9975  val_acc=0.8501  val_auroc=0.9550  val_f1=0.7546  lr=4.98e-05
Running Validation...
Ep 279/500  loss=0.0039  tr_acc=0.9984  val_acc=0.8501  val_auroc=0.9537  val_f1=0.7541  lr=4.95e-05
Running Validation...
Ep 280/500  loss=0.0038  tr_acc=0.9986  val_acc=0.8485  val_auroc=0.9555  val_f1=0.7502  lr=4.91e-05
Running Validation...
Ep 281/500  loss=0.0097  tr_acc=0.9968  val_acc=0.8507  val_auroc=0.9549  val_f1=0.7534  lr=4.88e-05
Running Validation...
Ep 282/500  loss=0.0045  tr_acc=0.9987  val_acc=0.8395  val_auroc=0.9482  val_f1=0.7336  lr=4.85e-05
Running Validation...
Ep 283/500  loss=0.0090  tr_acc=0.9966  val_acc=0.8491  val_auroc=0.9521  val_f1=0.7597  lr=4.82e-05
Running Validation...
Ep 284/500  loss=0.0041  tr_acc=0.9978  val_acc=0.8485  val_auroc=0.9532  val_f1=0.7542  lr=4.78e-05
Running Validation...
Ep 285/500  loss=0.0032  tr_acc=0.9982  val_acc=0.8523  val_auroc=0.9580  val_f1=0.7584  lr=4.75e-05
Running Validation...
Ep 286/500  loss=0.0042  tr_acc=0.9983  val_acc=0.8475  val_auroc=0.9508  val_f1=0.7565  lr=4.72e-05
Running Validation...
Ep 287/500  loss=0.0040  tr_acc=0.9979  val_acc=0.8512  val_auroc=0.9592  val_f1=0.7613  lr=4.68e-05
Running Validation...
Ep 288/500  loss=0.0038  tr_acc=0.9986  val_acc=0.8523  val_auroc=0.9582  val_f1=0.7611  lr=4.65e-05
Running Validation...
Ep 289/500  loss=0.0032  tr_acc=0.9985  val_acc=0.8555  val_auroc=0.9558  val_f1=0.7677  lr=4.62e-05
Running Validation...
Ep 290/500  loss=0.0045  tr_acc=0.9984  val_acc=0.8533  val_auroc=0.9576  val_f1=0.7616  lr=4.58e-05
Running Validation...
Ep 291/500  loss=0.0047  tr_acc=0.9977  val_acc=0.8512  val_auroc=0.9540  val_f1=0.7546  lr=4.55e-05
Running Validation...
Ep 292/500  loss=0.0058  tr_acc=0.9974  val_acc=0.8576  val_auroc=0.9565  val_f1=0.7696  lr=4.52e-05
Running Validation...
Ep 293/500  loss=0.0034  tr_acc=0.9986  val_acc=0.8592  val_auroc=0.9583  val_f1=0.7677  lr=4.48e-05
Running Validation...
Ep 294/500  loss=0.0043  tr_acc=0.9983  val_acc=0.8501  val_auroc=0.9536  val_f1=0.7532  lr=4.45e-05
Running Validation...
Ep 295/500  loss=0.0063  tr_acc=0.9981  val_acc=0.8475  val_auroc=0.9525  val_f1=0.7470  lr=4.42e-05
Running Validation...
Ep 296/500  loss=0.0080  tr_acc=0.9977  val_acc=0.8544  val_auroc=0.9591  val_f1=0.7652  lr=4.38e-05
Running Validation...
Ep 297/500  loss=0.0034  tr_acc=0.9985  val_acc=0.8629  val_auroc=0.9601  val_f1=0.7784  lr=4.35e-05
Running Validation...
Ep 298/500  loss=0.0023  tr_acc=0.9992  val_acc=0.8539  val_auroc=0.9613  val_f1=0.7640  lr=4.32e-05
Running Validation...
Ep 299/500  loss=0.0051  tr_acc=0.9981  val_acc=0.8544  val_auroc=0.9620  val_f1=0.7660  lr=4.28e-05
Running Validation...
Ep 300/500  loss=0.0063  tr_acc=0.9975  val_acc=0.8619  val_auroc=0.9624  val_f1=0.7693  lr=4.25e-05
Running Validation...
Ep 301/500  loss=0.0044  tr_acc=0.9976  val_acc=0.8539  val_auroc=0.9554  val_f1=0.7590  lr=4.22e-05
Running Validation...
Ep 302/500  loss=0.0027  tr_acc=0.9982  val_acc=0.8555  val_auroc=0.9562  val_f1=0.7673  lr=4.18e-05
Running Validation...
Ep 303/500  loss=0.0029  tr_acc=0.9987  val_acc=0.8523  val_auroc=0.9556  val_f1=0.7596  lr=4.15e-05
Running Validation...
Ep 304/500  loss=0.0040  tr_acc=0.9989  val_acc=0.8469  val_auroc=0.9554  val_f1=0.7431  lr=4.12e-05
Running Validation...
Ep 305/500  loss=0.0059  tr_acc=0.9978  val_acc=0.8475  val_auroc=0.9544  val_f1=0.7476  lr=4.08e-05
Running Validation...
Ep 306/500  loss=0.0041  tr_acc=0.9979  val_acc=0.8539  val_auroc=0.9529  val_f1=0.7602  lr=4.05e-05
Running Validation...
Ep 307/500  loss=0.0023  tr_acc=0.9991  val_acc=0.8475  val_auroc=0.9567  val_f1=0.7510  lr=4.02e-05
Running Validation...
Ep 308/500  loss=0.0020  tr_acc=0.9987  val_acc=0.8539  val_auroc=0.9558  val_f1=0.7640  lr=3.98e-05
Running Validation...
Ep 309/500  loss=0.0029  tr_acc=0.9987  val_acc=0.8555  val_auroc=0.9554  val_f1=0.7585  lr=3.95e-05
Running Validation...
Ep 310/500  loss=0.0030  tr_acc=0.9986  val_acc=0.8501  val_auroc=0.9534  val_f1=0.7579  lr=3.92e-05
Running Validation...
Ep 311/500  loss=0.0028  tr_acc=0.9989  val_acc=0.8453  val_auroc=0.9555  val_f1=0.7440  lr=3.88e-05
Running Validation...
Ep 312/500  loss=0.0038  tr_acc=0.9982  val_acc=0.8517  val_auroc=0.9568  val_f1=0.7483  lr=3.85e-05
Running Validation...
Ep 313/500  loss=0.0011  tr_acc=0.9992  val_acc=0.8549  val_auroc=0.9571  val_f1=0.7617  lr=3.82e-05
Running Validation...
Ep 314/500  loss=0.0024  tr_acc=0.9985  val_acc=0.8464  val_auroc=0.9526  val_f1=0.7472  lr=3.78e-05
Running Validation...
Ep 315/500  loss=0.0035  tr_acc=0.9986  val_acc=0.8480  val_auroc=0.9557  val_f1=0.7486  lr=3.75e-05
Running Validation...
Ep 316/500  loss=0.0021  tr_acc=0.9991  val_acc=0.8539  val_auroc=0.9571  val_f1=0.7622  lr=3.72e-05
Running Validation...
Ep 317/500  loss=0.0021  tr_acc=0.9989  val_acc=0.8427  val_auroc=0.9445  val_f1=0.7413  lr=3.68e-05
Running Validation...
Ep 318/500  loss=0.0051  tr_acc=0.9982  val_acc=0.8480  val_auroc=0.9582  val_f1=0.7545  lr=3.65e-05
Running Validation...
Ep 319/500  loss=0.0032  tr_acc=0.9983  val_acc=0.8512  val_auroc=0.9562  val_f1=0.7520  lr=3.62e-05
Running Validation...
Ep 320/500  loss=0.0032  tr_acc=0.9984  val_acc=0.8448  val_auroc=0.9580  val_f1=0.7410  lr=3.59e-05
Running Validation...
Ep 321/500  loss=0.0035  tr_acc=0.9983  val_acc=0.8485  val_auroc=0.9592  val_f1=0.7502  lr=3.55e-05
Running Validation...
Ep 322/500  loss=0.0031  tr_acc=0.9987  val_acc=0.8469  val_auroc=0.9543  val_f1=0.7464  lr=3.52e-05
Running Validation...
Ep 323/500  loss=0.0049  tr_acc=0.9981  val_acc=0.8443  val_auroc=0.9546  val_f1=0.7424  lr=3.49e-05
Running Validation...
Ep 324/500  loss=0.0015  tr_acc=0.9990  val_acc=0.8437  val_auroc=0.9566  val_f1=0.7353  lr=3.45e-05
Running Validation...
Ep 325/500  loss=0.0031  tr_acc=0.9989  val_acc=0.8544  val_auroc=0.9566  val_f1=0.7615  lr=3.42e-05
Running Validation...
Ep 326/500  loss=0.0020  tr_acc=0.9992  val_acc=0.8533  val_auroc=0.9578  val_f1=0.7562  lr=3.39e-05
Running Validation...
Ep 327/500  loss=0.0065  tr_acc=0.9987  val_acc=0.8501  val_auroc=0.9530  val_f1=0.7558  lr=3.36e-05
Running Validation...
Ep 328/500  loss=0.0032  tr_acc=0.9990  val_acc=0.8427  val_auroc=0.9548  val_f1=0.7430  lr=3.32e-05
Running Validation...
Ep 329/500  loss=0.0039  tr_acc=0.9983  val_acc=0.8549  val_auroc=0.9528  val_f1=0.7561  lr=3.29e-05
Running Validation...
Ep 330/500  loss=0.0019  tr_acc=0.9991  val_acc=0.8448  val_auroc=0.9535  val_f1=0.7432  lr=3.26e-05
Running Validation...
Ep 331/500  loss=0.0014  tr_acc=0.9991  val_acc=0.8507  val_auroc=0.9550  val_f1=0.7546  lr=3.23e-05
Running Validation...
Ep 332/500  loss=0.0010  tr_acc=0.9992  val_acc=0.8480  val_auroc=0.9508  val_f1=0.7479  lr=3.19e-05
Running Validation...
Ep 333/500  loss=0.0017  tr_acc=0.9989  val_acc=0.8512  val_auroc=0.9533  val_f1=0.7512  lr=3.16e-05
Running Validation...
Ep 334/500  loss=0.0029  tr_acc=0.9990  val_acc=0.8523  val_auroc=0.9543  val_f1=0.7535  lr=3.13e-05
Running Validation...
Ep 335/500  loss=0.0016  tr_acc=0.9995  val_acc=0.8485  val_auroc=0.9521  val_f1=0.7530  lr=3.10e-05
Running Validation...
Ep 336/500  loss=0.0026  tr_acc=0.9992  val_acc=0.8571  val_auroc=0.9589  val_f1=0.7630  lr=3.06e-05
Running Validation...
Ep 337/500  loss=0.0033  tr_acc=0.9986  val_acc=0.8560  val_auroc=0.9571  val_f1=0.7648  lr=3.03e-05
Running Validation...
Ep 338/500  loss=0.0025  tr_acc=0.9991  val_acc=0.8421  val_auroc=0.9531  val_f1=0.7383  lr=3.00e-05
Running Validation...
Ep 339/500  loss=0.0020  tr_acc=0.9993  val_acc=0.8507  val_auroc=0.9552  val_f1=0.7600  lr=2.97e-05
Running Validation...
Ep 340/500  loss=0.0011  tr_acc=0.9992  val_acc=0.8624  val_auroc=0.9603  val_f1=0.7785  lr=2.94e-05
Running Validation...
Ep 341/500  loss=0.0016  tr_acc=0.9992  val_acc=0.8501  val_auroc=0.9575  val_f1=0.7605  lr=2.90e-05
Running Validation...
Ep 342/500  loss=0.0029  tr_acc=0.9987  val_acc=0.8555  val_auroc=0.9599  val_f1=0.7681  lr=2.87e-05
Running Validation...
Ep 343/500  loss=0.0030  tr_acc=0.9986  val_acc=0.8523  val_auroc=0.9585  val_f1=0.7574  lr=2.84e-05
Running Validation...
Ep 344/500  loss=0.0026  tr_acc=0.9985  val_acc=0.8576  val_auroc=0.9584  val_f1=0.7706  lr=2.81e-05
Running Validation...
Ep 345/500  loss=0.0020  tr_acc=0.9991  val_acc=0.8587  val_auroc=0.9600  val_f1=0.7736  lr=2.78e-05
Running Validation...
Ep 346/500  loss=0.0008  tr_acc=0.9995  val_acc=0.8587  val_auroc=0.9567  val_f1=0.7700  lr=2.75e-05
Running Validation...
Ep 347/500  loss=0.0018  tr_acc=0.9997  val_acc=0.8432  val_auroc=0.9509  val_f1=0.7446  lr=2.72e-05
Running Validation...
Ep 348/500  loss=0.0016  tr_acc=0.9992  val_acc=0.8571  val_auroc=0.9564  val_f1=0.7610  lr=2.69e-05
Running Validation...
Ep 349/500  loss=0.0022  tr_acc=0.9990  val_acc=0.8453  val_auroc=0.9544  val_f1=0.7457  lr=2.65e-05
Running Validation...
Ep 350/500  loss=0.0018  tr_acc=0.9995  val_acc=0.8448  val_auroc=0.9550  val_f1=0.7474  lr=2.62e-05
Running Validation...
Ep 351/500  loss=0.0010  tr_acc=0.9993  val_acc=0.8533  val_auroc=0.9577  val_f1=0.7579  lr=2.59e-05
Running Validation...
Ep 352/500  loss=0.0042  tr_acc=0.9984  val_acc=0.8512  val_auroc=0.9591  val_f1=0.7597  lr=2.56e-05
Running Validation...
Ep 353/500  loss=0.0009  tr_acc=0.9997  val_acc=0.8533  val_auroc=0.9589  val_f1=0.7593  lr=2.53e-05
Running Validation...
Ep 354/500  loss=0.0006  tr_acc=0.9999  val_acc=0.8491  val_auroc=0.9558  val_f1=0.7556  lr=2.50e-05
Running Validation...
Ep 355/500  loss=0.0010  tr_acc=0.9995  val_acc=0.8485  val_auroc=0.9593  val_f1=0.7491  lr=2.47e-05
Running Validation...
Ep 356/500  loss=0.0006  tr_acc=0.9995  val_acc=0.8544  val_auroc=0.9615  val_f1=0.7611  lr=2.44e-05
Running Validation...
Ep 357/500  loss=0.0004  tr_acc=0.9999  val_acc=0.8491  val_auroc=0.9586  val_f1=0.7500  lr=2.41e-05
Running Validation...
Ep 358/500  loss=0.0006  tr_acc=0.9998  val_acc=0.8496  val_auroc=0.9566  val_f1=0.7594  lr=2.38e-05
Running Validation...
Ep 359/500  loss=0.0005  tr_acc=0.9998  val_acc=0.8533  val_auroc=0.9599  val_f1=0.7564  lr=2.35e-05
Running Validation...
Ep 360/500  loss=0.0013  tr_acc=0.9994  val_acc=0.8469  val_auroc=0.9572  val_f1=0.7506  lr=2.32e-05
Running Validation...
Ep 361/500  loss=0.0015  tr_acc=0.9997  val_acc=0.8485  val_auroc=0.9597  val_f1=0.7589  lr=2.29e-05
Running Validation...
Ep 362/500  loss=0.0021  tr_acc=0.9991  val_acc=0.8528  val_auroc=0.9586  val_f1=0.7671  lr=2.26e-05
Running Validation...
Ep 363/500  loss=0.0016  tr_acc=0.9993  val_acc=0.8608  val_auroc=0.9612  val_f1=0.7741  lr=2.23e-05
Running Validation...
Ep 364/500  loss=0.0024  tr_acc=0.9993  val_acc=0.8523  val_auroc=0.9558  val_f1=0.7605  lr=2.20e-05
Running Validation...
Ep 365/500  loss=0.0035  tr_acc=0.9982  val_acc=0.8560  val_auroc=0.9594  val_f1=0.7644  lr=2.17e-05
Running Validation...
Ep 366/500  loss=0.0002  tr_acc=0.9997  val_acc=0.8464  val_auroc=0.9578  val_f1=0.7461  lr=2.14e-05
Running Validation...
Ep 367/500  loss=0.0007  tr_acc=0.9997  val_acc=0.8480  val_auroc=0.9559  val_f1=0.7511  lr=2.12e-05
Running Validation...
Ep 368/500  loss=0.0006  tr_acc=0.9994  val_acc=0.8533  val_auroc=0.9573  val_f1=0.7597  lr=2.09e-05
Running Validation...
Ep 369/500  loss=0.0017  tr_acc=0.9994  val_acc=0.8501  val_auroc=0.9560  val_f1=0.7603  lr=2.06e-05
Running Validation...
Ep 370/500  loss=0.0003  tr_acc=0.9998  val_acc=0.8496  val_auroc=0.9575  val_f1=0.7552  lr=2.03e-05
Running Validation...
Ep 371/500  loss=0.0038  tr_acc=0.9995  val_acc=0.8560  val_auroc=0.9572  val_f1=0.7588  lr=2.00e-05
Running Validation...
Ep 372/500  loss=0.0010  tr_acc=0.9994  val_acc=0.8507  val_auroc=0.9575  val_f1=0.7548  lr=1.97e-05
Running Validation...
Ep 373/500  loss=0.0003  tr_acc=0.9998  val_acc=0.8464  val_auroc=0.9562  val_f1=0.7477  lr=1.94e-05
Running Validation...
Ep 374/500  loss=0.0010  tr_acc=0.9999  val_acc=0.8576  val_auroc=0.9594  val_f1=0.7689  lr=1.92e-05
Running Validation...
Ep 375/500  loss=0.0003  tr_acc=0.9999  val_acc=0.8507  val_auroc=0.9532  val_f1=0.7594  lr=1.89e-05
Running Validation...
Ep 376/500  loss=0.0009  tr_acc=0.9997  val_acc=0.8555  val_auroc=0.9613  val_f1=0.7639  lr=1.86e-05
Running Validation...
Ep 377/500  loss=0.0002  tr_acc=0.9999  val_acc=0.8539  val_auroc=0.9566  val_f1=0.7628  lr=1.83e-05
Running Validation...
Ep 378/500  loss=0.0007  tr_acc=0.9998  val_acc=0.8533  val_auroc=0.9562  val_f1=0.7551  lr=1.81e-05
Running Validation...
Ep 379/500  loss=0.0011  tr_acc=0.9995  val_acc=0.8661  val_auroc=0.9630  val_f1=0.7817  lr=1.78e-05
Running Validation...
Ep 380/500  loss=0.0007  tr_acc=0.9998  val_acc=0.8619  val_auroc=0.9593  val_f1=0.7764  lr=1.75e-05
Running Validation...
Ep 381/500  loss=0.0012  tr_acc=0.9993  val_acc=0.8544  val_auroc=0.9593  val_f1=0.7682  lr=1.72e-05
Running Validation...
Ep 382/500  loss=0.0014  tr_acc=0.9993  val_acc=0.8560  val_auroc=0.9587  val_f1=0.7687  lr=1.70e-05
Running Validation...
Ep 383/500  loss=0.0010  tr_acc=0.9998  val_acc=0.8533  val_auroc=0.9558  val_f1=0.7616  lr=1.67e-05
Running Validation...
Ep 384/500  loss=0.0019  tr_acc=0.9994  val_acc=0.8603  val_auroc=0.9592  val_f1=0.7765  lr=1.65e-05
Running Validation...
Ep 385/500  loss=0.0005  tr_acc=0.9998  val_acc=0.8587  val_auroc=0.9598  val_f1=0.7744  lr=1.62e-05
Running Validation...
Ep 386/500  loss=0.0003  tr_acc=0.9998  val_acc=0.8677  val_auroc=0.9610  val_f1=0.7869  lr=1.59e-05
Running Validation...
Ep 387/500  loss=0.0005  tr_acc=0.9997  val_acc=0.8672  val_auroc=0.9608  val_f1=0.7884  lr=1.57e-05
Running Validation...
Ep 388/500  loss=0.0010  tr_acc=0.9997  val_acc=0.8603  val_auroc=0.9581  val_f1=0.7740  lr=1.54e-05
Running Validation...
Ep 389/500  loss=0.0005  tr_acc=0.9995  val_acc=0.8496  val_auroc=0.9564  val_f1=0.7589  lr=1.52e-05
Running Validation...
Ep 390/500  loss=0.0005  tr_acc=0.9999  val_acc=0.8533  val_auroc=0.9580  val_f1=0.7652  lr=1.49e-05
Running Validation...
Ep 391/500  loss=0.0001  tr_acc=1.0000  val_acc=0.8603  val_auroc=0.9602  val_f1=0.7742  lr=1.46e-05
Running Validation...
Ep 392/500  loss=0.0003  tr_acc=0.9998  val_acc=0.8501  val_auroc=0.9556  val_f1=0.7579  lr=1.44e-05
Running Validation...
Ep 393/500  loss=0.0003  tr_acc=0.9999  val_acc=0.8539  val_auroc=0.9556  val_f1=0.7642  lr=1.41e-05
Running Validation...
Ep 394/500  loss=0.0003  tr_acc=0.9997  val_acc=0.8603  val_auroc=0.9606  val_f1=0.7762  lr=1.39e-05
Running Validation...
Ep 395/500  loss=0.0018  tr_acc=0.9995  val_acc=0.8613  val_auroc=0.9587  val_f1=0.7761  lr=1.37e-05
Running Validation...
Ep 396/500  loss=0.0002  tr_acc=1.0000  val_acc=0.8533  val_auroc=0.9564  val_f1=0.7622  lr=1.34e-05
Running Validation...
Ep 397/500  loss=0.0005  tr_acc=0.9997  val_acc=0.8512  val_auroc=0.9554  val_f1=0.7589  lr=1.32e-05
Running Validation...
Ep 398/500  loss=0.0002  tr_acc=0.9999  val_acc=0.8587  val_auroc=0.9571  val_f1=0.7704  lr=1.29e-05
Running Validation...
Ep 399/500  loss=0.0006  tr_acc=0.9997  val_acc=0.8448  val_auroc=0.9540  val_f1=0.7513  lr=1.27e-05
Running Validation...
Ep 400/500  loss=0.0004  tr_acc=0.9998  val_acc=0.8640  val_auroc=0.9603  val_f1=0.7812  lr=1.24e-05
Running Validation...
Ep 401/500  loss=0.0008  tr_acc=0.9998  val_acc=0.8549  val_auroc=0.9585  val_f1=0.7674  lr=1.22e-05
Running Validation...
Ep 402/500  loss=0.0015  tr_acc=0.9995  val_acc=0.8539  val_auroc=0.9588  val_f1=0.7662  lr=1.20e-05
Running Validation...
Ep 403/500  loss=0.0003  tr_acc=0.9998  val_acc=0.8528  val_auroc=0.9572  val_f1=0.7604  lr=1.17e-05
Running Validation...
Ep 404/500  loss=0.0001  tr_acc=0.9999  val_acc=0.8587  val_auroc=0.9624  val_f1=0.7666  lr=1.15e-05
Running Validation...
Ep 405/500  loss=0.0001  tr_acc=1.0000  val_acc=0.8603  val_auroc=0.9626  val_f1=0.7702  lr=1.13e-05
Running Validation...
Ep 406/500  loss=0.0000  tr_acc=1.0000  val_acc=0.8539  val_auroc=0.9596  val_f1=0.7612  lr=1.11e-05
Running Validation...
Ep 407/500  loss=0.0002  tr_acc=0.9999  val_acc=0.8592  val_auroc=0.9620  val_f1=0.7722  lr=1.08e-05
Running Validation...
Ep 408/500  loss=0.0002  tr_acc=0.9999  val_acc=0.8539  val_auroc=0.9598  val_f1=0.7584  lr=1.06e-05
Running Validation...
Ep 409/500  loss=0.0005  tr_acc=0.9999  val_acc=0.8576  val_auroc=0.9593  val_f1=0.7689  lr=1.04e-05
Running Validation...
Ep 410/500  loss=0.0001  tr_acc=0.9999  val_acc=0.8555  val_auroc=0.9595  val_f1=0.7637  lr=1.02e-05
Running Validation...
Ep 411/500  loss=0.0005  tr_acc=0.9998  val_acc=0.8539  val_auroc=0.9576  val_f1=0.7657  lr=9.97e-06
Running Validation...
Ep 412/500  loss=0.0003  tr_acc=0.9999  val_acc=0.8581  val_auroc=0.9585  val_f1=0.7671  lr=9.75e-06
Running Validation...
Ep 413/500  loss=0.0001  tr_acc=1.0000  val_acc=0.8581  val_auroc=0.9600  val_f1=0.7697  lr=9.54e-06
Running Validation...
Ep 414/500  loss=0.0003  tr_acc=0.9998  val_acc=0.8533  val_auroc=0.9566  val_f1=0.7566  lr=9.33e-06
Running Validation...
Ep 415/500  loss=0.0014  tr_acc=0.9999  val_acc=0.8549  val_auroc=0.9593  val_f1=0.7628  lr=9.12e-06
Running Validation...
Ep 416/500  loss=0.0001  tr_acc=0.9999  val_acc=0.8560  val_auroc=0.9596  val_f1=0.7653  lr=8.92e-06
Running Validation...
Ep 417/500  loss=0.0013  tr_acc=0.9993  val_acc=0.8645  val_auroc=0.9637  val_f1=0.7779  lr=8.71e-06
Running Validation...
Ep 418/500  loss=0.0002  tr_acc=0.9998  val_acc=0.8629  val_auroc=0.9637  val_f1=0.7748  lr=8.51e-06
Running Validation...
Ep 419/500  loss=0.0004  tr_acc=0.9998  val_acc=0.8624  val_auroc=0.9626  val_f1=0.7769  lr=8.31e-06
Running Validation...
Ep 420/500  loss=0.0000  tr_acc=1.0000  val_acc=0.8629  val_auroc=0.9614  val_f1=0.7820  lr=8.12e-06
Running Validation...
Ep 421/500  loss=0.0006  tr_acc=0.9999  val_acc=0.8539  val_auroc=0.9599  val_f1=0.7606  lr=7.92e-06
Running Validation...
Ep 422/500  loss=0.0001  tr_acc=1.0000  val_acc=0.8581  val_auroc=0.9594  val_f1=0.7674  lr=7.73e-06
Running Validation...
Ep 423/500  loss=0.0006  tr_acc=0.9999  val_acc=0.8581  val_auroc=0.9610  val_f1=0.7702  lr=7.54e-06
Running Validation...
Ep 424/500  loss=0.0002  tr_acc=0.9999  val_acc=0.8645  val_auroc=0.9626  val_f1=0.7756  lr=7.35e-06
