=========================================
Job:       train_DisCo_resnet18  (412720)
Node:      bigpu02
Started:   Mon May 25 11:48:42 PM CEST 2026
=========================================
[INFO] No HF token found at /users/jlacmou/.hf_token — downloads may be slow.
[INFO] No kaggle.json found in process_DisCo_resnet18. Relying on ~/.kaggle/ or env vars.
[SETUP] Creating virtual environment...
[SETUP] Installing / verifying Python dependencies...

── GPU info ──────────────────────────────
Tesla V100-PCIE-32GB, 32768 MiB, 575.57.08
PyTorch : 2.12.0+cu126
CUDA    : 12.6
Devices : 1
GPU 0   : Tesla V100-PCIE-32GB
VRAM    : 34.1 GB
──────────────────────────────────────────

[CHECK] Validating dataset roots...
  [MISSING] process_DisCo_resnet18/data/datasets/asosenge/hibaskinlesionsdataset-main  ← Attempting to download via Kaggle CLI...
Dataset URL: https://www.kaggle.com/datasets/asosenge/hibaskinlesionsdataset-main
License(s): other
Downloading hibaskinlesionsdataset-main.zip to process_DisCo_resnet18/data/datasets/asosenge/hibaskinlesionsdataset-main

  [DOWNLOADED] process_DisCo_resnet18/data/datasets/asosenge/hibaskinlesionsdataset-main
  [MISSING] process_DisCo_resnet18/data/datasets/asosenge/fitzpatrick17k  ← Attempting to download via Kaggle CLI...
Dataset URL: https://www.kaggle.com/datasets/asosenge/fitzpatrick17k
License(s): other
Downloading fitzpatrick17k.zip to process_DisCo_resnet18/data/datasets/asosenge/fitzpatrick17k

  [DOWNLOADED] process_DisCo_resnet18/data/datasets/asosenge/fitzpatrick17k
  [MISSING] process_DisCo_resnet18/data/datasets/asosenge/ham10000  ← Attempting to download via Kaggle CLI...
Dataset URL: https://www.kaggle.com/datasets/asosenge/ham10000
License(s): Attribution-NonCommercial 4.0 International (CC BY-NC 4.0)
Downloading ham10000.zip to process_DisCo_resnet18/data/datasets/asosenge/ham10000

  [DOWNLOADED] process_DisCo_resnet18/data/datasets/asosenge/ham10000
  [MISSING] process_DisCo_resnet18/data/datasets/asosenge/derm7pt  ← Attempting to download via Kaggle CLI...
Dataset URL: https://www.kaggle.com/datasets/asosenge/derm7pt
License(s): other
Downloading derm7pt.zip to process_DisCo_resnet18/data/datasets/asosenge/derm7pt

  [DOWNLOADED] process_DisCo_resnet18/data/datasets/asosenge/derm7pt
  [MISSING] process_DisCo_resnet18/data/datasets/mahdavi1202/skin-cancer  ← Attempting to download via Kaggle CLI...
Dataset URL: https://www.kaggle.com/datasets/mahdavi1202/skin-cancer
License(s): Attribution 4.0 International (CC BY 4.0)
Downloading skin-cancer.zip to process_DisCo_resnet18/data/datasets/mahdavi1202/skin-cancer

  [DOWNLOADED] process_DisCo_resnet18/data/datasets/mahdavi1202/skin-cancer
  [MISSING] process_DisCo_resnet18/data/datasets/sengenjih/isic2019  ← Attempting to download via Kaggle CLI...
Dataset URL: https://www.kaggle.com/datasets/sengenjih/isic2019
License(s): Attribution-NonCommercial 4.0 International (CC BY-NC 4.0)
Downloading isic2019.zip to process_DisCo_resnet18/data/datasets/sengenjih/isic2019

  [DOWNLOADED] process_DisCo_resnet18/data/datasets/sengenjih/isic2019

[CONVERT] Converting notebook to Python script...
[PATCH] Redirecting Kaggle paths → cluster paths...
  DATA_ROOT  → process_DisCo_resnet18/data/datasets
  WORK_ROOT  → process_DisCo_resnet18/outputs
  BB_CACHE   → process_DisCo_resnet18/backbone_cache
  Patch applied successfully.

[RUN] Starting training — Tue May 26 12:09:39 AM CEST 2026
=========================================
Device: cuda
Checking configured paths:
  WORK_ROOT : outputs  [OK]
  CSV_DIR   : outputs/csvs  [OK]
  hiba           : process_DisCo_resnet18/data/datasets/asosenge/hibaskinlesionsdataset-main/HIBASkinLesionsDataset-main/images  [OK]
  fitzpatrick17k : process_DisCo_resnet18/data/datasets/asosenge/fitzpatrick17k/fitzpatrick17k/data/finalfitz17k  [OK]
  ham10000       : process_DisCo_resnet18/data/datasets/asosenge/ham10000/HAM10000  [OK]
  derm7pt        : process_DisCo_resnet18/data/datasets/asosenge/derm7pt/release_v0/images  [OK]
  padufes20      : process_DisCo_resnet18/data/datasets/mahdavi1202/skin-cancer  [OK]
  isic2019       : process_DisCo_resnet18/data/datasets/sengenjih/isic2019  [OK]
CSV dir      : outputs/csvs
Checkpoints  : outputs/checkpoints_DisCo_resnet18
Results      : outputs/results_DisCo_resnet18
Image roots:
  hiba           : process_DisCo_resnet18/data/datasets/asosenge/hibaskinlesionsdataset-main/HIBASkinLesionsDataset-main/images
  fitzpatrick17k : process_DisCo_resnet18/data/datasets/asosenge/fitzpatrick17k/fitzpatrick17k/data/finalfitz17k
  ham10000       : process_DisCo_resnet18/data/datasets/asosenge/ham10000/HAM10000
  derm7pt        : process_DisCo_resnet18/data/datasets/asosenge/derm7pt/release_v0/images
  padufes20      : process_DisCo_resnet18/data/datasets/mahdavi1202/skin-cancer
  isic2019       : process_DisCo_resnet18/data/datasets/sengenjih/isic2019
[INFO] Built image map for hiba: 1616 entries
[INFO] Built image map for fitzpatrick17k: 16577 entries
[INFO] Built image map for ham10000: 20030 entries
[INFO] Built image map for derm7pt: 2013 entries
[INFO] Built image map for padufes20: 2298 entries
[INFO] Built image map for isic2019: 33569 entries
[INFO] Loaded derm7pt paired eval set: 869 samples
[INFO] Loaded padufes20 unpaired eval set: 2063 samples
[INFO] Loaded isic2019 unpaired eval set: 27551 samples
Train batches: 273, Val batches: 59
Test batches: 59
Cross-eval loaders: ['derm7pt', 'padufes20', 'isic2019']
Downloading: "https://download.pytorch.org/models/resnet18-f37072fd.pth" to process_DisCo_resnet18/backbone_cache/hub/checkpoints/resnet18-f37072fd.pth
Running Validation...
Ep   1/500  total_loss=7.8245  tr_acc=0.2071  val_acc=0.1008  val_auroc=0.5248  val_f1=0.0925  lr=1.70e-06
Running Validation...
Ep   2/500  total_loss=7.7516  tr_acc=0.2214  val_acc=0.1109  val_auroc=0.5809  val_f1=0.1059  lr=2.55e-06
Running Validation...
Ep   3/500  total_loss=7.6535  tr_acc=0.2527  val_acc=0.3115  val_auroc=0.6852  val_f1=0.2352  lr=3.40e-06
Running Validation...
Ep   4/500  total_loss=7.5553  tr_acc=0.3286  val_acc=0.5931  val_auroc=0.7692  val_f1=0.3849  lr=4.25e-06
Running Validation...
Ep   5/500  total_loss=7.4758  tr_acc=0.4224  val_acc=0.6613  val_auroc=0.8156  val_f1=0.4329  lr=5.10e-06
Running Validation...
Ep   6/500  total_loss=7.3706  tr_acc=0.4976  val_acc=0.7035  val_auroc=0.8538  val_f1=0.4907  lr=5.95e-06
Running Validation...
Ep   7/500  total_loss=7.2538  tr_acc=0.5750  val_acc=0.7173  val_auroc=0.8733  val_f1=0.4888  lr=6.80e-06
Running Validation...
Ep   8/500  total_loss=7.1761  tr_acc=0.6121  val_acc=0.7371  val_auroc=0.8928  val_f1=0.5315  lr=7.65e-06
Running Validation...
Ep   9/500  total_loss=7.0776  tr_acc=0.6554  val_acc=0.7504  val_auroc=0.9028  val_f1=0.5537  lr=8.50e-06
Running Validation...
Ep  10/500  total_loss=6.9574  tr_acc=0.6862  val_acc=0.7611  val_auroc=0.9162  val_f1=0.5806  lr=9.35e-06
Running Validation...
Ep  11/500  total_loss=6.7828  tr_acc=0.7261  val_acc=0.7664  val_auroc=0.9202  val_f1=0.6096  lr=1.02e-05
Running Validation...
Ep  12/500  total_loss=6.7383  tr_acc=0.7345  val_acc=0.7701  val_auroc=0.9275  val_f1=0.6313  lr=1.11e-05
Running Validation...
Ep  13/500  total_loss=6.5756  tr_acc=0.7617  val_acc=0.7739  val_auroc=0.9316  val_f1=0.6333  lr=1.19e-05
Running Validation...
Ep  14/500  total_loss=6.4133  tr_acc=0.7882  val_acc=0.7813  val_auroc=0.9315  val_f1=0.6422  lr=1.27e-05
Running Validation...
Ep  15/500  total_loss=6.2880  tr_acc=0.8052  val_acc=0.7920  val_auroc=0.9341  val_f1=0.6505  lr=1.36e-05
Running Validation...
Ep  16/500  total_loss=6.1305  tr_acc=0.8242  val_acc=0.8096  val_auroc=0.9387  val_f1=0.6822  lr=1.45e-05
Running Validation...
Ep  17/500  total_loss=5.9955  tr_acc=0.8373  val_acc=0.7989  val_auroc=0.9370  val_f1=0.6780  lr=1.53e-05
Running Validation...
Ep  18/500  total_loss=5.8941  tr_acc=0.8438  val_acc=0.8059  val_auroc=0.9413  val_f1=0.6772  lr=1.62e-05
Running Validation...
Ep  19/500  total_loss=5.7774  tr_acc=0.8561  val_acc=0.8005  val_auroc=0.9385  val_f1=0.6712  lr=1.70e-05
Running Validation...
Ep  20/500  total_loss=5.6309  tr_acc=0.8709  val_acc=0.8085  val_auroc=0.9444  val_f1=0.6888  lr=1.79e-05
Running Validation...
Ep  21/500  total_loss=5.4997  tr_acc=0.8807  val_acc=0.7989  val_auroc=0.9337  val_f1=0.6733  lr=1.87e-05
Running Validation...
Ep  22/500  total_loss=5.4285  tr_acc=0.8843  val_acc=0.8000  val_auroc=0.9384  val_f1=0.6759  lr=1.96e-05
Running Validation...
Ep  23/500  total_loss=5.2344  tr_acc=0.9011  val_acc=0.8085  val_auroc=0.9418  val_f1=0.6897  lr=2.04e-05
Running Validation...
Ep  24/500  total_loss=5.2050  tr_acc=0.8980  val_acc=0.8096  val_auroc=0.9373  val_f1=0.7006  lr=2.13e-05
Running Validation...
Ep  25/500  total_loss=5.1178  tr_acc=0.9025  val_acc=0.8048  val_auroc=0.9367  val_f1=0.6841  lr=2.21e-05
Running Validation...
Ep  26/500  total_loss=5.0448  tr_acc=0.9053  val_acc=0.8213  val_auroc=0.9365  val_f1=0.7279  lr=2.30e-05
Running Validation...
Ep  27/500  total_loss=4.9180  tr_acc=0.9170  val_acc=0.8128  val_auroc=0.9320  val_f1=0.7047  lr=2.38e-05
Running Validation...
Ep  28/500  total_loss=4.8502  tr_acc=0.9159  val_acc=0.8251  val_auroc=0.9408  val_f1=0.7286  lr=2.46e-05
Running Validation...
Ep  29/500  total_loss=4.7401  tr_acc=0.9239  val_acc=0.8112  val_auroc=0.9341  val_f1=0.7123  lr=2.55e-05
Running Validation...
Ep  30/500  total_loss=4.7083  tr_acc=0.9253  val_acc=0.8160  val_auroc=0.9325  val_f1=0.7103  lr=2.64e-05
Running Validation...
Ep  31/500  total_loss=4.6975  tr_acc=0.9219  val_acc=0.8128  val_auroc=0.9362  val_f1=0.7028  lr=2.72e-05
Running Validation...
Ep  32/500  total_loss=4.6012  tr_acc=0.9278  val_acc=0.8197  val_auroc=0.9292  val_f1=0.7116  lr=2.81e-05
Running Validation...
Ep  33/500  total_loss=4.5358  tr_acc=0.9311  val_acc=0.8283  val_auroc=0.9348  val_f1=0.7337  lr=2.89e-05
Running Validation...
Ep  34/500  total_loss=4.5474  tr_acc=0.9290  val_acc=0.8203  val_auroc=0.9308  val_f1=0.7125  lr=2.98e-05
Running Validation...
Ep  35/500  total_loss=4.4640  tr_acc=0.9322  val_acc=0.8251  val_auroc=0.9394  val_f1=0.7297  lr=3.06e-05
Running Validation...
Ep  36/500  total_loss=4.4263  tr_acc=0.9365  val_acc=0.8400  val_auroc=0.9438  val_f1=0.7486  lr=3.14e-05
Running Validation...
Ep  37/500  total_loss=4.3769  tr_acc=0.9388  val_acc=0.8181  val_auroc=0.9328  val_f1=0.7074  lr=3.23e-05
Running Validation...
Ep  38/500  total_loss=4.3932  tr_acc=0.9368  val_acc=0.8176  val_auroc=0.9361  val_f1=0.7143  lr=3.32e-05
Running Validation...
Ep  39/500  total_loss=4.3679  tr_acc=0.9356  val_acc=0.8235  val_auroc=0.9370  val_f1=0.7219  lr=3.40e-05
Running Validation...
Ep  40/500  total_loss=4.2878  tr_acc=0.9414  val_acc=0.8288  val_auroc=0.9332  val_f1=0.7377  lr=3.49e-05
Running Validation...
Ep  41/500  total_loss=4.2834  tr_acc=0.9400  val_acc=0.8299  val_auroc=0.9299  val_f1=0.7377  lr=3.57e-05
Running Validation...
Ep  42/500  total_loss=4.2582  tr_acc=0.9414  val_acc=0.8245  val_auroc=0.9291  val_f1=0.7290  lr=3.66e-05
Running Validation...
Ep  43/500  total_loss=4.2450  tr_acc=0.9412  val_acc=0.8373  val_auroc=0.9331  val_f1=0.7490  lr=3.74e-05
Running Validation...
Ep  44/500  total_loss=4.2696  tr_acc=0.9405  val_acc=0.8251  val_auroc=0.9379  val_f1=0.7304  lr=3.83e-05
Running Validation...
Ep  45/500  total_loss=4.2643  tr_acc=0.9412  val_acc=0.8192  val_auroc=0.9354  val_f1=0.7077  lr=3.91e-05
Running Validation...
Ep  46/500  total_loss=4.1936  tr_acc=0.9461  val_acc=0.8224  val_auroc=0.9262  val_f1=0.7081  lr=4.00e-05
Running Validation...
Ep  47/500  total_loss=4.2010  tr_acc=0.9460  val_acc=0.8432  val_auroc=0.9420  val_f1=0.7471  lr=4.08e-05
Running Validation...
Ep  48/500  total_loss=4.2129  tr_acc=0.9440  val_acc=0.8293  val_auroc=0.9317  val_f1=0.7290  lr=4.17e-05
Running Validation...
Ep  49/500  total_loss=4.1338  tr_acc=0.9495  val_acc=0.8299  val_auroc=0.9319  val_f1=0.7304  lr=4.25e-05
Running Validation...
Ep  50/500  total_loss=4.1795  tr_acc=0.9435  val_acc=0.8256  val_auroc=0.9328  val_f1=0.7256  lr=4.34e-05
Running Validation...
Ep  51/500  total_loss=4.1544  tr_acc=0.9459  val_acc=0.8363  val_auroc=0.9282  val_f1=0.7378  lr=4.42e-05
Running Validation...
Ep  52/500  total_loss=4.1553  tr_acc=0.9452  val_acc=0.8240  val_auroc=0.9289  val_f1=0.7223  lr=4.51e-05
Running Validation...
Ep  53/500  total_loss=4.1753  tr_acc=0.9443  val_acc=0.8267  val_auroc=0.9356  val_f1=0.7106  lr=4.59e-05
Running Validation...
Ep  54/500  total_loss=4.1321  tr_acc=0.9478  val_acc=0.8304  val_auroc=0.9377  val_f1=0.7407  lr=4.68e-05
Running Validation...
Ep  55/500  total_loss=4.0755  tr_acc=0.9538  val_acc=0.8245  val_auroc=0.9353  val_f1=0.7088  lr=4.76e-05
Running Validation...
Ep  56/500  total_loss=4.1124  tr_acc=0.9488  val_acc=0.8229  val_auroc=0.9330  val_f1=0.7199  lr=4.84e-05
Running Validation...
Ep  57/500  total_loss=4.1097  tr_acc=0.9469  val_acc=0.8251  val_auroc=0.9391  val_f1=0.7169  lr=4.93e-05
Running Validation...
Ep  58/500  total_loss=4.1274  tr_acc=0.9473  val_acc=0.8160  val_auroc=0.9348  val_f1=0.7048  lr=5.01e-05
Running Validation...
Ep  59/500  total_loss=4.1193  tr_acc=0.9496  val_acc=0.8395  val_auroc=0.9350  val_f1=0.7410  lr=5.10e-05
Running Validation...
Ep  60/500  total_loss=4.0959  tr_acc=0.9510  val_acc=0.8283  val_auroc=0.9269  val_f1=0.7246  lr=5.18e-05
Running Validation...
Ep  61/500  total_loss=4.1132  tr_acc=0.9481  val_acc=0.8389  val_auroc=0.9343  val_f1=0.7475  lr=5.27e-05
Running Validation...
Ep  62/500  total_loss=4.0867  tr_acc=0.9511  val_acc=0.8101  val_auroc=0.9093  val_f1=0.7281  lr=5.36e-05
Running Validation...
Ep  63/500  total_loss=4.1005  tr_acc=0.9491  val_acc=0.8203  val_auroc=0.9359  val_f1=0.7122  lr=5.44e-05
Running Validation...
Ep  64/500  total_loss=4.0738  tr_acc=0.9526  val_acc=0.8405  val_auroc=0.9384  val_f1=0.7351  lr=5.53e-05
Running Validation...
Ep  65/500  total_loss=4.0915  tr_acc=0.9499  val_acc=0.8379  val_auroc=0.9290  val_f1=0.7286  lr=5.61e-05
Running Validation...
Ep  66/500  total_loss=4.0836  tr_acc=0.9519  val_acc=0.8293  val_auroc=0.9258  val_f1=0.7283  lr=5.70e-05
Running Validation...
Ep  67/500  total_loss=4.0684  tr_acc=0.9522  val_acc=0.8208  val_auroc=0.9306  val_f1=0.7258  lr=5.78e-05
Running Validation...
Ep  68/500  total_loss=4.0860  tr_acc=0.9509  val_acc=0.8267  val_auroc=0.9329  val_f1=0.7241  lr=5.87e-05
Running Validation...
Ep  69/500  total_loss=4.0835  tr_acc=0.9488  val_acc=0.8224  val_auroc=0.9322  val_f1=0.7066  lr=5.95e-05
Running Validation...
Ep  70/500  total_loss=4.0666  tr_acc=0.9493  val_acc=0.8299  val_auroc=0.9347  val_f1=0.7222  lr=6.04e-05
Running Validation...
Ep  71/500  total_loss=4.0658  tr_acc=0.9520  val_acc=0.8235  val_auroc=0.9371  val_f1=0.7109  lr=6.12e-05
Running Validation...
Ep  72/500  total_loss=4.0407  tr_acc=0.9525  val_acc=0.8363  val_auroc=0.9331  val_f1=0.7299  lr=6.21e-05
Running Validation...
Ep  73/500  total_loss=4.0680  tr_acc=0.9475  val_acc=0.8427  val_auroc=0.9418  val_f1=0.7502  lr=6.29e-05
Running Validation...
Ep  74/500  total_loss=4.0454  tr_acc=0.9536  val_acc=0.8352  val_auroc=0.9478  val_f1=0.7278  lr=6.38e-05
Running Validation...
Ep  75/500  total_loss=4.0591  tr_acc=0.9541  val_acc=0.8197  val_auroc=0.9412  val_f1=0.7077  lr=6.46e-05
Running Validation...
Ep  76/500  total_loss=3.9993  tr_acc=0.9552  val_acc=0.8288  val_auroc=0.9237  val_f1=0.7376  lr=6.55e-05
Running Validation...
Ep  77/500  total_loss=4.0564  tr_acc=0.9534  val_acc=0.8245  val_auroc=0.9290  val_f1=0.7188  lr=6.63e-05
Running Validation...
Ep  78/500  total_loss=4.0998  tr_acc=0.9514  val_acc=0.8288  val_auroc=0.9331  val_f1=0.7216  lr=6.72e-05
Running Validation...
Ep  79/500  total_loss=4.0409  tr_acc=0.9519  val_acc=0.8208  val_auroc=0.9377  val_f1=0.7194  lr=6.80e-05
Running Validation...
Ep  80/500  total_loss=4.0525  tr_acc=0.9530  val_acc=0.8357  val_auroc=0.9447  val_f1=0.7318  lr=6.89e-05
Running Validation...
Ep  81/500  total_loss=4.0581  tr_acc=0.9535  val_acc=0.8448  val_auroc=0.9344  val_f1=0.7423  lr=6.97e-05
Running Validation...
Ep  82/500  total_loss=4.0648  tr_acc=0.9522  val_acc=0.8320  val_auroc=0.9258  val_f1=0.7179  lr=7.06e-05
Running Validation...
Ep  83/500  total_loss=4.0445  tr_acc=0.9527  val_acc=0.8341  val_auroc=0.9410  val_f1=0.7383  lr=7.14e-05
Running Validation...
Ep  84/500  total_loss=4.0496  tr_acc=0.9530  val_acc=0.8165  val_auroc=0.9357  val_f1=0.7224  lr=7.23e-05
Running Validation...
Ep  85/500  total_loss=4.0512  tr_acc=0.9508  val_acc=0.8309  val_auroc=0.9413  val_f1=0.7251  lr=7.31e-05
Running Validation...
Ep  86/500  total_loss=4.0550  tr_acc=0.9516  val_acc=0.8368  val_auroc=0.9328  val_f1=0.7411  lr=7.40e-05
Running Validation...
Ep  87/500  total_loss=4.0264  tr_acc=0.9562  val_acc=0.8384  val_auroc=0.9340  val_f1=0.7346  lr=7.48e-05
Running Validation...
Ep  88/500  total_loss=4.0469  tr_acc=0.9531  val_acc=0.8325  val_auroc=0.9338  val_f1=0.7209  lr=7.57e-05
Running Validation...
Ep  89/500  total_loss=4.0277  tr_acc=0.9536  val_acc=0.8309  val_auroc=0.9352  val_f1=0.7351  lr=7.65e-05
Running Validation...
Ep  90/500  total_loss=4.0274  tr_acc=0.9559  val_acc=0.8347  val_auroc=0.9450  val_f1=0.7216  lr=7.74e-05
Running Validation...
Ep  91/500  total_loss=4.0246  tr_acc=0.9550  val_acc=0.8229  val_auroc=0.9349  val_f1=0.7144  lr=7.82e-05
Running Validation...
Ep  92/500  total_loss=4.0268  tr_acc=0.9570  val_acc=0.8267  val_auroc=0.9409  val_f1=0.7356  lr=7.91e-05
Running Validation...
Ep  93/500  total_loss=4.0113  tr_acc=0.9559  val_acc=0.8309  val_auroc=0.9461  val_f1=0.7267  lr=7.99e-05
Running Validation...
Ep  94/500  total_loss=4.0244  tr_acc=0.9533  val_acc=0.8315  val_auroc=0.9436  val_f1=0.7276  lr=8.07e-05
Running Validation...
Ep  95/500  total_loss=4.0550  tr_acc=0.9526  val_acc=0.8320  val_auroc=0.9274  val_f1=0.7372  lr=8.16e-05
Running Validation...
Ep  96/500  total_loss=3.9946  tr_acc=0.9596  val_acc=0.8416  val_auroc=0.9206  val_f1=0.7420  lr=8.24e-05
Running Validation...
Ep  97/500  total_loss=4.0157  tr_acc=0.9582  val_acc=0.8357  val_auroc=0.9417  val_f1=0.7311  lr=8.33e-05
Running Validation...
Ep  98/500  total_loss=4.0002  tr_acc=0.9599  val_acc=0.8256  val_auroc=0.9414  val_f1=0.7198  lr=8.41e-05
Running Validation...
Ep  99/500  total_loss=4.0823  tr_acc=0.9484  val_acc=0.8363  val_auroc=0.9332  val_f1=0.7303  lr=8.50e-05
Running Validation...
Ep 100/500  total_loss=3.9948  tr_acc=0.9575  val_acc=0.8288  val_auroc=0.9440  val_f1=0.7322  lr=8.50e-05
Running Validation...
Ep 101/500  total_loss=4.0200  tr_acc=0.9542  val_acc=0.8352  val_auroc=0.9134  val_f1=0.7366  lr=8.50e-05
Running Validation...
Ep 102/500  total_loss=4.0202  tr_acc=0.9558  val_acc=0.8389  val_auroc=0.9273  val_f1=0.7517  lr=8.50e-05
Running Validation...
Ep 103/500  total_loss=3.9872  tr_acc=0.9611  val_acc=0.8400  val_auroc=0.9362  val_f1=0.7473  lr=8.50e-05
Running Validation...
Ep 104/500  total_loss=4.0372  tr_acc=0.9560  val_acc=0.8331  val_auroc=0.9387  val_f1=0.7338  lr=8.50e-05
Running Validation...
Ep 105/500  total_loss=3.9882  tr_acc=0.9581  val_acc=0.8352  val_auroc=0.9423  val_f1=0.7328  lr=8.50e-05
Running Validation...
Ep 106/500  total_loss=3.9924  tr_acc=0.9596  val_acc=0.8331  val_auroc=0.9345  val_f1=0.7276  lr=8.50e-05
Running Validation...
Ep 107/500  total_loss=3.9584  tr_acc=0.9626  val_acc=0.8181  val_auroc=0.9447  val_f1=0.7142  lr=8.49e-05
Running Validation...
Ep 108/500  total_loss=3.9762  tr_acc=0.9590  val_acc=0.8357  val_auroc=0.9297  val_f1=0.7395  lr=8.49e-05
Running Validation...
Ep 109/500  total_loss=3.9670  tr_acc=0.9611  val_acc=0.8288  val_auroc=0.9360  val_f1=0.7153  lr=8.49e-05
Running Validation...
Ep 110/500  total_loss=3.9232  tr_acc=0.9652  val_acc=0.8368  val_auroc=0.9432  val_f1=0.7356  lr=8.49e-05
Running Validation...
Ep 111/500  total_loss=3.9340  tr_acc=0.9651  val_acc=0.8299  val_auroc=0.9364  val_f1=0.7186  lr=8.48e-05
Running Validation...
Ep 112/500  total_loss=3.9450  tr_acc=0.9633  val_acc=0.8320  val_auroc=0.9373  val_f1=0.7333  lr=8.48e-05
Running Validation...
Ep 113/500  total_loss=3.9287  tr_acc=0.9666  val_acc=0.8352  val_auroc=0.9405  val_f1=0.7356  lr=8.48e-05
Running Validation...
Ep 114/500  total_loss=3.9163  tr_acc=0.9670  val_acc=0.8256  val_auroc=0.9249  val_f1=0.7187  lr=8.47e-05
Running Validation...
Ep 115/500  total_loss=3.9198  tr_acc=0.9647  val_acc=0.8427  val_auroc=0.9478  val_f1=0.7562  lr=8.47e-05
Running Validation...
Ep 116/500  total_loss=3.9226  tr_acc=0.9660  val_acc=0.8357  val_auroc=0.9380  val_f1=0.7384  lr=8.47e-05
Running Validation...
Ep 117/500  total_loss=3.8909  tr_acc=0.9685  val_acc=0.8320  val_auroc=0.9354  val_f1=0.7201  lr=8.46e-05
Running Validation...
Ep 118/500  total_loss=3.9411  tr_acc=0.9642  val_acc=0.8411  val_auroc=0.9416  val_f1=0.7478  lr=8.46e-05
Running Validation...
Ep 119/500  total_loss=3.9036  tr_acc=0.9674  val_acc=0.8331  val_auroc=0.9358  val_f1=0.7226  lr=8.45e-05
Running Validation...
Ep 120/500  total_loss=3.8826  tr_acc=0.9690  val_acc=0.8224  val_auroc=0.9277  val_f1=0.7221  lr=8.45e-05
Running Validation...
Ep 121/500  total_loss=3.9121  tr_acc=0.9673  val_acc=0.8389  val_auroc=0.9342  val_f1=0.7361  lr=8.44e-05
Running Validation...
Ep 122/500  total_loss=3.8787  tr_acc=0.9714  val_acc=0.8437  val_auroc=0.9336  val_f1=0.7514  lr=8.44e-05
Running Validation...
Ep 123/500  total_loss=3.8588  tr_acc=0.9738  val_acc=0.8197  val_auroc=0.9266  val_f1=0.7107  lr=8.43e-05
Running Validation...
Ep 124/500  total_loss=3.8501  tr_acc=0.9744  val_acc=0.8197  val_auroc=0.9371  val_f1=0.7282  lr=8.42e-05
Running Validation...
Ep 125/500  total_loss=3.8607  tr_acc=0.9730  val_acc=0.8357  val_auroc=0.9373  val_f1=0.7338  lr=8.42e-05
Running Validation...
Ep 126/500  total_loss=3.8584  tr_acc=0.9739  val_acc=0.8320  val_auroc=0.9131  val_f1=0.7307  lr=8.41e-05
Running Validation...
Ep 127/500  total_loss=3.8608  tr_acc=0.9738  val_acc=0.8240  val_auroc=0.9093  val_f1=0.7126  lr=8.40e-05
Running Validation...
Ep 128/500  total_loss=3.8170  tr_acc=0.9772  val_acc=0.8395  val_auroc=0.9313  val_f1=0.7350  lr=8.40e-05
Running Validation...
Ep 129/500  total_loss=3.8646  tr_acc=0.9723  val_acc=0.8496  val_auroc=0.9322  val_f1=0.7518  lr=8.39e-05
Running Validation...
Ep 130/500  total_loss=3.8428  tr_acc=0.9764  val_acc=0.8304  val_auroc=0.9328  val_f1=0.7240  lr=8.38e-05
Running Validation...
Ep 131/500  total_loss=3.8348  tr_acc=0.9769  val_acc=0.8411  val_auroc=0.9254  val_f1=0.7365  lr=8.37e-05
Running Validation...
Ep 132/500  total_loss=3.8535  tr_acc=0.9731  val_acc=0.8288  val_auroc=0.9335  val_f1=0.7339  lr=8.37e-05
Running Validation...
Ep 133/500  total_loss=3.8436  tr_acc=0.9769  val_acc=0.8416  val_auroc=0.9374  val_f1=0.7461  lr=8.36e-05
Running Validation...
Ep 134/500  total_loss=3.8298  tr_acc=0.9766  val_acc=0.8213  val_auroc=0.9206  val_f1=0.7090  lr=8.35e-05
Running Validation...
Ep 135/500  total_loss=3.8264  tr_acc=0.9772  val_acc=0.8293  val_auroc=0.9352  val_f1=0.7390  lr=8.34e-05
Running Validation...
Ep 136/500  total_loss=3.8400  tr_acc=0.9748  val_acc=0.8347  val_auroc=0.9317  val_f1=0.7407  lr=8.33e-05
Running Validation...
Ep 137/500  total_loss=3.8329  tr_acc=0.9770  val_acc=0.8283  val_auroc=0.9262  val_f1=0.7211  lr=8.32e-05
Running Validation...
Ep 138/500  total_loss=3.8155  tr_acc=0.9763  val_acc=0.8251  val_auroc=0.9259  val_f1=0.7228  lr=8.31e-05
Running Validation...
Ep 139/500  total_loss=3.8149  tr_acc=0.9763  val_acc=0.8379  val_auroc=0.9208  val_f1=0.7373  lr=8.30e-05
Running Validation...
Ep 140/500  total_loss=3.8207  tr_acc=0.9780  val_acc=0.8507  val_auroc=0.9354  val_f1=0.7663  lr=8.29e-05
Running Validation...
Ep 141/500  total_loss=3.7898  tr_acc=0.9800  val_acc=0.8203  val_auroc=0.9217  val_f1=0.7253  lr=8.28e-05
Running Validation...
Ep 142/500  total_loss=3.8485  tr_acc=0.9756  val_acc=0.8517  val_auroc=0.9285  val_f1=0.7537  lr=8.27e-05
Running Validation...
Ep 143/500  total_loss=3.7779  tr_acc=0.9800  val_acc=0.8507  val_auroc=0.9310  val_f1=0.7598  lr=8.26e-05
Running Validation...
Ep 144/500  total_loss=3.8165  tr_acc=0.9783  val_acc=0.8539  val_auroc=0.9255  val_f1=0.7503  lr=8.25e-05
Running Validation...
Ep 145/500  total_loss=3.8106  tr_acc=0.9771  val_acc=0.8357  val_auroc=0.9305  val_f1=0.7319  lr=8.24e-05
Running Validation...
Ep 146/500  total_loss=3.8119  tr_acc=0.9793  val_acc=0.8352  val_auroc=0.9332  val_f1=0.7326  lr=8.23e-05
Running Validation...
Ep 147/500  total_loss=3.8010  tr_acc=0.9789  val_acc=0.8395  val_auroc=0.9379  val_f1=0.7494  lr=8.21e-05
Running Validation...
Ep 148/500  total_loss=3.7888  tr_acc=0.9785  val_acc=0.8421  val_auroc=0.9373  val_f1=0.7339  lr=8.20e-05
Running Validation...
Ep 149/500  total_loss=3.7769  tr_acc=0.9800  val_acc=0.8336  val_auroc=0.9313  val_f1=0.7282  lr=8.19e-05
Running Validation...
Ep 150/500  total_loss=3.7870  tr_acc=0.9794  val_acc=0.8459  val_auroc=0.9405  val_f1=0.7549  lr=8.18e-05
Running Validation...
Ep 151/500  total_loss=3.8053  tr_acc=0.9781  val_acc=0.8181  val_auroc=0.9273  val_f1=0.7188  lr=8.16e-05
Running Validation...
Ep 152/500  total_loss=3.7943  tr_acc=0.9816  val_acc=0.8389  val_auroc=0.9306  val_f1=0.7465  lr=8.15e-05
Running Validation...
Ep 153/500  total_loss=3.7818  tr_acc=0.9817  val_acc=0.8400  val_auroc=0.9251  val_f1=0.7352  lr=8.14e-05
Running Validation...
Ep 154/500  total_loss=3.7660  tr_acc=0.9825  val_acc=0.8389  val_auroc=0.9303  val_f1=0.7405  lr=8.12e-05
Running Validation...
Ep 155/500  total_loss=3.7603  tr_acc=0.9812  val_acc=0.8379  val_auroc=0.9262  val_f1=0.7307  lr=8.11e-05
Running Validation...
Ep 156/500  total_loss=3.7732  tr_acc=0.9823  val_acc=0.8331  val_auroc=0.9234  val_f1=0.7265  lr=8.10e-05
Running Validation...
Ep 157/500  total_loss=3.7590  tr_acc=0.9839  val_acc=0.8352  val_auroc=0.9372  val_f1=0.7419  lr=8.08e-05
Running Validation...
Ep 158/500  total_loss=3.7921  tr_acc=0.9794  val_acc=0.8368  val_auroc=0.9222  val_f1=0.7314  lr=8.07e-05
Running Validation...
Ep 159/500  total_loss=3.8099  tr_acc=0.9785  val_acc=0.8384  val_auroc=0.9212  val_f1=0.7324  lr=8.05e-05
Running Validation...
Ep 160/500  total_loss=3.7946  tr_acc=0.9789  val_acc=0.8272  val_auroc=0.9189  val_f1=0.7217  lr=8.04e-05
Running Validation...
Ep 161/500  total_loss=3.7774  tr_acc=0.9819  val_acc=0.8373  val_auroc=0.9166  val_f1=0.7267  lr=8.02e-05
Running Validation...
Ep 162/500  total_loss=3.7662  tr_acc=0.9820  val_acc=0.8219  val_auroc=0.9198  val_f1=0.7169  lr=8.01e-05
Running Validation...
Ep 163/500  total_loss=3.7548  tr_acc=0.9828  val_acc=0.8341  val_auroc=0.9173  val_f1=0.7247  lr=7.99e-05
Running Validation...
Ep 164/500  total_loss=3.7616  tr_acc=0.9823  val_acc=0.8453  val_auroc=0.9290  val_f1=0.7526  lr=7.97e-05
Running Validation...
Ep 165/500  total_loss=3.7436  tr_acc=0.9850  val_acc=0.8379  val_auroc=0.9181  val_f1=0.7412  lr=7.96e-05
Running Validation...
Ep 166/500  total_loss=3.7678  tr_acc=0.9817  val_acc=0.8325  val_auroc=0.9143  val_f1=0.7167  lr=7.94e-05
Running Validation...
Ep 167/500  total_loss=3.7647  tr_acc=0.9837  val_acc=0.8251  val_auroc=0.9219  val_f1=0.7185  lr=7.93e-05
Running Validation...
Ep 168/500  total_loss=3.7471  tr_acc=0.9832  val_acc=0.8379  val_auroc=0.9192  val_f1=0.7359  lr=7.91e-05
Running Validation...
Ep 169/500  total_loss=3.7471  tr_acc=0.9839  val_acc=0.8203  val_auroc=0.9116  val_f1=0.6961  lr=7.89e-05
Running Validation...
Ep 170/500  total_loss=3.7676  tr_acc=0.9828  val_acc=0.8384  val_auroc=0.9237  val_f1=0.7352  lr=7.87e-05
Running Validation...
Ep 171/500  total_loss=3.7613  tr_acc=0.9845  val_acc=0.8357  val_auroc=0.9221  val_f1=0.7287  lr=7.86e-05
Running Validation...
Ep 172/500  total_loss=3.7685  tr_acc=0.9817  val_acc=0.8464  val_auroc=0.9275  val_f1=0.7492  lr=7.84e-05
Running Validation...
Ep 173/500  total_loss=3.7895  tr_acc=0.9800  val_acc=0.8459  val_auroc=0.9370  val_f1=0.7421  lr=7.82e-05
Running Validation...
Ep 174/500  total_loss=3.7550  tr_acc=0.9841  val_acc=0.8443  val_auroc=0.9157  val_f1=0.7340  lr=7.80e-05
Running Validation...
Ep 175/500  total_loss=3.7487  tr_acc=0.9833  val_acc=0.8432  val_auroc=0.9323  val_f1=0.7416  lr=7.78e-05
Running Validation...
Ep 176/500  total_loss=3.7383  tr_acc=0.9853  val_acc=0.8485  val_auroc=0.9280  val_f1=0.7485  lr=7.77e-05
Running Validation...
Ep 177/500  total_loss=3.7339  tr_acc=0.9843  val_acc=0.8368  val_auroc=0.9246  val_f1=0.7248  lr=7.75e-05
Running Validation...
Ep 178/500  total_loss=3.7679  tr_acc=0.9828  val_acc=0.8373  val_auroc=0.9285  val_f1=0.7441  lr=7.73e-05
Running Validation...
Ep 179/500  total_loss=3.7335  tr_acc=0.9861  val_acc=0.8325  val_auroc=0.9170  val_f1=0.7294  lr=7.71e-05
Running Validation...
Ep 180/500  total_loss=3.7391  tr_acc=0.9849  val_acc=0.8379  val_auroc=0.9221  val_f1=0.7292  lr=7.69e-05
Running Validation...
Ep 181/500  total_loss=3.7469  tr_acc=0.9836  val_acc=0.8336  val_auroc=0.9223  val_f1=0.7226  lr=7.67e-05
Running Validation...
Ep 182/500  total_loss=3.7556  tr_acc=0.9853  val_acc=0.8453  val_auroc=0.9271  val_f1=0.7586  lr=7.65e-05
Running Validation...
Ep 183/500  total_loss=3.7430  tr_acc=0.9848  val_acc=0.8315  val_auroc=0.9216  val_f1=0.7161  lr=7.63e-05
Running Validation...
Ep 184/500  total_loss=3.7362  tr_acc=0.9849  val_acc=0.8480  val_auroc=0.9282  val_f1=0.7539  lr=7.61e-05
Running Validation...
Ep 185/500  total_loss=3.7598  tr_acc=0.9831  val_acc=0.8293  val_auroc=0.9119  val_f1=0.7230  lr=7.59e-05
Running Validation...
Ep 186/500  total_loss=3.7506  tr_acc=0.9859  val_acc=0.8437  val_auroc=0.9242  val_f1=0.7514  lr=7.57e-05
Running Validation...
Ep 187/500  total_loss=3.7250  tr_acc=0.9861  val_acc=0.8389  val_auroc=0.9287  val_f1=0.7382  lr=7.55e-05
Running Validation...
Ep 188/500  total_loss=3.7446  tr_acc=0.9853  val_acc=0.8395  val_auroc=0.9232  val_f1=0.7377  lr=7.52e-05
Running Validation...
Ep 189/500  total_loss=3.6935  tr_acc=0.9891  val_acc=0.8277  val_auroc=0.9116  val_f1=0.7152  lr=7.50e-05
Running Validation...
Ep 190/500  total_loss=3.7149  tr_acc=0.9875  val_acc=0.8592  val_auroc=0.9278  val_f1=0.7710  lr=7.48e-05
Running Validation...
Ep 191/500  total_loss=3.7111  tr_acc=0.9871  val_acc=0.8528  val_auroc=0.9427  val_f1=0.7537  lr=7.46e-05
Running Validation...
Ep 192/500  total_loss=3.7432  tr_acc=0.9843  val_acc=0.8555  val_auroc=0.9409  val_f1=0.7632  lr=7.44e-05
Running Validation...
Ep 193/500  total_loss=3.7431  tr_acc=0.9860  val_acc=0.8395  val_auroc=0.9329  val_f1=0.7437  lr=7.42e-05
Running Validation...
Ep 194/500  total_loss=3.7099  tr_acc=0.9879  val_acc=0.8347  val_auroc=0.9273  val_f1=0.7232  lr=7.39e-05
Running Validation...
Ep 195/500  total_loss=3.7337  tr_acc=0.9866  val_acc=0.8485  val_auroc=0.9309  val_f1=0.7569  lr=7.37e-05
Running Validation...
Ep 196/500  total_loss=3.7466  tr_acc=0.9851  val_acc=0.8437  val_auroc=0.9333  val_f1=0.7453  lr=7.35e-05
Running Validation...
Ep 197/500  total_loss=3.7485  tr_acc=0.9843  val_acc=0.8379  val_auroc=0.9346  val_f1=0.7367  lr=7.33e-05
Running Validation...
Ep 198/500  total_loss=3.7129  tr_acc=0.9879  val_acc=0.8336  val_auroc=0.9243  val_f1=0.7308  lr=7.30e-05
Running Validation...
Ep 199/500  total_loss=3.7391  tr_acc=0.9852  val_acc=0.8432  val_auroc=0.9228  val_f1=0.7406  lr=7.28e-05
Running Validation...
Ep 200/500  total_loss=3.7022  tr_acc=0.9876  val_acc=0.8475  val_auroc=0.9207  val_f1=0.7459  lr=7.26e-05
Running Validation...
Ep 201/500  total_loss=3.7394  tr_acc=0.9845  val_acc=0.8309  val_auroc=0.9380  val_f1=0.7231  lr=7.23e-05
Running Validation...
Ep 202/500  total_loss=3.7203  tr_acc=0.9866  val_acc=0.8267  val_auroc=0.9368  val_f1=0.7162  lr=7.21e-05
Running Validation...
Ep 203/500  total_loss=3.7019  tr_acc=0.9881  val_acc=0.8315  val_auroc=0.9303  val_f1=0.7274  lr=7.18e-05
Running Validation...
Ep 204/500  total_loss=3.7442  tr_acc=0.9860  val_acc=0.8341  val_auroc=0.9189  val_f1=0.7192  lr=7.16e-05
Running Validation...
Ep 205/500  total_loss=3.7041  tr_acc=0.9881  val_acc=0.8400  val_auroc=0.9319  val_f1=0.7372  lr=7.13e-05
Running Validation...
Ep 206/500  total_loss=3.6992  tr_acc=0.9892  val_acc=0.8427  val_auroc=0.9326  val_f1=0.7436  lr=7.11e-05
Running Validation...
Ep 207/500  total_loss=3.7074  tr_acc=0.9875  val_acc=0.8405  val_auroc=0.9315  val_f1=0.7312  lr=7.09e-05
Running Validation...
Ep 208/500  total_loss=3.7145  tr_acc=0.9876  val_acc=0.8480  val_auroc=0.9215  val_f1=0.7531  lr=7.06e-05
Running Validation...
Ep 209/500  total_loss=3.7024  tr_acc=0.9886  val_acc=0.8400  val_auroc=0.9185  val_f1=0.7369  lr=7.04e-05
Running Validation...
Ep 210/500  total_loss=3.7028  tr_acc=0.9887  val_acc=0.8251  val_auroc=0.9201  val_f1=0.7053  lr=7.01e-05
Running Validation...
Ep 211/500  total_loss=3.7152  tr_acc=0.9881  val_acc=0.8459  val_auroc=0.9300  val_f1=0.7517  lr=6.98e-05
Running Validation...
Ep 212/500  total_loss=3.6805  tr_acc=0.9892  val_acc=0.8421  val_auroc=0.9204  val_f1=0.7428  lr=6.96e-05
Running Validation...
Ep 213/500  total_loss=3.6881  tr_acc=0.9892  val_acc=0.8373  val_auroc=0.9194  val_f1=0.7277  lr=6.93e-05
Running Validation...
Ep 214/500  total_loss=3.7159  tr_acc=0.9880  val_acc=0.8384  val_auroc=0.9232  val_f1=0.7311  lr=6.91e-05
Running Validation...
Ep 215/500  total_loss=3.7098  tr_acc=0.9883  val_acc=0.8432  val_auroc=0.9311  val_f1=0.7407  lr=6.88e-05
Running Validation...
Ep 216/500  total_loss=3.6909  tr_acc=0.9908  val_acc=0.8384  val_auroc=0.9291  val_f1=0.7353  lr=6.85e-05
Running Validation...
Ep 217/500  total_loss=3.6888  tr_acc=0.9895  val_acc=0.8453  val_auroc=0.9299  val_f1=0.7492  lr=6.83e-05
Running Validation...
Ep 218/500  total_loss=3.6978  tr_acc=0.9889  val_acc=0.8352  val_auroc=0.9304  val_f1=0.7225  lr=6.80e-05
Running Validation...
Ep 219/500  total_loss=3.7072  tr_acc=0.9883  val_acc=0.8379  val_auroc=0.9246  val_f1=0.7295  lr=6.78e-05
Running Validation...
Ep 220/500  total_loss=3.7028  tr_acc=0.9894  val_acc=0.8400  val_auroc=0.9332  val_f1=0.7384  lr=6.75e-05
Running Validation...
Ep 221/500  total_loss=3.7125  tr_acc=0.9884  val_acc=0.8539  val_auroc=0.9327  val_f1=0.7590  lr=6.72e-05
Running Validation...
Ep 222/500  total_loss=3.7010  tr_acc=0.9894  val_acc=0.8421  val_auroc=0.9306  val_f1=0.7392  lr=6.69e-05
Running Validation...
Ep 223/500  total_loss=3.7043  tr_acc=0.9892  val_acc=0.8437  val_auroc=0.9226  val_f1=0.7414  lr=6.67e-05
Running Validation...
Ep 224/500  total_loss=3.7238  tr_acc=0.9865  val_acc=0.8469  val_auroc=0.9352  val_f1=0.7429  lr=6.64e-05
Running Validation...
Ep 225/500  total_loss=3.6727  tr_acc=0.9910  val_acc=0.8416  val_auroc=0.9316  val_f1=0.7465  lr=6.61e-05
Running Validation...
Ep 226/500  total_loss=3.7014  tr_acc=0.9892  val_acc=0.8427  val_auroc=0.9299  val_f1=0.7485  lr=6.58e-05
Running Validation...
Ep 227/500  total_loss=3.6783  tr_acc=0.9912  val_acc=0.8491  val_auroc=0.9299  val_f1=0.7517  lr=6.56e-05
Running Validation...
Ep 228/500  total_loss=3.6731  tr_acc=0.9916  val_acc=0.8352  val_auroc=0.9281  val_f1=0.7324  lr=6.53e-05
Running Validation...
Ep 229/500  total_loss=3.6849  tr_acc=0.9910  val_acc=0.8352  val_auroc=0.9297  val_f1=0.7259  lr=6.50e-05
Running Validation...
Ep 230/500  total_loss=3.6752  tr_acc=0.9916  val_acc=0.8379  val_auroc=0.9294  val_f1=0.7281  lr=6.47e-05
Running Validation...
Ep 231/500  total_loss=3.6850  tr_acc=0.9891  val_acc=0.8480  val_auroc=0.9348  val_f1=0.7500  lr=6.44e-05
Running Validation...
Ep 232/500  total_loss=3.6839  tr_acc=0.9903  val_acc=0.8352  val_auroc=0.9258  val_f1=0.7233  lr=6.41e-05
Running Validation...
Ep 233/500  total_loss=3.6997  tr_acc=0.9897  val_acc=0.8453  val_auroc=0.9367  val_f1=0.7391  lr=6.38e-05
Running Validation...
Ep 234/500  total_loss=3.6934  tr_acc=0.9900  val_acc=0.8507  val_auroc=0.9277  val_f1=0.7532  lr=6.36e-05
Running Validation...
Ep 235/500  total_loss=3.6850  tr_acc=0.9911  val_acc=0.8437  val_auroc=0.9287  val_f1=0.7374  lr=6.33e-05
Running Validation...
Ep 236/500  total_loss=3.6761  tr_acc=0.9907  val_acc=0.8432  val_auroc=0.9254  val_f1=0.7344  lr=6.30e-05
Running Validation...
Ep 237/500  total_loss=3.6657  tr_acc=0.9922  val_acc=0.8464  val_auroc=0.9389  val_f1=0.7513  lr=6.27e-05
Running Validation...
Ep 238/500  total_loss=3.6815  tr_acc=0.9900  val_acc=0.8448  val_auroc=0.9368  val_f1=0.7488  lr=6.24e-05
Running Validation...
Ep 239/500  total_loss=3.6831  tr_acc=0.9912  val_acc=0.8491  val_auroc=0.9311  val_f1=0.7523  lr=6.21e-05
Running Validation...
Ep 240/500  total_loss=3.7069  tr_acc=0.9886  val_acc=0.8507  val_auroc=0.9371  val_f1=0.7515  lr=6.18e-05
Running Validation...
Ep 241/500  total_loss=3.6664  tr_acc=0.9922  val_acc=0.8544  val_auroc=0.9391  val_f1=0.7639  lr=6.15e-05
Running Validation...
Ep 242/500  total_loss=3.6727  tr_acc=0.9910  val_acc=0.8427  val_auroc=0.9368  val_f1=0.7355  lr=6.12e-05
Running Validation...
Ep 243/500  total_loss=3.7024  tr_acc=0.9892  val_acc=0.8544  val_auroc=0.9449  val_f1=0.7697  lr=6.09e-05
Running Validation...
Ep 244/500  total_loss=3.6959  tr_acc=0.9890  val_acc=0.8373  val_auroc=0.9292  val_f1=0.7314  lr=6.06e-05
Running Validation...
Ep 245/500  total_loss=3.6668  tr_acc=0.9923  val_acc=0.8491  val_auroc=0.9354  val_f1=0.7526  lr=6.03e-05
Running Validation...
Ep 246/500  total_loss=3.6771  tr_acc=0.9918  val_acc=0.8544  val_auroc=0.9331  val_f1=0.7677  lr=6.00e-05
Running Validation...
Ep 247/500  total_loss=3.6798  tr_acc=0.9912  val_acc=0.8389  val_auroc=0.9308  val_f1=0.7265  lr=5.97e-05
Running Validation...
Ep 248/500  total_loss=3.6681  tr_acc=0.9927  val_acc=0.8448  val_auroc=0.9264  val_f1=0.7334  lr=5.94e-05
Running Validation...
Ep 249/500  total_loss=3.6655  tr_acc=0.9924  val_acc=0.8560  val_auroc=0.9423  val_f1=0.7599  lr=5.91e-05
Running Validation...
Ep 250/500  total_loss=3.6958  tr_acc=0.9902  val_acc=0.8555  val_auroc=0.9392  val_f1=0.7571  lr=5.88e-05
Running Validation...
Ep 251/500  total_loss=3.6708  tr_acc=0.9926  val_acc=0.8496  val_auroc=0.9401  val_f1=0.7469  lr=5.85e-05
Running Validation...
Ep 252/500  total_loss=3.6878  tr_acc=0.9899  val_acc=0.8357  val_auroc=0.9339  val_f1=0.7254  lr=5.81e-05
Running Validation...
Ep 253/500  total_loss=3.6916  tr_acc=0.9905  val_acc=0.8256  val_auroc=0.9304  val_f1=0.7068  lr=5.78e-05
Running Validation...
Ep 254/500  total_loss=3.6861  tr_acc=0.9915  val_acc=0.8485  val_auroc=0.9324  val_f1=0.7485  lr=5.75e-05
Running Validation...
Ep 255/500  total_loss=3.6547  tr_acc=0.9934  val_acc=0.8448  val_auroc=0.9200  val_f1=0.7416  lr=5.72e-05
Running Validation...
Ep 256/500  total_loss=3.6432  tr_acc=0.9939  val_acc=0.8533  val_auroc=0.9412  val_f1=0.7557  lr=5.69e-05
Running Validation...
Ep 257/500  total_loss=3.6742  tr_acc=0.9916  val_acc=0.8277  val_auroc=0.9158  val_f1=0.7093  lr=5.66e-05
Running Validation...
Ep 258/500  total_loss=3.6763  tr_acc=0.9916  val_acc=0.8475  val_auroc=0.9269  val_f1=0.7433  lr=5.63e-05
Running Validation...
Ep 259/500  total_loss=3.6627  tr_acc=0.9924  val_acc=0.8459  val_auroc=0.9275  val_f1=0.7448  lr=5.60e-05
Running Validation...
Ep 260/500  total_loss=3.6599  tr_acc=0.9922  val_acc=0.8544  val_auroc=0.9349  val_f1=0.7576  lr=5.56e-05
Running Validation...
Ep 261/500  total_loss=3.6711  tr_acc=0.9913  val_acc=0.8501  val_auroc=0.9313  val_f1=0.7623  lr=5.53e-05
Running Validation...
Ep 262/500  total_loss=3.6610  tr_acc=0.9930  val_acc=0.8421  val_auroc=0.9174  val_f1=0.7381  lr=5.50e-05
Running Validation...
Ep 263/500  total_loss=3.6808  tr_acc=0.9912  val_acc=0.8464  val_auroc=0.9293  val_f1=0.7427  lr=5.47e-05
Running Validation...
Ep 264/500  total_loss=3.6628  tr_acc=0.9929  val_acc=0.8480  val_auroc=0.9281  val_f1=0.7504  lr=5.44e-05
Running Validation...
Ep 265/500  total_loss=3.6627  tr_acc=0.9926  val_acc=0.8512  val_auroc=0.9261  val_f1=0.7576  lr=5.40e-05
Running Validation...
Ep 266/500  total_loss=3.6529  tr_acc=0.9940  val_acc=0.8512  val_auroc=0.9256  val_f1=0.7686  lr=5.37e-05
Running Validation...
Ep 267/500  total_loss=3.6498  tr_acc=0.9938  val_acc=0.8400  val_auroc=0.9292  val_f1=0.7367  lr=5.34e-05
Running Validation...
Ep 268/500  total_loss=3.6555  tr_acc=0.9939  val_acc=0.8485  val_auroc=0.9298  val_f1=0.7593  lr=5.31e-05
Running Validation...
Ep 269/500  total_loss=3.6799  tr_acc=0.9910  val_acc=0.8432  val_auroc=0.9377  val_f1=0.7439  lr=5.27e-05
Running Validation...
Ep 270/500  total_loss=3.6586  tr_acc=0.9932  val_acc=0.8501  val_auroc=0.9280  val_f1=0.7578  lr=5.24e-05
Running Validation...
Ep 271/500  total_loss=3.6606  tr_acc=0.9930  val_acc=0.8309  val_auroc=0.9255  val_f1=0.7179  lr=5.21e-05
Running Validation...
Ep 272/500  total_loss=3.6481  tr_acc=0.9938  val_acc=0.8469  val_auroc=0.9417  val_f1=0.7473  lr=5.18e-05
Running Validation...
Ep 273/500  total_loss=3.6664  tr_acc=0.9918  val_acc=0.8475  val_auroc=0.9358  val_f1=0.7528  lr=5.14e-05
Running Validation...
Ep 274/500  total_loss=3.6418  tr_acc=0.9942  val_acc=0.8501  val_auroc=0.9415  val_f1=0.7552  lr=5.11e-05
Running Validation...
Ep 275/500  total_loss=3.6591  tr_acc=0.9937  val_acc=0.8437  val_auroc=0.9313  val_f1=0.7441  lr=5.08e-05
Running Validation...
Ep 276/500  total_loss=3.6657  tr_acc=0.9923  val_acc=0.8448  val_auroc=0.9237  val_f1=0.7387  lr=5.05e-05
Running Validation...
Ep 277/500  total_loss=3.6642  tr_acc=0.9918  val_acc=0.8421  val_auroc=0.9297  val_f1=0.7452  lr=5.01e-05
Running Validation...
Ep 278/500  total_loss=3.6641  tr_acc=0.9932  val_acc=0.8443  val_auroc=0.9302  val_f1=0.7358  lr=4.98e-05
Running Validation...
Ep 279/500  total_loss=3.6557  tr_acc=0.9939  val_acc=0.8368  val_auroc=0.9270  val_f1=0.7229  lr=4.95e-05
Running Validation...
Ep 280/500  total_loss=3.6551  tr_acc=0.9936  val_acc=0.8320  val_auroc=0.9209  val_f1=0.7175  lr=4.91e-05
Running Validation...
Ep 281/500  total_loss=3.6495  tr_acc=0.9939  val_acc=0.8368  val_auroc=0.9267  val_f1=0.7270  lr=4.88e-05
Running Validation...
Ep 282/500  total_loss=3.6463  tr_acc=0.9948  val_acc=0.8427  val_auroc=0.9354  val_f1=0.7410  lr=4.85e-05
Running Validation...
Ep 283/500  total_loss=3.6559  tr_acc=0.9928  val_acc=0.8373  val_auroc=0.9244  val_f1=0.7263  lr=4.82e-05
Running Validation...
Ep 284/500  total_loss=3.6731  tr_acc=0.9931  val_acc=0.8512  val_auroc=0.9247  val_f1=0.7518  lr=4.78e-05
Running Validation...
Ep 285/500  total_loss=3.6588  tr_acc=0.9927  val_acc=0.8453  val_auroc=0.9333  val_f1=0.7483  lr=4.75e-05
Running Validation...
Ep 286/500  total_loss=3.6476  tr_acc=0.9930  val_acc=0.8469  val_auroc=0.9372  val_f1=0.7531  lr=4.72e-05
Running Validation...
Ep 287/500  total_loss=3.6427  tr_acc=0.9955  val_acc=0.8432  val_auroc=0.9384  val_f1=0.7422  lr=4.68e-05
Running Validation...
Ep 288/500  total_loss=3.6332  tr_acc=0.9952  val_acc=0.8469  val_auroc=0.9455  val_f1=0.7476  lr=4.65e-05
Running Validation...
Ep 289/500  total_loss=3.6482  tr_acc=0.9942  val_acc=0.8357  val_auroc=0.9271  val_f1=0.7268  lr=4.62e-05
Running Validation...
Ep 290/500  total_loss=3.6560  tr_acc=0.9938  val_acc=0.8453  val_auroc=0.9250  val_f1=0.7450  lr=4.58e-05
Running Validation...
Ep 291/500  total_loss=3.6649  tr_acc=0.9930  val_acc=0.8405  val_auroc=0.9276  val_f1=0.7447  lr=4.55e-05
Running Validation...
Ep 292/500  total_loss=3.6491  tr_acc=0.9943  val_acc=0.8523  val_auroc=0.9256  val_f1=0.7574  lr=4.52e-05
Running Validation...
Ep 293/500  total_loss=3.6531  tr_acc=0.9932  val_acc=0.8453  val_auroc=0.9300  val_f1=0.7507  lr=4.48e-05
Running Validation...
Ep 294/500  total_loss=3.6401  tr_acc=0.9951  val_acc=0.8448  val_auroc=0.9274  val_f1=0.7451  lr=4.45e-05
Running Validation...
Ep 295/500  total_loss=3.6556  tr_acc=0.9937  val_acc=0.8485  val_auroc=0.9285  val_f1=0.7507  lr=4.42e-05
Running Validation...
Ep 296/500  total_loss=3.6463  tr_acc=0.9945  val_acc=0.8432  val_auroc=0.9323  val_f1=0.7417  lr=4.38e-05
Running Validation...
Ep 297/500  total_loss=3.6462  tr_acc=0.9950  val_acc=0.8453  val_auroc=0.9352  val_f1=0.7531  lr=4.35e-05
Running Validation...
Ep 298/500  total_loss=3.6460  tr_acc=0.9948  val_acc=0.8459  val_auroc=0.9263  val_f1=0.7509  lr=4.32e-05
Running Validation...
Ep 299/500  total_loss=3.6453  tr_acc=0.9943  val_acc=0.8443  val_auroc=0.9295  val_f1=0.7523  lr=4.28e-05
Running Validation...
Ep 300/500  total_loss=3.6724  tr_acc=0.9929  val_acc=0.8427  val_auroc=0.9246  val_f1=0.7393  lr=4.25e-05
Running Validation...
Ep 301/500  total_loss=3.6459  tr_acc=0.9946  val_acc=0.8347  val_auroc=0.9188  val_f1=0.7217  lr=4.22e-05
Running Validation...
Ep 302/500  total_loss=3.6572  tr_acc=0.9931  val_acc=0.8475  val_auroc=0.9331  val_f1=0.7478  lr=4.18e-05
Running Validation...
Ep 303/500  total_loss=3.6537  tr_acc=0.9927  val_acc=0.8389  val_auroc=0.9303  val_f1=0.7361  lr=4.15e-05
Running Validation...
Ep 304/500  total_loss=3.6464  tr_acc=0.9934  val_acc=0.8427  val_auroc=0.9268  val_f1=0.7438  lr=4.12e-05
Running Validation...
Ep 305/500  total_loss=3.6535  tr_acc=0.9939  val_acc=0.8485  val_auroc=0.9324  val_f1=0.7537  lr=4.08e-05
Running Validation...
Ep 306/500  total_loss=3.6376  tr_acc=0.9953  val_acc=0.8336  val_auroc=0.9101  val_f1=0.7348  lr=4.05e-05
Running Validation...
Ep 307/500  total_loss=3.6371  tr_acc=0.9957  val_acc=0.8272  val_auroc=0.9190  val_f1=0.7149  lr=4.02e-05
Running Validation...
Ep 308/500  total_loss=3.6442  tr_acc=0.9946  val_acc=0.8480  val_auroc=0.9193  val_f1=0.7520  lr=3.98e-05
Running Validation...
Ep 309/500  total_loss=3.6466  tr_acc=0.9946  val_acc=0.8507  val_auroc=0.9390  val_f1=0.7557  lr=3.95e-05
Running Validation...
Ep 310/500  total_loss=3.6332  tr_acc=0.9953  val_acc=0.8384  val_auroc=0.9236  val_f1=0.7400  lr=3.92e-05
Running Validation...
Ep 311/500  total_loss=3.6607  tr_acc=0.9926  val_acc=0.8507  val_auroc=0.9339  val_f1=0.7629  lr=3.88e-05
Running Validation...
Ep 312/500  total_loss=3.6256  tr_acc=0.9962  val_acc=0.8491  val_auroc=0.9237  val_f1=0.7495  lr=3.85e-05
Running Validation...
Ep 313/500  total_loss=3.6500  tr_acc=0.9942  val_acc=0.8459  val_auroc=0.9289  val_f1=0.7371  lr=3.82e-05
Running Validation...
Ep 314/500  total_loss=3.6551  tr_acc=0.9930  val_acc=0.8400  val_auroc=0.9235  val_f1=0.7278  lr=3.78e-05
Running Validation...
Ep 315/500  total_loss=3.6550  tr_acc=0.9928  val_acc=0.8331  val_auroc=0.9237  val_f1=0.7338  lr=3.75e-05
Running Validation...
Ep 316/500  total_loss=3.6461  tr_acc=0.9940  val_acc=0.8528  val_auroc=0.9277  val_f1=0.7525  lr=3.72e-05
Running Validation...
Ep 317/500  total_loss=3.6422  tr_acc=0.9940  val_acc=0.8533  val_auroc=0.9380  val_f1=0.7628  lr=3.68e-05
Running Validation...
Ep 318/500  total_loss=3.6527  tr_acc=0.9946  val_acc=0.8475  val_auroc=0.9199  val_f1=0.7526  lr=3.65e-05
Running Validation...
Ep 319/500  total_loss=3.6405  tr_acc=0.9948  val_acc=0.8549  val_auroc=0.9234  val_f1=0.7589  lr=3.62e-05
Running Validation...
Ep 320/500  total_loss=3.6371  tr_acc=0.9948  val_acc=0.8448  val_auroc=0.9257  val_f1=0.7410  lr=3.59e-05
Running Validation...
Ep 321/500  total_loss=3.6420  tr_acc=0.9943  val_acc=0.8421  val_auroc=0.9231  val_f1=0.7445  lr=3.55e-05
Running Validation...
Ep 322/500  total_loss=3.6337  tr_acc=0.9961  val_acc=0.8501  val_auroc=0.9316  val_f1=0.7606  lr=3.52e-05
Running Validation...
Ep 323/500  total_loss=3.6340  tr_acc=0.9953  val_acc=0.8448  val_auroc=0.9166  val_f1=0.7490  lr=3.49e-05
Running Validation...
Ep 324/500  total_loss=3.6433  tr_acc=0.9943  val_acc=0.8475  val_auroc=0.9294  val_f1=0.7494  lr=3.45e-05
Running Validation...
Ep 325/500  total_loss=3.6383  tr_acc=0.9951  val_acc=0.8453  val_auroc=0.9231  val_f1=0.7522  lr=3.42e-05
Running Validation...
Ep 326/500  total_loss=3.6340  tr_acc=0.9955  val_acc=0.8347  val_auroc=0.9135  val_f1=0.7302  lr=3.39e-05
Running Validation...
Ep 327/500  total_loss=3.6285  tr_acc=0.9962  val_acc=0.8432  val_auroc=0.9211  val_f1=0.7471  lr=3.36e-05
Running Validation...
Ep 328/500  total_loss=3.6446  tr_acc=0.9946  val_acc=0.8432  val_auroc=0.9213  val_f1=0.7425  lr=3.32e-05
Running Validation...
Ep 329/500  total_loss=3.6353  tr_acc=0.9959  val_acc=0.8459  val_auroc=0.9348  val_f1=0.7467  lr=3.29e-05
Running Validation...
Ep 330/500  total_loss=3.6260  tr_acc=0.9958  val_acc=0.8485  val_auroc=0.9310  val_f1=0.7630  lr=3.26e-05
Running Validation...
Ep 331/500  total_loss=3.6356  tr_acc=0.9948  val_acc=0.8480  val_auroc=0.9233  val_f1=0.7496  lr=3.23e-05
Running Validation...
Ep 332/500  total_loss=3.6601  tr_acc=0.9937  val_acc=0.8443  val_auroc=0.9310  val_f1=0.7450  lr=3.19e-05
Running Validation...
Ep 333/500  total_loss=3.6312  tr_acc=0.9957  val_acc=0.8496  val_auroc=0.9172  val_f1=0.7585  lr=3.16e-05
Running Validation...
Ep 334/500  total_loss=3.6464  tr_acc=0.9947  val_acc=0.8507  val_auroc=0.9321  val_f1=0.7597  lr=3.13e-05
Running Validation...
Ep 335/500  total_loss=3.6488  tr_acc=0.9947  val_acc=0.8427  val_auroc=0.9259  val_f1=0.7367  lr=3.10e-05
Running Validation...
Ep 336/500  total_loss=3.6286  tr_acc=0.9963  val_acc=0.8432  val_auroc=0.9205  val_f1=0.7538  lr=3.06e-05
Running Validation...
Ep 337/500  total_loss=3.6188  tr_acc=0.9965  val_acc=0.8523  val_auroc=0.9350  val_f1=0.7586  lr=3.03e-05
Running Validation...
Ep 338/500  total_loss=3.6446  tr_acc=0.9942  val_acc=0.8448  val_auroc=0.9287  val_f1=0.7569  lr=3.00e-05
Running Validation...
Ep 339/500  total_loss=3.6262  tr_acc=0.9962  val_acc=0.8432  val_auroc=0.9205  val_f1=0.7400  lr=2.97e-05
Running Validation...
Ep 340/500  total_loss=3.6284  tr_acc=0.9958  val_acc=0.8523  val_auroc=0.9265  val_f1=0.7606  lr=2.94e-05
Running Validation...
Ep 341/500  total_loss=3.6240  tr_acc=0.9955  val_acc=0.8507  val_auroc=0.9346  val_f1=0.7568  lr=2.90e-05
Running Validation...
Ep 342/500  total_loss=3.6316  tr_acc=0.9962  val_acc=0.8464  val_auroc=0.9307  val_f1=0.7496  lr=2.87e-05
Running Validation...
Ep 343/500  total_loss=3.6166  tr_acc=0.9970  val_acc=0.8411  val_auroc=0.9276  val_f1=0.7531  lr=2.84e-05
Running Validation...
Ep 344/500  total_loss=3.6335  tr_acc=0.9952  val_acc=0.8315  val_auroc=0.9323  val_f1=0.7308  lr=2.81e-05
Running Validation...
Ep 345/500  total_loss=3.6339  tr_acc=0.9955  val_acc=0.8432  val_auroc=0.9304  val_f1=0.7518  lr=2.78e-05
Running Validation...
Ep 346/500  total_loss=3.6393  tr_acc=0.9944  val_acc=0.8373  val_auroc=0.9187  val_f1=0.7423  lr=2.75e-05
Running Validation...
Ep 347/500  total_loss=3.6412  tr_acc=0.9948  val_acc=0.8427  val_auroc=0.9280  val_f1=0.7476  lr=2.72e-05
Running Validation...
Ep 348/500  total_loss=3.6247  tr_acc=0.9961  val_acc=0.8459  val_auroc=0.9318  val_f1=0.7561  lr=2.69e-05
Running Validation...
Ep 349/500  total_loss=3.6152  tr_acc=0.9962  val_acc=0.8448  val_auroc=0.9358  val_f1=0.7533  lr=2.65e-05
Running Validation...
Ep 350/500  total_loss=3.6368  tr_acc=0.9952  val_acc=0.8341  val_auroc=0.9135  val_f1=0.7307  lr=2.62e-05
Running Validation...
Ep 351/500  total_loss=3.6290  tr_acc=0.9959  val_acc=0.8485  val_auroc=0.9323  val_f1=0.7565  lr=2.59e-05
Running Validation...
Ep 352/500  total_loss=3.6175  tr_acc=0.9971  val_acc=0.8416  val_auroc=0.9183  val_f1=0.7472  lr=2.56e-05
Running Validation...
Ep 353/500  total_loss=3.6202  tr_acc=0.9968  val_acc=0.8453  val_auroc=0.9280  val_f1=0.7520  lr=2.53e-05
Running Validation...
Ep 354/500  total_loss=3.6395  tr_acc=0.9951  val_acc=0.8256  val_auroc=0.9042  val_f1=0.7141  lr=2.50e-05
Running Validation...
Ep 355/500  total_loss=3.6270  tr_acc=0.9958  val_acc=0.8501  val_auroc=0.9358  val_f1=0.7598  lr=2.47e-05
Running Validation...
Ep 356/500  total_loss=3.6295  tr_acc=0.9958  val_acc=0.8469  val_auroc=0.9288  val_f1=0.7499  lr=2.44e-05
Running Validation...
Ep 357/500  total_loss=3.6262  tr_acc=0.9954  val_acc=0.8331  val_auroc=0.9212  val_f1=0.7290  lr=2.41e-05
Running Validation...
Ep 358/500  total_loss=3.6248  tr_acc=0.9969  val_acc=0.8464  val_auroc=0.9181  val_f1=0.7502  lr=2.38e-05
Running Validation...
Ep 359/500  total_loss=3.6192  tr_acc=0.9969  val_acc=0.8400  val_auroc=0.9176  val_f1=0.7309  lr=2.35e-05
Running Validation...
Ep 360/500  total_loss=3.6267  tr_acc=0.9957  val_acc=0.8528  val_auroc=0.9318  val_f1=0.7602  lr=2.32e-05
Running Validation...
Ep 361/500  total_loss=3.6178  tr_acc=0.9971  val_acc=0.8480  val_auroc=0.9197  val_f1=0.7514  lr=2.29e-05
Running Validation...
Ep 362/500  total_loss=3.6230  tr_acc=0.9967  val_acc=0.8517  val_auroc=0.9299  val_f1=0.7643  lr=2.26e-05
Running Validation...
Ep 363/500  total_loss=3.6218  tr_acc=0.9967  val_acc=0.8501  val_auroc=0.9329  val_f1=0.7549  lr=2.23e-05
Running Validation...
Ep 364/500  total_loss=3.6250  tr_acc=0.9962  val_acc=0.8432  val_auroc=0.9171  val_f1=0.7476  lr=2.20e-05
Running Validation...
Ep 365/500  total_loss=3.6394  tr_acc=0.9952  val_acc=0.8485  val_auroc=0.9337  val_f1=0.7510  lr=2.17e-05
Running Validation...
Ep 366/500  total_loss=3.6156  tr_acc=0.9969  val_acc=0.8469  val_auroc=0.9243  val_f1=0.7536  lr=2.14e-05
Running Validation...
Ep 367/500  total_loss=3.6293  tr_acc=0.9958  val_acc=0.8400  val_auroc=0.9220  val_f1=0.7419  lr=2.12e-05
Running Validation...
Ep 368/500  total_loss=3.6240  tr_acc=0.9969  val_acc=0.8416  val_auroc=0.9176  val_f1=0.7424  lr=2.09e-05
Running Validation...
Ep 369/500  total_loss=3.6183  tr_acc=0.9973  val_acc=0.8453  val_auroc=0.9192  val_f1=0.7416  lr=2.06e-05
Running Validation...
Ep 370/500  total_loss=3.6168  tr_acc=0.9974  val_acc=0.8528  val_auroc=0.9191  val_f1=0.7608  lr=2.03e-05
Running Validation...
Ep 371/500  total_loss=3.6158  tr_acc=0.9973  val_acc=0.8539  val_auroc=0.9218  val_f1=0.7564  lr=2.00e-05
Running Validation...
Ep 372/500  total_loss=3.6281  tr_acc=0.9959  val_acc=0.8443  val_auroc=0.9244  val_f1=0.7434  lr=1.97e-05
Running Validation...
Ep 373/500  total_loss=3.6246  tr_acc=0.9962  val_acc=0.8469  val_auroc=0.9210  val_f1=0.7359  lr=1.94e-05
Running Validation...
Ep 374/500  total_loss=3.6217  tr_acc=0.9970  val_acc=0.8496  val_auroc=0.9315  val_f1=0.7507  lr=1.92e-05
Running Validation...
Ep 375/500  total_loss=3.6166  tr_acc=0.9977  val_acc=0.8560  val_auroc=0.9301  val_f1=0.7610  lr=1.89e-05
Running Validation...
Ep 376/500  total_loss=3.6196  tr_acc=0.9976  val_acc=0.8512  val_auroc=0.9204  val_f1=0.7500  lr=1.86e-05
Running Validation...
Ep 377/500  total_loss=3.6321  tr_acc=0.9950  val_acc=0.8491  val_auroc=0.9206  val_f1=0.7451  lr=1.83e-05
Running Validation...
Ep 378/500  total_loss=3.6143  tr_acc=0.9969  val_acc=0.8491  val_auroc=0.9275  val_f1=0.7477  lr=1.81e-05
Running Validation...
Ep 379/500  total_loss=3.6181  tr_acc=0.9963  val_acc=0.8517  val_auroc=0.9269  val_f1=0.7557  lr=1.78e-05
Running Validation...
Ep 380/500  total_loss=3.6292  tr_acc=0.9966  val_acc=0.8507  val_auroc=0.9260  val_f1=0.7526  lr=1.75e-05
Running Validation...
Ep 381/500  total_loss=3.6253  tr_acc=0.9969  val_acc=0.8496  val_auroc=0.9217  val_f1=0.7475  lr=1.72e-05
Running Validation...
Ep 382/500  total_loss=3.6357  tr_acc=0.9958  val_acc=0.8475  val_auroc=0.9303  val_f1=0.7541  lr=1.70e-05
Running Validation...
Ep 383/500  total_loss=3.6276  tr_acc=0.9969  val_acc=0.8491  val_auroc=0.9298  val_f1=0.7588  lr=1.67e-05
Running Validation...
Ep 384/500  total_loss=3.6290  tr_acc=0.9963  val_acc=0.8427  val_auroc=0.9282  val_f1=0.7403  lr=1.65e-05
Running Validation...
Ep 385/500  total_loss=3.6201  tr_acc=0.9966  val_acc=0.8432  val_auroc=0.9281  val_f1=0.7414  lr=1.62e-05
Running Validation...
Ep 386/500  total_loss=3.6104  tr_acc=0.9978  val_acc=0.8501  val_auroc=0.9293  val_f1=0.7535  lr=1.59e-05
Running Validation...
Ep 387/500  total_loss=3.6082  tr_acc=0.9983  val_acc=0.8331  val_auroc=0.9215  val_f1=0.7345  lr=1.57e-05
Running Validation...
Ep 388/500  total_loss=3.6215  tr_acc=0.9965  val_acc=0.8475  val_auroc=0.9289  val_f1=0.7431  lr=1.54e-05
Running Validation...
Ep 389/500  total_loss=3.6159  tr_acc=0.9974  val_acc=0.8331  val_auroc=0.9106  val_f1=0.7310  lr=1.52e-05
Running Validation...
Ep 390/500  total_loss=3.6214  tr_acc=0.9965  val_acc=0.8453  val_auroc=0.9214  val_f1=0.7461  lr=1.49e-05
Running Validation...
Ep 391/500  total_loss=3.6109  tr_acc=0.9969  val_acc=0.8448  val_auroc=0.9295  val_f1=0.7444  lr=1.46e-05
Running Validation...
Ep 392/500  total_loss=3.6315  tr_acc=0.9960  val_acc=0.8485  val_auroc=0.9335  val_f1=0.7542  lr=1.44e-05
Running Validation...
Ep 393/500  total_loss=3.6106  tr_acc=0.9973  val_acc=0.8443  val_auroc=0.9200  val_f1=0.7432  lr=1.41e-05
Running Validation...
Ep 394/500  total_loss=3.6147  tr_acc=0.9973  val_acc=0.8395  val_auroc=0.9274  val_f1=0.7497  lr=1.39e-05
Running Validation...
Ep 395/500  total_loss=3.6173  tr_acc=0.9973  val_acc=0.8475  val_auroc=0.9295  val_f1=0.7474  lr=1.37e-05
Running Validation...
Ep 396/500  total_loss=3.6159  tr_acc=0.9977  val_acc=0.8416  val_auroc=0.9196  val_f1=0.7462  lr=1.34e-05
Running Validation...
Ep 397/500  total_loss=3.6171  tr_acc=0.9975  val_acc=0.8501  val_auroc=0.9385  val_f1=0.7554  lr=1.32e-05
Running Validation...
Ep 398/500  total_loss=3.6214  tr_acc=0.9965  val_acc=0.8507  val_auroc=0.9279  val_f1=0.7553  lr=1.29e-05
Running Validation...
Ep 399/500  total_loss=3.6200  tr_acc=0.9960  val_acc=0.8469  val_auroc=0.9294  val_f1=0.7461  lr=1.27e-05
Running Validation...
Ep 400/500  total_loss=3.6096  tr_acc=0.9975  val_acc=0.8491  val_auroc=0.9338  val_f1=0.7530  lr=1.24e-05
Running Validation...
Ep 401/500  total_loss=3.6149  tr_acc=0.9977  val_acc=0.8528  val_auroc=0.9272  val_f1=0.7671  lr=1.22e-05
Running Validation...
Ep 402/500  total_loss=3.6218  tr_acc=0.9967  val_acc=0.8475  val_auroc=0.9284  val_f1=0.7567  lr=1.20e-05
Running Validation...
Ep 403/500  total_loss=3.6161  tr_acc=0.9967  val_acc=0.8299  val_auroc=0.9070  val_f1=0.7172  lr=1.17e-05
Running Validation...
Ep 404/500  total_loss=3.6217  tr_acc=0.9969  val_acc=0.8459  val_auroc=0.9180  val_f1=0.7506  lr=1.15e-05
Running Validation...
Ep 405/500  total_loss=3.6185  tr_acc=0.9977  val_acc=0.8400  val_auroc=0.9258  val_f1=0.7385  lr=1.13e-05
Running Validation...
Ep 406/500  total_loss=3.6164  tr_acc=0.9976  val_acc=0.8469  val_auroc=0.9295  val_f1=0.7536  lr=1.11e-05
Running Validation...
Ep 407/500  total_loss=3.6301  tr_acc=0.9966  val_acc=0.8251  val_auroc=0.9106  val_f1=0.7136  lr=1.08e-05
Running Validation...
Ep 408/500  total_loss=3.6123  tr_acc=0.9975  val_acc=0.8523  val_auroc=0.9266  val_f1=0.7672  lr=1.06e-05
Running Validation...
Ep 409/500  total_loss=3.6170  tr_acc=0.9968  val_acc=0.8459  val_auroc=0.9313  val_f1=0.7566  lr=1.04e-05
Running Validation...
Ep 410/500  total_loss=3.6148  tr_acc=0.9974  val_acc=0.8549  val_auroc=0.9353  val_f1=0.7655  lr=1.02e-05
Running Validation...
Ep 411/500  total_loss=3.6143  tr_acc=0.9971  val_acc=0.8400  val_auroc=0.9238  val_f1=0.7409  lr=9.97e-06
Running Validation...
Ep 412/500  total_loss=3.6181  tr_acc=0.9970  val_acc=0.8539  val_auroc=0.9369  val_f1=0.7690  lr=9.75e-06
Running Validation...
Ep 413/500  total_loss=3.6088  tr_acc=0.9978  val_acc=0.8448  val_auroc=0.9301  val_f1=0.7481  lr=9.54e-06
Running Validation...
Ep 414/500  total_loss=3.6181  tr_acc=0.9967  val_acc=0.8549  val_auroc=0.9300  val_f1=0.7676  lr=9.33e-06
Running Validation...
Ep 415/500  total_loss=3.6070  tr_acc=0.9973  val_acc=0.8443  val_auroc=0.9276  val_f1=0.7505  lr=9.12e-06
Running Validation...
Ep 416/500  total_loss=3.6076  tr_acc=0.9978  val_acc=0.8496  val_auroc=0.9317  val_f1=0.7574  lr=8.92e-06
Running Validation...
Ep 417/500  total_loss=3.6180  tr_acc=0.9963  val_acc=0.8469  val_auroc=0.9246  val_f1=0.7525  lr=8.71e-06
Running Validation...
Ep 418/500  total_loss=3.6165  tr_acc=0.9970  val_acc=0.8501  val_auroc=0.9317  val_f1=0.7613  lr=8.51e-06
Running Validation...
Ep 419/500  total_loss=3.6171  tr_acc=0.9977  val_acc=0.8448  val_auroc=0.9321  val_f1=0.7529  lr=8.31e-06
Running Validation...
Ep 420/500  total_loss=3.6096  tr_acc=0.9978  val_acc=0.8475  val_auroc=0.9256  val_f1=0.7498  lr=8.12e-06
Running Validation...
Ep 421/500  total_loss=3.6131  tr_acc=0.9974  val_acc=0.8421  val_auroc=0.9379  val_f1=0.7413  lr=7.92e-06
Running Validation...
Ep 422/500  total_loss=3.6058  tr_acc=0.9986  val_acc=0.8448  val_auroc=0.9311  val_f1=0.7434  lr=7.73e-06
Running Validation...
Ep 423/500  total_loss=3.6213  tr_acc=0.9962  val_acc=0.8453  val_auroc=0.9222  val_f1=0.7460  lr=7.54e-06
Running Validation...
Ep 424/500  total_loss=3.6311  tr_acc=0.9952  val_acc=0.8485  val_auroc=0.9305  val_f1=0.7560  lr=7.35e-06
Running Validation...
Ep 425/500  total_loss=3.6179  tr_acc=0.9971  val_acc=0.8416  val_auroc=0.9233  val_f1=0.7384  lr=7.16e-06
Running Validation...
Ep 426/500  total_loss=3.6144  tr_acc=0.9977  val_acc=0.8496  val_auroc=0.9338  val_f1=0.7579  lr=6.98e-06
Running Validation...
Ep 427/500  total_loss=3.6067  tr_acc=0.9984  val_acc=0.8469  val_auroc=0.9237  val_f1=0.7479  lr=6.80e-06
Running Validation...
Ep 428/500  total_loss=3.6131  tr_acc=0.9971  val_acc=0.8464  val_auroc=0.9268  val_f1=0.7507  lr=6.62e-06
Running Validation...
Ep 429/500  total_loss=3.6206  tr_acc=0.9968  val_acc=0.8485  val_auroc=0.9273  val_f1=0.7532  lr=6.44e-06
Running Validation...
Ep 430/500  total_loss=3.6117  tr_acc=0.9977  val_acc=0.8549  val_auroc=0.9310  val_f1=0.7668  lr=6.26e-06
Running Validation...
Ep 431/500  total_loss=3.6103  tr_acc=0.9976  val_acc=0.8491  val_auroc=0.9336  val_f1=0.7588  lr=6.09e-06
Running Validation...
Ep 432/500  total_loss=3.6099  tr_acc=0.9976  val_acc=0.8517  val_auroc=0.9382  val_f1=0.7660  lr=5.92e-06
Running Validation...
Ep 433/500  total_loss=3.6099  tr_acc=0.9973  val_acc=0.8475  val_auroc=0.9228  val_f1=0.7462  lr=5.75e-06
Running Validation...
Ep 434/500  total_loss=3.6012  tr_acc=0.9985  val_acc=0.8464  val_auroc=0.9251  val_f1=0.7463  lr=5.58e-06
Running Validation...
Ep 435/500  total_loss=3.6128  tr_acc=0.9977  val_acc=0.8496  val_auroc=0.9291  val_f1=0.7556  lr=5.42e-06
Running Validation...
Ep 436/500  total_loss=3.6087  tr_acc=0.9970  val_acc=0.8560  val_auroc=0.9349  val_f1=0.7687  lr=5.26e-06
Running Validation...
Ep 437/500  total_loss=3.6112  tr_acc=0.9982  val_acc=0.8464  val_auroc=0.9270  val_f1=0.7499  lr=5.10e-06
Running Validation...
Ep 438/500  total_loss=3.6079  tr_acc=0.9981  val_acc=0.8432  val_auroc=0.9195  val_f1=0.7478  lr=4.94e-06
Running Validation...
Ep 439/500  total_loss=3.6236  tr_acc=0.9969  val_acc=0.8485  val_auroc=0.9304  val_f1=0.7538  lr=4.78e-06
Running Validation...
Ep 440/500  total_loss=3.6139  tr_acc=0.9977  val_acc=0.8432  val_auroc=0.9193  val_f1=0.7446  lr=4.63e-06
Running Validation...
Ep 441/500  total_loss=3.6148  tr_acc=0.9974  val_acc=0.8544  val_auroc=0.9355  val_f1=0.7648  lr=4.48e-06
Running Validation...
Ep 442/500  total_loss=3.6084  tr_acc=0.9976  val_acc=0.8448  val_auroc=0.9240  val_f1=0.7414  lr=4.33e-06
Running Validation...
Ep 443/500  total_loss=3.6173  tr_acc=0.9973  val_acc=0.8485  val_auroc=0.9310  val_f1=0.7512  lr=4.19e-06
Running Validation...
Ep 444/500  total_loss=3.6177  tr_acc=0.9973  val_acc=0.8379  val_auroc=0.9179  val_f1=0.7363  lr=4.04e-06
Running Validation...
Ep 445/500  total_loss=3.6108  tr_acc=0.9975  val_acc=0.8459  val_auroc=0.9175  val_f1=0.7503  lr=3.90e-06
Running Validation...
Ep 446/500  total_loss=3.6080  tr_acc=0.9982  val_acc=0.8464  val_auroc=0.9268  val_f1=0.7416  lr=3.77e-06
Running Validation...
Ep 447/500  total_loss=3.6014  tr_acc=0.9986  val_acc=0.8496  val_auroc=0.9314  val_f1=0.7523  lr=3.63e-06
Running Validation...
Ep 448/500  total_loss=3.6168  tr_acc=0.9973  val_acc=0.8501  val_auroc=0.9269  val_f1=0.7575  lr=3.50e-06
Running Validation...
Ep 449/500  total_loss=3.6132  tr_acc=0.9971  val_acc=0.8517  val_auroc=0.9288  val_f1=0.7596  lr=3.36e-06
Running Validation...
Ep 450/500  total_loss=3.6121  tr_acc=0.9974  val_acc=0.8496  val_auroc=0.9310  val_f1=0.7543  lr=3.24e-06
Running Validation...
Ep 451/500  total_loss=3.6145  tr_acc=0.9969  val_acc=0.8480  val_auroc=0.9228  val_f1=0.7523  lr=3.11e-06
Running Validation...
Ep 452/500  total_loss=3.6088  tr_acc=0.9981  val_acc=0.8517  val_auroc=0.9117  val_f1=0.7577  lr=2.98e-06
Running Validation...
Ep 453/500  total_loss=3.6163  tr_acc=0.9971  val_acc=0.8459  val_auroc=0.9234  val_f1=0.7467  lr=2.86e-06
Running Validation...
Ep 454/500  total_loss=3.6057  tr_acc=0.9983  val_acc=0.8379  val_auroc=0.9184  val_f1=0.7263  lr=2.74e-06
Running Validation...
Ep 455/500  total_loss=3.6127  tr_acc=0.9973  val_acc=0.8448  val_auroc=0.9259  val_f1=0.7425  lr=2.63e-06
Running Validation...
Ep 456/500  total_loss=3.6062  tr_acc=0.9983  val_acc=0.8437  val_auroc=0.9151  val_f1=0.7399  lr=2.51e-06
Running Validation...
Ep 457/500  total_loss=3.6111  tr_acc=0.9977  val_acc=0.8491  val_auroc=0.9210  val_f1=0.7498  lr=2.40e-06
Running Validation...
Ep 458/500  total_loss=3.6244  tr_acc=0.9967  val_acc=0.8539  val_auroc=0.9286  val_f1=0.7625  lr=2.29e-06
Running Validation...
Ep 459/500  total_loss=3.6121  tr_acc=0.9973  val_acc=0.8565  val_auroc=0.9272  val_f1=0.7672  lr=2.18e-06
Running Validation...
Ep 460/500  total_loss=3.6085  tr_acc=0.9983  val_acc=0.8475  val_auroc=0.9269  val_f1=0.7506  lr=2.08e-06
Running Validation...
Ep 461/500  total_loss=3.6203  tr_acc=0.9973  val_acc=0.8459  val_auroc=0.9273  val_f1=0.7507  lr=1.98e-06
Running Validation...
Ep 462/500  total_loss=3.6064  tr_acc=0.9985  val_acc=0.8464  val_auroc=0.9259  val_f1=0.7541  lr=1.88e-06
Running Validation...
Ep 463/500  total_loss=3.6104  tr_acc=0.9976  val_acc=0.8517  val_auroc=0.9294  val_f1=0.7546  lr=1.78e-06
Running Validation...
Ep 464/500  total_loss=3.6077  tr_acc=0.9982  val_acc=0.8373  val_auroc=0.9100  val_f1=0.7341  lr=1.69e-06
Running Validation...
Ep 465/500  total_loss=3.6197  tr_acc=0.9975  val_acc=0.8459  val_auroc=0.9320  val_f1=0.7438  lr=1.60e-06
Running Validation...
Ep 466/500  total_loss=3.6078  tr_acc=0.9983  val_acc=0.8437  val_auroc=0.9278  val_f1=0.7454  lr=1.51e-06
Running Validation...
Ep 467/500  total_loss=3.6114  tr_acc=0.9974  val_acc=0.8475  val_auroc=0.9221  val_f1=0.7525  lr=1.42e-06
Running Validation...
Ep 468/500  total_loss=3.6164  tr_acc=0.9973  val_acc=0.8512  val_auroc=0.9196  val_f1=0.7531  lr=1.34e-06
Running Validation...
Ep 469/500  total_loss=3.6198  tr_acc=0.9963  val_acc=0.8464  val_auroc=0.9242  val_f1=0.7461  lr=1.25e-06
Running Validation...
Ep 470/500  total_loss=3.6200  tr_acc=0.9970  val_acc=0.8485  val_auroc=0.9283  val_f1=0.7522  lr=1.17e-06
Running Validation...
Ep 471/500  total_loss=3.6285  tr_acc=0.9961  val_acc=0.8448  val_auroc=0.9250  val_f1=0.7456  lr=1.10e-06
Running Validation...
Ep 472/500  total_loss=3.6093  tr_acc=0.9977  val_acc=0.8464  val_auroc=0.9230  val_f1=0.7487  lr=1.02e-06
Running Validation...
Ep 473/500  total_loss=3.6070  tr_acc=0.9978  val_acc=0.8432  val_auroc=0.9210  val_f1=0.7453  lr=9.52e-07
Running Validation...
Ep 474/500  total_loss=3.6057  tr_acc=0.9984  val_acc=0.8416  val_auroc=0.9227  val_f1=0.7427  lr=8.83e-07
Running Validation...
Ep 475/500  total_loss=3.6143  tr_acc=0.9982  val_acc=0.8469  val_auroc=0.9316  val_f1=0.7504  lr=8.50e-07
Running Validation...
Ep 476/500  total_loss=3.6102  tr_acc=0.9979  val_acc=0.8400  val_auroc=0.9116  val_f1=0.7413  lr=8.50e-07
Running Validation...
Ep 477/500  total_loss=3.6172  tr_acc=0.9969  val_acc=0.8549  val_auroc=0.9231  val_f1=0.7666  lr=8.50e-07
Running Validation...
Ep 478/500  total_loss=3.6130  tr_acc=0.9979  val_acc=0.8453  val_auroc=0.9215  val_f1=0.7508  lr=8.50e-07
Running Validation...
Ep 479/500  total_loss=3.6011  tr_acc=0.9987  val_acc=0.8517  val_auroc=0.9169  val_f1=0.7562  lr=8.50e-07
Running Validation...
Ep 480/500  total_loss=3.6096  tr_acc=0.9976  val_acc=0.8475  val_auroc=0.9232  val_f1=0.7487  lr=8.50e-07
Running Validation...
Ep 481/500  total_loss=3.6089  tr_acc=0.9979  val_acc=0.8421  val_auroc=0.9193  val_f1=0.7423  lr=8.50e-07
Running Validation...
Ep 482/500  total_loss=3.6082  tr_acc=0.9979  val_acc=0.8523  val_auroc=0.9260  val_f1=0.7564  lr=8.50e-07
Running Validation...
Ep 483/500  total_loss=3.6186  tr_acc=0.9968  val_acc=0.8517  val_auroc=0.9294  val_f1=0.7608  lr=8.50e-07
Running Validation...
Ep 484/500  total_loss=3.6081  tr_acc=0.9983  val_acc=0.8512  val_auroc=0.9271  val_f1=0.7558  lr=8.50e-07
Running Validation...
Ep 485/500  total_loss=3.6154  tr_acc=0.9973  val_acc=0.8485  val_auroc=0.9281  val_f1=0.7523  lr=8.50e-07
Running Validation...
Ep 486/500  total_loss=3.6157  tr_acc=0.9975  val_acc=0.8512  val_auroc=0.9257  val_f1=0.7571  lr=8.50e-07
Running Validation...
Ep 487/500  total_loss=3.6148  tr_acc=0.9970  val_acc=0.8432  val_auroc=0.9175  val_f1=0.7399  lr=8.50e-07
Running Validation...
Ep 488/500  total_loss=3.6093  tr_acc=0.9981  val_acc=0.8421  val_auroc=0.9186  val_f1=0.7450  lr=8.50e-07
Running Validation...
Ep 489/500  total_loss=3.6224  tr_acc=0.9966  val_acc=0.8448  val_auroc=0.9228  val_f1=0.7436  lr=8.50e-07
Running Validation...
Ep 490/500  total_loss=3.6144  tr_acc=0.9975  val_acc=0.8507  val_auroc=0.9314  val_f1=0.7559  lr=8.50e-07
Running Validation...
Ep 491/500  total_loss=3.6197  tr_acc=0.9965  val_acc=0.8491  val_auroc=0.9250  val_f1=0.7522  lr=8.50e-07
Running Validation...
Ep 492/500  total_loss=3.6129  tr_acc=0.9976  val_acc=0.8437  val_auroc=0.9198  val_f1=0.7344  lr=8.50e-07
Running Validation...
Ep 493/500  total_loss=3.6099  tr_acc=0.9976  val_acc=0.8427  val_auroc=0.9174  val_f1=0.7420  lr=8.50e-07
Running Validation...
Ep 494/500  total_loss=3.6110  tr_acc=0.9975  val_acc=0.8475  val_auroc=0.9187  val_f1=0.7490  lr=8.50e-07
Running Validation...
Ep 495/500  total_loss=3.6150  tr_acc=0.9970  val_acc=0.8453  val_auroc=0.9164  val_f1=0.7476  lr=8.50e-07
Running Validation...
Ep 496/500  total_loss=3.6087  tr_acc=0.9979  val_acc=0.8528  val_auroc=0.9302  val_f1=0.7647  lr=8.50e-07
Running Validation...
Ep 497/500  total_loss=3.6119  tr_acc=0.9970  val_acc=0.8517  val_auroc=0.9218  val_f1=0.7505  lr=8.50e-07
Running Validation...
Ep 498/500  total_loss=3.6168  tr_acc=0.9973  val_acc=0.8501  val_auroc=0.9235  val_f1=0.7583  lr=8.50e-07
Running Validation...
Ep 499/500  total_loss=3.6080  tr_acc=0.9977  val_acc=0.8453  val_auroc=0.9278  val_f1=0.7488  lr=8.50e-07
Running Validation...
Ep 500/500  total_loss=3.6078  tr_acc=0.9981  val_acc=0.8496  val_auroc=0.9274  val_f1=0.7564  lr=8.50e-07
Training complete. Best AUROC: 0.9478, Best F1: 0.7710
Loaded best model from best_f1_model.pt (epoch 190)
Running Validation (final)...
Running Test...

Evaluating on derm7pt
Running Cross-eval: derm7pt...

Evaluating on padufes20
Running Cross-eval: padufes20...

Evaluating on isic2019
Running Cross-eval: isic2019...

Cross-dataset summary:
            accuracy  precision    recall  ...       EOM       PQD       DPM
derm7pt    0.514384   0.280823  0.322137  ...  0.460737  0.466667  0.268259
padufes20  0.511876   0.444303  0.517879  ...  0.236905  0.199113  0.216007
isic2019   0.744256   0.539526  0.514434  ...       NaN       NaN       NaN

[3 rows x 10 columns]

All results saved to outputs/results_DisCo_resnet18
Checkpoints saved to outputs/checkpoints_DisCo_resnet18
=========================================
Finished: Tue May 26 10:24:38 AM CEST 2026
Exit code: 0

[DONE] Training completed successfully.
Outputs:
  Checkpoints → process_DisCo_resnet18/outputs/checkpoints/
  Results     → process_DisCo_resnet18/outputs/results/
  CSVs        → process_DisCo_resnet18/outputs/csvs/
