=========================================
Job:       train_BASE_resnet18  (412718)
Node:      bigpu01
Started:   Mon May 25 11:48:13 PM CEST 2026
=========================================
[INFO] No HF token found at /users/jlacmou/.hf_token — downloads may be slow.
[INFO] No kaggle.json found in process_BASE_resnet18. Relying on ~/.kaggle/ or env vars.
[SETUP] Creating virtual environment...
[SETUP] Installing / verifying Python dependencies...

── GPU info ──────────────────────────────
Tesla V100-PCIE-32GB, 32768 MiB, 575.57.08
PyTorch : 2.12.0+cu126
CUDA    : 12.6
Devices : 1
GPU 0   : Tesla V100-PCIE-32GB
VRAM    : 34.1 GB
──────────────────────────────────────────

[CHECK] Validating dataset roots...
  [MISSING] process_BASE_resnet18/data/datasets/asosenge/hibaskinlesionsdataset-main  ← Attempting to download via Kaggle CLI...
Dataset URL: https://www.kaggle.com/datasets/asosenge/hibaskinlesionsdataset-main
License(s): other
Downloading hibaskinlesionsdataset-main.zip to process_BASE_resnet18/data/datasets/asosenge/hibaskinlesionsdataset-main

  [DOWNLOADED] process_BASE_resnet18/data/datasets/asosenge/hibaskinlesionsdataset-main
  [MISSING] process_BASE_resnet18/data/datasets/asosenge/fitzpatrick17k  ← Attempting to download via Kaggle CLI...
Dataset URL: https://www.kaggle.com/datasets/asosenge/fitzpatrick17k
License(s): other
Downloading fitzpatrick17k.zip to process_BASE_resnet18/data/datasets/asosenge/fitzpatrick17k

  [DOWNLOADED] process_BASE_resnet18/data/datasets/asosenge/fitzpatrick17k
  [MISSING] process_BASE_resnet18/data/datasets/asosenge/ham10000  ← Attempting to download via Kaggle CLI...
Dataset URL: https://www.kaggle.com/datasets/asosenge/ham10000
License(s): Attribution-NonCommercial 4.0 International (CC BY-NC 4.0)
Downloading ham10000.zip to process_BASE_resnet18/data/datasets/asosenge/ham10000

  [DOWNLOADED] process_BASE_resnet18/data/datasets/asosenge/ham10000
  [MISSING] process_BASE_resnet18/data/datasets/asosenge/derm7pt  ← Attempting to download via Kaggle CLI...
Dataset URL: https://www.kaggle.com/datasets/asosenge/derm7pt
License(s): other
Downloading derm7pt.zip to process_BASE_resnet18/data/datasets/asosenge/derm7pt

  [DOWNLOADED] process_BASE_resnet18/data/datasets/asosenge/derm7pt
  [MISSING] process_BASE_resnet18/data/datasets/mahdavi1202/skin-cancer  ← Attempting to download via Kaggle CLI...
Dataset URL: https://www.kaggle.com/datasets/mahdavi1202/skin-cancer
License(s): Attribution 4.0 International (CC BY 4.0)
Downloading skin-cancer.zip to process_BASE_resnet18/data/datasets/mahdavi1202/skin-cancer

  [DOWNLOADED] process_BASE_resnet18/data/datasets/mahdavi1202/skin-cancer
  [MISSING] process_BASE_resnet18/data/datasets/sengenjih/isic2019  ← Attempting to download via Kaggle CLI...
Dataset URL: https://www.kaggle.com/datasets/sengenjih/isic2019
License(s): Attribution-NonCommercial 4.0 International (CC BY-NC 4.0)
Downloading isic2019.zip to process_BASE_resnet18/data/datasets/sengenjih/isic2019

  [DOWNLOADED] process_BASE_resnet18/data/datasets/sengenjih/isic2019

[CONVERT] Converting notebook to Python script...
[PATCH] Redirecting Kaggle paths → cluster paths...
  DATA_ROOT  → process_BASE_resnet18/data/datasets
  WORK_ROOT  → process_BASE_resnet18/outputs
  BB_CACHE   → process_BASE_resnet18/backbone_cache
  Patch applied successfully.

[RUN] Starting training — Tue May 26 12:07:59 AM CEST 2026
=========================================
Device: cuda
Checking configured paths:
  WORK_ROOT : outputs  [OK]
  CSV_DIR   : outputs/csvs  [OK]
  hiba           : process_BASE_resnet18/data/datasets/asosenge/hibaskinlesionsdataset-main/HIBASkinLesionsDataset-main/images  [OK]
  fitzpatrick17k : process_BASE_resnet18/data/datasets/asosenge/fitzpatrick17k/fitzpatrick17k/data/finalfitz17k  [OK]
  ham10000       : process_BASE_resnet18/data/datasets/asosenge/ham10000/HAM10000  [OK]
  derm7pt        : process_BASE_resnet18/data/datasets/asosenge/derm7pt/release_v0/images  [OK]
  padufes20      : process_BASE_resnet18/data/datasets/mahdavi1202/skin-cancer  [OK]
  isic2019       : process_BASE_resnet18/data/datasets/sengenjih/isic2019  [OK]
CSV dir      : outputs/csvs
Checkpoints  : outputs/checkpoints_BASE_resnet18
Results      : outputs/results_BASE_resnet18
Image roots:
  hiba           : process_BASE_resnet18/data/datasets/asosenge/hibaskinlesionsdataset-main/HIBASkinLesionsDataset-main/images
  fitzpatrick17k : process_BASE_resnet18/data/datasets/asosenge/fitzpatrick17k/fitzpatrick17k/data/finalfitz17k
  ham10000       : process_BASE_resnet18/data/datasets/asosenge/ham10000/HAM10000
  derm7pt        : process_BASE_resnet18/data/datasets/asosenge/derm7pt/release_v0/images
  padufes20      : process_BASE_resnet18/data/datasets/mahdavi1202/skin-cancer
  isic2019       : process_BASE_resnet18/data/datasets/sengenjih/isic2019
[INFO] Built image map for hiba: 1616 entries
[INFO] Built image map for fitzpatrick17k: 16577 entries
[INFO] Built image map for ham10000: 20030 entries
[INFO] Built image map for derm7pt: 2013 entries
[INFO] Built image map for padufes20: 2298 entries
[INFO] Built image map for isic2019: 33569 entries
[INFO] Loaded derm7pt paired eval set: 869 samples
[INFO] Loaded padufes20 unpaired eval set: 2063 samples
[INFO] Loaded isic2019 unpaired eval set: 27551 samples
Train batches: 273, Val batches: 59
Test batches: 59
Cross-eval loaders: ['derm7pt', 'padufes20', 'isic2019']
Downloading: "https://download.pytorch.org/models/resnet18-f37072fd.pth" to process_BASE_resnet18/backbone_cache/hub/checkpoints/resnet18-f37072fd.pth
Running Validation...
Ep   1/500  loss=1.6886  tr_acc=0.2398  val_acc=0.4459  val_auroc=0.6941  val_f1=0.3007  lr=1.70e-06
Running Validation...
Ep   2/500  loss=1.4601  tr_acc=0.3696  val_acc=0.6059  val_auroc=0.8230  val_f1=0.4281  lr=2.55e-06
Running Validation...
Ep   3/500  loss=1.2549  tr_acc=0.4801  val_acc=0.6672  val_auroc=0.8713  val_f1=0.4753  lr=3.40e-06
Running Validation...
Ep   4/500  loss=1.1127  tr_acc=0.5591  val_acc=0.6843  val_auroc=0.8938  val_f1=0.5250  lr=4.25e-06
Running Validation...
Ep   5/500  loss=1.0020  tr_acc=0.6008  val_acc=0.7056  val_auroc=0.9106  val_f1=0.5269  lr=5.10e-06
Running Validation...
Ep   6/500  loss=0.9177  tr_acc=0.6337  val_acc=0.7179  val_auroc=0.9220  val_f1=0.5849  lr=5.95e-06
Running Validation...
Ep   7/500  loss=0.8851  tr_acc=0.6419  val_acc=0.7488  val_auroc=0.9295  val_f1=0.5993  lr=6.80e-06
Running Validation...
Ep   8/500  loss=0.8156  tr_acc=0.6765  val_acc=0.7541  val_auroc=0.9323  val_f1=0.5881  lr=7.65e-06
Running Validation...
Ep   9/500  loss=0.7611  tr_acc=0.6983  val_acc=0.7653  val_auroc=0.9387  val_f1=0.6215  lr=8.50e-06
Running Validation...
Ep  10/500  loss=0.7112  tr_acc=0.7263  val_acc=0.7835  val_auroc=0.9407  val_f1=0.6628  lr=9.35e-06
Running Validation...
Ep  11/500  loss=0.6652  tr_acc=0.7447  val_acc=0.7792  val_auroc=0.9440  val_f1=0.6496  lr=1.02e-05
Running Validation...
Ep  12/500  loss=0.6128  tr_acc=0.7690  val_acc=0.7941  val_auroc=0.9472  val_f1=0.6784  lr=1.11e-05
Running Validation...
Ep  13/500  loss=0.5733  tr_acc=0.7803  val_acc=0.7915  val_auroc=0.9487  val_f1=0.6802  lr=1.19e-05
Running Validation...
Ep  14/500  loss=0.5214  tr_acc=0.8031  val_acc=0.7995  val_auroc=0.9485  val_f1=0.6782  lr=1.27e-05
Running Validation...
Ep  15/500  loss=0.4809  tr_acc=0.8189  val_acc=0.8011  val_auroc=0.9508  val_f1=0.6778  lr=1.36e-05
Running Validation...
Ep  16/500  loss=0.4591  tr_acc=0.8288  val_acc=0.7995  val_auroc=0.9479  val_f1=0.6674  lr=1.45e-05
Running Validation...
Ep  17/500  loss=0.4303  tr_acc=0.8411  val_acc=0.8011  val_auroc=0.9497  val_f1=0.6982  lr=1.53e-05
Running Validation...
Ep  18/500  loss=0.3647  tr_acc=0.8674  val_acc=0.8187  val_auroc=0.9502  val_f1=0.7190  lr=1.62e-05
Running Validation...
Ep  19/500  loss=0.3471  tr_acc=0.8732  val_acc=0.8224  val_auroc=0.9499  val_f1=0.7175  lr=1.70e-05
Running Validation...
Ep  20/500  loss=0.3277  tr_acc=0.8827  val_acc=0.8059  val_auroc=0.9425  val_f1=0.6878  lr=1.79e-05
Running Validation...
Ep  21/500  loss=0.2995  tr_acc=0.8885  val_acc=0.8251  val_auroc=0.9522  val_f1=0.7157  lr=1.87e-05
Running Validation...
Ep  22/500  loss=0.2904  tr_acc=0.8965  val_acc=0.8160  val_auroc=0.9510  val_f1=0.7010  lr=1.96e-05
Running Validation...
Ep  23/500  loss=0.2673  tr_acc=0.9040  val_acc=0.8112  val_auroc=0.9477  val_f1=0.7149  lr=2.04e-05
Running Validation...
Ep  24/500  loss=0.2403  tr_acc=0.9162  val_acc=0.8411  val_auroc=0.9532  val_f1=0.7455  lr=2.13e-05
Running Validation...
Ep  25/500  loss=0.2379  tr_acc=0.9163  val_acc=0.8240  val_auroc=0.9476  val_f1=0.7215  lr=2.21e-05
Running Validation...
Ep  26/500  loss=0.2241  tr_acc=0.9211  val_acc=0.8160  val_auroc=0.9510  val_f1=0.7308  lr=2.30e-05
Running Validation...
Ep  27/500  loss=0.2006  tr_acc=0.9299  val_acc=0.8107  val_auroc=0.9446  val_f1=0.7084  lr=2.38e-05
Running Validation...
Ep  28/500  loss=0.1871  tr_acc=0.9341  val_acc=0.8304  val_auroc=0.9525  val_f1=0.7275  lr=2.46e-05
Running Validation...
Ep  29/500  loss=0.1817  tr_acc=0.9348  val_acc=0.8192  val_auroc=0.9538  val_f1=0.7197  lr=2.55e-05
Running Validation...
Ep  30/500  loss=0.1865  tr_acc=0.9341  val_acc=0.8283  val_auroc=0.9459  val_f1=0.7284  lr=2.64e-05
Running Validation...
Ep  31/500  loss=0.1726  tr_acc=0.9374  val_acc=0.8155  val_auroc=0.9484  val_f1=0.7250  lr=2.72e-05
Running Validation...
Ep  32/500  loss=0.1607  tr_acc=0.9455  val_acc=0.8267  val_auroc=0.9372  val_f1=0.7218  lr=2.81e-05
Running Validation...
Ep  33/500  loss=0.1549  tr_acc=0.9436  val_acc=0.8133  val_auroc=0.9484  val_f1=0.7306  lr=2.89e-05
Running Validation...
Ep  34/500  loss=0.1522  tr_acc=0.9461  val_acc=0.8267  val_auroc=0.9492  val_f1=0.7177  lr=2.98e-05
Running Validation...
Ep  35/500  loss=0.1460  tr_acc=0.9504  val_acc=0.8384  val_auroc=0.9534  val_f1=0.7428  lr=3.06e-05
Running Validation...
Ep  36/500  loss=0.1399  tr_acc=0.9510  val_acc=0.8256  val_auroc=0.9440  val_f1=0.7249  lr=3.14e-05
Running Validation...
Ep  37/500  loss=0.1409  tr_acc=0.9527  val_acc=0.8229  val_auroc=0.9432  val_f1=0.7201  lr=3.23e-05
Running Validation...
Ep  38/500  loss=0.1382  tr_acc=0.9496  val_acc=0.8411  val_auroc=0.9490  val_f1=0.7489  lr=3.32e-05
Running Validation...
Ep  39/500  loss=0.1233  tr_acc=0.9564  val_acc=0.8331  val_auroc=0.9521  val_f1=0.7478  lr=3.40e-05
Running Validation...
Ep  40/500  loss=0.1203  tr_acc=0.9576  val_acc=0.8336  val_auroc=0.9477  val_f1=0.7324  lr=3.49e-05
Running Validation...
Ep  41/500  loss=0.1153  tr_acc=0.9598  val_acc=0.8400  val_auroc=0.9436  val_f1=0.7426  lr=3.57e-05
Running Validation...
Ep  42/500  loss=0.1223  tr_acc=0.9571  val_acc=0.8261  val_auroc=0.9459  val_f1=0.7292  lr=3.66e-05
Running Validation...
Ep  43/500  loss=0.1157  tr_acc=0.9599  val_acc=0.8160  val_auroc=0.9441  val_f1=0.7115  lr=3.74e-05
Running Validation...
Ep  44/500  loss=0.1087  tr_acc=0.9623  val_acc=0.8245  val_auroc=0.9420  val_f1=0.7421  lr=3.83e-05
Running Validation...
Ep  45/500  loss=0.1010  tr_acc=0.9662  val_acc=0.8411  val_auroc=0.9538  val_f1=0.7408  lr=3.91e-05
Running Validation...
Ep  46/500  loss=0.1069  tr_acc=0.9626  val_acc=0.8384  val_auroc=0.9494  val_f1=0.7450  lr=4.00e-05
Running Validation...
Ep  47/500  loss=0.1122  tr_acc=0.9621  val_acc=0.8341  val_auroc=0.9481  val_f1=0.7472  lr=4.08e-05
Running Validation...
Ep  48/500  loss=0.1058  tr_acc=0.9641  val_acc=0.8181  val_auroc=0.9437  val_f1=0.7139  lr=4.17e-05
Running Validation...
Ep  49/500  loss=0.0915  tr_acc=0.9682  val_acc=0.8267  val_auroc=0.9490  val_f1=0.7171  lr=4.25e-05
Running Validation...
Ep  50/500  loss=0.1063  tr_acc=0.9620  val_acc=0.8304  val_auroc=0.9430  val_f1=0.7239  lr=4.34e-05
Running Validation...
Ep  51/500  loss=0.0872  tr_acc=0.9691  val_acc=0.8251  val_auroc=0.9480  val_f1=0.7182  lr=4.42e-05
Running Validation...
Ep  52/500  loss=0.1032  tr_acc=0.9658  val_acc=0.8416  val_auroc=0.9528  val_f1=0.7432  lr=4.51e-05
Running Validation...
Ep  53/500  loss=0.0916  tr_acc=0.9701  val_acc=0.8320  val_auroc=0.9458  val_f1=0.7318  lr=4.59e-05
Running Validation...
Ep  54/500  loss=0.0911  tr_acc=0.9693  val_acc=0.8320  val_auroc=0.9469  val_f1=0.7293  lr=4.68e-05
Running Validation...
Ep  55/500  loss=0.0849  tr_acc=0.9710  val_acc=0.8187  val_auroc=0.9461  val_f1=0.6983  lr=4.76e-05
Running Validation...
Ep  56/500  loss=0.0917  tr_acc=0.9709  val_acc=0.8315  val_auroc=0.9453  val_f1=0.7216  lr=4.84e-05
Running Validation...
Ep  57/500  loss=0.0862  tr_acc=0.9707  val_acc=0.8235  val_auroc=0.9513  val_f1=0.7095  lr=4.93e-05
Running Validation...
Ep  58/500  loss=0.0955  tr_acc=0.9716  val_acc=0.8379  val_auroc=0.9406  val_f1=0.7364  lr=5.01e-05
Running Validation...
Ep  59/500  loss=0.0923  tr_acc=0.9696  val_acc=0.8416  val_auroc=0.9481  val_f1=0.7369  lr=5.10e-05
Running Validation...
Ep  60/500  loss=0.0858  tr_acc=0.9737  val_acc=0.8427  val_auroc=0.9444  val_f1=0.7453  lr=5.18e-05
Running Validation...
Ep  61/500  loss=0.0823  tr_acc=0.9752  val_acc=0.8288  val_auroc=0.9451  val_f1=0.7201  lr=5.27e-05
Running Validation...
Ep  62/500  loss=0.0827  tr_acc=0.9741  val_acc=0.8325  val_auroc=0.9464  val_f1=0.7353  lr=5.36e-05
Running Validation...
Ep  63/500  loss=0.0819  tr_acc=0.9733  val_acc=0.8320  val_auroc=0.9503  val_f1=0.7284  lr=5.44e-05
Running Validation...
Ep  64/500  loss=0.0775  tr_acc=0.9736  val_acc=0.8272  val_auroc=0.9438  val_f1=0.7209  lr=5.53e-05
Running Validation...
Ep  65/500  loss=0.0814  tr_acc=0.9730  val_acc=0.8256  val_auroc=0.9522  val_f1=0.7214  lr=5.61e-05
Running Validation...
Ep  66/500  loss=0.0757  tr_acc=0.9757  val_acc=0.8309  val_auroc=0.9529  val_f1=0.7218  lr=5.70e-05
Running Validation...
Ep  67/500  loss=0.0850  tr_acc=0.9726  val_acc=0.8443  val_auroc=0.9564  val_f1=0.7504  lr=5.78e-05
Running Validation...
Ep  68/500  loss=0.0818  tr_acc=0.9720  val_acc=0.8283  val_auroc=0.9466  val_f1=0.7434  lr=5.87e-05
Running Validation...
Ep  69/500  loss=0.0809  tr_acc=0.9740  val_acc=0.8432  val_auroc=0.9470  val_f1=0.7392  lr=5.95e-05
Running Validation...
Ep  70/500  loss=0.0780  tr_acc=0.9738  val_acc=0.8283  val_auroc=0.9485  val_f1=0.7297  lr=6.04e-05
Running Validation...
Ep  71/500  loss=0.0787  tr_acc=0.9756  val_acc=0.8288  val_auroc=0.9468  val_f1=0.7360  lr=6.12e-05
Running Validation...
Ep  72/500  loss=0.0775  tr_acc=0.9747  val_acc=0.8368  val_auroc=0.9506  val_f1=0.7487  lr=6.21e-05
Running Validation...
Ep  73/500  loss=0.0910  tr_acc=0.9712  val_acc=0.8277  val_auroc=0.9444  val_f1=0.7237  lr=6.29e-05
Running Validation...
Ep  74/500  loss=0.0761  tr_acc=0.9740  val_acc=0.8235  val_auroc=0.9394  val_f1=0.7141  lr=6.38e-05
Running Validation...
Ep  75/500  loss=0.0785  tr_acc=0.9744  val_acc=0.8389  val_auroc=0.9508  val_f1=0.7587  lr=6.46e-05
Running Validation...
Ep  76/500  loss=0.0815  tr_acc=0.9744  val_acc=0.8341  val_auroc=0.9526  val_f1=0.7254  lr=6.55e-05
Running Validation...
Ep  77/500  loss=0.0682  tr_acc=0.9784  val_acc=0.8411  val_auroc=0.9481  val_f1=0.7414  lr=6.63e-05
Running Validation...
Ep  78/500  loss=0.0865  tr_acc=0.9728  val_acc=0.8389  val_auroc=0.9492  val_f1=0.7279  lr=6.72e-05
Running Validation...
Ep  79/500  loss=0.0761  tr_acc=0.9755  val_acc=0.8304  val_auroc=0.9467  val_f1=0.7336  lr=6.80e-05
Running Validation...
Ep  80/500  loss=0.0813  tr_acc=0.9747  val_acc=0.8352  val_auroc=0.9451  val_f1=0.7348  lr=6.89e-05
Running Validation...
Ep  81/500  loss=0.0751  tr_acc=0.9760  val_acc=0.8443  val_auroc=0.9485  val_f1=0.7607  lr=6.97e-05
Running Validation...
Ep  82/500  loss=0.0737  tr_acc=0.9770  val_acc=0.8427  val_auroc=0.9511  val_f1=0.7428  lr=7.06e-05
Running Validation...
Ep  83/500  loss=0.0747  tr_acc=0.9770  val_acc=0.8400  val_auroc=0.9500  val_f1=0.7431  lr=7.14e-05
Running Validation...
Ep  84/500  loss=0.0668  tr_acc=0.9779  val_acc=0.8469  val_auroc=0.9519  val_f1=0.7504  lr=7.23e-05
Running Validation...
Ep  85/500  loss=0.0696  tr_acc=0.9773  val_acc=0.8368  val_auroc=0.9520  val_f1=0.7317  lr=7.31e-05
Running Validation...
Ep  86/500  loss=0.0765  tr_acc=0.9764  val_acc=0.8304  val_auroc=0.9476  val_f1=0.7205  lr=7.40e-05
Running Validation...
Ep  87/500  loss=0.0714  tr_acc=0.9780  val_acc=0.8453  val_auroc=0.9496  val_f1=0.7447  lr=7.48e-05
Running Validation...
Ep  88/500  loss=0.0725  tr_acc=0.9769  val_acc=0.8373  val_auroc=0.9427  val_f1=0.7422  lr=7.57e-05
Running Validation...
Ep  89/500  loss=0.0687  tr_acc=0.9777  val_acc=0.8475  val_auroc=0.9459  val_f1=0.7530  lr=7.65e-05
Running Validation...
Ep  90/500  loss=0.0758  tr_acc=0.9769  val_acc=0.8075  val_auroc=0.9373  val_f1=0.7059  lr=7.74e-05
Running Validation...
Ep  91/500  loss=0.0711  tr_acc=0.9771  val_acc=0.8379  val_auroc=0.9428  val_f1=0.7317  lr=7.82e-05
Running Validation...
Ep  92/500  loss=0.0800  tr_acc=0.9757  val_acc=0.8277  val_auroc=0.9452  val_f1=0.7181  lr=7.91e-05
Running Validation...
Ep  93/500  loss=0.0733  tr_acc=0.9753  val_acc=0.8352  val_auroc=0.9486  val_f1=0.7422  lr=7.99e-05
Running Validation...
Ep  94/500  loss=0.0720  tr_acc=0.9760  val_acc=0.8320  val_auroc=0.9485  val_f1=0.7323  lr=8.07e-05
Running Validation...
Ep  95/500  loss=0.0693  tr_acc=0.9797  val_acc=0.8432  val_auroc=0.9501  val_f1=0.7487  lr=8.16e-05
Running Validation...
Ep  96/500  loss=0.0717  tr_acc=0.9779  val_acc=0.8485  val_auroc=0.9519  val_f1=0.7537  lr=8.24e-05
Running Validation...
Ep  97/500  loss=0.0612  tr_acc=0.9811  val_acc=0.8619  val_auroc=0.9581  val_f1=0.7783  lr=8.33e-05
Running Validation...
Ep  98/500  loss=0.0838  tr_acc=0.9752  val_acc=0.8363  val_auroc=0.9438  val_f1=0.7433  lr=8.41e-05
Running Validation...
Ep  99/500  loss=0.0692  tr_acc=0.9778  val_acc=0.8443  val_auroc=0.9491  val_f1=0.7443  lr=8.50e-05
Running Validation...
Ep 100/500  loss=0.0716  tr_acc=0.9770  val_acc=0.8347  val_auroc=0.9522  val_f1=0.7376  lr=8.50e-05
Running Validation...
Ep 101/500  loss=0.0724  tr_acc=0.9772  val_acc=0.8341  val_auroc=0.9515  val_f1=0.7284  lr=8.50e-05
Running Validation...
Ep 102/500  loss=0.0647  tr_acc=0.9796  val_acc=0.8459  val_auroc=0.9550  val_f1=0.7523  lr=8.50e-05
Running Validation...
Ep 103/500  loss=0.0579  tr_acc=0.9809  val_acc=0.8405  val_auroc=0.9509  val_f1=0.7484  lr=8.50e-05
Running Validation...
Ep 104/500  loss=0.0664  tr_acc=0.9793  val_acc=0.8517  val_auroc=0.9530  val_f1=0.7588  lr=8.50e-05
Running Validation...
Ep 105/500  loss=0.0676  tr_acc=0.9784  val_acc=0.8395  val_auroc=0.9561  val_f1=0.7401  lr=8.50e-05
Running Validation...
Ep 106/500  loss=0.0639  tr_acc=0.9828  val_acc=0.8352  val_auroc=0.9506  val_f1=0.7378  lr=8.50e-05
Running Validation...
Ep 107/500  loss=0.0686  tr_acc=0.9803  val_acc=0.8288  val_auroc=0.9442  val_f1=0.7399  lr=8.49e-05
Running Validation...
Ep 108/500  loss=0.0619  tr_acc=0.9805  val_acc=0.8347  val_auroc=0.9410  val_f1=0.7438  lr=8.49e-05
Running Validation...
Ep 109/500  loss=0.0611  tr_acc=0.9803  val_acc=0.8368  val_auroc=0.9472  val_f1=0.7428  lr=8.49e-05
Running Validation...
Ep 110/500  loss=0.0704  tr_acc=0.9780  val_acc=0.8427  val_auroc=0.9550  val_f1=0.7646  lr=8.49e-05
Running Validation...
Ep 111/500  loss=0.0637  tr_acc=0.9821  val_acc=0.8507  val_auroc=0.9597  val_f1=0.7603  lr=8.48e-05
Running Validation...
Ep 112/500  loss=0.0521  tr_acc=0.9831  val_acc=0.8459  val_auroc=0.9525  val_f1=0.7515  lr=8.48e-05
Running Validation...
Ep 113/500  loss=0.0629  tr_acc=0.9788  val_acc=0.8453  val_auroc=0.9553  val_f1=0.7485  lr=8.48e-05
Running Validation...
Ep 114/500  loss=0.0642  tr_acc=0.9792  val_acc=0.8405  val_auroc=0.9467  val_f1=0.7494  lr=8.47e-05
Running Validation...
Ep 115/500  loss=0.0632  tr_acc=0.9820  val_acc=0.8336  val_auroc=0.9531  val_f1=0.7351  lr=8.47e-05
Running Validation...
Ep 116/500  loss=0.0595  tr_acc=0.9824  val_acc=0.8123  val_auroc=0.9438  val_f1=0.7130  lr=8.47e-05
Running Validation...
Ep 117/500  loss=0.0585  tr_acc=0.9809  val_acc=0.8416  val_auroc=0.9521  val_f1=0.7390  lr=8.46e-05
Running Validation...
Ep 118/500  loss=0.0488  tr_acc=0.9850  val_acc=0.8496  val_auroc=0.9532  val_f1=0.7690  lr=8.46e-05
Running Validation...
Ep 119/500  loss=0.0552  tr_acc=0.9837  val_acc=0.8533  val_auroc=0.9549  val_f1=0.7534  lr=8.45e-05
Running Validation...
Ep 120/500  loss=0.0445  tr_acc=0.9841  val_acc=0.8288  val_auroc=0.9517  val_f1=0.7338  lr=8.45e-05
Running Validation...
Ep 121/500  loss=0.0406  tr_acc=0.9873  val_acc=0.8480  val_auroc=0.9506  val_f1=0.7519  lr=8.44e-05
Running Validation...
Ep 122/500  loss=0.0535  tr_acc=0.9841  val_acc=0.8416  val_auroc=0.9429  val_f1=0.7428  lr=8.44e-05
Running Validation...
Ep 123/500  loss=0.0515  tr_acc=0.9835  val_acc=0.8411  val_auroc=0.9507  val_f1=0.7399  lr=8.43e-05
Running Validation...
Ep 124/500  loss=0.0536  tr_acc=0.9842  val_acc=0.8523  val_auroc=0.9571  val_f1=0.7646  lr=8.42e-05
Running Validation...
Ep 125/500  loss=0.0432  tr_acc=0.9879  val_acc=0.8528  val_auroc=0.9539  val_f1=0.7615  lr=8.42e-05
Running Validation...
Ep 126/500  loss=0.0415  tr_acc=0.9873  val_acc=0.8464  val_auroc=0.9551  val_f1=0.7494  lr=8.41e-05
Running Validation...
Ep 127/500  loss=0.0477  tr_acc=0.9860  val_acc=0.8555  val_auroc=0.9526  val_f1=0.7636  lr=8.40e-05
Running Validation...
Ep 128/500  loss=0.0399  tr_acc=0.9874  val_acc=0.8485  val_auroc=0.9484  val_f1=0.7591  lr=8.40e-05
Running Validation...
Ep 129/500  loss=0.0333  tr_acc=0.9896  val_acc=0.8336  val_auroc=0.9496  val_f1=0.7377  lr=8.39e-05
Running Validation...
Ep 130/500  loss=0.0453  tr_acc=0.9865  val_acc=0.8373  val_auroc=0.9505  val_f1=0.7412  lr=8.38e-05
Running Validation...
Ep 131/500  loss=0.0426  tr_acc=0.9872  val_acc=0.8352  val_auroc=0.9471  val_f1=0.7310  lr=8.37e-05
Running Validation...
Ep 132/500  loss=0.0473  tr_acc=0.9857  val_acc=0.8507  val_auroc=0.9461  val_f1=0.7686  lr=8.37e-05
Running Validation...
Ep 133/500  loss=0.0463  tr_acc=0.9850  val_acc=0.8411  val_auroc=0.9511  val_f1=0.7534  lr=8.36e-05
Running Validation...
Ep 134/500  loss=0.0435  tr_acc=0.9886  val_acc=0.8379  val_auroc=0.9440  val_f1=0.7561  lr=8.35e-05
Running Validation...
Ep 135/500  loss=0.0424  tr_acc=0.9876  val_acc=0.8496  val_auroc=0.9531  val_f1=0.7494  lr=8.34e-05
Running Validation...
Ep 136/500  loss=0.0384  tr_acc=0.9890  val_acc=0.8224  val_auroc=0.9291  val_f1=0.7332  lr=8.33e-05
Running Validation...
Ep 137/500  loss=0.0511  tr_acc=0.9857  val_acc=0.8336  val_auroc=0.9442  val_f1=0.7386  lr=8.32e-05
Running Validation...
Ep 138/500  loss=0.0407  tr_acc=0.9874  val_acc=0.8437  val_auroc=0.9548  val_f1=0.7469  lr=8.31e-05
Running Validation...
Ep 139/500  loss=0.0425  tr_acc=0.9872  val_acc=0.8373  val_auroc=0.9527  val_f1=0.7462  lr=8.30e-05
Running Validation...
Ep 140/500  loss=0.0369  tr_acc=0.9884  val_acc=0.8405  val_auroc=0.9365  val_f1=0.7530  lr=8.29e-05
Running Validation...
Ep 141/500  loss=0.0366  tr_acc=0.9892  val_acc=0.8395  val_auroc=0.9510  val_f1=0.7323  lr=8.28e-05
Running Validation...
Ep 142/500  loss=0.0402  tr_acc=0.9891  val_acc=0.8379  val_auroc=0.9489  val_f1=0.7531  lr=8.27e-05
Running Validation...
Ep 143/500  loss=0.0397  tr_acc=0.9890  val_acc=0.8565  val_auroc=0.9462  val_f1=0.7653  lr=8.26e-05
Running Validation...
Ep 144/500  loss=0.0480  tr_acc=0.9873  val_acc=0.8293  val_auroc=0.9488  val_f1=0.7474  lr=8.25e-05
Running Validation...
Ep 145/500  loss=0.0295  tr_acc=0.9912  val_acc=0.8432  val_auroc=0.9537  val_f1=0.7508  lr=8.24e-05
Running Validation...
Ep 146/500  loss=0.0371  tr_acc=0.9888  val_acc=0.8272  val_auroc=0.9422  val_f1=0.7210  lr=8.23e-05
Running Validation...
Ep 147/500  loss=0.0305  tr_acc=0.9910  val_acc=0.8411  val_auroc=0.9454  val_f1=0.7470  lr=8.21e-05
Running Validation...
Ep 148/500  loss=0.0370  tr_acc=0.9881  val_acc=0.8448  val_auroc=0.9574  val_f1=0.7511  lr=8.20e-05
Running Validation...
Ep 149/500  loss=0.0387  tr_acc=0.9884  val_acc=0.8443  val_auroc=0.9556  val_f1=0.7443  lr=8.19e-05
Running Validation...
Ep 150/500  loss=0.0350  tr_acc=0.9891  val_acc=0.8363  val_auroc=0.9515  val_f1=0.7262  lr=8.18e-05
Running Validation...
Ep 151/500  loss=0.0318  tr_acc=0.9910  val_acc=0.8427  val_auroc=0.9539  val_f1=0.7406  lr=8.16e-05
Running Validation...
Ep 152/500  loss=0.0332  tr_acc=0.9900  val_acc=0.8635  val_auroc=0.9521  val_f1=0.7782  lr=8.15e-05
Running Validation...
Ep 153/500  loss=0.0416  tr_acc=0.9888  val_acc=0.8485  val_auroc=0.9485  val_f1=0.7508  lr=8.14e-05
Running Validation...
Ep 154/500  loss=0.0324  tr_acc=0.9903  val_acc=0.8400  val_auroc=0.9472  val_f1=0.7343  lr=8.12e-05
Running Validation...
Ep 155/500  loss=0.0275  tr_acc=0.9911  val_acc=0.8304  val_auroc=0.9481  val_f1=0.7193  lr=8.11e-05
Running Validation...
Ep 156/500  loss=0.0370  tr_acc=0.9897  val_acc=0.8480  val_auroc=0.9540  val_f1=0.7486  lr=8.10e-05
Running Validation...
Ep 157/500  loss=0.0346  tr_acc=0.9903  val_acc=0.8539  val_auroc=0.9525  val_f1=0.7744  lr=8.08e-05
Running Validation...
Ep 158/500  loss=0.0296  tr_acc=0.9918  val_acc=0.8432  val_auroc=0.9438  val_f1=0.7583  lr=8.07e-05
Running Validation...
Ep 159/500  loss=0.0329  tr_acc=0.9902  val_acc=0.8475  val_auroc=0.9477  val_f1=0.7495  lr=8.05e-05
Running Validation...
Ep 160/500  loss=0.0434  tr_acc=0.9879  val_acc=0.8507  val_auroc=0.9595  val_f1=0.7638  lr=8.04e-05
Running Validation...
Ep 161/500  loss=0.0331  tr_acc=0.9907  val_acc=0.8459  val_auroc=0.9485  val_f1=0.7568  lr=8.02e-05
Running Validation...
Ep 162/500  loss=0.0222  tr_acc=0.9934  val_acc=0.8469  val_auroc=0.9546  val_f1=0.7527  lr=8.01e-05
Running Validation...
Ep 163/500  loss=0.0314  tr_acc=0.9903  val_acc=0.8437  val_auroc=0.9529  val_f1=0.7555  lr=7.99e-05
Running Validation...
Ep 164/500  loss=0.0420  tr_acc=0.9879  val_acc=0.8395  val_auroc=0.9422  val_f1=0.7444  lr=7.97e-05
Running Validation...
Ep 165/500  loss=0.0354  tr_acc=0.9899  val_acc=0.8373  val_auroc=0.9451  val_f1=0.7426  lr=7.96e-05
Running Validation...
Ep 166/500  loss=0.0286  tr_acc=0.9926  val_acc=0.8363  val_auroc=0.9497  val_f1=0.7325  lr=7.94e-05
Running Validation...
Ep 167/500  loss=0.0253  tr_acc=0.9936  val_acc=0.8459  val_auroc=0.9508  val_f1=0.7569  lr=7.93e-05
Running Validation...
Ep 168/500  loss=0.0230  tr_acc=0.9928  val_acc=0.8315  val_auroc=0.9445  val_f1=0.7282  lr=7.91e-05
Running Validation...
Ep 169/500  loss=0.0251  tr_acc=0.9930  val_acc=0.8352  val_auroc=0.9465  val_f1=0.7369  lr=7.89e-05
Running Validation...
Ep 170/500  loss=0.0298  tr_acc=0.9913  val_acc=0.8496  val_auroc=0.9572  val_f1=0.7603  lr=7.87e-05
Running Validation...
Ep 171/500  loss=0.0331  tr_acc=0.9918  val_acc=0.8512  val_auroc=0.9560  val_f1=0.7658  lr=7.86e-05
Running Validation...
Ep 172/500  loss=0.0322  tr_acc=0.9914  val_acc=0.8443  val_auroc=0.9462  val_f1=0.7527  lr=7.84e-05
Running Validation...
Ep 173/500  loss=0.0246  tr_acc=0.9926  val_acc=0.8576  val_auroc=0.9537  val_f1=0.7695  lr=7.82e-05
Running Validation...
Ep 174/500  loss=0.0238  tr_acc=0.9919  val_acc=0.8437  val_auroc=0.9553  val_f1=0.7501  lr=7.80e-05
Running Validation...
Ep 175/500  loss=0.0264  tr_acc=0.9923  val_acc=0.8475  val_auroc=0.9576  val_f1=0.7611  lr=7.78e-05
Running Validation...
Ep 176/500  loss=0.0309  tr_acc=0.9918  val_acc=0.8443  val_auroc=0.9500  val_f1=0.7451  lr=7.77e-05
Running Validation...
Ep 177/500  loss=0.0291  tr_acc=0.9913  val_acc=0.8528  val_auroc=0.9518  val_f1=0.7737  lr=7.75e-05
Running Validation...
Ep 178/500  loss=0.0217  tr_acc=0.9928  val_acc=0.8453  val_auroc=0.9556  val_f1=0.7556  lr=7.73e-05
Running Validation...
Ep 179/500  loss=0.0200  tr_acc=0.9944  val_acc=0.8507  val_auroc=0.9503  val_f1=0.7602  lr=7.71e-05
Running Validation...
Ep 180/500  loss=0.0242  tr_acc=0.9923  val_acc=0.8448  val_auroc=0.9502  val_f1=0.7628  lr=7.69e-05
Running Validation...
Ep 181/500  loss=0.0341  tr_acc=0.9918  val_acc=0.8496  val_auroc=0.9550  val_f1=0.7509  lr=7.67e-05
Running Validation...
Ep 182/500  loss=0.0197  tr_acc=0.9935  val_acc=0.8384  val_auroc=0.9479  val_f1=0.7549  lr=7.65e-05
Running Validation...
Ep 183/500  loss=0.0286  tr_acc=0.9931  val_acc=0.8523  val_auroc=0.9488  val_f1=0.7668  lr=7.63e-05
Running Validation...
Ep 184/500  loss=0.0248  tr_acc=0.9937  val_acc=0.8512  val_auroc=0.9509  val_f1=0.7617  lr=7.61e-05
Running Validation...
Ep 185/500  loss=0.0328  tr_acc=0.9918  val_acc=0.8469  val_auroc=0.9500  val_f1=0.7564  lr=7.59e-05
Running Validation...
Ep 186/500  loss=0.0280  tr_acc=0.9923  val_acc=0.8341  val_auroc=0.9468  val_f1=0.7308  lr=7.57e-05
Running Validation...
Ep 187/500  loss=0.0279  tr_acc=0.9937  val_acc=0.8368  val_auroc=0.9425  val_f1=0.7386  lr=7.55e-05
Running Validation...
Ep 188/500  loss=0.0247  tr_acc=0.9923  val_acc=0.8523  val_auroc=0.9475  val_f1=0.7600  lr=7.52e-05
Running Validation...
Ep 189/500  loss=0.0299  tr_acc=0.9913  val_acc=0.8400  val_auroc=0.9483  val_f1=0.7524  lr=7.50e-05
Running Validation...
Ep 190/500  loss=0.0227  tr_acc=0.9935  val_acc=0.8560  val_auroc=0.9574  val_f1=0.7746  lr=7.48e-05
Running Validation...
Ep 191/500  loss=0.0300  tr_acc=0.9926  val_acc=0.8448  val_auroc=0.9528  val_f1=0.7577  lr=7.46e-05
Running Validation...
Ep 192/500  loss=0.0272  tr_acc=0.9930  val_acc=0.8416  val_auroc=0.9567  val_f1=0.7464  lr=7.44e-05
Running Validation...
Ep 193/500  loss=0.0244  tr_acc=0.9931  val_acc=0.8448  val_auroc=0.9550  val_f1=0.7531  lr=7.42e-05
Running Validation...
Ep 194/500  loss=0.0221  tr_acc=0.9943  val_acc=0.8443  val_auroc=0.9507  val_f1=0.7528  lr=7.39e-05
Running Validation...
Ep 195/500  loss=0.0217  tr_acc=0.9936  val_acc=0.8539  val_auroc=0.9579  val_f1=0.7661  lr=7.37e-05
Running Validation...
Ep 196/500  loss=0.0172  tr_acc=0.9950  val_acc=0.8496  val_auroc=0.9523  val_f1=0.7631  lr=7.35e-05
Running Validation...
Ep 197/500  loss=0.0223  tr_acc=0.9944  val_acc=0.8480  val_auroc=0.9547  val_f1=0.7624  lr=7.33e-05
Running Validation...
Ep 198/500  loss=0.0213  tr_acc=0.9944  val_acc=0.8453  val_auroc=0.9513  val_f1=0.7610  lr=7.30e-05
Running Validation...
Ep 199/500  loss=0.0229  tr_acc=0.9946  val_acc=0.8523  val_auroc=0.9602  val_f1=0.7752  lr=7.28e-05
Running Validation...
Ep 200/500  loss=0.0168  tr_acc=0.9946  val_acc=0.8256  val_auroc=0.9514  val_f1=0.7178  lr=7.26e-05
Running Validation...
Ep 201/500  loss=0.0212  tr_acc=0.9929  val_acc=0.8405  val_auroc=0.9541  val_f1=0.7417  lr=7.23e-05
Running Validation...
Ep 202/500  loss=0.0231  tr_acc=0.9929  val_acc=0.8304  val_auroc=0.9483  val_f1=0.7250  lr=7.21e-05
Running Validation...
Ep 203/500  loss=0.0178  tr_acc=0.9943  val_acc=0.8501  val_auroc=0.9604  val_f1=0.7657  lr=7.18e-05
Running Validation...
Ep 204/500  loss=0.0176  tr_acc=0.9950  val_acc=0.8480  val_auroc=0.9551  val_f1=0.7643  lr=7.16e-05
Running Validation...
Ep 205/500  loss=0.0242  tr_acc=0.9926  val_acc=0.8341  val_auroc=0.9485  val_f1=0.7346  lr=7.13e-05
Running Validation...
Ep 206/500  loss=0.0237  tr_acc=0.9934  val_acc=0.8336  val_auroc=0.9525  val_f1=0.7331  lr=7.11e-05
Running Validation...
Ep 207/500  loss=0.0135  tr_acc=0.9958  val_acc=0.8539  val_auroc=0.9573  val_f1=0.7741  lr=7.09e-05
Running Validation...
Ep 208/500  loss=0.0219  tr_acc=0.9955  val_acc=0.8480  val_auroc=0.9556  val_f1=0.7506  lr=7.06e-05
Running Validation...
Ep 209/500  loss=0.0178  tr_acc=0.9953  val_acc=0.8395  val_auroc=0.9553  val_f1=0.7528  lr=7.04e-05
Running Validation...
Ep 210/500  loss=0.0187  tr_acc=0.9940  val_acc=0.8411  val_auroc=0.9499  val_f1=0.7530  lr=7.01e-05
Running Validation...
Ep 211/500  loss=0.0181  tr_acc=0.9961  val_acc=0.8453  val_auroc=0.9487  val_f1=0.7448  lr=6.98e-05
Running Validation...
Ep 212/500  loss=0.0205  tr_acc=0.9938  val_acc=0.8469  val_auroc=0.9522  val_f1=0.7535  lr=6.96e-05
Running Validation...
Ep 213/500  loss=0.0165  tr_acc=0.9946  val_acc=0.8405  val_auroc=0.9510  val_f1=0.7367  lr=6.93e-05
Running Validation...
Ep 214/500  loss=0.0230  tr_acc=0.9937  val_acc=0.8368  val_auroc=0.9435  val_f1=0.7366  lr=6.91e-05
Running Validation...
Ep 215/500  loss=0.0241  tr_acc=0.9940  val_acc=0.8416  val_auroc=0.9477  val_f1=0.7568  lr=6.88e-05
Running Validation...
Ep 216/500  loss=0.0224  tr_acc=0.9944  val_acc=0.8613  val_auroc=0.9547  val_f1=0.7784  lr=6.85e-05
Running Validation...
Ep 217/500  loss=0.0103  tr_acc=0.9966  val_acc=0.8528  val_auroc=0.9571  val_f1=0.7580  lr=6.83e-05
Running Validation...
Ep 218/500  loss=0.0193  tr_acc=0.9951  val_acc=0.8357  val_auroc=0.9574  val_f1=0.7373  lr=6.80e-05
Running Validation...
Ep 219/500  loss=0.0112  tr_acc=0.9966  val_acc=0.8368  val_auroc=0.9467  val_f1=0.7426  lr=6.78e-05
Running Validation...
Ep 220/500  loss=0.0118  tr_acc=0.9966  val_acc=0.8453  val_auroc=0.9583  val_f1=0.7641  lr=6.75e-05
Running Validation...
Ep 221/500  loss=0.0128  tr_acc=0.9965  val_acc=0.8421  val_auroc=0.9490  val_f1=0.7544  lr=6.72e-05
Running Validation...
Ep 222/500  loss=0.0165  tr_acc=0.9960  val_acc=0.8469  val_auroc=0.9523  val_f1=0.7622  lr=6.69e-05
Running Validation...
Ep 223/500  loss=0.0149  tr_acc=0.9958  val_acc=0.8459  val_auroc=0.9504  val_f1=0.7522  lr=6.67e-05
Running Validation...
Ep 224/500  loss=0.0170  tr_acc=0.9954  val_acc=0.8421  val_auroc=0.9523  val_f1=0.7486  lr=6.64e-05
Running Validation...
Ep 225/500  loss=0.0133  tr_acc=0.9954  val_acc=0.8507  val_auroc=0.9543  val_f1=0.7528  lr=6.61e-05
Running Validation...
Ep 226/500  loss=0.0140  tr_acc=0.9965  val_acc=0.8352  val_auroc=0.9509  val_f1=0.7401  lr=6.58e-05
Running Validation...
Ep 227/500  loss=0.0133  tr_acc=0.9966  val_acc=0.8448  val_auroc=0.9578  val_f1=0.7480  lr=6.56e-05
Running Validation...
Ep 228/500  loss=0.0144  tr_acc=0.9965  val_acc=0.8331  val_auroc=0.9498  val_f1=0.7382  lr=6.53e-05
Running Validation...
Ep 229/500  loss=0.0116  tr_acc=0.9965  val_acc=0.8459  val_auroc=0.9563  val_f1=0.7506  lr=6.50e-05
Running Validation...
Ep 230/500  loss=0.0182  tr_acc=0.9942  val_acc=0.8459  val_auroc=0.9491  val_f1=0.7612  lr=6.47e-05
Running Validation...
Ep 231/500  loss=0.0137  tr_acc=0.9952  val_acc=0.8421  val_auroc=0.9500  val_f1=0.7526  lr=6.44e-05
Running Validation...
Ep 232/500  loss=0.0225  tr_acc=0.9946  val_acc=0.8539  val_auroc=0.9520  val_f1=0.7694  lr=6.41e-05
Running Validation...
Ep 233/500  loss=0.0134  tr_acc=0.9957  val_acc=0.8491  val_auroc=0.9549  val_f1=0.7620  lr=6.38e-05
Running Validation...
Ep 234/500  loss=0.0161  tr_acc=0.9958  val_acc=0.8416  val_auroc=0.9536  val_f1=0.7487  lr=6.36e-05
Running Validation...
Ep 235/500  loss=0.0208  tr_acc=0.9942  val_acc=0.8581  val_auroc=0.9605  val_f1=0.7712  lr=6.33e-05
Running Validation...
Ep 236/500  loss=0.0146  tr_acc=0.9954  val_acc=0.8496  val_auroc=0.9540  val_f1=0.7502  lr=6.30e-05
Running Validation...
Ep 237/500  loss=0.0130  tr_acc=0.9958  val_acc=0.8421  val_auroc=0.9517  val_f1=0.7435  lr=6.27e-05
Running Validation...
Ep 238/500  loss=0.0139  tr_acc=0.9954  val_acc=0.8411  val_auroc=0.9481  val_f1=0.7409  lr=6.24e-05
Running Validation...
Ep 239/500  loss=0.0157  tr_acc=0.9961  val_acc=0.8464  val_auroc=0.9501  val_f1=0.7574  lr=6.21e-05
Running Validation...
Ep 240/500  loss=0.0137  tr_acc=0.9958  val_acc=0.8459  val_auroc=0.9529  val_f1=0.7523  lr=6.18e-05
Running Validation...
Ep 241/500  loss=0.0166  tr_acc=0.9961  val_acc=0.8384  val_auroc=0.9550  val_f1=0.7542  lr=6.15e-05
Running Validation...
Ep 242/500  loss=0.0186  tr_acc=0.9953  val_acc=0.8373  val_auroc=0.9494  val_f1=0.7501  lr=6.12e-05
Running Validation...
Ep 243/500  loss=0.0121  tr_acc=0.9957  val_acc=0.8485  val_auroc=0.9514  val_f1=0.7584  lr=6.09e-05
Running Validation...
Ep 244/500  loss=0.0110  tr_acc=0.9962  val_acc=0.8331  val_auroc=0.9432  val_f1=0.7435  lr=6.06e-05
Running Validation...
Ep 245/500  loss=0.0121  tr_acc=0.9961  val_acc=0.8315  val_auroc=0.9490  val_f1=0.7339  lr=6.03e-05
Running Validation...
Ep 246/500  loss=0.0161  tr_acc=0.9967  val_acc=0.8277  val_auroc=0.9500  val_f1=0.7259  lr=6.00e-05
Running Validation...
Ep 247/500  loss=0.0116  tr_acc=0.9973  val_acc=0.8347  val_auroc=0.9474  val_f1=0.7313  lr=5.97e-05
Running Validation...
Ep 248/500  loss=0.0143  tr_acc=0.9961  val_acc=0.8432  val_auroc=0.9532  val_f1=0.7561  lr=5.94e-05
Running Validation...
Ep 249/500  loss=0.0093  tr_acc=0.9973  val_acc=0.8475  val_auroc=0.9499  val_f1=0.7507  lr=5.91e-05
Running Validation...
Ep 250/500  loss=0.0103  tr_acc=0.9975  val_acc=0.8480  val_auroc=0.9435  val_f1=0.7560  lr=5.88e-05
Running Validation...
Ep 251/500  loss=0.0137  tr_acc=0.9962  val_acc=0.8491  val_auroc=0.9509  val_f1=0.7560  lr=5.85e-05
Running Validation...
Ep 252/500  loss=0.0121  tr_acc=0.9968  val_acc=0.8528  val_auroc=0.9517  val_f1=0.7584  lr=5.81e-05
Running Validation...
Ep 253/500  loss=0.0129  tr_acc=0.9966  val_acc=0.8587  val_auroc=0.9557  val_f1=0.7678  lr=5.78e-05
Running Validation...
Ep 254/500  loss=0.0122  tr_acc=0.9968  val_acc=0.8389  val_auroc=0.9469  val_f1=0.7353  lr=5.75e-05
Running Validation...
Ep 255/500  loss=0.0070  tr_acc=0.9969  val_acc=0.8475  val_auroc=0.9510  val_f1=0.7552  lr=5.72e-05
Running Validation...
Ep 256/500  loss=0.0097  tr_acc=0.9979  val_acc=0.8368  val_auroc=0.9463  val_f1=0.7343  lr=5.69e-05
Running Validation...
Ep 257/500  loss=0.0178  tr_acc=0.9950  val_acc=0.8432  val_auroc=0.9445  val_f1=0.7487  lr=5.66e-05
Running Validation...
Ep 258/500  loss=0.0092  tr_acc=0.9970  val_acc=0.8411  val_auroc=0.9480  val_f1=0.7468  lr=5.63e-05
Running Validation...
Ep 259/500  loss=0.0103  tr_acc=0.9974  val_acc=0.8491  val_auroc=0.9507  val_f1=0.7545  lr=5.60e-05
Running Validation...
Ep 260/500  loss=0.0127  tr_acc=0.9966  val_acc=0.8448  val_auroc=0.9510  val_f1=0.7472  lr=5.56e-05
Running Validation...
Ep 261/500  loss=0.0092  tr_acc=0.9968  val_acc=0.8459  val_auroc=0.9496  val_f1=0.7457  lr=5.53e-05
Running Validation...
Ep 262/500  loss=0.0101  tr_acc=0.9971  val_acc=0.8395  val_auroc=0.9479  val_f1=0.7395  lr=5.50e-05
Running Validation...
Ep 263/500  loss=0.0070  tr_acc=0.9981  val_acc=0.8421  val_auroc=0.9484  val_f1=0.7410  lr=5.47e-05
Running Validation...
Ep 264/500  loss=0.0079  tr_acc=0.9975  val_acc=0.8453  val_auroc=0.9546  val_f1=0.7507  lr=5.44e-05
Running Validation...
Ep 265/500  loss=0.0094  tr_acc=0.9975  val_acc=0.8459  val_auroc=0.9510  val_f1=0.7574  lr=5.40e-05
Running Validation...
Ep 266/500  loss=0.0092  tr_acc=0.9975  val_acc=0.8416  val_auroc=0.9527  val_f1=0.7500  lr=5.37e-05
Running Validation...
Ep 267/500  loss=0.0135  tr_acc=0.9960  val_acc=0.8437  val_auroc=0.9433  val_f1=0.7435  lr=5.34e-05
Running Validation...
Ep 268/500  loss=0.0102  tr_acc=0.9969  val_acc=0.8485  val_auroc=0.9536  val_f1=0.7513  lr=5.31e-05
Running Validation...
Ep 269/500  loss=0.0090  tr_acc=0.9970  val_acc=0.8507  val_auroc=0.9513  val_f1=0.7536  lr=5.27e-05
Running Validation...
Ep 270/500  loss=0.0121  tr_acc=0.9975  val_acc=0.8347  val_auroc=0.9529  val_f1=0.7310  lr=5.24e-05
Running Validation...
Ep 271/500  loss=0.0059  tr_acc=0.9983  val_acc=0.8443  val_auroc=0.9540  val_f1=0.7516  lr=5.21e-05
Running Validation...
Ep 272/500  loss=0.0093  tr_acc=0.9969  val_acc=0.8480  val_auroc=0.9546  val_f1=0.7518  lr=5.18e-05
Running Validation...
Ep 273/500  loss=0.0112  tr_acc=0.9974  val_acc=0.8496  val_auroc=0.9576  val_f1=0.7547  lr=5.14e-05
Running Validation...
Ep 274/500  loss=0.0085  tr_acc=0.9970  val_acc=0.8475  val_auroc=0.9501  val_f1=0.7587  lr=5.11e-05
Running Validation...
Ep 275/500  loss=0.0128  tr_acc=0.9968  val_acc=0.8379  val_auroc=0.9512  val_f1=0.7346  lr=5.08e-05
Running Validation...
Ep 276/500  loss=0.0074  tr_acc=0.9978  val_acc=0.8507  val_auroc=0.9500  val_f1=0.7559  lr=5.05e-05
Running Validation...
Ep 277/500  loss=0.0054  tr_acc=0.9979  val_acc=0.8496  val_auroc=0.9500  val_f1=0.7579  lr=5.01e-05
Running Validation...
Ep 278/500  loss=0.0101  tr_acc=0.9977  val_acc=0.8347  val_auroc=0.9466  val_f1=0.7402  lr=4.98e-05
Running Validation...
Ep 279/500  loss=0.0065  tr_acc=0.9982  val_acc=0.8512  val_auroc=0.9530  val_f1=0.7566  lr=4.95e-05
Running Validation...
Ep 280/500  loss=0.0079  tr_acc=0.9976  val_acc=0.8480  val_auroc=0.9553  val_f1=0.7581  lr=4.91e-05
Running Validation...
Ep 281/500  loss=0.0148  tr_acc=0.9974  val_acc=0.8480  val_auroc=0.9536  val_f1=0.7498  lr=4.88e-05
Running Validation...
Ep 282/500  loss=0.0038  tr_acc=0.9985  val_acc=0.8517  val_auroc=0.9554  val_f1=0.7580  lr=4.85e-05
Running Validation...
Ep 283/500  loss=0.0070  tr_acc=0.9982  val_acc=0.8421  val_auroc=0.9502  val_f1=0.7500  lr=4.82e-05
Running Validation...
Ep 284/500  loss=0.0117  tr_acc=0.9969  val_acc=0.8539  val_auroc=0.9540  val_f1=0.7597  lr=4.78e-05
Running Validation...
Ep 285/500  loss=0.0089  tr_acc=0.9977  val_acc=0.8517  val_auroc=0.9551  val_f1=0.7529  lr=4.75e-05
Running Validation...
Ep 286/500  loss=0.0045  tr_acc=0.9984  val_acc=0.8453  val_auroc=0.9530  val_f1=0.7404  lr=4.72e-05
Running Validation...
Ep 287/500  loss=0.0080  tr_acc=0.9982  val_acc=0.8277  val_auroc=0.9401  val_f1=0.7213  lr=4.68e-05
Running Validation...
Ep 288/500  loss=0.0052  tr_acc=0.9982  val_acc=0.8507  val_auroc=0.9566  val_f1=0.7531  lr=4.65e-05
Running Validation...
Ep 289/500  loss=0.0052  tr_acc=0.9984  val_acc=0.8459  val_auroc=0.9552  val_f1=0.7491  lr=4.62e-05
Running Validation...
Ep 290/500  loss=0.0082  tr_acc=0.9976  val_acc=0.8539  val_auroc=0.9528  val_f1=0.7620  lr=4.58e-05
Running Validation...
Ep 291/500  loss=0.0058  tr_acc=0.9982  val_acc=0.8453  val_auroc=0.9503  val_f1=0.7508  lr=4.55e-05
Running Validation...
Ep 292/500  loss=0.0073  tr_acc=0.9979  val_acc=0.8491  val_auroc=0.9466  val_f1=0.7554  lr=4.52e-05
Running Validation...
Ep 293/500  loss=0.0111  tr_acc=0.9970  val_acc=0.8459  val_auroc=0.9530  val_f1=0.7415  lr=4.48e-05
Running Validation...
Ep 294/500  loss=0.0042  tr_acc=0.9985  val_acc=0.8533  val_auroc=0.9503  val_f1=0.7564  lr=4.45e-05
Running Validation...
Ep 295/500  loss=0.0055  tr_acc=0.9983  val_acc=0.8400  val_auroc=0.9500  val_f1=0.7391  lr=4.42e-05
Running Validation...
Ep 296/500  loss=0.0049  tr_acc=0.9985  val_acc=0.8565  val_auroc=0.9565  val_f1=0.7663  lr=4.38e-05
Running Validation...
Ep 297/500  loss=0.0102  tr_acc=0.9981  val_acc=0.8448  val_auroc=0.9552  val_f1=0.7474  lr=4.35e-05
Running Validation...
Ep 298/500  loss=0.0029  tr_acc=0.9992  val_acc=0.8523  val_auroc=0.9562  val_f1=0.7542  lr=4.32e-05
Running Validation...
Ep 299/500  loss=0.0061  tr_acc=0.9983  val_acc=0.8501  val_auroc=0.9514  val_f1=0.7564  lr=4.28e-05
Running Validation...
Ep 300/500  loss=0.0020  tr_acc=0.9992  val_acc=0.8485  val_auroc=0.9500  val_f1=0.7487  lr=4.25e-05
Running Validation...
Ep 301/500  loss=0.0049  tr_acc=0.9986  val_acc=0.8560  val_auroc=0.9514  val_f1=0.7628  lr=4.22e-05
Running Validation...
Ep 302/500  loss=0.0105  tr_acc=0.9977  val_acc=0.8485  val_auroc=0.9525  val_f1=0.7506  lr=4.18e-05
Running Validation...
Ep 303/500  loss=0.0064  tr_acc=0.9982  val_acc=0.8571  val_auroc=0.9560  val_f1=0.7614  lr=4.15e-05
Running Validation...
Ep 304/500  loss=0.0096  tr_acc=0.9975  val_acc=0.8496  val_auroc=0.9481  val_f1=0.7569  lr=4.12e-05
Running Validation...
Ep 305/500  loss=0.0067  tr_acc=0.9982  val_acc=0.8491  val_auroc=0.9497  val_f1=0.7572  lr=4.08e-05
Running Validation...
Ep 306/500  loss=0.0051  tr_acc=0.9990  val_acc=0.8496  val_auroc=0.9516  val_f1=0.7542  lr=4.05e-05
Running Validation...
Ep 307/500  loss=0.0062  tr_acc=0.9978  val_acc=0.8496  val_auroc=0.9543  val_f1=0.7627  lr=4.02e-05
Running Validation...
Ep 308/500  loss=0.0079  tr_acc=0.9982  val_acc=0.8517  val_auroc=0.9487  val_f1=0.7632  lr=3.98e-05
Running Validation...
Ep 309/500  loss=0.0079  tr_acc=0.9976  val_acc=0.8512  val_auroc=0.9568  val_f1=0.7597  lr=3.95e-05
Running Validation...
Ep 310/500  loss=0.0091  tr_acc=0.9984  val_acc=0.8555  val_auroc=0.9539  val_f1=0.7642  lr=3.92e-05
Running Validation...
Ep 311/500  loss=0.0040  tr_acc=0.9985  val_acc=0.8645  val_auroc=0.9584  val_f1=0.7811  lr=3.88e-05
Running Validation...
Ep 312/500  loss=0.0037  tr_acc=0.9989  val_acc=0.8581  val_auroc=0.9588  val_f1=0.7667  lr=3.85e-05
Running Validation...
Ep 313/500  loss=0.0040  tr_acc=0.9987  val_acc=0.8544  val_auroc=0.9562  val_f1=0.7602  lr=3.82e-05
Running Validation...
Ep 314/500  loss=0.0026  tr_acc=0.9994  val_acc=0.8571  val_auroc=0.9563  val_f1=0.7602  lr=3.78e-05
Running Validation...
Ep 315/500  loss=0.0017  tr_acc=0.9993  val_acc=0.8613  val_auroc=0.9563  val_f1=0.7727  lr=3.75e-05
Running Validation...
Ep 316/500  loss=0.0026  tr_acc=0.9990  val_acc=0.8523  val_auroc=0.9556  val_f1=0.7549  lr=3.72e-05
Running Validation...
Ep 317/500  loss=0.0069  tr_acc=0.9984  val_acc=0.8480  val_auroc=0.9535  val_f1=0.7472  lr=3.68e-05
Running Validation...
Ep 318/500  loss=0.0033  tr_acc=0.9989  val_acc=0.8523  val_auroc=0.9528  val_f1=0.7564  lr=3.65e-05
Running Validation...
Ep 319/500  loss=0.0035  tr_acc=0.9987  val_acc=0.8592  val_auroc=0.9546  val_f1=0.7702  lr=3.62e-05
Running Validation...
Ep 320/500  loss=0.0031  tr_acc=0.9986  val_acc=0.8544  val_auroc=0.9543  val_f1=0.7720  lr=3.59e-05
Running Validation...
Ep 321/500  loss=0.0046  tr_acc=0.9987  val_acc=0.8491  val_auroc=0.9511  val_f1=0.7580  lr=3.55e-05
Running Validation...
Ep 322/500  loss=0.0036  tr_acc=0.9989  val_acc=0.8480  val_auroc=0.9494  val_f1=0.7482  lr=3.52e-05
Running Validation...
Ep 323/500  loss=0.0033  tr_acc=0.9993  val_acc=0.8544  val_auroc=0.9574  val_f1=0.7684  lr=3.49e-05
Running Validation...
Ep 324/500  loss=0.0025  tr_acc=0.9992  val_acc=0.8512  val_auroc=0.9495  val_f1=0.7591  lr=3.45e-05
Running Validation...
Ep 325/500  loss=0.0013  tr_acc=0.9994  val_acc=0.8523  val_auroc=0.9577  val_f1=0.7572  lr=3.42e-05
Running Validation...
Ep 326/500  loss=0.0028  tr_acc=0.9990  val_acc=0.8592  val_auroc=0.9550  val_f1=0.7683  lr=3.39e-05
Running Validation...
Ep 327/500  loss=0.0029  tr_acc=0.9995  val_acc=0.8581  val_auroc=0.9573  val_f1=0.7717  lr=3.36e-05
Running Validation...
Ep 328/500  loss=0.0068  tr_acc=0.9981  val_acc=0.8507  val_auroc=0.9542  val_f1=0.7660  lr=3.32e-05
Running Validation...
Ep 329/500  loss=0.0048  tr_acc=0.9985  val_acc=0.8581  val_auroc=0.9545  val_f1=0.7628  lr=3.29e-05
Running Validation...
Ep 330/500  loss=0.0035  tr_acc=0.9992  val_acc=0.8560  val_auroc=0.9521  val_f1=0.7686  lr=3.26e-05
Running Validation...
Ep 331/500  loss=0.0043  tr_acc=0.9989  val_acc=0.8464  val_auroc=0.9470  val_f1=0.7517  lr=3.23e-05
Running Validation...
Ep 332/500  loss=0.0061  tr_acc=0.9986  val_acc=0.8539  val_auroc=0.9525  val_f1=0.7632  lr=3.19e-05
Running Validation...
Ep 333/500  loss=0.0031  tr_acc=0.9991  val_acc=0.8469  val_auroc=0.9546  val_f1=0.7546  lr=3.16e-05
Running Validation...
Ep 334/500  loss=0.0037  tr_acc=0.9989  val_acc=0.8528  val_auroc=0.9600  val_f1=0.7597  lr=3.13e-05
Running Validation...
Ep 335/500  loss=0.0032  tr_acc=0.9989  val_acc=0.8416  val_auroc=0.9504  val_f1=0.7419  lr=3.10e-05
Running Validation...
Ep 336/500  loss=0.0039  tr_acc=0.9986  val_acc=0.8555  val_auroc=0.9532  val_f1=0.7677  lr=3.06e-05
Running Validation...
Ep 337/500  loss=0.0017  tr_acc=0.9992  val_acc=0.8587  val_auroc=0.9559  val_f1=0.7684  lr=3.03e-05
Running Validation...
Ep 338/500  loss=0.0047  tr_acc=0.9991  val_acc=0.8501  val_auroc=0.9582  val_f1=0.7600  lr=3.00e-05
Running Validation...
Ep 339/500  loss=0.0008  tr_acc=0.9997  val_acc=0.8581  val_auroc=0.9561  val_f1=0.7698  lr=2.97e-05
Running Validation...
Ep 340/500  loss=0.0027  tr_acc=0.9993  val_acc=0.8608  val_auroc=0.9577  val_f1=0.7766  lr=2.94e-05
Running Validation...
Ep 341/500  loss=0.0027  tr_acc=0.9990  val_acc=0.8571  val_auroc=0.9599  val_f1=0.7678  lr=2.90e-05
Running Validation...
Ep 342/500  loss=0.0030  tr_acc=0.9991  val_acc=0.8491  val_auroc=0.9539  val_f1=0.7540  lr=2.87e-05
Running Validation...
Ep 343/500  loss=0.0019  tr_acc=0.9994  val_acc=0.8485  val_auroc=0.9545  val_f1=0.7631  lr=2.84e-05
Running Validation...
Ep 344/500  loss=0.0057  tr_acc=0.9984  val_acc=0.8576  val_auroc=0.9545  val_f1=0.7774  lr=2.81e-05
Running Validation...
Ep 345/500  loss=0.0042  tr_acc=0.9990  val_acc=0.8619  val_auroc=0.9570  val_f1=0.7767  lr=2.78e-05
Running Validation...
Ep 346/500  loss=0.0037  tr_acc=0.9989  val_acc=0.8501  val_auroc=0.9551  val_f1=0.7618  lr=2.75e-05
Running Validation...
Ep 347/500  loss=0.0036  tr_acc=0.9990  val_acc=0.8475  val_auroc=0.9535  val_f1=0.7507  lr=2.72e-05
Running Validation...
Ep 348/500  loss=0.0020  tr_acc=0.9995  val_acc=0.8661  val_auroc=0.9564  val_f1=0.7827  lr=2.69e-05
Running Validation...
Ep 349/500  loss=0.0014  tr_acc=0.9995  val_acc=0.8539  val_auroc=0.9518  val_f1=0.7664  lr=2.65e-05
Running Validation...
Ep 350/500  loss=0.0032  tr_acc=0.9991  val_acc=0.8603  val_auroc=0.9547  val_f1=0.7737  lr=2.62e-05
Running Validation...
Ep 351/500  loss=0.0028  tr_acc=0.9992  val_acc=0.8480  val_auroc=0.9534  val_f1=0.7536  lr=2.59e-05
Running Validation...
Ep 352/500  loss=0.0036  tr_acc=0.9989  val_acc=0.8571  val_auroc=0.9550  val_f1=0.7673  lr=2.56e-05
Running Validation...
Ep 353/500  loss=0.0030  tr_acc=0.9989  val_acc=0.8485  val_auroc=0.9540  val_f1=0.7505  lr=2.53e-05
Running Validation...
Ep 354/500  loss=0.0025  tr_acc=0.9994  val_acc=0.8517  val_auroc=0.9496  val_f1=0.7567  lr=2.50e-05
Running Validation...
Ep 355/500  loss=0.0016  tr_acc=0.9997  val_acc=0.8443  val_auroc=0.9530  val_f1=0.7535  lr=2.47e-05
Running Validation...
Ep 356/500  loss=0.0012  tr_acc=0.9998  val_acc=0.8517  val_auroc=0.9554  val_f1=0.7566  lr=2.44e-05
Running Validation...
Ep 357/500  loss=0.0017  tr_acc=0.9997  val_acc=0.8459  val_auroc=0.9535  val_f1=0.7501  lr=2.41e-05
Running Validation...
Ep 358/500  loss=0.0019  tr_acc=0.9994  val_acc=0.8576  val_auroc=0.9575  val_f1=0.7681  lr=2.38e-05
Running Validation...
Ep 359/500  loss=0.0016  tr_acc=0.9994  val_acc=0.8416  val_auroc=0.9520  val_f1=0.7382  lr=2.35e-05
Running Validation...
Ep 360/500  loss=0.0029  tr_acc=0.9991  val_acc=0.8587  val_auroc=0.9568  val_f1=0.7683  lr=2.32e-05
Running Validation...
Ep 361/500  loss=0.0020  tr_acc=0.9992  val_acc=0.8555  val_auroc=0.9596  val_f1=0.7632  lr=2.29e-05
Running Validation...
Ep 362/500  loss=0.0009  tr_acc=0.9998  val_acc=0.8576  val_auroc=0.9566  val_f1=0.7684  lr=2.26e-05
Running Validation...
Ep 363/500  loss=0.0023  tr_acc=0.9997  val_acc=0.8507  val_auroc=0.9504  val_f1=0.7538  lr=2.23e-05
Running Validation...
Ep 364/500  loss=0.0024  tr_acc=0.9991  val_acc=0.8544  val_auroc=0.9556  val_f1=0.7681  lr=2.20e-05
Running Validation...
Ep 365/500  loss=0.0014  tr_acc=0.9998  val_acc=0.8571  val_auroc=0.9562  val_f1=0.7729  lr=2.17e-05
Running Validation...
Ep 366/500  loss=0.0033  tr_acc=0.9995  val_acc=0.8624  val_auroc=0.9600  val_f1=0.7740  lr=2.14e-05
Running Validation...
Ep 367/500  loss=0.0018  tr_acc=0.9995  val_acc=0.8656  val_auroc=0.9602  val_f1=0.7760  lr=2.12e-05
Running Validation...
Ep 368/500  loss=0.0016  tr_acc=0.9999  val_acc=0.8507  val_auroc=0.9544  val_f1=0.7579  lr=2.09e-05
Running Validation...
Ep 369/500  loss=0.0017  tr_acc=0.9997  val_acc=0.8683  val_auroc=0.9596  val_f1=0.7800  lr=2.06e-05
Running Validation...
Ep 370/500  loss=0.0014  tr_acc=0.9993  val_acc=0.8656  val_auroc=0.9583  val_f1=0.7808  lr=2.03e-05
Running Validation...
Ep 371/500  loss=0.0027  tr_acc=0.9992  val_acc=0.8597  val_auroc=0.9563  val_f1=0.7708  lr=2.00e-05
Running Validation...
Ep 372/500  loss=0.0014  tr_acc=0.9998  val_acc=0.8427  val_auroc=0.9532  val_f1=0.7478  lr=1.97e-05
Running Validation...
Ep 373/500  loss=0.0007  tr_acc=0.9998  val_acc=0.8491  val_auroc=0.9519  val_f1=0.7525  lr=1.94e-05
Running Validation...
Ep 374/500  loss=0.0002  tr_acc=0.9999  val_acc=0.8539  val_auroc=0.9598  val_f1=0.7610  lr=1.92e-05
Running Validation...
Ep 375/500  loss=0.0014  tr_acc=0.9995  val_acc=0.8544  val_auroc=0.9573  val_f1=0.7607  lr=1.89e-05
Running Validation...
Ep 376/500  loss=0.0009  tr_acc=0.9997  val_acc=0.8528  val_auroc=0.9596  val_f1=0.7631  lr=1.86e-05
Running Validation...
Ep 377/500  loss=0.0019  tr_acc=0.9994  val_acc=0.8507  val_auroc=0.9561  val_f1=0.7524  lr=1.83e-05
Running Validation...
Ep 378/500  loss=0.0010  tr_acc=0.9995  val_acc=0.8443  val_auroc=0.9547  val_f1=0.7458  lr=1.81e-05
Running Validation...
Ep 379/500  loss=0.0015  tr_acc=0.9997  val_acc=0.8624  val_auroc=0.9569  val_f1=0.7718  lr=1.78e-05
Running Validation...
Ep 380/500  loss=0.0002  tr_acc=1.0000  val_acc=0.8549  val_auroc=0.9566  val_f1=0.7592  lr=1.75e-05
Running Validation...
Ep 381/500  loss=0.0008  tr_acc=0.9997  val_acc=0.8592  val_auroc=0.9589  val_f1=0.7708  lr=1.72e-05
Running Validation...
Ep 382/500  loss=0.0009  tr_acc=0.9994  val_acc=0.8533  val_auroc=0.9531  val_f1=0.7575  lr=1.70e-05
Running Validation...
Ep 383/500  loss=0.0005  tr_acc=0.9999  val_acc=0.8576  val_auroc=0.9581  val_f1=0.7675  lr=1.67e-05
Running Validation...
Ep 384/500  loss=0.0010  tr_acc=0.9998  val_acc=0.8517  val_auroc=0.9561  val_f1=0.7614  lr=1.65e-05
Running Validation...
Ep 385/500  loss=0.0020  tr_acc=0.9994  val_acc=0.8592  val_auroc=0.9587  val_f1=0.7738  lr=1.62e-05
Running Validation...
Ep 386/500  loss=0.0009  tr_acc=0.9999  val_acc=0.8672  val_auroc=0.9614  val_f1=0.7868  lr=1.59e-05
Running Validation...
Ep 387/500  loss=0.0010  tr_acc=0.9998  val_acc=0.8587  val_auroc=0.9563  val_f1=0.7697  lr=1.57e-05
Running Validation...
Ep 388/500  loss=0.0006  tr_acc=0.9998  val_acc=0.8656  val_auroc=0.9564  val_f1=0.7863  lr=1.54e-05
Running Validation...
Ep 389/500  loss=0.0009  tr_acc=0.9997  val_acc=0.8592  val_auroc=0.9601  val_f1=0.7720  lr=1.52e-05
Running Validation...
Ep 390/500  loss=0.0009  tr_acc=0.9998  val_acc=0.8581  val_auroc=0.9576  val_f1=0.7748  lr=1.49e-05
Running Validation...
Ep 391/500  loss=0.0013  tr_acc=0.9995  val_acc=0.8693  val_auroc=0.9596  val_f1=0.7879  lr=1.46e-05
Running Validation...
Ep 392/500  loss=0.0011  tr_acc=0.9995  val_acc=0.8619  val_auroc=0.9565  val_f1=0.7799  lr=1.44e-05
Running Validation...
Ep 393/500  loss=0.0006  tr_acc=0.9998  val_acc=0.8619  val_auroc=0.9566  val_f1=0.7773  lr=1.41e-05
Running Validation...
Ep 394/500  loss=0.0007  tr_acc=0.9998  val_acc=0.8640  val_auroc=0.9597  val_f1=0.7798  lr=1.39e-05
Running Validation...
Ep 395/500  loss=0.0004  tr_acc=0.9999  val_acc=0.8411  val_auroc=0.9497  val_f1=0.7451  lr=1.37e-05
Running Validation...
Ep 396/500  loss=0.0015  tr_acc=0.9995  val_acc=0.8549  val_auroc=0.9576  val_f1=0.7667  lr=1.34e-05
Running Validation...
Ep 397/500  loss=0.0010  tr_acc=0.9997  val_acc=0.8560  val_auroc=0.9561  val_f1=0.7692  lr=1.32e-05
Running Validation...
Ep 398/500  loss=0.0006  tr_acc=0.9998  val_acc=0.8592  val_auroc=0.9591  val_f1=0.7756  lr=1.29e-05
Running Validation...
Ep 399/500  loss=0.0003  tr_acc=1.0000  val_acc=0.8587  val_auroc=0.9594  val_f1=0.7722  lr=1.27e-05
Running Validation...
Ep 400/500  loss=0.0005  tr_acc=0.9998  val_acc=0.8533  val_auroc=0.9590  val_f1=0.7598  lr=1.24e-05
Running Validation...
Ep 401/500  loss=0.0018  tr_acc=0.9994  val_acc=0.8485  val_auroc=0.9561  val_f1=0.7516  lr=1.22e-05
Running Validation...
Ep 402/500  loss=0.0006  tr_acc=0.9997  val_acc=0.8560  val_auroc=0.9590  val_f1=0.7680  lr=1.20e-05
Running Validation...
Ep 403/500  loss=0.0006  tr_acc=0.9998  val_acc=0.8565  val_auroc=0.9571  val_f1=0.7659  lr=1.17e-05
Running Validation...
Ep 404/500  loss=0.0004  tr_acc=0.9999  val_acc=0.8592  val_auroc=0.9605  val_f1=0.7714  lr=1.15e-05
Running Validation...
Ep 405/500  loss=0.0034  tr_acc=0.9995  val_acc=0.8549  val_auroc=0.9585  val_f1=0.7640  lr=1.13e-05
Running Validation...
Ep 406/500  loss=0.0009  tr_acc=0.9998  val_acc=0.8544  val_auroc=0.9577  val_f1=0.7678  lr=1.11e-05
Running Validation...
Ep 407/500  loss=0.0002  tr_acc=0.9999  val_acc=0.8549  val_auroc=0.9577  val_f1=0.7658  lr=1.08e-05
Running Validation...
Ep 408/500  loss=0.0008  tr_acc=0.9997  val_acc=0.8656  val_auroc=0.9593  val_f1=0.7787  lr=1.06e-05
Running Validation...
Ep 409/500  loss=0.0001  tr_acc=1.0000  val_acc=0.8581  val_auroc=0.9599  val_f1=0.7701  lr=1.04e-05
Running Validation...
Ep 410/500  loss=0.0001  tr_acc=1.0000  val_acc=0.8592  val_auroc=0.9591  val_f1=0.7695  lr=1.02e-05
Running Validation...
Ep 411/500  loss=0.0004  tr_acc=0.9998  val_acc=0.8629  val_auroc=0.9592  val_f1=0.7799  lr=9.97e-06
Running Validation...
Ep 412/500  loss=0.0002  tr_acc=1.0000  val_acc=0.8619  val_auroc=0.9605  val_f1=0.7718  lr=9.75e-06
Running Validation...
Ep 413/500  loss=0.0007  tr_acc=0.9995  val_acc=0.8645  val_auroc=0.9616  val_f1=0.7826  lr=9.54e-06
Running Validation...
Ep 414/500  loss=0.0004  tr_acc=0.9999  val_acc=0.8544  val_auroc=0.9594  val_f1=0.7597  lr=9.33e-06
Running Validation...
Ep 415/500  loss=0.0005  tr_acc=0.9998  val_acc=0.8688  val_auroc=0.9608  val_f1=0.7864  lr=9.12e-06
Running Validation...
Ep 416/500  loss=0.0006  tr_acc=0.9997  val_acc=0.8549  val_auroc=0.9552  val_f1=0.7692  lr=8.92e-06
Running Validation...
Ep 417/500  loss=0.0001  tr_acc=1.0000  val_acc=0.8677  val_auroc=0.9592  val_f1=0.7835  lr=8.71e-06
Running Validation...
Ep 418/500  loss=0.0005  tr_acc=0.9995  val_acc=0.8629  val_auroc=0.9587  val_f1=0.7801  lr=8.51e-06
Running Validation...
Ep 419/500  loss=0.0003  tr_acc=0.9998  val_acc=0.8603  val_auroc=0.9592  val_f1=0.7774  lr=8.31e-06
Running Validation...
Ep 420/500  loss=0.0004  tr_acc=0.9999  val_acc=0.8613  val_auroc=0.9606  val_f1=0.7789  lr=8.12e-06
Running Validation...
Ep 421/500  loss=0.0010  tr_acc=0.9997  val_acc=0.8592  val_auroc=0.9590  val_f1=0.7745  lr=7.92e-06
Running Validation...
Ep 422/500  loss=0.0004  tr_acc=0.9997  val_acc=0.8613  val_auroc=0.9599  val_f1=0.7779  lr=7.73e-06
Running Validation...
Ep 423/500  loss=0.0006  tr_acc=0.9998  val_acc=0.8528  val_auroc=0.9572  val_f1=0.7650  lr=7.54e-06
Running Validation...
Ep 424/500  loss=0.0009  tr_acc=0.9998  val_acc=0.8539  val_auroc=0.9576  val_f1=0.7652  lr=7.35e-06
Running Validation...
Ep 425/500  loss=0.0006  tr_acc=0.9997  val_acc=0.8576  val_auroc=0.9586  val_f1=0.7720  lr=7.16e-06
Running Validation...
Ep 426/500  loss=0.0003  tr_acc=0.9999  val_acc=0.8512  val_auroc=0.9575  val_f1=0.7576  lr=6.98e-06
Running Validation...
Ep 427/500  loss=0.0001  tr_acc=0.9999  val_acc=0.8571  val_auroc=0.9586  val_f1=0.7681  lr=6.80e-06
Running Validation...
Ep 428/500  loss=0.0007  tr_acc=0.9998  val_acc=0.8597  val_auroc=0.9588  val_f1=0.7720  lr=6.62e-06
Running Validation...
Ep 429/500  loss=0.0002  tr_acc=0.9999  val_acc=0.8533  val_auroc=0.9593  val_f1=0.7615  lr=6.44e-06
Running Validation...
Ep 430/500  loss=0.0005  tr_acc=0.9999  val_acc=0.8624  val_auroc=0.9597  val_f1=0.7764  lr=6.26e-06
Running Validation...
Ep 431/500  loss=0.0009  tr_acc=0.9998  val_acc=0.8528  val_auroc=0.9562  val_f1=0.7634  lr=6.09e-06
Running Validation...
Ep 432/500  loss=0.0003  tr_acc=0.9999  val_acc=0.8581  val_auroc=0.9614  val_f1=0.7694  lr=5.92e-06
Running Validation...
Ep 433/500  loss=0.0012  tr_acc=0.9999  val_acc=0.8656  val_auroc=0.9611  val_f1=0.7831  lr=5.75e-06
Running Validation...
Ep 434/500  loss=0.0002  tr_acc=0.9999  val_acc=0.8640  val_auroc=0.9597  val_f1=0.7736  lr=5.58e-06
Running Validation...
Ep 435/500  loss=0.0008  tr_acc=0.9999  val_acc=0.8603  val_auroc=0.9601  val_f1=0.7719  lr=5.42e-06
Running Validation...
Ep 436/500  loss=0.0002  tr_acc=0.9999  val_acc=0.8597  val_auroc=0.9602  val_f1=0.7776  lr=5.26e-06
Running Validation...
Ep 437/500  loss=0.0001  tr_acc=0.9999  val_acc=0.8587  val_auroc=0.9605  val_f1=0.7744  lr=5.10e-06
Running Validation...
Ep 438/500  loss=0.0001  tr_acc=1.0000  val_acc=0.8544  val_auroc=0.9600  val_f1=0.7651  lr=4.94e-06
Running Validation...
Ep 439/500  loss=0.0007  tr_acc=0.9998  val_acc=0.8555  val_auroc=0.9601  val_f1=0.7594  lr=4.78e-06
Running Validation...
Ep 440/500  loss=0.0002  tr_acc=0.9999  val_acc=0.8549  val_auroc=0.9572  val_f1=0.7660  lr=4.63e-06
Running Validation...
Ep 441/500  loss=0.0001  tr_acc=1.0000  val_acc=0.8613  val_auroc=0.9617  val_f1=0.7801  lr=4.48e-06
Running Validation...
Ep 442/500  loss=0.0006  tr_acc=0.9999  val_acc=0.8640  val_auroc=0.9620  val_f1=0.7802  lr=4.33e-06
Running Validation...
Ep 443/500  loss=0.0010  tr_acc=0.9998  val_acc=0.8576  val_auroc=0.9618  val_f1=0.7689  lr=4.19e-06
Running Validation...
Ep 444/500  loss=0.0000  tr_acc=1.0000  val_acc=0.8629  val_auroc=0.9611  val_f1=0.7778  lr=4.04e-06
Running Validation...
Ep 445/500  loss=0.0002  tr_acc=1.0000  val_acc=0.8608  val_auroc=0.9614  val_f1=0.7740  lr=3.90e-06
Running Validation...
Ep 446/500  loss=0.0001  tr_acc=1.0000  val_acc=0.8533  val_auroc=0.9583  val_f1=0.7630  lr=3.77e-06
Running Validation...
Ep 447/500  loss=0.0004  tr_acc=0.9999  val_acc=0.8571  val_auroc=0.9610  val_f1=0.7667  lr=3.63e-06
Running Validation...
Ep 448/500  loss=0.0003  tr_acc=0.9999  val_acc=0.8539  val_auroc=0.9593  val_f1=0.7623  lr=3.50e-06
Running Validation...
Ep 449/500  loss=0.0004  tr_acc=0.9998  val_acc=0.8539  val_auroc=0.9608  val_f1=0.7605  lr=3.36e-06
Running Validation...
Ep 450/500  loss=0.0002  tr_acc=0.9999  val_acc=0.8613  val_auroc=0.9614  val_f1=0.7715  lr=3.24e-06
Running Validation...
Ep 451/500  loss=0.0001  tr_acc=1.0000  val_acc=0.8667  val_auroc=0.9630  val_f1=0.7817  lr=3.11e-06
Running Validation...
Ep 452/500  loss=0.0000  tr_acc=1.0000  val_acc=0.8501  val_auroc=0.9594  val_f1=0.7562  lr=2.98e-06
Running Validation...
Ep 453/500  loss=0.0002  tr_acc=1.0000  val_acc=0.8512  val_auroc=0.9583  val_f1=0.7568  lr=2.86e-06
Running Validation...
Ep 454/500  loss=0.0004  tr_acc=0.9999  val_acc=0.8603  val_auroc=0.9620  val_f1=0.7751  lr=2.74e-06
Running Validation...
Ep 455/500  loss=0.0001  tr_acc=1.0000  val_acc=0.8539  val_auroc=0.9589  val_f1=0.7631  lr=2.63e-06
Running Validation...
Ep 456/500  loss=0.0009  tr_acc=0.9997  val_acc=0.8613  val_auroc=0.9610  val_f1=0.7723  lr=2.51e-06
Running Validation...
Ep 457/500  loss=0.0005  tr_acc=0.9999  val_acc=0.8560  val_auroc=0.9607  val_f1=0.7635  lr=2.40e-06
Running Validation...
Ep 458/500  loss=0.0000  tr_acc=1.0000  val_acc=0.8587  val_auroc=0.9615  val_f1=0.7697  lr=2.29e-06
Running Validation...
Ep 459/500  loss=0.0000  tr_acc=1.0000  val_acc=0.8635  val_auroc=0.9630  val_f1=0.7743  lr=2.18e-06
Running Validation...
Ep 460/500  loss=0.0003  tr_acc=0.9999  val_acc=0.8661  val_auroc=0.9629  val_f1=0.7815  lr=2.08e-06
Running Validation...
Ep 461/500  loss=0.0000  tr_acc=1.0000  val_acc=0.8656  val_auroc=0.9629  val_f1=0.7845  lr=1.98e-06
Running Validation...
Ep 462/500  loss=0.0003  tr_acc=0.9999  val_acc=0.8597  val_auroc=0.9604  val_f1=0.7690  lr=1.88e-06
Running Validation...
Ep 463/500  loss=0.0007  tr_acc=0.9998  val_acc=0.8512  val_auroc=0.9590  val_f1=0.7539  lr=1.78e-06
Running Validation...
Ep 464/500  loss=0.0000  tr_acc=1.0000  val_acc=0.8603  val_auroc=0.9609  val_f1=0.7751  lr=1.69e-06
Running Validation...
Ep 465/500  loss=0.0010  tr_acc=0.9999  val_acc=0.8555  val_auroc=0.9616  val_f1=0.7639  lr=1.60e-06
Running Validation...
Ep 466/500  loss=0.0001  tr_acc=1.0000  val_acc=0.8491  val_auroc=0.9575  val_f1=0.7560  lr=1.51e-06
Running Validation...
Ep 467/500  loss=0.0009  tr_acc=0.9998  val_acc=0.8539  val_auroc=0.9616  val_f1=0.7650  lr=1.42e-06
Running Validation...
Ep 468/500  loss=0.0000  tr_acc=1.0000  val_acc=0.8608  val_auroc=0.9616  val_f1=0.7764  lr=1.34e-06
Running Validation...
Ep 469/500  loss=0.0006  tr_acc=0.9998  val_acc=0.8608  val_auroc=0.9630  val_f1=0.7712  lr=1.25e-06
Running Validation...
Ep 470/500  loss=0.0001  tr_acc=1.0000  val_acc=0.8517  val_auroc=0.9586  val_f1=0.7585  lr=1.17e-06
Running Validation...
Ep 471/500  loss=0.0002  tr_acc=0.9999  val_acc=0.8571  val_auroc=0.9615  val_f1=0.7654  lr=1.10e-06
Running Validation...
Ep 472/500  loss=0.0002  tr_acc=0.9999  val_acc=0.8640  val_auroc=0.9637  val_f1=0.7756  lr=1.02e-06
Running Validation...
Ep 473/500  loss=0.0004  tr_acc=0.9999  val_acc=0.8555  val_auroc=0.9635  val_f1=0.7642  lr=9.52e-07
Running Validation...
Ep 474/500  loss=0.0000  tr_acc=1.0000  val_acc=0.8635  val_auroc=0.9633  val_f1=0.7819  lr=8.83e-07
Running Validation...
Ep 475/500  loss=0.0003  tr_acc=0.9999  val_acc=0.8597  val_auroc=0.9627  val_f1=0.7709  lr=8.50e-07
Running Validation...
Ep 476/500  loss=0.0000  tr_acc=1.0000  val_acc=0.8608  val_auroc=0.9642  val_f1=0.7774  lr=8.50e-07
Running Validation...
Ep 477/500  loss=0.0000  tr_acc=1.0000  val_acc=0.8608  val_auroc=0.9616  val_f1=0.7784  lr=8.50e-07
Running Validation...
Ep 478/500  loss=0.0003  tr_acc=0.9999  val_acc=0.8640  val_auroc=0.9646  val_f1=0.7824  lr=8.50e-07
Running Validation...
Ep 479/500  loss=0.0003  tr_acc=0.9999  val_acc=0.8587  val_auroc=0.9629  val_f1=0.7716  lr=8.50e-07
Running Validation...
Ep 480/500  loss=0.0000  tr_acc=1.0000  val_acc=0.8597  val_auroc=0.9623  val_f1=0.7757  lr=8.50e-07
Running Validation...
Ep 481/500  loss=0.0001  tr_acc=1.0000  val_acc=0.8624  val_auroc=0.9630  val_f1=0.7821  lr=8.50e-07
Running Validation...
Ep 482/500  loss=0.0000  tr_acc=1.0000  val_acc=0.8635  val_auroc=0.9634  val_f1=0.7795  lr=8.50e-07
Running Validation...
Ep 483/500  loss=0.0002  tr_acc=0.9999  val_acc=0.8640  val_auroc=0.9619  val_f1=0.7798  lr=8.50e-07
Running Validation...
Ep 484/500  loss=0.0001  tr_acc=1.0000  val_acc=0.8608  val_auroc=0.9629  val_f1=0.7760  lr=8.50e-07
Running Validation...
Ep 485/500  loss=0.0003  tr_acc=0.9999  val_acc=0.8597  val_auroc=0.9626  val_f1=0.7738  lr=8.50e-07
Running Validation...
Ep 486/500  loss=0.0004  tr_acc=0.9999  val_acc=0.8571  val_auroc=0.9608  val_f1=0.7705  lr=8.50e-07
Running Validation...
Ep 487/500  loss=0.0001  tr_acc=1.0000  val_acc=0.8549  val_auroc=0.9603  val_f1=0.7667  lr=8.50e-07
Running Validation...
Ep 488/500  loss=0.0000  tr_acc=1.0000  val_acc=0.8688  val_auroc=0.9642  val_f1=0.7911  lr=8.50e-07
Running Validation...
Ep 489/500  loss=0.0002  tr_acc=0.9999  val_acc=0.8624  val_auroc=0.9630  val_f1=0.7782  lr=8.50e-07
Running Validation...
Ep 490/500  loss=0.0008  tr_acc=0.9999  val_acc=0.8613  val_auroc=0.9592  val_f1=0.7773  lr=8.50e-07
Running Validation...
Ep 491/500  loss=0.0001  tr_acc=1.0000  val_acc=0.8565  val_auroc=0.9620  val_f1=0.7693  lr=8.50e-07
Running Validation...
Ep 492/500  loss=0.0000  tr_acc=1.0000  val_acc=0.8629  val_auroc=0.9651  val_f1=0.7796  lr=8.50e-07
Running Validation...
Ep 493/500  loss=0.0000  tr_acc=1.0000  val_acc=0.8619  val_auroc=0.9638  val_f1=0.7763  lr=8.50e-07
Running Validation...
Ep 494/500  loss=0.0001  tr_acc=1.0000  val_acc=0.8581  val_auroc=0.9592  val_f1=0.7675  lr=8.50e-07
Running Validation...
Ep 495/500  loss=0.0002  tr_acc=0.9999  val_acc=0.8656  val_auroc=0.9644  val_f1=0.7811  lr=8.50e-07
Running Validation...
Ep 496/500  loss=0.0000  tr_acc=1.0000  val_acc=0.8629  val_auroc=0.9620  val_f1=0.7782  lr=8.50e-07
Running Validation...
Ep 497/500  loss=0.0000  tr_acc=1.0000  val_acc=0.8645  val_auroc=0.9636  val_f1=0.7843  lr=8.50e-07
Running Validation...
Ep 498/500  loss=0.0000  tr_acc=1.0000  val_acc=0.8619  val_auroc=0.9641  val_f1=0.7784  lr=8.50e-07
Running Validation...
Ep 499/500  loss=0.0002  tr_acc=0.9999  val_acc=0.8597  val_auroc=0.9616  val_f1=0.7751  lr=8.50e-07
Running Validation...
Ep 500/500  loss=0.0004  tr_acc=0.9999  val_acc=0.8581  val_auroc=0.9627  val_f1=0.7729  lr=8.50e-07
Training complete. Best AUROC: 0.9651, Best F1: 0.7911
Loaded best model from best_f1_model.pt (epoch 488)
Running Validation (final)...
Running Test...

Evaluating on derm7pt
Running Cross-eval: derm7pt...

Evaluating on padufes20
Running Cross-eval: padufes20...

Evaluating on isic2019
Running Cross-eval: isic2019...

Cross-dataset summary:
            accuracy  precision    recall  ...       EOM       PQD       DPM
derm7pt    0.555811   0.299948  0.323288  ...  0.470377  0.722222  0.152828
padufes20  0.496849   0.418281  0.508633  ...  0.395139  0.935065  0.288736
isic2019   0.739574   0.547620  0.510294  ...       NaN       NaN       NaN

[3 rows x 10 columns]

All results saved to outputs/results_BASE_resnet18
Checkpoints saved to outputs/checkpoints_BASE_resnet18
=========================================
Finished: Tue May 26 10:17:23 AM CEST 2026
Exit code: 0

[DONE] Training completed successfully.
Outputs:
  Checkpoints → process_BASE_resnet18/outputs/checkpoints/
  Results     → process_BASE_resnet18/outputs/results/
  CSVs        → process_BASE_resnet18/outputs/csvs/
