=========================================
Job:       train_Modality_Invariance_resnet18  (449196)
Node:      bigpu03
Started:   Wed Jun 24 04:35:14 PM CEST 2026
=========================================
[INFO] No HF token found at /users/jlacmou/.hf_token — downloads may be slow.
[INFO] No kaggle.json found in 20260623-process. Relying on ~/.kaggle/ or env vars.
[SETUP] Installing / verifying Python dependencies...

── GPU info ──────────────────────────────
Tesla V100-PCIE-32GB, 32768 MiB, 575.57.08
PyTorch : 2.12.1+cu126
CUDA    : 12.6
Devices : 1
GPU 0   : Tesla V100-PCIE-32GB
VRAM    : 34.1 GB
──────────────────────────────────────────

[CHECK] Validating dataset roots...
  [OK]      20260623-process/data/datasets/asosenge/hibaskinlesionsdataset-main
  [OK]      20260623-process/data/datasets/asosenge/fitzpatrick17k
  [OK]      20260623-process/data/datasets/asosenge/derm7pt
  [OK]      20260623-process/data/datasets/mahdavi1202/skin-cancer
  [OK]      20260623-process/data/datasets/sengenjih/isic2019

[CONVERT] Converting notebook to Python script...
[PATCH] Redirecting Kaggle paths → cluster paths...
  DATA_ROOT  → 20260623-process/data/datasets
  WORK_ROOT  → 20260623-process/outputs_Modality_Invariance_resnet18
  BB_CACHE   → 20260623-process/backbone_cache
  Patch applied successfully.

[RUN] Starting training — Wed Jun 24 04:35:39 PM CEST 2026
=========================================
Device: cuda
Checking configured paths:
  WORK_ROOT : outputs_Modality_Invariance_resnet18  [OK]
  CSV_DIR   : outputs_Modality_Invariance_resnet18/csvs  [OK]
  hiba           : 20260623-process/data/datasets/asosenge/hibaskinlesionsdataset-main/HIBASkinLesionsDataset-main/images  [OK]
  fitzpatrick17k : 20260623-process/data/datasets/asosenge/fitzpatrick17k/fitzpatrick17k/data/finalfitz17k  [OK]
  derm7pt        : 20260623-process/data/datasets/asosenge/derm7pt/release_v0/images  [OK]
  padufes20      : 20260623-process/data/datasets/mahdavi1202/skin-cancer  [OK]
  isic2019       : 20260623-process/data/datasets/sengenjih/isic2019  [OK]
CSV dir:        outputs_Modality_Invariance_resnet18/csvs
Checkpoints:    outputs_Modality_Invariance_resnet18/checkpoints_Modality_Invariance_resnet18
Results:        outputs_Modality_Invariance_resnet18/results_Modality_Invariance_resnet18
Num classes:    3  (melanoma, nevus, basal cell carcinoma)
[INFO] Built image map for hiba: 1616 entries
[INFO] Built image map for fitzpatrick17k: 16577 entries
[INFO] Built image map for derm7pt: 2013 entries
[INFO] Built image map for padufes20: 2298 entries
[INFO] Built image map for isic2019: 33569 entries
[INFO] paired_train: loaded 738 ID-matched pairs from split clin/derm CSVs
[INFO] paired_val: loaded 106 ID-matched pairs from split clin/derm CSVs
[INFO] paired_test: loaded 211 ID-matched pairs from split clin/derm CSVs
[INFO] Loaded fitzpatrick17k eval set: 1727 samples
[INFO] Loaded padufes20 eval set: 1141 samples
[INFO] Loaded isic2019 eval set: 25517 samples
Train batches: 41, Val batches: 6
Test batches: 33
Cross-eval loaders: ['fitzpatrick17k', 'padufes20', 'isic2019']
Class weights: [0.819 0.385 1.796]
Running Validation...
Ep   1/50  loss=3.7265  tr_acc=0.3841  val_acc=0.2593  val_auroc=0.7196  val_f1=0.2524  paired=1.00  lr=3.40e-05
Running Validation...
Ep   2/50  loss=3.4474  tr_acc=0.4238  val_acc=0.2169  val_auroc=0.7496  val_f1=0.2042  paired=1.00  lr=5.10e-05
Running Validation...
Ep   3/50  loss=3.2234  tr_acc=0.4817  val_acc=0.2593  val_auroc=0.8068  val_f1=0.2566  paired=1.00  lr=6.80e-05
Running Validation...
Ep   4/50  loss=2.9763  tr_acc=0.5229  val_acc=0.3915  val_auroc=0.8501  val_f1=0.4092  paired=1.00  lr=8.50e-05
Running Validation...
Ep   5/50  loss=2.7747  tr_acc=0.5991  val_acc=0.4233  val_auroc=0.8693  val_f1=0.4581  paired=1.00  lr=8.50e-05
Running Validation...
Ep   6/50  loss=2.5664  tr_acc=0.6822  val_acc=0.6720  val_auroc=0.8838  val_f1=0.6695  paired=1.00  lr=8.49e-05
Running Validation...
Ep   7/50  loss=2.4351  tr_acc=0.7530  val_acc=0.5714  val_auroc=0.8624  val_f1=0.6119  paired=1.00  lr=8.46e-05
Running Validation...
Ep   8/50  loss=2.1919  tr_acc=0.8110  val_acc=0.7937  val_auroc=0.8912  val_f1=0.7654  paired=1.00  lr=8.41e-05
Running Validation...
Ep   9/50  loss=2.3101  tr_acc=0.7934  val_acc=0.7143  val_auroc=0.8974  val_f1=0.7237  paired=1.00  lr=8.34e-05
Running Validation...
Ep  10/50  loss=2.0254  tr_acc=0.8498  val_acc=0.6032  val_auroc=0.8568  val_f1=0.6462  paired=1.00  lr=8.24e-05
Running Validation...
Ep  11/50  loss=2.0192  tr_acc=0.8521  val_acc=0.7407  val_auroc=0.8963  val_f1=0.7356  paired=1.00  lr=8.13e-05
Running Validation...
Ep  12/50  loss=1.9631  tr_acc=0.8735  val_acc=0.8360  val_auroc=0.9212  val_f1=0.7996  paired=1.00  lr=8.00e-05
Running Validation...
Ep  13/50  loss=1.8961  tr_acc=0.8750  val_acc=0.7196  val_auroc=0.8814  val_f1=0.6940  paired=1.00  lr=7.85e-05
Running Validation...
Ep  14/50  loss=1.7721  tr_acc=0.8864  val_acc=0.7513  val_auroc=0.8910  val_f1=0.7101  paired=1.00  lr=7.69e-05
Running Validation...
Ep  15/50  loss=1.6872  tr_acc=0.9207  val_acc=0.7989  val_auroc=0.8929  val_f1=0.7685  paired=1.00  lr=7.51e-05
Running Validation...
Ep  16/50  loss=1.6797  tr_acc=0.9101  val_acc=0.7619  val_auroc=0.8810  val_f1=0.7291  paired=1.00  lr=7.31e-05
Running Validation...
Ep  17/50  loss=1.6061  tr_acc=0.9078  val_acc=0.7831  val_auroc=0.8893  val_f1=0.7503  paired=1.00  lr=7.09e-05
Running Validation...
Ep  18/50  loss=1.6451  tr_acc=0.9139  val_acc=0.7937  val_auroc=0.9062  val_f1=0.7809  paired=1.00  lr=6.87e-05
Running Validation...
Ep  19/50  loss=1.5112  tr_acc=0.9253  val_acc=0.8254  val_auroc=0.9081  val_f1=0.7881  paired=1.00  lr=6.63e-05
Running Validation...
Ep  20/50  loss=1.5458  tr_acc=0.9253  val_acc=0.8095  val_auroc=0.8925  val_f1=0.7645  paired=1.00  lr=6.38e-05
Running Validation...
Ep  21/50  loss=1.4617  tr_acc=0.9360  val_acc=0.7989  val_auroc=0.9065  val_f1=0.7725  paired=1.00  lr=6.11e-05
Running Validation...
Ep  22/50  loss=1.5119  tr_acc=0.9405  val_acc=0.8201  val_auroc=0.9058  val_f1=0.7983  paired=1.00  lr=5.84e-05
Running Validation...
Ep  23/50  loss=1.5087  tr_acc=0.9360  val_acc=0.7884  val_auroc=0.9203  val_f1=0.7577  paired=1.00  lr=5.56e-05
Running Validation...
Ep  24/50  loss=1.4604  tr_acc=0.9360  val_acc=0.8307  val_auroc=0.9121  val_f1=0.7943  paired=1.00  lr=5.28e-05
Running Validation...
Ep  25/50  loss=1.4046  tr_acc=0.9390  val_acc=0.7989  val_auroc=0.9190  val_f1=0.7622  paired=1.00  lr=4.99e-05
Running Validation...
Ep  26/50  loss=1.4173  tr_acc=0.9367  val_acc=0.8095  val_auroc=0.9103  val_f1=0.7699  paired=1.00  lr=4.69e-05
Running Validation...
Ep  27/50  loss=1.3080  tr_acc=0.9482  val_acc=0.7937  val_auroc=0.8877  val_f1=0.7409  paired=1.00  lr=4.40e-05
Running Validation...
Ep  28/50  loss=1.3067  tr_acc=0.9573  val_acc=0.7937  val_auroc=0.8937  val_f1=0.7549  paired=1.00  lr=4.10e-05
Running Validation...
Ep  29/50  loss=1.2860  tr_acc=0.9482  val_acc=0.8254  val_auroc=0.9033  val_f1=0.7898  paired=1.00  lr=3.81e-05
Running Validation...
Ep  30/50  loss=1.3323  tr_acc=0.9413  val_acc=0.8148  val_auroc=0.8996  val_f1=0.7745  paired=1.00  lr=3.51e-05
Running Validation...
Ep  31/50  loss=1.3022  tr_acc=0.9489  val_acc=0.7884  val_auroc=0.8814  val_f1=0.7611  paired=1.00  lr=3.22e-05
Running Validation...
Ep  32/50  loss=1.2431  tr_acc=0.9596  val_acc=0.8360  val_auroc=0.9113  val_f1=0.8038  paired=1.00  lr=2.94e-05
Running Validation...
Ep  33/50  loss=1.1992  tr_acc=0.9634  val_acc=0.8307  val_auroc=0.9180  val_f1=0.7924  paired=1.00  lr=2.66e-05
Running Validation...
Ep  34/50  loss=1.2277  tr_acc=0.9596  val_acc=0.8413  val_auroc=0.8919  val_f1=0.8050  paired=1.00  lr=2.39e-05
Running Validation...
Ep  35/50  loss=1.2140  tr_acc=0.9619  val_acc=0.8201  val_auroc=0.8884  val_f1=0.7756  paired=1.00  lr=2.13e-05
Running Validation...
Ep  36/50  loss=1.1973  tr_acc=0.9680  val_acc=0.8254  val_auroc=0.8952  val_f1=0.7864  paired=1.00  lr=1.87e-05
Running Validation...
Ep  37/50  loss=1.2252  tr_acc=0.9535  val_acc=0.8254  val_auroc=0.8925  val_f1=0.7846  paired=1.00  lr=1.63e-05
Running Validation...
Ep  38/50  loss=1.1795  tr_acc=0.9665  val_acc=0.8148  val_auroc=0.8913  val_f1=0.7830  paired=1.00  lr=1.41e-05
Running Validation...
Ep  39/50  loss=1.1567  tr_acc=0.9688  val_acc=0.8095  val_auroc=0.8900  val_f1=0.7562  paired=1.00  lr=1.19e-05
Running Validation...
Ep  40/50  loss=1.1795  tr_acc=0.9672  val_acc=0.8095  val_auroc=0.8993  val_f1=0.7657  paired=1.00  lr=9.94e-06
Running Validation...
Ep  41/50  loss=1.1688  tr_acc=0.9588  val_acc=0.8201  val_auroc=0.8937  val_f1=0.7946  paired=1.00  lr=8.12e-06
Running Validation...
Ep  42/50  loss=1.1139  tr_acc=0.9733  val_acc=0.8201  val_auroc=0.8881  val_f1=0.7707  paired=1.00  lr=6.46e-06
Running Validation...
Ep  43/50  loss=1.1758  tr_acc=0.9672  val_acc=0.8095  val_auroc=0.8951  val_f1=0.7666  paired=1.00  lr=4.97e-06
Running Validation...
Ep  44/50  loss=1.2229  tr_acc=0.9718  val_acc=0.8201  val_auroc=0.9010  val_f1=0.7839  paired=1.00  lr=3.67e-06
Running Validation...
Ep  45/50  loss=1.1538  tr_acc=0.9733  val_acc=0.8201  val_auroc=0.8876  val_f1=0.7752  paired=1.00  lr=2.56e-06
Running Validation...
Ep  46/50  loss=1.1586  tr_acc=0.9619  val_acc=0.8254  val_auroc=0.9001  val_f1=0.7868  paired=1.00  lr=1.65e-06
Running Validation...
Ep  47/50  loss=1.1356  tr_acc=0.9794  val_acc=0.8254  val_auroc=0.9003  val_f1=0.7772  paired=1.00  lr=9.29e-07
Running Validation...
Ep  48/50  loss=1.1806  tr_acc=0.9627  val_acc=0.8095  val_auroc=0.8955  val_f1=0.7575  paired=1.00  lr=8.50e-07
Running Validation...
Ep  49/50  loss=1.1915  tr_acc=0.9665  val_acc=0.8148  val_auroc=0.9017  val_f1=0.7790  paired=1.00  lr=8.50e-07
Running Validation...
Ep  50/50  loss=1.1349  tr_acc=0.9764  val_acc=0.8201  val_auroc=0.9029  val_f1=0.7725  paired=1.00  lr=8.50e-07
Training complete. Best AUROC: 0.9212, Best F1: 0.8050
Loaded best model from best_f1_model.pt (epoch 34)
Running Validation (final)...
