=========================================
Job:       train_No_MI_vit  (412724)
Node:      bigpu01
Started:   Tue May 26 10:17:23 AM CEST 2026
=========================================
[INFO] No HF token found at /users/jlacmou/.hf_token — downloads may be slow.
[INFO] No kaggle.json found in process_No_MI_vit. Relying on ~/.kaggle/ or env vars.
[SETUP] Creating virtual environment...
[SETUP] Installing / verifying Python dependencies...

── GPU info ──────────────────────────────
Tesla V100-PCIE-32GB, 32768 MiB, 575.57.08
PyTorch : 2.12.0+cu126
CUDA    : 12.6
Devices : 1
GPU 0   : Tesla V100-PCIE-32GB
VRAM    : 34.1 GB
──────────────────────────────────────────

[CHECK] Validating dataset roots...
  [MISSING] process_No_MI_vit/data/datasets/asosenge/hibaskinlesionsdataset-main  ← Attempting to download via Kaggle CLI...
Dataset URL: https://www.kaggle.com/datasets/asosenge/hibaskinlesionsdataset-main
License(s): other
Downloading hibaskinlesionsdataset-main.zip to process_No_MI_vit/data/datasets/asosenge/hibaskinlesionsdataset-main

  [DOWNLOADED] process_No_MI_vit/data/datasets/asosenge/hibaskinlesionsdataset-main
  [MISSING] process_No_MI_vit/data/datasets/asosenge/fitzpatrick17k  ← Attempting to download via Kaggle CLI...
Dataset URL: https://www.kaggle.com/datasets/asosenge/fitzpatrick17k
License(s): other
Downloading fitzpatrick17k.zip to process_No_MI_vit/data/datasets/asosenge/fitzpatrick17k

  [DOWNLOADED] process_No_MI_vit/data/datasets/asosenge/fitzpatrick17k
  [MISSING] process_No_MI_vit/data/datasets/asosenge/ham10000  ← Attempting to download via Kaggle CLI...
Dataset URL: https://www.kaggle.com/datasets/asosenge/ham10000
License(s): Attribution-NonCommercial 4.0 International (CC BY-NC 4.0)
Downloading ham10000.zip to process_No_MI_vit/data/datasets/asosenge/ham10000

  [DOWNLOADED] process_No_MI_vit/data/datasets/asosenge/ham10000
  [MISSING] process_No_MI_vit/data/datasets/asosenge/derm7pt  ← Attempting to download via Kaggle CLI...
Dataset URL: https://www.kaggle.com/datasets/asosenge/derm7pt
License(s): other
Downloading derm7pt.zip to process_No_MI_vit/data/datasets/asosenge/derm7pt

  [DOWNLOADED] process_No_MI_vit/data/datasets/asosenge/derm7pt
  [MISSING] process_No_MI_vit/data/datasets/mahdavi1202/skin-cancer  ← Attempting to download via Kaggle CLI...
Dataset URL: https://www.kaggle.com/datasets/mahdavi1202/skin-cancer
License(s): Attribution 4.0 International (CC BY 4.0)
Downloading skin-cancer.zip to process_No_MI_vit/data/datasets/mahdavi1202/skin-cancer

  [DOWNLOADED] process_No_MI_vit/data/datasets/mahdavi1202/skin-cancer
  [MISSING] process_No_MI_vit/data/datasets/sengenjih/isic2019  ← Attempting to download via Kaggle CLI...
Dataset URL: https://www.kaggle.com/datasets/sengenjih/isic2019
License(s): Attribution-NonCommercial 4.0 International (CC BY-NC 4.0)
Downloading isic2019.zip to process_No_MI_vit/data/datasets/sengenjih/isic2019

  [DOWNLOADED] process_No_MI_vit/data/datasets/sengenjih/isic2019

[CONVERT] Converting notebook to Python script...
[PATCH] Redirecting Kaggle paths → cluster paths...
  DATA_ROOT  → process_No_MI_vit/data/datasets
  WORK_ROOT  → process_No_MI_vit/outputs
  BB_CACHE   → process_No_MI_vit/backbone_cache
  Patch applied successfully.

[RUN] Starting training — Tue May 26 10:37:00 AM CEST 2026
=========================================
Device: cuda
CSV dir      : outputs/csvs
Checkpoints  : outputs/checkpoints_No_MI_vit
Results      : outputs/results_No_MI_vit
Image roots:
  hiba           : process_No_MI_vit/data/datasets/asosenge/hibaskinlesionsdataset-main/HIBASkinLesionsDataset-main/images
  fitzpatrick17k : process_No_MI_vit/data/datasets/asosenge/fitzpatrick17k/fitzpatrick17k/data/finalfitz17k
  ham10000       : process_No_MI_vit/data/datasets/asosenge/ham10000/HAM10000
  derm7pt        : process_No_MI_vit/data/datasets/asosenge/derm7pt/release_v0/images
  padufes20      : process_No_MI_vit/data/datasets/mahdavi1202/skin-cancer
  isic2019       : process_No_MI_vit/data/datasets/sengenjih/isic2019
Class weights: [0.645 0.19  0.887 1.601 1.678]
[INFO] Built image map for hiba: 1616 entries
[INFO] Built image map for fitzpatrick17k: 16577 entries
[INFO] Built image map for ham10000: 20030 entries
[INFO] Built image map for derm7pt: 2013 entries
[INFO] Built image map for padufes20: 2298 entries
[INFO] Built image map for isic2019: 33569 entries
[INFO] Loaded derm7pt paired eval set: 869 samples
[INFO] Loaded padufes20 unpaired eval set: 2063 samples
[INFO] Loaded isic2019 unpaired eval set: 27551 samples
Train batches: 273, Val batches: 59
Test batches: 59
Cross-eval loaders: ['derm7pt', 'padufes20', 'isic2019']
Running Validation...
Ep   1/500  total_loss=8.2907  tr_acc=0.2027  val_acc=0.2043  val_auroc=0.5242  val_f1=0.1283  lr=1.70e-06
Running Validation...
Ep   2/500  total_loss=7.8526  tr_acc=0.2281  val_acc=0.1435  val_auroc=0.5959  val_f1=0.1145  lr=2.55e-06
Running Validation...
Ep   3/500  total_loss=7.5657  tr_acc=0.2760  val_acc=0.1179  val_auroc=0.6791  val_f1=0.1103  lr=3.40e-06
Running Validation...
Ep   4/500  total_loss=7.3791  tr_acc=0.3116  val_acc=0.1056  val_auroc=0.7501  val_f1=0.1064  lr=4.25e-06
Running Validation...
Ep   5/500  total_loss=7.2298  tr_acc=0.3270  val_acc=0.1051  val_auroc=0.8123  val_f1=0.1216  lr=5.10e-06
Running Validation...
Ep   6/500  total_loss=7.0217  tr_acc=0.3584  val_acc=0.1061  val_auroc=0.8672  val_f1=0.1317  lr=5.95e-06
Running Validation...
Ep   7/500  total_loss=6.8028  tr_acc=0.3766  val_acc=0.1296  val_auroc=0.8838  val_f1=0.1603  lr=6.80e-06
Running Validation...
Ep   8/500  total_loss=6.5593  tr_acc=0.4074  val_acc=0.2491  val_auroc=0.8975  val_f1=0.2453  lr=7.65e-06
Running Validation...
Ep   9/500  total_loss=6.3364  tr_acc=0.4327  val_acc=0.2752  val_auroc=0.9137  val_f1=0.2864  lr=8.50e-06
Running Validation...
Ep  10/500  total_loss=6.1088  tr_acc=0.5033  val_acc=0.5104  val_auroc=0.9212  val_f1=0.4536  lr=9.35e-06
Running Validation...
Ep  11/500  total_loss=5.9222  tr_acc=0.5782  val_acc=0.5936  val_auroc=0.9243  val_f1=0.5252  lr=1.02e-05
Running Validation...
Ep  12/500  total_loss=5.7367  tr_acc=0.6696  val_acc=0.5349  val_auroc=0.9282  val_f1=0.5125  lr=1.11e-05
Running Validation...
Ep  13/500  total_loss=5.5541  tr_acc=0.7238  val_acc=0.6411  val_auroc=0.9222  val_f1=0.5873  lr=1.19e-05
Running Validation...
Ep  14/500  total_loss=5.4612  tr_acc=0.7405  val_acc=0.6096  val_auroc=0.9296  val_f1=0.5767  lr=1.27e-05
Running Validation...
Ep  15/500  total_loss=5.3204  tr_acc=0.7827  val_acc=0.6656  val_auroc=0.9334  val_f1=0.6370  lr=1.36e-05
Running Validation...
Ep  16/500  total_loss=5.2263  tr_acc=0.8073  val_acc=0.7035  val_auroc=0.9374  val_f1=0.6789  lr=1.45e-05
Running Validation...
Ep  17/500  total_loss=5.1154  tr_acc=0.8481  val_acc=0.7147  val_auroc=0.9256  val_f1=0.6988  lr=1.53e-05
Running Validation...
Ep  18/500  total_loss=5.0051  tr_acc=0.8718  val_acc=0.7072  val_auroc=0.9194  val_f1=0.6726  lr=1.62e-05
Running Validation...
Ep  19/500  total_loss=4.8977  tr_acc=0.8927  val_acc=0.8368  val_auroc=0.9209  val_f1=0.7580  lr=1.70e-05
Running Validation...
Ep  20/500  total_loss=4.8653  tr_acc=0.9068  val_acc=0.7867  val_auroc=0.9253  val_f1=0.7435  lr=1.79e-05
Running Validation...
Ep  21/500  total_loss=4.7779  tr_acc=0.9258  val_acc=0.7861  val_auroc=0.9209  val_f1=0.7323  lr=1.87e-05
Running Validation...
Ep  22/500  total_loss=4.7349  tr_acc=0.9323  val_acc=0.7872  val_auroc=0.9366  val_f1=0.7470  lr=1.96e-05
Running Validation...
Ep  23/500  total_loss=4.6863  tr_acc=0.9408  val_acc=0.7584  val_auroc=0.9387  val_f1=0.7380  lr=2.04e-05
Running Validation...
Ep  24/500  total_loss=4.6407  tr_acc=0.9430  val_acc=0.8405  val_auroc=0.9218  val_f1=0.7648  lr=2.13e-05
Running Validation...
Ep  25/500  total_loss=4.5869  tr_acc=0.9494  val_acc=0.8421  val_auroc=0.9354  val_f1=0.7731  lr=2.21e-05
Running Validation...
Ep  26/500  total_loss=4.5925  tr_acc=0.9471  val_acc=0.8272  val_auroc=0.9185  val_f1=0.7491  lr=2.30e-05
Running Validation...
Ep  27/500  total_loss=4.5293  tr_acc=0.9518  val_acc=0.8288  val_auroc=0.9340  val_f1=0.7689  lr=2.38e-05
Running Validation...
Ep  28/500  total_loss=4.5082  tr_acc=0.9536  val_acc=0.8267  val_auroc=0.9381  val_f1=0.7739  lr=2.46e-05
Running Validation...
Ep  29/500  total_loss=4.4058  tr_acc=0.9588  val_acc=0.8715  val_auroc=0.9374  val_f1=0.8047  lr=2.55e-05
Running Validation...
Ep  30/500  total_loss=4.4769  tr_acc=0.9549  val_acc=0.8427  val_auroc=0.9409  val_f1=0.7782  lr=2.64e-05
Running Validation...
Ep  31/500  total_loss=4.4208  tr_acc=0.9567  val_acc=0.8453  val_auroc=0.9416  val_f1=0.7945  lr=2.72e-05
Running Validation...
Ep  32/500  total_loss=4.3598  tr_acc=0.9574  val_acc=0.8389  val_auroc=0.9236  val_f1=0.7722  lr=2.81e-05
Running Validation...
Ep  33/500  total_loss=4.4018  tr_acc=0.9583  val_acc=0.8256  val_auroc=0.9097  val_f1=0.7333  lr=2.89e-05
Running Validation...
Ep  34/500  total_loss=4.2828  tr_acc=0.9625  val_acc=0.8581  val_auroc=0.9270  val_f1=0.7876  lr=2.98e-05
Running Validation...
Ep  35/500  total_loss=4.3308  tr_acc=0.9589  val_acc=0.8720  val_auroc=0.9412  val_f1=0.8021  lr=3.06e-05
Running Validation...
Ep  36/500  total_loss=4.2857  tr_acc=0.9615  val_acc=0.8096  val_auroc=0.9331  val_f1=0.7575  lr=3.14e-05
Running Validation...
Ep  37/500  total_loss=4.2606  tr_acc=0.9615  val_acc=0.8277  val_auroc=0.9163  val_f1=0.7526  lr=3.23e-05
Running Validation...
Ep  38/500  total_loss=4.3082  tr_acc=0.9564  val_acc=0.8736  val_auroc=0.9357  val_f1=0.8099  lr=3.32e-05
Running Validation...
Ep  39/500  total_loss=4.2099  tr_acc=0.9646  val_acc=0.8635  val_auroc=0.9236  val_f1=0.7976  lr=3.40e-05
Running Validation...
Ep  40/500  total_loss=4.2185  tr_acc=0.9639  val_acc=0.8645  val_auroc=0.9149  val_f1=0.7867  lr=3.49e-05
Running Validation...
Ep  41/500  total_loss=4.2255  tr_acc=0.9625  val_acc=0.8725  val_auroc=0.9205  val_f1=0.7957  lr=3.57e-05
Running Validation...
Ep  42/500  total_loss=4.1890  tr_acc=0.9647  val_acc=0.8357  val_auroc=0.9104  val_f1=0.7683  lr=3.66e-05
Running Validation...
Ep  43/500  total_loss=4.1637  tr_acc=0.9675  val_acc=0.8400  val_auroc=0.9238  val_f1=0.7703  lr=3.74e-05
Running Validation...
Ep  44/500  total_loss=4.1751  tr_acc=0.9662  val_acc=0.8565  val_auroc=0.9157  val_f1=0.7846  lr=3.83e-05
Running Validation...
Ep  45/500  total_loss=4.1212  tr_acc=0.9681  val_acc=0.8555  val_auroc=0.9201  val_f1=0.7804  lr=3.91e-05
Running Validation...
Ep  46/500  total_loss=4.1114  tr_acc=0.9670  val_acc=0.8731  val_auroc=0.9189  val_f1=0.8099  lr=4.00e-05
Running Validation...
Ep  47/500  total_loss=4.1608  tr_acc=0.9642  val_acc=0.8528  val_auroc=0.9142  val_f1=0.7671  lr=4.08e-05
Running Validation...
Ep  48/500  total_loss=4.0858  tr_acc=0.9675  val_acc=0.8741  val_auroc=0.9307  val_f1=0.8128  lr=4.17e-05
Running Validation...
Ep  49/500  total_loss=4.0688  tr_acc=0.9683  val_acc=0.8779  val_auroc=0.9253  val_f1=0.8055  lr=4.25e-05
Running Validation...
Ep  50/500  total_loss=4.0402  tr_acc=0.9713  val_acc=0.8661  val_auroc=0.9176  val_f1=0.7844  lr=4.34e-05
Running Validation...
Ep  51/500  total_loss=4.0576  tr_acc=0.9696  val_acc=0.8720  val_auroc=0.9140  val_f1=0.7991  lr=4.42e-05
Running Validation...
Ep  52/500  total_loss=4.0716  tr_acc=0.9699  val_acc=0.8635  val_auroc=0.9298  val_f1=0.7986  lr=4.51e-05
Running Validation...
Ep  53/500  total_loss=4.0298  tr_acc=0.9715  val_acc=0.8651  val_auroc=0.9204  val_f1=0.7837  lr=4.59e-05
Running Validation...
Ep  54/500  total_loss=4.0730  tr_acc=0.9655  val_acc=0.8368  val_auroc=0.9122  val_f1=0.7810  lr=4.68e-05
Running Validation...
Ep  55/500  total_loss=3.9994  tr_acc=0.9720  val_acc=0.8693  val_auroc=0.9176  val_f1=0.7921  lr=4.76e-05
Running Validation...
Ep  56/500  total_loss=4.0002  tr_acc=0.9707  val_acc=0.8539  val_auroc=0.9220  val_f1=0.7910  lr=4.84e-05
Running Validation...
Ep  57/500  total_loss=4.0137  tr_acc=0.9705  val_acc=0.8613  val_auroc=0.9184  val_f1=0.7808  lr=4.93e-05
Running Validation...
Ep  58/500  total_loss=4.0336  tr_acc=0.9683  val_acc=0.8501  val_auroc=0.9001  val_f1=0.7697  lr=5.01e-05
Running Validation...
Ep  59/500  total_loss=4.0186  tr_acc=0.9706  val_acc=0.8320  val_auroc=0.9175  val_f1=0.7711  lr=5.10e-05
Running Validation...
Ep  60/500  total_loss=3.9764  tr_acc=0.9741  val_acc=0.8555  val_auroc=0.9160  val_f1=0.7900  lr=5.18e-05
Running Validation...
Ep  61/500  total_loss=4.0205  tr_acc=0.9685  val_acc=0.8763  val_auroc=0.9287  val_f1=0.8031  lr=5.27e-05
Running Validation...
Ep  62/500  total_loss=3.9517  tr_acc=0.9725  val_acc=0.8603  val_auroc=0.9170  val_f1=0.7839  lr=5.36e-05
Running Validation...
Ep  63/500  total_loss=3.9205  tr_acc=0.9742  val_acc=0.8661  val_auroc=0.8986  val_f1=0.7755  lr=5.44e-05
Running Validation...
Ep  64/500  total_loss=3.9013  tr_acc=0.9747  val_acc=0.8693  val_auroc=0.9242  val_f1=0.7951  lr=5.53e-05
Running Validation...
Ep  65/500  total_loss=3.9588  tr_acc=0.9706  val_acc=0.8357  val_auroc=0.9059  val_f1=0.7731  lr=5.61e-05
Running Validation...
Ep  66/500  total_loss=3.9777  tr_acc=0.9697  val_acc=0.8379  val_auroc=0.9230  val_f1=0.7612  lr=5.70e-05
Running Validation...
Ep  67/500  total_loss=3.9804  tr_acc=0.9700  val_acc=0.8517  val_auroc=0.9043  val_f1=0.7659  lr=5.78e-05
Running Validation...
Ep  68/500  total_loss=3.9497  tr_acc=0.9712  val_acc=0.8576  val_auroc=0.9115  val_f1=0.7748  lr=5.87e-05
Running Validation...
Ep  69/500  total_loss=3.9189  tr_acc=0.9731  val_acc=0.8517  val_auroc=0.8994  val_f1=0.7606  lr=5.95e-05
Running Validation...
Ep  70/500  total_loss=3.9337  tr_acc=0.9726  val_acc=0.8789  val_auroc=0.9219  val_f1=0.8033  lr=6.04e-05
Running Validation...
Ep  71/500  total_loss=3.9063  tr_acc=0.9740  val_acc=0.8752  val_auroc=0.9158  val_f1=0.7961  lr=6.12e-05
Running Validation...
Ep  72/500  total_loss=3.8985  tr_acc=0.9746  val_acc=0.8400  val_auroc=0.9107  val_f1=0.7641  lr=6.21e-05
Running Validation...
Ep  73/500  total_loss=3.8896  tr_acc=0.9734  val_acc=0.8709  val_auroc=0.9169  val_f1=0.8049  lr=6.29e-05
Running Validation...
Ep  74/500  total_loss=3.9106  tr_acc=0.9732  val_acc=0.8656  val_auroc=0.9123  val_f1=0.7803  lr=6.38e-05
Running Validation...
Ep  75/500  total_loss=3.9209  tr_acc=0.9718  val_acc=0.8613  val_auroc=0.8962  val_f1=0.7760  lr=6.46e-05
Running Validation...
Ep  76/500  total_loss=3.9654  tr_acc=0.9697  val_acc=0.8549  val_auroc=0.9113  val_f1=0.7608  lr=6.55e-05
Running Validation...
Ep  77/500  total_loss=3.8969  tr_acc=0.9746  val_acc=0.8576  val_auroc=0.9066  val_f1=0.7765  lr=6.63e-05
Running Validation...
Ep  78/500  total_loss=3.9283  tr_acc=0.9713  val_acc=0.8784  val_auroc=0.9217  val_f1=0.7951  lr=6.72e-05
Running Validation...
Ep  79/500  total_loss=3.8893  tr_acc=0.9728  val_acc=0.8443  val_auroc=0.9168  val_f1=0.7752  lr=6.80e-05
Running Validation...
Ep  80/500  total_loss=3.8727  tr_acc=0.9779  val_acc=0.8592  val_auroc=0.9132  val_f1=0.7799  lr=6.89e-05
Running Validation...
Ep  81/500  total_loss=3.9260  tr_acc=0.9736  val_acc=0.8565  val_auroc=0.9052  val_f1=0.7752  lr=6.97e-05
Running Validation...
Ep  82/500  total_loss=3.8702  tr_acc=0.9750  val_acc=0.8459  val_auroc=0.9088  val_f1=0.7726  lr=7.06e-05
Running Validation...
Ep  83/500  total_loss=3.9543  tr_acc=0.9701  val_acc=0.8544  val_auroc=0.9171  val_f1=0.7819  lr=7.14e-05
Running Validation...
Ep  84/500  total_loss=3.8591  tr_acc=0.9752  val_acc=0.8555  val_auroc=0.9052  val_f1=0.7774  lr=7.23e-05
Running Validation...
Ep  85/500  total_loss=3.8847  tr_acc=0.9756  val_acc=0.8672  val_auroc=0.9150  val_f1=0.7908  lr=7.31e-05
Running Validation...
Ep  86/500  total_loss=3.8658  tr_acc=0.9744  val_acc=0.8384  val_auroc=0.9084  val_f1=0.7722  lr=7.40e-05
Running Validation...
Ep  87/500  total_loss=3.8988  tr_acc=0.9749  val_acc=0.8501  val_auroc=0.9189  val_f1=0.7722  lr=7.48e-05
Running Validation...
Ep  88/500  total_loss=3.8745  tr_acc=0.9747  val_acc=0.8176  val_auroc=0.9197  val_f1=0.7613  lr=7.57e-05
Running Validation...
Ep  89/500  total_loss=3.9380  tr_acc=0.9698  val_acc=0.8347  val_auroc=0.9093  val_f1=0.7525  lr=7.65e-05
Running Validation...
Ep  90/500  total_loss=3.8381  tr_acc=0.9789  val_acc=0.8501  val_auroc=0.8995  val_f1=0.7735  lr=7.74e-05
Running Validation...
Ep  91/500  total_loss=3.8926  tr_acc=0.9738  val_acc=0.8688  val_auroc=0.9151  val_f1=0.7908  lr=7.82e-05
Running Validation...
Ep  92/500  total_loss=3.8756  tr_acc=0.9738  val_acc=0.8384  val_auroc=0.9054  val_f1=0.7745  lr=7.91e-05
Running Validation...
Ep  93/500  total_loss=3.8806  tr_acc=0.9747  val_acc=0.8597  val_auroc=0.9087  val_f1=0.7847  lr=7.99e-05
Running Validation...
Ep  94/500  total_loss=3.9049  tr_acc=0.9720  val_acc=0.8523  val_auroc=0.9023  val_f1=0.7627  lr=8.07e-05
Running Validation...
Ep  95/500  total_loss=3.8910  tr_acc=0.9740  val_acc=0.8613  val_auroc=0.9029  val_f1=0.7802  lr=8.16e-05
Running Validation...
Ep  96/500  total_loss=3.8683  tr_acc=0.9761  val_acc=0.8629  val_auroc=0.9021  val_f1=0.7799  lr=8.24e-05
Running Validation...
Ep  97/500  total_loss=3.9061  tr_acc=0.9741  val_acc=0.8587  val_auroc=0.9043  val_f1=0.7716  lr=8.33e-05
Running Validation...
Ep  98/500  total_loss=3.8716  tr_acc=0.9762  val_acc=0.8704  val_auroc=0.9174  val_f1=0.7948  lr=8.41e-05
Running Validation...
Ep  99/500  total_loss=3.8413  tr_acc=0.9792  val_acc=0.8587  val_auroc=0.9144  val_f1=0.7775  lr=8.50e-05
Running Validation...
Ep 100/500  total_loss=3.8616  tr_acc=0.9763  val_acc=0.8587  val_auroc=0.9016  val_f1=0.7820  lr=8.50e-05
Running Validation...
Ep 101/500  total_loss=3.8773  tr_acc=0.9780  val_acc=0.8448  val_auroc=0.9013  val_f1=0.7552  lr=8.50e-05
Running Validation...
Ep 102/500  total_loss=3.9237  tr_acc=0.9724  val_acc=0.8667  val_auroc=0.9234  val_f1=0.8009  lr=8.50e-05
Running Validation...
Ep 103/500  total_loss=3.8709  tr_acc=0.9762  val_acc=0.8576  val_auroc=0.9057  val_f1=0.7814  lr=8.50e-05
Running Validation...
Ep 104/500  total_loss=3.8644  tr_acc=0.9739  val_acc=0.8544  val_auroc=0.9144  val_f1=0.7702  lr=8.50e-05
Running Validation...
Ep 105/500  total_loss=3.8884  tr_acc=0.9753  val_acc=0.8720  val_auroc=0.9203  val_f1=0.7910  lr=8.50e-05
Running Validation...
Ep 106/500  total_loss=3.8269  tr_acc=0.9791  val_acc=0.8629  val_auroc=0.9228  val_f1=0.8006  lr=8.50e-05
Running Validation...
Ep 107/500  total_loss=3.8574  tr_acc=0.9780  val_acc=0.8592  val_auroc=0.9123  val_f1=0.7727  lr=8.49e-05
Running Validation...
Ep 108/500  total_loss=3.8523  tr_acc=0.9802  val_acc=0.8517  val_auroc=0.9124  val_f1=0.7772  lr=8.49e-05
Running Validation...
Ep 109/500  total_loss=3.8235  tr_acc=0.9821  val_acc=0.8560  val_auroc=0.9186  val_f1=0.7774  lr=8.49e-05
Running Validation...
Ep 110/500  total_loss=3.8308  tr_acc=0.9799  val_acc=0.8555  val_auroc=0.9052  val_f1=0.7801  lr=8.49e-05
Running Validation...
Ep 111/500  total_loss=3.8542  tr_acc=0.9793  val_acc=0.8640  val_auroc=0.9208  val_f1=0.7984  lr=8.48e-05
Running Validation...
Ep 112/500  total_loss=3.8492  tr_acc=0.9796  val_acc=0.8555  val_auroc=0.9075  val_f1=0.7776  lr=8.48e-05
Running Validation...
Ep 113/500  total_loss=3.8460  tr_acc=0.9780  val_acc=0.8464  val_auroc=0.8882  val_f1=0.7586  lr=8.48e-05
Running Validation...
Ep 114/500  total_loss=3.8260  tr_acc=0.9804  val_acc=0.8560  val_auroc=0.9212  val_f1=0.7927  lr=8.47e-05
Running Validation...
Ep 115/500  total_loss=3.8577  tr_acc=0.9774  val_acc=0.8715  val_auroc=0.9113  val_f1=0.7980  lr=8.47e-05
Running Validation...
Ep 116/500  total_loss=3.8182  tr_acc=0.9810  val_acc=0.8587  val_auroc=0.8971  val_f1=0.7717  lr=8.47e-05
Running Validation...
Ep 117/500  total_loss=3.8391  tr_acc=0.9789  val_acc=0.8587  val_auroc=0.9092  val_f1=0.7786  lr=8.46e-05
Running Validation...
Ep 118/500  total_loss=3.8039  tr_acc=0.9824  val_acc=0.8651  val_auroc=0.9025  val_f1=0.7987  lr=8.46e-05
Running Validation...
Ep 119/500  total_loss=3.8488  tr_acc=0.9786  val_acc=0.8613  val_auroc=0.9052  val_f1=0.7814  lr=8.45e-05
Running Validation...
Ep 120/500  total_loss=3.8453  tr_acc=0.9803  val_acc=0.8704  val_auroc=0.9211  val_f1=0.8028  lr=8.45e-05
Running Validation...
Ep 121/500  total_loss=3.7911  tr_acc=0.9837  val_acc=0.8651  val_auroc=0.9204  val_f1=0.7980  lr=8.44e-05
Running Validation...
Ep 122/500  total_loss=3.8102  tr_acc=0.9821  val_acc=0.8507  val_auroc=0.9163  val_f1=0.7819  lr=8.44e-05
Running Validation...
Ep 123/500  total_loss=3.7929  tr_acc=0.9833  val_acc=0.8672  val_auroc=0.9164  val_f1=0.7855  lr=8.43e-05
Running Validation...
Ep 124/500  total_loss=3.7974  tr_acc=0.9828  val_acc=0.8597  val_auroc=0.9005  val_f1=0.7706  lr=8.42e-05
Running Validation...
Ep 125/500  total_loss=3.7750  tr_acc=0.9843  val_acc=0.8661  val_auroc=0.9034  val_f1=0.7864  lr=8.42e-05
Running Validation...
Ep 126/500  total_loss=3.7903  tr_acc=0.9831  val_acc=0.8576  val_auroc=0.9051  val_f1=0.7855  lr=8.41e-05
Running Validation...
Ep 127/500  total_loss=3.8272  tr_acc=0.9804  val_acc=0.8517  val_auroc=0.9054  val_f1=0.7631  lr=8.40e-05
Running Validation...
Ep 128/500  total_loss=3.8098  tr_acc=0.9813  val_acc=0.8528  val_auroc=0.9042  val_f1=0.7656  lr=8.40e-05
Running Validation...
Ep 129/500  total_loss=3.7876  tr_acc=0.9843  val_acc=0.8629  val_auroc=0.9047  val_f1=0.7774  lr=8.39e-05
Running Validation...
Ep 130/500  total_loss=3.8033  tr_acc=0.9810  val_acc=0.8693  val_auroc=0.9237  val_f1=0.7972  lr=8.38e-05
Running Validation...
Ep 131/500  total_loss=3.7920  tr_acc=0.9823  val_acc=0.8699  val_auroc=0.9150  val_f1=0.7858  lr=8.37e-05
Running Validation...
Ep 132/500  total_loss=3.7423  tr_acc=0.9871  val_acc=0.8555  val_auroc=0.8930  val_f1=0.7725  lr=8.37e-05
Running Validation...
Ep 133/500  total_loss=3.8259  tr_acc=0.9811  val_acc=0.8645  val_auroc=0.9157  val_f1=0.7864  lr=8.36e-05
Running Validation...
Ep 134/500  total_loss=3.7705  tr_acc=0.9850  val_acc=0.8533  val_auroc=0.9093  val_f1=0.7702  lr=8.35e-05
Running Validation...
Ep 135/500  total_loss=3.7928  tr_acc=0.9824  val_acc=0.8672  val_auroc=0.9042  val_f1=0.7861  lr=8.34e-05
Running Validation...
Ep 136/500  total_loss=3.7832  tr_acc=0.9845  val_acc=0.8741  val_auroc=0.8985  val_f1=0.7965  lr=8.33e-05
Running Validation...
Ep 137/500  total_loss=3.7888  tr_acc=0.9843  val_acc=0.8496  val_auroc=0.9112  val_f1=0.7749  lr=8.32e-05
Running Validation...
Ep 138/500  total_loss=3.7686  tr_acc=0.9836  val_acc=0.8565  val_auroc=0.9040  val_f1=0.7750  lr=8.31e-05
Running Validation...
Ep 139/500  total_loss=3.8034  tr_acc=0.9820  val_acc=0.8539  val_auroc=0.9050  val_f1=0.7696  lr=8.30e-05
Running Validation...
Ep 140/500  total_loss=3.7603  tr_acc=0.9863  val_acc=0.8656  val_auroc=0.9029  val_f1=0.7856  lr=8.29e-05
Running Validation...
Ep 141/500  total_loss=3.7802  tr_acc=0.9837  val_acc=0.8592  val_auroc=0.8911  val_f1=0.7804  lr=8.28e-05
Running Validation...
Ep 142/500  total_loss=3.7797  tr_acc=0.9850  val_acc=0.8731  val_auroc=0.8987  val_f1=0.7906  lr=8.27e-05
Running Validation...
Ep 143/500  total_loss=3.7819  tr_acc=0.9836  val_acc=0.8528  val_auroc=0.9053  val_f1=0.7666  lr=8.26e-05
Running Validation...
Ep 144/500  total_loss=3.7749  tr_acc=0.9849  val_acc=0.8475  val_auroc=0.8874  val_f1=0.7637  lr=8.25e-05
Running Validation...
Ep 145/500  total_loss=3.7674  tr_acc=0.9855  val_acc=0.8560  val_auroc=0.8979  val_f1=0.7734  lr=8.24e-05
Running Validation...
Ep 146/500  total_loss=3.7614  tr_acc=0.9837  val_acc=0.8560  val_auroc=0.9007  val_f1=0.7738  lr=8.23e-05
Running Validation...
Ep 147/500  total_loss=3.8012  tr_acc=0.9844  val_acc=0.8528  val_auroc=0.9003  val_f1=0.7646  lr=8.21e-05
Running Validation...
Ep 148/500  total_loss=3.7598  tr_acc=0.9874  val_acc=0.8608  val_auroc=0.9016  val_f1=0.7896  lr=8.20e-05
Running Validation...
Ep 149/500  total_loss=3.7366  tr_acc=0.9874  val_acc=0.8699  val_auroc=0.8957  val_f1=0.7840  lr=8.19e-05
Running Validation...
Ep 150/500  total_loss=3.8188  tr_acc=0.9841  val_acc=0.8549  val_auroc=0.9022  val_f1=0.7811  lr=8.18e-05
Running Validation...
Ep 151/500  total_loss=3.7282  tr_acc=0.9879  val_acc=0.8549  val_auroc=0.8952  val_f1=0.7713  lr=8.16e-05
Running Validation...
Ep 152/500  total_loss=3.7407  tr_acc=0.9879  val_acc=0.8656  val_auroc=0.9011  val_f1=0.7815  lr=8.15e-05
Running Validation...
Ep 153/500  total_loss=3.7847  tr_acc=0.9849  val_acc=0.8613  val_auroc=0.9101  val_f1=0.7790  lr=8.14e-05
Running Validation...
Ep 154/500  total_loss=3.7540  tr_acc=0.9873  val_acc=0.8597  val_auroc=0.9145  val_f1=0.7742  lr=8.12e-05
Running Validation...
Ep 155/500  total_loss=3.7391  tr_acc=0.9871  val_acc=0.8608  val_auroc=0.9064  val_f1=0.7879  lr=8.11e-05
Running Validation...
Ep 156/500  total_loss=3.7446  tr_acc=0.9871  val_acc=0.8645  val_auroc=0.9009  val_f1=0.7838  lr=8.10e-05
Running Validation...
Ep 157/500  total_loss=3.7371  tr_acc=0.9894  val_acc=0.8613  val_auroc=0.9058  val_f1=0.7757  lr=8.08e-05
Running Validation...
Ep 158/500  total_loss=3.7581  tr_acc=0.9857  val_acc=0.8533  val_auroc=0.8783  val_f1=0.7672  lr=8.07e-05
Running Validation...
Ep 159/500  total_loss=3.7368  tr_acc=0.9871  val_acc=0.8587  val_auroc=0.8974  val_f1=0.7804  lr=8.05e-05
Running Validation...
Ep 160/500  total_loss=3.7616  tr_acc=0.9872  val_acc=0.8480  val_auroc=0.8986  val_f1=0.7712  lr=8.04e-05
Running Validation...
Ep 161/500  total_loss=3.7752  tr_acc=0.9853  val_acc=0.8576  val_auroc=0.9029  val_f1=0.7787  lr=8.02e-05
Running Validation...
Ep 162/500  total_loss=3.7493  tr_acc=0.9879  val_acc=0.8613  val_auroc=0.8919  val_f1=0.7815  lr=8.01e-05
Running Validation...
Ep 163/500  total_loss=3.7524  tr_acc=0.9876  val_acc=0.8629  val_auroc=0.9169  val_f1=0.7841  lr=7.99e-05
Running Validation...
Ep 164/500  total_loss=3.7274  tr_acc=0.9890  val_acc=0.8677  val_auroc=0.8989  val_f1=0.7929  lr=7.97e-05
Running Validation...
Ep 165/500  total_loss=3.7586  tr_acc=0.9866  val_acc=0.8699  val_auroc=0.9015  val_f1=0.7949  lr=7.96e-05
Running Validation...
Ep 166/500  total_loss=3.7099  tr_acc=0.9906  val_acc=0.8608  val_auroc=0.8876  val_f1=0.7771  lr=7.94e-05
Running Validation...
Ep 167/500  total_loss=3.7379  tr_acc=0.9897  val_acc=0.8613  val_auroc=0.8924  val_f1=0.7808  lr=7.93e-05
Running Validation...
Ep 168/500  total_loss=3.7244  tr_acc=0.9899  val_acc=0.8656  val_auroc=0.9003  val_f1=0.7858  lr=7.91e-05
Running Validation...
Ep 169/500  total_loss=3.7257  tr_acc=0.9897  val_acc=0.8613  val_auroc=0.8914  val_f1=0.7811  lr=7.89e-05
Running Validation...
Ep 170/500  total_loss=3.7607  tr_acc=0.9860  val_acc=0.8603  val_auroc=0.9020  val_f1=0.7839  lr=7.87e-05
Running Validation...
Ep 171/500  total_loss=3.7546  tr_acc=0.9883  val_acc=0.8661  val_auroc=0.9171  val_f1=0.7847  lr=7.86e-05
Running Validation...
Ep 172/500  total_loss=3.7497  tr_acc=0.9882  val_acc=0.8656  val_auroc=0.9120  val_f1=0.7951  lr=7.84e-05
Running Validation...
Ep 173/500  total_loss=3.7241  tr_acc=0.9903  val_acc=0.8629  val_auroc=0.8923  val_f1=0.7886  lr=7.82e-05
Running Validation...
Ep 174/500  total_loss=3.7167  tr_acc=0.9908  val_acc=0.8672  val_auroc=0.8965  val_f1=0.7821  lr=7.80e-05
Running Validation...
Ep 175/500  total_loss=3.7158  tr_acc=0.9904  val_acc=0.8421  val_auroc=0.8906  val_f1=0.7486  lr=7.78e-05
Running Validation...
Ep 176/500  total_loss=3.7300  tr_acc=0.9911  val_acc=0.8523  val_auroc=0.8874  val_f1=0.7759  lr=7.77e-05
Running Validation...
Ep 177/500  total_loss=3.7419  tr_acc=0.9890  val_acc=0.8619  val_auroc=0.8985  val_f1=0.7722  lr=7.75e-05
Running Validation...
Ep 178/500  total_loss=3.7313  tr_acc=0.9902  val_acc=0.8581  val_auroc=0.8928  val_f1=0.7782  lr=7.73e-05
Running Validation...
Ep 179/500  total_loss=3.7370  tr_acc=0.9888  val_acc=0.8560  val_auroc=0.9107  val_f1=0.7862  lr=7.71e-05
Running Validation...
Ep 180/500  total_loss=3.7413  tr_acc=0.9891  val_acc=0.8576  val_auroc=0.9001  val_f1=0.7822  lr=7.69e-05
Running Validation...
Ep 181/500  total_loss=3.7445  tr_acc=0.9890  val_acc=0.8592  val_auroc=0.8954  val_f1=0.7732  lr=7.67e-05
Running Validation...
Ep 182/500  total_loss=3.7103  tr_acc=0.9914  val_acc=0.8475  val_auroc=0.9087  val_f1=0.7702  lr=7.65e-05
Running Validation...
Ep 183/500  total_loss=3.7179  tr_acc=0.9897  val_acc=0.8496  val_auroc=0.8978  val_f1=0.7631  lr=7.63e-05
Running Validation...
Ep 184/500  total_loss=3.7289  tr_acc=0.9889  val_acc=0.8560  val_auroc=0.8983  val_f1=0.7717  lr=7.61e-05
Running Validation...
Ep 185/500  total_loss=3.7501  tr_acc=0.9887  val_acc=0.8437  val_auroc=0.9083  val_f1=0.7664  lr=7.59e-05
Running Validation...
Ep 186/500  total_loss=3.7586  tr_acc=0.9880  val_acc=0.8656  val_auroc=0.9080  val_f1=0.7932  lr=7.57e-05
Running Validation...
Ep 187/500  total_loss=3.7063  tr_acc=0.9913  val_acc=0.8704  val_auroc=0.9091  val_f1=0.7888  lr=7.55e-05
Running Validation...
Ep 188/500  total_loss=3.7080  tr_acc=0.9919  val_acc=0.8608  val_auroc=0.9011  val_f1=0.7847  lr=7.52e-05
Running Validation...
Ep 189/500  total_loss=3.7312  tr_acc=0.9896  val_acc=0.8640  val_auroc=0.8955  val_f1=0.7783  lr=7.50e-05
Running Validation...
Ep 190/500  total_loss=3.7179  tr_acc=0.9895  val_acc=0.8640  val_auroc=0.9096  val_f1=0.7862  lr=7.48e-05
Running Validation...
Ep 191/500  total_loss=3.7160  tr_acc=0.9900  val_acc=0.8528  val_auroc=0.8959  val_f1=0.7605  lr=7.46e-05
Running Validation...
Ep 192/500  total_loss=3.7069  tr_acc=0.9914  val_acc=0.8496  val_auroc=0.8980  val_f1=0.7679  lr=7.44e-05
Running Validation...
Ep 193/500  total_loss=3.6969  tr_acc=0.9908  val_acc=0.8635  val_auroc=0.9024  val_f1=0.7881  lr=7.42e-05
Running Validation...
Ep 194/500  total_loss=3.6966  tr_acc=0.9918  val_acc=0.8624  val_auroc=0.9134  val_f1=0.7795  lr=7.39e-05
Running Validation...
Ep 195/500  total_loss=3.7206  tr_acc=0.9905  val_acc=0.8635  val_auroc=0.9025  val_f1=0.7850  lr=7.37e-05
Running Validation...
Ep 196/500  total_loss=3.7023  tr_acc=0.9920  val_acc=0.8619  val_auroc=0.8943  val_f1=0.7777  lr=7.35e-05
Running Validation...
Ep 197/500  total_loss=3.7067  tr_acc=0.9899  val_acc=0.8565  val_auroc=0.8794  val_f1=0.7645  lr=7.33e-05
Running Validation...
Ep 198/500  total_loss=3.6954  tr_acc=0.9930  val_acc=0.8645  val_auroc=0.8923  val_f1=0.7793  lr=7.30e-05
Running Validation...
Ep 199/500  total_loss=3.7274  tr_acc=0.9905  val_acc=0.8651  val_auroc=0.9089  val_f1=0.7796  lr=7.28e-05
Running Validation...
Ep 200/500  total_loss=3.7254  tr_acc=0.9912  val_acc=0.8683  val_auroc=0.9142  val_f1=0.7950  lr=7.26e-05
Running Validation...
Ep 201/500  total_loss=3.7178  tr_acc=0.9911  val_acc=0.8640  val_auroc=0.9092  val_f1=0.7815  lr=7.23e-05
Running Validation...
Ep 202/500  total_loss=3.7068  tr_acc=0.9898  val_acc=0.8597  val_auroc=0.8978  val_f1=0.7785  lr=7.21e-05
Running Validation...
Ep 203/500  total_loss=3.6927  tr_acc=0.9932  val_acc=0.8763  val_auroc=0.8965  val_f1=0.8016  lr=7.18e-05
Running Validation...
Ep 204/500  total_loss=3.6948  tr_acc=0.9926  val_acc=0.8549  val_auroc=0.8919  val_f1=0.7654  lr=7.16e-05
Running Validation...
Ep 205/500  total_loss=3.6952  tr_acc=0.9935  val_acc=0.8672  val_auroc=0.9078  val_f1=0.7929  lr=7.13e-05
Running Validation...
Ep 206/500  total_loss=3.7174  tr_acc=0.9911  val_acc=0.8592  val_auroc=0.8935  val_f1=0.7806  lr=7.11e-05
Running Validation...
Ep 207/500  total_loss=3.6801  tr_acc=0.9924  val_acc=0.8640  val_auroc=0.9037  val_f1=0.7952  lr=7.09e-05
Running Validation...
Ep 208/500  total_loss=3.6974  tr_acc=0.9921  val_acc=0.8624  val_auroc=0.8977  val_f1=0.7776  lr=7.06e-05
Running Validation...
Ep 209/500  total_loss=3.6985  tr_acc=0.9922  val_acc=0.8613  val_auroc=0.9009  val_f1=0.7915  lr=7.04e-05
Running Validation...
Ep 210/500  total_loss=3.6992  tr_acc=0.9920  val_acc=0.8533  val_auroc=0.8965  val_f1=0.7767  lr=7.01e-05
Running Validation...
Ep 211/500  total_loss=3.6852  tr_acc=0.9936  val_acc=0.8592  val_auroc=0.8922  val_f1=0.7863  lr=6.98e-05
Running Validation...
Ep 212/500  total_loss=3.6806  tr_acc=0.9945  val_acc=0.8661  val_auroc=0.9090  val_f1=0.7948  lr=6.96e-05
Running Validation...
Ep 213/500  total_loss=3.6934  tr_acc=0.9927  val_acc=0.8864  val_auroc=0.9051  val_f1=0.8138  lr=6.93e-05
Running Validation...
Ep 214/500  total_loss=3.6941  tr_acc=0.9930  val_acc=0.8581  val_auroc=0.8791  val_f1=0.7674  lr=6.91e-05
Running Validation...
Ep 215/500  total_loss=3.6738  tr_acc=0.9938  val_acc=0.8629  val_auroc=0.8932  val_f1=0.7822  lr=6.88e-05
Running Validation...
Ep 216/500  total_loss=3.7092  tr_acc=0.9910  val_acc=0.8667  val_auroc=0.9103  val_f1=0.8011  lr=6.85e-05
Running Validation...
Ep 217/500  total_loss=3.6909  tr_acc=0.9927  val_acc=0.8747  val_auroc=0.9070  val_f1=0.8019  lr=6.83e-05
Running Validation...
Ep 218/500  total_loss=3.7034  tr_acc=0.9920  val_acc=0.8699  val_auroc=0.8968  val_f1=0.7885  lr=6.80e-05
Running Validation...
Ep 219/500  total_loss=3.6923  tr_acc=0.9928  val_acc=0.8683  val_auroc=0.9155  val_f1=0.7928  lr=6.78e-05
Running Validation...
Ep 220/500  total_loss=3.7038  tr_acc=0.9914  val_acc=0.8635  val_auroc=0.8932  val_f1=0.7863  lr=6.75e-05
Running Validation...
Ep 221/500  total_loss=3.6973  tr_acc=0.9921  val_acc=0.8645  val_auroc=0.8947  val_f1=0.7831  lr=6.72e-05
Running Validation...
Ep 222/500  total_loss=3.6816  tr_acc=0.9936  val_acc=0.8571  val_auroc=0.9047  val_f1=0.7832  lr=6.69e-05
Running Validation...
Ep 223/500  total_loss=3.6979  tr_acc=0.9926  val_acc=0.8720  val_auroc=0.8984  val_f1=0.7958  lr=6.67e-05
Running Validation...
Ep 224/500  total_loss=3.6914  tr_acc=0.9929  val_acc=0.8736  val_auroc=0.8887  val_f1=0.7953  lr=6.64e-05
Running Validation...
Ep 225/500  total_loss=3.6767  tr_acc=0.9936  val_acc=0.8656  val_auroc=0.8951  val_f1=0.7897  lr=6.61e-05
Running Validation...
Ep 226/500  total_loss=3.6706  tr_acc=0.9940  val_acc=0.8651  val_auroc=0.8965  val_f1=0.7808  lr=6.58e-05
Running Validation...
Ep 227/500  total_loss=3.6660  tr_acc=0.9945  val_acc=0.8464  val_auroc=0.8898  val_f1=0.7574  lr=6.56e-05
Running Validation...
Ep 228/500  total_loss=3.6606  tr_acc=0.9944  val_acc=0.8603  val_auroc=0.8741  val_f1=0.7695  lr=6.53e-05
Running Validation...
Ep 229/500  total_loss=3.6915  tr_acc=0.9928  val_acc=0.8677  val_auroc=0.8727  val_f1=0.7799  lr=6.50e-05
Running Validation...
Ep 230/500  total_loss=3.6950  tr_acc=0.9926  val_acc=0.8608  val_auroc=0.8742  val_f1=0.7698  lr=6.47e-05
Running Validation...
Ep 231/500  total_loss=3.6798  tr_acc=0.9927  val_acc=0.8603  val_auroc=0.8865  val_f1=0.7802  lr=6.44e-05
Running Validation...
Ep 232/500  total_loss=3.6912  tr_acc=0.9927  val_acc=0.8725  val_auroc=0.8908  val_f1=0.7999  lr=6.41e-05
Running Validation...
Ep 233/500  total_loss=3.6785  tr_acc=0.9939  val_acc=0.8677  val_auroc=0.8898  val_f1=0.7884  lr=6.38e-05
Running Validation...
Ep 234/500  total_loss=3.6648  tr_acc=0.9947  val_acc=0.8587  val_auroc=0.9015  val_f1=0.7770  lr=6.36e-05
Running Validation...
Ep 235/500  total_loss=3.6600  tr_acc=0.9953  val_acc=0.8613  val_auroc=0.8935  val_f1=0.7820  lr=6.33e-05
Running Validation...
Ep 236/500  total_loss=3.6920  tr_acc=0.9919  val_acc=0.8635  val_auroc=0.8925  val_f1=0.7848  lr=6.30e-05
Running Validation...
Ep 237/500  total_loss=3.6969  tr_acc=0.9914  val_acc=0.8768  val_auroc=0.8984  val_f1=0.8071  lr=6.27e-05
Running Validation...
Ep 238/500  total_loss=3.6766  tr_acc=0.9935  val_acc=0.8624  val_auroc=0.8960  val_f1=0.7911  lr=6.24e-05
Running Validation...
Ep 239/500  total_loss=3.6581  tr_acc=0.9954  val_acc=0.8645  val_auroc=0.8993  val_f1=0.7859  lr=6.21e-05
Running Validation...
Ep 240/500  total_loss=3.6747  tr_acc=0.9944  val_acc=0.8651  val_auroc=0.8883  val_f1=0.7830  lr=6.18e-05
Running Validation...
Ep 241/500  total_loss=3.6948  tr_acc=0.9926  val_acc=0.8640  val_auroc=0.9009  val_f1=0.7882  lr=6.15e-05
Running Validation...
Ep 242/500  total_loss=3.6744  tr_acc=0.9943  val_acc=0.8640  val_auroc=0.8951  val_f1=0.7830  lr=6.12e-05
Running Validation...
Ep 243/500  total_loss=3.6803  tr_acc=0.9924  val_acc=0.8571  val_auroc=0.8991  val_f1=0.7773  lr=6.09e-05
Running Validation...
Ep 244/500  total_loss=3.6861  tr_acc=0.9923  val_acc=0.8645  val_auroc=0.8938  val_f1=0.7828  lr=6.06e-05
Running Validation...
Ep 245/500  total_loss=3.6779  tr_acc=0.9937  val_acc=0.8603  val_auroc=0.8882  val_f1=0.7808  lr=6.03e-05
Running Validation...
Ep 246/500  total_loss=3.7008  tr_acc=0.9919  val_acc=0.8613  val_auroc=0.8961  val_f1=0.7771  lr=6.00e-05
Running Validation...
Ep 247/500  total_loss=3.7047  tr_acc=0.9929  val_acc=0.8640  val_auroc=0.8974  val_f1=0.7871  lr=5.97e-05
Running Validation...
Ep 248/500  total_loss=3.6714  tr_acc=0.9954  val_acc=0.8656  val_auroc=0.8941  val_f1=0.7847  lr=5.94e-05
Running Validation...
Ep 249/500  total_loss=3.6510  tr_acc=0.9959  val_acc=0.8613  val_auroc=0.8946  val_f1=0.7714  lr=5.91e-05
Running Validation...
Ep 250/500  total_loss=3.6572  tr_acc=0.9957  val_acc=0.8720  val_auroc=0.9041  val_f1=0.7957  lr=5.88e-05
Running Validation...
Ep 251/500  total_loss=3.6819  tr_acc=0.9932  val_acc=0.8656  val_auroc=0.9122  val_f1=0.7909  lr=5.85e-05
Running Validation...
Ep 252/500  total_loss=3.6595  tr_acc=0.9957  val_acc=0.8677  val_auroc=0.9042  val_f1=0.7885  lr=5.81e-05
Running Validation...
Ep 253/500  total_loss=3.6502  tr_acc=0.9958  val_acc=0.8672  val_auroc=0.8852  val_f1=0.7805  lr=5.78e-05
Running Validation...
Ep 254/500  total_loss=3.6613  tr_acc=0.9950  val_acc=0.8752  val_auroc=0.8942  val_f1=0.8017  lr=5.75e-05
Running Validation...
Ep 255/500  total_loss=3.6632  tr_acc=0.9953  val_acc=0.8752  val_auroc=0.8996  val_f1=0.8000  lr=5.72e-05
Running Validation...
Ep 256/500  total_loss=3.6765  tr_acc=0.9935  val_acc=0.8704  val_auroc=0.8921  val_f1=0.7942  lr=5.69e-05
Running Validation...
Ep 257/500  total_loss=3.6798  tr_acc=0.9935  val_acc=0.8576  val_auroc=0.8851  val_f1=0.7635  lr=5.66e-05
Running Validation...
Ep 258/500  total_loss=3.6733  tr_acc=0.9939  val_acc=0.8597  val_auroc=0.8903  val_f1=0.7811  lr=5.63e-05
Running Validation...
Ep 259/500  total_loss=3.6651  tr_acc=0.9958  val_acc=0.8603  val_auroc=0.9009  val_f1=0.7874  lr=5.60e-05
Running Validation...
Ep 260/500  total_loss=3.6712  tr_acc=0.9927  val_acc=0.8640  val_auroc=0.8918  val_f1=0.7852  lr=5.56e-05
Running Validation...
Ep 261/500  total_loss=3.6593  tr_acc=0.9946  val_acc=0.8624  val_auroc=0.9008  val_f1=0.7919  lr=5.53e-05
Running Validation...
Ep 262/500  total_loss=3.6677  tr_acc=0.9940  val_acc=0.8651  val_auroc=0.8932  val_f1=0.7889  lr=5.50e-05
Running Validation...
Ep 263/500  total_loss=3.6780  tr_acc=0.9937  val_acc=0.8597  val_auroc=0.8960  val_f1=0.7793  lr=5.47e-05
Running Validation...
Ep 264/500  total_loss=3.6656  tr_acc=0.9943  val_acc=0.8747  val_auroc=0.9104  val_f1=0.8090  lr=5.44e-05
Running Validation...
Ep 265/500  total_loss=3.6637  tr_acc=0.9946  val_acc=0.8768  val_auroc=0.8844  val_f1=0.8060  lr=5.40e-05
Running Validation...
Ep 266/500  total_loss=3.6721  tr_acc=0.9944  val_acc=0.8603  val_auroc=0.8900  val_f1=0.7850  lr=5.37e-05
Running Validation...
Ep 267/500  total_loss=3.6647  tr_acc=0.9952  val_acc=0.8672  val_auroc=0.8927  val_f1=0.7892  lr=5.34e-05
Running Validation...
Ep 268/500  total_loss=3.6468  tr_acc=0.9967  val_acc=0.8688  val_auroc=0.9030  val_f1=0.7938  lr=5.31e-05
Running Validation...
Ep 269/500  total_loss=3.6535  tr_acc=0.9959  val_acc=0.8773  val_auroc=0.8963  val_f1=0.8063  lr=5.27e-05
Running Validation...
Ep 270/500  total_loss=3.6790  tr_acc=0.9935  val_acc=0.8789  val_auroc=0.8873  val_f1=0.7958  lr=5.24e-05
Running Validation...
Ep 271/500  total_loss=3.6722  tr_acc=0.9936  val_acc=0.8635  val_auroc=0.8928  val_f1=0.7798  lr=5.21e-05
Running Validation...
Ep 272/500  total_loss=3.6675  tr_acc=0.9952  val_acc=0.8763  val_auroc=0.8854  val_f1=0.8033  lr=5.18e-05
Running Validation...
Ep 273/500  total_loss=3.6594  tr_acc=0.9948  val_acc=0.8677  val_auroc=0.8800  val_f1=0.7833  lr=5.14e-05
Running Validation...
Ep 274/500  total_loss=3.6812  tr_acc=0.9934  val_acc=0.8613  val_auroc=0.8813  val_f1=0.7782  lr=5.11e-05
Running Validation...
Ep 275/500  total_loss=3.6485  tr_acc=0.9962  val_acc=0.8635  val_auroc=0.8843  val_f1=0.7779  lr=5.08e-05
Running Validation...
Ep 276/500  total_loss=3.6514  tr_acc=0.9955  val_acc=0.8709  val_auroc=0.8880  val_f1=0.7882  lr=5.05e-05
Running Validation...
Ep 277/500  total_loss=3.6656  tr_acc=0.9952  val_acc=0.8693  val_auroc=0.8980  val_f1=0.7928  lr=5.01e-05
Running Validation...
Ep 278/500  total_loss=3.6475  tr_acc=0.9968  val_acc=0.8688  val_auroc=0.8890  val_f1=0.7880  lr=4.98e-05
Running Validation...
Ep 279/500  total_loss=3.6388  tr_acc=0.9978  val_acc=0.8651  val_auroc=0.8879  val_f1=0.7857  lr=4.95e-05
Running Validation...
Ep 280/500  total_loss=3.6821  tr_acc=0.9943  val_acc=0.8731  val_auroc=0.8912  val_f1=0.7991  lr=4.91e-05
Running Validation...
Ep 281/500  total_loss=3.6553  tr_acc=0.9960  val_acc=0.8848  val_auroc=0.8929  val_f1=0.8117  lr=4.88e-05
Running Validation...
Ep 282/500  total_loss=3.6600  tr_acc=0.9952  val_acc=0.8768  val_auroc=0.8865  val_f1=0.7963  lr=4.85e-05
Running Validation...
Ep 283/500  total_loss=3.6442  tr_acc=0.9969  val_acc=0.8736  val_auroc=0.8964  val_f1=0.7921  lr=4.82e-05
Running Validation...
Ep 284/500  total_loss=3.6697  tr_acc=0.9950  val_acc=0.8688  val_auroc=0.8920  val_f1=0.7961  lr=4.78e-05
Running Validation...
Ep 285/500  total_loss=3.6724  tr_acc=0.9948  val_acc=0.8773  val_auroc=0.8980  val_f1=0.8042  lr=4.75e-05
Running Validation...
Ep 286/500  total_loss=3.6476  tr_acc=0.9959  val_acc=0.8736  val_auroc=0.8813  val_f1=0.7882  lr=4.72e-05
Running Validation...
Ep 287/500  total_loss=3.6465  tr_acc=0.9961  val_acc=0.8832  val_auroc=0.8933  val_f1=0.8131  lr=4.68e-05
Running Validation...
Ep 288/500  total_loss=3.6755  tr_acc=0.9928  val_acc=0.8704  val_auroc=0.8856  val_f1=0.7861  lr=4.65e-05
Running Validation...
Ep 289/500  total_loss=3.6522  tr_acc=0.9954  val_acc=0.8667  val_auroc=0.8864  val_f1=0.7824  lr=4.62e-05
Running Validation...
Ep 290/500  total_loss=3.6523  tr_acc=0.9955  val_acc=0.8613  val_auroc=0.8978  val_f1=0.7801  lr=4.58e-05
Running Validation...
Ep 291/500  total_loss=3.6409  tr_acc=0.9959  val_acc=0.8704  val_auroc=0.8898  val_f1=0.7899  lr=4.55e-05
Running Validation...
Ep 292/500  total_loss=3.6442  tr_acc=0.9963  val_acc=0.8651  val_auroc=0.8918  val_f1=0.7874  lr=4.52e-05
Running Validation...
Ep 293/500  total_loss=3.6478  tr_acc=0.9962  val_acc=0.8677  val_auroc=0.8828  val_f1=0.7825  lr=4.48e-05
Running Validation...
Ep 294/500  total_loss=3.6545  tr_acc=0.9951  val_acc=0.8608  val_auroc=0.8802  val_f1=0.7839  lr=4.45e-05
Running Validation...
Ep 295/500  total_loss=3.6533  tr_acc=0.9958  val_acc=0.8763  val_auroc=0.8834  val_f1=0.7931  lr=4.42e-05
Running Validation...
Ep 296/500  total_loss=3.6509  tr_acc=0.9960  val_acc=0.8624  val_auroc=0.8884  val_f1=0.7763  lr=4.38e-05
Running Validation...
Ep 297/500  total_loss=3.6569  tr_acc=0.9957  val_acc=0.8667  val_auroc=0.8838  val_f1=0.7770  lr=4.35e-05
Running Validation...
Ep 298/500  total_loss=3.6498  tr_acc=0.9960  val_acc=0.8709  val_auroc=0.8925  val_f1=0.7931  lr=4.32e-05
Running Validation...
Ep 299/500  total_loss=3.6500  tr_acc=0.9946  val_acc=0.8768  val_auroc=0.8988  val_f1=0.7987  lr=4.28e-05
Running Validation...
Ep 300/500  total_loss=3.6572  tr_acc=0.9962  val_acc=0.8773  val_auroc=0.9054  val_f1=0.8031  lr=4.25e-05
Running Validation...
Ep 301/500  total_loss=3.6428  tr_acc=0.9962  val_acc=0.8651  val_auroc=0.8977  val_f1=0.7838  lr=4.22e-05
Running Validation...
Ep 302/500  total_loss=3.6606  tr_acc=0.9954  val_acc=0.8720  val_auroc=0.8978  val_f1=0.7988  lr=4.18e-05
Running Validation...
Ep 303/500  total_loss=3.6418  tr_acc=0.9970  val_acc=0.8821  val_auroc=0.8975  val_f1=0.8094  lr=4.15e-05
Running Validation...
Ep 304/500  total_loss=3.6458  tr_acc=0.9961  val_acc=0.8827  val_auroc=0.9083  val_f1=0.8130  lr=4.12e-05
Running Validation...
Ep 305/500  total_loss=3.6540  tr_acc=0.9951  val_acc=0.8715  val_auroc=0.8859  val_f1=0.7926  lr=4.08e-05
Running Validation...
Ep 306/500  total_loss=3.6368  tr_acc=0.9969  val_acc=0.8768  val_auroc=0.9013  val_f1=0.8046  lr=4.05e-05
Running Validation...
Ep 307/500  total_loss=3.6580  tr_acc=0.9950  val_acc=0.8763  val_auroc=0.9056  val_f1=0.8074  lr=4.02e-05
Running Validation...
Ep 308/500  total_loss=3.6445  tr_acc=0.9959  val_acc=0.8741  val_auroc=0.8872  val_f1=0.7957  lr=3.98e-05
Running Validation...
Ep 309/500  total_loss=3.6394  tr_acc=0.9969  val_acc=0.8672  val_auroc=0.8894  val_f1=0.7890  lr=3.95e-05
Running Validation...
Ep 310/500  total_loss=3.6427  tr_acc=0.9961  val_acc=0.8768  val_auroc=0.8839  val_f1=0.8061  lr=3.92e-05
Running Validation...
Ep 311/500  total_loss=3.6375  tr_acc=0.9969  val_acc=0.8784  val_auroc=0.8984  val_f1=0.8037  lr=3.88e-05
Running Validation...
Ep 312/500  total_loss=3.6413  tr_acc=0.9953  val_acc=0.8688  val_auroc=0.8816  val_f1=0.7916  lr=3.85e-05
Running Validation...
Ep 313/500  total_loss=3.6426  tr_acc=0.9954  val_acc=0.8683  val_auroc=0.8937  val_f1=0.8020  lr=3.82e-05
Running Validation...
Ep 314/500  total_loss=3.6377  tr_acc=0.9963  val_acc=0.8800  val_auroc=0.9120  val_f1=0.8090  lr=3.78e-05
Running Validation...
Ep 315/500  total_loss=3.6391  tr_acc=0.9962  val_acc=0.8741  val_auroc=0.8961  val_f1=0.7929  lr=3.75e-05
Running Validation...
Ep 316/500  total_loss=3.6534  tr_acc=0.9948  val_acc=0.8773  val_auroc=0.8906  val_f1=0.8002  lr=3.72e-05
Running Validation...
Ep 317/500  total_loss=3.6399  tr_acc=0.9960  val_acc=0.8635  val_auroc=0.8776  val_f1=0.7782  lr=3.68e-05
Running Validation...
Ep 318/500  total_loss=3.6467  tr_acc=0.9963  val_acc=0.8677  val_auroc=0.8860  val_f1=0.7821  lr=3.65e-05
Running Validation...
Ep 319/500  total_loss=3.6356  tr_acc=0.9963  val_acc=0.8688  val_auroc=0.8873  val_f1=0.7872  lr=3.62e-05
Running Validation...
Ep 320/500  total_loss=3.6345  tr_acc=0.9969  val_acc=0.8757  val_auroc=0.8980  val_f1=0.7989  lr=3.59e-05
Running Validation...
Ep 321/500  total_loss=3.6440  tr_acc=0.9963  val_acc=0.8741  val_auroc=0.8856  val_f1=0.7927  lr=3.55e-05
Running Validation...
Ep 322/500  total_loss=3.6406  tr_acc=0.9963  val_acc=0.8757  val_auroc=0.8818  val_f1=0.7992  lr=3.52e-05
Running Validation...
Ep 323/500  total_loss=3.6430  tr_acc=0.9960  val_acc=0.8768  val_auroc=0.8948  val_f1=0.8018  lr=3.49e-05
Running Validation...
Ep 324/500  total_loss=3.6345  tr_acc=0.9969  val_acc=0.8645  val_auroc=0.8841  val_f1=0.7872  lr=3.45e-05
Running Validation...
Ep 325/500  total_loss=3.6291  tr_acc=0.9974  val_acc=0.8613  val_auroc=0.8843  val_f1=0.7845  lr=3.42e-05
Running Validation...
Ep 326/500  total_loss=3.6397  tr_acc=0.9962  val_acc=0.8709  val_auroc=0.8924  val_f1=0.7943  lr=3.39e-05
Running Validation...
Ep 327/500  total_loss=3.6412  tr_acc=0.9968  val_acc=0.8779  val_auroc=0.8833  val_f1=0.7993  lr=3.36e-05
Running Validation...
Ep 328/500  total_loss=3.6455  tr_acc=0.9959  val_acc=0.8720  val_auroc=0.8932  val_f1=0.7917  lr=3.32e-05
Running Validation...
Ep 329/500  total_loss=3.6371  tr_acc=0.9965  val_acc=0.8784  val_auroc=0.8883  val_f1=0.7996  lr=3.29e-05
Running Validation...
Ep 330/500  total_loss=3.6390  tr_acc=0.9973  val_acc=0.8693  val_auroc=0.8964  val_f1=0.7848  lr=3.26e-05
Running Validation...
Ep 331/500  total_loss=3.6489  tr_acc=0.9955  val_acc=0.8736  val_auroc=0.8719  val_f1=0.7906  lr=3.23e-05
Running Validation...
Ep 332/500  total_loss=3.6328  tr_acc=0.9981  val_acc=0.8709  val_auroc=0.8745  val_f1=0.7914  lr=3.19e-05
Running Validation...
Ep 333/500  total_loss=3.6412  tr_acc=0.9962  val_acc=0.8645  val_auroc=0.8874  val_f1=0.7857  lr=3.16e-05
Running Validation...
Ep 334/500  total_loss=3.6300  tr_acc=0.9979  val_acc=0.8661  val_auroc=0.8841  val_f1=0.7907  lr=3.13e-05
Running Validation...
Ep 335/500  total_loss=3.6335  tr_acc=0.9971  val_acc=0.8656  val_auroc=0.8927  val_f1=0.7860  lr=3.10e-05
Running Validation...
Ep 336/500  total_loss=3.6372  tr_acc=0.9973  val_acc=0.8608  val_auroc=0.8908  val_f1=0.7813  lr=3.06e-05
Running Validation...
Ep 337/500  total_loss=3.6460  tr_acc=0.9948  val_acc=0.8677  val_auroc=0.8675  val_f1=0.7856  lr=3.03e-05
Running Validation...
Ep 338/500  total_loss=3.6329  tr_acc=0.9973  val_acc=0.8661  val_auroc=0.8873  val_f1=0.7911  lr=3.00e-05
Running Validation...
Ep 339/500  total_loss=3.6306  tr_acc=0.9970  val_acc=0.8731  val_auroc=0.8898  val_f1=0.7986  lr=2.97e-05
Running Validation...
Ep 340/500  total_loss=3.6304  tr_acc=0.9982  val_acc=0.8747  val_auroc=0.8920  val_f1=0.8031  lr=2.94e-05
Running Validation...
Ep 341/500  total_loss=3.6385  tr_acc=0.9973  val_acc=0.8757  val_auroc=0.8927  val_f1=0.7973  lr=2.90e-05
Running Validation...
Ep 342/500  total_loss=3.6327  tr_acc=0.9966  val_acc=0.8677  val_auroc=0.8825  val_f1=0.7853  lr=2.87e-05
Running Validation...
Ep 343/500  total_loss=3.6402  tr_acc=0.9962  val_acc=0.8720  val_auroc=0.8871  val_f1=0.7981  lr=2.84e-05
Running Validation...
Ep 344/500  total_loss=3.6410  tr_acc=0.9966  val_acc=0.8725  val_auroc=0.8887  val_f1=0.7959  lr=2.81e-05
Running Validation...
Ep 345/500  total_loss=3.6324  tr_acc=0.9969  val_acc=0.8715  val_auroc=0.8872  val_f1=0.7913  lr=2.78e-05
Running Validation...
Ep 346/500  total_loss=3.6263  tr_acc=0.9981  val_acc=0.8677  val_auroc=0.8753  val_f1=0.7827  lr=2.75e-05
Running Validation...
Ep 347/500  total_loss=3.6322  tr_acc=0.9981  val_acc=0.8688  val_auroc=0.8846  val_f1=0.7875  lr=2.72e-05
Running Validation...
Ep 348/500  total_loss=3.6323  tr_acc=0.9978  val_acc=0.8693  val_auroc=0.8868  val_f1=0.7942  lr=2.69e-05
Running Validation...
Ep 349/500  total_loss=3.6311  tr_acc=0.9976  val_acc=0.8704  val_auroc=0.8924  val_f1=0.7905  lr=2.65e-05
Running Validation...
Ep 350/500  total_loss=3.6321  tr_acc=0.9974  val_acc=0.8613  val_auroc=0.8883  val_f1=0.7814  lr=2.62e-05
Running Validation...
Ep 351/500  total_loss=3.6390  tr_acc=0.9966  val_acc=0.8635  val_auroc=0.8991  val_f1=0.7882  lr=2.59e-05
Running Validation...
Ep 352/500  total_loss=3.6488  tr_acc=0.9959  val_acc=0.8709  val_auroc=0.8837  val_f1=0.7906  lr=2.56e-05
Running Validation...
Ep 353/500  total_loss=3.6402  tr_acc=0.9959  val_acc=0.8709  val_auroc=0.8865  val_f1=0.7888  lr=2.53e-05
Running Validation...
Ep 354/500  total_loss=3.6337  tr_acc=0.9976  val_acc=0.8752  val_auroc=0.8967  val_f1=0.7995  lr=2.50e-05
Running Validation...
Ep 355/500  total_loss=3.6253  tr_acc=0.9986  val_acc=0.8747  val_auroc=0.8870  val_f1=0.7971  lr=2.47e-05
Running Validation...
Ep 356/500  total_loss=3.6295  tr_acc=0.9982  val_acc=0.8752  val_auroc=0.8940  val_f1=0.7970  lr=2.44e-05
Running Validation...
Ep 357/500  total_loss=3.6387  tr_acc=0.9965  val_acc=0.8683  val_auroc=0.8891  val_f1=0.7862  lr=2.41e-05
Running Validation...
Ep 358/500  total_loss=3.6328  tr_acc=0.9963  val_acc=0.8667  val_auroc=0.8904  val_f1=0.7877  lr=2.38e-05
Running Validation...
Ep 359/500  total_loss=3.6342  tr_acc=0.9977  val_acc=0.8731  val_auroc=0.8913  val_f1=0.7968  lr=2.35e-05
Running Validation...
Ep 360/500  total_loss=3.6232  tr_acc=0.9974  val_acc=0.8731  val_auroc=0.8894  val_f1=0.7917  lr=2.32e-05
Running Validation...
Ep 361/500  total_loss=3.6285  tr_acc=0.9979  val_acc=0.8736  val_auroc=0.8957  val_f1=0.7951  lr=2.29e-05
Running Validation...
Ep 362/500  total_loss=3.6264  tr_acc=0.9978  val_acc=0.8752  val_auroc=0.8913  val_f1=0.7952  lr=2.26e-05
Running Validation...
Ep 363/500  total_loss=3.6239  tr_acc=0.9984  val_acc=0.8693  val_auroc=0.8830  val_f1=0.7945  lr=2.23e-05
Running Validation...
Ep 364/500  total_loss=3.6362  tr_acc=0.9974  val_acc=0.8656  val_auroc=0.8831  val_f1=0.7825  lr=2.20e-05
Running Validation...
Ep 365/500  total_loss=3.6297  tr_acc=0.9973  val_acc=0.8699  val_auroc=0.8914  val_f1=0.7935  lr=2.17e-05
Running Validation...
Ep 366/500  total_loss=3.6274  tr_acc=0.9981  val_acc=0.8736  val_auroc=0.8850  val_f1=0.7926  lr=2.14e-05
Running Validation...
Ep 367/500  total_loss=3.6310  tr_acc=0.9976  val_acc=0.8773  val_auroc=0.8877  val_f1=0.8007  lr=2.12e-05
Running Validation...
Ep 368/500  total_loss=3.6223  tr_acc=0.9985  val_acc=0.8779  val_auroc=0.8877  val_f1=0.8015  lr=2.09e-05
Running Validation...
Ep 369/500  total_loss=3.6257  tr_acc=0.9978  val_acc=0.8784  val_auroc=0.8830  val_f1=0.7974  lr=2.06e-05
Running Validation...
Ep 370/500  total_loss=3.6267  tr_acc=0.9975  val_acc=0.8768  val_auroc=0.8924  val_f1=0.7996  lr=2.03e-05
Running Validation...
Ep 371/500  total_loss=3.6289  tr_acc=0.9971  val_acc=0.8768  val_auroc=0.8844  val_f1=0.8008  lr=2.00e-05
Running Validation...
Ep 372/500  total_loss=3.6282  tr_acc=0.9973  val_acc=0.8699  val_auroc=0.8805  val_f1=0.7875  lr=1.97e-05
Running Validation...
Ep 373/500  total_loss=3.6203  tr_acc=0.9979  val_acc=0.8800  val_auroc=0.8765  val_f1=0.7990  lr=1.94e-05
Running Validation...
Ep 374/500  total_loss=3.6370  tr_acc=0.9961  val_acc=0.8784  val_auroc=0.8803  val_f1=0.7999  lr=1.92e-05
Running Validation...
Ep 375/500  total_loss=3.6279  tr_acc=0.9977  val_acc=0.8752  val_auroc=0.8917  val_f1=0.7941  lr=1.89e-05
Running Validation...
Ep 376/500  total_loss=3.6288  tr_acc=0.9976  val_acc=0.8789  val_auroc=0.9033  val_f1=0.8022  lr=1.86e-05
Running Validation...
Ep 377/500  total_loss=3.6242  tr_acc=0.9982  val_acc=0.8741  val_auroc=0.8931  val_f1=0.8034  lr=1.83e-05
Running Validation...
Ep 378/500  total_loss=3.6329  tr_acc=0.9978  val_acc=0.8757  val_auroc=0.8946  val_f1=0.8026  lr=1.81e-05
Running Validation...
Ep 379/500  total_loss=3.6319  tr_acc=0.9975  val_acc=0.8752  val_auroc=0.8883  val_f1=0.7987  lr=1.78e-05
Running Validation...
Ep 380/500  total_loss=3.6306  tr_acc=0.9974  val_acc=0.8747  val_auroc=0.8874  val_f1=0.7945  lr=1.75e-05
Running Validation...
Ep 381/500  total_loss=3.6289  tr_acc=0.9970  val_acc=0.8699  val_auroc=0.8808  val_f1=0.7864  lr=1.72e-05
Running Validation...
Ep 382/500  total_loss=3.6272  tr_acc=0.9977  val_acc=0.8752  val_auroc=0.8786  val_f1=0.7900  lr=1.70e-05
Running Validation...
Ep 383/500  total_loss=3.6312  tr_acc=0.9975  val_acc=0.8773  val_auroc=0.8799  val_f1=0.7965  lr=1.67e-05
Running Validation...
Ep 384/500  total_loss=3.6242  tr_acc=0.9981  val_acc=0.8800  val_auroc=0.8794  val_f1=0.8029  lr=1.65e-05
Running Validation...
Ep 385/500  total_loss=3.6374  tr_acc=0.9966  val_acc=0.8779  val_auroc=0.8847  val_f1=0.8039  lr=1.62e-05
Running Validation...
Ep 386/500  total_loss=3.6213  tr_acc=0.9983  val_acc=0.8784  val_auroc=0.8996  val_f1=0.7997  lr=1.59e-05
Running Validation...
Ep 387/500  total_loss=3.6327  tr_acc=0.9963  val_acc=0.8768  val_auroc=0.8899  val_f1=0.7999  lr=1.57e-05
Running Validation...
Ep 388/500  total_loss=3.6218  tr_acc=0.9979  val_acc=0.8731  val_auroc=0.8867  val_f1=0.7898  lr=1.54e-05
Running Validation...
Ep 389/500  total_loss=3.6331  tr_acc=0.9976  val_acc=0.8752  val_auroc=0.8855  val_f1=0.7959  lr=1.52e-05
Running Validation...
Ep 390/500  total_loss=3.6267  tr_acc=0.9973  val_acc=0.8768  val_auroc=0.8906  val_f1=0.7972  lr=1.49e-05
Running Validation...
Ep 391/500  total_loss=3.6347  tr_acc=0.9966  val_acc=0.8757  val_auroc=0.8867  val_f1=0.7992  lr=1.46e-05
Running Validation...
Ep 392/500  total_loss=3.6380  tr_acc=0.9960  val_acc=0.8752  val_auroc=0.8891  val_f1=0.8002  lr=1.44e-05
Running Validation...
Ep 393/500  total_loss=3.6234  tr_acc=0.9977  val_acc=0.8773  val_auroc=0.8909  val_f1=0.8036  lr=1.41e-05
Running Validation...
Ep 394/500  total_loss=3.6182  tr_acc=0.9985  val_acc=0.8789  val_auroc=0.8846  val_f1=0.8051  lr=1.39e-05
Running Validation...
Ep 395/500  total_loss=3.6271  tr_acc=0.9976  val_acc=0.8827  val_auroc=0.8889  val_f1=0.8129  lr=1.37e-05
Running Validation...
Ep 396/500  total_loss=3.6220  tr_acc=0.9983  val_acc=0.8763  val_auroc=0.8855  val_f1=0.7972  lr=1.34e-05
Running Validation...
Ep 397/500  total_loss=3.6254  tr_acc=0.9983  val_acc=0.8795  val_auroc=0.8907  val_f1=0.8043  lr=1.32e-05
Running Validation...
Ep 398/500  total_loss=3.6206  tr_acc=0.9985  val_acc=0.8757  val_auroc=0.8886  val_f1=0.7999  lr=1.29e-05
Running Validation...
Ep 399/500  total_loss=3.6263  tr_acc=0.9981  val_acc=0.8763  val_auroc=0.8948  val_f1=0.8028  lr=1.27e-05
Running Validation...
Ep 400/500  total_loss=3.6328  tr_acc=0.9977  val_acc=0.8736  val_auroc=0.8963  val_f1=0.7974  lr=1.24e-05
Running Validation...
Ep 401/500  total_loss=3.6248  tr_acc=0.9975  val_acc=0.8805  val_auroc=0.8984  val_f1=0.8125  lr=1.22e-05
Running Validation...
Ep 402/500  total_loss=3.6254  tr_acc=0.9971  val_acc=0.8752  val_auroc=0.8931  val_f1=0.8001  lr=1.20e-05
Running Validation...
Ep 403/500  total_loss=3.6231  tr_acc=0.9978  val_acc=0.8741  val_auroc=0.8932  val_f1=0.7976  lr=1.17e-05
Running Validation...
Ep 404/500  total_loss=3.6235  tr_acc=0.9983  val_acc=0.8768  val_auroc=0.8876  val_f1=0.8051  lr=1.15e-05
Running Validation...
Ep 405/500  total_loss=3.6286  tr_acc=0.9979  val_acc=0.8789  val_auroc=0.8897  val_f1=0.8089  lr=1.13e-05
Running Validation...
Ep 406/500  total_loss=3.6223  tr_acc=0.9990  val_acc=0.8789  val_auroc=0.8872  val_f1=0.8105  lr=1.11e-05
Running Validation...
Ep 407/500  total_loss=3.6313  tr_acc=0.9971  val_acc=0.8795  val_auroc=0.8917  val_f1=0.8102  lr=1.08e-05
Running Validation...
Ep 408/500  total_loss=3.6400  tr_acc=0.9962  val_acc=0.8773  val_auroc=0.8844  val_f1=0.8029  lr=1.06e-05
Running Validation...
Ep 409/500  total_loss=3.6252  tr_acc=0.9983  val_acc=0.8757  val_auroc=0.8827  val_f1=0.7991  lr=1.04e-05
Running Validation...
Ep 410/500  total_loss=3.6249  tr_acc=0.9986  val_acc=0.8784  val_auroc=0.8912  val_f1=0.8086  lr=1.02e-05
Running Validation...
Ep 411/500  total_loss=3.6198  tr_acc=0.9987  val_acc=0.8757  val_auroc=0.8965  val_f1=0.8028  lr=9.97e-06
Running Validation...
Ep 412/500  total_loss=3.6293  tr_acc=0.9975  val_acc=0.8784  val_auroc=0.8893  val_f1=0.8058  lr=9.75e-06
Running Validation...
Ep 413/500  total_loss=3.6165  tr_acc=0.9991  val_acc=0.8725  val_auroc=0.8909  val_f1=0.7975  lr=9.54e-06
Running Validation...
Ep 414/500  total_loss=3.6221  tr_acc=0.9981  val_acc=0.8757  val_auroc=0.8899  val_f1=0.7963  lr=9.33e-06
Running Validation...
Ep 415/500  total_loss=3.6249  tr_acc=0.9982  val_acc=0.8747  val_auroc=0.8893  val_f1=0.7980  lr=9.12e-06
Running Validation...
Ep 416/500  total_loss=3.6310  tr_acc=0.9969  val_acc=0.8757  val_auroc=0.8855  val_f1=0.7987  lr=8.92e-06
Running Validation...
Ep 417/500  total_loss=3.6273  tr_acc=0.9979  val_acc=0.8741  val_auroc=0.8900  val_f1=0.7945  lr=8.71e-06
Running Validation...
Ep 418/500  total_loss=3.6201  tr_acc=0.9986  val_acc=0.8757  val_auroc=0.8908  val_f1=0.7983  lr=8.51e-06
Running Validation...
Ep 419/500  total_loss=3.6212  tr_acc=0.9986  val_acc=0.8720  val_auroc=0.8919  val_f1=0.7918  lr=8.31e-06
Running Validation...
Ep 420/500  total_loss=3.6251  tr_acc=0.9976  val_acc=0.8757  val_auroc=0.8948  val_f1=0.7977  lr=8.12e-06
Running Validation...
Ep 421/500  total_loss=3.6269  tr_acc=0.9978  val_acc=0.8725  val_auroc=0.8918  val_f1=0.7921  lr=7.92e-06
Running Validation...
Ep 422/500  total_loss=3.6207  tr_acc=0.9984  val_acc=0.8779  val_auroc=0.8980  val_f1=0.8036  lr=7.73e-06
Running Validation...
Ep 423/500  total_loss=3.6250  tr_acc=0.9977  val_acc=0.8773  val_auroc=0.8967  val_f1=0.8014  lr=7.54e-06
Running Validation...
Ep 424/500  total_loss=3.6317  tr_acc=0.9969  val_acc=0.8752  val_auroc=0.8970  val_f1=0.7980  lr=7.35e-06
Running Validation...
Ep 425/500  total_loss=3.6195  tr_acc=0.9984  val_acc=0.8789  val_auroc=0.8988  val_f1=0.8033  lr=7.16e-06
Running Validation...
Ep 426/500  total_loss=3.6267  tr_acc=0.9978  val_acc=0.8795  val_auroc=0.8914  val_f1=0.8045  lr=6.98e-06
Running Validation...
Ep 427/500  total_loss=3.6214  tr_acc=0.9984  val_acc=0.8763  val_auroc=0.8863  val_f1=0.8028  lr=6.80e-06
Running Validation...
Ep 428/500  total_loss=3.6211  tr_acc=0.9984  val_acc=0.8768  val_auroc=0.8921  val_f1=0.8034  lr=6.62e-06
Running Validation...
Ep 429/500  total_loss=3.6229  tr_acc=0.9984  val_acc=0.8811  val_auroc=0.8962  val_f1=0.8096  lr=6.44e-06
Running Validation...
Ep 430/500  total_loss=3.6201  tr_acc=0.9984  val_acc=0.8805  val_auroc=0.8962  val_f1=0.8080  lr=6.26e-06
Running Validation...
Ep 431/500  total_loss=3.6280  tr_acc=0.9977  val_acc=0.8816  val_auroc=0.8928  val_f1=0.8084  lr=6.09e-06
Running Validation...
Ep 432/500  total_loss=3.6201  tr_acc=0.9985  val_acc=0.8811  val_auroc=0.8964  val_f1=0.8090  lr=5.92e-06
Running Validation...
Ep 433/500  total_loss=3.6250  tr_acc=0.9979  val_acc=0.8789  val_auroc=0.8937  val_f1=0.8050  lr=5.75e-06
Running Validation...
Ep 434/500  total_loss=3.6236  tr_acc=0.9982  val_acc=0.8789  val_auroc=0.8896  val_f1=0.8047  lr=5.58e-06
Running Validation...
Ep 435/500  total_loss=3.6256  tr_acc=0.9977  val_acc=0.8805  val_auroc=0.8887  val_f1=0.8109  lr=5.42e-06
Running Validation...
Ep 436/500  total_loss=3.6160  tr_acc=0.9990  val_acc=0.8768  val_auroc=0.8902  val_f1=0.8032  lr=5.26e-06
Running Validation...
Ep 437/500  total_loss=3.6211  tr_acc=0.9981  val_acc=0.8752  val_auroc=0.8919  val_f1=0.7994  lr=5.10e-06
Running Validation...
Ep 438/500  total_loss=3.6218  tr_acc=0.9983  val_acc=0.8731  val_auroc=0.8912  val_f1=0.7961  lr=4.94e-06
Running Validation...
Ep 439/500  total_loss=3.6240  tr_acc=0.9978  val_acc=0.8747  val_auroc=0.8913  val_f1=0.7977  lr=4.78e-06
Running Validation...
Ep 440/500  total_loss=3.6189  tr_acc=0.9985  val_acc=0.8747  val_auroc=0.8903  val_f1=0.7961  lr=4.63e-06
Running Validation...
Ep 441/500  total_loss=3.6209  tr_acc=0.9987  val_acc=0.8795  val_auroc=0.8925  val_f1=0.8066  lr=4.48e-06
Running Validation...
Ep 442/500  total_loss=3.6194  tr_acc=0.9987  val_acc=0.8795  val_auroc=0.8927  val_f1=0.8062  lr=4.33e-06
Running Validation...
