=========================================
Job:       train_Modality_Invariance_vit  (449197)
Node:      bigpu05
Started:   Wed Jun 24 04:35:40 PM CEST 2026
=========================================
[INFO] No HF token found at /users/jlacmou/.hf_token — downloads may be slow.
[INFO] No kaggle.json found in 20260623-process. Relying on ~/.kaggle/ or env vars.
[SETUP] Installing / verifying Python dependencies...

── GPU info ──────────────────────────────
Tesla V100-PCIE-32GB, 32768 MiB, 575.57.08
PyTorch : 2.12.1+cu126
CUDA    : 12.6
Devices : 1
GPU 0   : Tesla V100-PCIE-32GB
VRAM    : 34.1 GB
──────────────────────────────────────────

[CHECK] Validating dataset roots...
  [OK]      20260623-process/data/datasets/asosenge/hibaskinlesionsdataset-main
  [OK]      20260623-process/data/datasets/asosenge/fitzpatrick17k
  [OK]      20260623-process/data/datasets/asosenge/derm7pt
  [OK]      20260623-process/data/datasets/mahdavi1202/skin-cancer
  [OK]      20260623-process/data/datasets/sengenjih/isic2019

[CONVERT] Converting notebook to Python script...
[PATCH] Redirecting Kaggle paths → cluster paths...
  DATA_ROOT  → 20260623-process/data/datasets
  WORK_ROOT  → 20260623-process/outputs_Modality_Invariance_vit
  BB_CACHE   → 20260623-process/backbone_cache
  Patch applied successfully.

[RUN] Starting training — Wed Jun 24 04:36:10 PM CEST 2026
=========================================
Device: cuda
Checking configured paths:
  WORK_ROOT : outputs_Modality_Invariance_vit  [OK]
  CSV_DIR   : outputs_Modality_Invariance_vit/csvs  [OK]
  hiba           : 20260623-process/data/datasets/asosenge/hibaskinlesionsdataset-main/HIBASkinLesionsDataset-main/images  [OK]
  fitzpatrick17k : 20260623-process/data/datasets/asosenge/fitzpatrick17k/fitzpatrick17k/data/finalfitz17k  [OK]
  derm7pt        : 20260623-process/data/datasets/asosenge/derm7pt/release_v0/images  [OK]
  padufes20      : 20260623-process/data/datasets/mahdavi1202/skin-cancer  [OK]
  isic2019       : 20260623-process/data/datasets/sengenjih/isic2019  [OK]
CSV dir:        outputs_Modality_Invariance_vit/csvs
Checkpoints:    outputs_Modality_Invariance_vit/checkpoints_Modality_Invariance_vit
Results:        outputs_Modality_Invariance_vit/results_Modality_Invariance_vit
Num classes:    3  (melanoma, nevus, basal cell carcinoma)
Dataset roots:
  hiba           : 20260623-process/data/datasets/asosenge/hibaskinlesionsdataset-main/HIBASkinLesionsDataset-main/images
  fitzpatrick17k : 20260623-process/data/datasets/asosenge/fitzpatrick17k/fitzpatrick17k/data/finalfitz17k
  derm7pt        : 20260623-process/data/datasets/asosenge/derm7pt/release_v0/images
  padufes20      : 20260623-process/data/datasets/mahdavi1202/skin-cancer
  isic2019       : 20260623-process/data/datasets/sengenjih/isic2019
[INFO] Built image map for hiba: 1616 entries
[INFO] Built image map for fitzpatrick17k: 16577 entries
[INFO] Built image map for derm7pt: 2013 entries
[INFO] Built image map for padufes20: 2298 entries
[INFO] Built image map for isic2019: 33569 entries
[INFO] paired_train: loaded 738 ID-matched pairs from split clin/derm CSVs
[INFO] paired_val: loaded 106 ID-matched pairs from split clin/derm CSVs
[INFO] paired_test: loaded 211 ID-matched pairs from split clin/derm CSVs
[INFO] Loaded fitzpatrick17k eval set: 1727 samples
[INFO] Loaded padufes20 eval set: 1141 samples
[INFO] Loaded isic2019 eval set: 25517 samples
Train batches: 41, Val batches: 6
Test batches: 33
Cross-eval loaders: ['fitzpatrick17k', 'padufes20', 'isic2019']
Class weights: [0.819 0.385 1.796]
Running Validation...
Ep   1/500  loss=3.8690  tr_acc=0.3460  val_acc=0.1587  val_auroc=0.5587  val_f1=0.1273  paired=1.00  lr=3.40e-06
Running Validation...
Ep   2/500  loss=3.7625  tr_acc=0.3468  val_acc=0.1587  val_auroc=0.6059  val_f1=0.1221  paired=1.00  lr=5.10e-06
Running Validation...
Ep   3/500  loss=3.6972  tr_acc=0.3659  val_acc=0.1640  val_auroc=0.6828  val_f1=0.1258  paired=1.00  lr=6.80e-06
Running Validation...
Ep   4/500  loss=3.5332  tr_acc=0.3841  val_acc=0.1958  val_auroc=0.7162  val_f1=0.1734  paired=1.00  lr=8.50e-06
Running Validation...
Ep   5/500  loss=3.4409  tr_acc=0.4032  val_acc=0.2381  val_auroc=0.7393  val_f1=0.2309  paired=1.00  lr=1.02e-05
Running Validation...
Ep   6/500  loss=3.2560  tr_acc=0.4322  val_acc=0.2487  val_auroc=0.7491  val_f1=0.2428  paired=1.00  lr=1.19e-05
Running Validation...
Ep   7/500  loss=3.1581  tr_acc=0.4771  val_acc=0.2857  val_auroc=0.7713  val_f1=0.3106  paired=1.00  lr=1.36e-05
Running Validation...
Ep   8/500  loss=2.9655  tr_acc=0.5625  val_acc=0.3069  val_auroc=0.7947  val_f1=0.3250  paired=1.00  lr=1.53e-05
Running Validation...
Ep   9/500  loss=2.9182  tr_acc=0.5777  val_acc=0.3757  val_auroc=0.8104  val_f1=0.4036  paired=1.00  lr=1.70e-05
Running Validation...
Ep  10/500  loss=2.6640  tr_acc=0.6341  val_acc=0.4603  val_auroc=0.8499  val_f1=0.4919  paired=1.00  lr=1.87e-05
Running Validation...
Ep  11/500  loss=2.6496  tr_acc=0.6601  val_acc=0.5344  val_auroc=0.8301  val_f1=0.5323  paired=1.00  lr=2.04e-05
Running Validation...
Ep  12/500  loss=2.4251  tr_acc=0.6944  val_acc=0.5979  val_auroc=0.8804  val_f1=0.6178  paired=1.00  lr=2.21e-05
Running Validation...
Ep  13/500  loss=2.3357  tr_acc=0.7881  val_acc=0.7196  val_auroc=0.8768  val_f1=0.7006  paired=1.00  lr=2.38e-05
Running Validation...
Ep  14/500  loss=2.2790  tr_acc=0.7866  val_acc=0.6878  val_auroc=0.8976  val_f1=0.6749  paired=1.00  lr=2.55e-05
Running Validation...
Ep  15/500  loss=2.1172  tr_acc=0.8544  val_acc=0.7143  val_auroc=0.9136  val_f1=0.7074  paired=1.00  lr=2.72e-05
Running Validation...
Ep  16/500  loss=2.0349  tr_acc=0.8712  val_acc=0.7619  val_auroc=0.9080  val_f1=0.7676  paired=1.00  lr=2.89e-05
Running Validation...
Ep  17/500  loss=2.0395  tr_acc=0.8651  val_acc=0.7143  val_auroc=0.8888  val_f1=0.6837  paired=1.00  lr=3.06e-05
Running Validation...
Ep  18/500  loss=1.9600  tr_acc=0.9047  val_acc=0.8307  val_auroc=0.9165  val_f1=0.7914  paired=1.00  lr=3.23e-05
Running Validation...
Ep  19/500  loss=1.8662  tr_acc=0.9230  val_acc=0.7884  val_auroc=0.8830  val_f1=0.7152  paired=1.00  lr=3.40e-05
Running Validation...
Ep  20/500  loss=1.8762  tr_acc=0.9108  val_acc=0.8254  val_auroc=0.9145  val_f1=0.7967  paired=1.00  lr=3.57e-05
Running Validation...
Ep  21/500  loss=1.7890  tr_acc=0.9245  val_acc=0.8836  val_auroc=0.9480  val_f1=0.8513  paired=1.00  lr=3.74e-05
Running Validation...
Ep  22/500  loss=1.8364  tr_acc=0.9284  val_acc=0.7884  val_auroc=0.9064  val_f1=0.7376  paired=1.00  lr=3.91e-05
Running Validation...
Ep  23/500  loss=1.8099  tr_acc=0.9245  val_acc=0.8148  val_auroc=0.9415  val_f1=0.7913  paired=1.00  lr=4.08e-05
Running Validation...
Ep  24/500  loss=1.7397  tr_acc=0.9215  val_acc=0.8730  val_auroc=0.9460  val_f1=0.8594  paired=1.00  lr=4.25e-05
Running Validation...
Ep  25/500  loss=1.6887  tr_acc=0.9436  val_acc=0.8201  val_auroc=0.9196  val_f1=0.7724  paired=1.00  lr=4.42e-05
Running Validation...
Ep  26/500  loss=1.7907  tr_acc=0.9261  val_acc=0.8466  val_auroc=0.9404  val_f1=0.8283  paired=1.00  lr=4.59e-05
Running Validation...
Ep  27/500  loss=1.6867  tr_acc=0.9451  val_acc=0.8466  val_auroc=0.9352  val_f1=0.8169  paired=1.00  lr=4.76e-05
Running Validation...
Ep  28/500  loss=1.7518  tr_acc=0.9398  val_acc=0.8095  val_auroc=0.9427  val_f1=0.8041  paired=1.00  lr=4.93e-05
Running Validation...
Ep  29/500  loss=1.6497  tr_acc=0.9413  val_acc=0.7513  val_auroc=0.8919  val_f1=0.7149  paired=1.00  lr=5.10e-05
Running Validation...
Ep  30/500  loss=1.6393  tr_acc=0.9322  val_acc=0.8307  val_auroc=0.9119  val_f1=0.7925  paired=1.00  lr=5.27e-05
Running Validation...
Ep  31/500  loss=1.5824  tr_acc=0.9398  val_acc=0.8360  val_auroc=0.9279  val_f1=0.8100  paired=1.00  lr=5.44e-05
Running Validation...
Ep  32/500  loss=1.6671  tr_acc=0.9550  val_acc=0.8095  val_auroc=0.9351  val_f1=0.7586  paired=1.00  lr=5.61e-05
Running Validation...
Ep  33/500  loss=1.5622  tr_acc=0.9512  val_acc=0.8889  val_auroc=0.9525  val_f1=0.8624  paired=1.00  lr=5.78e-05
Running Validation...
Ep  34/500  loss=1.6693  tr_acc=0.9444  val_acc=0.7407  val_auroc=0.9175  val_f1=0.7380  paired=1.00  lr=5.95e-05
Running Validation...
Ep  35/500  loss=1.6104  tr_acc=0.9413  val_acc=0.8254  val_auroc=0.9188  val_f1=0.7946  paired=1.00  lr=6.12e-05
Running Validation...
Ep  36/500  loss=1.5696  tr_acc=0.9482  val_acc=0.8148  val_auroc=0.9081  val_f1=0.7687  paired=1.00  lr=6.29e-05
Running Validation...
Ep  37/500  loss=1.5438  tr_acc=0.9482  val_acc=0.8254  val_auroc=0.9023  val_f1=0.7769  paired=1.00  lr=6.46e-05
Running Validation...
Ep  38/500  loss=1.4842  tr_acc=0.9573  val_acc=0.8519  val_auroc=0.9229  val_f1=0.8150  paired=1.00  lr=6.63e-05
Running Validation...
Ep  39/500  loss=1.5759  tr_acc=0.9558  val_acc=0.8413  val_auroc=0.8979  val_f1=0.7797  paired=1.00  lr=6.80e-05
Running Validation...
Ep  40/500  loss=1.5056  tr_acc=0.9604  val_acc=0.8783  val_auroc=0.9452  val_f1=0.8462  paired=1.00  lr=6.97e-05
Running Validation...
Ep  41/500  loss=1.4656  tr_acc=0.9649  val_acc=0.8466  val_auroc=0.9187  val_f1=0.8067  paired=1.00  lr=7.14e-05
Running Validation...
Ep  42/500  loss=1.4196  tr_acc=0.9588  val_acc=0.8624  val_auroc=0.9321  val_f1=0.8229  paired=1.00  lr=7.31e-05
Running Validation...
Ep  43/500  loss=1.5774  tr_acc=0.9566  val_acc=0.8677  val_auroc=0.9381  val_f1=0.8365  paired=1.00  lr=7.48e-05
Running Validation...
Ep  44/500  loss=1.4630  tr_acc=0.9451  val_acc=0.8624  val_auroc=0.9493  val_f1=0.8531  paired=1.00  lr=7.65e-05
Running Validation...
Ep  45/500  loss=1.5215  tr_acc=0.9489  val_acc=0.7831  val_auroc=0.9163  val_f1=0.7745  paired=1.00  lr=7.82e-05
Running Validation...
Ep  46/500  loss=1.5179  tr_acc=0.9604  val_acc=0.8730  val_auroc=0.9230  val_f1=0.8363  paired=1.00  lr=7.99e-05
Running Validation...
Ep  47/500  loss=1.4339  tr_acc=0.9642  val_acc=0.8624  val_auroc=0.9322  val_f1=0.8305  paired=1.00  lr=8.16e-05
Running Validation...
Ep  48/500  loss=1.4294  tr_acc=0.9550  val_acc=0.8624  val_auroc=0.9284  val_f1=0.8213  paired=1.00  lr=8.33e-05
Running Validation...
Ep  49/500  loss=1.3424  tr_acc=0.9520  val_acc=0.8519  val_auroc=0.9246  val_f1=0.8112  paired=1.00  lr=8.50e-05
Running Validation...
Ep  50/500  loss=1.3415  tr_acc=0.9703  val_acc=0.8571  val_auroc=0.9408  val_f1=0.8245  paired=1.00  lr=8.50e-05
Running Validation...
Ep  51/500  loss=1.4912  tr_acc=0.9558  val_acc=0.8042  val_auroc=0.9328  val_f1=0.7994  paired=1.00  lr=8.50e-05
Running Validation...
Ep  52/500  loss=1.4046  tr_acc=0.9611  val_acc=0.8571  val_auroc=0.9148  val_f1=0.8405  paired=1.00  lr=8.50e-05
Running Validation...
Ep  53/500  loss=1.4508  tr_acc=0.9596  val_acc=0.8254  val_auroc=0.9370  val_f1=0.7902  paired=1.00  lr=8.50e-05
Running Validation...
Ep  54/500  loss=1.3186  tr_acc=0.9649  val_acc=0.8889  val_auroc=0.9556  val_f1=0.8737  paired=1.00  lr=8.50e-05
Running Validation...
Ep  55/500  loss=1.3813  tr_acc=0.9588  val_acc=0.8360  val_auroc=0.9490  val_f1=0.8011  paired=1.00  lr=8.50e-05
Running Validation...
Ep  56/500  loss=1.3268  tr_acc=0.9588  val_acc=0.8519  val_auroc=0.9360  val_f1=0.8364  paired=1.00  lr=8.50e-05
Running Validation...
Ep  57/500  loss=1.2299  tr_acc=0.9710  val_acc=0.8783  val_auroc=0.9548  val_f1=0.8350  paired=1.00  lr=8.49e-05
Running Validation...
Ep  58/500  loss=1.2798  tr_acc=0.9611  val_acc=0.8254  val_auroc=0.9296  val_f1=0.8208  paired=1.00  lr=8.49e-05
Running Validation...
Ep  59/500  loss=1.3148  tr_acc=0.9710  val_acc=0.8466  val_auroc=0.9305  val_f1=0.8191  paired=1.00  lr=8.49e-05
Running Validation...
Ep  60/500  loss=1.2361  tr_acc=0.9680  val_acc=0.8413  val_auroc=0.9302  val_f1=0.7942  paired=1.00  lr=8.49e-05
Running Validation...
Ep  61/500  loss=1.2107  tr_acc=0.9764  val_acc=0.8307  val_auroc=0.9038  val_f1=0.7820  paired=1.00  lr=8.49e-05
Running Validation...
Ep  62/500  loss=1.2157  tr_acc=0.9748  val_acc=0.8519  val_auroc=0.9169  val_f1=0.8083  paired=1.00  lr=8.49e-05
Running Validation...
Ep  63/500  loss=1.3084  tr_acc=0.9787  val_acc=0.8360  val_auroc=0.9243  val_f1=0.7965  paired=1.00  lr=8.48e-05
Running Validation...
Ep  64/500  loss=1.1881  tr_acc=0.9817  val_acc=0.8413  val_auroc=0.9087  val_f1=0.8042  paired=1.00  lr=8.48e-05
Running Validation...
Ep  65/500  loss=1.2779  tr_acc=0.9779  val_acc=0.8413  val_auroc=0.9102  val_f1=0.7896  paired=1.00  lr=8.48e-05
Running Validation...
Ep  66/500  loss=1.2027  tr_acc=0.9802  val_acc=0.8254  val_auroc=0.9245  val_f1=0.7735  paired=1.00  lr=8.47e-05
Running Validation...
Ep  67/500  loss=1.2207  tr_acc=0.9688  val_acc=0.8624  val_auroc=0.9297  val_f1=0.8346  paired=1.00  lr=8.47e-05
Running Validation...
Ep  68/500  loss=1.2760  tr_acc=0.9695  val_acc=0.8360  val_auroc=0.9012  val_f1=0.7853  paired=1.00  lr=8.47e-05
Running Validation...
Ep  69/500  loss=1.1667  tr_acc=0.9840  val_acc=0.7249  val_auroc=0.8803  val_f1=0.6960  paired=1.00  lr=8.46e-05
Running Validation...
Ep  70/500  loss=1.2678  tr_acc=0.9733  val_acc=0.8466  val_auroc=0.9218  val_f1=0.8103  paired=1.00  lr=8.46e-05
Running Validation...
Ep  71/500  loss=1.1773  tr_acc=0.9779  val_acc=0.8148  val_auroc=0.9482  val_f1=0.7964  paired=1.00  lr=8.45e-05
Running Validation...
Ep  72/500  loss=1.2721  tr_acc=0.9695  val_acc=0.8254  val_auroc=0.9325  val_f1=0.8129  paired=1.00  lr=8.45e-05
Running Validation...
Ep  73/500  loss=1.1195  tr_acc=0.9840  val_acc=0.8730  val_auroc=0.9293  val_f1=0.8509  paired=1.00  lr=8.45e-05
Running Validation...
Ep  74/500  loss=1.1313  tr_acc=0.9832  val_acc=0.8466  val_auroc=0.9415  val_f1=0.8161  paired=1.00  lr=8.44e-05
Running Validation...
Ep  75/500  loss=1.1583  tr_acc=0.9794  val_acc=0.8624  val_auroc=0.9405  val_f1=0.8351  paired=1.00  lr=8.44e-05
Running Validation...
Ep  76/500  loss=1.1629  tr_acc=0.9794  val_acc=0.8571  val_auroc=0.9374  val_f1=0.8308  paired=1.00  lr=8.43e-05
Running Validation...
Ep  77/500  loss=1.1250  tr_acc=0.9779  val_acc=0.8571  val_auroc=0.9093  val_f1=0.8283  paired=1.00  lr=8.42e-05
Running Validation...
Ep  78/500  loss=1.1156  tr_acc=0.9870  val_acc=0.8730  val_auroc=0.9534  val_f1=0.8668  paired=1.00  lr=8.42e-05
Running Validation...
Ep  79/500  loss=1.1208  tr_acc=0.9802  val_acc=0.8254  val_auroc=0.9220  val_f1=0.8161  paired=1.00  lr=8.41e-05
Running Validation...
Ep  80/500  loss=1.1447  tr_acc=0.9710  val_acc=0.8677  val_auroc=0.9300  val_f1=0.8470  paired=1.00  lr=8.41e-05
Running Validation...
Ep  81/500  loss=1.0813  tr_acc=0.9817  val_acc=0.8466  val_auroc=0.9193  val_f1=0.8143  paired=1.00  lr=8.40e-05
Running Validation...
Ep  82/500  loss=1.0797  tr_acc=0.9855  val_acc=0.8677  val_auroc=0.9269  val_f1=0.8397  paired=1.00  lr=8.39e-05
Running Validation...
Ep  83/500  loss=1.1502  tr_acc=0.9794  val_acc=0.7460  val_auroc=0.8765  val_f1=0.7347  paired=1.00  lr=8.39e-05
Running Validation...
Ep  84/500  loss=1.1341  tr_acc=0.9855  val_acc=0.8519  val_auroc=0.9154  val_f1=0.8168  paired=1.00  lr=8.38e-05
Running Validation...
Ep  85/500  loss=1.1490  tr_acc=0.9848  val_acc=0.8413  val_auroc=0.9419  val_f1=0.8292  paired=1.00  lr=8.37e-05
Running Validation...
Ep  86/500  loss=1.0929  tr_acc=0.9893  val_acc=0.8783  val_auroc=0.9456  val_f1=0.8574  paired=1.00  lr=8.37e-05
Running Validation...
Ep  87/500  loss=1.0538  tr_acc=0.9840  val_acc=0.8783  val_auroc=0.9299  val_f1=0.8522  paired=1.00  lr=8.36e-05
Running Validation...
Ep  88/500  loss=1.0772  tr_acc=0.9863  val_acc=0.8042  val_auroc=0.9372  val_f1=0.7720  paired=1.00  lr=8.35e-05
Running Validation...
Ep  89/500  loss=1.0790  tr_acc=0.9893  val_acc=0.8677  val_auroc=0.9419  val_f1=0.8476  paired=1.00  lr=8.34e-05
Running Validation...
Ep  90/500  loss=1.1116  tr_acc=0.9870  val_acc=0.8730  val_auroc=0.9194  val_f1=0.8424  paired=1.00  lr=8.34e-05
Running Validation...
Ep  91/500  loss=1.0934  tr_acc=0.9878  val_acc=0.8889  val_auroc=0.9260  val_f1=0.8656  paired=1.00  lr=8.33e-05
Running Validation...
Ep  92/500  loss=1.0840  tr_acc=0.9886  val_acc=0.8730  val_auroc=0.9234  val_f1=0.8478  paired=1.00  lr=8.32e-05
Running Validation...
Ep  93/500  loss=1.0759  tr_acc=0.9931  val_acc=0.8519  val_auroc=0.9234  val_f1=0.8350  paired=1.00  lr=8.31e-05
Running Validation...
Ep  94/500  loss=1.0892  tr_acc=0.9870  val_acc=0.8413  val_auroc=0.9107  val_f1=0.8075  paired=1.00  lr=8.30e-05
Running Validation...
Ep  95/500  loss=1.0641  tr_acc=0.9886  val_acc=0.8571  val_auroc=0.9219  val_f1=0.8182  paired=1.00  lr=8.29e-05
Running Validation...
Ep  96/500  loss=1.0537  tr_acc=0.9878  val_acc=0.8783  val_auroc=0.9474  val_f1=0.8545  paired=1.00  lr=8.28e-05
Running Validation...
Ep  97/500  loss=1.0866  tr_acc=0.9909  val_acc=0.8466  val_auroc=0.9092  val_f1=0.8064  paired=1.00  lr=8.27e-05
Running Validation...
Ep  98/500  loss=1.0377  tr_acc=0.9870  val_acc=0.8624  val_auroc=0.9313  val_f1=0.8311  paired=1.00  lr=8.26e-05
Running Validation...
Ep  99/500  loss=1.1258  tr_acc=0.9832  val_acc=0.8783  val_auroc=0.9410  val_f1=0.8558  paired=1.00  lr=8.25e-05
Running Validation...
Ep 100/500  loss=1.0913  tr_acc=0.9878  val_acc=0.8677  val_auroc=0.9237  val_f1=0.8475  paired=1.00  lr=8.24e-05
Running Validation...
Ep 101/500  loss=1.0704  tr_acc=0.9924  val_acc=0.8624  val_auroc=0.9169  val_f1=0.8158  paired=1.00  lr=8.23e-05
Running Validation...
Ep 102/500  loss=1.0951  tr_acc=0.9870  val_acc=0.8413  val_auroc=0.9361  val_f1=0.8321  paired=1.00  lr=8.22e-05
Running Validation...
Ep 103/500  loss=1.0186  tr_acc=0.9916  val_acc=0.8730  val_auroc=0.9419  val_f1=0.8395  paired=1.00  lr=8.21e-05
Running Validation...
Ep 104/500  loss=1.1156  tr_acc=0.9893  val_acc=0.8519  val_auroc=0.9139  val_f1=0.8144  paired=1.00  lr=8.20e-05
Running Validation...
Ep 105/500  loss=1.0997  tr_acc=0.9916  val_acc=0.8571  val_auroc=0.9144  val_f1=0.8194  paired=1.00  lr=8.19e-05
Running Validation...
Ep 106/500  loss=1.0379  tr_acc=0.9909  val_acc=0.8783  val_auroc=0.9171  val_f1=0.8374  paired=1.00  lr=8.18e-05
Running Validation...
Ep 107/500  loss=1.0908  tr_acc=0.9855  val_acc=0.8201  val_auroc=0.9404  val_f1=0.8109  paired=1.00  lr=8.17e-05
Running Validation...
Ep 108/500  loss=1.0520  tr_acc=0.9870  val_acc=0.8624  val_auroc=0.9317  val_f1=0.8378  paired=1.00  lr=8.16e-05
Running Validation...
Ep 109/500  loss=1.0455  tr_acc=0.9825  val_acc=0.8307  val_auroc=0.9063  val_f1=0.7790  paired=1.00  lr=8.14e-05
Running Validation...
Ep 110/500  loss=1.0120  tr_acc=0.9931  val_acc=0.8413  val_auroc=0.9306  val_f1=0.8153  paired=1.00  lr=8.13e-05
Running Validation...
Ep 111/500  loss=1.0458  tr_acc=0.9909  val_acc=0.8307  val_auroc=0.8751  val_f1=0.7889  paired=1.00  lr=8.12e-05
Running Validation...
Ep 112/500  loss=1.0446  tr_acc=0.9909  val_acc=0.8624  val_auroc=0.9176  val_f1=0.8339  paired=1.00  lr=8.11e-05
Running Validation...
Ep 113/500  loss=1.0814  tr_acc=0.9924  val_acc=0.8519  val_auroc=0.9168  val_f1=0.8235  paired=1.00  lr=8.10e-05
Running Validation...
Ep 114/500  loss=1.0580  tr_acc=0.9878  val_acc=0.8466  val_auroc=0.9038  val_f1=0.8088  paired=1.00  lr=8.08e-05
Running Validation...
Ep 115/500  loss=1.0389  tr_acc=0.9924  val_acc=0.8677  val_auroc=0.9249  val_f1=0.8432  paired=1.00  lr=8.07e-05
Running Validation...
Ep 116/500  loss=1.0927  tr_acc=0.9924  val_acc=0.8571  val_auroc=0.9234  val_f1=0.8377  paired=1.00  lr=8.06e-05
Running Validation...
Ep 117/500  loss=1.0512  tr_acc=0.9931  val_acc=0.8307  val_auroc=0.9180  val_f1=0.7978  paired=1.00  lr=8.04e-05
Running Validation...
Ep 118/500  loss=1.0253  tr_acc=0.9931  val_acc=0.8466  val_auroc=0.9042  val_f1=0.8252  paired=1.00  lr=8.03e-05
Running Validation...
Ep 119/500  loss=1.0518  tr_acc=0.9901  val_acc=0.8624  val_auroc=0.9137  val_f1=0.8347  paired=1.00  lr=8.02e-05
Running Validation...
Ep 120/500  loss=1.0385  tr_acc=0.9924  val_acc=0.8413  val_auroc=0.9008  val_f1=0.8011  paired=1.00  lr=8.00e-05
Running Validation...
Ep 121/500  loss=1.0226  tr_acc=0.9947  val_acc=0.8571  val_auroc=0.9152  val_f1=0.8300  paired=1.00  lr=7.99e-05
Running Validation...
Ep 122/500  loss=1.0045  tr_acc=0.9924  val_acc=0.8624  val_auroc=0.9272  val_f1=0.8339  paired=1.00  lr=7.97e-05
Running Validation...
Ep 123/500  loss=1.0360  tr_acc=0.9916  val_acc=0.8466  val_auroc=0.9185  val_f1=0.8139  paired=1.00  lr=7.96e-05
Running Validation...
Ep 124/500  loss=1.0445  tr_acc=0.9939  val_acc=0.8466  val_auroc=0.9329  val_f1=0.8175  paired=1.00  lr=7.95e-05
Running Validation...
Ep 125/500  loss=1.0316  tr_acc=0.9901  val_acc=0.8624  val_auroc=0.9105  val_f1=0.8254  paired=1.00  lr=7.93e-05
Running Validation...
Ep 126/500  loss=1.0580  tr_acc=0.9886  val_acc=0.8519  val_auroc=0.9193  val_f1=0.8258  paired=1.00  lr=7.92e-05
Running Validation...
Ep 127/500  loss=1.0730  tr_acc=0.9878  val_acc=0.8836  val_auroc=0.9445  val_f1=0.8607  paired=1.00  lr=7.90e-05
Running Validation...
Ep 128/500  loss=0.9865  tr_acc=0.9939  val_acc=0.8413  val_auroc=0.9374  val_f1=0.7970  paired=1.00  lr=7.89e-05
Running Validation...
Ep 129/500  loss=1.0204  tr_acc=0.9909  val_acc=0.8519  val_auroc=0.9367  val_f1=0.8218  paired=1.00  lr=7.87e-05
Running Validation...
Ep 130/500  loss=1.0456  tr_acc=0.9878  val_acc=0.8519  val_auroc=0.9129  val_f1=0.8200  paired=1.00  lr=7.85e-05
Running Validation...
Ep 131/500  loss=1.0574  tr_acc=0.9909  val_acc=0.8624  val_auroc=0.9309  val_f1=0.8259  paired=1.00  lr=7.84e-05
Running Validation...
Ep 132/500  loss=1.0063  tr_acc=0.9893  val_acc=0.8519  val_auroc=0.9387  val_f1=0.8338  paired=1.00  lr=7.82e-05
Running Validation...
Ep 133/500  loss=1.0432  tr_acc=0.9893  val_acc=0.8730  val_auroc=0.9456  val_f1=0.8625  paired=1.00  lr=7.81e-05
Running Validation...
Ep 134/500  loss=1.0003  tr_acc=0.9954  val_acc=0.8360  val_auroc=0.9404  val_f1=0.8116  paired=1.00  lr=7.79e-05
Running Validation...
Ep 135/500  loss=1.0413  tr_acc=0.9916  val_acc=0.8307  val_auroc=0.9289  val_f1=0.7814  paired=1.00  lr=7.77e-05
Running Validation...
Ep 136/500  loss=1.0124  tr_acc=0.9947  val_acc=0.8519  val_auroc=0.9351  val_f1=0.8347  paired=1.00  lr=7.76e-05
Running Validation...
Ep 137/500  loss=1.0089  tr_acc=0.9924  val_acc=0.8624  val_auroc=0.9340  val_f1=0.8432  paired=1.00  lr=7.74e-05
Running Validation...
Ep 138/500  loss=0.9924  tr_acc=0.9985  val_acc=0.8889  val_auroc=0.9433  val_f1=0.8742  paired=1.00  lr=7.72e-05
Running Validation...
Ep 139/500  loss=0.9891  tr_acc=0.9962  val_acc=0.8677  val_auroc=0.9460  val_f1=0.8514  paired=1.00  lr=7.71e-05
Running Validation...
Ep 140/500  loss=1.0350  tr_acc=0.9909  val_acc=0.8677  val_auroc=0.9388  val_f1=0.8445  paired=1.00  lr=7.69e-05
Running Validation...
Ep 141/500  loss=1.0052  tr_acc=0.9962  val_acc=0.8942  val_auroc=0.9380  val_f1=0.8796  paired=1.00  lr=7.67e-05
Running Validation...
Ep 142/500  loss=1.0374  tr_acc=0.9954  val_acc=0.8360  val_auroc=0.9127  val_f1=0.8041  paired=1.00  lr=7.65e-05
Running Validation...
Ep 143/500  loss=0.9949  tr_acc=0.9977  val_acc=0.8677  val_auroc=0.9298  val_f1=0.8450  paired=1.00  lr=7.64e-05
Running Validation...
Ep 144/500  loss=1.0090  tr_acc=0.9939  val_acc=0.8360  val_auroc=0.9146  val_f1=0.8045  paired=1.00  lr=7.62e-05
Running Validation...
Ep 145/500  loss=1.0119  tr_acc=0.9954  val_acc=0.8360  val_auroc=0.9030  val_f1=0.7899  paired=1.00  lr=7.60e-05
Running Validation...
Ep 146/500  loss=1.0061  tr_acc=0.9931  val_acc=0.8095  val_auroc=0.9070  val_f1=0.7771  paired=1.00  lr=7.58e-05
Running Validation...
Ep 147/500  loss=1.0336  tr_acc=0.9939  val_acc=0.8571  val_auroc=0.9211  val_f1=0.8389  paired=1.00  lr=7.56e-05
Running Validation...
Ep 148/500  loss=0.9973  tr_acc=0.9947  val_acc=0.8836  val_auroc=0.9382  val_f1=0.8502  paired=1.00  lr=7.54e-05
Running Validation...
Ep 149/500  loss=0.9950  tr_acc=0.9947  val_acc=0.8571  val_auroc=0.9255  val_f1=0.8309  paired=1.00  lr=7.52e-05
Running Validation...
Ep 150/500  loss=0.9899  tr_acc=0.9962  val_acc=0.8571  val_auroc=0.9363  val_f1=0.8390  paired=1.00  lr=7.51e-05
Running Validation...
Ep 151/500  loss=1.0717  tr_acc=0.9832  val_acc=0.8624  val_auroc=0.9365  val_f1=0.8462  paired=1.00  lr=7.49e-05
Running Validation...
Ep 152/500  loss=0.9917  tr_acc=0.9954  val_acc=0.8783  val_auroc=0.9538  val_f1=0.8537  paired=1.00  lr=7.47e-05
Running Validation...
Ep 153/500  loss=1.0203  tr_acc=0.9947  val_acc=0.8519  val_auroc=0.9228  val_f1=0.8039  paired=1.00  lr=7.45e-05
Running Validation...
Ep 154/500  loss=1.0184  tr_acc=0.9962  val_acc=0.8624  val_auroc=0.9286  val_f1=0.8344  paired=1.00  lr=7.43e-05
Running Validation...
Ep 155/500  loss=1.0216  tr_acc=0.9901  val_acc=0.8413  val_auroc=0.9099  val_f1=0.7931  paired=1.00  lr=7.41e-05
Running Validation...
Ep 156/500  loss=1.0391  tr_acc=0.9901  val_acc=0.8360  val_auroc=0.9317  val_f1=0.7912  paired=1.00  lr=7.39e-05
Running Validation...
Ep 157/500  loss=0.9989  tr_acc=0.9939  val_acc=0.8571  val_auroc=0.9135  val_f1=0.8136  paired=1.00  lr=7.37e-05
Running Validation...
Ep 158/500  loss=0.9805  tr_acc=0.9985  val_acc=0.8148  val_auroc=0.8888  val_f1=0.7823  paired=1.00  lr=7.35e-05
Running Validation...
Ep 159/500  loss=1.0451  tr_acc=0.9909  val_acc=0.8519  val_auroc=0.9260  val_f1=0.8352  paired=1.00  lr=7.33e-05
Running Validation...
Ep 160/500  loss=0.9964  tr_acc=0.9939  val_acc=0.8519  val_auroc=0.9415  val_f1=0.8148  paired=1.00  lr=7.31e-05
Running Validation...
Ep 161/500  loss=0.9751  tr_acc=0.9931  val_acc=0.8466  val_auroc=0.9374  val_f1=0.8234  paired=1.00  lr=7.29e-05
Running Validation...
Ep 162/500  loss=0.9721  tr_acc=0.9962  val_acc=0.8148  val_auroc=0.9006  val_f1=0.7823  paired=1.00  lr=7.27e-05
Running Validation...
Ep 163/500  loss=0.9897  tr_acc=0.9977  val_acc=0.8571  val_auroc=0.9055  val_f1=0.8205  paired=1.00  lr=7.24e-05
Running Validation...
Ep 164/500  loss=0.9834  tr_acc=0.9962  val_acc=0.8360  val_auroc=0.9141  val_f1=0.8011  paired=1.00  lr=7.22e-05
Running Validation...
Ep 165/500  loss=1.0338  tr_acc=0.9947  val_acc=0.8360  val_auroc=0.9199  val_f1=0.7979  paired=1.00  lr=7.20e-05
Running Validation...
Ep 166/500  loss=1.0021  tr_acc=0.9962  val_acc=0.8571  val_auroc=0.9169  val_f1=0.8277  paired=1.00  lr=7.18e-05
Running Validation...
Ep 167/500  loss=0.9956  tr_acc=0.9962  val_acc=0.8519  val_auroc=0.9098  val_f1=0.8157  paired=1.00  lr=7.16e-05
Running Validation...
Ep 168/500  loss=1.0358  tr_acc=0.9939  val_acc=0.8519  val_auroc=0.9140  val_f1=0.8184  paired=1.00  lr=7.14e-05
Running Validation...
Ep 169/500  loss=1.0153  tr_acc=0.9924  val_acc=0.8519  val_auroc=0.9465  val_f1=0.8139  paired=1.00  lr=7.12e-05
Running Validation...
Ep 170/500  loss=0.9839  tr_acc=0.9977  val_acc=0.8624  val_auroc=0.9384  val_f1=0.8361  paired=1.00  lr=7.09e-05
Running Validation...
Ep 171/500  loss=0.9796  tr_acc=0.9962  val_acc=0.8466  val_auroc=0.9203  val_f1=0.8149  paired=1.00  lr=7.07e-05
Running Validation...
Ep 172/500  loss=1.0231  tr_acc=0.9977  val_acc=0.8677  val_auroc=0.9347  val_f1=0.8406  paired=1.00  lr=7.05e-05
Running Validation...
Ep 173/500  loss=0.9972  tr_acc=0.9931  val_acc=0.8624  val_auroc=0.9207  val_f1=0.8364  paired=1.00  lr=7.03e-05
Running Validation...
Ep 174/500  loss=0.9764  tr_acc=0.9977  val_acc=0.8519  val_auroc=0.9220  val_f1=0.8124  paired=1.00  lr=7.00e-05
Running Validation...
Ep 175/500  loss=0.9879  tr_acc=0.9962  val_acc=0.8466  val_auroc=0.9022  val_f1=0.8267  paired=1.00  lr=6.98e-05
Running Validation...
Ep 176/500  loss=1.0023  tr_acc=0.9939  val_acc=0.8042  val_auroc=0.8821  val_f1=0.7724  paired=1.00  lr=6.96e-05
Running Validation...
Ep 177/500  loss=1.0111  tr_acc=0.9970  val_acc=0.8254  val_auroc=0.8991  val_f1=0.8024  paired=1.00  lr=6.94e-05
Running Validation...
Ep 178/500  loss=1.0305  tr_acc=0.9939  val_acc=0.8307  val_auroc=0.8914  val_f1=0.7923  paired=1.00  lr=6.91e-05
Running Validation...
Ep 179/500  loss=1.0328  tr_acc=0.9947  val_acc=0.8519  val_auroc=0.8999  val_f1=0.8009  paired=1.00  lr=6.89e-05
Running Validation...
Ep 180/500  loss=1.0085  tr_acc=0.9962  val_acc=0.8466  val_auroc=0.9260  val_f1=0.8125  paired=1.00  lr=6.87e-05
Running Validation...
Ep 181/500  loss=0.9872  tr_acc=0.9970  val_acc=0.8413  val_auroc=0.9245  val_f1=0.8047  paired=1.00  lr=6.84e-05
Running Validation...
Ep 182/500  loss=0.9862  tr_acc=0.9962  val_acc=0.8254  val_auroc=0.9351  val_f1=0.8270  paired=1.00  lr=6.82e-05
Running Validation...
Ep 183/500  loss=0.9955  tr_acc=0.9970  val_acc=0.8466  val_auroc=0.9217  val_f1=0.8239  paired=1.00  lr=6.80e-05
Running Validation...
Ep 184/500  loss=0.9814  tr_acc=0.9985  val_acc=0.8360  val_auroc=0.8880  val_f1=0.8111  paired=1.00  lr=6.77e-05
Running Validation...
Ep 185/500  loss=0.9852  tr_acc=0.9977  val_acc=0.8519  val_auroc=0.9147  val_f1=0.8195  paired=1.00  lr=6.75e-05
Running Validation...
Ep 186/500  loss=0.9932  tr_acc=0.9970  val_acc=0.8783  val_auroc=0.9192  val_f1=0.8618  paired=1.00  lr=6.72e-05
Running Validation...
Ep 187/500  loss=1.0281  tr_acc=0.9909  val_acc=0.8466  val_auroc=0.8907  val_f1=0.8276  paired=1.00  lr=6.70e-05
Running Validation...
Ep 188/500  loss=0.9900  tr_acc=0.9931  val_acc=0.8836  val_auroc=0.9490  val_f1=0.8567  paired=1.00  lr=6.68e-05
Running Validation...
Ep 189/500  loss=0.9704  tr_acc=0.9977  val_acc=0.8466  val_auroc=0.9268  val_f1=0.8117  paired=1.00  lr=6.65e-05
Running Validation...
Ep 190/500  loss=0.9922  tr_acc=0.9954  val_acc=0.8466  val_auroc=0.9182  val_f1=0.8042  paired=1.00  lr=6.63e-05
Running Validation...
Ep 191/500  loss=0.9693  tr_acc=0.9947  val_acc=0.8201  val_auroc=0.9303  val_f1=0.7773  paired=1.00  lr=6.60e-05
Running Validation...
Ep 192/500  loss=0.9758  tr_acc=0.9954  val_acc=0.8519  val_auroc=0.9015  val_f1=0.8163  paired=1.00  lr=6.58e-05
Running Validation...
Ep 193/500  loss=1.0062  tr_acc=0.9916  val_acc=0.8624  val_auroc=0.9336  val_f1=0.8288  paired=1.00  lr=6.55e-05
Running Validation...
Ep 194/500  loss=0.9933  tr_acc=0.9970  val_acc=0.8148  val_auroc=0.9141  val_f1=0.7741  paired=1.00  lr=6.53e-05
Running Validation...
Ep 195/500  loss=0.9960  tr_acc=0.9939  val_acc=0.8677  val_auroc=0.9281  val_f1=0.8342  paired=1.00  lr=6.50e-05
Running Validation...
Ep 196/500  loss=0.9864  tr_acc=0.9947  val_acc=0.8624  val_auroc=0.9356  val_f1=0.8216  paired=1.00  lr=6.48e-05
Running Validation...
Ep 197/500  loss=0.9591  tr_acc=0.9962  val_acc=0.8677  val_auroc=0.9455  val_f1=0.8453  paired=1.00  lr=6.45e-05
Running Validation...
Ep 198/500  loss=0.9941  tr_acc=0.9947  val_acc=0.8519  val_auroc=0.9343  val_f1=0.8095  paired=1.00  lr=6.43e-05
Running Validation...
Ep 199/500  loss=0.9898  tr_acc=0.9931  val_acc=0.8730  val_auroc=0.9393  val_f1=0.8520  paired=1.00  lr=6.40e-05
Running Validation...
Ep 200/500  loss=1.0054  tr_acc=0.9909  val_acc=0.8307  val_auroc=0.9240  val_f1=0.7878  paired=1.00  lr=6.38e-05
Running Validation...
Ep 201/500  loss=0.9869  tr_acc=0.9931  val_acc=0.8571  val_auroc=0.9345  val_f1=0.8317  paired=1.00  lr=6.35e-05
Running Validation...
Ep 202/500  loss=0.9558  tr_acc=0.9970  val_acc=0.8571  val_auroc=0.9346  val_f1=0.8156  paired=1.00  lr=6.32e-05
Running Validation...
Ep 203/500  loss=0.9813  tr_acc=0.9985  val_acc=0.8519  val_auroc=0.9253  val_f1=0.7999  paired=1.00  lr=6.30e-05
Running Validation...
Ep 204/500  loss=0.9757  tr_acc=0.9970  val_acc=0.8519  val_auroc=0.9360  val_f1=0.8045  paired=1.00  lr=6.27e-05
Running Validation...
Ep 205/500  loss=0.9909  tr_acc=0.9947  val_acc=0.8571  val_auroc=0.9320  val_f1=0.8231  paired=1.00  lr=6.25e-05
Running Validation...
Ep 206/500  loss=1.0067  tr_acc=0.9970  val_acc=0.8677  val_auroc=0.9324  val_f1=0.8496  paired=1.00  lr=6.22e-05
Running Validation...
Ep 207/500  loss=0.9910  tr_acc=0.9970  val_acc=0.8783  val_auroc=0.9386  val_f1=0.8394  paired=1.00  lr=6.19e-05
Running Validation...
Ep 208/500  loss=0.9615  tr_acc=0.9977  val_acc=0.8571  val_auroc=0.9110  val_f1=0.8266  paired=1.00  lr=6.17e-05
Running Validation...
Ep 209/500  loss=0.9746  tr_acc=0.9962  val_acc=0.8519  val_auroc=0.9306  val_f1=0.8336  paired=1.00  lr=6.14e-05
Running Validation...
Ep 210/500  loss=0.9844  tr_acc=0.9970  val_acc=0.8783  val_auroc=0.9476  val_f1=0.8428  paired=1.00  lr=6.11e-05
Running Validation...
Ep 211/500  loss=0.9737  tr_acc=0.9962  val_acc=0.8519  val_auroc=0.9229  val_f1=0.8266  paired=1.00  lr=6.09e-05
Running Validation...
Ep 212/500  loss=0.9943  tr_acc=0.9985  val_acc=0.8677  val_auroc=0.9183  val_f1=0.8394  paired=1.00  lr=6.06e-05
Running Validation...
Ep 213/500  loss=0.9951  tr_acc=0.9947  val_acc=0.8466  val_auroc=0.9449  val_f1=0.8193  paired=1.00  lr=6.03e-05
Running Validation...
Ep 214/500  loss=0.9917  tr_acc=0.9962  val_acc=0.8624  val_auroc=0.9262  val_f1=0.8446  paired=1.00  lr=6.01e-05
Running Validation...
Ep 215/500  loss=0.9708  tr_acc=0.9962  val_acc=0.8677  val_auroc=0.9177  val_f1=0.8421  paired=1.00  lr=5.98e-05
Running Validation...
Ep 216/500  loss=0.9460  tr_acc=0.9977  val_acc=0.8360  val_auroc=0.9005  val_f1=0.7972  paired=1.00  lr=5.95e-05
Running Validation...
Ep 217/500  loss=0.9659  tr_acc=0.9970  val_acc=0.8466  val_auroc=0.9203  val_f1=0.8176  paired=1.00  lr=5.92e-05
Running Validation...
Ep 218/500  loss=0.9617  tr_acc=0.9977  val_acc=0.8360  val_auroc=0.9204  val_f1=0.8115  paired=1.00  lr=5.90e-05
Running Validation...
Ep 219/500  loss=0.9629  tr_acc=0.9985  val_acc=0.8571  val_auroc=0.9202  val_f1=0.8275  paired=1.00  lr=5.87e-05
Running Validation...
Ep 220/500  loss=0.9585  tr_acc=1.0000  val_acc=0.8413  val_auroc=0.8921  val_f1=0.7980  paired=1.00  lr=5.84e-05
Running Validation...
Ep 221/500  loss=0.9610  tr_acc=0.9970  val_acc=0.8307  val_auroc=0.8649  val_f1=0.7803  paired=1.00  lr=5.81e-05
Running Validation...
Ep 222/500  loss=0.9886  tr_acc=0.9970  val_acc=0.8836  val_auroc=0.9363  val_f1=0.8629  paired=1.00  lr=5.79e-05
Running Validation...
Ep 223/500  loss=1.0232  tr_acc=0.9939  val_acc=0.8836  val_auroc=0.9438  val_f1=0.8733  paired=1.00  lr=5.76e-05
Running Validation...
Ep 224/500  loss=0.9987  tr_acc=0.9939  val_acc=0.8624  val_auroc=0.9324  val_f1=0.8187  paired=1.00  lr=5.73e-05
Running Validation...
Ep 225/500  loss=0.9918  tr_acc=0.9962  val_acc=0.8677  val_auroc=0.9358  val_f1=0.8446  paired=1.00  lr=5.70e-05
Running Validation...
Ep 226/500  loss=0.9634  tr_acc=0.9992  val_acc=0.8783  val_auroc=0.9190  val_f1=0.8525  paired=1.00  lr=5.68e-05
Running Validation...
Ep 227/500  loss=1.0072  tr_acc=0.9970  val_acc=0.8413  val_auroc=0.9245  val_f1=0.8310  paired=1.00  lr=5.65e-05
Running Validation...
Ep 228/500  loss=0.9507  tr_acc=0.9977  val_acc=0.8624  val_auroc=0.9295  val_f1=0.8364  paired=1.00  lr=5.62e-05
Running Validation...
Ep 229/500  loss=0.9812  tr_acc=0.9985  val_acc=0.8677  val_auroc=0.9239  val_f1=0.8422  paired=1.00  lr=5.59e-05
Running Validation...
Ep 230/500  loss=0.9587  tr_acc=0.9977  val_acc=0.8519  val_auroc=0.9112  val_f1=0.8172  paired=1.00  lr=5.56e-05
Running Validation...
Ep 231/500  loss=1.0242  tr_acc=0.9916  val_acc=0.8413  val_auroc=0.9130  val_f1=0.8048  paired=1.00  lr=5.54e-05
Running Validation...
Ep 232/500  loss=1.0081  tr_acc=0.9954  val_acc=0.8519  val_auroc=0.9207  val_f1=0.8241  paired=1.00  lr=5.51e-05
Running Validation...
Ep 233/500  loss=1.0111  tr_acc=0.9977  val_acc=0.8519  val_auroc=0.9201  val_f1=0.8308  paired=1.00  lr=5.48e-05
Running Validation...
Ep 234/500  loss=0.9813  tr_acc=1.0000  val_acc=0.8466  val_auroc=0.9123  val_f1=0.8226  paired=1.00  lr=5.45e-05
Running Validation...
Ep 235/500  loss=1.0204  tr_acc=0.9954  val_acc=0.8413  val_auroc=0.9201  val_f1=0.8057  paired=1.00  lr=5.42e-05
Running Validation...
Ep 236/500  loss=0.9632  tr_acc=0.9985  val_acc=0.8466  val_auroc=0.9392  val_f1=0.8265  paired=1.00  lr=5.39e-05
Running Validation...
Ep 237/500  loss=1.0060  tr_acc=0.9939  val_acc=0.8730  val_auroc=0.9521  val_f1=0.8497  paired=1.00  lr=5.36e-05
Running Validation...
Ep 238/500  loss=0.9697  tr_acc=0.9992  val_acc=0.8466  val_auroc=0.9196  val_f1=0.8202  paired=1.00  lr=5.34e-05
Running Validation...
Ep 239/500  loss=0.9785  tr_acc=0.9947  val_acc=0.8624  val_auroc=0.9493  val_f1=0.8398  paired=1.00  lr=5.31e-05
Running Validation...
Ep 240/500  loss=0.9887  tr_acc=0.9947  val_acc=0.8571  val_auroc=0.9278  val_f1=0.8321  paired=1.00  lr=5.28e-05
Running Validation...
Ep 241/500  loss=0.9766  tr_acc=0.9992  val_acc=0.8730  val_auroc=0.9304  val_f1=0.8545  paired=1.00  lr=5.25e-05
Running Validation...
Ep 242/500  loss=0.9873  tr_acc=0.9977  val_acc=0.9048  val_auroc=0.9512  val_f1=0.8911  paired=1.00  lr=5.22e-05
Running Validation...
Ep 243/500  loss=0.9539  tr_acc=0.9992  val_acc=0.8730  val_auroc=0.9384  val_f1=0.8542  paired=1.00  lr=5.19e-05
Running Validation...
Ep 244/500  loss=0.9735  tr_acc=0.9977  val_acc=0.8730  val_auroc=0.9270  val_f1=0.8506  paired=1.00  lr=5.16e-05
Running Validation...
Ep 245/500  loss=0.9857  tr_acc=0.9947  val_acc=0.8677  val_auroc=0.9332  val_f1=0.8372  paired=1.00  lr=5.13e-05
Running Validation...
Ep 246/500  loss=0.9764  tr_acc=0.9954  val_acc=0.8677  val_auroc=0.9345  val_f1=0.8493  paired=1.00  lr=5.10e-05
Running Validation...
Ep 247/500  loss=0.9553  tr_acc=0.9977  val_acc=0.8995  val_auroc=0.9424  val_f1=0.8819  paired=1.00  lr=5.08e-05
Running Validation...
Ep 248/500  loss=0.9537  tr_acc=0.9985  val_acc=0.8836  val_auroc=0.9426  val_f1=0.8484  paired=1.00  lr=5.05e-05
Running Validation...
Ep 249/500  loss=0.9611  tr_acc=0.9977  val_acc=0.8730  val_auroc=0.9311  val_f1=0.8403  paired=1.00  lr=5.02e-05
Running Validation...
Ep 250/500  loss=0.9433  tr_acc=0.9992  val_acc=0.8571  val_auroc=0.9387  val_f1=0.8273  paired=1.00  lr=4.99e-05
Running Validation...
Ep 251/500  loss=0.9892  tr_acc=0.9947  val_acc=0.8889  val_auroc=0.9397  val_f1=0.8778  paired=1.00  lr=4.96e-05
Running Validation...
Ep 252/500  loss=0.9520  tr_acc=1.0000  val_acc=0.8571  val_auroc=0.9380  val_f1=0.8266  paired=1.00  lr=4.93e-05
Running Validation...
Ep 253/500  loss=0.9642  tr_acc=0.9992  val_acc=0.8889  val_auroc=0.9419  val_f1=0.8621  paired=1.00  lr=4.90e-05
Running Validation...
Ep 254/500  loss=0.9590  tr_acc=0.9970  val_acc=0.8836  val_auroc=0.9377  val_f1=0.8486  paired=1.00  lr=4.87e-05
Running Validation...
Ep 255/500  loss=0.9722  tr_acc=0.9992  val_acc=0.8730  val_auroc=0.9219  val_f1=0.8506  paired=1.00  lr=4.84e-05
Running Validation...
Ep 256/500  loss=0.9544  tr_acc=0.9977  val_acc=0.8783  val_auroc=0.9230  val_f1=0.8471  paired=1.00  lr=4.81e-05
Running Validation...
Ep 257/500  loss=0.9706  tr_acc=0.9985  val_acc=0.8571  val_auroc=0.9170  val_f1=0.8265  paired=1.00  lr=4.78e-05
Running Validation...
Ep 258/500  loss=0.9737  tr_acc=0.9977  val_acc=0.8677  val_auroc=0.9394  val_f1=0.8442  paired=1.00  lr=4.75e-05
Running Validation...
Ep 259/500  loss=0.9552  tr_acc=0.9985  val_acc=0.8836  val_auroc=0.9362  val_f1=0.8602  paired=1.00  lr=4.72e-05
Running Validation...
Ep 260/500  loss=0.9589  tr_acc=0.9985  val_acc=0.8783  val_auroc=0.9303  val_f1=0.8548  paired=1.00  lr=4.69e-05
Running Validation...
Ep 261/500  loss=0.9807  tr_acc=0.9962  val_acc=0.8571  val_auroc=0.9316  val_f1=0.8319  paired=1.00  lr=4.66e-05
Running Validation...
Ep 262/500  loss=0.9523  tr_acc=0.9970  val_acc=0.8571  val_auroc=0.9148  val_f1=0.8380  paired=1.00  lr=4.64e-05
Running Validation...
Ep 263/500  loss=0.9683  tr_acc=0.9985  val_acc=0.8466  val_auroc=0.9299  val_f1=0.8217  paired=1.00  lr=4.61e-05
Running Validation...
Ep 264/500  loss=0.9683  tr_acc=0.9992  val_acc=0.8677  val_auroc=0.9306  val_f1=0.8369  paired=1.00  lr=4.58e-05
Running Validation...
Ep 265/500  loss=0.9631  tr_acc=0.9970  val_acc=0.8783  val_auroc=0.9331  val_f1=0.8489  paired=1.00  lr=4.55e-05
Running Validation...
Ep 266/500  loss=0.9716  tr_acc=0.9962  val_acc=0.8677  val_auroc=0.9266  val_f1=0.8489  paired=1.00  lr=4.52e-05
Running Validation...
Ep 267/500  loss=0.9621  tr_acc=0.9970  val_acc=0.8889  val_auroc=0.9288  val_f1=0.8767  paired=1.00  lr=4.49e-05
Running Validation...
Ep 268/500  loss=0.9503  tr_acc=0.9992  val_acc=0.8783  val_auroc=0.9299  val_f1=0.8676  paired=1.00  lr=4.46e-05
Running Validation...
Ep 269/500  loss=0.9494  tr_acc=1.0000  val_acc=0.8624  val_auroc=0.9295  val_f1=0.8395  paired=1.00  lr=4.43e-05
Running Validation...
Ep 270/500  loss=0.9693  tr_acc=0.9962  val_acc=0.8677  val_auroc=0.9442  val_f1=0.8524  paired=1.00  lr=4.40e-05
Running Validation...
Ep 271/500  loss=0.9536  tr_acc=0.9985  val_acc=0.8624  val_auroc=0.9410  val_f1=0.8392  paired=1.00  lr=4.37e-05
Running Validation...
Ep 272/500  loss=0.9643  tr_acc=0.9970  val_acc=0.8942  val_auroc=0.9470  val_f1=0.8834  paired=1.00  lr=4.34e-05
Running Validation...
Ep 273/500  loss=0.9618  tr_acc=0.9985  val_acc=0.8995  val_auroc=0.9563  val_f1=0.8883  paired=1.00  lr=4.31e-05
Running Validation...
Ep 274/500  loss=0.9541  tr_acc=0.9977  val_acc=0.8836  val_auroc=0.9320  val_f1=0.8553  paired=1.00  lr=4.28e-05
Running Validation...
Ep 275/500  loss=0.9657  tr_acc=0.9985  val_acc=0.8783  val_auroc=0.9232  val_f1=0.8604  paired=1.00  lr=4.25e-05
Running Validation...
Ep 276/500  loss=0.9619  tr_acc=0.9985  val_acc=0.8783  val_auroc=0.9111  val_f1=0.8603  paired=1.00  lr=4.22e-05
Running Validation...
Ep 277/500  loss=0.9699  tr_acc=0.9985  val_acc=0.8730  val_auroc=0.9062  val_f1=0.8360  paired=1.00  lr=4.19e-05
Running Validation...
Ep 278/500  loss=0.9796  tr_acc=0.9985  val_acc=0.8413  val_auroc=0.8924  val_f1=0.7944  paired=1.00  lr=4.16e-05
Running Validation...
Ep 279/500  loss=0.9562  tr_acc=1.0000  val_acc=0.8730  val_auroc=0.9393  val_f1=0.8393  paired=1.00  lr=4.13e-05
Running Validation...
Ep 280/500  loss=0.9472  tr_acc=1.0000  val_acc=0.8783  val_auroc=0.9289  val_f1=0.8479  paired=1.00  lr=4.10e-05
Running Validation...
Ep 281/500  loss=0.9726  tr_acc=0.9954  val_acc=0.8677  val_auroc=0.9345  val_f1=0.8389  paired=1.00  lr=4.07e-05
Running Validation...
Ep 282/500  loss=0.9900  tr_acc=0.9970  val_acc=0.8730  val_auroc=0.9388  val_f1=0.8551  paired=1.00  lr=4.04e-05
Running Validation...
Ep 283/500  loss=0.9636  tr_acc=0.9962  val_acc=0.8624  val_auroc=0.9315  val_f1=0.8513  paired=1.00  lr=4.01e-05
Running Validation...
Ep 284/500  loss=0.9649  tr_acc=0.9977  val_acc=0.8519  val_auroc=0.9268  val_f1=0.8144  paired=1.00  lr=3.98e-05
Running Validation...
Ep 285/500  loss=0.9632  tr_acc=1.0000  val_acc=0.8677  val_auroc=0.9419  val_f1=0.8405  paired=1.00  lr=3.95e-05
Running Validation...
Ep 286/500  loss=0.9560  tr_acc=0.9985  val_acc=0.8889  val_auroc=0.9389  val_f1=0.8639  paired=1.00  lr=3.92e-05
Running Validation...
Ep 287/500  loss=0.9583  tr_acc=0.9985  val_acc=0.8571  val_auroc=0.9388  val_f1=0.8226  paired=1.00  lr=3.89e-05
Running Validation...
Ep 288/500  loss=0.9756  tr_acc=0.9947  val_acc=0.8677  val_auroc=0.9360  val_f1=0.8406  paired=1.00  lr=3.86e-05
Running Validation...
Ep 289/500  loss=0.9533  tr_acc=0.9985  val_acc=0.8677  val_auroc=0.9345  val_f1=0.8429  paired=1.00  lr=3.84e-05
Running Validation...
Ep 290/500  loss=0.9439  tr_acc=1.0000  val_acc=0.8571  val_auroc=0.9334  val_f1=0.8233  paired=1.00  lr=3.81e-05
Running Validation...
Ep 291/500  loss=0.9416  tr_acc=0.9992  val_acc=0.8730  val_auroc=0.9282  val_f1=0.8433  paired=1.00  lr=3.78e-05
Running Validation...
Ep 292/500  loss=0.9688  tr_acc=0.9977  val_acc=0.8677  val_auroc=0.9188  val_f1=0.8410  paired=1.00  lr=3.75e-05
Running Validation...
Ep 293/500  loss=0.9758  tr_acc=0.9970  val_acc=0.8783  val_auroc=0.9174  val_f1=0.8479  paired=1.00  lr=3.72e-05
Running Validation...
Ep 294/500  loss=0.9633  tr_acc=0.9985  val_acc=0.8624  val_auroc=0.9282  val_f1=0.8293  paired=1.00  lr=3.69e-05
Running Validation...
Ep 295/500  loss=0.9580  tr_acc=0.9954  val_acc=0.8889  val_auroc=0.9295  val_f1=0.8598  paired=1.00  lr=3.66e-05
Running Validation...
Ep 296/500  loss=0.9544  tr_acc=0.9992  val_acc=0.8889  val_auroc=0.9300  val_f1=0.8564  paired=1.00  lr=3.63e-05
Running Validation...
Ep 297/500  loss=0.9683  tr_acc=0.9977  val_acc=0.8836  val_auroc=0.9306  val_f1=0.8519  paired=1.00  lr=3.60e-05
Running Validation...
Ep 298/500  loss=0.9822  tr_acc=0.9962  val_acc=0.8889  val_auroc=0.9316  val_f1=0.8620  paired=1.00  lr=3.57e-05
Running Validation...
Ep 299/500  loss=0.9569  tr_acc=1.0000  val_acc=0.8730  val_auroc=0.9197  val_f1=0.8435  paired=1.00  lr=3.54e-05
Running Validation...
Ep 300/500  loss=0.9403  tr_acc=1.0000  val_acc=0.8730  val_auroc=0.8900  val_f1=0.8434  paired=1.00  lr=3.51e-05
Running Validation...
Ep 301/500  loss=0.9680  tr_acc=0.9954  val_acc=0.8730  val_auroc=0.9190  val_f1=0.8458  paired=1.00  lr=3.48e-05
Running Validation...
Ep 302/500  loss=0.9634  tr_acc=0.9992  val_acc=0.8783  val_auroc=0.9169  val_f1=0.8535  paired=1.00  lr=3.45e-05
Running Validation...
Ep 303/500  loss=0.9634  tr_acc=0.9970  val_acc=0.8783  val_auroc=0.9116  val_f1=0.8574  paired=1.00  lr=3.42e-05
Running Validation...
Ep 304/500  loss=0.9480  tr_acc=0.9985  val_acc=0.8783  val_auroc=0.9122  val_f1=0.8585  paired=1.00  lr=3.40e-05
Running Validation...
Ep 305/500  loss=0.9414  tr_acc=1.0000  val_acc=0.8677  val_auroc=0.9099  val_f1=0.8442  paired=1.00  lr=3.37e-05
Running Validation...
Ep 306/500  loss=0.9399  tr_acc=1.0000  val_acc=0.8571  val_auroc=0.9121  val_f1=0.8246  paired=1.00  lr=3.34e-05
Running Validation...
Ep 307/500  loss=0.9472  tr_acc=0.9985  val_acc=0.8624  val_auroc=0.9151  val_f1=0.8345  paired=1.00  lr=3.31e-05
Running Validation...
Ep 308/500  loss=0.9423  tr_acc=0.9992  val_acc=0.8677  val_auroc=0.9197  val_f1=0.8371  paired=1.00  lr=3.28e-05
Running Validation...
Ep 309/500  loss=0.9392  tr_acc=1.0000  val_acc=0.8624  val_auroc=0.9166  val_f1=0.8270  paired=1.00  lr=3.25e-05
Running Validation...
Ep 310/500  loss=0.9511  tr_acc=0.9985  val_acc=0.8571  val_auroc=0.9113  val_f1=0.8287  paired=1.00  lr=3.22e-05
Running Validation...
Ep 311/500  loss=0.9560  tr_acc=0.9977  val_acc=0.8571  val_auroc=0.9152  val_f1=0.8287  paired=1.00  lr=3.19e-05
Running Validation...
Ep 312/500  loss=0.9593  tr_acc=0.9962  val_acc=0.8624  val_auroc=0.9185  val_f1=0.8270  paired=1.00  lr=3.16e-05
Running Validation...
Ep 313/500  loss=0.9646  tr_acc=0.9977  val_acc=0.8466  val_auroc=0.8787  val_f1=0.8066  paired=1.00  lr=3.14e-05
Running Validation...
Ep 314/500  loss=0.9568  tr_acc=0.9977  val_acc=0.8624  val_auroc=0.9036  val_f1=0.8359  paired=1.00  lr=3.11e-05
Running Validation...
Ep 315/500  loss=0.9492  tr_acc=0.9985  val_acc=0.8571  val_auroc=0.9039  val_f1=0.8353  paired=1.00  lr=3.08e-05
Running Validation...
Ep 316/500  loss=0.9768  tr_acc=0.9947  val_acc=0.8571  val_auroc=0.9216  val_f1=0.8296  paired=1.00  lr=3.05e-05
Running Validation...
Ep 317/500  loss=0.9648  tr_acc=0.9992  val_acc=0.8466  val_auroc=0.9046  val_f1=0.8161  paired=1.00  lr=3.02e-05
Running Validation...
Ep 318/500  loss=0.9603  tr_acc=0.9962  val_acc=0.8942  val_auroc=0.9282  val_f1=0.8768  paired=1.00  lr=2.99e-05
Running Validation...
Ep 319/500  loss=0.9574  tr_acc=0.9977  val_acc=0.8677  val_auroc=0.9106  val_f1=0.8406  paired=1.00  lr=2.96e-05
Running Validation...
Ep 320/500  loss=0.9483  tr_acc=0.9992  val_acc=0.8889  val_auroc=0.9254  val_f1=0.8609  paired=1.00  lr=2.94e-05
Running Validation...
Ep 321/500  loss=0.9466  tr_acc=0.9977  val_acc=0.8836  val_auroc=0.9260  val_f1=0.8558  paired=1.00  lr=2.91e-05
Running Validation...
Ep 322/500  loss=0.9401  tr_acc=1.0000  val_acc=0.8677  val_auroc=0.9260  val_f1=0.8311  paired=1.00  lr=2.88e-05
Running Validation...
Ep 323/500  loss=0.9658  tr_acc=0.9970  val_acc=0.8836  val_auroc=0.9342  val_f1=0.8558  paired=1.00  lr=2.85e-05
Running Validation...
Ep 324/500  loss=0.9579  tr_acc=0.9992  val_acc=0.8519  val_auroc=0.9248  val_f1=0.8144  paired=1.00  lr=2.82e-05
Running Validation...
Ep 325/500  loss=0.9486  tr_acc=0.9992  val_acc=0.8571  val_auroc=0.9211  val_f1=0.8182  paired=1.00  lr=2.80e-05
Running Validation...
Ep 326/500  loss=0.9557  tr_acc=1.0000  val_acc=0.8571  val_auroc=0.9285  val_f1=0.8148  paired=1.00  lr=2.77e-05
Running Validation...
Ep 327/500  loss=0.9559  tr_acc=0.9962  val_acc=0.8783  val_auroc=0.9305  val_f1=0.8489  paired=1.00  lr=2.74e-05
Running Validation...
Ep 328/500  loss=0.9718  tr_acc=0.9977  val_acc=0.8836  val_auroc=0.9317  val_f1=0.8530  paired=1.00  lr=2.71e-05
Running Validation...
Ep 329/500  loss=0.9511  tr_acc=0.9977  val_acc=0.8730  val_auroc=0.9260  val_f1=0.8364  paired=1.00  lr=2.69e-05
Running Validation...
Ep 330/500  loss=0.9508  tr_acc=0.9985  val_acc=0.8995  val_auroc=0.9271  val_f1=0.8852  paired=1.00  lr=2.66e-05
Running Validation...
Ep 331/500  loss=0.9465  tr_acc=0.9992  val_acc=0.8942  val_auroc=0.9275  val_f1=0.8752  paired=1.00  lr=2.63e-05
Running Validation...
Ep 332/500  loss=0.9581  tr_acc=0.9985  val_acc=0.8995  val_auroc=0.9315  val_f1=0.8824  paired=1.00  lr=2.60e-05
Running Validation...
Ep 333/500  loss=0.9602  tr_acc=0.9962  val_acc=0.8783  val_auroc=0.9272  val_f1=0.8471  paired=1.00  lr=2.58e-05
Running Validation...
Ep 334/500  loss=0.9887  tr_acc=0.9924  val_acc=0.8413  val_auroc=0.9070  val_f1=0.7928  paired=1.00  lr=2.55e-05
Running Validation...
Ep 335/500  loss=0.9524  tr_acc=0.9985  val_acc=0.8466  val_auroc=0.9242  val_f1=0.8179  paired=1.00  lr=2.52e-05
Running Validation...
Ep 336/500  loss=0.9460  tr_acc=1.0000  val_acc=0.8624  val_auroc=0.9202  val_f1=0.8192  paired=1.00  lr=2.49e-05
Running Validation...
Ep 337/500  loss=0.9389  tr_acc=1.0000  val_acc=0.8571  val_auroc=0.9196  val_f1=0.8210  paired=1.00  lr=2.47e-05
Running Validation...
Ep 338/500  loss=0.9622  tr_acc=0.9970  val_acc=0.8571  val_auroc=0.9097  val_f1=0.8239  paired=1.00  lr=2.44e-05
Running Validation...
Ep 339/500  loss=0.9653  tr_acc=0.9985  val_acc=0.8730  val_auroc=0.9163  val_f1=0.8485  paired=1.00  lr=2.41e-05
Running Validation...
Ep 340/500  loss=0.9753  tr_acc=0.9985  val_acc=0.8571  val_auroc=0.9038  val_f1=0.8225  paired=1.00  lr=2.39e-05
Running Validation...
Ep 341/500  loss=0.9592  tr_acc=0.9985  val_acc=0.8624  val_auroc=0.9013  val_f1=0.8172  paired=1.00  lr=2.36e-05
Running Validation...
Ep 342/500  loss=0.9510  tr_acc=0.9985  val_acc=0.8677  val_auroc=0.9135  val_f1=0.8242  paired=1.00  lr=2.33e-05
Running Validation...
Ep 343/500  loss=0.9597  tr_acc=0.9977  val_acc=0.8677  val_auroc=0.9266  val_f1=0.8375  paired=1.00  lr=2.31e-05
Running Validation...
Ep 344/500  loss=0.9510  tr_acc=0.9992  val_acc=0.8836  val_auroc=0.9243  val_f1=0.8643  paired=1.00  lr=2.28e-05
Running Validation...
Ep 345/500  loss=0.9593  tr_acc=0.9977  val_acc=0.8730  val_auroc=0.9225  val_f1=0.8481  paired=1.00  lr=2.25e-05
Running Validation...
Ep 346/500  loss=0.9627  tr_acc=0.9977  val_acc=0.8466  val_auroc=0.9159  val_f1=0.7992  paired=1.00  lr=2.23e-05
Running Validation...
Ep 347/500  loss=0.9541  tr_acc=0.9977  val_acc=0.8519  val_auroc=0.9097  val_f1=0.8062  paired=1.00  lr=2.20e-05
Running Validation...
Ep 348/500  loss=0.9614  tr_acc=0.9954  val_acc=0.8519  val_auroc=0.9105  val_f1=0.8183  paired=1.00  lr=2.18e-05
Running Validation...
Ep 349/500  loss=0.9561  tr_acc=1.0000  val_acc=0.8783  val_auroc=0.9260  val_f1=0.8531  paired=1.00  lr=2.15e-05
Running Validation...
Ep 350/500  loss=0.9567  tr_acc=0.9985  val_acc=0.8836  val_auroc=0.9231  val_f1=0.8541  paired=1.00  lr=2.13e-05
Running Validation...
Ep 351/500  loss=0.9537  tr_acc=0.9985  val_acc=0.8942  val_auroc=0.9278  val_f1=0.8759  paired=1.00  lr=2.10e-05
Running Validation...
Ep 352/500  loss=0.9561  tr_acc=0.9985  val_acc=0.8783  val_auroc=0.9293  val_f1=0.8479  paired=1.00  lr=2.07e-05
Running Validation...
Ep 353/500  loss=0.9488  tr_acc=0.9992  val_acc=0.8783  val_auroc=0.9282  val_f1=0.8479  paired=1.00  lr=2.05e-05
Running Validation...
Ep 354/500  loss=0.9481  tr_acc=1.0000  val_acc=0.8836  val_auroc=0.9286  val_f1=0.8577  paired=1.00  lr=2.02e-05
Running Validation...
Ep 355/500  loss=0.9454  tr_acc=0.9985  val_acc=0.8836  val_auroc=0.9251  val_f1=0.8577  paired=1.00  lr=2.00e-05
Running Validation...
Ep 356/500  loss=0.9449  tr_acc=0.9992  val_acc=0.8677  val_auroc=0.9284  val_f1=0.8392  paired=1.00  lr=1.97e-05
Running Validation...
Ep 357/500  loss=0.9520  tr_acc=0.9992  val_acc=0.8889  val_auroc=0.9318  val_f1=0.8622  paired=1.00  lr=1.95e-05
Running Validation...
Ep 358/500  loss=0.9464  tr_acc=0.9985  val_acc=0.8889  val_auroc=0.9224  val_f1=0.8621  paired=1.00  lr=1.92e-05
Running Validation...
Ep 359/500  loss=0.9451  tr_acc=0.9985  val_acc=0.8995  val_auroc=0.9195  val_f1=0.8772  paired=1.00  lr=1.90e-05
Running Validation...
Ep 360/500  loss=0.9509  tr_acc=0.9977  val_acc=0.9101  val_auroc=0.9332  val_f1=0.8890  paired=1.00  lr=1.87e-05
Running Validation...
Ep 361/500  loss=0.9414  tr_acc=1.0000  val_acc=0.8942  val_auroc=0.9317  val_f1=0.8689  paired=1.00  lr=1.85e-05
Running Validation...
Ep 362/500  loss=0.9628  tr_acc=0.9985  val_acc=0.8836  val_auroc=0.9257  val_f1=0.8497  paired=1.00  lr=1.82e-05
Running Validation...
Ep 363/500  loss=0.9374  tr_acc=1.0000  val_acc=0.8836  val_auroc=0.9369  val_f1=0.8645  paired=1.00  lr=1.80e-05
Running Validation...
Ep 364/500  loss=0.9550  tr_acc=0.9970  val_acc=0.8995  val_auroc=0.9388  val_f1=0.8802  paired=1.00  lr=1.78e-05
Running Validation...
Ep 365/500  loss=0.9471  tr_acc=0.9977  val_acc=0.8889  val_auroc=0.9334  val_f1=0.8586  paired=1.00  lr=1.75e-05
Running Validation...
Ep 366/500  loss=0.9582  tr_acc=0.9970  val_acc=0.8889  val_auroc=0.9313  val_f1=0.8642  paired=1.00  lr=1.73e-05
Running Validation...
Ep 367/500  loss=0.9486  tr_acc=0.9985  val_acc=0.8942  val_auroc=0.9320  val_f1=0.8665  paired=1.00  lr=1.70e-05
Running Validation...
Ep 368/500  loss=0.9478  tr_acc=0.9985  val_acc=0.8730  val_auroc=0.9318  val_f1=0.8418  paired=1.00  lr=1.68e-05
Running Validation...
Ep 369/500  loss=0.9390  tr_acc=1.0000  val_acc=0.8889  val_auroc=0.9315  val_f1=0.8700  paired=1.00  lr=1.66e-05
Running Validation...
Ep 370/500  loss=0.9520  tr_acc=0.9977  val_acc=0.8783  val_auroc=0.9360  val_f1=0.8465  paired=1.00  lr=1.63e-05
Running Validation...
Ep 371/500  loss=0.9548  tr_acc=0.9977  val_acc=0.8836  val_auroc=0.9374  val_f1=0.8563  paired=1.00  lr=1.61e-05
Running Validation...
Ep 372/500  loss=0.9495  tr_acc=0.9977  val_acc=0.8889  val_auroc=0.9345  val_f1=0.8580  paired=1.00  lr=1.59e-05
Running Validation...
Ep 373/500  loss=0.9480  tr_acc=1.0000  val_acc=0.8942  val_auroc=0.9361  val_f1=0.8638  paired=1.00  lr=1.56e-05
Running Validation...
Ep 374/500  loss=0.9554  tr_acc=0.9962  val_acc=0.8995  val_auroc=0.9369  val_f1=0.8723  paired=1.00  lr=1.54e-05
Running Validation...
Ep 375/500  loss=0.9446  tr_acc=0.9992  val_acc=0.8889  val_auroc=0.9362  val_f1=0.8594  paired=1.00  lr=1.52e-05
Running Validation...
Ep 376/500  loss=0.9481  tr_acc=0.9985  val_acc=0.8836  val_auroc=0.9341  val_f1=0.8465  paired=1.00  lr=1.50e-05
Running Validation...
Ep 377/500  loss=0.9578  tr_acc=0.9962  val_acc=0.8836  val_auroc=0.9173  val_f1=0.8506  paired=1.00  lr=1.47e-05
Running Validation...
Ep 378/500  loss=0.9525  tr_acc=0.9985  val_acc=0.8730  val_auroc=0.9217  val_f1=0.8435  paired=1.00  lr=1.45e-05
Running Validation...
Ep 379/500  loss=0.9507  tr_acc=0.9985  val_acc=0.8836  val_auroc=0.9155  val_f1=0.8548  paired=1.00  lr=1.43e-05
Running Validation...
Ep 380/500  loss=0.9583  tr_acc=0.9977  val_acc=0.8889  val_auroc=0.9156  val_f1=0.8578  paired=1.00  lr=1.41e-05
Running Validation...
Ep 381/500  loss=0.9529  tr_acc=0.9970  val_acc=0.8836  val_auroc=0.9165  val_f1=0.8534  paired=1.00  lr=1.38e-05
Running Validation...
Ep 382/500  loss=0.9412  tr_acc=1.0000  val_acc=0.8942  val_auroc=0.9284  val_f1=0.8717  paired=1.00  lr=1.36e-05
Running Validation...
Ep 383/500  loss=0.9570  tr_acc=0.9977  val_acc=0.8942  val_auroc=0.9349  val_f1=0.8730  paired=1.00  lr=1.34e-05
Running Validation...
Ep 384/500  loss=0.9448  tr_acc=1.0000  val_acc=0.8942  val_auroc=0.9339  val_f1=0.8717  paired=1.00  lr=1.32e-05
Running Validation...
Ep 385/500  loss=0.9430  tr_acc=1.0000  val_acc=0.8995  val_auroc=0.9337  val_f1=0.8775  paired=1.00  lr=1.30e-05
Running Validation...
Ep 386/500  loss=0.9570  tr_acc=0.9970  val_acc=0.8783  val_auroc=0.9332  val_f1=0.8429  paired=1.00  lr=1.28e-05
Running Validation...
Ep 387/500  loss=0.9500  tr_acc=0.9992  val_acc=0.8783  val_auroc=0.9333  val_f1=0.8486  paired=1.00  lr=1.26e-05
Running Validation...
Ep 388/500  loss=0.9414  tr_acc=1.0000  val_acc=0.8783  val_auroc=0.9333  val_f1=0.8445  paired=1.00  lr=1.23e-05
Running Validation...
Ep 389/500  loss=0.9459  tr_acc=1.0000  val_acc=0.8995  val_auroc=0.9367  val_f1=0.8669  paired=1.00  lr=1.21e-05
Running Validation...
Ep 390/500  loss=0.9427  tr_acc=0.9992  val_acc=0.8995  val_auroc=0.9376  val_f1=0.8710  paired=1.00  lr=1.19e-05
Running Validation...
Ep 391/500  loss=0.9401  tr_acc=1.0000  val_acc=0.9048  val_auroc=0.9383  val_f1=0.8773  paired=1.00  lr=1.17e-05
Running Validation...
Ep 392/500  loss=0.9579  tr_acc=0.9970  val_acc=0.8995  val_auroc=0.9371  val_f1=0.8672  paired=1.00  lr=1.15e-05
Running Validation...
Ep 393/500  loss=0.9426  tr_acc=0.9985  val_acc=0.8836  val_auroc=0.9365  val_f1=0.8486  paired=1.00  lr=1.13e-05
Running Validation...
Ep 394/500  loss=0.9469  tr_acc=0.9985  val_acc=0.8889  val_auroc=0.9356  val_f1=0.8492  paired=1.00  lr=1.11e-05
Running Validation...
Ep 395/500  loss=0.9493  tr_acc=0.9992  val_acc=0.8942  val_auroc=0.9362  val_f1=0.8663  paired=1.00  lr=1.09e-05
Running Validation...
Ep 396/500  loss=0.9408  tr_acc=1.0000  val_acc=0.8836  val_auroc=0.9360  val_f1=0.8486  paired=1.00  lr=1.07e-05
Running Validation...
Ep 397/500  loss=0.9445  tr_acc=1.0000  val_acc=0.8836  val_auroc=0.9317  val_f1=0.8432  paired=1.00  lr=1.05e-05
Running Validation...
Ep 398/500  loss=0.9480  tr_acc=0.9985  val_acc=0.8995  val_auroc=0.9315  val_f1=0.8726  paired=1.00  lr=1.03e-05
Running Validation...
Ep 399/500  loss=0.9395  tr_acc=1.0000  val_acc=0.8889  val_auroc=0.9314  val_f1=0.8530  paired=1.00  lr=1.01e-05
Running Validation...
Ep 400/500  loss=0.9475  tr_acc=0.9992  val_acc=0.8889  val_auroc=0.9280  val_f1=0.8561  paired=1.00  lr=9.94e-06
Running Validation...
Ep 401/500  loss=0.9541  tr_acc=0.9970  val_acc=0.8889  val_auroc=0.9265  val_f1=0.8514  paired=1.00  lr=9.75e-06
Running Validation...
Ep 402/500  loss=0.9590  tr_acc=0.9954  val_acc=0.8836  val_auroc=0.9281  val_f1=0.8451  paired=1.00  lr=9.56e-06
Running Validation...
Ep 403/500  loss=0.9425  tr_acc=1.0000  val_acc=0.8889  val_auroc=0.9265  val_f1=0.8546  paired=1.00  lr=9.38e-06
Running Validation...
Ep 404/500  loss=0.9494  tr_acc=0.9985  val_acc=0.8942  val_auroc=0.9276  val_f1=0.8611  paired=1.00  lr=9.19e-06
Running Validation...
Ep 405/500  loss=0.9472  tr_acc=1.0000  val_acc=0.8942  val_auroc=0.9285  val_f1=0.8643  paired=1.00  lr=9.01e-06
Running Validation...
Ep 406/500  loss=0.9580  tr_acc=0.9970  val_acc=0.8942  val_auroc=0.9292  val_f1=0.8611  paired=1.00  lr=8.83e-06
Running Validation...
Ep 407/500  loss=0.9515  tr_acc=0.9977  val_acc=0.8942  val_auroc=0.9294  val_f1=0.8648  paired=1.00  lr=8.65e-06
Running Validation...
Ep 408/500  loss=0.9467  tr_acc=0.9985  val_acc=0.8942  val_auroc=0.9293  val_f1=0.8648  paired=1.00  lr=8.47e-06
Running Validation...
Ep 409/500  loss=0.9507  tr_acc=0.9992  val_acc=0.8942  val_auroc=0.9302  val_f1=0.8611  paired=1.00  lr=8.29e-06
Running Validation...
Ep 410/500  loss=0.9407  tr_acc=1.0000  val_acc=0.8889  val_auroc=0.9278  val_f1=0.8551  paired=1.00  lr=8.12e-06
Running Validation...
Ep 411/500  loss=0.9513  tr_acc=0.9985  val_acc=0.8889  val_auroc=0.9275  val_f1=0.8551  paired=1.00  lr=7.94e-06
Running Validation...
Ep 412/500  loss=0.9459  tr_acc=0.9985  val_acc=0.8889  val_auroc=0.9277  val_f1=0.8586  paired=1.00  lr=7.77e-06
Running Validation...
Ep 413/500  loss=0.9475  tr_acc=0.9977  val_acc=0.8889  val_auroc=0.9278  val_f1=0.8513  paired=1.00  lr=7.60e-06
Running Validation...
Ep 414/500  loss=0.9443  tr_acc=0.9992  val_acc=0.8942  val_auroc=0.9280  val_f1=0.8648  paired=1.00  lr=7.43e-06
Running Validation...
Ep 415/500  loss=0.9435  tr_acc=0.9992  val_acc=0.8889  val_auroc=0.9287  val_f1=0.8586  paired=1.00  lr=7.27e-06
Running Validation...
Ep 416/500  loss=0.9493  tr_acc=0.9992  val_acc=0.8836  val_auroc=0.9266  val_f1=0.8506  paired=1.00  lr=7.10e-06
Running Validation...
Ep 417/500  loss=0.9394  tr_acc=1.0000  val_acc=0.8889  val_auroc=0.9292  val_f1=0.8581  paired=1.00  lr=6.94e-06
Running Validation...
Ep 418/500  loss=0.9476  tr_acc=0.9992  val_acc=0.8836  val_auroc=0.9268  val_f1=0.8452  paired=1.00  lr=6.78e-06
Running Validation...
Ep 419/500  loss=0.9421  tr_acc=0.9992  val_acc=0.8995  val_auroc=0.9269  val_f1=0.8709  paired=1.00  lr=6.62e-06
Running Validation...
Ep 420/500  loss=0.9500  tr_acc=0.9992  val_acc=0.8889  val_auroc=0.9280  val_f1=0.8513  paired=1.00  lr=6.46e-06
Running Validation...
Ep 421/500  loss=0.9507  tr_acc=0.9985  val_acc=0.8889  val_auroc=0.9279  val_f1=0.8528  paired=1.00  lr=6.30e-06
Running Validation...
Ep 422/500  loss=0.9472  tr_acc=0.9992  val_acc=0.8942  val_auroc=0.9287  val_f1=0.8648  paired=1.00  lr=6.15e-06
Running Validation...
Ep 423/500  loss=0.9433  tr_acc=0.9992  val_acc=0.8889  val_auroc=0.9265  val_f1=0.8513  paired=1.00  lr=5.99e-06
Running Validation...
Ep 424/500  loss=0.9454  tr_acc=0.9985  val_acc=0.8889  val_auroc=0.9258  val_f1=0.8561  paired=1.00  lr=5.84e-06
Running Validation...
Ep 425/500  loss=0.9461  tr_acc=0.9992  val_acc=0.8836  val_auroc=0.9258  val_f1=0.8463  paired=1.00  lr=5.69e-06
Running Validation...
Ep 426/500  loss=0.9540  tr_acc=0.9970  val_acc=0.8995  val_auroc=0.9295  val_f1=0.8723  paired=1.00  lr=5.55e-06
Running Validation...
Ep 427/500  loss=0.9460  tr_acc=0.9985  val_acc=0.8836  val_auroc=0.9289  val_f1=0.8484  paired=1.00  lr=5.40e-06
Running Validation...
Ep 428/500  loss=0.9470  tr_acc=0.9992  val_acc=0.8889  val_auroc=0.9277  val_f1=0.8523  paired=1.00  lr=5.26e-06
Running Validation...
Ep 429/500  loss=0.9439  tr_acc=0.9992  val_acc=0.8889  val_auroc=0.9233  val_f1=0.8486  paired=1.00  lr=5.11e-06
Running Validation...
Ep 430/500  loss=0.9418  tr_acc=0.9992  val_acc=0.8889  val_auroc=0.9269  val_f1=0.8486  paired=1.00  lr=4.97e-06
Running Validation...
Ep 431/500  loss=0.9393  tr_acc=1.0000  val_acc=0.8889  val_auroc=0.9260  val_f1=0.8486  paired=1.00  lr=4.84e-06
Running Validation...
Ep 432/500  loss=0.9548  tr_acc=0.9985  val_acc=0.8889  val_auroc=0.9264  val_f1=0.8486  paired=1.00  lr=4.70e-06
Running Validation...
Ep 433/500  loss=0.9453  tr_acc=0.9992  val_acc=0.8889  val_auroc=0.9174  val_f1=0.8486  paired=1.00  lr=4.57e-06
Running Validation...
Ep 434/500  loss=0.9409  tr_acc=0.9992  val_acc=0.8836  val_auroc=0.9270  val_f1=0.8442  paired=1.00  lr=4.43e-06
Running Validation...
Ep 435/500  loss=0.9550  tr_acc=0.9970  val_acc=0.8995  val_auroc=0.9280  val_f1=0.8685  paired=1.00  lr=4.30e-06
Running Validation...
Ep 436/500  loss=0.9531  tr_acc=0.9962  val_acc=0.8942  val_auroc=0.9268  val_f1=0.8626  paired=1.00  lr=4.17e-06
Running Validation...
Ep 437/500  loss=0.9452  tr_acc=0.9992  val_acc=0.8942  val_auroc=0.9280  val_f1=0.8586  paired=1.00  lr=4.04e-06
Running Validation...
Ep 438/500  loss=0.9453  tr_acc=1.0000  val_acc=0.8942  val_auroc=0.9278  val_f1=0.8586  paired=1.00  lr=3.92e-06
Running Validation...
Ep 439/500  loss=0.9461  tr_acc=0.9985  val_acc=0.8889  val_auroc=0.9262  val_f1=0.8486  paired=1.00  lr=3.80e-06
Running Validation...
Ep 440/500  loss=0.9490  tr_acc=0.9977  val_acc=0.8995  val_auroc=0.9275  val_f1=0.8685  paired=1.00  lr=3.67e-06
Running Validation...
Ep 441/500  loss=0.9475  tr_acc=1.0000  val_acc=0.8889  val_auroc=0.9257  val_f1=0.8486  paired=1.00  lr=3.55e-06
Running Validation...
Ep 442/500  loss=0.9455  tr_acc=0.9992  val_acc=0.8889  val_auroc=0.9249  val_f1=0.8486  paired=1.00  lr=3.44e-06
Running Validation...
Ep 443/500  loss=0.9578  tr_acc=0.9985  val_acc=0.8942  val_auroc=0.9289  val_f1=0.8626  paired=1.00  lr=3.32e-06
Running Validation...
Ep 444/500  loss=0.9541  tr_acc=0.9962  val_acc=0.8730  val_auroc=0.9278  val_f1=0.8318  paired=1.00  lr=3.21e-06
Running Validation...
Ep 445/500  loss=0.9405  tr_acc=1.0000  val_acc=0.8889  val_auroc=0.9245  val_f1=0.8486  paired=1.00  lr=3.09e-06
Running Validation...
Ep 446/500  loss=0.9603  tr_acc=0.9962  val_acc=0.8889  val_auroc=0.9273  val_f1=0.8486  paired=1.00  lr=2.98e-06
Running Validation...
Ep 447/500  loss=0.9444  tr_acc=0.9992  val_acc=0.8836  val_auroc=0.9278  val_f1=0.8469  paired=1.00  lr=2.88e-06
Running Validation...
Ep 448/500  loss=0.9434  tr_acc=0.9992  val_acc=0.8889  val_auroc=0.9286  val_f1=0.8523  paired=1.00  lr=2.77e-06
Running Validation...
Ep 449/500  loss=0.9445  tr_acc=0.9992  val_acc=0.8836  val_auroc=0.9303  val_f1=0.8474  paired=1.00  lr=2.67e-06
Running Validation...
Ep 450/500  loss=0.9462  tr_acc=0.9992  val_acc=0.8942  val_auroc=0.9286  val_f1=0.8624  paired=1.00  lr=2.56e-06
Running Validation...
Ep 451/500  loss=0.9513  tr_acc=0.9985  val_acc=0.8942  val_auroc=0.9265  val_f1=0.8581  paired=1.00  lr=2.46e-06
Running Validation...
Ep 452/500  loss=0.9444  tr_acc=0.9992  val_acc=0.8836  val_auroc=0.9266  val_f1=0.8480  paired=1.00  lr=2.36e-06
Running Validation...
Ep 453/500  loss=0.9491  tr_acc=0.9985  val_acc=0.8942  val_auroc=0.9312  val_f1=0.8581  paired=1.00  lr=2.27e-06
Running Validation...
Ep 454/500  loss=0.9556  tr_acc=0.9977  val_acc=0.8942  val_auroc=0.9350  val_f1=0.8627  paired=1.00  lr=2.17e-06
Running Validation...
Ep 455/500  loss=0.9541  tr_acc=0.9977  val_acc=0.8836  val_auroc=0.9317  val_f1=0.8435  paired=1.00  lr=2.08e-06
Running Validation...
Ep 456/500  loss=0.9437  tr_acc=1.0000  val_acc=0.8889  val_auroc=0.9337  val_f1=0.8492  paired=1.00  lr=1.99e-06
Running Validation...
Ep 457/500  loss=0.9470  tr_acc=0.9985  val_acc=0.8783  val_auroc=0.9333  val_f1=0.8344  paired=1.00  lr=1.90e-06
Running Validation...
Ep 458/500  loss=0.9508  tr_acc=0.9977  val_acc=0.8836  val_auroc=0.9247  val_f1=0.8435  paired=1.00  lr=1.81e-06
Running Validation...
Ep 459/500  loss=0.9441  tr_acc=1.0000  val_acc=0.8942  val_auroc=0.9334  val_f1=0.8596  paired=1.00  lr=1.73e-06
Running Validation...
Ep 460/500  loss=0.9590  tr_acc=0.9939  val_acc=0.8942  val_auroc=0.9341  val_f1=0.8640  paired=1.00  lr=1.65e-06
Running Validation...
Ep 461/500  loss=0.9518  tr_acc=0.9985  val_acc=0.8889  val_auroc=0.9345  val_f1=0.8539  paired=1.00  lr=1.57e-06
Running Validation...
Ep 462/500  loss=0.9481  tr_acc=0.9992  val_acc=0.8889  val_auroc=0.9334  val_f1=0.8567  paired=1.00  lr=1.49e-06
Running Validation...
Ep 463/500  loss=0.9499  tr_acc=1.0000  val_acc=0.8942  val_auroc=0.9341  val_f1=0.8640  paired=1.00  lr=1.41e-06
Running Validation...
Ep 464/500  loss=0.9415  tr_acc=1.0000  val_acc=0.8942  val_auroc=0.9351  val_f1=0.8596  paired=1.00  lr=1.34e-06
Running Validation...
Ep 465/500  loss=0.9358  tr_acc=0.9992  val_acc=0.8889  val_auroc=0.9342  val_f1=0.8492  paired=1.00  lr=1.26e-06
Running Validation...
Ep 466/500  loss=0.9427  tr_acc=1.0000  val_acc=0.8889  val_auroc=0.9337  val_f1=0.8492  paired=1.00  lr=1.19e-06
Running Validation...
Ep 467/500  loss=0.9449  tr_acc=1.0000  val_acc=0.8889  val_auroc=0.9336  val_f1=0.8539  paired=1.00  lr=1.12e-06
Running Validation...
Ep 468/500  loss=0.9559  tr_acc=0.9962  val_acc=0.8889  val_auroc=0.9341  val_f1=0.8492  paired=1.00  lr=1.06e-06
Running Validation...
Ep 469/500  loss=0.9510  tr_acc=0.9977  val_acc=0.8942  val_auroc=0.9348  val_f1=0.8640  paired=1.00  lr=9.91e-07
Running Validation...
Ep 470/500  loss=0.9469  tr_acc=0.9992  val_acc=0.8889  val_auroc=0.9336  val_f1=0.8539  paired=1.00  lr=9.29e-07
Running Validation...
Ep 471/500  loss=0.9381  tr_acc=1.0000  val_acc=0.8889  val_auroc=0.9334  val_f1=0.8492  paired=1.00  lr=8.68e-07
Running Validation...
Ep 472/500  loss=0.9487  tr_acc=0.9992  val_acc=0.8942  val_auroc=0.9331  val_f1=0.8596  paired=1.00  lr=8.50e-07
Running Validation...
Ep 473/500  loss=0.9433  tr_acc=0.9992  val_acc=0.8889  val_auroc=0.9337  val_f1=0.8492  paired=1.00  lr=8.50e-07
Running Validation...
Ep 474/500  loss=0.9406  tr_acc=1.0000  val_acc=0.8889  val_auroc=0.9339  val_f1=0.8492  paired=1.00  lr=8.50e-07
Running Validation...
Ep 475/500  loss=0.9474  tr_acc=0.9985  val_acc=0.8942  val_auroc=0.9353  val_f1=0.8640  paired=1.00  lr=8.50e-07
Running Validation...
Ep 476/500  loss=0.9401  tr_acc=1.0000  val_acc=0.8889  val_auroc=0.9340  val_f1=0.8507  paired=1.00  lr=8.50e-07
Running Validation...
Ep 477/500  loss=0.9532  tr_acc=0.9962  val_acc=0.8942  val_auroc=0.9321  val_f1=0.8640  paired=1.00  lr=8.50e-07
Running Validation...
Ep 478/500  loss=0.9465  tr_acc=0.9992  val_acc=0.8889  val_auroc=0.9349  val_f1=0.8492  paired=1.00  lr=8.50e-07
Running Validation...
Ep 479/500  loss=0.9359  tr_acc=1.0000  val_acc=0.8889  val_auroc=0.9335  val_f1=0.8492  paired=1.00  lr=8.50e-07
Running Validation...
Ep 480/500  loss=0.9510  tr_acc=0.9985  val_acc=0.8942  val_auroc=0.9346  val_f1=0.8640  paired=1.00  lr=8.50e-07
Running Validation...
Ep 481/500  loss=0.9635  tr_acc=0.9947  val_acc=0.8836  val_auroc=0.9358  val_f1=0.8482  paired=1.00  lr=8.50e-07
Running Validation...
Ep 482/500  loss=0.9456  tr_acc=0.9992  val_acc=0.8889  val_auroc=0.9335  val_f1=0.8492  paired=1.00  lr=8.50e-07
Running Validation...
Ep 483/500  loss=0.9471  tr_acc=0.9992  val_acc=0.8995  val_auroc=0.9347  val_f1=0.8682  paired=1.00  lr=8.50e-07
Running Validation...
Ep 484/500  loss=0.9467  tr_acc=0.9985  val_acc=0.8889  val_auroc=0.9324  val_f1=0.8492  paired=1.00  lr=8.50e-07
Running Validation...
Ep 485/500  loss=0.9518  tr_acc=0.9985  val_acc=0.8995  val_auroc=0.9322  val_f1=0.8697  paired=1.00  lr=8.50e-07
Running Validation...
Ep 486/500  loss=0.9535  tr_acc=0.9977  val_acc=0.8889  val_auroc=0.9338  val_f1=0.8492  paired=1.00  lr=8.50e-07
Running Validation...
Ep 487/500  loss=0.9366  tr_acc=1.0000  val_acc=0.8942  val_auroc=0.9340  val_f1=0.8596  paired=1.00  lr=8.50e-07
Running Validation...
Ep 488/500  loss=0.9515  tr_acc=0.9985  val_acc=0.8889  val_auroc=0.9342  val_f1=0.8492  paired=1.00  lr=8.50e-07
Running Validation...
Ep 489/500  loss=0.9510  tr_acc=0.9992  val_acc=0.8889  val_auroc=0.9339  val_f1=0.8492  paired=1.00  lr=8.50e-07
Running Validation...
Ep 490/500  loss=0.9476  tr_acc=0.9985  val_acc=0.8889  val_auroc=0.9318  val_f1=0.8492  paired=1.00  lr=8.50e-07
Running Validation...
Ep 491/500  loss=0.9571  tr_acc=0.9992  val_acc=0.8942  val_auroc=0.9332  val_f1=0.8640  paired=1.00  lr=8.50e-07
Running Validation...
Ep 492/500  loss=0.9474  tr_acc=0.9992  val_acc=0.8889  val_auroc=0.9338  val_f1=0.8492  paired=1.00  lr=8.50e-07
Running Validation...
Ep 493/500  loss=0.9547  tr_acc=0.9992  val_acc=0.8889  val_auroc=0.9346  val_f1=0.8582  paired=1.00  lr=8.50e-07
Running Validation...
Ep 494/500  loss=0.9466  tr_acc=0.9985  val_acc=0.9048  val_auroc=0.9355  val_f1=0.8781  paired=1.00  lr=8.50e-07
Running Validation...
Ep 495/500  loss=0.9492  tr_acc=0.9992  val_acc=0.8889  val_auroc=0.9348  val_f1=0.8566  paired=1.00  lr=8.50e-07
Running Validation...
Ep 496/500  loss=0.9421  tr_acc=0.9992  val_acc=0.8783  val_auroc=0.9342  val_f1=0.8392  paired=1.00  lr=8.50e-07
Running Validation...
Ep 497/500  loss=0.9516  tr_acc=0.9992  val_acc=0.8995  val_auroc=0.9348  val_f1=0.8723  paired=1.00  lr=8.50e-07
Running Validation...
Ep 498/500  loss=0.9400  tr_acc=1.0000  val_acc=0.8889  val_auroc=0.9341  val_f1=0.8523  paired=1.00  lr=8.50e-07
Running Validation...
Ep 499/500  loss=0.9536  tr_acc=0.9977  val_acc=0.8836  val_auroc=0.9346  val_f1=0.8496  paired=1.00  lr=8.50e-07
Running Validation...
Ep 500/500  loss=0.9548  tr_acc=0.9962  val_acc=0.8995  val_auroc=0.9359  val_f1=0.8713  paired=1.00  lr=8.50e-07
Training complete. Best AUROC: 0.9563, Best F1: 0.8911
Loaded best model from best_f1_model.pt (epoch 242)
Running Validation (final)...

Binary fairness (Validation):
  Acc_light: 0.9193  (FST I–III)
  Acc_dark : 0.8000  (FST IV–VI)
  Acc_gap  : 0.1193
  DP_diff  : 0.0591
  EOpp0    : 0.1052
  EOpp1    : 0.0976
  EOdd     : 0.1014
