=========================================
Job:       train_No_Contr_vit  (449200)
Node:      bigpu03
Started:   Wed Jun 24 05:27:18 PM CEST 2026
=========================================
[INFO] No HF token found at /users/jlacmou/.hf_token — downloads may be slow.
[INFO] No kaggle.json found in 20260623-process. Relying on ~/.kaggle/ or env vars.
[SETUP] Installing / verifying Python dependencies...

── GPU info ──────────────────────────────
Tesla V100-PCIE-32GB, 32768 MiB, 575.57.08
PyTorch : 2.12.1+cu126
CUDA    : 12.6
Devices : 1
GPU 0   : Tesla V100-PCIE-32GB
VRAM    : 34.1 GB
──────────────────────────────────────────

[CHECK] Validating dataset roots...
  [OK]      20260623-process/data/datasets/asosenge/hibaskinlesionsdataset-main
  [OK]      20260623-process/data/datasets/asosenge/fitzpatrick17k
  [OK]      20260623-process/data/datasets/asosenge/derm7pt
  [OK]      20260623-process/data/datasets/mahdavi1202/skin-cancer
  [OK]      20260623-process/data/datasets/sengenjih/isic2019

[CONVERT] Converting notebook to Python script...
[PATCH] Redirecting Kaggle paths → cluster paths...
  DATA_ROOT  → 20260623-process/data/datasets
  WORK_ROOT  → 20260623-process/outputs_No_Contr_vit
  BB_CACHE   → 20260623-process/backbone_cache
  Patch applied successfully.

[RUN] Starting training — Wed Jun 24 05:27:33 PM CEST 2026
=========================================
Device: cuda
Checking configured paths:
  WORK_ROOT : outputs_No_Contr_vit  [OK]
  CSV_DIR   : outputs_No_Contr_vit/csvs  [OK]
  hiba           : 20260623-process/data/datasets/asosenge/hibaskinlesionsdataset-main/HIBASkinLesionsDataset-main/images  [OK]
  fitzpatrick17k : 20260623-process/data/datasets/asosenge/fitzpatrick17k/fitzpatrick17k/data/finalfitz17k  [OK]
  derm7pt        : 20260623-process/data/datasets/asosenge/derm7pt/release_v0/images  [OK]
  padufes20      : 20260623-process/data/datasets/mahdavi1202/skin-cancer  [OK]
  isic2019       : 20260623-process/data/datasets/sengenjih/isic2019  [OK]
CSV dir:        outputs_No_Contr_vit/csvs
Checkpoints:    outputs_No_Contr_vit/checkpoints_No_Contr_vit
Results:        outputs_No_Contr_vit/results_No_Contr_vit
Num classes:    3  (melanoma, nevus, basal cell carcinoma)
Dataset roots:
  hiba           : 20260623-process/data/datasets/asosenge/hibaskinlesionsdataset-main/HIBASkinLesionsDataset-main/images
  fitzpatrick17k : 20260623-process/data/datasets/asosenge/fitzpatrick17k/fitzpatrick17k/data/finalfitz17k
  derm7pt        : 20260623-process/data/datasets/asosenge/derm7pt/release_v0/images
  padufes20      : 20260623-process/data/datasets/mahdavi1202/skin-cancer
  isic2019       : 20260623-process/data/datasets/sengenjih/isic2019
[INFO] Built image map for hiba: 1616 entries
[INFO] Built image map for fitzpatrick17k: 16577 entries
[INFO] Built image map for derm7pt: 2013 entries
[INFO] Built image map for padufes20: 2298 entries
[INFO] Built image map for isic2019: 33569 entries
[INFO] paired_train: loaded 738 ID-matched pairs from split clin/derm CSVs
[INFO] paired_val: loaded 106 ID-matched pairs from split clin/derm CSVs
[INFO] paired_test: loaded 211 ID-matched pairs from split clin/derm CSVs
[INFO] Loaded fitzpatrick17k eval set: 1727 samples
[INFO] Loaded padufes20 eval set: 1141 samples
[INFO] Loaded isic2019 eval set: 25517 samples
Train batches: 41, Val batches: 6
Test batches: 33
Cross-eval loaders: ['fitzpatrick17k', 'padufes20', 'isic2019']
Class weights: [0.819 0.385 1.796]
Running Validation...
Ep   1/50  loss=4.3962  tr_acc=0.4383  val_acc=0.3439  val_auroc=0.7554  val_f1=0.3578  paired=1.00  lr=3.40e-05
Running Validation...
Ep   2/50  loss=4.2492  tr_acc=0.5960  val_acc=0.4974  val_auroc=0.8424  val_f1=0.5323  paired=1.00  lr=5.10e-05
Running Validation...
Ep   3/50  loss=4.1443  tr_acc=0.7492  val_acc=0.7196  val_auroc=0.8914  val_f1=0.7020  paired=1.00  lr=6.80e-05
Running Validation...
Ep   4/50  loss=4.0889  tr_acc=0.7973  val_acc=0.7778  val_auroc=0.8819  val_f1=0.7189  paired=1.00  lr=8.50e-05
Running Validation...
Ep   5/50  loss=4.0152  tr_acc=0.8102  val_acc=0.6349  val_auroc=0.8509  val_f1=0.6213  paired=1.00  lr=8.50e-05
Running Validation...
Ep   6/50  loss=3.9414  tr_acc=0.8643  val_acc=0.7725  val_auroc=0.9077  val_f1=0.7182  paired=1.00  lr=8.49e-05
Running Validation...
Ep   7/50  loss=3.8999  tr_acc=0.8643  val_acc=0.8042  val_auroc=0.8958  val_f1=0.7312  paired=1.00  lr=8.46e-05
Running Validation...
Ep   8/50  loss=3.8687  tr_acc=0.8636  val_acc=0.6667  val_auroc=0.8751  val_f1=0.6409  paired=1.00  lr=8.41e-05
Running Validation...
Ep   9/50  loss=3.8126  tr_acc=0.8887  val_acc=0.8095  val_auroc=0.8903  val_f1=0.7589  paired=1.00  lr=8.34e-05
Running Validation...
Ep  10/50  loss=3.7964  tr_acc=0.8773  val_acc=0.8466  val_auroc=0.9183  val_f1=0.8099  paired=1.00  lr=8.24e-05
Running Validation...
Ep  11/50  loss=3.7362  tr_acc=0.9017  val_acc=0.7619  val_auroc=0.9013  val_f1=0.7254  paired=1.00  lr=8.13e-05
Running Validation...
Ep  12/50  loss=3.7203  tr_acc=0.9062  val_acc=0.7884  val_auroc=0.9097  val_f1=0.7893  paired=1.00  lr=8.00e-05
Running Validation...
Ep  13/50  loss=3.6874  tr_acc=0.9101  val_acc=0.8783  val_auroc=0.9299  val_f1=0.8527  paired=1.00  lr=7.85e-05
Running Validation...
Ep  14/50  loss=3.6571  tr_acc=0.9078  val_acc=0.7937  val_auroc=0.8816  val_f1=0.7361  paired=1.00  lr=7.69e-05
Running Validation...
Ep  15/50  loss=3.6273  tr_acc=0.9215  val_acc=0.8148  val_auroc=0.9240  val_f1=0.8202  paired=1.00  lr=7.51e-05
Running Validation...
Ep  16/50  loss=3.6117  tr_acc=0.9245  val_acc=0.8042  val_auroc=0.9079  val_f1=0.7774  paired=1.00  lr=7.31e-05
Running Validation...
Ep  17/50  loss=3.5942  tr_acc=0.9284  val_acc=0.8307  val_auroc=0.9199  val_f1=0.8009  paired=1.00  lr=7.09e-05
Running Validation...
Ep  18/50  loss=3.5748  tr_acc=0.9345  val_acc=0.8624  val_auroc=0.9045  val_f1=0.8298  paired=1.00  lr=6.87e-05
Running Validation...
Ep  19/50  loss=3.5466  tr_acc=0.9459  val_acc=0.8413  val_auroc=0.9344  val_f1=0.8273  paired=1.00  lr=6.63e-05
Running Validation...
Ep  20/50  loss=3.5254  tr_acc=0.9596  val_acc=0.7884  val_auroc=0.9392  val_f1=0.7876  paired=1.00  lr=6.38e-05
Running Validation...
Ep  21/50  loss=3.5186  tr_acc=0.9543  val_acc=0.8624  val_auroc=0.9353  val_f1=0.8573  paired=1.00  lr=6.11e-05
Running Validation...
Ep  22/50  loss=3.5040  tr_acc=0.9558  val_acc=0.8730  val_auroc=0.9097  val_f1=0.8395  paired=1.00  lr=5.84e-05
Running Validation...
Ep  23/50  loss=3.5033  tr_acc=0.9482  val_acc=0.8677  val_auroc=0.9138  val_f1=0.8393  paired=1.00  lr=5.56e-05
Running Validation...
Ep  24/50  loss=3.4864  tr_acc=0.9604  val_acc=0.8466  val_auroc=0.9222  val_f1=0.8229  paired=1.00  lr=5.28e-05
Running Validation...
Ep  25/50  loss=3.4843  tr_acc=0.9581  val_acc=0.8730  val_auroc=0.9223  val_f1=0.8255  paired=1.00  lr=4.99e-05
Running Validation...
Ep  26/50  loss=3.4814  tr_acc=0.9497  val_acc=0.8413  val_auroc=0.9133  val_f1=0.7983  paired=1.00  lr=4.69e-05
Running Validation...
Ep  27/50  loss=3.4774  tr_acc=0.9634  val_acc=0.8783  val_auroc=0.9382  val_f1=0.8567  paired=1.00  lr=4.40e-05
Running Validation...
Ep  28/50  loss=3.4684  tr_acc=0.9657  val_acc=0.7884  val_auroc=0.9113  val_f1=0.7887  paired=1.00  lr=4.10e-05
Running Validation...
Ep  29/50  loss=3.4439  tr_acc=0.9665  val_acc=0.8783  val_auroc=0.9306  val_f1=0.8452  paired=1.00  lr=3.81e-05
Running Validation...
Ep  30/50  loss=3.4495  tr_acc=0.9634  val_acc=0.8836  val_auroc=0.9023  val_f1=0.8503  paired=1.00  lr=3.51e-05
Running Validation...
Ep  31/50  loss=3.4283  tr_acc=0.9771  val_acc=0.8519  val_auroc=0.9225  val_f1=0.8157  paired=1.00  lr=3.22e-05
Running Validation...
Ep  32/50  loss=3.4357  tr_acc=0.9748  val_acc=0.8571  val_auroc=0.9163  val_f1=0.8303  paired=1.00  lr=2.94e-05
Running Validation...
Ep  33/50  loss=3.4298  tr_acc=0.9741  val_acc=0.8783  val_auroc=0.9111  val_f1=0.8450  paired=1.00  lr=2.66e-05
Running Validation...
Ep  34/50  loss=3.4140  tr_acc=0.9886  val_acc=0.8677  val_auroc=0.9389  val_f1=0.8356  paired=1.00  lr=2.39e-05
Running Validation...
Ep  35/50  loss=3.4054  tr_acc=0.9886  val_acc=0.8677  val_auroc=0.9245  val_f1=0.8356  paired=1.00  lr=2.13e-05
Running Validation...
Ep  36/50  loss=3.4102  tr_acc=0.9870  val_acc=0.8624  val_auroc=0.9149  val_f1=0.8318  paired=1.00  lr=1.87e-05
Running Validation...
Ep  37/50  loss=3.4062  tr_acc=0.9855  val_acc=0.8730  val_auroc=0.9233  val_f1=0.8441  paired=1.00  lr=1.63e-05
Running Validation...
Ep  38/50  loss=3.4198  tr_acc=0.9802  val_acc=0.8677  val_auroc=0.9332  val_f1=0.8415  paired=1.00  lr=1.41e-05
Running Validation...
Ep  39/50  loss=3.4010  tr_acc=0.9855  val_acc=0.8730  val_auroc=0.9397  val_f1=0.8472  paired=1.00  lr=1.19e-05
Running Validation...
Ep  40/50  loss=3.4011  tr_acc=0.9825  val_acc=0.8624  val_auroc=0.9381  val_f1=0.8298  paired=1.00  lr=9.94e-06
Running Validation...
Ep  41/50  loss=3.3997  tr_acc=0.9855  val_acc=0.8571  val_auroc=0.9316  val_f1=0.8255  paired=1.00  lr=8.12e-06
Running Validation...
Ep  42/50  loss=3.4067  tr_acc=0.9802  val_acc=0.8677  val_auroc=0.9131  val_f1=0.8343  paired=1.00  lr=6.46e-06
Running Validation...
Ep  43/50  loss=3.3978  tr_acc=0.9886  val_acc=0.8677  val_auroc=0.9182  val_f1=0.8412  paired=1.00  lr=4.97e-06
Running Validation...
Ep  44/50  loss=3.3879  tr_acc=0.9924  val_acc=0.8571  val_auroc=0.9177  val_f1=0.8248  paired=1.00  lr=3.67e-06
Running Validation...
Ep  45/50  loss=3.3939  tr_acc=0.9886  val_acc=0.8624  val_auroc=0.9100  val_f1=0.8333  paired=1.00  lr=2.56e-06
Running Validation...
Ep  46/50  loss=3.3991  tr_acc=0.9916  val_acc=0.8360  val_auroc=0.9269  val_f1=0.8002  paired=1.00  lr=1.65e-06
Running Validation...
Ep  47/50  loss=3.3965  tr_acc=0.9893  val_acc=0.8519  val_auroc=0.9153  val_f1=0.8230  paired=1.00  lr=9.29e-07
Running Validation...
Ep  48/50  loss=3.3930  tr_acc=0.9863  val_acc=0.8360  val_auroc=0.9295  val_f1=0.8002  paired=1.00  lr=8.50e-07
Running Validation...
Ep  49/50  loss=3.3859  tr_acc=0.9939  val_acc=0.8360  val_auroc=0.9274  val_f1=0.8002  paired=1.00  lr=8.50e-07
Running Validation...
Ep  50/50  loss=3.3893  tr_acc=0.9909  val_acc=0.8413  val_auroc=0.9309  val_f1=0.8060  paired=1.00  lr=8.50e-07
Training complete. Best AUROC: 0.9397, Best F1: 0.8573
Loaded best model from best_f1_model.pt (epoch 21)
Running Validation (final)...
