=========================================
Job:       train_BASE_vit  (449192)
Node:      bigpu05
Started:   Wed Jun 24 12:21:57 PM CEST 2026
=========================================
[INFO] No HF token found at /users/jlacmou/.hf_token — downloads may be slow.
[INFO] No kaggle.json found in 20260623-process. Relying on ~/.kaggle/ or env vars.
[SETUP] Installing / verifying Python dependencies...

── GPU info ──────────────────────────────
Tesla V100-PCIE-32GB, 32768 MiB, 575.57.08
PyTorch : 2.12.1+cu126
CUDA    : 12.6
Devices : 1
GPU 0   : Tesla V100-PCIE-32GB
VRAM    : 34.1 GB
──────────────────────────────────────────

[CHECK] Validating dataset roots...
  [OK]      20260623-process/data/datasets/asosenge/hibaskinlesionsdataset-main
  [OK]      20260623-process/data/datasets/asosenge/fitzpatrick17k
  [OK]      20260623-process/data/datasets/asosenge/derm7pt
  [OK]      20260623-process/data/datasets/mahdavi1202/skin-cancer
  [OK]      20260623-process/data/datasets/sengenjih/isic2019

[CONVERT] Converting notebook to Python script...
[PATCH] Redirecting Kaggle paths → cluster paths...
  DATA_ROOT  → 20260623-process/data/datasets
  WORK_ROOT  → 20260623-process/outputs_BASE_vit
  BB_CACHE   → 20260623-process/backbone_cache
  Patch applied successfully.

[RUN] Starting training — Wed Jun 24 12:22:31 PM CEST 2026
=========================================
Device: cuda
Checking configured paths:
  WORK_ROOT : outputs_BASE_vit  [OK]
  CSV_DIR   : outputs_BASE_vit/csvs  [OK]
  hiba           : 20260623-process/data/datasets/asosenge/hibaskinlesionsdataset-main/HIBASkinLesionsDataset-main/images  [OK]
  fitzpatrick17k : 20260623-process/data/datasets/asosenge/fitzpatrick17k/fitzpatrick17k/data/finalfitz17k  [OK]
  derm7pt        : 20260623-process/data/datasets/asosenge/derm7pt/release_v0/images  [OK]
  padufes20      : 20260623-process/data/datasets/mahdavi1202/skin-cancer  [OK]
  isic2019       : 20260623-process/data/datasets/sengenjih/isic2019  [OK]
CSV dir      : outputs_BASE_vit/csvs
Checkpoints  : outputs_BASE_vit/checkpoints_BASE_vit
Results      : outputs_BASE_vit/results_BASE_vit
Dataset roots:
  hiba           : 20260623-process/data/datasets/asosenge/hibaskinlesionsdataset-main/HIBASkinLesionsDataset-main/images
  fitzpatrick17k : 20260623-process/data/datasets/asosenge/fitzpatrick17k/fitzpatrick17k/data/finalfitz17k
  derm7pt        : 20260623-process/data/datasets/asosenge/derm7pt/release_v0/images
  padufes20      : 20260623-process/data/datasets/mahdavi1202/skin-cancer
  isic2019       : 20260623-process/data/datasets/sengenjih/isic2019
[INFO] Built image map for hiba: 1616 entries
[INFO] Built image map for fitzpatrick17k: 16577 entries
[INFO] Built image map for derm7pt: 2013 entries
[INFO] Built image map for padufes20: 2298 entries
[INFO] Built image map for isic2019: 33569 entries
[INFO] paired_train: loaded 738 ID-matched pairs from split clin/derm CSVs
[INFO] paired_val: loaded 106 ID-matched pairs from split clin/derm CSVs
[INFO] paired_test: loaded 211 ID-matched pairs from split clin/derm CSVs
[INFO] Loaded fitzpatrick17k eval set: 1727 samples
[INFO] Loaded padufes20 eval set: 1141 samples
[INFO] Loaded isic2019 eval set: 25517 samples
Train batches: 41, Val batches: 6
Test batches: 33
Cross-eval loaders: ['fitzpatrick17k', 'padufes20', 'isic2019']
Computed class weights: [1.0538152  0.95072466 1.0007628 ]
Running Validation...
Ep   1/500  loss=1.3230  tr_acc=0.4444  val_acc=0.4709  val_auroc=0.6895  val_f1=0.4778  lr=4.00e-06
Running Validation...
Ep   2/500  loss=1.0208  tr_acc=0.5473  val_acc=0.6032  val_auroc=0.8146  val_f1=0.5823  lr=6.00e-06
Running Validation...
Ep   3/500  loss=0.7366  tr_acc=0.6768  val_acc=0.6614  val_auroc=0.8741  val_f1=0.6537  lr=8.00e-06
Running Validation...
Ep   4/500  loss=0.6124  tr_acc=0.7363  val_acc=0.7672  val_auroc=0.9195  val_f1=0.7309  lr=1.00e-05
Running Validation...
Ep   5/500  loss=0.4711  tr_acc=0.8216  val_acc=0.8254  val_auroc=0.9355  val_f1=0.8170  lr=1.20e-05
Running Validation...
Ep   6/500  loss=0.4172  tr_acc=0.8354  val_acc=0.8519  val_auroc=0.9478  val_f1=0.8437  lr=1.40e-05
Running Validation...
Ep   7/500  loss=0.3380  tr_acc=0.8788  val_acc=0.8148  val_auroc=0.9433  val_f1=0.8047  lr=1.60e-05
Running Validation...
Ep   8/500  loss=0.2823  tr_acc=0.8986  val_acc=0.8095  val_auroc=0.9492  val_f1=0.7640  lr=1.80e-05
Running Validation...
Ep   9/500  loss=0.2252  tr_acc=0.9085  val_acc=0.8519  val_auroc=0.9555  val_f1=0.8161  lr=2.00e-05
Running Validation...
Ep  10/500  loss=0.1625  tr_acc=0.9405  val_acc=0.8783  val_auroc=0.9634  val_f1=0.8491  lr=2.20e-05
Running Validation...
Ep  11/500  loss=0.1268  tr_acc=0.9619  val_acc=0.8730  val_auroc=0.9526  val_f1=0.8446  lr=2.40e-05
Running Validation...
Ep  12/500  loss=0.1403  tr_acc=0.9489  val_acc=0.8571  val_auroc=0.9524  val_f1=0.8085  lr=2.60e-05
Running Validation...
Ep  13/500  loss=0.1029  tr_acc=0.9588  val_acc=0.8624  val_auroc=0.9492  val_f1=0.8180  lr=2.80e-05
Running Validation...
Ep  14/500  loss=0.1002  tr_acc=0.9619  val_acc=0.8466  val_auroc=0.9595  val_f1=0.8171  lr=3.00e-05
Running Validation...
Ep  15/500  loss=0.0755  tr_acc=0.9718  val_acc=0.8677  val_auroc=0.9583  val_f1=0.8252  lr=3.20e-05
Running Validation...
Ep  16/500  loss=0.0838  tr_acc=0.9748  val_acc=0.8677  val_auroc=0.9564  val_f1=0.8420  lr=3.40e-05
Running Validation...
Ep  17/500  loss=0.0695  tr_acc=0.9779  val_acc=0.8571  val_auroc=0.9539  val_f1=0.8369  lr=3.60e-05
Running Validation...
Ep  18/500  loss=0.0716  tr_acc=0.9802  val_acc=0.8624  val_auroc=0.9524  val_f1=0.8262  lr=3.80e-05
Running Validation...
Ep  19/500  loss=0.0640  tr_acc=0.9741  val_acc=0.8466  val_auroc=0.9364  val_f1=0.7947  lr=4.00e-05
Running Validation...
Ep  20/500  loss=0.0656  tr_acc=0.9809  val_acc=0.8730  val_auroc=0.9586  val_f1=0.8399  lr=4.20e-05
Running Validation...
Ep  21/500  loss=0.0610  tr_acc=0.9817  val_acc=0.8624  val_auroc=0.9507  val_f1=0.8460  lr=4.40e-05
Running Validation...
Ep  22/500  loss=0.0813  tr_acc=0.9764  val_acc=0.8783  val_auroc=0.9507  val_f1=0.8463  lr=4.60e-05
Running Validation...
Ep  23/500  loss=0.0452  tr_acc=0.9878  val_acc=0.8466  val_auroc=0.9557  val_f1=0.8091  lr=4.80e-05
Running Validation...
Ep  24/500  loss=0.0442  tr_acc=0.9855  val_acc=0.8519  val_auroc=0.9451  val_f1=0.8290  lr=5.00e-05
Running Validation...
Ep  25/500  loss=0.0821  tr_acc=0.9748  val_acc=0.8624  val_auroc=0.9587  val_f1=0.8223  lr=5.20e-05
Running Validation...
Ep  26/500  loss=0.0974  tr_acc=0.9680  val_acc=0.8677  val_auroc=0.9549  val_f1=0.8462  lr=5.40e-05
Running Validation...
Ep  27/500  loss=0.0382  tr_acc=0.9863  val_acc=0.8730  val_auroc=0.9428  val_f1=0.8530  lr=5.60e-05
Running Validation...
Ep  28/500  loss=0.0913  tr_acc=0.9771  val_acc=0.8783  val_auroc=0.9504  val_f1=0.8450  lr=5.80e-05
Running Validation...
Ep  29/500  loss=0.0760  tr_acc=0.9809  val_acc=0.8466  val_auroc=0.9505  val_f1=0.8004  lr=6.00e-05
Running Validation...
Ep  30/500  loss=0.0838  tr_acc=0.9802  val_acc=0.8413  val_auroc=0.9471  val_f1=0.8026  lr=6.20e-05
Running Validation...
Ep  31/500  loss=0.0649  tr_acc=0.9764  val_acc=0.8995  val_auroc=0.9533  val_f1=0.8727  lr=6.40e-05
Running Validation...
Ep  32/500  loss=0.0552  tr_acc=0.9840  val_acc=0.8889  val_auroc=0.9621  val_f1=0.8715  lr=6.60e-05
Running Validation...
Ep  33/500  loss=0.1035  tr_acc=0.9741  val_acc=0.8413  val_auroc=0.9489  val_f1=0.7889  lr=6.80e-05
Running Validation...
Ep  34/500  loss=0.0330  tr_acc=0.9909  val_acc=0.8730  val_auroc=0.9424  val_f1=0.8360  lr=7.00e-05
Running Validation...
Ep  35/500  loss=0.0473  tr_acc=0.9893  val_acc=0.8519  val_auroc=0.9491  val_f1=0.8138  lr=7.20e-05
Running Validation...
Ep  36/500  loss=0.0502  tr_acc=0.9848  val_acc=0.8942  val_auroc=0.9538  val_f1=0.8617  lr=7.40e-05
Running Validation...
Ep  37/500  loss=0.0521  tr_acc=0.9886  val_acc=0.8148  val_auroc=0.9242  val_f1=0.7621  lr=7.60e-05
Running Validation...
Ep  38/500  loss=0.0798  tr_acc=0.9764  val_acc=0.8783  val_auroc=0.9517  val_f1=0.8583  lr=7.80e-05
Running Validation...
Ep  39/500  loss=0.0500  tr_acc=0.9901  val_acc=0.8624  val_auroc=0.9518  val_f1=0.8321  lr=8.00e-05
Running Validation...
Ep  40/500  loss=0.1051  tr_acc=0.9726  val_acc=0.8942  val_auroc=0.9555  val_f1=0.8810  lr=8.20e-05
Running Validation...
Ep  41/500  loss=0.0786  tr_acc=0.9779  val_acc=0.8519  val_auroc=0.9459  val_f1=0.8204  lr=8.40e-05
Running Validation...
Ep  42/500  loss=0.1006  tr_acc=0.9787  val_acc=0.8571  val_auroc=0.9312  val_f1=0.8370  lr=8.60e-05
Running Validation...
Ep  43/500  loss=0.0545  tr_acc=0.9848  val_acc=0.8466  val_auroc=0.9358  val_f1=0.8184  lr=8.80e-05
Running Validation...
Ep  44/500  loss=0.1297  tr_acc=0.9703  val_acc=0.8042  val_auroc=0.9173  val_f1=0.7720  lr=9.00e-05
Running Validation...
Ep  45/500  loss=0.0872  tr_acc=0.9771  val_acc=0.8307  val_auroc=0.9379  val_f1=0.7794  lr=9.20e-05
Running Validation...
Ep  46/500  loss=0.0655  tr_acc=0.9802  val_acc=0.8466  val_auroc=0.9455  val_f1=0.7927  lr=9.40e-05
Running Validation...
Ep  47/500  loss=0.0493  tr_acc=0.9840  val_acc=0.8254  val_auroc=0.9454  val_f1=0.8101  lr=9.60e-05
Running Validation...
Ep  48/500  loss=0.1532  tr_acc=0.9657  val_acc=0.8413  val_auroc=0.9461  val_f1=0.7880  lr=9.80e-05
Running Validation...
Ep  49/500  loss=0.1056  tr_acc=0.9710  val_acc=0.7725  val_auroc=0.9317  val_f1=0.7871  lr=1.00e-04
Running Validation...
Ep  50/500  loss=0.1378  tr_acc=0.9649  val_acc=0.8148  val_auroc=0.9319  val_f1=0.7871  lr=1.00e-04
Running Validation...
Ep  51/500  loss=0.1123  tr_acc=0.9718  val_acc=0.8148  val_auroc=0.9115  val_f1=0.7704  lr=1.00e-04
Running Validation...
Ep  52/500  loss=0.1450  tr_acc=0.9657  val_acc=0.8624  val_auroc=0.9353  val_f1=0.8132  lr=1.00e-04
Running Validation...
Ep  53/500  loss=0.0377  tr_acc=0.9886  val_acc=0.8307  val_auroc=0.9186  val_f1=0.7952  lr=1.00e-04
Running Validation...
Ep  54/500  loss=0.0370  tr_acc=0.9878  val_acc=0.8413  val_auroc=0.9336  val_f1=0.7844  lr=1.00e-04
Running Validation...
Ep  55/500  loss=0.0499  tr_acc=0.9893  val_acc=0.8624  val_auroc=0.9367  val_f1=0.8363  lr=1.00e-04
Running Validation...
Ep  56/500  loss=0.0842  tr_acc=0.9771  val_acc=0.8519  val_auroc=0.9304  val_f1=0.8144  lr=1.00e-04
Running Validation...
Ep  57/500  loss=0.0740  tr_acc=0.9817  val_acc=0.8519  val_auroc=0.9271  val_f1=0.8140  lr=9.99e-05
Running Validation...
Ep  58/500  loss=0.0741  tr_acc=0.9809  val_acc=0.8466  val_auroc=0.9331  val_f1=0.8257  lr=9.99e-05
Running Validation...
Ep  59/500  loss=0.0904  tr_acc=0.9794  val_acc=0.8254  val_auroc=0.9298  val_f1=0.8177  lr=9.99e-05
Running Validation...
Ep  60/500  loss=0.0573  tr_acc=0.9840  val_acc=0.8307  val_auroc=0.9212  val_f1=0.7824  lr=9.99e-05
Running Validation...
Ep  61/500  loss=0.0414  tr_acc=0.9870  val_acc=0.8519  val_auroc=0.9310  val_f1=0.8240  lr=9.99e-05
Running Validation...
Ep  62/500  loss=0.0510  tr_acc=0.9848  val_acc=0.8624  val_auroc=0.9338  val_f1=0.8210  lr=9.98e-05
Running Validation...
Ep  63/500  loss=0.0445  tr_acc=0.9870  val_acc=0.8571  val_auroc=0.9354  val_f1=0.8300  lr=9.98e-05
Running Validation...
Ep  64/500  loss=0.0466  tr_acc=0.9901  val_acc=0.8571  val_auroc=0.9214  val_f1=0.8195  lr=9.98e-05
Running Validation...
Ep  65/500  loss=0.0345  tr_acc=0.9931  val_acc=0.8783  val_auroc=0.9371  val_f1=0.8388  lr=9.97e-05
Running Validation...
Ep  66/500  loss=0.0477  tr_acc=0.9893  val_acc=0.8360  val_auroc=0.9394  val_f1=0.7700  lr=9.97e-05
Running Validation...
Ep  67/500  loss=0.0369  tr_acc=0.9909  val_acc=0.8307  val_auroc=0.9371  val_f1=0.7990  lr=9.96e-05
Running Validation...
Ep  68/500  loss=0.0586  tr_acc=0.9870  val_acc=0.8254  val_auroc=0.9156  val_f1=0.8051  lr=9.96e-05
Running Validation...
Ep  69/500  loss=0.0305  tr_acc=0.9916  val_acc=0.8677  val_auroc=0.9445  val_f1=0.8554  lr=9.96e-05
Running Validation...
Ep  70/500  loss=0.0432  tr_acc=0.9901  val_acc=0.8677  val_auroc=0.9506  val_f1=0.8421  lr=9.95e-05
Running Validation...
Ep  71/500  loss=0.0368  tr_acc=0.9878  val_acc=0.8254  val_auroc=0.9345  val_f1=0.7750  lr=9.95e-05
Running Validation...
Ep  72/500  loss=0.0429  tr_acc=0.9909  val_acc=0.8519  val_auroc=0.9427  val_f1=0.8154  lr=9.94e-05
Running Validation...
Ep  73/500  loss=0.0405  tr_acc=0.9931  val_acc=0.8995  val_auroc=0.9509  val_f1=0.8839  lr=9.94e-05
Running Validation...
Ep  74/500  loss=0.0375  tr_acc=0.9916  val_acc=0.8519  val_auroc=0.9383  val_f1=0.8218  lr=9.93e-05
Running Validation...
Ep  75/500  loss=0.0413  tr_acc=0.9901  val_acc=0.8148  val_auroc=0.9001  val_f1=0.7855  lr=9.92e-05
Running Validation...
Ep  76/500  loss=0.0460  tr_acc=0.9893  val_acc=0.8254  val_auroc=0.9386  val_f1=0.7791  lr=9.92e-05
Running Validation...
Ep  77/500  loss=0.0780  tr_acc=0.9832  val_acc=0.8889  val_auroc=0.9539  val_f1=0.8674  lr=9.91e-05
Running Validation...
Ep  78/500  loss=0.0320  tr_acc=0.9931  val_acc=0.8466  val_auroc=0.9265  val_f1=0.8099  lr=9.90e-05
Running Validation...
Ep  79/500  loss=0.0656  tr_acc=0.9878  val_acc=0.8677  val_auroc=0.9299  val_f1=0.8323  lr=9.90e-05
Running Validation...
Ep  80/500  loss=0.0256  tr_acc=0.9939  val_acc=0.8413  val_auroc=0.9112  val_f1=0.7897  lr=9.89e-05
Running Validation...
Ep  81/500  loss=0.0134  tr_acc=0.9954  val_acc=0.8413  val_auroc=0.9329  val_f1=0.7783  lr=9.88e-05
Running Validation...
Ep  82/500  loss=0.0280  tr_acc=0.9909  val_acc=0.8519  val_auroc=0.9230  val_f1=0.8053  lr=9.88e-05
Running Validation...
Ep  83/500  loss=0.0517  tr_acc=0.9886  val_acc=0.8307  val_auroc=0.9335  val_f1=0.7832  lr=9.87e-05
Running Validation...
Ep  84/500  loss=0.0426  tr_acc=0.9909  val_acc=0.8624  val_auroc=0.9117  val_f1=0.8182  lr=9.86e-05
Running Validation...
Ep  85/500  loss=0.0336  tr_acc=0.9909  val_acc=0.8677  val_auroc=0.9291  val_f1=0.8335  lr=9.85e-05
Running Validation...
Ep  86/500  loss=0.0486  tr_acc=0.9893  val_acc=0.8466  val_auroc=0.9217  val_f1=0.8057  lr=9.84e-05
Running Validation...
Ep  87/500  loss=0.0201  tr_acc=0.9939  val_acc=0.8889  val_auroc=0.9552  val_f1=0.8564  lr=9.83e-05
Running Validation...
Ep  88/500  loss=0.0635  tr_acc=0.9901  val_acc=0.8677  val_auroc=0.9316  val_f1=0.8256  lr=9.83e-05
Running Validation...
Ep  89/500  loss=0.0102  tr_acc=0.9985  val_acc=0.8466  val_auroc=0.9209  val_f1=0.8170  lr=9.82e-05
Running Validation...
Ep  90/500  loss=0.0213  tr_acc=0.9970  val_acc=0.8307  val_auroc=0.9156  val_f1=0.7650  lr=9.81e-05
Running Validation...
Ep  91/500  loss=0.0207  tr_acc=0.9931  val_acc=0.8677  val_auroc=0.9479  val_f1=0.8394  lr=9.80e-05
Running Validation...
Ep  92/500  loss=0.0289  tr_acc=0.9924  val_acc=0.8730  val_auroc=0.9417  val_f1=0.8464  lr=9.79e-05
Running Validation...
Ep  93/500  loss=0.0306  tr_acc=0.9939  val_acc=0.8624  val_auroc=0.9334  val_f1=0.8213  lr=9.78e-05
Running Validation...
Ep  94/500  loss=0.0505  tr_acc=0.9924  val_acc=0.8571  val_auroc=0.9416  val_f1=0.8285  lr=9.77e-05
Running Validation...
Ep  95/500  loss=0.0953  tr_acc=0.9794  val_acc=0.8571  val_auroc=0.9466  val_f1=0.8289  lr=9.76e-05
Running Validation...
Ep  96/500  loss=0.0658  tr_acc=0.9848  val_acc=0.8624  val_auroc=0.9509  val_f1=0.8318  lr=9.74e-05
Running Validation...
Ep  97/500  loss=0.0728  tr_acc=0.9886  val_acc=0.8624  val_auroc=0.9337  val_f1=0.8302  lr=9.73e-05
Running Validation...
Ep  98/500  loss=0.0252  tr_acc=0.9916  val_acc=0.8466  val_auroc=0.9359  val_f1=0.7979  lr=9.72e-05
Running Validation...
Ep  99/500  loss=0.0467  tr_acc=0.9893  val_acc=0.8624  val_auroc=0.9376  val_f1=0.8258  lr=9.71e-05
Running Validation...
Ep 100/500  loss=0.0191  tr_acc=0.9939  val_acc=0.8466  val_auroc=0.9323  val_f1=0.7997  lr=9.70e-05
Running Validation...
Ep 101/500  loss=0.0348  tr_acc=0.9924  val_acc=0.8360  val_auroc=0.9283  val_f1=0.7851  lr=9.69e-05
Running Validation...
Ep 102/500  loss=0.0237  tr_acc=0.9954  val_acc=0.8307  val_auroc=0.9356  val_f1=0.7836  lr=9.67e-05
Running Validation...
Ep 103/500  loss=0.0177  tr_acc=0.9962  val_acc=0.8307  val_auroc=0.9357  val_f1=0.7965  lr=9.66e-05
Running Validation...
Ep 104/500  loss=0.0249  tr_acc=0.9916  val_acc=0.8624  val_auroc=0.9468  val_f1=0.8317  lr=9.65e-05
Running Validation...
Ep 105/500  loss=0.0285  tr_acc=0.9924  val_acc=0.8519  val_auroc=0.9420  val_f1=0.8180  lr=9.64e-05
Running Validation...
Ep 106/500  loss=0.0175  tr_acc=0.9954  val_acc=0.8413  val_auroc=0.9337  val_f1=0.8128  lr=9.62e-05
Running Validation...
Ep 107/500  loss=0.0304  tr_acc=0.9931  val_acc=0.8360  val_auroc=0.9455  val_f1=0.7944  lr=9.61e-05
Running Validation...
Ep 108/500  loss=0.0218  tr_acc=0.9939  val_acc=0.8254  val_auroc=0.9355  val_f1=0.7791  lr=9.60e-05
Running Validation...
Ep 109/500  loss=0.0453  tr_acc=0.9939  val_acc=0.8571  val_auroc=0.9486  val_f1=0.8308  lr=9.58e-05
Running Validation...
Ep 110/500  loss=0.0320  tr_acc=0.9901  val_acc=0.8201  val_auroc=0.9168  val_f1=0.7873  lr=9.57e-05
Running Validation...
Ep 111/500  loss=0.0387  tr_acc=0.9909  val_acc=0.8254  val_auroc=0.9420  val_f1=0.7897  lr=9.55e-05
Running Validation...
Ep 112/500  loss=0.0555  tr_acc=0.9909  val_acc=0.8571  val_auroc=0.9447  val_f1=0.8365  lr=9.54e-05
Running Validation...
Ep 113/500  loss=0.0370  tr_acc=0.9909  val_acc=0.8413  val_auroc=0.9410  val_f1=0.7935  lr=9.52e-05
Running Validation...
Ep 114/500  loss=0.0335  tr_acc=0.9901  val_acc=0.8571  val_auroc=0.9285  val_f1=0.8365  lr=9.51e-05
Running Validation...
Ep 115/500  loss=0.0127  tr_acc=0.9954  val_acc=0.8571  val_auroc=0.9389  val_f1=0.8206  lr=9.49e-05
Running Validation...
Ep 116/500  loss=0.0085  tr_acc=0.9970  val_acc=0.8413  val_auroc=0.9201  val_f1=0.8067  lr=9.48e-05
Running Validation...
Ep 117/500  loss=0.0275  tr_acc=0.9924  val_acc=0.8201  val_auroc=0.9212  val_f1=0.7725  lr=9.46e-05
Running Validation...
Ep 118/500  loss=0.0519  tr_acc=0.9931  val_acc=0.8519  val_auroc=0.9307  val_f1=0.8121  lr=9.45e-05
Running Validation...
Ep 119/500  loss=0.0352  tr_acc=0.9931  val_acc=0.8466  val_auroc=0.9254  val_f1=0.8152  lr=9.43e-05
Running Validation...
Ep 120/500  loss=0.0125  tr_acc=0.9977  val_acc=0.8466  val_auroc=0.9265  val_f1=0.8083  lr=9.41e-05
Running Validation...
Ep 121/500  loss=0.0076  tr_acc=0.9977  val_acc=0.8519  val_auroc=0.9388  val_f1=0.8238  lr=9.40e-05
Running Validation...
Ep 122/500  loss=0.0596  tr_acc=0.9878  val_acc=0.8413  val_auroc=0.9346  val_f1=0.7950  lr=9.38e-05
Running Validation...
Ep 123/500  loss=0.0647  tr_acc=0.9916  val_acc=0.8201  val_auroc=0.9364  val_f1=0.7766  lr=9.36e-05
Running Validation...
Ep 124/500  loss=0.0451  tr_acc=0.9901  val_acc=0.8571  val_auroc=0.9141  val_f1=0.8211  lr=9.35e-05
Running Validation...
Ep 125/500  loss=0.0304  tr_acc=0.9939  val_acc=0.8413  val_auroc=0.9345  val_f1=0.8132  lr=9.33e-05
Running Validation...
Ep 126/500  loss=0.0109  tr_acc=0.9954  val_acc=0.8466  val_auroc=0.9386  val_f1=0.8198  lr=9.31e-05
Running Validation...
Ep 127/500  loss=0.0134  tr_acc=0.9970  val_acc=0.8571  val_auroc=0.9394  val_f1=0.8203  lr=9.29e-05
Running Validation...
Ep 128/500  loss=0.0353  tr_acc=0.9939  val_acc=0.8307  val_auroc=0.9305  val_f1=0.8013  lr=9.28e-05
Running Validation...
Ep 129/500  loss=0.0282  tr_acc=0.9931  val_acc=0.8307  val_auroc=0.9267  val_f1=0.7834  lr=9.26e-05
Running Validation...
Ep 130/500  loss=0.0608  tr_acc=0.9878  val_acc=0.8466  val_auroc=0.9367  val_f1=0.8186  lr=9.24e-05
Running Validation...
Ep 131/500  loss=0.0181  tr_acc=0.9962  val_acc=0.8519  val_auroc=0.9385  val_f1=0.8108  lr=9.22e-05
Running Validation...
Ep 132/500  loss=0.0326  tr_acc=0.9863  val_acc=0.8148  val_auroc=0.9287  val_f1=0.7739  lr=9.20e-05
Running Validation...
Ep 133/500  loss=0.0338  tr_acc=0.9901  val_acc=0.8519  val_auroc=0.9416  val_f1=0.8148  lr=9.18e-05
Running Validation...
Ep 134/500  loss=0.0194  tr_acc=0.9954  val_acc=0.8571  val_auroc=0.9292  val_f1=0.8124  lr=9.16e-05
Running Validation...
Ep 135/500  loss=0.0201  tr_acc=0.9954  val_acc=0.8466  val_auroc=0.9283  val_f1=0.7969  lr=9.15e-05
Running Validation...
Ep 136/500  loss=0.0187  tr_acc=0.9954  val_acc=0.8519  val_auroc=0.9442  val_f1=0.8340  lr=9.13e-05
Running Validation...
Ep 137/500  loss=0.0130  tr_acc=0.9977  val_acc=0.8783  val_auroc=0.9402  val_f1=0.8576  lr=9.11e-05
Running Validation...
Ep 138/500  loss=0.0562  tr_acc=0.9909  val_acc=0.8360  val_auroc=0.9189  val_f1=0.7923  lr=9.09e-05
Running Validation...
Ep 139/500  loss=0.0155  tr_acc=0.9939  val_acc=0.8413  val_auroc=0.9129  val_f1=0.7984  lr=9.07e-05
Running Validation...
Ep 140/500  loss=0.0180  tr_acc=0.9977  val_acc=0.8307  val_auroc=0.9260  val_f1=0.7851  lr=9.05e-05
Running Validation...
Ep 141/500  loss=0.0139  tr_acc=0.9947  val_acc=0.8624  val_auroc=0.9052  val_f1=0.8284  lr=9.02e-05
Running Validation...
Ep 142/500  loss=0.0286  tr_acc=0.9931  val_acc=0.8519  val_auroc=0.9254  val_f1=0.8214  lr=9.00e-05
Running Validation...
Ep 143/500  loss=0.0510  tr_acc=0.9931  val_acc=0.8413  val_auroc=0.9101  val_f1=0.8086  lr=8.98e-05
Running Validation...
Ep 144/500  loss=0.0198  tr_acc=0.9947  val_acc=0.8413  val_auroc=0.9359  val_f1=0.8034  lr=8.96e-05
Running Validation...
Ep 145/500  loss=0.0189  tr_acc=0.9954  val_acc=0.8677  val_auroc=0.9266  val_f1=0.8419  lr=8.94e-05
Running Validation...
Ep 146/500  loss=0.0275  tr_acc=0.9947  val_acc=0.8466  val_auroc=0.9305  val_f1=0.8033  lr=8.92e-05
Running Validation...
Ep 147/500  loss=0.0231  tr_acc=0.9962  val_acc=0.8413  val_auroc=0.9412  val_f1=0.8086  lr=8.90e-05
Running Validation...
Ep 148/500  loss=0.0229  tr_acc=0.9947  val_acc=0.8360  val_auroc=0.9412  val_f1=0.8050  lr=8.87e-05
Running Validation...
Ep 149/500  loss=0.0323  tr_acc=0.9962  val_acc=0.8519  val_auroc=0.9323  val_f1=0.8197  lr=8.85e-05
Running Validation...
Ep 150/500  loss=0.0214  tr_acc=0.9962  val_acc=0.8519  val_auroc=0.9327  val_f1=0.8160  lr=8.83e-05
Running Validation...
Ep 151/500  loss=0.0110  tr_acc=0.9962  val_acc=0.8730  val_auroc=0.9346  val_f1=0.8393  lr=8.81e-05
Running Validation...
Ep 152/500  loss=0.0062  tr_acc=0.9985  val_acc=0.8413  val_auroc=0.9258  val_f1=0.8003  lr=8.78e-05
Running Validation...
Ep 153/500  loss=0.0085  tr_acc=0.9970  val_acc=0.8519  val_auroc=0.9236  val_f1=0.8081  lr=8.76e-05
Running Validation...
Ep 154/500  loss=0.0121  tr_acc=0.9970  val_acc=0.8519  val_auroc=0.9175  val_f1=0.8153  lr=8.74e-05
Running Validation...
Ep 155/500  loss=0.0102  tr_acc=0.9970  val_acc=0.8148  val_auroc=0.9145  val_f1=0.7607  lr=8.72e-05
Running Validation...
Ep 156/500  loss=0.0272  tr_acc=0.9939  val_acc=0.8466  val_auroc=0.9260  val_f1=0.8040  lr=8.69e-05
Running Validation...
Ep 157/500  loss=0.0133  tr_acc=0.9931  val_acc=0.8254  val_auroc=0.9213  val_f1=0.7969  lr=8.67e-05
Running Validation...
Ep 158/500  loss=0.0157  tr_acc=0.9970  val_acc=0.8413  val_auroc=0.9220  val_f1=0.7966  lr=8.64e-05
Running Validation...
Ep 159/500  loss=0.0216  tr_acc=0.9962  val_acc=0.8201  val_auroc=0.9091  val_f1=0.7732  lr=8.62e-05
Running Validation...
Ep 160/500  loss=0.0096  tr_acc=0.9985  val_acc=0.8254  val_auroc=0.9170  val_f1=0.7717  lr=8.60e-05
Running Validation...
Ep 161/500  loss=0.0058  tr_acc=0.9962  val_acc=0.8519  val_auroc=0.9411  val_f1=0.8039  lr=8.57e-05
Running Validation...
Ep 162/500  loss=0.0055  tr_acc=0.9970  val_acc=0.8466  val_auroc=0.9104  val_f1=0.8061  lr=8.55e-05
Running Validation...
Ep 163/500  loss=0.0124  tr_acc=0.9985  val_acc=0.8624  val_auroc=0.9149  val_f1=0.8377  lr=8.52e-05
Running Validation...
Ep 164/500  loss=0.0065  tr_acc=0.9985  val_acc=0.8466  val_auroc=0.9128  val_f1=0.8171  lr=8.50e-05
Running Validation...
Ep 165/500  loss=0.0189  tr_acc=0.9970  val_acc=0.8413  val_auroc=0.9139  val_f1=0.7982  lr=8.47e-05
Running Validation...
Ep 166/500  loss=0.0084  tr_acc=0.9962  val_acc=0.8254  val_auroc=0.9213  val_f1=0.7692  lr=8.45e-05
Running Validation...
Ep 167/500  loss=0.0170  tr_acc=0.9977  val_acc=0.8466  val_auroc=0.9300  val_f1=0.8010  lr=8.42e-05
Running Validation...
Ep 168/500  loss=0.0012  tr_acc=1.0000  val_acc=0.8148  val_auroc=0.9267  val_f1=0.7485  lr=8.40e-05
Running Validation...
Ep 169/500  loss=0.0058  tr_acc=0.9977  val_acc=0.8254  val_auroc=0.9077  val_f1=0.7668  lr=8.37e-05
Running Validation...
Ep 170/500  loss=0.0063  tr_acc=0.9985  val_acc=0.8254  val_auroc=0.9152  val_f1=0.7805  lr=8.35e-05
Running Validation...
Ep 171/500  loss=0.0181  tr_acc=0.9939  val_acc=0.8360  val_auroc=0.9216  val_f1=0.7797  lr=8.32e-05
Running Validation...
Ep 172/500  loss=0.0020  tr_acc=0.9992  val_acc=0.8519  val_auroc=0.9283  val_f1=0.8116  lr=8.29e-05
Running Validation...
Ep 173/500  loss=0.0199  tr_acc=0.9962  val_acc=0.8360  val_auroc=0.9262  val_f1=0.7820  lr=8.27e-05
Running Validation...
Ep 174/500  loss=0.0217  tr_acc=0.9954  val_acc=0.8677  val_auroc=0.9199  val_f1=0.8354  lr=8.24e-05
Running Validation...
Ep 175/500  loss=0.0207  tr_acc=0.9970  val_acc=0.8519  val_auroc=0.9295  val_f1=0.8062  lr=8.21e-05
Running Validation...
Ep 176/500  loss=0.0171  tr_acc=0.9954  val_acc=0.8466  val_auroc=0.9210  val_f1=0.8136  lr=8.19e-05
Running Validation...
Ep 177/500  loss=0.0069  tr_acc=0.9977  val_acc=0.8042  val_auroc=0.9265  val_f1=0.7266  lr=8.16e-05
Running Validation...
Ep 178/500  loss=0.0283  tr_acc=0.9939  val_acc=0.8254  val_auroc=0.9409  val_f1=0.7724  lr=8.13e-05
Running Validation...
Ep 179/500  loss=0.0323  tr_acc=0.9939  val_acc=0.8466  val_auroc=0.9307  val_f1=0.8055  lr=8.11e-05
Running Validation...
Ep 180/500  loss=0.0236  tr_acc=0.9947  val_acc=0.8360  val_auroc=0.9168  val_f1=0.7894  lr=8.08e-05
Running Validation...
Ep 181/500  loss=0.0210  tr_acc=0.9970  val_acc=0.8519  val_auroc=0.9110  val_f1=0.8038  lr=8.05e-05
Running Validation...
Ep 182/500  loss=0.0294  tr_acc=0.9924  val_acc=0.8571  val_auroc=0.9476  val_f1=0.8144  lr=8.02e-05
Running Validation...
Ep 183/500  loss=0.0198  tr_acc=0.9947  val_acc=0.8148  val_auroc=0.9406  val_f1=0.7498  lr=8.00e-05
Running Validation...
Ep 184/500  loss=0.0124  tr_acc=0.9970  val_acc=0.8360  val_auroc=0.9358  val_f1=0.7918  lr=7.97e-05
Running Validation...
Ep 185/500  loss=0.0183  tr_acc=0.9947  val_acc=0.8360  val_auroc=0.9571  val_f1=0.8013  lr=7.94e-05
Running Validation...
Ep 186/500  loss=0.0188  tr_acc=0.9977  val_acc=0.8571  val_auroc=0.9445  val_f1=0.8258  lr=7.91e-05
Running Validation...
Ep 187/500  loss=0.0183  tr_acc=0.9970  val_acc=0.8360  val_auroc=0.9555  val_f1=0.7943  lr=7.88e-05
Running Validation...
Ep 188/500  loss=0.0065  tr_acc=0.9985  val_acc=0.8624  val_auroc=0.9427  val_f1=0.8252  lr=7.85e-05
Running Validation...
Ep 189/500  loss=0.0155  tr_acc=0.9977  val_acc=0.8783  val_auroc=0.9567  val_f1=0.8517  lr=7.82e-05
Running Validation...
Ep 190/500  loss=0.0031  tr_acc=0.9992  val_acc=0.8783  val_auroc=0.9267  val_f1=0.8568  lr=7.80e-05
Running Validation...
Ep 191/500  loss=0.0095  tr_acc=0.9985  val_acc=0.8624  val_auroc=0.9377  val_f1=0.8245  lr=7.77e-05
Running Validation...
Ep 192/500  loss=0.0291  tr_acc=0.9970  val_acc=0.8519  val_auroc=0.9497  val_f1=0.7987  lr=7.74e-05
Running Validation...
Ep 193/500  loss=0.0278  tr_acc=0.9947  val_acc=0.9101  val_auroc=0.9495  val_f1=0.8894  lr=7.71e-05
Running Validation...
Ep 194/500  loss=0.0178  tr_acc=0.9954  val_acc=0.8571  val_auroc=0.9429  val_f1=0.8322  lr=7.68e-05
Running Validation...
Ep 195/500  loss=0.0394  tr_acc=0.9924  val_acc=0.8624  val_auroc=0.9256  val_f1=0.8287  lr=7.65e-05
Running Validation...
Ep 196/500  loss=0.0271  tr_acc=0.9924  val_acc=0.8360  val_auroc=0.9275  val_f1=0.8128  lr=7.62e-05
Running Validation...
Ep 197/500  loss=0.0221  tr_acc=0.9962  val_acc=0.8624  val_auroc=0.9349  val_f1=0.8391  lr=7.59e-05
Running Validation...
Ep 198/500  loss=0.0074  tr_acc=0.9992  val_acc=0.8677  val_auroc=0.9317  val_f1=0.8476  lr=7.56e-05
Running Validation...
Ep 199/500  loss=0.0323  tr_acc=0.9901  val_acc=0.8201  val_auroc=0.9282  val_f1=0.7654  lr=7.53e-05
Running Validation...
Ep 200/500  loss=0.0219  tr_acc=0.9954  val_acc=0.8466  val_auroc=0.9378  val_f1=0.8095  lr=7.50e-05
Running Validation...
Ep 201/500  loss=0.0153  tr_acc=0.9970  val_acc=0.8571  val_auroc=0.9275  val_f1=0.8211  lr=7.47e-05
Running Validation...
Ep 202/500  loss=0.0207  tr_acc=0.9992  val_acc=0.8624  val_auroc=0.9478  val_f1=0.8248  lr=7.44e-05
Running Validation...
Ep 203/500  loss=0.0180  tr_acc=0.9962  val_acc=0.8730  val_auroc=0.9486  val_f1=0.8448  lr=7.41e-05
Running Validation...
Ep 204/500  loss=0.0002  tr_acc=1.0000  val_acc=0.8677  val_auroc=0.9525  val_f1=0.8457  lr=7.38e-05
Running Validation...
Ep 205/500  loss=0.0012  tr_acc=0.9992  val_acc=0.8889  val_auroc=0.9496  val_f1=0.8548  lr=7.35e-05
Running Validation...
Ep 206/500  loss=0.0121  tr_acc=0.9985  val_acc=0.8942  val_auroc=0.9513  val_f1=0.8735  lr=7.32e-05
Running Validation...
Ep 207/500  loss=0.0035  tr_acc=0.9985  val_acc=0.8519  val_auroc=0.9485  val_f1=0.8216  lr=7.29e-05
Running Validation...
Ep 208/500  loss=0.0001  tr_acc=1.0000  val_acc=0.8783  val_auroc=0.9354  val_f1=0.8501  lr=7.25e-05
Running Validation...
Ep 209/500  loss=0.0001  tr_acc=1.0000  val_acc=0.8730  val_auroc=0.9487  val_f1=0.8381  lr=7.22e-05
Running Validation...
Ep 210/500  loss=0.0002  tr_acc=1.0000  val_acc=0.8624  val_auroc=0.9444  val_f1=0.8207  lr=7.19e-05
Running Validation...
Ep 211/500  loss=0.0000  tr_acc=1.0000  val_acc=0.8413  val_auroc=0.9386  val_f1=0.8113  lr=7.16e-05
Running Validation...
Ep 212/500  loss=0.0012  tr_acc=0.9992  val_acc=0.8571  val_auroc=0.9324  val_f1=0.8178  lr=7.13e-05
Running Validation...
Ep 213/500  loss=0.0121  tr_acc=0.9985  val_acc=0.8889  val_auroc=0.9481  val_f1=0.8596  lr=7.10e-05
Running Validation...
Ep 214/500  loss=0.0038  tr_acc=0.9992  val_acc=0.8730  val_auroc=0.9494  val_f1=0.8355  lr=7.07e-05
Running Validation...
Ep 215/500  loss=0.0189  tr_acc=0.9970  val_acc=0.8466  val_auroc=0.9305  val_f1=0.8013  lr=7.03e-05
Running Validation...
Ep 216/500  loss=0.0002  tr_acc=1.0000  val_acc=0.8466  val_auroc=0.9285  val_f1=0.8003  lr=7.00e-05
Running Validation...
Ep 217/500  loss=0.0059  tr_acc=0.9985  val_acc=0.8466  val_auroc=0.9456  val_f1=0.8101  lr=6.97e-05
Running Validation...
Ep 218/500  loss=0.0020  tr_acc=0.9992  val_acc=0.8307  val_auroc=0.9426  val_f1=0.7791  lr=6.94e-05
Running Validation...
Ep 219/500  loss=0.0139  tr_acc=0.9977  val_acc=0.8307  val_auroc=0.9247  val_f1=0.7943  lr=6.91e-05
Running Validation...
Ep 220/500  loss=0.0039  tr_acc=0.9992  val_acc=0.8254  val_auroc=0.9259  val_f1=0.7864  lr=6.87e-05
Running Validation...
Ep 221/500  loss=0.0072  tr_acc=0.9977  val_acc=0.8201  val_auroc=0.9293  val_f1=0.7792  lr=6.84e-05
Running Validation...
Ep 222/500  loss=0.0039  tr_acc=0.9992  val_acc=0.8360  val_auroc=0.9415  val_f1=0.8052  lr=6.81e-05
Running Validation...
Ep 223/500  loss=0.0055  tr_acc=0.9985  val_acc=0.8360  val_auroc=0.9307  val_f1=0.7846  lr=6.78e-05
Running Validation...
Ep 224/500  loss=0.0000  tr_acc=1.0000  val_acc=0.8360  val_auroc=0.9370  val_f1=0.7890  lr=6.74e-05
Running Validation...
Ep 225/500  loss=0.0014  tr_acc=0.9992  val_acc=0.8519  val_auroc=0.9317  val_f1=0.8151  lr=6.71e-05
Running Validation...
Ep 226/500  loss=0.0045  tr_acc=0.9985  val_acc=0.8519  val_auroc=0.9394  val_f1=0.8118  lr=6.68e-05
Running Validation...
Ep 227/500  loss=0.0001  tr_acc=1.0000  val_acc=0.7989  val_auroc=0.9185  val_f1=0.7313  lr=6.64e-05
Running Validation...
Ep 228/500  loss=0.0043  tr_acc=0.9985  val_acc=0.8254  val_auroc=0.9262  val_f1=0.7687  lr=6.61e-05
Running Validation...
Ep 229/500  loss=0.0091  tr_acc=0.9985  val_acc=0.8466  val_auroc=0.9206  val_f1=0.7956  lr=6.58e-05
Running Validation...
Ep 230/500  loss=0.0143  tr_acc=0.9985  val_acc=0.8519  val_auroc=0.9311  val_f1=0.8161  lr=6.55e-05
Running Validation...
Ep 231/500  loss=0.0078  tr_acc=0.9992  val_acc=0.8571  val_auroc=0.9102  val_f1=0.8200  lr=6.51e-05
Running Validation...
Ep 232/500  loss=0.0121  tr_acc=0.9977  val_acc=0.8836  val_auroc=0.9317  val_f1=0.8535  lr=6.48e-05
Running Validation...
Ep 233/500  loss=0.0197  tr_acc=0.9970  val_acc=0.8889  val_auroc=0.9463  val_f1=0.8675  lr=6.45e-05
Running Validation...
Ep 234/500  loss=0.0007  tr_acc=0.9992  val_acc=0.8836  val_auroc=0.9446  val_f1=0.8592  lr=6.41e-05
Running Validation...
Ep 235/500  loss=0.0012  tr_acc=0.9992  val_acc=0.8677  val_auroc=0.9380  val_f1=0.8295  lr=6.38e-05
Running Validation...
Ep 236/500  loss=0.0007  tr_acc=0.9992  val_acc=0.8360  val_auroc=0.9208  val_f1=0.7953  lr=6.34e-05
Running Validation...
Ep 237/500  loss=0.0057  tr_acc=0.9992  val_acc=0.8466  val_auroc=0.9257  val_f1=0.8060  lr=6.31e-05
Running Validation...
Ep 238/500  loss=0.0046  tr_acc=0.9985  val_acc=0.8571  val_auroc=0.9347  val_f1=0.8336  lr=6.28e-05
Running Validation...
Ep 239/500  loss=0.0006  tr_acc=1.0000  val_acc=0.8624  val_auroc=0.9356  val_f1=0.8302  lr=6.24e-05
Running Validation...
Ep 240/500  loss=0.0064  tr_acc=0.9992  val_acc=0.8519  val_auroc=0.9281  val_f1=0.8180  lr=6.21e-05
Running Validation...
Ep 241/500  loss=0.0054  tr_acc=0.9985  val_acc=0.8730  val_auroc=0.9404  val_f1=0.8449  lr=6.18e-05
Running Validation...
Ep 242/500  loss=0.0006  tr_acc=1.0000  val_acc=0.8519  val_auroc=0.9262  val_f1=0.8030  lr=6.14e-05
Running Validation...
Ep 243/500  loss=0.0023  tr_acc=0.9992  val_acc=0.8624  val_auroc=0.9258  val_f1=0.8254  lr=6.11e-05
Running Validation...
Ep 244/500  loss=0.0116  tr_acc=0.9977  val_acc=0.8254  val_auroc=0.9202  val_f1=0.7785  lr=6.07e-05
Running Validation...
Ep 245/500  loss=0.0373  tr_acc=0.9962  val_acc=0.8307  val_auroc=0.9090  val_f1=0.7868  lr=6.04e-05
Running Validation...
Ep 246/500  loss=0.0204  tr_acc=0.9985  val_acc=0.8571  val_auroc=0.9210  val_f1=0.8177  lr=6.01e-05
Running Validation...
Ep 247/500  loss=0.0021  tr_acc=0.9992  val_acc=0.8360  val_auroc=0.9190  val_f1=0.7916  lr=5.97e-05
Running Validation...
Ep 248/500  loss=0.0132  tr_acc=0.9977  val_acc=0.8413  val_auroc=0.9132  val_f1=0.8007  lr=5.94e-05
Running Validation...
Ep 249/500  loss=0.0078  tr_acc=0.9977  val_acc=0.8413  val_auroc=0.9156  val_f1=0.7923  lr=5.90e-05
Running Validation...
Ep 250/500  loss=0.0035  tr_acc=0.9985  val_acc=0.8836  val_auroc=0.9401  val_f1=0.8499  lr=5.87e-05
Running Validation...
Ep 251/500  loss=0.0060  tr_acc=0.9985  val_acc=0.8783  val_auroc=0.9392  val_f1=0.8369  lr=5.83e-05
Running Validation...
Ep 252/500  loss=0.0138  tr_acc=0.9977  val_acc=0.8571  val_auroc=0.9327  val_f1=0.8195  lr=5.80e-05
Running Validation...
Ep 253/500  loss=0.0079  tr_acc=0.9985  val_acc=0.8677  val_auroc=0.9347  val_f1=0.8266  lr=5.76e-05
Running Validation...
Ep 254/500  loss=0.0019  tr_acc=0.9992  val_acc=0.8413  val_auroc=0.9101  val_f1=0.7831  lr=5.73e-05
Running Validation...
Ep 255/500  loss=0.0014  tr_acc=0.9992  val_acc=0.8677  val_auroc=0.9338  val_f1=0.8391  lr=5.70e-05
Running Validation...
Ep 256/500  loss=0.0156  tr_acc=0.9977  val_acc=0.8466  val_auroc=0.9213  val_f1=0.8150  lr=5.66e-05
Running Validation...
Ep 257/500  loss=0.0161  tr_acc=0.9962  val_acc=0.8201  val_auroc=0.9054  val_f1=0.7503  lr=5.63e-05
Running Validation...
Ep 258/500  loss=0.0024  tr_acc=0.9992  val_acc=0.8201  val_auroc=0.9124  val_f1=0.7824  lr=5.59e-05
Running Validation...
Ep 259/500  loss=0.0007  tr_acc=1.0000  val_acc=0.8360  val_auroc=0.9256  val_f1=0.7789  lr=5.56e-05
Running Validation...
Ep 260/500  loss=0.0050  tr_acc=0.9992  val_acc=0.8201  val_auroc=0.9218  val_f1=0.7908  lr=5.52e-05
Running Validation...
Ep 261/500  loss=0.0026  tr_acc=0.9992  val_acc=0.8307  val_auroc=0.9331  val_f1=0.7848  lr=5.49e-05
Running Validation...
Ep 262/500  loss=0.0001  tr_acc=1.0000  val_acc=0.8360  val_auroc=0.9315  val_f1=0.7946  lr=5.45e-05
Running Validation...
Ep 263/500  loss=0.0001  tr_acc=1.0000  val_acc=0.8360  val_auroc=0.9321  val_f1=0.8004  lr=5.42e-05
Running Validation...
Ep 264/500  loss=0.0000  tr_acc=1.0000  val_acc=0.8360  val_auroc=0.9315  val_f1=0.7984  lr=5.38e-05
Running Validation...
Ep 265/500  loss=0.0000  tr_acc=1.0000  val_acc=0.8360  val_auroc=0.9313  val_f1=0.7984  lr=5.35e-05
Running Validation...
Ep 266/500  loss=0.0000  tr_acc=1.0000  val_acc=0.8360  val_auroc=0.9312  val_f1=0.7984  lr=5.31e-05
Running Validation...
Ep 267/500  loss=0.0000  tr_acc=1.0000  val_acc=0.8307  val_auroc=0.9290  val_f1=0.8016  lr=5.28e-05
Running Validation...
Ep 268/500  loss=0.0000  tr_acc=1.0000  val_acc=0.8360  val_auroc=0.9288  val_f1=0.8001  lr=5.24e-05
Running Validation...
Ep 269/500  loss=0.0083  tr_acc=0.9977  val_acc=0.8201  val_auroc=0.9239  val_f1=0.7808  lr=5.21e-05
Running Validation...
Ep 270/500  loss=0.0065  tr_acc=0.9992  val_acc=0.8571  val_auroc=0.9385  val_f1=0.8167  lr=5.17e-05
Running Validation...
Ep 271/500  loss=0.0114  tr_acc=0.9970  val_acc=0.8466  val_auroc=0.9392  val_f1=0.8080  lr=5.14e-05
Running Validation...
Ep 272/500  loss=0.0001  tr_acc=1.0000  val_acc=0.8413  val_auroc=0.9315  val_f1=0.8048  lr=5.10e-05
Running Validation...
Ep 273/500  loss=0.0012  tr_acc=0.9992  val_acc=0.8413  val_auroc=0.9341  val_f1=0.8048  lr=5.07e-05
Running Validation...
Ep 274/500  loss=0.0103  tr_acc=0.9977  val_acc=0.8042  val_auroc=0.9277  val_f1=0.7778  lr=5.03e-05
Running Validation...
Ep 275/500  loss=0.0087  tr_acc=0.9970  val_acc=0.8677  val_auroc=0.9353  val_f1=0.8327  lr=5.00e-05
Running Validation...
Ep 276/500  loss=0.0073  tr_acc=0.9977  val_acc=0.8783  val_auroc=0.9445  val_f1=0.8459  lr=4.97e-05
Running Validation...
Ep 277/500  loss=0.0184  tr_acc=0.9970  val_acc=0.8783  val_auroc=0.9329  val_f1=0.8388  lr=4.93e-05
Running Validation...
Ep 278/500  loss=0.0024  tr_acc=0.9992  val_acc=0.8677  val_auroc=0.9332  val_f1=0.8374  lr=4.90e-05
Running Validation...
Ep 279/500  loss=0.0006  tr_acc=0.9992  val_acc=0.8783  val_auroc=0.9319  val_f1=0.8576  lr=4.86e-05
Running Validation...
Ep 280/500  loss=0.0012  tr_acc=0.9992  val_acc=0.8519  val_auroc=0.9279  val_f1=0.8089  lr=4.83e-05
Running Validation...
Ep 281/500  loss=0.0133  tr_acc=0.9985  val_acc=0.8519  val_auroc=0.9305  val_f1=0.8259  lr=4.79e-05
Running Validation...
Ep 282/500  loss=0.0144  tr_acc=0.9977  val_acc=0.8413  val_auroc=0.9340  val_f1=0.8042  lr=4.76e-05
Running Validation...
Ep 283/500  loss=0.0009  tr_acc=0.9992  val_acc=0.8254  val_auroc=0.9273  val_f1=0.7705  lr=4.72e-05
Running Validation...
Ep 284/500  loss=0.0007  tr_acc=0.9992  val_acc=0.8413  val_auroc=0.9332  val_f1=0.7953  lr=4.69e-05
Running Validation...
Ep 285/500  loss=0.0012  tr_acc=0.9992  val_acc=0.8201  val_auroc=0.9400  val_f1=0.7595  lr=4.65e-05
Running Validation...
Ep 286/500  loss=0.0128  tr_acc=0.9977  val_acc=0.8360  val_auroc=0.9310  val_f1=0.7805  lr=4.62e-05
Running Validation...
Ep 287/500  loss=0.0008  tr_acc=1.0000  val_acc=0.8730  val_auroc=0.9331  val_f1=0.8476  lr=4.58e-05
Running Validation...
Ep 288/500  loss=0.0127  tr_acc=0.9970  val_acc=0.8360  val_auroc=0.9297  val_f1=0.7932  lr=4.55e-05
Running Validation...
Ep 289/500  loss=0.0084  tr_acc=0.9992  val_acc=0.8624  val_auroc=0.9377  val_f1=0.8118  lr=4.51e-05
Running Validation...
Ep 290/500  loss=0.0010  tr_acc=0.9992  val_acc=0.8413  val_auroc=0.9322  val_f1=0.8063  lr=4.48e-05
Running Validation...
Ep 291/500  loss=0.0001  tr_acc=1.0000  val_acc=0.8466  val_auroc=0.9371  val_f1=0.8099  lr=4.44e-05
Running Validation...
Ep 292/500  loss=0.0022  tr_acc=0.9985  val_acc=0.8254  val_auroc=0.9386  val_f1=0.7849  lr=4.41e-05
Running Validation...
Ep 293/500  loss=0.0013  tr_acc=0.9992  val_acc=0.8466  val_auroc=0.9334  val_f1=0.8056  lr=4.37e-05
Running Validation...
Ep 294/500  loss=0.0078  tr_acc=0.9992  val_acc=0.8519  val_auroc=0.9478  val_f1=0.8274  lr=4.34e-05
Running Validation...
Ep 295/500  loss=0.0037  tr_acc=0.9985  val_acc=0.8254  val_auroc=0.9424  val_f1=0.7783  lr=4.30e-05
Running Validation...
Ep 296/500  loss=0.0002  tr_acc=1.0000  val_acc=0.8624  val_auroc=0.9543  val_f1=0.8180  lr=4.27e-05
Running Validation...
Ep 297/500  loss=0.0001  tr_acc=1.0000  val_acc=0.8677  val_auroc=0.9596  val_f1=0.8492  lr=4.24e-05
Running Validation...
Ep 298/500  loss=0.0001  tr_acc=1.0000  val_acc=0.8677  val_auroc=0.9563  val_f1=0.8370  lr=4.20e-05
Running Validation...
Ep 299/500  loss=0.0005  tr_acc=1.0000  val_acc=0.8783  val_auroc=0.9545  val_f1=0.8410  lr=4.17e-05
Running Validation...
Ep 300/500  loss=0.0056  tr_acc=0.9985  val_acc=0.8836  val_auroc=0.9558  val_f1=0.8522  lr=4.13e-05
Running Validation...
Ep 301/500  loss=0.0004  tr_acc=1.0000  val_acc=0.8995  val_auroc=0.9576  val_f1=0.8764  lr=4.10e-05
Running Validation...
Ep 302/500  loss=0.0003  tr_acc=1.0000  val_acc=0.8783  val_auroc=0.9512  val_f1=0.8441  lr=4.06e-05
Running Validation...
Ep 303/500  loss=0.0093  tr_acc=0.9992  val_acc=0.8730  val_auroc=0.9395  val_f1=0.8466  lr=4.03e-05
Running Validation...
Ep 304/500  loss=0.0000  tr_acc=1.0000  val_acc=0.8783  val_auroc=0.9411  val_f1=0.8550  lr=3.99e-05
Running Validation...
Ep 305/500  loss=0.0000  tr_acc=1.0000  val_acc=0.8730  val_auroc=0.9403  val_f1=0.8450  lr=3.96e-05
Running Validation...
Ep 306/500  loss=0.0000  tr_acc=1.0000  val_acc=0.8677  val_auroc=0.9404  val_f1=0.8392  lr=3.93e-05
Running Validation...
Ep 307/500  loss=0.0004  tr_acc=1.0000  val_acc=0.8783  val_auroc=0.9347  val_f1=0.8405  lr=3.89e-05
Running Validation...
Ep 308/500  loss=0.0001  tr_acc=1.0000  val_acc=0.8677  val_auroc=0.9398  val_f1=0.8366  lr=3.86e-05
Running Validation...
Ep 309/500  loss=0.0000  tr_acc=1.0000  val_acc=0.8677  val_auroc=0.9403  val_f1=0.8366  lr=3.82e-05
Running Validation...
Ep 310/500  loss=0.0000  tr_acc=1.0000  val_acc=0.8677  val_auroc=0.9398  val_f1=0.8366  lr=3.79e-05
Running Validation...
Ep 311/500  loss=0.0000  tr_acc=1.0000  val_acc=0.8677  val_auroc=0.9396  val_f1=0.8366  lr=3.76e-05
Running Validation...
Ep 312/500  loss=0.0027  tr_acc=0.9992  val_acc=0.8571  val_auroc=0.9460  val_f1=0.8444  lr=3.72e-05
Running Validation...
Ep 313/500  loss=0.0002  tr_acc=1.0000  val_acc=0.8519  val_auroc=0.9462  val_f1=0.8199  lr=3.69e-05
Running Validation...
Ep 314/500  loss=0.0001  tr_acc=1.0000  val_acc=0.8466  val_auroc=0.9482  val_f1=0.8135  lr=3.66e-05
Running Validation...
Ep 315/500  loss=0.0000  tr_acc=1.0000  val_acc=0.8571  val_auroc=0.9480  val_f1=0.8260  lr=3.62e-05
Running Validation...
Ep 316/500  loss=0.0000  tr_acc=1.0000  val_acc=0.8624  val_auroc=0.9475  val_f1=0.8305  lr=3.59e-05
Running Validation...
Ep 317/500  loss=0.0000  tr_acc=1.0000  val_acc=0.8624  val_auroc=0.9477  val_f1=0.8305  lr=3.55e-05
Running Validation...
Ep 318/500  loss=0.0017  tr_acc=0.9992  val_acc=0.8730  val_auroc=0.9339  val_f1=0.8418  lr=3.52e-05
Running Validation...
Ep 319/500  loss=0.0000  tr_acc=1.0000  val_acc=0.8730  val_auroc=0.9321  val_f1=0.8418  lr=3.49e-05
Running Validation...
Ep 320/500  loss=0.0001  tr_acc=1.0000  val_acc=0.8571  val_auroc=0.9437  val_f1=0.8348  lr=3.45e-05
Running Validation...
Ep 321/500  loss=0.0001  tr_acc=1.0000  val_acc=0.8677  val_auroc=0.9254  val_f1=0.8313  lr=3.42e-05
Running Validation...
Ep 322/500  loss=0.0004  tr_acc=1.0000  val_acc=0.8624  val_auroc=0.9312  val_f1=0.8433  lr=3.39e-05
Running Validation...
Ep 323/500  loss=0.0133  tr_acc=0.9962  val_acc=0.8519  val_auroc=0.9467  val_f1=0.8216  lr=3.36e-05
Running Validation...
Ep 324/500  loss=0.0004  tr_acc=1.0000  val_acc=0.8413  val_auroc=0.9306  val_f1=0.7883  lr=3.32e-05
Running Validation...
Ep 325/500  loss=0.0000  tr_acc=1.0000  val_acc=0.8360  val_auroc=0.9298  val_f1=0.7794  lr=3.29e-05
Running Validation...
Ep 326/500  loss=0.0001  tr_acc=1.0000  val_acc=0.8519  val_auroc=0.9389  val_f1=0.8079  lr=3.26e-05
Running Validation...
Ep 327/500  loss=0.0000  tr_acc=1.0000  val_acc=0.8519  val_auroc=0.9405  val_f1=0.8079  lr=3.22e-05
Running Validation...
Ep 328/500  loss=0.0001  tr_acc=1.0000  val_acc=0.8413  val_auroc=0.9413  val_f1=0.7943  lr=3.19e-05
Running Validation...
Ep 329/500  loss=0.0000  tr_acc=1.0000  val_acc=0.8571  val_auroc=0.9435  val_f1=0.8167  lr=3.16e-05
Running Validation...
Ep 330/500  loss=0.0000  tr_acc=1.0000  val_acc=0.8571  val_auroc=0.9438  val_f1=0.8167  lr=3.13e-05
Running Validation...
Ep 331/500  loss=0.0000  tr_acc=1.0000  val_acc=0.8571  val_auroc=0.9433  val_f1=0.8167  lr=3.09e-05
Running Validation...
Ep 332/500  loss=0.0001  tr_acc=1.0000  val_acc=0.8466  val_auroc=0.9462  val_f1=0.7986  lr=3.06e-05
Running Validation...
Ep 333/500  loss=0.0036  tr_acc=0.9992  val_acc=0.8307  val_auroc=0.9439  val_f1=0.7860  lr=3.03e-05
Running Validation...
Ep 334/500  loss=0.0089  tr_acc=0.9985  val_acc=0.8254  val_auroc=0.9255  val_f1=0.7605  lr=3.00e-05
Running Validation...
Ep 335/500  loss=0.0005  tr_acc=1.0000  val_acc=0.8148  val_auroc=0.9365  val_f1=0.7573  lr=2.97e-05
Running Validation...
Ep 336/500  loss=0.0006  tr_acc=0.9992  val_acc=0.8466  val_auroc=0.9369  val_f1=0.8087  lr=2.93e-05
Running Validation...
Ep 337/500  loss=0.0000  tr_acc=1.0000  val_acc=0.8571  val_auroc=0.9364  val_f1=0.8267  lr=2.90e-05
Running Validation...
Ep 338/500  loss=0.0000  tr_acc=1.0000  val_acc=0.8571  val_auroc=0.9370  val_f1=0.8252  lr=2.87e-05
Running Validation...
Ep 339/500  loss=0.0023  tr_acc=0.9992  val_acc=0.8413  val_auroc=0.9302  val_f1=0.7948  lr=2.84e-05
Running Validation...
Ep 340/500  loss=0.0009  tr_acc=0.9992  val_acc=0.8466  val_auroc=0.9368  val_f1=0.8057  lr=2.81e-05
Running Validation...
Ep 341/500  loss=0.0012  tr_acc=0.9992  val_acc=0.8413  val_auroc=0.9214  val_f1=0.7927  lr=2.78e-05
Running Validation...
Ep 342/500  loss=0.0001  tr_acc=1.0000  val_acc=0.8571  val_auroc=0.9311  val_f1=0.8163  lr=2.75e-05
Running Validation...
Ep 343/500  loss=0.0001  tr_acc=1.0000  val_acc=0.8571  val_auroc=0.9324  val_f1=0.8126  lr=2.71e-05
Running Validation...
Ep 344/500  loss=0.0000  tr_acc=1.0000  val_acc=0.8571  val_auroc=0.9330  val_f1=0.8126  lr=2.68e-05
Running Validation...
Ep 345/500  loss=0.0001  tr_acc=1.0000  val_acc=0.8413  val_auroc=0.9200  val_f1=0.7903  lr=2.65e-05
Running Validation...
Ep 346/500  loss=0.0002  tr_acc=1.0000  val_acc=0.8413  val_auroc=0.9444  val_f1=0.8197  lr=2.62e-05
Running Validation...
Ep 347/500  loss=0.0173  tr_acc=0.9970  val_acc=0.8624  val_auroc=0.9361  val_f1=0.8351  lr=2.59e-05
Running Validation...
Ep 348/500  loss=0.0002  tr_acc=1.0000  val_acc=0.8466  val_auroc=0.9318  val_f1=0.8163  lr=2.56e-05
Running Validation...
Ep 349/500  loss=0.0000  tr_acc=1.0000  val_acc=0.8624  val_auroc=0.9296  val_f1=0.8337  lr=2.53e-05
Running Validation...
Ep 350/500  loss=0.0000  tr_acc=1.0000  val_acc=0.8624  val_auroc=0.9297  val_f1=0.8337  lr=2.50e-05
Running Validation...
Ep 351/500  loss=0.0000  tr_acc=1.0000  val_acc=0.8677  val_auroc=0.9302  val_f1=0.8405  lr=2.47e-05
Running Validation...
Ep 352/500  loss=0.0000  tr_acc=1.0000  val_acc=0.8677  val_auroc=0.9302  val_f1=0.8405  lr=2.44e-05
Running Validation...
Ep 353/500  loss=0.0000  tr_acc=1.0000  val_acc=0.8677  val_auroc=0.9309  val_f1=0.8405  lr=2.41e-05
Running Validation...
Ep 354/500  loss=0.0000  tr_acc=1.0000  val_acc=0.8677  val_auroc=0.9313  val_f1=0.8405  lr=2.38e-05
Running Validation...
Ep 355/500  loss=0.0000  tr_acc=1.0000  val_acc=0.8677  val_auroc=0.9313  val_f1=0.8405  lr=2.35e-05
Running Validation...
Ep 356/500  loss=0.0000  tr_acc=1.0000  val_acc=0.8677  val_auroc=0.9314  val_f1=0.8405  lr=2.32e-05
Running Validation...
Ep 357/500  loss=0.0000  tr_acc=1.0000  val_acc=0.8677  val_auroc=0.9317  val_f1=0.8405  lr=2.29e-05
Running Validation...
Ep 358/500  loss=0.0000  tr_acc=1.0000  val_acc=0.8624  val_auroc=0.9318  val_f1=0.8337  lr=2.26e-05
Running Validation...
Ep 359/500  loss=0.0031  tr_acc=0.9992  val_acc=0.8360  val_auroc=0.9457  val_f1=0.8103  lr=2.23e-05
Running Validation...
Ep 360/500  loss=0.0005  tr_acc=1.0000  val_acc=0.8307  val_auroc=0.9394  val_f1=0.8014  lr=2.20e-05
Running Validation...
Ep 361/500  loss=0.0000  tr_acc=1.0000  val_acc=0.8413  val_auroc=0.9373  val_f1=0.8115  lr=2.18e-05
Running Validation...
Ep 362/500  loss=0.0040  tr_acc=0.9992  val_acc=0.8413  val_auroc=0.9369  val_f1=0.8115  lr=2.15e-05
Running Validation...
Ep 363/500  loss=0.0000  tr_acc=1.0000  val_acc=0.8413  val_auroc=0.9355  val_f1=0.8115  lr=2.12e-05
Running Validation...
Ep 364/500  loss=0.0000  tr_acc=1.0000  val_acc=0.8413  val_auroc=0.9356  val_f1=0.8115  lr=2.09e-05
Running Validation...
Ep 365/500  loss=0.0000  tr_acc=1.0000  val_acc=0.8466  val_auroc=0.9362  val_f1=0.8157  lr=2.06e-05
Running Validation...
Ep 366/500  loss=0.0000  tr_acc=1.0000  val_acc=0.8571  val_auroc=0.9337  val_f1=0.8242  lr=2.03e-05
Running Validation...
Ep 367/500  loss=0.0000  tr_acc=1.0000  val_acc=0.8571  val_auroc=0.9350  val_f1=0.8225  lr=2.00e-05
Running Validation...
Ep 368/500  loss=0.0000  tr_acc=1.0000  val_acc=0.8624  val_auroc=0.9358  val_f1=0.8286  lr=1.98e-05
Running Validation...
Ep 369/500  loss=0.0000  tr_acc=1.0000  val_acc=0.8466  val_auroc=0.9358  val_f1=0.8157  lr=1.95e-05
Running Validation...
Ep 370/500  loss=0.0001  tr_acc=1.0000  val_acc=0.8519  val_auroc=0.9273  val_f1=0.8123  lr=1.92e-05
Running Validation...
Ep 371/500  loss=0.0004  tr_acc=1.0000  val_acc=0.8413  val_auroc=0.9319  val_f1=0.8041  lr=1.89e-05
Running Validation...
Ep 372/500  loss=0.0054  tr_acc=0.9985  val_acc=0.8571  val_auroc=0.9256  val_f1=0.8225  lr=1.87e-05
Running Validation...
Ep 373/500  loss=0.0000  tr_acc=1.0000  val_acc=0.8571  val_auroc=0.9285  val_f1=0.8225  lr=1.84e-05
Running Validation...
Ep 374/500  loss=0.0000  tr_acc=1.0000  val_acc=0.8571  val_auroc=0.9320  val_f1=0.8281  lr=1.81e-05
Running Validation...
Ep 375/500  loss=0.0002  tr_acc=1.0000  val_acc=0.8677  val_auroc=0.9346  val_f1=0.8350  lr=1.79e-05
Running Validation...
Ep 376/500  loss=0.0001  tr_acc=1.0000  val_acc=0.8571  val_auroc=0.9375  val_f1=0.8172  lr=1.76e-05
Running Validation...
Ep 377/500  loss=0.0000  tr_acc=1.0000  val_acc=0.8571  val_auroc=0.9365  val_f1=0.8172  lr=1.73e-05
Running Validation...
Ep 378/500  loss=0.0000  tr_acc=1.0000  val_acc=0.8571  val_auroc=0.9364  val_f1=0.8172  lr=1.71e-05
Running Validation...
Ep 379/500  loss=0.0000  tr_acc=1.0000  val_acc=0.8571  val_auroc=0.9364  val_f1=0.8172  lr=1.68e-05
Running Validation...
Ep 380/500  loss=0.0000  tr_acc=1.0000  val_acc=0.8571  val_auroc=0.9365  val_f1=0.8172  lr=1.65e-05
Running Validation...
Ep 381/500  loss=0.0000  tr_acc=1.0000  val_acc=0.8571  val_auroc=0.9368  val_f1=0.8172  lr=1.63e-05
Running Validation...
Ep 382/500  loss=0.0001  tr_acc=1.0000  val_acc=0.8783  val_auroc=0.9391  val_f1=0.8561  lr=1.60e-05
Running Validation...
Ep 383/500  loss=0.0003  tr_acc=1.0000  val_acc=0.8730  val_auroc=0.9330  val_f1=0.8377  lr=1.58e-05
Running Validation...
Ep 384/500  loss=0.0000  tr_acc=1.0000  val_acc=0.8730  val_auroc=0.9324  val_f1=0.8418  lr=1.55e-05
Running Validation...
Ep 385/500  loss=0.0000  tr_acc=1.0000  val_acc=0.8730  val_auroc=0.9326  val_f1=0.8418  lr=1.53e-05
Running Validation...
Ep 386/500  loss=0.0011  tr_acc=0.9992  val_acc=0.8624  val_auroc=0.9375  val_f1=0.8321  lr=1.50e-05
Running Validation...
Ep 387/500  loss=0.0000  tr_acc=1.0000  val_acc=0.8730  val_auroc=0.9360  val_f1=0.8518  lr=1.48e-05
Running Validation...
Ep 388/500  loss=0.0000  tr_acc=1.0000  val_acc=0.8730  val_auroc=0.9360  val_f1=0.8518  lr=1.45e-05
Running Validation...
Ep 389/500  loss=0.0000  tr_acc=1.0000  val_acc=0.8730  val_auroc=0.9360  val_f1=0.8518  lr=1.43e-05
Running Validation...
Ep 390/500  loss=0.0000  tr_acc=1.0000  val_acc=0.8730  val_auroc=0.9358  val_f1=0.8518  lr=1.40e-05
Running Validation...
Ep 391/500  loss=0.0000  tr_acc=1.0000  val_acc=0.8730  val_auroc=0.9358  val_f1=0.8518  lr=1.38e-05
Running Validation...
Ep 392/500  loss=0.0010  tr_acc=0.9992  val_acc=0.8730  val_auroc=0.9376  val_f1=0.8548  lr=1.36e-05
Running Validation...
Ep 393/500  loss=0.0000  tr_acc=1.0000  val_acc=0.8730  val_auroc=0.9368  val_f1=0.8533  lr=1.33e-05
Running Validation...
Ep 394/500  loss=0.0000  tr_acc=1.0000  val_acc=0.8730  val_auroc=0.9371  val_f1=0.8533  lr=1.31e-05
Running Validation...
Ep 395/500  loss=0.0000  tr_acc=1.0000  val_acc=0.8677  val_auroc=0.9378  val_f1=0.8448  lr=1.28e-05
Running Validation...
Ep 396/500  loss=0.0000  tr_acc=1.0000  val_acc=0.8677  val_auroc=0.9380  val_f1=0.8448  lr=1.26e-05
Running Validation...
Ep 397/500  loss=0.0000  tr_acc=1.0000  val_acc=0.8677  val_auroc=0.9380  val_f1=0.8448  lr=1.24e-05
Running Validation...
Ep 398/500  loss=0.0000  tr_acc=1.0000  val_acc=0.8677  val_auroc=0.9381  val_f1=0.8448  lr=1.22e-05
Running Validation...
Ep 399/500  loss=0.0000  tr_acc=1.0000  val_acc=0.8677  val_auroc=0.9381  val_f1=0.8448  lr=1.19e-05
Running Validation...
Ep 400/500  loss=0.0000  tr_acc=1.0000  val_acc=0.8677  val_auroc=0.9379  val_f1=0.8448  lr=1.17e-05
Running Validation...
Ep 401/500  loss=0.0000  tr_acc=1.0000  val_acc=0.8677  val_auroc=0.9380  val_f1=0.8448  lr=1.15e-05
Running Validation...
Ep 402/500  loss=0.0000  tr_acc=1.0000  val_acc=0.8677  val_auroc=0.9378  val_f1=0.8448  lr=1.13e-05
Running Validation...
Ep 403/500  loss=0.0000  tr_acc=1.0000  val_acc=0.8677  val_auroc=0.9377  val_f1=0.8448  lr=1.10e-05
Running Validation...
Ep 404/500  loss=0.0000  tr_acc=1.0000  val_acc=0.8730  val_auroc=0.9377  val_f1=0.8491  lr=1.08e-05
Running Validation...
Ep 405/500  loss=0.0000  tr_acc=1.0000  val_acc=0.8730  val_auroc=0.9378  val_f1=0.8491  lr=1.06e-05
Running Validation...
Ep 406/500  loss=0.0000  tr_acc=1.0000  val_acc=0.8624  val_auroc=0.9376  val_f1=0.8344  lr=1.04e-05
Running Validation...
Ep 407/500  loss=0.0020  tr_acc=0.9992  val_acc=0.8677  val_auroc=0.9419  val_f1=0.8476  lr=1.02e-05
Running Validation...
Ep 408/500  loss=0.0008  tr_acc=0.9992  val_acc=0.8624  val_auroc=0.9327  val_f1=0.8359  lr=9.96e-06
Running Validation...
Ep 409/500  loss=0.0000  tr_acc=1.0000  val_acc=0.8624  val_auroc=0.9328  val_f1=0.8359  lr=9.76e-06
Running Validation...
Ep 410/500  loss=0.0000  tr_acc=1.0000  val_acc=0.8624  val_auroc=0.9327  val_f1=0.8359  lr=9.55e-06
Running Validation...
Ep 411/500  loss=0.0000  tr_acc=1.0000  val_acc=0.8677  val_auroc=0.9309  val_f1=0.8402  lr=9.34e-06
Running Validation...
Ep 412/500  loss=0.0000  tr_acc=1.0000  val_acc=0.8677  val_auroc=0.9313  val_f1=0.8387  lr=9.14e-06
Running Validation...
Ep 413/500  loss=0.0000  tr_acc=1.0000  val_acc=0.8677  val_auroc=0.9299  val_f1=0.8387  lr=8.94e-06
Running Validation...
Ep 414/500  loss=0.0000  tr_acc=1.0000  val_acc=0.8571  val_auroc=0.9301  val_f1=0.8185  lr=8.74e-06
Running Validation...
Ep 415/500  loss=0.0000  tr_acc=1.0000  val_acc=0.8571  val_auroc=0.9302  val_f1=0.8185  lr=8.55e-06
Running Validation...
Ep 416/500  loss=0.0000  tr_acc=1.0000  val_acc=0.8571  val_auroc=0.9304  val_f1=0.8185  lr=8.35e-06
Running Validation...
Ep 417/500  loss=0.0000  tr_acc=1.0000  val_acc=0.8677  val_auroc=0.9322  val_f1=0.8387  lr=8.16e-06
Running Validation...
Ep 418/500  loss=0.0000  tr_acc=1.0000  val_acc=0.8624  val_auroc=0.9327  val_f1=0.8344  lr=7.97e-06
Running Validation...
Ep 419/500  loss=0.0000  tr_acc=1.0000  val_acc=0.8677  val_auroc=0.9330  val_f1=0.8329  lr=7.78e-06
Running Validation...
Ep 420/500  loss=0.0000  tr_acc=1.0000  val_acc=0.8677  val_auroc=0.9331  val_f1=0.8329  lr=7.60e-06
Running Validation...
Ep 421/500  loss=0.0000  tr_acc=1.0000  val_acc=0.8677  val_auroc=0.9331  val_f1=0.8329  lr=7.41e-06
Running Validation...
Ep 422/500  loss=0.0002  tr_acc=1.0000  val_acc=0.8624  val_auroc=0.9321  val_f1=0.8389  lr=7.23e-06
Running Validation...
Ep 423/500  loss=0.0002  tr_acc=1.0000  val_acc=0.8677  val_auroc=0.9308  val_f1=0.8329  lr=7.05e-06
Running Validation...
Ep 424/500  loss=0.0000  tr_acc=1.0000  val_acc=0.8677  val_auroc=0.9310  val_f1=0.8329  lr=6.87e-06
Running Validation...
Ep 425/500  loss=0.0000  tr_acc=1.0000  val_acc=0.8677  val_auroc=0.9305  val_f1=0.8329  lr=6.70e-06
Running Validation...
Ep 426/500  loss=0.0000  tr_acc=1.0000  val_acc=0.8677  val_auroc=0.9306  val_f1=0.8329  lr=6.53e-06
Running Validation...
Ep 427/500  loss=0.0000  tr_acc=1.0000  val_acc=0.8677  val_auroc=0.9305  val_f1=0.8329  lr=6.35e-06
Running Validation...
Ep 428/500  loss=0.0000  tr_acc=1.0000  val_acc=0.8677  val_auroc=0.9305  val_f1=0.8329  lr=6.18e-06
Running Validation...
Ep 429/500  loss=0.0000  tr_acc=1.0000  val_acc=0.8677  val_auroc=0.9305  val_f1=0.8329  lr=6.02e-06
Running Validation...
Ep 430/500  loss=0.0000  tr_acc=1.0000  val_acc=0.8677  val_auroc=0.9306  val_f1=0.8329  lr=5.85e-06
Running Validation...
Ep 431/500  loss=0.0000  tr_acc=1.0000  val_acc=0.8730  val_auroc=0.9287  val_f1=0.8446  lr=5.69e-06
Running Validation...
Ep 432/500  loss=0.0000  tr_acc=1.0000  val_acc=0.8730  val_auroc=0.9287  val_f1=0.8446  lr=5.53e-06
Running Validation...
Ep 433/500  loss=0.0000  tr_acc=1.0000  val_acc=0.8730  val_auroc=0.9294  val_f1=0.8446  lr=5.37e-06
Running Validation...
Ep 434/500  loss=0.0000  tr_acc=1.0000  val_acc=0.8730  val_auroc=0.9294  val_f1=0.8446  lr=5.21e-06
Running Validation...
Ep 435/500  loss=0.0000  tr_acc=1.0000  val_acc=0.8730  val_auroc=0.9295  val_f1=0.8446  lr=5.06e-06
Running Validation...
Ep 436/500  loss=0.0000  tr_acc=1.0000  val_acc=0.8730  val_auroc=0.9292  val_f1=0.8446  lr=4.91e-06
Running Validation...
Ep 437/500  loss=0.0000  tr_acc=1.0000  val_acc=0.8730  val_auroc=0.9297  val_f1=0.8446  lr=4.76e-06
Running Validation...
Ep 438/500  loss=0.0000  tr_acc=1.0000  val_acc=0.8730  val_auroc=0.9296  val_f1=0.8446  lr=4.61e-06
Running Validation...
Ep 439/500  loss=0.0000  tr_acc=1.0000  val_acc=0.8730  val_auroc=0.9298  val_f1=0.8446  lr=4.47e-06
Running Validation...
Ep 440/500  loss=0.0000  tr_acc=1.0000  val_acc=0.8783  val_auroc=0.9300  val_f1=0.8490  lr=4.32e-06
Running Validation...
Ep 441/500  loss=0.0000  tr_acc=1.0000  val_acc=0.8783  val_auroc=0.9300  val_f1=0.8490  lr=4.18e-06
Running Validation...
Ep 442/500  loss=0.0000  tr_acc=1.0000  val_acc=0.8783  val_auroc=0.9300  val_f1=0.8490  lr=4.04e-06
Running Validation...
Ep 443/500  loss=0.0000  tr_acc=1.0000  val_acc=0.8783  val_auroc=0.9299  val_f1=0.8490  lr=3.91e-06
Running Validation...
Ep 444/500  loss=0.0000  tr_acc=1.0000  val_acc=0.8783  val_auroc=0.9299  val_f1=0.8490  lr=3.77e-06
Running Validation...
Ep 445/500  loss=0.0000  tr_acc=1.0000  val_acc=0.8783  val_auroc=0.9299  val_f1=0.8490  lr=3.64e-06
Running Validation...
Ep 446/500  loss=0.0000  tr_acc=1.0000  val_acc=0.8783  val_auroc=0.9299  val_f1=0.8490  lr=3.51e-06
Running Validation...
Ep 447/500  loss=0.0000  tr_acc=1.0000  val_acc=0.8783  val_auroc=0.9299  val_f1=0.8490  lr=3.38e-06
Running Validation...
Ep 448/500  loss=0.0000  tr_acc=1.0000  val_acc=0.8783  val_auroc=0.9299  val_f1=0.8490  lr=3.26e-06
Running Validation...
Ep 449/500  loss=0.0000  tr_acc=1.0000  val_acc=0.8783  val_auroc=0.9299  val_f1=0.8490  lr=3.14e-06
Running Validation...
Ep 450/500  loss=0.0000  tr_acc=1.0000  val_acc=0.8783  val_auroc=0.9299  val_f1=0.8490  lr=3.02e-06
Running Validation...
Ep 451/500  loss=0.0001  tr_acc=1.0000  val_acc=0.8783  val_auroc=0.9305  val_f1=0.8490  lr=2.90e-06
Running Validation...
Ep 452/500  loss=0.0000  tr_acc=1.0000  val_acc=0.8730  val_auroc=0.9330  val_f1=0.8377  lr=2.78e-06
Running Validation...
Ep 453/500  loss=0.0000  tr_acc=1.0000  val_acc=0.8730  val_auroc=0.9329  val_f1=0.8377  lr=2.67e-06
Running Validation...
Ep 454/500  loss=0.0000  tr_acc=1.0000  val_acc=0.8730  val_auroc=0.9339  val_f1=0.8377  lr=2.56e-06
Running Validation...
Ep 455/500  loss=0.0000  tr_acc=1.0000  val_acc=0.8730  val_auroc=0.9339  val_f1=0.8377  lr=2.45e-06
Running Validation...
Ep 456/500  loss=0.0000  tr_acc=1.0000  val_acc=0.8730  val_auroc=0.9327  val_f1=0.8377  lr=2.34e-06
Running Validation...
Ep 457/500  loss=0.0000  tr_acc=1.0000  val_acc=0.8730  val_auroc=0.9327  val_f1=0.8377  lr=2.24e-06
Running Validation...
Ep 458/500  loss=0.0000  tr_acc=1.0000  val_acc=0.8730  val_auroc=0.9327  val_f1=0.8377  lr=2.13e-06
Running Validation...
Ep 459/500  loss=0.0000  tr_acc=1.0000  val_acc=0.8730  val_auroc=0.9325  val_f1=0.8377  lr=2.03e-06
Running Validation...
Ep 460/500  loss=0.0000  tr_acc=1.0000  val_acc=0.8730  val_auroc=0.9325  val_f1=0.8377  lr=1.94e-06
Running Validation...
Ep 461/500  loss=0.0000  tr_acc=1.0000  val_acc=0.8730  val_auroc=0.9326  val_f1=0.8377  lr=1.84e-06
Running Validation...
Ep 462/500  loss=0.0000  tr_acc=1.0000  val_acc=0.8730  val_auroc=0.9326  val_f1=0.8377  lr=1.75e-06
Running Validation...
Ep 463/500  loss=0.0000  tr_acc=1.0000  val_acc=0.8730  val_auroc=0.9326  val_f1=0.8377  lr=1.66e-06
Running Validation...
Ep 464/500  loss=0.0033  tr_acc=0.9992  val_acc=0.8783  val_auroc=0.9314  val_f1=0.8490  lr=1.57e-06
Running Validation...
Ep 465/500  loss=0.0000  tr_acc=1.0000  val_acc=0.8783  val_auroc=0.9309  val_f1=0.8490  lr=1.49e-06
Running Validation...
Ep 466/500  loss=0.0000  tr_acc=1.0000  val_acc=0.8783  val_auroc=0.9309  val_f1=0.8490  lr=1.40e-06
Running Validation...
Ep 467/500  loss=0.0000  tr_acc=1.0000  val_acc=0.8783  val_auroc=0.9309  val_f1=0.8490  lr=1.32e-06
Running Validation...
Ep 468/500  loss=0.0000  tr_acc=1.0000  val_acc=0.8783  val_auroc=0.9310  val_f1=0.8490  lr=1.24e-06
Running Validation...
Ep 469/500  loss=0.0000  tr_acc=1.0000  val_acc=0.8783  val_auroc=0.9310  val_f1=0.8490  lr=1.17e-06
Running Validation...
Ep 470/500  loss=0.0000  tr_acc=1.0000  val_acc=0.8783  val_auroc=0.9310  val_f1=0.8490  lr=1.09e-06
Running Validation...
Ep 471/500  loss=0.0000  tr_acc=1.0000  val_acc=0.8783  val_auroc=0.9310  val_f1=0.8490  lr=1.02e-06
Running Validation...
Ep 472/500  loss=0.0000  tr_acc=1.0000  val_acc=0.8783  val_auroc=0.9310  val_f1=0.8490  lr=1.00e-06
Running Validation...
Ep 473/500  loss=0.0000  tr_acc=1.0000  val_acc=0.8783  val_auroc=0.9310  val_f1=0.8490  lr=1.00e-06
Running Validation...
Ep 474/500  loss=0.0000  tr_acc=1.0000  val_acc=0.8783  val_auroc=0.9310  val_f1=0.8490  lr=1.00e-06
Running Validation...
Ep 475/500  loss=0.0000  tr_acc=1.0000  val_acc=0.8783  val_auroc=0.9310  val_f1=0.8490  lr=1.00e-06
Running Validation...
Ep 476/500  loss=0.0000  tr_acc=1.0000  val_acc=0.8783  val_auroc=0.9310  val_f1=0.8490  lr=1.00e-06
Running Validation...
Ep 477/500  loss=0.0000  tr_acc=1.0000  val_acc=0.8783  val_auroc=0.9310  val_f1=0.8490  lr=1.00e-06
Running Validation...
Ep 478/500  loss=0.0000  tr_acc=1.0000  val_acc=0.8783  val_auroc=0.9310  val_f1=0.8490  lr=1.00e-06
Running Validation...
Ep 479/500  loss=0.0000  tr_acc=1.0000  val_acc=0.8783  val_auroc=0.9310  val_f1=0.8490  lr=1.00e-06
Running Validation...
Ep 480/500  loss=0.0000  tr_acc=1.0000  val_acc=0.8783  val_auroc=0.9310  val_f1=0.8490  lr=1.00e-06
Running Validation...
Ep 481/500  loss=0.0000  tr_acc=1.0000  val_acc=0.8783  val_auroc=0.9310  val_f1=0.8490  lr=1.00e-06
Running Validation...
Ep 482/500  loss=0.0000  tr_acc=1.0000  val_acc=0.8783  val_auroc=0.9310  val_f1=0.8490  lr=1.00e-06
Running Validation...
Ep 483/500  loss=0.0000  tr_acc=1.0000  val_acc=0.8783  val_auroc=0.9311  val_f1=0.8490  lr=1.00e-06
Running Validation...
Ep 484/500  loss=0.0000  tr_acc=1.0000  val_acc=0.8783  val_auroc=0.9312  val_f1=0.8490  lr=1.00e-06
Running Validation...
Ep 485/500  loss=0.0000  tr_acc=1.0000  val_acc=0.8783  val_auroc=0.9312  val_f1=0.8490  lr=1.00e-06
Running Validation...
Ep 486/500  loss=0.0001  tr_acc=1.0000  val_acc=0.8783  val_auroc=0.9299  val_f1=0.8490  lr=1.00e-06
Running Validation...
Ep 487/500  loss=0.0000  tr_acc=1.0000  val_acc=0.8783  val_auroc=0.9299  val_f1=0.8490  lr=1.00e-06
Running Validation...
Ep 488/500  loss=0.0000  tr_acc=1.0000  val_acc=0.8783  val_auroc=0.9299  val_f1=0.8490  lr=1.00e-06
Running Validation...
Ep 489/500  loss=0.0000  tr_acc=1.0000  val_acc=0.8783  val_auroc=0.9304  val_f1=0.8490  lr=1.00e-06
Running Validation...
Ep 490/500  loss=0.0000  tr_acc=1.0000  val_acc=0.8783  val_auroc=0.9304  val_f1=0.8490  lr=1.00e-06
Running Validation...
Ep 491/500  loss=0.0000  tr_acc=1.0000  val_acc=0.8783  val_auroc=0.9305  val_f1=0.8490  lr=1.00e-06
Running Validation...
Ep 492/500  loss=0.0000  tr_acc=1.0000  val_acc=0.8783  val_auroc=0.9306  val_f1=0.8490  lr=1.00e-06
Running Validation...
Ep 493/500  loss=0.0000  tr_acc=1.0000  val_acc=0.8783  val_auroc=0.9306  val_f1=0.8490  lr=1.00e-06
Running Validation...
Ep 494/500  loss=0.0000  tr_acc=1.0000  val_acc=0.8783  val_auroc=0.9306  val_f1=0.8490  lr=1.00e-06
Running Validation...
Ep 495/500  loss=0.0000  tr_acc=1.0000  val_acc=0.8783  val_auroc=0.9306  val_f1=0.8490  lr=1.00e-06
Running Validation...
Ep 496/500  loss=0.0000  tr_acc=1.0000  val_acc=0.8783  val_auroc=0.9308  val_f1=0.8490  lr=1.00e-06
Running Validation...
Ep 497/500  loss=0.0000  tr_acc=1.0000  val_acc=0.8783  val_auroc=0.9308  val_f1=0.8490  lr=1.00e-06
Running Validation...
Ep 498/500  loss=0.0000  tr_acc=1.0000  val_acc=0.8783  val_auroc=0.9307  val_f1=0.8490  lr=1.00e-06
Running Validation...
Ep 499/500  loss=0.0000  tr_acc=1.0000  val_acc=0.8783  val_auroc=0.9308  val_f1=0.8490  lr=1.00e-06
Running Validation...
Ep 500/500  loss=0.0000  tr_acc=1.0000  val_acc=0.8783  val_auroc=0.9308  val_f1=0.8490  lr=1.00e-06
Training complete. Best AUROC: 0.9634, Best F1: 0.8894
Loaded best model from best_f1_model.pt (epoch 193)
Running Validation (final)...

Binary fairness (Validation):
  Acc_light: 0.9193  (FST I–III)
  Acc_dark : 0.8667  (FST IV–VI)
  Acc_gap  : 0.0526
  DP_diff  : 0.0872
  EOpp0    : 0.0749
  EOpp1    : 0.0825
  EOdd     : 0.0787
Running Test...

[Baseline ViT] Test KNN (k=5) accuracy: 0.9130

Binary fairness (Test):
  Acc_light: 0.9318  (FST I–III)
  Acc_dark : 0.8627  (FST IV–VI)
  Acc_gap  : 0.0691
  DP_diff  : 0.1483
  EOpp0    : 0.1540
  EOpp1    : 0.1215
  EOdd     : 0.1377

Evaluating on fitzpatrick17k
Running Cross-eval: fitzpatrick17k...

Binary fairness (fitzpatrick17k):
  Acc_light: 0.5313  (FST I–III)
  Acc_dark : 0.4697  (FST IV–VI)
  Acc_gap  : 0.0616
  DP_diff  : 0.0437
  EOpp0    : 0.0560
  EOpp1    : 0.0487
  EOdd     : 0.0524

Evaluating on padufes20
Running Cross-eval: padufes20...

Binary fairness (padufes20):
  Acc_light: 0.8495  (FST I–III)
  Acc_dark : 0.6429  (FST IV–VI)
  Acc_gap  : 0.2066
  DP_diff  : 0.1327
  EOpp0    : 0.1076
  EOpp1    : 0.0580
  EOdd     : 0.0828

Evaluating on isic2019
Running Cross-eval: isic2019...

Binary fairness (isic2019):
  Acc_light: nan  (FST I–III)
  Acc_dark : nan  (FST IV–VI)
  Acc_gap  : nan
  DP_diff  : nan
  EOpp0    : nan
  EOpp1    : nan
  EOdd     : nan

Cross-dataset summary:
                 accuracy     auroc  precision  ...       EOM       PQD       DPM
fitzpatrick17k  0.518819  0.758183   0.579458  ...  0.634800  0.720454  0.661223
padufes20       0.752848  0.840351   0.628022  ...  0.535428  0.605263  0.246746
isic2019        0.758632  0.866155   0.698984  ...       NaN       NaN       NaN

[3 rows x 10 columns]

All results saved to outputs_BASE_vit/results_BASE_vit
Checkpoints saved to outputs_BASE_vit/checkpoints_BASE_vit
=========================================
Finished: Wed Jun 24 04:35:29 PM CEST 2026
Exit code: 0

[DONE] Training completed successfully.
Outputs:
  Checkpoints → 20260623-process/outputs_BASE_vit/checkpoints/
  Results     → 20260623-process/outputs_BASE_vit/results/
  CSVs        → 20260623-process/outputs_BASE_vit/csvs/
